[2026-07-01T11:58:38.282+0000] {processor.py:161} INFO - Started process (PID=118) to work on /home/airflow/.local/lib/python3.8/site-packages/airflow/example_dags/example_xcomargs.py
[2026-07-01T11:58:38.290+0000] {processor.py:830} INFO - Processing file /home/airflow/.local/lib/python3.8/site-packages/airflow/example_dags/example_xcomargs.py for tasks to queue
[2026-07-01T11:58:38.302+0000] {logging_mixin.py:188} INFO - [2026-07-01T11:58:38.299+0000] {dagbag.py:538} INFO - Filling up the DagBag from /home/airflow/.local/lib/python3.8/site-packages/airflow/example_dags/example_xcomargs.py
[2026-07-01T11:58:38.381+0000] {processor.py:840} INFO - DAG(s) 'example_xcom_args', 'example_xcom_args_with_operators' retrieved from /home/airflow/.local/lib/python3.8/site-packages/airflow/example_dags/example_xcomargs.py
[2026-07-01T11:58:38.858+0000] {logging_mixin.py:188} INFO - [2026-07-01T11:58:38.857+0000] {dag.py:3036} INFO - Sync 2 DAGs
[2026-07-01T11:58:38.904+0000] {logging_mixin.py:188} INFO - [2026-07-01T11:58:38.903+0000] {dag.py:3823} INFO - Setting next_dagrun for example_xcom_args to None, run_after=None
[2026-07-01T11:58:38.920+0000] {logging_mixin.py:188} INFO - [2026-07-01T11:58:38.920+0000] {dag.py:3823} INFO - Setting next_dagrun for example_xcom_args_with_operators to None, run_after=None
[2026-07-01T11:58:39.001+0000] {processor.py:183} INFO - Processing /home/airflow/.local/lib/python3.8/site-packages/airflow/example_dags/example_xcomargs.py took 0.739 seconds
[2026-07-01T11:59:09.547+0000] {processor.py:161} INFO - Started process (PID=173) to work on /home/airflow/.local/lib/python3.8/site-packages/airflow/example_dags/example_xcomargs.py
[2026-07-01T11:59:09.559+0000] {processor.py:830} INFO - Processing file /home/airflow/.local/lib/python3.8/site-packages/airflow/example_dags/example_xcomargs.py for tasks to queue
[2026-07-01T11:59:09.598+0000] {logging_mixin.py:188} INFO - [2026-07-01T11:59:09.597+0000] {dagbag.py:538} INFO - Filling up the DagBag from /home/airflow/.local/lib/python3.8/site-packages/airflow/example_dags/example_xcomargs.py
[2026-07-01T11:59:09.727+0000] {processor.py:840} INFO - DAG(s) 'example_xcom_args_with_operators', 'example_xcom_args' retrieved from /home/airflow/.local/lib/python3.8/site-packages/airflow/example_dags/example_xcomargs.py
[2026-07-01T11:59:09.929+0000] {logging_mixin.py:188} INFO - [2026-07-01T11:59:09.928+0000] {dag.py:3036} INFO - Sync 2 DAGs
[2026-07-01T11:59:10.040+0000] {logging_mixin.py:188} INFO - [2026-07-01T11:59:10.040+0000] {dag.py:3823} INFO - Setting next_dagrun for example_xcom_args to None, run_after=None
[2026-07-01T11:59:10.067+0000] {logging_mixin.py:188} INFO - [2026-07-01T11:59:10.066+0000] {dag.py:3823} INFO - Setting next_dagrun for example_xcom_args_with_operators to None, run_after=None
[2026-07-01T11:59:10.226+0000] {processor.py:183} INFO - Processing /home/airflow/.local/lib/python3.8/site-packages/airflow/example_dags/example_xcomargs.py took 0.724 seconds
[2026-07-01T11:59:40.813+0000] {processor.py:161} INFO - Started process (PID=228) to work on /home/airflow/.local/lib/python3.8/site-packages/airflow/example_dags/example_xcomargs.py
[2026-07-01T11:59:40.816+0000] {processor.py:830} INFO - Processing file /home/airflow/.local/lib/python3.8/site-packages/airflow/example_dags/example_xcomargs.py for tasks to queue
[2026-07-01T11:59:40.822+0000] {logging_mixin.py:188} INFO - [2026-07-01T11:59:40.821+0000] {dagbag.py:538} INFO - Filling up the DagBag from /home/airflow/.local/lib/python3.8/site-packages/airflow/example_dags/example_xcomargs.py
[2026-07-01T11:59:40.848+0000] {processor.py:840} INFO - DAG(s) 'example_xcom_args_with_operators', 'example_xcom_args' retrieved from /home/airflow/.local/lib/python3.8/site-packages/airflow/example_dags/example_xcomargs.py
[2026-07-01T11:59:40.944+0000] {logging_mixin.py:188} INFO - [2026-07-01T11:59:40.943+0000] {dag.py:3036} INFO - Sync 2 DAGs
[2026-07-01T11:59:40.997+0000] {logging_mixin.py:188} INFO - [2026-07-01T11:59:40.996+0000] {dag.py:3823} INFO - Setting next_dagrun for example_xcom_args to None, run_after=None
[2026-07-01T11:59:41.010+0000] {logging_mixin.py:188} INFO - [2026-07-01T11:59:41.010+0000] {dag.py:3823} INFO - Setting next_dagrun for example_xcom_args_with_operators to None, run_after=None
[2026-07-01T11:59:41.069+0000] {processor.py:183} INFO - Processing /home/airflow/.local/lib/python3.8/site-packages/airflow/example_dags/example_xcomargs.py took 0.263 seconds
[2026-07-01T12:00:11.202+0000] {processor.py:161} INFO - Started process (PID=283) to work on /home/airflow/.local/lib/python3.8/site-packages/airflow/example_dags/example_xcomargs.py
[2026-07-01T12:00:11.206+0000] {processor.py:830} INFO - Processing file /home/airflow/.local/lib/python3.8/site-packages/airflow/example_dags/example_xcomargs.py for tasks to queue
[2026-07-01T12:00:11.213+0000] {logging_mixin.py:188} INFO - [2026-07-01T12:00:11.212+0000] {dagbag.py:538} INFO - Filling up the DagBag from /home/airflow/.local/lib/python3.8/site-packages/airflow/example_dags/example_xcomargs.py
[2026-07-01T12:00:11.234+0000] {processor.py:840} INFO - DAG(s) 'example_xcom_args_with_operators', 'example_xcom_args' retrieved from /home/airflow/.local/lib/python3.8/site-packages/airflow/example_dags/example_xcomargs.py
[2026-07-01T12:00:11.266+0000] {logging_mixin.py:188} INFO - [2026-07-01T12:00:11.266+0000] {dag.py:3036} INFO - Sync 2 DAGs
[2026-07-01T12:00:11.300+0000] {logging_mixin.py:188} INFO - [2026-07-01T12:00:11.300+0000] {dag.py:3823} INFO - Setting next_dagrun for example_xcom_args to None, run_after=None
[2026-07-01T12:00:11.315+0000] {logging_mixin.py:188} INFO - [2026-07-01T12:00:11.314+0000] {dag.py:3823} INFO - Setting next_dagrun for example_xcom_args_with_operators to None, run_after=None
[2026-07-01T12:00:11.374+0000] {processor.py:183} INFO - Processing /home/airflow/.local/lib/python3.8/site-packages/airflow/example_dags/example_xcomargs.py took 0.180 seconds
[2026-07-01T12:00:41.695+0000] {processor.py:161} INFO - Started process (PID=338) to work on /home/airflow/.local/lib/python3.8/site-packages/airflow/example_dags/example_xcomargs.py
[2026-07-01T12:00:41.698+0000] {processor.py:830} INFO - Processing file /home/airflow/.local/lib/python3.8/site-packages/airflow/example_dags/example_xcomargs.py for tasks to queue
[2026-07-01T12:00:41.704+0000] {logging_mixin.py:188} INFO - [2026-07-01T12:00:41.704+0000] {dagbag.py:538} INFO - Filling up the DagBag from /home/airflow/.local/lib/python3.8/site-packages/airflow/example_dags/example_xcomargs.py
[2026-07-01T12:00:41.728+0000] {processor.py:840} INFO - DAG(s) 'example_xcom_args_with_operators', 'example_xcom_args' retrieved from /home/airflow/.local/lib/python3.8/site-packages/airflow/example_dags/example_xcomargs.py
[2026-07-01T12:00:42.027+0000] {logging_mixin.py:188} INFO - [2026-07-01T12:00:42.027+0000] {dag.py:3036} INFO - Sync 2 DAGs
[2026-07-01T12:00:42.059+0000] {logging_mixin.py:188} INFO - [2026-07-01T12:00:42.059+0000] {dag.py:3823} INFO - Setting next_dagrun for example_xcom_args to None, run_after=None
[2026-07-01T12:00:42.070+0000] {logging_mixin.py:188} INFO - [2026-07-01T12:00:42.069+0000] {dag.py:3823} INFO - Setting next_dagrun for example_xcom_args_with_operators to None, run_after=None
[2026-07-01T12:00:42.123+0000] {processor.py:183} INFO - Processing /home/airflow/.local/lib/python3.8/site-packages/airflow/example_dags/example_xcomargs.py took 0.437 seconds
[2026-07-01T12:01:12.788+0000] {processor.py:161} INFO - Started process (PID=393) to work on /home/airflow/.local/lib/python3.8/site-packages/airflow/example_dags/example_xcomargs.py
[2026-07-01T12:01:12.791+0000] {processor.py:830} INFO - Processing file /home/airflow/.local/lib/python3.8/site-packages/airflow/example_dags/example_xcomargs.py for tasks to queue
[2026-07-01T12:01:12.797+0000] {logging_mixin.py:188} INFO - [2026-07-01T12:01:12.796+0000] {dagbag.py:538} INFO - Filling up the DagBag from /home/airflow/.local/lib/python3.8/site-packages/airflow/example_dags/example_xcomargs.py
[2026-07-01T12:01:12.817+0000] {processor.py:840} INFO - DAG(s) 'example_xcom_args_with_operators', 'example_xcom_args' retrieved from /home/airflow/.local/lib/python3.8/site-packages/airflow/example_dags/example_xcomargs.py
[2026-07-01T12:01:12.880+0000] {logging_mixin.py:188} INFO - [2026-07-01T12:01:12.880+0000] {dag.py:3036} INFO - Sync 2 DAGs
[2026-07-01T12:01:12.914+0000] {logging_mixin.py:188} INFO - [2026-07-01T12:01:12.914+0000] {dag.py:3823} INFO - Setting next_dagrun for example_xcom_args to None, run_after=None
[2026-07-01T12:01:12.923+0000] {logging_mixin.py:188} INFO - [2026-07-01T12:01:12.923+0000] {dag.py:3823} INFO - Setting next_dagrun for example_xcom_args_with_operators to None, run_after=None
[2026-07-01T12:01:12.966+0000] {processor.py:183} INFO - Processing /home/airflow/.local/lib/python3.8/site-packages/airflow/example_dags/example_xcomargs.py took 0.186 seconds
[2026-07-01T12:01:43.466+0000] {processor.py:161} INFO - Started process (PID=448) to work on /home/airflow/.local/lib/python3.8/site-packages/airflow/example_dags/example_xcomargs.py
[2026-07-01T12:01:43.471+0000] {processor.py:830} INFO - Processing file /home/airflow/.local/lib/python3.8/site-packages/airflow/example_dags/example_xcomargs.py for tasks to queue
[2026-07-01T12:01:43.487+0000] {logging_mixin.py:188} INFO - [2026-07-01T12:01:43.486+0000] {dagbag.py:538} INFO - Filling up the DagBag from /home/airflow/.local/lib/python3.8/site-packages/airflow/example_dags/example_xcomargs.py
[2026-07-01T12:01:43.547+0000] {processor.py:840} INFO - DAG(s) 'example_xcom_args_with_operators', 'example_xcom_args' retrieved from /home/airflow/.local/lib/python3.8/site-packages/airflow/example_dags/example_xcomargs.py
[2026-07-01T12:01:43.651+0000] {logging_mixin.py:188} INFO - [2026-07-01T12:01:43.650+0000] {dag.py:3036} INFO - Sync 2 DAGs
[2026-07-01T12:01:43.700+0000] {logging_mixin.py:188} INFO - [2026-07-01T12:01:43.699+0000] {dag.py:3823} INFO - Setting next_dagrun for example_xcom_args to None, run_after=None
[2026-07-01T12:01:43.712+0000] {logging_mixin.py:188} INFO - [2026-07-01T12:01:43.712+0000] {dag.py:3823} INFO - Setting next_dagrun for example_xcom_args_with_operators to None, run_after=None
[2026-07-01T12:01:43.775+0000] {processor.py:183} INFO - Processing /home/airflow/.local/lib/python3.8/site-packages/airflow/example_dags/example_xcomargs.py took 0.331 seconds
[2026-07-01T12:02:13.945+0000] {processor.py:161} INFO - Started process (PID=504) to work on /home/airflow/.local/lib/python3.8/site-packages/airflow/example_dags/example_xcomargs.py
[2026-07-01T12:02:13.949+0000] {processor.py:830} INFO - Processing file /home/airflow/.local/lib/python3.8/site-packages/airflow/example_dags/example_xcomargs.py for tasks to queue
[2026-07-01T12:02:13.956+0000] {logging_mixin.py:188} INFO - [2026-07-01T12:02:13.955+0000] {dagbag.py:538} INFO - Filling up the DagBag from /home/airflow/.local/lib/python3.8/site-packages/airflow/example_dags/example_xcomargs.py
[2026-07-01T12:02:13.982+0000] {processor.py:840} INFO - DAG(s) 'example_xcom_args', 'example_xcom_args_with_operators' retrieved from /home/airflow/.local/lib/python3.8/site-packages/airflow/example_dags/example_xcomargs.py
[2026-07-01T12:02:14.051+0000] {logging_mixin.py:188} INFO - [2026-07-01T12:02:14.049+0000] {dag.py:3036} INFO - Sync 2 DAGs
[2026-07-01T12:02:14.094+0000] {logging_mixin.py:188} INFO - [2026-07-01T12:02:14.094+0000] {dag.py:3823} INFO - Setting next_dagrun for example_xcom_args to None, run_after=None
[2026-07-01T12:02:14.106+0000] {logging_mixin.py:188} INFO - [2026-07-01T12:02:14.105+0000] {dag.py:3823} INFO - Setting next_dagrun for example_xcom_args_with_operators to None, run_after=None
[2026-07-01T12:02:14.162+0000] {processor.py:183} INFO - Processing /home/airflow/.local/lib/python3.8/site-packages/airflow/example_dags/example_xcomargs.py took 0.227 seconds
[2026-07-01T12:02:44.752+0000] {processor.py:161} INFO - Started process (PID=560) to work on /home/airflow/.local/lib/python3.8/site-packages/airflow/example_dags/example_xcomargs.py
[2026-07-01T12:02:44.761+0000] {processor.py:830} INFO - Processing file /home/airflow/.local/lib/python3.8/site-packages/airflow/example_dags/example_xcomargs.py for tasks to queue
[2026-07-01T12:02:44.769+0000] {logging_mixin.py:188} INFO - [2026-07-01T12:02:44.768+0000] {dagbag.py:538} INFO - Filling up the DagBag from /home/airflow/.local/lib/python3.8/site-packages/airflow/example_dags/example_xcomargs.py
[2026-07-01T12:02:44.823+0000] {processor.py:840} INFO - DAG(s) 'example_xcom_args_with_operators', 'example_xcom_args' retrieved from /home/airflow/.local/lib/python3.8/site-packages/airflow/example_dags/example_xcomargs.py
[2026-07-01T12:02:44.979+0000] {logging_mixin.py:188} INFO - [2026-07-01T12:02:44.978+0000] {dag.py:3036} INFO - Sync 2 DAGs
[2026-07-01T12:02:45.064+0000] {logging_mixin.py:188} INFO - [2026-07-01T12:02:45.064+0000] {dag.py:3823} INFO - Setting next_dagrun for example_xcom_args to None, run_after=None
[2026-07-01T12:02:45.078+0000] {logging_mixin.py:188} INFO - [2026-07-01T12:02:45.077+0000] {dag.py:3823} INFO - Setting next_dagrun for example_xcom_args_with_operators to None, run_after=None
[2026-07-01T12:02:45.142+0000] {processor.py:183} INFO - Processing /home/airflow/.local/lib/python3.8/site-packages/airflow/example_dags/example_xcomargs.py took 0.406 seconds
[2026-07-01T12:03:15.427+0000] {processor.py:161} INFO - Started process (PID=615) to work on /home/airflow/.local/lib/python3.8/site-packages/airflow/example_dags/example_xcomargs.py
[2026-07-01T12:03:15.430+0000] {processor.py:830} INFO - Processing file /home/airflow/.local/lib/python3.8/site-packages/airflow/example_dags/example_xcomargs.py for tasks to queue
[2026-07-01T12:03:15.436+0000] {logging_mixin.py:188} INFO - [2026-07-01T12:03:15.435+0000] {dagbag.py:538} INFO - Filling up the DagBag from /home/airflow/.local/lib/python3.8/site-packages/airflow/example_dags/example_xcomargs.py
[2026-07-01T12:03:15.457+0000] {processor.py:840} INFO - DAG(s) 'example_xcom_args', 'example_xcom_args_with_operators' retrieved from /home/airflow/.local/lib/python3.8/site-packages/airflow/example_dags/example_xcomargs.py
[2026-07-01T12:03:15.518+0000] {logging_mixin.py:188} INFO - [2026-07-01T12:03:15.517+0000] {dag.py:3036} INFO - Sync 2 DAGs
[2026-07-01T12:03:15.551+0000] {logging_mixin.py:188} INFO - [2026-07-01T12:03:15.550+0000] {dag.py:3823} INFO - Setting next_dagrun for example_xcom_args to None, run_after=None
[2026-07-01T12:03:15.560+0000] {logging_mixin.py:188} INFO - [2026-07-01T12:03:15.559+0000] {dag.py:3823} INFO - Setting next_dagrun for example_xcom_args_with_operators to None, run_after=None
[2026-07-01T12:03:15.602+0000] {processor.py:183} INFO - Processing /home/airflow/.local/lib/python3.8/site-packages/airflow/example_dags/example_xcomargs.py took 0.185 seconds
[2026-07-01T12:03:45.840+0000] {processor.py:161} INFO - Started process (PID=671) to work on /home/airflow/.local/lib/python3.8/site-packages/airflow/example_dags/example_xcomargs.py
[2026-07-01T12:03:45.843+0000] {processor.py:830} INFO - Processing file /home/airflow/.local/lib/python3.8/site-packages/airflow/example_dags/example_xcomargs.py for tasks to queue
[2026-07-01T12:03:45.849+0000] {logging_mixin.py:188} INFO - [2026-07-01T12:03:45.848+0000] {dagbag.py:538} INFO - Filling up the DagBag from /home/airflow/.local/lib/python3.8/site-packages/airflow/example_dags/example_xcomargs.py
[2026-07-01T12:03:45.875+0000] {processor.py:840} INFO - DAG(s) 'example_xcom_args', 'example_xcom_args_with_operators' retrieved from /home/airflow/.local/lib/python3.8/site-packages/airflow/example_dags/example_xcomargs.py
[2026-07-01T12:03:45.960+0000] {logging_mixin.py:188} INFO - [2026-07-01T12:03:45.959+0000] {dag.py:3036} INFO - Sync 2 DAGs
[2026-07-01T12:03:46.004+0000] {logging_mixin.py:188} INFO - [2026-07-01T12:03:46.003+0000] {dag.py:3823} INFO - Setting next_dagrun for example_xcom_args to None, run_after=None
[2026-07-01T12:03:46.018+0000] {logging_mixin.py:188} INFO - [2026-07-01T12:03:46.017+0000] {dag.py:3823} INFO - Setting next_dagrun for example_xcom_args_with_operators to None, run_after=None
[2026-07-01T12:03:46.074+0000] {processor.py:183} INFO - Processing /home/airflow/.local/lib/python3.8/site-packages/airflow/example_dags/example_xcomargs.py took 0.243 seconds
[2026-07-01T12:04:16.398+0000] {processor.py:161} INFO - Started process (PID=726) to work on /home/airflow/.local/lib/python3.8/site-packages/airflow/example_dags/example_xcomargs.py
[2026-07-01T12:04:16.418+0000] {processor.py:830} INFO - Processing file /home/airflow/.local/lib/python3.8/site-packages/airflow/example_dags/example_xcomargs.py for tasks to queue
[2026-07-01T12:04:16.431+0000] {logging_mixin.py:188} INFO - [2026-07-01T12:04:16.430+0000] {dagbag.py:538} INFO - Filling up the DagBag from /home/airflow/.local/lib/python3.8/site-packages/airflow/example_dags/example_xcomargs.py
[2026-07-01T12:04:16.476+0000] {processor.py:840} INFO - DAG(s) 'example_xcom_args', 'example_xcom_args_with_operators' retrieved from /home/airflow/.local/lib/python3.8/site-packages/airflow/example_dags/example_xcomargs.py
[2026-07-01T12:04:16.556+0000] {logging_mixin.py:188} INFO - [2026-07-01T12:04:16.555+0000] {dag.py:3036} INFO - Sync 2 DAGs
[2026-07-01T12:04:16.596+0000] {logging_mixin.py:188} INFO - [2026-07-01T12:04:16.596+0000] {dag.py:3823} INFO - Setting next_dagrun for example_xcom_args to None, run_after=None
[2026-07-01T12:04:16.607+0000] {logging_mixin.py:188} INFO - [2026-07-01T12:04:16.607+0000] {dag.py:3823} INFO - Setting next_dagrun for example_xcom_args_with_operators to None, run_after=None
[2026-07-01T12:04:16.686+0000] {processor.py:183} INFO - Processing /home/airflow/.local/lib/python3.8/site-packages/airflow/example_dags/example_xcomargs.py took 0.312 seconds
[2026-07-01T12:04:47.469+0000] {processor.py:161} INFO - Started process (PID=781) to work on /home/airflow/.local/lib/python3.8/site-packages/airflow/example_dags/example_xcomargs.py
[2026-07-01T12:04:47.473+0000] {processor.py:830} INFO - Processing file /home/airflow/.local/lib/python3.8/site-packages/airflow/example_dags/example_xcomargs.py for tasks to queue
[2026-07-01T12:04:47.482+0000] {logging_mixin.py:188} INFO - [2026-07-01T12:04:47.480+0000] {dagbag.py:538} INFO - Filling up the DagBag from /home/airflow/.local/lib/python3.8/site-packages/airflow/example_dags/example_xcomargs.py
[2026-07-01T12:04:47.512+0000] {processor.py:840} INFO - DAG(s) 'example_xcom_args', 'example_xcom_args_with_operators' retrieved from /home/airflow/.local/lib/python3.8/site-packages/airflow/example_dags/example_xcomargs.py
[2026-07-01T12:04:47.586+0000] {logging_mixin.py:188} INFO - [2026-07-01T12:04:47.585+0000] {dag.py:3036} INFO - Sync 2 DAGs
[2026-07-01T12:04:47.627+0000] {logging_mixin.py:188} INFO - [2026-07-01T12:04:47.627+0000] {dag.py:3823} INFO - Setting next_dagrun for example_xcom_args to None, run_after=None
[2026-07-01T12:04:47.639+0000] {logging_mixin.py:188} INFO - [2026-07-01T12:04:47.638+0000] {dag.py:3823} INFO - Setting next_dagrun for example_xcom_args_with_operators to None, run_after=None
[2026-07-01T12:04:47.683+0000] {processor.py:183} INFO - Processing /home/airflow/.local/lib/python3.8/site-packages/airflow/example_dags/example_xcomargs.py took 0.227 seconds
[2026-07-01T12:05:17.867+0000] {processor.py:161} INFO - Started process (PID=834) to work on /home/airflow/.local/lib/python3.8/site-packages/airflow/example_dags/example_xcomargs.py
[2026-07-01T12:05:17.871+0000] {processor.py:830} INFO - Processing file /home/airflow/.local/lib/python3.8/site-packages/airflow/example_dags/example_xcomargs.py for tasks to queue
[2026-07-01T12:05:17.877+0000] {logging_mixin.py:188} INFO - [2026-07-01T12:05:17.877+0000] {dagbag.py:538} INFO - Filling up the DagBag from /home/airflow/.local/lib/python3.8/site-packages/airflow/example_dags/example_xcomargs.py
[2026-07-01T12:05:17.897+0000] {processor.py:840} INFO - DAG(s) 'example_xcom_args_with_operators', 'example_xcom_args' retrieved from /home/airflow/.local/lib/python3.8/site-packages/airflow/example_dags/example_xcomargs.py
[2026-07-01T12:05:17.964+0000] {logging_mixin.py:188} INFO - [2026-07-01T12:05:17.963+0000] {dag.py:3036} INFO - Sync 2 DAGs
[2026-07-01T12:05:18.003+0000] {logging_mixin.py:188} INFO - [2026-07-01T12:05:18.003+0000] {dag.py:3823} INFO - Setting next_dagrun for example_xcom_args to None, run_after=None
[2026-07-01T12:05:18.013+0000] {logging_mixin.py:188} INFO - [2026-07-01T12:05:18.013+0000] {dag.py:3823} INFO - Setting next_dagrun for example_xcom_args_with_operators to None, run_after=None
[2026-07-01T12:05:18.066+0000] {processor.py:183} INFO - Processing /home/airflow/.local/lib/python3.8/site-packages/airflow/example_dags/example_xcomargs.py took 0.208 seconds
[2026-07-01T12:05:48.316+0000] {processor.py:161} INFO - Started process (PID=889) to work on /home/airflow/.local/lib/python3.8/site-packages/airflow/example_dags/example_xcomargs.py
[2026-07-01T12:05:48.319+0000] {processor.py:830} INFO - Processing file /home/airflow/.local/lib/python3.8/site-packages/airflow/example_dags/example_xcomargs.py for tasks to queue
[2026-07-01T12:05:48.324+0000] {logging_mixin.py:188} INFO - [2026-07-01T12:05:48.323+0000] {dagbag.py:538} INFO - Filling up the DagBag from /home/airflow/.local/lib/python3.8/site-packages/airflow/example_dags/example_xcomargs.py
[2026-07-01T12:05:48.343+0000] {processor.py:840} INFO - DAG(s) 'example_xcom_args_with_operators', 'example_xcom_args' retrieved from /home/airflow/.local/lib/python3.8/site-packages/airflow/example_dags/example_xcomargs.py
[2026-07-01T12:05:48.394+0000] {logging_mixin.py:188} INFO - [2026-07-01T12:05:48.393+0000] {dag.py:3036} INFO - Sync 2 DAGs
[2026-07-01T12:05:48.424+0000] {logging_mixin.py:188} INFO - [2026-07-01T12:05:48.423+0000] {dag.py:3823} INFO - Setting next_dagrun for example_xcom_args to None, run_after=None
[2026-07-01T12:05:48.432+0000] {logging_mixin.py:188} INFO - [2026-07-01T12:05:48.431+0000] {dag.py:3823} INFO - Setting next_dagrun for example_xcom_args_with_operators to None, run_after=None
[2026-07-01T12:05:48.471+0000] {processor.py:183} INFO - Processing /home/airflow/.local/lib/python3.8/site-packages/airflow/example_dags/example_xcomargs.py took 0.161 seconds
[2026-07-01T12:06:19.206+0000] {processor.py:161} INFO - Started process (PID=944) to work on /home/airflow/.local/lib/python3.8/site-packages/airflow/example_dags/example_xcomargs.py
[2026-07-01T12:06:19.209+0000] {processor.py:830} INFO - Processing file /home/airflow/.local/lib/python3.8/site-packages/airflow/example_dags/example_xcomargs.py for tasks to queue
[2026-07-01T12:06:19.217+0000] {logging_mixin.py:188} INFO - [2026-07-01T12:06:19.215+0000] {dagbag.py:538} INFO - Filling up the DagBag from /home/airflow/.local/lib/python3.8/site-packages/airflow/example_dags/example_xcomargs.py
[2026-07-01T12:06:19.246+0000] {processor.py:840} INFO - DAG(s) 'example_xcom_args', 'example_xcom_args_with_operators' retrieved from /home/airflow/.local/lib/python3.8/site-packages/airflow/example_dags/example_xcomargs.py
[2026-07-01T12:06:19.322+0000] {logging_mixin.py:188} INFO - [2026-07-01T12:06:19.322+0000] {dag.py:3036} INFO - Sync 2 DAGs
[2026-07-01T12:06:19.364+0000] {logging_mixin.py:188} INFO - [2026-07-01T12:06:19.363+0000] {dag.py:3823} INFO - Setting next_dagrun for example_xcom_args to None, run_after=None
[2026-07-01T12:06:19.377+0000] {logging_mixin.py:188} INFO - [2026-07-01T12:06:19.377+0000] {dag.py:3823} INFO - Setting next_dagrun for example_xcom_args_with_operators to None, run_after=None
[2026-07-01T12:06:19.430+0000] {processor.py:183} INFO - Processing /home/airflow/.local/lib/python3.8/site-packages/airflow/example_dags/example_xcomargs.py took 0.234 seconds
[2026-07-01T12:06:49.757+0000] {processor.py:161} INFO - Started process (PID=999) to work on /home/airflow/.local/lib/python3.8/site-packages/airflow/example_dags/example_xcomargs.py
[2026-07-01T12:06:49.761+0000] {processor.py:830} INFO - Processing file /home/airflow/.local/lib/python3.8/site-packages/airflow/example_dags/example_xcomargs.py for tasks to queue
[2026-07-01T12:06:49.772+0000] {logging_mixin.py:188} INFO - [2026-07-01T12:06:49.771+0000] {dagbag.py:538} INFO - Filling up the DagBag from /home/airflow/.local/lib/python3.8/site-packages/airflow/example_dags/example_xcomargs.py
[2026-07-01T12:06:49.796+0000] {processor.py:840} INFO - DAG(s) 'example_xcom_args', 'example_xcom_args_with_operators' retrieved from /home/airflow/.local/lib/python3.8/site-packages/airflow/example_dags/example_xcomargs.py
[2026-07-01T12:06:49.905+0000] {logging_mixin.py:188} INFO - [2026-07-01T12:06:49.904+0000] {dag.py:3036} INFO - Sync 2 DAGs
[2026-07-01T12:06:49.960+0000] {logging_mixin.py:188} INFO - [2026-07-01T12:06:49.959+0000] {dag.py:3823} INFO - Setting next_dagrun for example_xcom_args to None, run_after=None
[2026-07-01T12:06:49.971+0000] {logging_mixin.py:188} INFO - [2026-07-01T12:06:49.971+0000] {dag.py:3823} INFO - Setting next_dagrun for example_xcom_args_with_operators to None, run_after=None
[2026-07-01T12:06:50.019+0000] {processor.py:183} INFO - Processing /home/airflow/.local/lib/python3.8/site-packages/airflow/example_dags/example_xcomargs.py took 0.269 seconds
[2026-07-01T12:07:20.386+0000] {processor.py:161} INFO - Started process (PID=1054) to work on /home/airflow/.local/lib/python3.8/site-packages/airflow/example_dags/example_xcomargs.py
[2026-07-01T12:07:20.391+0000] {processor.py:830} INFO - Processing file /home/airflow/.local/lib/python3.8/site-packages/airflow/example_dags/example_xcomargs.py for tasks to queue
[2026-07-01T12:07:20.403+0000] {logging_mixin.py:188} INFO - [2026-07-01T12:07:20.402+0000] {dagbag.py:538} INFO - Filling up the DagBag from /home/airflow/.local/lib/python3.8/site-packages/airflow/example_dags/example_xcomargs.py
[2026-07-01T12:07:20.450+0000] {processor.py:840} INFO - DAG(s) 'example_xcom_args_with_operators', 'example_xcom_args' retrieved from /home/airflow/.local/lib/python3.8/site-packages/airflow/example_dags/example_xcomargs.py
[2026-07-01T12:07:20.526+0000] {logging_mixin.py:188} INFO - [2026-07-01T12:07:20.526+0000] {dag.py:3036} INFO - Sync 2 DAGs
[2026-07-01T12:07:20.568+0000] {logging_mixin.py:188} INFO - [2026-07-01T12:07:20.567+0000] {dag.py:3823} INFO - Setting next_dagrun for example_xcom_args to None, run_after=None
[2026-07-01T12:07:20.578+0000] {logging_mixin.py:188} INFO - [2026-07-01T12:07:20.578+0000] {dag.py:3823} INFO - Setting next_dagrun for example_xcom_args_with_operators to None, run_after=None
[2026-07-01T12:07:20.630+0000] {processor.py:183} INFO - Processing /home/airflow/.local/lib/python3.8/site-packages/airflow/example_dags/example_xcomargs.py took 0.263 seconds
[2026-07-01T12:07:50.785+0000] {processor.py:161} INFO - Started process (PID=1110) to work on /home/airflow/.local/lib/python3.8/site-packages/airflow/example_dags/example_xcomargs.py
[2026-07-01T12:07:50.788+0000] {processor.py:830} INFO - Processing file /home/airflow/.local/lib/python3.8/site-packages/airflow/example_dags/example_xcomargs.py for tasks to queue
[2026-07-01T12:07:50.794+0000] {logging_mixin.py:188} INFO - [2026-07-01T12:07:50.793+0000] {dagbag.py:538} INFO - Filling up the DagBag from /home/airflow/.local/lib/python3.8/site-packages/airflow/example_dags/example_xcomargs.py
[2026-07-01T12:07:50.817+0000] {processor.py:840} INFO - DAG(s) 'example_xcom_args', 'example_xcom_args_with_operators' retrieved from /home/airflow/.local/lib/python3.8/site-packages/airflow/example_dags/example_xcomargs.py
[2026-07-01T12:07:50.871+0000] {logging_mixin.py:188} INFO - [2026-07-01T12:07:50.871+0000] {dag.py:3036} INFO - Sync 2 DAGs
[2026-07-01T12:07:50.902+0000] {logging_mixin.py:188} INFO - [2026-07-01T12:07:50.901+0000] {dag.py:3823} INFO - Setting next_dagrun for example_xcom_args to None, run_after=None
[2026-07-01T12:07:50.910+0000] {logging_mixin.py:188} INFO - [2026-07-01T12:07:50.910+0000] {dag.py:3823} INFO - Setting next_dagrun for example_xcom_args_with_operators to None, run_after=None
[2026-07-01T12:07:50.950+0000] {processor.py:183} INFO - Processing /home/airflow/.local/lib/python3.8/site-packages/airflow/example_dags/example_xcomargs.py took 0.174 seconds
[2026-07-01T12:08:21.748+0000] {processor.py:161} INFO - Started process (PID=1165) to work on /home/airflow/.local/lib/python3.8/site-packages/airflow/example_dags/example_xcomargs.py
[2026-07-01T12:08:21.751+0000] {processor.py:830} INFO - Processing file /home/airflow/.local/lib/python3.8/site-packages/airflow/example_dags/example_xcomargs.py for tasks to queue
[2026-07-01T12:08:21.756+0000] {logging_mixin.py:188} INFO - [2026-07-01T12:08:21.756+0000] {dagbag.py:538} INFO - Filling up the DagBag from /home/airflow/.local/lib/python3.8/site-packages/airflow/example_dags/example_xcomargs.py
[2026-07-01T12:08:21.781+0000] {processor.py:840} INFO - DAG(s) 'example_xcom_args_with_operators', 'example_xcom_args' retrieved from /home/airflow/.local/lib/python3.8/site-packages/airflow/example_dags/example_xcomargs.py
[2026-07-01T12:08:21.838+0000] {logging_mixin.py:188} INFO - [2026-07-01T12:08:21.837+0000] {dag.py:3036} INFO - Sync 2 DAGs
[2026-07-01T12:08:21.869+0000] {logging_mixin.py:188} INFO - [2026-07-01T12:08:21.869+0000] {dag.py:3823} INFO - Setting next_dagrun for example_xcom_args to None, run_after=None
[2026-07-01T12:08:21.878+0000] {logging_mixin.py:188} INFO - [2026-07-01T12:08:21.878+0000] {dag.py:3823} INFO - Setting next_dagrun for example_xcom_args_with_operators to None, run_after=None
[2026-07-01T12:08:21.931+0000] {processor.py:183} INFO - Processing /home/airflow/.local/lib/python3.8/site-packages/airflow/example_dags/example_xcomargs.py took 0.191 seconds
[2026-07-01T12:09:04.324+0000] {processor.py:161} INFO - Started process (PID=105) to work on /home/airflow/.local/lib/python3.8/site-packages/airflow/example_dags/example_xcomargs.py
[2026-07-01T12:09:04.329+0000] {processor.py:830} INFO - Processing file /home/airflow/.local/lib/python3.8/site-packages/airflow/example_dags/example_xcomargs.py for tasks to queue
[2026-07-01T12:09:04.338+0000] {logging_mixin.py:188} INFO - [2026-07-01T12:09:04.336+0000] {dagbag.py:538} INFO - Filling up the DagBag from /home/airflow/.local/lib/python3.8/site-packages/airflow/example_dags/example_xcomargs.py
[2026-07-01T12:09:04.381+0000] {processor.py:840} INFO - DAG(s) 'example_xcom_args_with_operators', 'example_xcom_args' retrieved from /home/airflow/.local/lib/python3.8/site-packages/airflow/example_dags/example_xcomargs.py
[2026-07-01T12:09:04.524+0000] {logging_mixin.py:188} INFO - [2026-07-01T12:09:04.523+0000] {dag.py:3036} INFO - Sync 2 DAGs
[2026-07-01T12:09:04.584+0000] {logging_mixin.py:188} INFO - [2026-07-01T12:09:04.584+0000] {dag.py:3823} INFO - Setting next_dagrun for example_xcom_args to None, run_after=None
[2026-07-01T12:09:04.597+0000] {logging_mixin.py:188} INFO - [2026-07-01T12:09:04.597+0000] {dag.py:3823} INFO - Setting next_dagrun for example_xcom_args_with_operators to None, run_after=None
[2026-07-01T12:09:04.663+0000] {processor.py:183} INFO - Processing /home/airflow/.local/lib/python3.8/site-packages/airflow/example_dags/example_xcomargs.py took 0.356 seconds
[2026-07-01T12:09:35.353+0000] {processor.py:161} INFO - Started process (PID=161) to work on /home/airflow/.local/lib/python3.8/site-packages/airflow/example_dags/example_xcomargs.py
[2026-07-01T12:09:35.357+0000] {processor.py:830} INFO - Processing file /home/airflow/.local/lib/python3.8/site-packages/airflow/example_dags/example_xcomargs.py for tasks to queue
[2026-07-01T12:09:35.364+0000] {logging_mixin.py:188} INFO - [2026-07-01T12:09:35.364+0000] {dagbag.py:538} INFO - Filling up the DagBag from /home/airflow/.local/lib/python3.8/site-packages/airflow/example_dags/example_xcomargs.py
[2026-07-01T12:09:35.391+0000] {processor.py:840} INFO - DAG(s) 'example_xcom_args', 'example_xcom_args_with_operators' retrieved from /home/airflow/.local/lib/python3.8/site-packages/airflow/example_dags/example_xcomargs.py
[2026-07-01T12:09:35.459+0000] {logging_mixin.py:188} INFO - [2026-07-01T12:09:35.459+0000] {dag.py:3036} INFO - Sync 2 DAGs
[2026-07-01T12:09:35.503+0000] {logging_mixin.py:188} INFO - [2026-07-01T12:09:35.503+0000] {dag.py:3823} INFO - Setting next_dagrun for example_xcom_args to None, run_after=None
[2026-07-01T12:09:35.513+0000] {logging_mixin.py:188} INFO - [2026-07-01T12:09:35.512+0000] {dag.py:3823} INFO - Setting next_dagrun for example_xcom_args_with_operators to None, run_after=None
[2026-07-01T12:09:35.562+0000] {processor.py:183} INFO - Processing /home/airflow/.local/lib/python3.8/site-packages/airflow/example_dags/example_xcomargs.py took 0.221 seconds
[2026-07-01T12:10:05.723+0000] {processor.py:161} INFO - Started process (PID=218) to work on /home/airflow/.local/lib/python3.8/site-packages/airflow/example_dags/example_xcomargs.py
[2026-07-01T12:10:05.727+0000] {processor.py:830} INFO - Processing file /home/airflow/.local/lib/python3.8/site-packages/airflow/example_dags/example_xcomargs.py for tasks to queue
[2026-07-01T12:10:05.732+0000] {logging_mixin.py:188} INFO - [2026-07-01T12:10:05.731+0000] {dagbag.py:538} INFO - Filling up the DagBag from /home/airflow/.local/lib/python3.8/site-packages/airflow/example_dags/example_xcomargs.py
[2026-07-01T12:10:05.759+0000] {processor.py:840} INFO - DAG(s) 'example_xcom_args', 'example_xcom_args_with_operators' retrieved from /home/airflow/.local/lib/python3.8/site-packages/airflow/example_dags/example_xcomargs.py
[2026-07-01T12:10:05.814+0000] {logging_mixin.py:188} INFO - [2026-07-01T12:10:05.813+0000] {dag.py:3036} INFO - Sync 2 DAGs
[2026-07-01T12:10:05.845+0000] {logging_mixin.py:188} INFO - [2026-07-01T12:10:05.844+0000] {dag.py:3823} INFO - Setting next_dagrun for example_xcom_args to None, run_after=None
[2026-07-01T12:10:05.854+0000] {logging_mixin.py:188} INFO - [2026-07-01T12:10:05.853+0000] {dag.py:3823} INFO - Setting next_dagrun for example_xcom_args_with_operators to None, run_after=None
[2026-07-01T12:10:05.896+0000] {processor.py:183} INFO - Processing /home/airflow/.local/lib/python3.8/site-packages/airflow/example_dags/example_xcomargs.py took 0.183 seconds
[2026-07-01T12:10:36.171+0000] {processor.py:161} INFO - Started process (PID=274) to work on /home/airflow/.local/lib/python3.8/site-packages/airflow/example_dags/example_xcomargs.py
[2026-07-01T12:10:36.175+0000] {processor.py:830} INFO - Processing file /home/airflow/.local/lib/python3.8/site-packages/airflow/example_dags/example_xcomargs.py for tasks to queue
[2026-07-01T12:10:36.181+0000] {logging_mixin.py:188} INFO - [2026-07-01T12:10:36.180+0000] {dagbag.py:538} INFO - Filling up the DagBag from /home/airflow/.local/lib/python3.8/site-packages/airflow/example_dags/example_xcomargs.py
[2026-07-01T12:10:36.207+0000] {processor.py:840} INFO - DAG(s) 'example_xcom_args', 'example_xcom_args_with_operators' retrieved from /home/airflow/.local/lib/python3.8/site-packages/airflow/example_dags/example_xcomargs.py
[2026-07-01T12:10:36.264+0000] {logging_mixin.py:188} INFO - [2026-07-01T12:10:36.264+0000] {dag.py:3036} INFO - Sync 2 DAGs
[2026-07-01T12:10:36.298+0000] {logging_mixin.py:188} INFO - [2026-07-01T12:10:36.297+0000] {dag.py:3823} INFO - Setting next_dagrun for example_xcom_args to None, run_after=None
[2026-07-01T12:10:36.308+0000] {logging_mixin.py:188} INFO - [2026-07-01T12:10:36.308+0000] {dag.py:3823} INFO - Setting next_dagrun for example_xcom_args_with_operators to None, run_after=None
[2026-07-01T12:10:36.351+0000] {processor.py:183} INFO - Processing /home/airflow/.local/lib/python3.8/site-packages/airflow/example_dags/example_xcomargs.py took 0.188 seconds
[2026-07-01T12:11:07.481+0000] {processor.py:161} INFO - Started process (PID=335) to work on /home/airflow/.local/lib/python3.8/site-packages/airflow/example_dags/example_xcomargs.py
[2026-07-01T12:11:07.484+0000] {processor.py:830} INFO - Processing file /home/airflow/.local/lib/python3.8/site-packages/airflow/example_dags/example_xcomargs.py for tasks to queue
[2026-07-01T12:11:07.491+0000] {logging_mixin.py:188} INFO - [2026-07-01T12:11:07.490+0000] {dagbag.py:538} INFO - Filling up the DagBag from /home/airflow/.local/lib/python3.8/site-packages/airflow/example_dags/example_xcomargs.py
[2026-07-01T12:11:07.518+0000] {processor.py:840} INFO - DAG(s) 'example_xcom_args', 'example_xcom_args_with_operators' retrieved from /home/airflow/.local/lib/python3.8/site-packages/airflow/example_dags/example_xcomargs.py
[2026-07-01T12:11:07.588+0000] {logging_mixin.py:188} INFO - [2026-07-01T12:11:07.587+0000] {dag.py:3036} INFO - Sync 2 DAGs
[2026-07-01T12:11:07.629+0000] {logging_mixin.py:188} INFO - [2026-07-01T12:11:07.628+0000] {dag.py:3823} INFO - Setting next_dagrun for example_xcom_args to None, run_after=None
[2026-07-01T12:11:07.639+0000] {logging_mixin.py:188} INFO - [2026-07-01T12:11:07.639+0000] {dag.py:3823} INFO - Setting next_dagrun for example_xcom_args_with_operators to None, run_after=None
[2026-07-01T12:11:07.691+0000] {processor.py:183} INFO - Processing /home/airflow/.local/lib/python3.8/site-packages/airflow/example_dags/example_xcomargs.py took 0.222 seconds
[2026-07-01T12:11:38.443+0000] {processor.py:161} INFO - Started process (PID=391) to work on /home/airflow/.local/lib/python3.8/site-packages/airflow/example_dags/example_xcomargs.py
[2026-07-01T12:11:38.446+0000] {processor.py:830} INFO - Processing file /home/airflow/.local/lib/python3.8/site-packages/airflow/example_dags/example_xcomargs.py for tasks to queue
[2026-07-01T12:11:38.452+0000] {logging_mixin.py:188} INFO - [2026-07-01T12:11:38.451+0000] {dagbag.py:538} INFO - Filling up the DagBag from /home/airflow/.local/lib/python3.8/site-packages/airflow/example_dags/example_xcomargs.py
[2026-07-01T12:11:38.477+0000] {processor.py:840} INFO - DAG(s) 'example_xcom_args', 'example_xcom_args_with_operators' retrieved from /home/airflow/.local/lib/python3.8/site-packages/airflow/example_dags/example_xcomargs.py
[2026-07-01T12:11:38.542+0000] {logging_mixin.py:188} INFO - [2026-07-01T12:11:38.542+0000] {dag.py:3036} INFO - Sync 2 DAGs
[2026-07-01T12:11:38.580+0000] {logging_mixin.py:188} INFO - [2026-07-01T12:11:38.579+0000] {dag.py:3823} INFO - Setting next_dagrun for example_xcom_args to None, run_after=None
[2026-07-01T12:11:38.590+0000] {logging_mixin.py:188} INFO - [2026-07-01T12:11:38.590+0000] {dag.py:3823} INFO - Setting next_dagrun for example_xcom_args_with_operators to None, run_after=None
[2026-07-01T12:11:38.636+0000] {processor.py:183} INFO - Processing /home/airflow/.local/lib/python3.8/site-packages/airflow/example_dags/example_xcomargs.py took 0.201 seconds
[2026-07-01T12:12:08.899+0000] {processor.py:161} INFO - Started process (PID=447) to work on /home/airflow/.local/lib/python3.8/site-packages/airflow/example_dags/example_xcomargs.py
[2026-07-01T12:12:08.902+0000] {processor.py:830} INFO - Processing file /home/airflow/.local/lib/python3.8/site-packages/airflow/example_dags/example_xcomargs.py for tasks to queue
[2026-07-01T12:12:08.907+0000] {logging_mixin.py:188} INFO - [2026-07-01T12:12:08.907+0000] {dagbag.py:538} INFO - Filling up the DagBag from /home/airflow/.local/lib/python3.8/site-packages/airflow/example_dags/example_xcomargs.py
[2026-07-01T12:12:08.927+0000] {processor.py:840} INFO - DAG(s) 'example_xcom_args_with_operators', 'example_xcom_args' retrieved from /home/airflow/.local/lib/python3.8/site-packages/airflow/example_dags/example_xcomargs.py
[2026-07-01T12:12:08.981+0000] {logging_mixin.py:188} INFO - [2026-07-01T12:12:08.980+0000] {dag.py:3036} INFO - Sync 2 DAGs
[2026-07-01T12:12:09.011+0000] {logging_mixin.py:188} INFO - [2026-07-01T12:12:09.010+0000] {dag.py:3823} INFO - Setting next_dagrun for example_xcom_args to None, run_after=None
[2026-07-01T12:12:09.019+0000] {logging_mixin.py:188} INFO - [2026-07-01T12:12:09.019+0000] {dag.py:3823} INFO - Setting next_dagrun for example_xcom_args_with_operators to None, run_after=None
[2026-07-01T12:12:09.056+0000] {processor.py:183} INFO - Processing /home/airflow/.local/lib/python3.8/site-packages/airflow/example_dags/example_xcomargs.py took 0.166 seconds
[2026-07-01T12:12:39.740+0000] {processor.py:161} INFO - Started process (PID=503) to work on /home/airflow/.local/lib/python3.8/site-packages/airflow/example_dags/example_xcomargs.py
[2026-07-01T12:12:39.743+0000] {processor.py:830} INFO - Processing file /home/airflow/.local/lib/python3.8/site-packages/airflow/example_dags/example_xcomargs.py for tasks to queue
[2026-07-01T12:12:39.749+0000] {logging_mixin.py:188} INFO - [2026-07-01T12:12:39.748+0000] {dagbag.py:538} INFO - Filling up the DagBag from /home/airflow/.local/lib/python3.8/site-packages/airflow/example_dags/example_xcomargs.py
[2026-07-01T12:12:39.770+0000] {processor.py:840} INFO - DAG(s) 'example_xcom_args_with_operators', 'example_xcom_args' retrieved from /home/airflow/.local/lib/python3.8/site-packages/airflow/example_dags/example_xcomargs.py
[2026-07-01T12:12:39.822+0000] {logging_mixin.py:188} INFO - [2026-07-01T12:12:39.821+0000] {dag.py:3036} INFO - Sync 2 DAGs
[2026-07-01T12:12:39.850+0000] {logging_mixin.py:188} INFO - [2026-07-01T12:12:39.850+0000] {dag.py:3823} INFO - Setting next_dagrun for example_xcom_args to None, run_after=None
[2026-07-01T12:12:39.858+0000] {logging_mixin.py:188} INFO - [2026-07-01T12:12:39.858+0000] {dag.py:3823} INFO - Setting next_dagrun for example_xcom_args_with_operators to None, run_after=None
[2026-07-01T12:12:39.896+0000] {processor.py:183} INFO - Processing /home/airflow/.local/lib/python3.8/site-packages/airflow/example_dags/example_xcomargs.py took 0.165 seconds
[2026-07-01T12:13:11.167+0000] {processor.py:161} INFO - Started process (PID=559) to work on /home/airflow/.local/lib/python3.8/site-packages/airflow/example_dags/example_xcomargs.py
[2026-07-01T12:13:11.171+0000] {processor.py:830} INFO - Processing file /home/airflow/.local/lib/python3.8/site-packages/airflow/example_dags/example_xcomargs.py for tasks to queue
[2026-07-01T12:13:11.178+0000] {logging_mixin.py:188} INFO - [2026-07-01T12:13:11.177+0000] {dagbag.py:538} INFO - Filling up the DagBag from /home/airflow/.local/lib/python3.8/site-packages/airflow/example_dags/example_xcomargs.py
[2026-07-01T12:13:11.204+0000] {processor.py:840} INFO - DAG(s) 'example_xcom_args', 'example_xcom_args_with_operators' retrieved from /home/airflow/.local/lib/python3.8/site-packages/airflow/example_dags/example_xcomargs.py
[2026-07-01T12:13:11.265+0000] {logging_mixin.py:188} INFO - [2026-07-01T12:13:11.264+0000] {dag.py:3036} INFO - Sync 2 DAGs
[2026-07-01T12:13:11.298+0000] {logging_mixin.py:188} INFO - [2026-07-01T12:13:11.298+0000] {dag.py:3823} INFO - Setting next_dagrun for example_xcom_args to None, run_after=None
[2026-07-01T12:13:11.307+0000] {logging_mixin.py:188} INFO - [2026-07-01T12:13:11.306+0000] {dag.py:3823} INFO - Setting next_dagrun for example_xcom_args_with_operators to None, run_after=None
[2026-07-01T12:13:11.346+0000] {processor.py:183} INFO - Processing /home/airflow/.local/lib/python3.8/site-packages/airflow/example_dags/example_xcomargs.py took 0.191 seconds
[2026-07-01T12:13:41.897+0000] {processor.py:161} INFO - Started process (PID=615) to work on /home/airflow/.local/lib/python3.8/site-packages/airflow/example_dags/example_xcomargs.py
[2026-07-01T12:13:41.901+0000] {processor.py:830} INFO - Processing file /home/airflow/.local/lib/python3.8/site-packages/airflow/example_dags/example_xcomargs.py for tasks to queue
[2026-07-01T12:13:41.907+0000] {logging_mixin.py:188} INFO - [2026-07-01T12:13:41.906+0000] {dagbag.py:538} INFO - Filling up the DagBag from /home/airflow/.local/lib/python3.8/site-packages/airflow/example_dags/example_xcomargs.py
[2026-07-01T12:13:41.938+0000] {processor.py:840} INFO - DAG(s) 'example_xcom_args_with_operators', 'example_xcom_args' retrieved from /home/airflow/.local/lib/python3.8/site-packages/airflow/example_dags/example_xcomargs.py
[2026-07-01T12:13:42.012+0000] {logging_mixin.py:188} INFO - [2026-07-01T12:13:42.011+0000] {dag.py:3036} INFO - Sync 2 DAGs
[2026-07-01T12:13:42.050+0000] {logging_mixin.py:188} INFO - [2026-07-01T12:13:42.050+0000] {dag.py:3823} INFO - Setting next_dagrun for example_xcom_args to None, run_after=None
[2026-07-01T12:13:42.061+0000] {logging_mixin.py:188} INFO - [2026-07-01T12:13:42.060+0000] {dag.py:3823} INFO - Setting next_dagrun for example_xcom_args_with_operators to None, run_after=None
[2026-07-01T12:13:42.113+0000] {processor.py:183} INFO - Processing /home/airflow/.local/lib/python3.8/site-packages/airflow/example_dags/example_xcomargs.py took 0.228 seconds
[2026-07-01T12:14:12.579+0000] {processor.py:161} INFO - Started process (PID=671) to work on /home/airflow/.local/lib/python3.8/site-packages/airflow/example_dags/example_xcomargs.py
[2026-07-01T12:14:12.583+0000] {processor.py:830} INFO - Processing file /home/airflow/.local/lib/python3.8/site-packages/airflow/example_dags/example_xcomargs.py for tasks to queue
[2026-07-01T12:14:12.590+0000] {logging_mixin.py:188} INFO - [2026-07-01T12:14:12.589+0000] {dagbag.py:538} INFO - Filling up the DagBag from /home/airflow/.local/lib/python3.8/site-packages/airflow/example_dags/example_xcomargs.py
[2026-07-01T12:14:12.619+0000] {processor.py:840} INFO - DAG(s) 'example_xcom_args_with_operators', 'example_xcom_args' retrieved from /home/airflow/.local/lib/python3.8/site-packages/airflow/example_dags/example_xcomargs.py
[2026-07-01T12:14:12.689+0000] {logging_mixin.py:188} INFO - [2026-07-01T12:14:12.688+0000] {dag.py:3036} INFO - Sync 2 DAGs
[2026-07-01T12:14:12.724+0000] {logging_mixin.py:188} INFO - [2026-07-01T12:14:12.724+0000] {dag.py:3823} INFO - Setting next_dagrun for example_xcom_args to None, run_after=None
[2026-07-01T12:14:12.736+0000] {logging_mixin.py:188} INFO - [2026-07-01T12:14:12.735+0000] {dag.py:3823} INFO - Setting next_dagrun for example_xcom_args_with_operators to None, run_after=None
[2026-07-01T12:14:12.778+0000] {processor.py:183} INFO - Processing /home/airflow/.local/lib/python3.8/site-packages/airflow/example_dags/example_xcomargs.py took 0.212 seconds
[2026-07-01T12:14:42.873+0000] {processor.py:161} INFO - Started process (PID=727) to work on /home/airflow/.local/lib/python3.8/site-packages/airflow/example_dags/example_xcomargs.py
[2026-07-01T12:14:42.876+0000] {processor.py:830} INFO - Processing file /home/airflow/.local/lib/python3.8/site-packages/airflow/example_dags/example_xcomargs.py for tasks to queue
[2026-07-01T12:14:42.881+0000] {logging_mixin.py:188} INFO - [2026-07-01T12:14:42.881+0000] {dagbag.py:538} INFO - Filling up the DagBag from /home/airflow/.local/lib/python3.8/site-packages/airflow/example_dags/example_xcomargs.py
[2026-07-01T12:14:42.900+0000] {processor.py:840} INFO - DAG(s) 'example_xcom_args', 'example_xcom_args_with_operators' retrieved from /home/airflow/.local/lib/python3.8/site-packages/airflow/example_dags/example_xcomargs.py
[2026-07-01T12:14:42.956+0000] {logging_mixin.py:188} INFO - [2026-07-01T12:14:42.956+0000] {dag.py:3036} INFO - Sync 2 DAGs
[2026-07-01T12:14:42.988+0000] {logging_mixin.py:188} INFO - [2026-07-01T12:14:42.987+0000] {dag.py:3823} INFO - Setting next_dagrun for example_xcom_args to None, run_after=None
[2026-07-01T12:14:42.997+0000] {logging_mixin.py:188} INFO - [2026-07-01T12:14:42.997+0000] {dag.py:3823} INFO - Setting next_dagrun for example_xcom_args_with_operators to None, run_after=None
[2026-07-01T12:14:43.047+0000] {processor.py:183} INFO - Processing /home/airflow/.local/lib/python3.8/site-packages/airflow/example_dags/example_xcomargs.py took 0.182 seconds
[2026-07-01T12:15:13.703+0000] {processor.py:161} INFO - Started process (PID=784) to work on /home/airflow/.local/lib/python3.8/site-packages/airflow/example_dags/example_xcomargs.py
[2026-07-01T12:15:13.706+0000] {processor.py:830} INFO - Processing file /home/airflow/.local/lib/python3.8/site-packages/airflow/example_dags/example_xcomargs.py for tasks to queue
[2026-07-01T12:15:13.711+0000] {logging_mixin.py:188} INFO - [2026-07-01T12:15:13.711+0000] {dagbag.py:538} INFO - Filling up the DagBag from /home/airflow/.local/lib/python3.8/site-packages/airflow/example_dags/example_xcomargs.py
[2026-07-01T12:15:13.731+0000] {processor.py:840} INFO - DAG(s) 'example_xcom_args_with_operators', 'example_xcom_args' retrieved from /home/airflow/.local/lib/python3.8/site-packages/airflow/example_dags/example_xcomargs.py
[2026-07-01T12:15:13.788+0000] {logging_mixin.py:188} INFO - [2026-07-01T12:15:13.787+0000] {dag.py:3036} INFO - Sync 2 DAGs
[2026-07-01T12:15:13.833+0000] {logging_mixin.py:188} INFO - [2026-07-01T12:15:13.833+0000] {dag.py:3823} INFO - Setting next_dagrun for example_xcom_args to None, run_after=None
[2026-07-01T12:15:13.850+0000] {logging_mixin.py:188} INFO - [2026-07-01T12:15:13.850+0000] {dag.py:3823} INFO - Setting next_dagrun for example_xcom_args_with_operators to None, run_after=None
[2026-07-01T12:15:13.910+0000] {processor.py:183} INFO - Processing /home/airflow/.local/lib/python3.8/site-packages/airflow/example_dags/example_xcomargs.py took 0.216 seconds
[2026-07-01T12:15:45.161+0000] {processor.py:161} INFO - Started process (PID=840) to work on /home/airflow/.local/lib/python3.8/site-packages/airflow/example_dags/example_xcomargs.py
[2026-07-01T12:15:45.165+0000] {processor.py:830} INFO - Processing file /home/airflow/.local/lib/python3.8/site-packages/airflow/example_dags/example_xcomargs.py for tasks to queue
[2026-07-01T12:15:45.171+0000] {logging_mixin.py:188} INFO - [2026-07-01T12:15:45.170+0000] {dagbag.py:538} INFO - Filling up the DagBag from /home/airflow/.local/lib/python3.8/site-packages/airflow/example_dags/example_xcomargs.py
[2026-07-01T12:15:45.193+0000] {processor.py:840} INFO - DAG(s) 'example_xcom_args_with_operators', 'example_xcom_args' retrieved from /home/airflow/.local/lib/python3.8/site-packages/airflow/example_dags/example_xcomargs.py
[2026-07-01T12:15:45.255+0000] {logging_mixin.py:188} INFO - [2026-07-01T12:15:45.255+0000] {dag.py:3036} INFO - Sync 2 DAGs
[2026-07-01T12:15:45.287+0000] {logging_mixin.py:188} INFO - [2026-07-01T12:15:45.286+0000] {dag.py:3823} INFO - Setting next_dagrun for example_xcom_args to None, run_after=None
[2026-07-01T12:15:45.296+0000] {logging_mixin.py:188} INFO - [2026-07-01T12:15:45.296+0000] {dag.py:3823} INFO - Setting next_dagrun for example_xcom_args_with_operators to None, run_after=None
[2026-07-01T12:15:45.342+0000] {processor.py:183} INFO - Processing /home/airflow/.local/lib/python3.8/site-packages/airflow/example_dags/example_xcomargs.py took 0.190 seconds
[2026-07-01T12:16:15.591+0000] {processor.py:161} INFO - Started process (PID=896) to work on /home/airflow/.local/lib/python3.8/site-packages/airflow/example_dags/example_xcomargs.py
[2026-07-01T12:16:15.594+0000] {processor.py:830} INFO - Processing file /home/airflow/.local/lib/python3.8/site-packages/airflow/example_dags/example_xcomargs.py for tasks to queue
[2026-07-01T12:16:15.598+0000] {logging_mixin.py:188} INFO - [2026-07-01T12:16:15.598+0000] {dagbag.py:538} INFO - Filling up the DagBag from /home/airflow/.local/lib/python3.8/site-packages/airflow/example_dags/example_xcomargs.py
[2026-07-01T12:16:15.617+0000] {processor.py:840} INFO - DAG(s) 'example_xcom_args', 'example_xcom_args_with_operators' retrieved from /home/airflow/.local/lib/python3.8/site-packages/airflow/example_dags/example_xcomargs.py
[2026-07-01T12:16:15.672+0000] {logging_mixin.py:188} INFO - [2026-07-01T12:16:15.671+0000] {dag.py:3036} INFO - Sync 2 DAGs
[2026-07-01T12:16:15.701+0000] {logging_mixin.py:188} INFO - [2026-07-01T12:16:15.700+0000] {dag.py:3823} INFO - Setting next_dagrun for example_xcom_args to None, run_after=None
[2026-07-01T12:16:15.709+0000] {logging_mixin.py:188} INFO - [2026-07-01T12:16:15.709+0000] {dag.py:3823} INFO - Setting next_dagrun for example_xcom_args_with_operators to None, run_after=None
[2026-07-01T12:16:15.753+0000] {processor.py:183} INFO - Processing /home/airflow/.local/lib/python3.8/site-packages/airflow/example_dags/example_xcomargs.py took 0.169 seconds
[2026-07-01T12:16:46.546+0000] {processor.py:161} INFO - Started process (PID=952) to work on /home/airflow/.local/lib/python3.8/site-packages/airflow/example_dags/example_xcomargs.py
[2026-07-01T12:16:46.550+0000] {processor.py:830} INFO - Processing file /home/airflow/.local/lib/python3.8/site-packages/airflow/example_dags/example_xcomargs.py for tasks to queue
[2026-07-01T12:16:46.558+0000] {logging_mixin.py:188} INFO - [2026-07-01T12:16:46.557+0000] {dagbag.py:538} INFO - Filling up the DagBag from /home/airflow/.local/lib/python3.8/site-packages/airflow/example_dags/example_xcomargs.py
[2026-07-01T12:16:46.587+0000] {processor.py:840} INFO - DAG(s) 'example_xcom_args_with_operators', 'example_xcom_args' retrieved from /home/airflow/.local/lib/python3.8/site-packages/airflow/example_dags/example_xcomargs.py
[2026-07-01T12:16:46.663+0000] {logging_mixin.py:188} INFO - [2026-07-01T12:16:46.663+0000] {dag.py:3036} INFO - Sync 2 DAGs
[2026-07-01T12:16:46.702+0000] {logging_mixin.py:188} INFO - [2026-07-01T12:16:46.701+0000] {dag.py:3823} INFO - Setting next_dagrun for example_xcom_args to None, run_after=None
[2026-07-01T12:16:46.713+0000] {logging_mixin.py:188} INFO - [2026-07-01T12:16:46.713+0000] {dag.py:3823} INFO - Setting next_dagrun for example_xcom_args_with_operators to None, run_after=None
[2026-07-01T12:16:46.762+0000] {processor.py:183} INFO - Processing /home/airflow/.local/lib/python3.8/site-packages/airflow/example_dags/example_xcomargs.py took 0.230 seconds
[2026-07-01T12:17:17.167+0000] {processor.py:161} INFO - Started process (PID=1008) to work on /home/airflow/.local/lib/python3.8/site-packages/airflow/example_dags/example_xcomargs.py
[2026-07-01T12:17:17.171+0000] {processor.py:830} INFO - Processing file /home/airflow/.local/lib/python3.8/site-packages/airflow/example_dags/example_xcomargs.py for tasks to queue
[2026-07-01T12:17:17.177+0000] {logging_mixin.py:188} INFO - [2026-07-01T12:17:17.176+0000] {dagbag.py:538} INFO - Filling up the DagBag from /home/airflow/.local/lib/python3.8/site-packages/airflow/example_dags/example_xcomargs.py
[2026-07-01T12:17:17.201+0000] {processor.py:840} INFO - DAG(s) 'example_xcom_args_with_operators', 'example_xcom_args' retrieved from /home/airflow/.local/lib/python3.8/site-packages/airflow/example_dags/example_xcomargs.py
[2026-07-01T12:17:17.264+0000] {logging_mixin.py:188} INFO - [2026-07-01T12:17:17.264+0000] {dag.py:3036} INFO - Sync 2 DAGs
[2026-07-01T12:17:17.296+0000] {logging_mixin.py:188} INFO - [2026-07-01T12:17:17.296+0000] {dag.py:3823} INFO - Setting next_dagrun for example_xcom_args to None, run_after=None
[2026-07-01T12:17:17.306+0000] {logging_mixin.py:188} INFO - [2026-07-01T12:17:17.305+0000] {dag.py:3823} INFO - Setting next_dagrun for example_xcom_args_with_operators to None, run_after=None
[2026-07-01T12:17:17.346+0000] {processor.py:183} INFO - Processing /home/airflow/.local/lib/python3.8/site-packages/airflow/example_dags/example_xcomargs.py took 0.191 seconds
[2026-07-01T12:17:48.668+0000] {processor.py:161} INFO - Started process (PID=1064) to work on /home/airflow/.local/lib/python3.8/site-packages/airflow/example_dags/example_xcomargs.py
[2026-07-01T12:17:48.672+0000] {processor.py:830} INFO - Processing file /home/airflow/.local/lib/python3.8/site-packages/airflow/example_dags/example_xcomargs.py for tasks to queue
[2026-07-01T12:17:48.679+0000] {logging_mixin.py:188} INFO - [2026-07-01T12:17:48.678+0000] {dagbag.py:538} INFO - Filling up the DagBag from /home/airflow/.local/lib/python3.8/site-packages/airflow/example_dags/example_xcomargs.py
[2026-07-01T12:17:48.704+0000] {processor.py:840} INFO - DAG(s) 'example_xcom_args', 'example_xcom_args_with_operators' retrieved from /home/airflow/.local/lib/python3.8/site-packages/airflow/example_dags/example_xcomargs.py
[2026-07-01T12:17:48.775+0000] {logging_mixin.py:188} INFO - [2026-07-01T12:17:48.774+0000] {dag.py:3036} INFO - Sync 2 DAGs
[2026-07-01T12:17:48.811+0000] {logging_mixin.py:188} INFO - [2026-07-01T12:17:48.811+0000] {dag.py:3823} INFO - Setting next_dagrun for example_xcom_args to None, run_after=None
[2026-07-01T12:17:48.822+0000] {logging_mixin.py:188} INFO - [2026-07-01T12:17:48.821+0000] {dag.py:3823} INFO - Setting next_dagrun for example_xcom_args_with_operators to None, run_after=None
[2026-07-01T12:17:48.865+0000] {processor.py:183} INFO - Processing /home/airflow/.local/lib/python3.8/site-packages/airflow/example_dags/example_xcomargs.py took 0.206 seconds
[2026-07-01T12:18:21.224+0000] {processor.py:161} INFO - Started process (PID=1120) to work on /home/airflow/.local/lib/python3.8/site-packages/airflow/example_dags/example_xcomargs.py
[2026-07-01T12:18:21.355+0000] {processor.py:830} INFO - Processing file /home/airflow/.local/lib/python3.8/site-packages/airflow/example_dags/example_xcomargs.py for tasks to queue
[2026-07-01T12:18:21.379+0000] {logging_mixin.py:188} INFO - [2026-07-01T12:18:21.377+0000] {dagbag.py:538} INFO - Filling up the DagBag from /home/airflow/.local/lib/python3.8/site-packages/airflow/example_dags/example_xcomargs.py
[2026-07-01T12:18:21.513+0000] {processor.py:840} INFO - DAG(s) 'example_xcom_args', 'example_xcom_args_with_operators' retrieved from /home/airflow/.local/lib/python3.8/site-packages/airflow/example_dags/example_xcomargs.py
[2026-07-01T12:18:21.644+0000] {logging_mixin.py:188} INFO - [2026-07-01T12:18:21.643+0000] {dag.py:3036} INFO - Sync 2 DAGs
[2026-07-01T12:18:21.731+0000] {logging_mixin.py:188} INFO - [2026-07-01T12:18:21.730+0000] {dag.py:3823} INFO - Setting next_dagrun for example_xcom_args to None, run_after=None
[2026-07-01T12:18:21.773+0000] {logging_mixin.py:188} INFO - [2026-07-01T12:18:21.772+0000] {dag.py:3823} INFO - Setting next_dagrun for example_xcom_args_with_operators to None, run_after=None
[2026-07-01T12:18:21.927+0000] {processor.py:183} INFO - Processing /home/airflow/.local/lib/python3.8/site-packages/airflow/example_dags/example_xcomargs.py took 0.906 seconds
[2026-07-01T12:18:52.919+0000] {processor.py:161} INFO - Started process (PID=1176) to work on /home/airflow/.local/lib/python3.8/site-packages/airflow/example_dags/example_xcomargs.py
[2026-07-01T12:18:52.924+0000] {processor.py:830} INFO - Processing file /home/airflow/.local/lib/python3.8/site-packages/airflow/example_dags/example_xcomargs.py for tasks to queue
[2026-07-01T12:18:52.932+0000] {logging_mixin.py:188} INFO - [2026-07-01T12:18:52.931+0000] {dagbag.py:538} INFO - Filling up the DagBag from /home/airflow/.local/lib/python3.8/site-packages/airflow/example_dags/example_xcomargs.py
[2026-07-01T12:18:52.955+0000] {processor.py:840} INFO - DAG(s) 'example_xcom_args', 'example_xcom_args_with_operators' retrieved from /home/airflow/.local/lib/python3.8/site-packages/airflow/example_dags/example_xcomargs.py
[2026-07-01T12:18:53.018+0000] {logging_mixin.py:188} INFO - [2026-07-01T12:18:53.017+0000] {dag.py:3036} INFO - Sync 2 DAGs
[2026-07-01T12:18:53.051+0000] {logging_mixin.py:188} INFO - [2026-07-01T12:18:53.051+0000] {dag.py:3823} INFO - Setting next_dagrun for example_xcom_args to None, run_after=None
[2026-07-01T12:18:53.061+0000] {logging_mixin.py:188} INFO - [2026-07-01T12:18:53.060+0000] {dag.py:3823} INFO - Setting next_dagrun for example_xcom_args_with_operators to None, run_after=None
[2026-07-01T12:18:53.099+0000] {processor.py:183} INFO - Processing /home/airflow/.local/lib/python3.8/site-packages/airflow/example_dags/example_xcomargs.py took 0.190 seconds
[2026-07-01T12:19:23.444+0000] {processor.py:161} INFO - Started process (PID=1232) to work on /home/airflow/.local/lib/python3.8/site-packages/airflow/example_dags/example_xcomargs.py
[2026-07-01T12:19:23.449+0000] {processor.py:830} INFO - Processing file /home/airflow/.local/lib/python3.8/site-packages/airflow/example_dags/example_xcomargs.py for tasks to queue
[2026-07-01T12:19:23.455+0000] {logging_mixin.py:188} INFO - [2026-07-01T12:19:23.455+0000] {dagbag.py:538} INFO - Filling up the DagBag from /home/airflow/.local/lib/python3.8/site-packages/airflow/example_dags/example_xcomargs.py
[2026-07-01T12:19:23.490+0000] {processor.py:840} INFO - DAG(s) 'example_xcom_args_with_operators', 'example_xcom_args' retrieved from /home/airflow/.local/lib/python3.8/site-packages/airflow/example_dags/example_xcomargs.py
[2026-07-01T12:19:23.549+0000] {logging_mixin.py:188} INFO - [2026-07-01T12:19:23.548+0000] {dag.py:3036} INFO - Sync 2 DAGs
[2026-07-01T12:19:23.582+0000] {logging_mixin.py:188} INFO - [2026-07-01T12:19:23.582+0000] {dag.py:3823} INFO - Setting next_dagrun for example_xcom_args to None, run_after=None
[2026-07-01T12:19:23.591+0000] {logging_mixin.py:188} INFO - [2026-07-01T12:19:23.591+0000] {dag.py:3823} INFO - Setting next_dagrun for example_xcom_args_with_operators to None, run_after=None
[2026-07-01T12:19:23.638+0000] {processor.py:183} INFO - Processing /home/airflow/.local/lib/python3.8/site-packages/airflow/example_dags/example_xcomargs.py took 0.202 seconds
[2026-07-01T12:19:56.074+0000] {processor.py:161} INFO - Started process (PID=1288) to work on /home/airflow/.local/lib/python3.8/site-packages/airflow/example_dags/example_xcomargs.py
[2026-07-01T12:19:56.081+0000] {processor.py:830} INFO - Processing file /home/airflow/.local/lib/python3.8/site-packages/airflow/example_dags/example_xcomargs.py for tasks to queue
[2026-07-01T12:19:56.091+0000] {logging_mixin.py:188} INFO - [2026-07-01T12:19:56.090+0000] {dagbag.py:538} INFO - Filling up the DagBag from /home/airflow/.local/lib/python3.8/site-packages/airflow/example_dags/example_xcomargs.py
[2026-07-01T12:19:56.145+0000] {processor.py:840} INFO - DAG(s) 'example_xcom_args_with_operators', 'example_xcom_args' retrieved from /home/airflow/.local/lib/python3.8/site-packages/airflow/example_dags/example_xcomargs.py
[2026-07-01T12:19:56.203+0000] {logging_mixin.py:188} INFO - [2026-07-01T12:19:56.203+0000] {dag.py:3036} INFO - Sync 2 DAGs
[2026-07-01T12:19:56.257+0000] {logging_mixin.py:188} INFO - [2026-07-01T12:19:56.257+0000] {dag.py:3823} INFO - Setting next_dagrun for example_xcom_args to None, run_after=None
[2026-07-01T12:19:56.271+0000] {logging_mixin.py:188} INFO - [2026-07-01T12:19:56.270+0000] {dag.py:3823} INFO - Setting next_dagrun for example_xcom_args_with_operators to None, run_after=None
[2026-07-01T12:19:56.345+0000] {processor.py:183} INFO - Processing /home/airflow/.local/lib/python3.8/site-packages/airflow/example_dags/example_xcomargs.py took 0.289 seconds
[2026-07-01T12:20:28.595+0000] {processor.py:161} INFO - Started process (PID=1343) to work on /home/airflow/.local/lib/python3.8/site-packages/airflow/example_dags/example_xcomargs.py
[2026-07-01T12:20:28.615+0000] {processor.py:830} INFO - Processing file /home/airflow/.local/lib/python3.8/site-packages/airflow/example_dags/example_xcomargs.py for tasks to queue
[2026-07-01T12:20:28.624+0000] {logging_mixin.py:188} INFO - [2026-07-01T12:20:28.623+0000] {dagbag.py:538} INFO - Filling up the DagBag from /home/airflow/.local/lib/python3.8/site-packages/airflow/example_dags/example_xcomargs.py
[2026-07-01T12:20:28.675+0000] {processor.py:840} INFO - DAG(s) 'example_xcom_args', 'example_xcom_args_with_operators' retrieved from /home/airflow/.local/lib/python3.8/site-packages/airflow/example_dags/example_xcomargs.py
[2026-07-01T12:20:29.677+0000] {logging_mixin.py:188} INFO - [2026-07-01T12:20:29.677+0000] {dag.py:3036} INFO - Sync 2 DAGs
[2026-07-01T12:20:29.729+0000] {logging_mixin.py:188} INFO - [2026-07-01T12:20:29.727+0000] {dag.py:3823} INFO - Setting next_dagrun for example_xcom_args to None, run_after=None
[2026-07-01T12:20:29.743+0000] {logging_mixin.py:188} INFO - [2026-07-01T12:20:29.742+0000] {dag.py:3823} INFO - Setting next_dagrun for example_xcom_args_with_operators to None, run_after=None
[2026-07-01T12:20:29.863+0000] {processor.py:183} INFO - Processing /home/airflow/.local/lib/python3.8/site-packages/airflow/example_dags/example_xcomargs.py took 1.316 seconds
[2026-07-01T12:21:00.022+0000] {processor.py:161} INFO - Started process (PID=1399) to work on /home/airflow/.local/lib/python3.8/site-packages/airflow/example_dags/example_xcomargs.py
[2026-07-01T12:21:00.027+0000] {processor.py:830} INFO - Processing file /home/airflow/.local/lib/python3.8/site-packages/airflow/example_dags/example_xcomargs.py for tasks to queue
[2026-07-01T12:21:00.034+0000] {logging_mixin.py:188} INFO - [2026-07-01T12:21:00.033+0000] {dagbag.py:538} INFO - Filling up the DagBag from /home/airflow/.local/lib/python3.8/site-packages/airflow/example_dags/example_xcomargs.py
[2026-07-01T12:21:00.067+0000] {processor.py:840} INFO - DAG(s) 'example_xcom_args', 'example_xcom_args_with_operators' retrieved from /home/airflow/.local/lib/python3.8/site-packages/airflow/example_dags/example_xcomargs.py
[2026-07-01T12:21:00.135+0000] {logging_mixin.py:188} INFO - [2026-07-01T12:21:00.135+0000] {dag.py:3036} INFO - Sync 2 DAGs
[2026-07-01T12:21:00.170+0000] {logging_mixin.py:188} INFO - [2026-07-01T12:21:00.169+0000] {dag.py:3823} INFO - Setting next_dagrun for example_xcom_args to None, run_after=None
[2026-07-01T12:21:00.179+0000] {logging_mixin.py:188} INFO - [2026-07-01T12:21:00.178+0000] {dag.py:3823} INFO - Setting next_dagrun for example_xcom_args_with_operators to None, run_after=None
[2026-07-01T12:21:00.225+0000] {processor.py:183} INFO - Processing /home/airflow/.local/lib/python3.8/site-packages/airflow/example_dags/example_xcomargs.py took 0.213 seconds
[2026-07-01T12:21:30.383+0000] {processor.py:161} INFO - Started process (PID=1455) to work on /home/airflow/.local/lib/python3.8/site-packages/airflow/example_dags/example_xcomargs.py
[2026-07-01T12:21:30.388+0000] {processor.py:830} INFO - Processing file /home/airflow/.local/lib/python3.8/site-packages/airflow/example_dags/example_xcomargs.py for tasks to queue
[2026-07-01T12:21:30.396+0000] {logging_mixin.py:188} INFO - [2026-07-01T12:21:30.395+0000] {dagbag.py:538} INFO - Filling up the DagBag from /home/airflow/.local/lib/python3.8/site-packages/airflow/example_dags/example_xcomargs.py
[2026-07-01T12:21:30.425+0000] {processor.py:840} INFO - DAG(s) 'example_xcom_args', 'example_xcom_args_with_operators' retrieved from /home/airflow/.local/lib/python3.8/site-packages/airflow/example_dags/example_xcomargs.py
[2026-07-01T12:21:30.486+0000] {logging_mixin.py:188} INFO - [2026-07-01T12:21:30.486+0000] {dag.py:3036} INFO - Sync 2 DAGs
[2026-07-01T12:21:30.523+0000] {logging_mixin.py:188} INFO - [2026-07-01T12:21:30.522+0000] {dag.py:3823} INFO - Setting next_dagrun for example_xcom_args to None, run_after=None
[2026-07-01T12:21:30.533+0000] {logging_mixin.py:188} INFO - [2026-07-01T12:21:30.532+0000] {dag.py:3823} INFO - Setting next_dagrun for example_xcom_args_with_operators to None, run_after=None
[2026-07-01T12:21:30.579+0000] {processor.py:183} INFO - Processing /home/airflow/.local/lib/python3.8/site-packages/airflow/example_dags/example_xcomargs.py took 0.208 seconds
[2026-07-01T12:22:01.216+0000] {processor.py:161} INFO - Started process (PID=1511) to work on /home/airflow/.local/lib/python3.8/site-packages/airflow/example_dags/example_xcomargs.py
[2026-07-01T12:22:01.221+0000] {processor.py:830} INFO - Processing file /home/airflow/.local/lib/python3.8/site-packages/airflow/example_dags/example_xcomargs.py for tasks to queue
[2026-07-01T12:22:01.227+0000] {logging_mixin.py:188} INFO - [2026-07-01T12:22:01.226+0000] {dagbag.py:538} INFO - Filling up the DagBag from /home/airflow/.local/lib/python3.8/site-packages/airflow/example_dags/example_xcomargs.py
[2026-07-01T12:22:01.253+0000] {processor.py:840} INFO - DAG(s) 'example_xcom_args_with_operators', 'example_xcom_args' retrieved from /home/airflow/.local/lib/python3.8/site-packages/airflow/example_dags/example_xcomargs.py
[2026-07-01T12:22:01.333+0000] {logging_mixin.py:188} INFO - [2026-07-01T12:22:01.332+0000] {dag.py:3036} INFO - Sync 2 DAGs
[2026-07-01T12:22:01.372+0000] {logging_mixin.py:188} INFO - [2026-07-01T12:22:01.371+0000] {dag.py:3823} INFO - Setting next_dagrun for example_xcom_args to None, run_after=None
[2026-07-01T12:22:01.382+0000] {logging_mixin.py:188} INFO - [2026-07-01T12:22:01.382+0000] {dag.py:3823} INFO - Setting next_dagrun for example_xcom_args_with_operators to None, run_after=None
[2026-07-01T12:22:01.430+0000] {processor.py:183} INFO - Processing /home/airflow/.local/lib/python3.8/site-packages/airflow/example_dags/example_xcomargs.py took 0.222 seconds
[2026-07-01T12:22:31.879+0000] {processor.py:161} INFO - Started process (PID=1567) to work on /home/airflow/.local/lib/python3.8/site-packages/airflow/example_dags/example_xcomargs.py
[2026-07-01T12:22:31.882+0000] {processor.py:830} INFO - Processing file /home/airflow/.local/lib/python3.8/site-packages/airflow/example_dags/example_xcomargs.py for tasks to queue
[2026-07-01T12:22:31.888+0000] {logging_mixin.py:188} INFO - [2026-07-01T12:22:31.887+0000] {dagbag.py:538} INFO - Filling up the DagBag from /home/airflow/.local/lib/python3.8/site-packages/airflow/example_dags/example_xcomargs.py
[2026-07-01T12:22:31.908+0000] {processor.py:840} INFO - DAG(s) 'example_xcom_args_with_operators', 'example_xcom_args' retrieved from /home/airflow/.local/lib/python3.8/site-packages/airflow/example_dags/example_xcomargs.py
[2026-07-01T12:22:31.962+0000] {logging_mixin.py:188} INFO - [2026-07-01T12:22:31.962+0000] {dag.py:3036} INFO - Sync 2 DAGs
[2026-07-01T12:22:31.990+0000] {logging_mixin.py:188} INFO - [2026-07-01T12:22:31.989+0000] {dag.py:3823} INFO - Setting next_dagrun for example_xcom_args to None, run_after=None
[2026-07-01T12:22:31.997+0000] {logging_mixin.py:188} INFO - [2026-07-01T12:22:31.997+0000] {dag.py:3823} INFO - Setting next_dagrun for example_xcom_args_with_operators to None, run_after=None
[2026-07-01T12:22:32.030+0000] {processor.py:183} INFO - Processing /home/airflow/.local/lib/python3.8/site-packages/airflow/example_dags/example_xcomargs.py took 0.158 seconds
[2026-07-01T12:23:02.635+0000] {processor.py:161} INFO - Started process (PID=1623) to work on /home/airflow/.local/lib/python3.8/site-packages/airflow/example_dags/example_xcomargs.py
[2026-07-01T12:23:02.638+0000] {processor.py:830} INFO - Processing file /home/airflow/.local/lib/python3.8/site-packages/airflow/example_dags/example_xcomargs.py for tasks to queue
[2026-07-01T12:23:02.645+0000] {logging_mixin.py:188} INFO - [2026-07-01T12:23:02.644+0000] {dagbag.py:538} INFO - Filling up the DagBag from /home/airflow/.local/lib/python3.8/site-packages/airflow/example_dags/example_xcomargs.py
[2026-07-01T12:23:02.665+0000] {processor.py:840} INFO - DAG(s) 'example_xcom_args_with_operators', 'example_xcom_args' retrieved from /home/airflow/.local/lib/python3.8/site-packages/airflow/example_dags/example_xcomargs.py
[2026-07-01T12:23:02.730+0000] {logging_mixin.py:188} INFO - [2026-07-01T12:23:02.730+0000] {dag.py:3036} INFO - Sync 2 DAGs
[2026-07-01T12:23:02.766+0000] {logging_mixin.py:188} INFO - [2026-07-01T12:23:02.765+0000] {dag.py:3823} INFO - Setting next_dagrun for example_xcom_args to None, run_after=None
[2026-07-01T12:23:02.776+0000] {logging_mixin.py:188} INFO - [2026-07-01T12:23:02.775+0000] {dag.py:3823} INFO - Setting next_dagrun for example_xcom_args_with_operators to None, run_after=None
[2026-07-01T12:23:02.824+0000] {processor.py:183} INFO - Processing /home/airflow/.local/lib/python3.8/site-packages/airflow/example_dags/example_xcomargs.py took 0.198 seconds
[2026-07-01T12:23:32.932+0000] {processor.py:161} INFO - Started process (PID=1677) to work on /home/airflow/.local/lib/python3.8/site-packages/airflow/example_dags/example_xcomargs.py
[2026-07-01T12:23:32.935+0000] {processor.py:830} INFO - Processing file /home/airflow/.local/lib/python3.8/site-packages/airflow/example_dags/example_xcomargs.py for tasks to queue
[2026-07-01T12:23:32.941+0000] {logging_mixin.py:188} INFO - [2026-07-01T12:23:32.940+0000] {dagbag.py:538} INFO - Filling up the DagBag from /home/airflow/.local/lib/python3.8/site-packages/airflow/example_dags/example_xcomargs.py
[2026-07-01T12:23:32.962+0000] {processor.py:840} INFO - DAG(s) 'example_xcom_args', 'example_xcom_args_with_operators' retrieved from /home/airflow/.local/lib/python3.8/site-packages/airflow/example_dags/example_xcomargs.py
[2026-07-01T12:23:33.019+0000] {logging_mixin.py:188} INFO - [2026-07-01T12:23:33.018+0000] {dag.py:3036} INFO - Sync 2 DAGs
[2026-07-01T12:23:33.048+0000] {logging_mixin.py:188} INFO - [2026-07-01T12:23:33.048+0000] {dag.py:3823} INFO - Setting next_dagrun for example_xcom_args to None, run_after=None
[2026-07-01T12:23:33.058+0000] {logging_mixin.py:188} INFO - [2026-07-01T12:23:33.057+0000] {dag.py:3823} INFO - Setting next_dagrun for example_xcom_args_with_operators to None, run_after=None
[2026-07-01T12:23:33.105+0000] {processor.py:183} INFO - Processing /home/airflow/.local/lib/python3.8/site-packages/airflow/example_dags/example_xcomargs.py took 0.182 seconds
[2026-07-01T12:24:04.793+0000] {processor.py:161} INFO - Started process (PID=1733) to work on /home/airflow/.local/lib/python3.8/site-packages/airflow/example_dags/example_xcomargs.py
[2026-07-01T12:24:04.801+0000] {processor.py:830} INFO - Processing file /home/airflow/.local/lib/python3.8/site-packages/airflow/example_dags/example_xcomargs.py for tasks to queue
[2026-07-01T12:24:04.816+0000] {logging_mixin.py:188} INFO - [2026-07-01T12:24:04.814+0000] {dagbag.py:538} INFO - Filling up the DagBag from /home/airflow/.local/lib/python3.8/site-packages/airflow/example_dags/example_xcomargs.py
[2026-07-01T12:24:04.913+0000] {processor.py:840} INFO - DAG(s) 'example_xcom_args_with_operators', 'example_xcom_args' retrieved from /home/airflow/.local/lib/python3.8/site-packages/airflow/example_dags/example_xcomargs.py
[2026-07-01T12:24:05.059+0000] {logging_mixin.py:188} INFO - [2026-07-01T12:24:05.058+0000] {dag.py:3036} INFO - Sync 2 DAGs
[2026-07-01T12:24:05.150+0000] {logging_mixin.py:188} INFO - [2026-07-01T12:24:05.150+0000] {dag.py:3823} INFO - Setting next_dagrun for example_xcom_args to None, run_after=None
[2026-07-01T12:24:05.163+0000] {logging_mixin.py:188} INFO - [2026-07-01T12:24:05.162+0000] {dag.py:3823} INFO - Setting next_dagrun for example_xcom_args_with_operators to None, run_after=None
[2026-07-01T12:24:05.235+0000] {processor.py:183} INFO - Processing /home/airflow/.local/lib/python3.8/site-packages/airflow/example_dags/example_xcomargs.py took 0.478 seconds
[2026-07-01T12:24:35.702+0000] {processor.py:161} INFO - Started process (PID=1789) to work on /home/airflow/.local/lib/python3.8/site-packages/airflow/example_dags/example_xcomargs.py
[2026-07-01T12:24:35.705+0000] {processor.py:830} INFO - Processing file /home/airflow/.local/lib/python3.8/site-packages/airflow/example_dags/example_xcomargs.py for tasks to queue
[2026-07-01T12:24:35.711+0000] {logging_mixin.py:188} INFO - [2026-07-01T12:24:35.710+0000] {dagbag.py:538} INFO - Filling up the DagBag from /home/airflow/.local/lib/python3.8/site-packages/airflow/example_dags/example_xcomargs.py
[2026-07-01T12:24:35.730+0000] {processor.py:840} INFO - DAG(s) 'example_xcom_args', 'example_xcom_args_with_operators' retrieved from /home/airflow/.local/lib/python3.8/site-packages/airflow/example_dags/example_xcomargs.py
[2026-07-01T12:24:35.784+0000] {logging_mixin.py:188} INFO - [2026-07-01T12:24:35.783+0000] {dag.py:3036} INFO - Sync 2 DAGs
[2026-07-01T12:24:35.818+0000] {logging_mixin.py:188} INFO - [2026-07-01T12:24:35.817+0000] {dag.py:3823} INFO - Setting next_dagrun for example_xcom_args to None, run_after=None
[2026-07-01T12:24:35.828+0000] {logging_mixin.py:188} INFO - [2026-07-01T12:24:35.827+0000] {dag.py:3823} INFO - Setting next_dagrun for example_xcom_args_with_operators to None, run_after=None
[2026-07-01T12:24:35.867+0000] {processor.py:183} INFO - Processing /home/airflow/.local/lib/python3.8/site-packages/airflow/example_dags/example_xcomargs.py took 0.174 seconds
[2026-07-01T12:25:06.699+0000] {processor.py:161} INFO - Started process (PID=1851) to work on /home/airflow/.local/lib/python3.8/site-packages/airflow/example_dags/example_xcomargs.py
[2026-07-01T12:25:06.702+0000] {processor.py:830} INFO - Processing file /home/airflow/.local/lib/python3.8/site-packages/airflow/example_dags/example_xcomargs.py for tasks to queue
[2026-07-01T12:25:06.707+0000] {logging_mixin.py:188} INFO - [2026-07-01T12:25:06.707+0000] {dagbag.py:538} INFO - Filling up the DagBag from /home/airflow/.local/lib/python3.8/site-packages/airflow/example_dags/example_xcomargs.py
[2026-07-01T12:25:06.728+0000] {processor.py:840} INFO - DAG(s) 'example_xcom_args_with_operators', 'example_xcom_args' retrieved from /home/airflow/.local/lib/python3.8/site-packages/airflow/example_dags/example_xcomargs.py
[2026-07-01T12:25:06.788+0000] {logging_mixin.py:188} INFO - [2026-07-01T12:25:06.787+0000] {dag.py:3036} INFO - Sync 2 DAGs
[2026-07-01T12:25:06.824+0000] {logging_mixin.py:188} INFO - [2026-07-01T12:25:06.823+0000] {dag.py:3823} INFO - Setting next_dagrun for example_xcom_args to None, run_after=None
[2026-07-01T12:25:06.835+0000] {logging_mixin.py:188} INFO - [2026-07-01T12:25:06.834+0000] {dag.py:3823} INFO - Setting next_dagrun for example_xcom_args_with_operators to None, run_after=None
[2026-07-01T12:25:06.874+0000] {processor.py:183} INFO - Processing /home/airflow/.local/lib/python3.8/site-packages/airflow/example_dags/example_xcomargs.py took 0.184 seconds
[2026-07-01T12:25:37.604+0000] {processor.py:161} INFO - Started process (PID=1907) to work on /home/airflow/.local/lib/python3.8/site-packages/airflow/example_dags/example_xcomargs.py
[2026-07-01T12:25:37.610+0000] {processor.py:830} INFO - Processing file /home/airflow/.local/lib/python3.8/site-packages/airflow/example_dags/example_xcomargs.py for tasks to queue
[2026-07-01T12:25:37.617+0000] {logging_mixin.py:188} INFO - [2026-07-01T12:25:37.616+0000] {dagbag.py:538} INFO - Filling up the DagBag from /home/airflow/.local/lib/python3.8/site-packages/airflow/example_dags/example_xcomargs.py
[2026-07-01T12:25:37.649+0000] {processor.py:840} INFO - DAG(s) 'example_xcom_args_with_operators', 'example_xcom_args' retrieved from /home/airflow/.local/lib/python3.8/site-packages/airflow/example_dags/example_xcomargs.py
[2026-07-01T12:25:37.751+0000] {logging_mixin.py:188} INFO - [2026-07-01T12:25:37.750+0000] {dag.py:3036} INFO - Sync 2 DAGs
[2026-07-01T12:25:37.790+0000] {logging_mixin.py:188} INFO - [2026-07-01T12:25:37.789+0000] {dag.py:3823} INFO - Setting next_dagrun for example_xcom_args to None, run_after=None
[2026-07-01T12:25:37.802+0000] {logging_mixin.py:188} INFO - [2026-07-01T12:25:37.801+0000] {dag.py:3823} INFO - Setting next_dagrun for example_xcom_args_with_operators to None, run_after=None
[2026-07-01T12:25:37.852+0000] {processor.py:183} INFO - Processing /home/airflow/.local/lib/python3.8/site-packages/airflow/example_dags/example_xcomargs.py took 0.256 seconds
[2026-07-01T12:26:08.531+0000] {processor.py:161} INFO - Started process (PID=1963) to work on /home/airflow/.local/lib/python3.8/site-packages/airflow/example_dags/example_xcomargs.py
[2026-07-01T12:26:08.534+0000] {processor.py:830} INFO - Processing file /home/airflow/.local/lib/python3.8/site-packages/airflow/example_dags/example_xcomargs.py for tasks to queue
[2026-07-01T12:26:08.539+0000] {logging_mixin.py:188} INFO - [2026-07-01T12:26:08.538+0000] {dagbag.py:538} INFO - Filling up the DagBag from /home/airflow/.local/lib/python3.8/site-packages/airflow/example_dags/example_xcomargs.py
[2026-07-01T12:26:08.559+0000] {processor.py:840} INFO - DAG(s) 'example_xcom_args_with_operators', 'example_xcom_args' retrieved from /home/airflow/.local/lib/python3.8/site-packages/airflow/example_dags/example_xcomargs.py
[2026-07-01T12:26:08.611+0000] {logging_mixin.py:188} INFO - [2026-07-01T12:26:08.611+0000] {dag.py:3036} INFO - Sync 2 DAGs
[2026-07-01T12:26:08.640+0000] {logging_mixin.py:188} INFO - [2026-07-01T12:26:08.639+0000] {dag.py:3823} INFO - Setting next_dagrun for example_xcom_args to None, run_after=None
[2026-07-01T12:26:08.649+0000] {logging_mixin.py:188} INFO - [2026-07-01T12:26:08.648+0000] {dag.py:3823} INFO - Setting next_dagrun for example_xcom_args_with_operators to None, run_after=None
[2026-07-01T12:26:08.691+0000] {processor.py:183} INFO - Processing /home/airflow/.local/lib/python3.8/site-packages/airflow/example_dags/example_xcomargs.py took 0.168 seconds
[2026-07-01T12:26:39.081+0000] {processor.py:161} INFO - Started process (PID=2018) to work on /home/airflow/.local/lib/python3.8/site-packages/airflow/example_dags/example_xcomargs.py
[2026-07-01T12:26:39.085+0000] {processor.py:830} INFO - Processing file /home/airflow/.local/lib/python3.8/site-packages/airflow/example_dags/example_xcomargs.py for tasks to queue
[2026-07-01T12:26:39.091+0000] {logging_mixin.py:188} INFO - [2026-07-01T12:26:39.090+0000] {dagbag.py:538} INFO - Filling up the DagBag from /home/airflow/.local/lib/python3.8/site-packages/airflow/example_dags/example_xcomargs.py
[2026-07-01T12:26:39.110+0000] {processor.py:840} INFO - DAG(s) 'example_xcom_args_with_operators', 'example_xcom_args' retrieved from /home/airflow/.local/lib/python3.8/site-packages/airflow/example_dags/example_xcomargs.py
[2026-07-01T12:26:39.167+0000] {logging_mixin.py:188} INFO - [2026-07-01T12:26:39.167+0000] {dag.py:3036} INFO - Sync 2 DAGs
[2026-07-01T12:26:39.199+0000] {logging_mixin.py:188} INFO - [2026-07-01T12:26:39.199+0000] {dag.py:3823} INFO - Setting next_dagrun for example_xcom_args to None, run_after=None
[2026-07-01T12:26:39.208+0000] {logging_mixin.py:188} INFO - [2026-07-01T12:26:39.207+0000] {dag.py:3823} INFO - Setting next_dagrun for example_xcom_args_with_operators to None, run_after=None
[2026-07-01T12:26:39.248+0000] {processor.py:183} INFO - Processing /home/airflow/.local/lib/python3.8/site-packages/airflow/example_dags/example_xcomargs.py took 0.174 seconds
[2026-07-01T12:27:10.053+0000] {processor.py:161} INFO - Started process (PID=2074) to work on /home/airflow/.local/lib/python3.8/site-packages/airflow/example_dags/example_xcomargs.py
[2026-07-01T12:27:10.057+0000] {processor.py:830} INFO - Processing file /home/airflow/.local/lib/python3.8/site-packages/airflow/example_dags/example_xcomargs.py for tasks to queue
[2026-07-01T12:27:10.064+0000] {logging_mixin.py:188} INFO - [2026-07-01T12:27:10.064+0000] {dagbag.py:538} INFO - Filling up the DagBag from /home/airflow/.local/lib/python3.8/site-packages/airflow/example_dags/example_xcomargs.py
[2026-07-01T12:27:10.094+0000] {processor.py:840} INFO - DAG(s) 'example_xcom_args_with_operators', 'example_xcom_args' retrieved from /home/airflow/.local/lib/python3.8/site-packages/airflow/example_dags/example_xcomargs.py
[2026-07-01T12:27:10.152+0000] {logging_mixin.py:188} INFO - [2026-07-01T12:27:10.151+0000] {dag.py:3036} INFO - Sync 2 DAGs
[2026-07-01T12:27:10.184+0000] {logging_mixin.py:188} INFO - [2026-07-01T12:27:10.184+0000] {dag.py:3823} INFO - Setting next_dagrun for example_xcom_args to None, run_after=None
[2026-07-01T12:27:10.196+0000] {logging_mixin.py:188} INFO - [2026-07-01T12:27:10.195+0000] {dag.py:3823} INFO - Setting next_dagrun for example_xcom_args_with_operators to None, run_after=None
[2026-07-01T12:27:10.237+0000] {processor.py:183} INFO - Processing /home/airflow/.local/lib/python3.8/site-packages/airflow/example_dags/example_xcomargs.py took 0.195 seconds
[2026-07-01T12:27:40.789+0000] {processor.py:161} INFO - Started process (PID=2130) to work on /home/airflow/.local/lib/python3.8/site-packages/airflow/example_dags/example_xcomargs.py
[2026-07-01T12:27:40.793+0000] {processor.py:830} INFO - Processing file /home/airflow/.local/lib/python3.8/site-packages/airflow/example_dags/example_xcomargs.py for tasks to queue
[2026-07-01T12:27:40.799+0000] {logging_mixin.py:188} INFO - [2026-07-01T12:27:40.798+0000] {dagbag.py:538} INFO - Filling up the DagBag from /home/airflow/.local/lib/python3.8/site-packages/airflow/example_dags/example_xcomargs.py
[2026-07-01T12:27:40.824+0000] {processor.py:840} INFO - DAG(s) 'example_xcom_args', 'example_xcom_args_with_operators' retrieved from /home/airflow/.local/lib/python3.8/site-packages/airflow/example_dags/example_xcomargs.py
[2026-07-01T12:27:40.895+0000] {logging_mixin.py:188} INFO - [2026-07-01T12:27:40.894+0000] {dag.py:3036} INFO - Sync 2 DAGs
[2026-07-01T12:27:40.937+0000] {logging_mixin.py:188} INFO - [2026-07-01T12:27:40.936+0000] {dag.py:3823} INFO - Setting next_dagrun for example_xcom_args to None, run_after=None
[2026-07-01T12:27:40.949+0000] {logging_mixin.py:188} INFO - [2026-07-01T12:27:40.948+0000] {dag.py:3823} INFO - Setting next_dagrun for example_xcom_args_with_operators to None, run_after=None
[2026-07-01T12:27:40.996+0000] {processor.py:183} INFO - Processing /home/airflow/.local/lib/python3.8/site-packages/airflow/example_dags/example_xcomargs.py took 0.216 seconds
[2026-07-01T12:28:11.277+0000] {processor.py:161} INFO - Started process (PID=2186) to work on /home/airflow/.local/lib/python3.8/site-packages/airflow/example_dags/example_xcomargs.py
[2026-07-01T12:28:11.282+0000] {processor.py:830} INFO - Processing file /home/airflow/.local/lib/python3.8/site-packages/airflow/example_dags/example_xcomargs.py for tasks to queue
[2026-07-01T12:28:11.288+0000] {logging_mixin.py:188} INFO - [2026-07-01T12:28:11.287+0000] {dagbag.py:538} INFO - Filling up the DagBag from /home/airflow/.local/lib/python3.8/site-packages/airflow/example_dags/example_xcomargs.py
[2026-07-01T12:28:11.318+0000] {processor.py:840} INFO - DAG(s) 'example_xcom_args', 'example_xcom_args_with_operators' retrieved from /home/airflow/.local/lib/python3.8/site-packages/airflow/example_dags/example_xcomargs.py
[2026-07-01T12:28:11.394+0000] {logging_mixin.py:188} INFO - [2026-07-01T12:28:11.393+0000] {dag.py:3036} INFO - Sync 2 DAGs
[2026-07-01T12:28:11.434+0000] {logging_mixin.py:188} INFO - [2026-07-01T12:28:11.434+0000] {dag.py:3823} INFO - Setting next_dagrun for example_xcom_args to None, run_after=None
[2026-07-01T12:28:11.444+0000] {logging_mixin.py:188} INFO - [2026-07-01T12:28:11.444+0000] {dag.py:3823} INFO - Setting next_dagrun for example_xcom_args_with_operators to None, run_after=None
[2026-07-01T12:28:11.493+0000] {processor.py:183} INFO - Processing /home/airflow/.local/lib/python3.8/site-packages/airflow/example_dags/example_xcomargs.py took 0.225 seconds
[2026-07-01T12:28:41.863+0000] {processor.py:161} INFO - Started process (PID=2243) to work on /home/airflow/.local/lib/python3.8/site-packages/airflow/example_dags/example_xcomargs.py
[2026-07-01T12:28:41.867+0000] {processor.py:830} INFO - Processing file /home/airflow/.local/lib/python3.8/site-packages/airflow/example_dags/example_xcomargs.py for tasks to queue
[2026-07-01T12:28:41.874+0000] {logging_mixin.py:188} INFO - [2026-07-01T12:28:41.873+0000] {dagbag.py:538} INFO - Filling up the DagBag from /home/airflow/.local/lib/python3.8/site-packages/airflow/example_dags/example_xcomargs.py
[2026-07-01T12:28:41.901+0000] {processor.py:840} INFO - DAG(s) 'example_xcom_args', 'example_xcom_args_with_operators' retrieved from /home/airflow/.local/lib/python3.8/site-packages/airflow/example_dags/example_xcomargs.py
[2026-07-01T12:28:41.966+0000] {logging_mixin.py:188} INFO - [2026-07-01T12:28:41.965+0000] {dag.py:3036} INFO - Sync 2 DAGs
[2026-07-01T12:28:42.000+0000] {logging_mixin.py:188} INFO - [2026-07-01T12:28:42.000+0000] {dag.py:3823} INFO - Setting next_dagrun for example_xcom_args to None, run_after=None
[2026-07-01T12:28:42.011+0000] {logging_mixin.py:188} INFO - [2026-07-01T12:28:42.010+0000] {dag.py:3823} INFO - Setting next_dagrun for example_xcom_args_with_operators to None, run_after=None
[2026-07-01T12:28:42.058+0000] {processor.py:183} INFO - Processing /home/airflow/.local/lib/python3.8/site-packages/airflow/example_dags/example_xcomargs.py took 0.210 seconds
[2026-07-01T12:29:12.317+0000] {processor.py:161} INFO - Started process (PID=2300) to work on /home/airflow/.local/lib/python3.8/site-packages/airflow/example_dags/example_xcomargs.py
[2026-07-01T12:29:12.320+0000] {processor.py:830} INFO - Processing file /home/airflow/.local/lib/python3.8/site-packages/airflow/example_dags/example_xcomargs.py for tasks to queue
[2026-07-01T12:29:12.326+0000] {logging_mixin.py:188} INFO - [2026-07-01T12:29:12.325+0000] {dagbag.py:538} INFO - Filling up the DagBag from /home/airflow/.local/lib/python3.8/site-packages/airflow/example_dags/example_xcomargs.py
[2026-07-01T12:29:12.347+0000] {processor.py:840} INFO - DAG(s) 'example_xcom_args_with_operators', 'example_xcom_args' retrieved from /home/airflow/.local/lib/python3.8/site-packages/airflow/example_dags/example_xcomargs.py
[2026-07-01T12:29:12.449+0000] {logging_mixin.py:188} INFO - [2026-07-01T12:29:12.448+0000] {dag.py:3036} INFO - Sync 2 DAGs
[2026-07-01T12:29:12.532+0000] {logging_mixin.py:188} INFO - [2026-07-01T12:29:12.531+0000] {dag.py:3823} INFO - Setting next_dagrun for example_xcom_args to None, run_after=None
[2026-07-01T12:29:12.544+0000] {logging_mixin.py:188} INFO - [2026-07-01T12:29:12.544+0000] {dag.py:3823} INFO - Setting next_dagrun for example_xcom_args_with_operators to None, run_after=None
[2026-07-01T12:29:12.628+0000] {processor.py:183} INFO - Processing /home/airflow/.local/lib/python3.8/site-packages/airflow/example_dags/example_xcomargs.py took 0.320 seconds
[2026-07-01T12:29:43.113+0000] {processor.py:161} INFO - Started process (PID=2356) to work on /home/airflow/.local/lib/python3.8/site-packages/airflow/example_dags/example_xcomargs.py
[2026-07-01T12:29:43.116+0000] {processor.py:830} INFO - Processing file /home/airflow/.local/lib/python3.8/site-packages/airflow/example_dags/example_xcomargs.py for tasks to queue
[2026-07-01T12:29:43.122+0000] {logging_mixin.py:188} INFO - [2026-07-01T12:29:43.121+0000] {dagbag.py:538} INFO - Filling up the DagBag from /home/airflow/.local/lib/python3.8/site-packages/airflow/example_dags/example_xcomargs.py
[2026-07-01T12:29:43.141+0000] {processor.py:840} INFO - DAG(s) 'example_xcom_args_with_operators', 'example_xcom_args' retrieved from /home/airflow/.local/lib/python3.8/site-packages/airflow/example_dags/example_xcomargs.py
[2026-07-01T12:29:43.190+0000] {logging_mixin.py:188} INFO - [2026-07-01T12:29:43.190+0000] {dag.py:3036} INFO - Sync 2 DAGs
[2026-07-01T12:29:43.217+0000] {logging_mixin.py:188} INFO - [2026-07-01T12:29:43.216+0000] {dag.py:3823} INFO - Setting next_dagrun for example_xcom_args to None, run_after=None
[2026-07-01T12:29:43.226+0000] {logging_mixin.py:188} INFO - [2026-07-01T12:29:43.226+0000] {dag.py:3823} INFO - Setting next_dagrun for example_xcom_args_with_operators to None, run_after=None
[2026-07-01T12:29:43.261+0000] {processor.py:183} INFO - Processing /home/airflow/.local/lib/python3.8/site-packages/airflow/example_dags/example_xcomargs.py took 0.155 seconds
