[2026-07-01T11:58:36.470+0000] {processor.py:161} INFO - Started process (PID=115) to work on /home/airflow/.local/lib/python3.8/site-packages/airflow/example_dags/example_short_circuit_decorator.py
[2026-07-01T11:58:36.478+0000] {processor.py:830} INFO - Processing file /home/airflow/.local/lib/python3.8/site-packages/airflow/example_dags/example_short_circuit_decorator.py for tasks to queue
[2026-07-01T11:58:36.493+0000] {logging_mixin.py:188} INFO - [2026-07-01T11:58:36.492+0000] {dagbag.py:538} INFO - Filling up the DagBag from /home/airflow/.local/lib/python3.8/site-packages/airflow/example_dags/example_short_circuit_decorator.py
[2026-07-01T11:58:36.541+0000] {processor.py:840} INFO - DAG(s) 'example_short_circuit_decorator' retrieved from /home/airflow/.local/lib/python3.8/site-packages/airflow/example_dags/example_short_circuit_decorator.py
[2026-07-01T11:58:37.028+0000] {logging_mixin.py:188} INFO - [2026-07-01T11:58:37.027+0000] {dag.py:3036} INFO - Sync 1 DAGs
[2026-07-01T11:58:37.102+0000] {logging_mixin.py:188} INFO - [2026-07-01T11:58:37.101+0000] {dag.py:3823} INFO - Setting next_dagrun for example_short_circuit_decorator to 2026-06-30 00:00:00+00:00, run_after=2026-07-01 00:00:00+00:00
[2026-07-01T11:58:37.220+0000] {processor.py:183} INFO - Processing /home/airflow/.local/lib/python3.8/site-packages/airflow/example_dags/example_short_circuit_decorator.py took 0.764 seconds
[2026-07-01T11:59:07.849+0000] {processor.py:161} INFO - Started process (PID=170) to work on /home/airflow/.local/lib/python3.8/site-packages/airflow/example_dags/example_short_circuit_decorator.py
[2026-07-01T11:59:07.852+0000] {processor.py:830} INFO - Processing file /home/airflow/.local/lib/python3.8/site-packages/airflow/example_dags/example_short_circuit_decorator.py for tasks to queue
[2026-07-01T11:59:07.866+0000] {logging_mixin.py:188} INFO - [2026-07-01T11:59:07.865+0000] {dagbag.py:538} INFO - Filling up the DagBag from /home/airflow/.local/lib/python3.8/site-packages/airflow/example_dags/example_short_circuit_decorator.py
[2026-07-01T11:59:07.977+0000] {processor.py:840} INFO - DAG(s) 'example_short_circuit_decorator' retrieved from /home/airflow/.local/lib/python3.8/site-packages/airflow/example_dags/example_short_circuit_decorator.py
[2026-07-01T11:59:08.067+0000] {logging_mixin.py:188} INFO - [2026-07-01T11:59:08.066+0000] {dag.py:3036} INFO - Sync 1 DAGs
[2026-07-01T11:59:08.177+0000] {logging_mixin.py:188} INFO - [2026-07-01T11:59:08.177+0000] {dag.py:3823} INFO - Setting next_dagrun for example_short_circuit_decorator to 2026-06-30 00:00:00+00:00, run_after=2026-07-01 00:00:00+00:00
[2026-07-01T11:59:08.253+0000] {processor.py:183} INFO - Processing /home/airflow/.local/lib/python3.8/site-packages/airflow/example_dags/example_short_circuit_decorator.py took 0.417 seconds
[2026-07-01T11:59:38.450+0000] {processor.py:161} INFO - Started process (PID=225) to work on /home/airflow/.local/lib/python3.8/site-packages/airflow/example_dags/example_short_circuit_decorator.py
[2026-07-01T11:59:38.453+0000] {processor.py:830} INFO - Processing file /home/airflow/.local/lib/python3.8/site-packages/airflow/example_dags/example_short_circuit_decorator.py for tasks to queue
[2026-07-01T11:59:38.459+0000] {logging_mixin.py:188} INFO - [2026-07-01T11:59:38.458+0000] {dagbag.py:538} INFO - Filling up the DagBag from /home/airflow/.local/lib/python3.8/site-packages/airflow/example_dags/example_short_circuit_decorator.py
[2026-07-01T11:59:38.482+0000] {processor.py:840} INFO - DAG(s) 'example_short_circuit_decorator' retrieved from /home/airflow/.local/lib/python3.8/site-packages/airflow/example_dags/example_short_circuit_decorator.py
[2026-07-01T11:59:38.543+0000] {logging_mixin.py:188} INFO - [2026-07-01T11:59:38.542+0000] {dag.py:3036} INFO - Sync 1 DAGs
[2026-07-01T11:59:38.616+0000] {logging_mixin.py:188} INFO - [2026-07-01T11:59:38.615+0000] {dag.py:3823} INFO - Setting next_dagrun for example_short_circuit_decorator to 2026-06-30 00:00:00+00:00, run_after=2026-07-01 00:00:00+00:00
[2026-07-01T11:59:38.686+0000] {processor.py:183} INFO - Processing /home/airflow/.local/lib/python3.8/site-packages/airflow/example_dags/example_short_circuit_decorator.py took 0.244 seconds
[2026-07-01T12:00:08.881+0000] {processor.py:161} INFO - Started process (PID=280) to work on /home/airflow/.local/lib/python3.8/site-packages/airflow/example_dags/example_short_circuit_decorator.py
[2026-07-01T12:00:08.885+0000] {processor.py:830} INFO - Processing file /home/airflow/.local/lib/python3.8/site-packages/airflow/example_dags/example_short_circuit_decorator.py for tasks to queue
[2026-07-01T12:00:08.892+0000] {logging_mixin.py:188} INFO - [2026-07-01T12:00:08.891+0000] {dagbag.py:538} INFO - Filling up the DagBag from /home/airflow/.local/lib/python3.8/site-packages/airflow/example_dags/example_short_circuit_decorator.py
[2026-07-01T12:00:08.916+0000] {processor.py:840} INFO - DAG(s) 'example_short_circuit_decorator' retrieved from /home/airflow/.local/lib/python3.8/site-packages/airflow/example_dags/example_short_circuit_decorator.py
[2026-07-01T12:00:08.950+0000] {logging_mixin.py:188} INFO - [2026-07-01T12:00:08.950+0000] {dag.py:3036} INFO - Sync 1 DAGs
[2026-07-01T12:00:09.024+0000] {logging_mixin.py:188} INFO - [2026-07-01T12:00:09.023+0000] {dag.py:3823} INFO - Setting next_dagrun for example_short_circuit_decorator to 2026-06-30 00:00:00+00:00, run_after=2026-07-01 00:00:00+00:00
[2026-07-01T12:00:09.092+0000] {processor.py:183} INFO - Processing /home/airflow/.local/lib/python3.8/site-packages/airflow/example_dags/example_short_circuit_decorator.py took 0.218 seconds
[2026-07-01T12:00:39.725+0000] {processor.py:161} INFO - Started process (PID=335) to work on /home/airflow/.local/lib/python3.8/site-packages/airflow/example_dags/example_short_circuit_decorator.py
[2026-07-01T12:00:39.730+0000] {processor.py:830} INFO - Processing file /home/airflow/.local/lib/python3.8/site-packages/airflow/example_dags/example_short_circuit_decorator.py for tasks to queue
[2026-07-01T12:00:39.736+0000] {logging_mixin.py:188} INFO - [2026-07-01T12:00:39.735+0000] {dagbag.py:538} INFO - Filling up the DagBag from /home/airflow/.local/lib/python3.8/site-packages/airflow/example_dags/example_short_circuit_decorator.py
[2026-07-01T12:00:39.764+0000] {processor.py:840} INFO - DAG(s) 'example_short_circuit_decorator' retrieved from /home/airflow/.local/lib/python3.8/site-packages/airflow/example_dags/example_short_circuit_decorator.py
[2026-07-01T12:00:40.050+0000] {logging_mixin.py:188} INFO - [2026-07-01T12:00:40.049+0000] {dag.py:3036} INFO - Sync 1 DAGs
[2026-07-01T12:00:40.099+0000] {logging_mixin.py:188} INFO - [2026-07-01T12:00:40.098+0000] {dag.py:3823} INFO - Setting next_dagrun for example_short_circuit_decorator to 2026-06-30 00:00:00+00:00, run_after=2026-07-01 00:00:00+00:00
[2026-07-01T12:00:40.146+0000] {processor.py:183} INFO - Processing /home/airflow/.local/lib/python3.8/site-packages/airflow/example_dags/example_short_circuit_decorator.py took 0.431 seconds
[2026-07-01T12:01:10.254+0000] {processor.py:161} INFO - Started process (PID=389) to work on /home/airflow/.local/lib/python3.8/site-packages/airflow/example_dags/example_short_circuit_decorator.py
[2026-07-01T12:01:10.257+0000] {processor.py:830} INFO - Processing file /home/airflow/.local/lib/python3.8/site-packages/airflow/example_dags/example_short_circuit_decorator.py for tasks to queue
[2026-07-01T12:01:10.263+0000] {logging_mixin.py:188} INFO - [2026-07-01T12:01:10.263+0000] {dagbag.py:538} INFO - Filling up the DagBag from /home/airflow/.local/lib/python3.8/site-packages/airflow/example_dags/example_short_circuit_decorator.py
[2026-07-01T12:01:10.289+0000] {processor.py:840} INFO - DAG(s) 'example_short_circuit_decorator' retrieved from /home/airflow/.local/lib/python3.8/site-packages/airflow/example_dags/example_short_circuit_decorator.py
[2026-07-01T12:01:10.355+0000] {logging_mixin.py:188} INFO - [2026-07-01T12:01:10.354+0000] {dag.py:3036} INFO - Sync 1 DAGs
[2026-07-01T12:01:10.423+0000] {logging_mixin.py:188} INFO - [2026-07-01T12:01:10.422+0000] {dag.py:3823} INFO - Setting next_dagrun for example_short_circuit_decorator to 2026-06-30 00:00:00+00:00, run_after=2026-07-01 00:00:00+00:00
[2026-07-01T12:01:10.482+0000] {processor.py:183} INFO - Processing /home/airflow/.local/lib/python3.8/site-packages/airflow/example_dags/example_short_circuit_decorator.py took 0.238 seconds
[2026-07-01T12:01:41.111+0000] {processor.py:161} INFO - Started process (PID=444) to work on /home/airflow/.local/lib/python3.8/site-packages/airflow/example_dags/example_short_circuit_decorator.py
[2026-07-01T12:01:41.114+0000] {processor.py:830} INFO - Processing file /home/airflow/.local/lib/python3.8/site-packages/airflow/example_dags/example_short_circuit_decorator.py for tasks to queue
[2026-07-01T12:01:41.121+0000] {logging_mixin.py:188} INFO - [2026-07-01T12:01:41.121+0000] {dagbag.py:538} INFO - Filling up the DagBag from /home/airflow/.local/lib/python3.8/site-packages/airflow/example_dags/example_short_circuit_decorator.py
[2026-07-01T12:01:41.155+0000] {processor.py:840} INFO - DAG(s) 'example_short_circuit_decorator' retrieved from /home/airflow/.local/lib/python3.8/site-packages/airflow/example_dags/example_short_circuit_decorator.py
[2026-07-01T12:01:41.241+0000] {logging_mixin.py:188} INFO - [2026-07-01T12:01:41.241+0000] {dag.py:3036} INFO - Sync 1 DAGs
[2026-07-01T12:01:41.332+0000] {logging_mixin.py:188} INFO - [2026-07-01T12:01:41.332+0000] {dag.py:3823} INFO - Setting next_dagrun for example_short_circuit_decorator to 2026-06-30 00:00:00+00:00, run_after=2026-07-01 00:00:00+00:00
[2026-07-01T12:01:41.433+0000] {processor.py:183} INFO - Processing /home/airflow/.local/lib/python3.8/site-packages/airflow/example_dags/example_short_circuit_decorator.py took 0.334 seconds
[2026-07-01T12:02:11.633+0000] {processor.py:161} INFO - Started process (PID=500) to work on /home/airflow/.local/lib/python3.8/site-packages/airflow/example_dags/example_short_circuit_decorator.py
[2026-07-01T12:02:11.637+0000] {processor.py:830} INFO - Processing file /home/airflow/.local/lib/python3.8/site-packages/airflow/example_dags/example_short_circuit_decorator.py for tasks to queue
[2026-07-01T12:02:11.643+0000] {logging_mixin.py:188} INFO - [2026-07-01T12:02:11.643+0000] {dagbag.py:538} INFO - Filling up the DagBag from /home/airflow/.local/lib/python3.8/site-packages/airflow/example_dags/example_short_circuit_decorator.py
[2026-07-01T12:02:11.669+0000] {processor.py:840} INFO - DAG(s) 'example_short_circuit_decorator' retrieved from /home/airflow/.local/lib/python3.8/site-packages/airflow/example_dags/example_short_circuit_decorator.py
[2026-07-01T12:02:11.729+0000] {logging_mixin.py:188} INFO - [2026-07-01T12:02:11.729+0000] {dag.py:3036} INFO - Sync 1 DAGs
[2026-07-01T12:02:11.783+0000] {logging_mixin.py:188} INFO - [2026-07-01T12:02:11.783+0000] {dag.py:3823} INFO - Setting next_dagrun for example_short_circuit_decorator to 2026-06-30 00:00:00+00:00, run_after=2026-07-01 00:00:00+00:00
[2026-07-01T12:02:11.828+0000] {processor.py:183} INFO - Processing /home/airflow/.local/lib/python3.8/site-packages/airflow/example_dags/example_short_circuit_decorator.py took 0.203 seconds
[2026-07-01T12:02:42.179+0000] {processor.py:161} INFO - Started process (PID=556) to work on /home/airflow/.local/lib/python3.8/site-packages/airflow/example_dags/example_short_circuit_decorator.py
[2026-07-01T12:02:42.183+0000] {processor.py:830} INFO - Processing file /home/airflow/.local/lib/python3.8/site-packages/airflow/example_dags/example_short_circuit_decorator.py for tasks to queue
[2026-07-01T12:02:42.189+0000] {logging_mixin.py:188} INFO - [2026-07-01T12:02:42.188+0000] {dagbag.py:538} INFO - Filling up the DagBag from /home/airflow/.local/lib/python3.8/site-packages/airflow/example_dags/example_short_circuit_decorator.py
[2026-07-01T12:02:42.210+0000] {processor.py:840} INFO - DAG(s) 'example_short_circuit_decorator' retrieved from /home/airflow/.local/lib/python3.8/site-packages/airflow/example_dags/example_short_circuit_decorator.py
[2026-07-01T12:02:42.262+0000] {logging_mixin.py:188} INFO - [2026-07-01T12:02:42.262+0000] {dag.py:3036} INFO - Sync 1 DAGs
[2026-07-01T12:02:42.316+0000] {logging_mixin.py:188} INFO - [2026-07-01T12:02:42.315+0000] {dag.py:3823} INFO - Setting next_dagrun for example_short_circuit_decorator to 2026-06-30 00:00:00+00:00, run_after=2026-07-01 00:00:00+00:00
[2026-07-01T12:02:42.354+0000] {processor.py:183} INFO - Processing /home/airflow/.local/lib/python3.8/site-packages/airflow/example_dags/example_short_circuit_decorator.py took 0.184 seconds
[2026-07-01T12:03:12.876+0000] {processor.py:161} INFO - Started process (PID=611) to work on /home/airflow/.local/lib/python3.8/site-packages/airflow/example_dags/example_short_circuit_decorator.py
[2026-07-01T12:03:12.879+0000] {processor.py:830} INFO - Processing file /home/airflow/.local/lib/python3.8/site-packages/airflow/example_dags/example_short_circuit_decorator.py for tasks to queue
[2026-07-01T12:03:12.885+0000] {logging_mixin.py:188} INFO - [2026-07-01T12:03:12.884+0000] {dagbag.py:538} INFO - Filling up the DagBag from /home/airflow/.local/lib/python3.8/site-packages/airflow/example_dags/example_short_circuit_decorator.py
[2026-07-01T12:03:12.906+0000] {processor.py:840} INFO - DAG(s) 'example_short_circuit_decorator' retrieved from /home/airflow/.local/lib/python3.8/site-packages/airflow/example_dags/example_short_circuit_decorator.py
[2026-07-01T12:03:12.960+0000] {logging_mixin.py:188} INFO - [2026-07-01T12:03:12.959+0000] {dag.py:3036} INFO - Sync 1 DAGs
[2026-07-01T12:03:13.014+0000] {logging_mixin.py:188} INFO - [2026-07-01T12:03:13.014+0000] {dag.py:3823} INFO - Setting next_dagrun for example_short_circuit_decorator to 2026-06-30 00:00:00+00:00, run_after=2026-07-01 00:00:00+00:00
[2026-07-01T12:03:13.056+0000] {processor.py:183} INFO - Processing /home/airflow/.local/lib/python3.8/site-packages/airflow/example_dags/example_short_circuit_decorator.py took 0.188 seconds
[2026-07-01T12:03:43.190+0000] {processor.py:161} INFO - Started process (PID=667) to work on /home/airflow/.local/lib/python3.8/site-packages/airflow/example_dags/example_short_circuit_decorator.py
[2026-07-01T12:03:43.193+0000] {processor.py:830} INFO - Processing file /home/airflow/.local/lib/python3.8/site-packages/airflow/example_dags/example_short_circuit_decorator.py for tasks to queue
[2026-07-01T12:03:43.198+0000] {logging_mixin.py:188} INFO - [2026-07-01T12:03:43.198+0000] {dagbag.py:538} INFO - Filling up the DagBag from /home/airflow/.local/lib/python3.8/site-packages/airflow/example_dags/example_short_circuit_decorator.py
[2026-07-01T12:03:43.220+0000] {processor.py:840} INFO - DAG(s) 'example_short_circuit_decorator' retrieved from /home/airflow/.local/lib/python3.8/site-packages/airflow/example_dags/example_short_circuit_decorator.py
[2026-07-01T12:03:43.269+0000] {logging_mixin.py:188} INFO - [2026-07-01T12:03:43.268+0000] {dag.py:3036} INFO - Sync 1 DAGs
[2026-07-01T12:03:43.321+0000] {logging_mixin.py:188} INFO - [2026-07-01T12:03:43.321+0000] {dag.py:3823} INFO - Setting next_dagrun for example_short_circuit_decorator to 2026-06-30 00:00:00+00:00, run_after=2026-07-01 00:00:00+00:00
[2026-07-01T12:03:43.361+0000] {processor.py:183} INFO - Processing /home/airflow/.local/lib/python3.8/site-packages/airflow/example_dags/example_short_circuit_decorator.py took 0.179 seconds
[2026-07-01T12:04:13.923+0000] {processor.py:161} INFO - Started process (PID=721) to work on /home/airflow/.local/lib/python3.8/site-packages/airflow/example_dags/example_short_circuit_decorator.py
[2026-07-01T12:04:13.928+0000] {processor.py:830} INFO - Processing file /home/airflow/.local/lib/python3.8/site-packages/airflow/example_dags/example_short_circuit_decorator.py for tasks to queue
[2026-07-01T12:04:13.934+0000] {logging_mixin.py:188} INFO - [2026-07-01T12:04:13.933+0000] {dagbag.py:538} INFO - Filling up the DagBag from /home/airflow/.local/lib/python3.8/site-packages/airflow/example_dags/example_short_circuit_decorator.py
[2026-07-01T12:04:13.962+0000] {processor.py:840} INFO - DAG(s) 'example_short_circuit_decorator' retrieved from /home/airflow/.local/lib/python3.8/site-packages/airflow/example_dags/example_short_circuit_decorator.py
[2026-07-01T12:04:14.060+0000] {logging_mixin.py:188} INFO - [2026-07-01T12:04:14.059+0000] {dag.py:3036} INFO - Sync 1 DAGs
[2026-07-01T12:04:14.180+0000] {logging_mixin.py:188} INFO - [2026-07-01T12:04:14.177+0000] {dag.py:3823} INFO - Setting next_dagrun for example_short_circuit_decorator to 2026-06-30 00:00:00+00:00, run_after=2026-07-01 00:00:00+00:00
[2026-07-01T12:04:14.278+0000] {processor.py:183} INFO - Processing /home/airflow/.local/lib/python3.8/site-packages/airflow/example_dags/example_short_circuit_decorator.py took 0.365 seconds
[2026-07-01T12:04:44.899+0000] {processor.py:161} INFO - Started process (PID=775) to work on /home/airflow/.local/lib/python3.8/site-packages/airflow/example_dags/example_short_circuit_decorator.py
[2026-07-01T12:04:44.903+0000] {processor.py:830} INFO - Processing file /home/airflow/.local/lib/python3.8/site-packages/airflow/example_dags/example_short_circuit_decorator.py for tasks to queue
[2026-07-01T12:04:44.910+0000] {logging_mixin.py:188} INFO - [2026-07-01T12:04:44.910+0000] {dagbag.py:538} INFO - Filling up the DagBag from /home/airflow/.local/lib/python3.8/site-packages/airflow/example_dags/example_short_circuit_decorator.py
[2026-07-01T12:04:44.939+0000] {processor.py:840} INFO - DAG(s) 'example_short_circuit_decorator' retrieved from /home/airflow/.local/lib/python3.8/site-packages/airflow/example_dags/example_short_circuit_decorator.py
[2026-07-01T12:04:44.998+0000] {logging_mixin.py:188} INFO - [2026-07-01T12:04:44.997+0000] {dag.py:3036} INFO - Sync 1 DAGs
[2026-07-01T12:04:45.063+0000] {logging_mixin.py:188} INFO - [2026-07-01T12:04:45.062+0000] {dag.py:3823} INFO - Setting next_dagrun for example_short_circuit_decorator to 2026-06-30 00:00:00+00:00, run_after=2026-07-01 00:00:00+00:00
[2026-07-01T12:04:45.124+0000] {processor.py:183} INFO - Processing /home/airflow/.local/lib/python3.8/site-packages/airflow/example_dags/example_short_circuit_decorator.py took 0.233 seconds
[2026-07-01T12:05:15.393+0000] {processor.py:161} INFO - Started process (PID=830) to work on /home/airflow/.local/lib/python3.8/site-packages/airflow/example_dags/example_short_circuit_decorator.py
[2026-07-01T12:05:15.397+0000] {processor.py:830} INFO - Processing file /home/airflow/.local/lib/python3.8/site-packages/airflow/example_dags/example_short_circuit_decorator.py for tasks to queue
[2026-07-01T12:05:15.404+0000] {logging_mixin.py:188} INFO - [2026-07-01T12:05:15.403+0000] {dagbag.py:538} INFO - Filling up the DagBag from /home/airflow/.local/lib/python3.8/site-packages/airflow/example_dags/example_short_circuit_decorator.py
[2026-07-01T12:05:15.430+0000] {processor.py:840} INFO - DAG(s) 'example_short_circuit_decorator' retrieved from /home/airflow/.local/lib/python3.8/site-packages/airflow/example_dags/example_short_circuit_decorator.py
[2026-07-01T12:05:15.495+0000] {logging_mixin.py:188} INFO - [2026-07-01T12:05:15.494+0000] {dag.py:3036} INFO - Sync 1 DAGs
[2026-07-01T12:05:15.561+0000] {logging_mixin.py:188} INFO - [2026-07-01T12:05:15.561+0000] {dag.py:3823} INFO - Setting next_dagrun for example_short_circuit_decorator to 2026-06-30 00:00:00+00:00, run_after=2026-07-01 00:00:00+00:00
[2026-07-01T12:05:15.610+0000] {processor.py:183} INFO - Processing /home/airflow/.local/lib/python3.8/site-packages/airflow/example_dags/example_short_circuit_decorator.py took 0.227 seconds
[2026-07-01T12:05:45.830+0000] {processor.py:161} INFO - Started process (PID=885) to work on /home/airflow/.local/lib/python3.8/site-packages/airflow/example_dags/example_short_circuit_decorator.py
[2026-07-01T12:05:45.835+0000] {processor.py:830} INFO - Processing file /home/airflow/.local/lib/python3.8/site-packages/airflow/example_dags/example_short_circuit_decorator.py for tasks to queue
[2026-07-01T12:05:45.842+0000] {logging_mixin.py:188} INFO - [2026-07-01T12:05:45.841+0000] {dagbag.py:538} INFO - Filling up the DagBag from /home/airflow/.local/lib/python3.8/site-packages/airflow/example_dags/example_short_circuit_decorator.py
[2026-07-01T12:05:45.873+0000] {processor.py:840} INFO - DAG(s) 'example_short_circuit_decorator' retrieved from /home/airflow/.local/lib/python3.8/site-packages/airflow/example_dags/example_short_circuit_decorator.py
[2026-07-01T12:05:45.940+0000] {logging_mixin.py:188} INFO - [2026-07-01T12:05:45.939+0000] {dag.py:3036} INFO - Sync 1 DAGs
[2026-07-01T12:05:46.004+0000] {logging_mixin.py:188} INFO - [2026-07-01T12:05:46.003+0000] {dag.py:3823} INFO - Setting next_dagrun for example_short_circuit_decorator to 2026-06-30 00:00:00+00:00, run_after=2026-07-01 00:00:00+00:00
[2026-07-01T12:05:46.051+0000] {processor.py:183} INFO - Processing /home/airflow/.local/lib/python3.8/site-packages/airflow/example_dags/example_short_circuit_decorator.py took 0.234 seconds
[2026-07-01T12:06:16.716+0000] {processor.py:161} INFO - Started process (PID=940) to work on /home/airflow/.local/lib/python3.8/site-packages/airflow/example_dags/example_short_circuit_decorator.py
[2026-07-01T12:06:16.720+0000] {processor.py:830} INFO - Processing file /home/airflow/.local/lib/python3.8/site-packages/airflow/example_dags/example_short_circuit_decorator.py for tasks to queue
[2026-07-01T12:06:16.726+0000] {logging_mixin.py:188} INFO - [2026-07-01T12:06:16.725+0000] {dagbag.py:538} INFO - Filling up the DagBag from /home/airflow/.local/lib/python3.8/site-packages/airflow/example_dags/example_short_circuit_decorator.py
[2026-07-01T12:06:16.754+0000] {processor.py:840} INFO - DAG(s) 'example_short_circuit_decorator' retrieved from /home/airflow/.local/lib/python3.8/site-packages/airflow/example_dags/example_short_circuit_decorator.py
[2026-07-01T12:06:16.821+0000] {logging_mixin.py:188} INFO - [2026-07-01T12:06:16.820+0000] {dag.py:3036} INFO - Sync 1 DAGs
[2026-07-01T12:06:16.894+0000] {logging_mixin.py:188} INFO - [2026-07-01T12:06:16.894+0000] {dag.py:3823} INFO - Setting next_dagrun for example_short_circuit_decorator to 2026-06-30 00:00:00+00:00, run_after=2026-07-01 00:00:00+00:00
[2026-07-01T12:06:16.957+0000] {processor.py:183} INFO - Processing /home/airflow/.local/lib/python3.8/site-packages/airflow/example_dags/example_short_circuit_decorator.py took 0.250 seconds
[2026-07-01T12:06:47.242+0000] {processor.py:161} INFO - Started process (PID=995) to work on /home/airflow/.local/lib/python3.8/site-packages/airflow/example_dags/example_short_circuit_decorator.py
[2026-07-01T12:06:47.245+0000] {processor.py:830} INFO - Processing file /home/airflow/.local/lib/python3.8/site-packages/airflow/example_dags/example_short_circuit_decorator.py for tasks to queue
[2026-07-01T12:06:47.251+0000] {logging_mixin.py:188} INFO - [2026-07-01T12:06:47.250+0000] {dagbag.py:538} INFO - Filling up the DagBag from /home/airflow/.local/lib/python3.8/site-packages/airflow/example_dags/example_short_circuit_decorator.py
[2026-07-01T12:06:47.275+0000] {processor.py:840} INFO - DAG(s) 'example_short_circuit_decorator' retrieved from /home/airflow/.local/lib/python3.8/site-packages/airflow/example_dags/example_short_circuit_decorator.py
[2026-07-01T12:06:47.338+0000] {logging_mixin.py:188} INFO - [2026-07-01T12:06:47.338+0000] {dag.py:3036} INFO - Sync 1 DAGs
[2026-07-01T12:06:47.399+0000] {logging_mixin.py:188} INFO - [2026-07-01T12:06:47.398+0000] {dag.py:3823} INFO - Setting next_dagrun for example_short_circuit_decorator to 2026-06-30 00:00:00+00:00, run_after=2026-07-01 00:00:00+00:00
[2026-07-01T12:06:47.468+0000] {processor.py:183} INFO - Processing /home/airflow/.local/lib/python3.8/site-packages/airflow/example_dags/example_short_circuit_decorator.py took 0.234 seconds
[2026-07-01T12:07:17.596+0000] {processor.py:161} INFO - Started process (PID=1050) to work on /home/airflow/.local/lib/python3.8/site-packages/airflow/example_dags/example_short_circuit_decorator.py
[2026-07-01T12:07:17.600+0000] {processor.py:830} INFO - Processing file /home/airflow/.local/lib/python3.8/site-packages/airflow/example_dags/example_short_circuit_decorator.py for tasks to queue
[2026-07-01T12:07:17.606+0000] {logging_mixin.py:188} INFO - [2026-07-01T12:07:17.605+0000] {dagbag.py:538} INFO - Filling up the DagBag from /home/airflow/.local/lib/python3.8/site-packages/airflow/example_dags/example_short_circuit_decorator.py
[2026-07-01T12:07:17.633+0000] {processor.py:840} INFO - DAG(s) 'example_short_circuit_decorator' retrieved from /home/airflow/.local/lib/python3.8/site-packages/airflow/example_dags/example_short_circuit_decorator.py
[2026-07-01T12:07:17.699+0000] {logging_mixin.py:188} INFO - [2026-07-01T12:07:17.698+0000] {dag.py:3036} INFO - Sync 1 DAGs
[2026-07-01T12:07:17.776+0000] {logging_mixin.py:188} INFO - [2026-07-01T12:07:17.775+0000] {dag.py:3823} INFO - Setting next_dagrun for example_short_circuit_decorator to 2026-06-30 00:00:00+00:00, run_after=2026-07-01 00:00:00+00:00
[2026-07-01T12:07:17.832+0000] {processor.py:183} INFO - Processing /home/airflow/.local/lib/python3.8/site-packages/airflow/example_dags/example_short_circuit_decorator.py took 0.245 seconds
[2026-07-01T12:07:48.307+0000] {processor.py:161} INFO - Started process (PID=1106) to work on /home/airflow/.local/lib/python3.8/site-packages/airflow/example_dags/example_short_circuit_decorator.py
[2026-07-01T12:07:48.310+0000] {processor.py:830} INFO - Processing file /home/airflow/.local/lib/python3.8/site-packages/airflow/example_dags/example_short_circuit_decorator.py for tasks to queue
[2026-07-01T12:07:48.317+0000] {logging_mixin.py:188} INFO - [2026-07-01T12:07:48.316+0000] {dagbag.py:538} INFO - Filling up the DagBag from /home/airflow/.local/lib/python3.8/site-packages/airflow/example_dags/example_short_circuit_decorator.py
[2026-07-01T12:07:48.341+0000] {processor.py:840} INFO - DAG(s) 'example_short_circuit_decorator' retrieved from /home/airflow/.local/lib/python3.8/site-packages/airflow/example_dags/example_short_circuit_decorator.py
[2026-07-01T12:07:48.402+0000] {logging_mixin.py:188} INFO - [2026-07-01T12:07:48.401+0000] {dag.py:3036} INFO - Sync 1 DAGs
[2026-07-01T12:07:48.475+0000] {logging_mixin.py:188} INFO - [2026-07-01T12:07:48.475+0000] {dag.py:3823} INFO - Setting next_dagrun for example_short_circuit_decorator to 2026-06-30 00:00:00+00:00, run_after=2026-07-01 00:00:00+00:00
[2026-07-01T12:07:48.526+0000] {processor.py:183} INFO - Processing /home/airflow/.local/lib/python3.8/site-packages/airflow/example_dags/example_short_circuit_decorator.py took 0.228 seconds
[2026-07-01T12:08:19.205+0000] {processor.py:161} INFO - Started process (PID=1161) to work on /home/airflow/.local/lib/python3.8/site-packages/airflow/example_dags/example_short_circuit_decorator.py
[2026-07-01T12:08:19.208+0000] {processor.py:830} INFO - Processing file /home/airflow/.local/lib/python3.8/site-packages/airflow/example_dags/example_short_circuit_decorator.py for tasks to queue
[2026-07-01T12:08:19.217+0000] {logging_mixin.py:188} INFO - [2026-07-01T12:08:19.216+0000] {dagbag.py:538} INFO - Filling up the DagBag from /home/airflow/.local/lib/python3.8/site-packages/airflow/example_dags/example_short_circuit_decorator.py
[2026-07-01T12:08:19.247+0000] {processor.py:840} INFO - DAG(s) 'example_short_circuit_decorator' retrieved from /home/airflow/.local/lib/python3.8/site-packages/airflow/example_dags/example_short_circuit_decorator.py
[2026-07-01T12:08:19.310+0000] {logging_mixin.py:188} INFO - [2026-07-01T12:08:19.310+0000] {dag.py:3036} INFO - Sync 1 DAGs
[2026-07-01T12:08:19.373+0000] {logging_mixin.py:188} INFO - [2026-07-01T12:08:19.373+0000] {dag.py:3823} INFO - Setting next_dagrun for example_short_circuit_decorator to 2026-06-30 00:00:00+00:00, run_after=2026-07-01 00:00:00+00:00
[2026-07-01T12:08:19.426+0000] {processor.py:183} INFO - Processing /home/airflow/.local/lib/python3.8/site-packages/airflow/example_dags/example_short_circuit_decorator.py took 0.235 seconds
[2026-07-01T12:09:03.838+0000] {processor.py:161} INFO - Started process (PID=102) to work on /home/airflow/.local/lib/python3.8/site-packages/airflow/example_dags/example_short_circuit_decorator.py
[2026-07-01T12:09:03.842+0000] {processor.py:830} INFO - Processing file /home/airflow/.local/lib/python3.8/site-packages/airflow/example_dags/example_short_circuit_decorator.py for tasks to queue
[2026-07-01T12:09:03.848+0000] {logging_mixin.py:188} INFO - [2026-07-01T12:09:03.848+0000] {dagbag.py:538} INFO - Filling up the DagBag from /home/airflow/.local/lib/python3.8/site-packages/airflow/example_dags/example_short_circuit_decorator.py
[2026-07-01T12:09:03.875+0000] {processor.py:840} INFO - DAG(s) 'example_short_circuit_decorator' retrieved from /home/airflow/.local/lib/python3.8/site-packages/airflow/example_dags/example_short_circuit_decorator.py
[2026-07-01T12:09:03.953+0000] {logging_mixin.py:188} INFO - [2026-07-01T12:09:03.952+0000] {dag.py:3036} INFO - Sync 1 DAGs
[2026-07-01T12:09:04.013+0000] {logging_mixin.py:188} INFO - [2026-07-01T12:09:04.012+0000] {dag.py:3823} INFO - Setting next_dagrun for example_short_circuit_decorator to 2026-06-30 00:00:00+00:00, run_after=2026-07-01 00:00:00+00:00
[2026-07-01T12:09:04.066+0000] {processor.py:183} INFO - Processing /home/airflow/.local/lib/python3.8/site-packages/airflow/example_dags/example_short_circuit_decorator.py took 0.239 seconds
[2026-07-01T12:09:34.795+0000] {processor.py:161} INFO - Started process (PID=158) to work on /home/airflow/.local/lib/python3.8/site-packages/airflow/example_dags/example_short_circuit_decorator.py
[2026-07-01T12:09:34.803+0000] {processor.py:830} INFO - Processing file /home/airflow/.local/lib/python3.8/site-packages/airflow/example_dags/example_short_circuit_decorator.py for tasks to queue
[2026-07-01T12:09:34.812+0000] {logging_mixin.py:188} INFO - [2026-07-01T12:09:34.811+0000] {dagbag.py:538} INFO - Filling up the DagBag from /home/airflow/.local/lib/python3.8/site-packages/airflow/example_dags/example_short_circuit_decorator.py
[2026-07-01T12:09:34.842+0000] {processor.py:840} INFO - DAG(s) 'example_short_circuit_decorator' retrieved from /home/airflow/.local/lib/python3.8/site-packages/airflow/example_dags/example_short_circuit_decorator.py
[2026-07-01T12:09:34.906+0000] {logging_mixin.py:188} INFO - [2026-07-01T12:09:34.906+0000] {dag.py:3036} INFO - Sync 1 DAGs
[2026-07-01T12:09:34.967+0000] {logging_mixin.py:188} INFO - [2026-07-01T12:09:34.967+0000] {dag.py:3823} INFO - Setting next_dagrun for example_short_circuit_decorator to 2026-06-30 00:00:00+00:00, run_after=2026-07-01 00:00:00+00:00
[2026-07-01T12:09:35.014+0000] {processor.py:183} INFO - Processing /home/airflow/.local/lib/python3.8/site-packages/airflow/example_dags/example_short_circuit_decorator.py took 0.239 seconds
[2026-07-01T12:10:05.171+0000] {processor.py:161} INFO - Started process (PID=215) to work on /home/airflow/.local/lib/python3.8/site-packages/airflow/example_dags/example_short_circuit_decorator.py
[2026-07-01T12:10:05.176+0000] {processor.py:830} INFO - Processing file /home/airflow/.local/lib/python3.8/site-packages/airflow/example_dags/example_short_circuit_decorator.py for tasks to queue
[2026-07-01T12:10:05.183+0000] {logging_mixin.py:188} INFO - [2026-07-01T12:10:05.182+0000] {dagbag.py:538} INFO - Filling up the DagBag from /home/airflow/.local/lib/python3.8/site-packages/airflow/example_dags/example_short_circuit_decorator.py
[2026-07-01T12:10:05.216+0000] {processor.py:840} INFO - DAG(s) 'example_short_circuit_decorator' retrieved from /home/airflow/.local/lib/python3.8/site-packages/airflow/example_dags/example_short_circuit_decorator.py
[2026-07-01T12:10:05.288+0000] {logging_mixin.py:188} INFO - [2026-07-01T12:10:05.287+0000] {dag.py:3036} INFO - Sync 1 DAGs
[2026-07-01T12:10:05.349+0000] {logging_mixin.py:188} INFO - [2026-07-01T12:10:05.349+0000] {dag.py:3823} INFO - Setting next_dagrun for example_short_circuit_decorator to 2026-06-30 00:00:00+00:00, run_after=2026-07-01 00:00:00+00:00
[2026-07-01T12:10:05.412+0000] {processor.py:183} INFO - Processing /home/airflow/.local/lib/python3.8/site-packages/airflow/example_dags/example_short_circuit_decorator.py took 0.254 seconds
[2026-07-01T12:10:35.696+0000] {processor.py:161} INFO - Started process (PID=271) to work on /home/airflow/.local/lib/python3.8/site-packages/airflow/example_dags/example_short_circuit_decorator.py
[2026-07-01T12:10:35.699+0000] {processor.py:830} INFO - Processing file /home/airflow/.local/lib/python3.8/site-packages/airflow/example_dags/example_short_circuit_decorator.py for tasks to queue
[2026-07-01T12:10:35.705+0000] {logging_mixin.py:188} INFO - [2026-07-01T12:10:35.704+0000] {dagbag.py:538} INFO - Filling up the DagBag from /home/airflow/.local/lib/python3.8/site-packages/airflow/example_dags/example_short_circuit_decorator.py
[2026-07-01T12:10:35.725+0000] {processor.py:840} INFO - DAG(s) 'example_short_circuit_decorator' retrieved from /home/airflow/.local/lib/python3.8/site-packages/airflow/example_dags/example_short_circuit_decorator.py
[2026-07-01T12:10:35.774+0000] {logging_mixin.py:188} INFO - [2026-07-01T12:10:35.774+0000] {dag.py:3036} INFO - Sync 1 DAGs
[2026-07-01T12:10:35.818+0000] {logging_mixin.py:188} INFO - [2026-07-01T12:10:35.818+0000] {dag.py:3823} INFO - Setting next_dagrun for example_short_circuit_decorator to 2026-06-30 00:00:00+00:00, run_after=2026-07-01 00:00:00+00:00
[2026-07-01T12:10:35.859+0000] {processor.py:183} INFO - Processing /home/airflow/.local/lib/python3.8/site-packages/airflow/example_dags/example_short_circuit_decorator.py took 0.170 seconds
[2026-07-01T12:11:06.834+0000] {processor.py:161} INFO - Started process (PID=332) to work on /home/airflow/.local/lib/python3.8/site-packages/airflow/example_dags/example_short_circuit_decorator.py
[2026-07-01T12:11:06.843+0000] {processor.py:830} INFO - Processing file /home/airflow/.local/lib/python3.8/site-packages/airflow/example_dags/example_short_circuit_decorator.py for tasks to queue
[2026-07-01T12:11:06.927+0000] {logging_mixin.py:188} INFO - [2026-07-01T12:11:06.926+0000] {dagbag.py:538} INFO - Filling up the DagBag from /home/airflow/.local/lib/python3.8/site-packages/airflow/example_dags/example_short_circuit_decorator.py
[2026-07-01T12:11:06.965+0000] {processor.py:840} INFO - DAG(s) 'example_short_circuit_decorator' retrieved from /home/airflow/.local/lib/python3.8/site-packages/airflow/example_dags/example_short_circuit_decorator.py
[2026-07-01T12:11:07.038+0000] {logging_mixin.py:188} INFO - [2026-07-01T12:11:07.037+0000] {dag.py:3036} INFO - Sync 1 DAGs
[2026-07-01T12:11:07.109+0000] {logging_mixin.py:188} INFO - [2026-07-01T12:11:07.108+0000] {dag.py:3823} INFO - Setting next_dagrun for example_short_circuit_decorator to 2026-06-30 00:00:00+00:00, run_after=2026-07-01 00:00:00+00:00
[2026-07-01T12:11:07.170+0000] {processor.py:183} INFO - Processing /home/airflow/.local/lib/python3.8/site-packages/airflow/example_dags/example_short_circuit_decorator.py took 0.347 seconds
[2026-07-01T12:11:37.999+0000] {processor.py:161} INFO - Started process (PID=388) to work on /home/airflow/.local/lib/python3.8/site-packages/airflow/example_dags/example_short_circuit_decorator.py
[2026-07-01T12:11:38.003+0000] {processor.py:830} INFO - Processing file /home/airflow/.local/lib/python3.8/site-packages/airflow/example_dags/example_short_circuit_decorator.py for tasks to queue
[2026-07-01T12:11:38.009+0000] {logging_mixin.py:188} INFO - [2026-07-01T12:11:38.008+0000] {dagbag.py:538} INFO - Filling up the DagBag from /home/airflow/.local/lib/python3.8/site-packages/airflow/example_dags/example_short_circuit_decorator.py
[2026-07-01T12:11:38.034+0000] {processor.py:840} INFO - DAG(s) 'example_short_circuit_decorator' retrieved from /home/airflow/.local/lib/python3.8/site-packages/airflow/example_dags/example_short_circuit_decorator.py
[2026-07-01T12:11:38.092+0000] {logging_mixin.py:188} INFO - [2026-07-01T12:11:38.091+0000] {dag.py:3036} INFO - Sync 1 DAGs
[2026-07-01T12:11:38.145+0000] {logging_mixin.py:188} INFO - [2026-07-01T12:11:38.144+0000] {dag.py:3823} INFO - Setting next_dagrun for example_short_circuit_decorator to 2026-06-30 00:00:00+00:00, run_after=2026-07-01 00:00:00+00:00
[2026-07-01T12:11:38.200+0000] {processor.py:183} INFO - Processing /home/airflow/.local/lib/python3.8/site-packages/airflow/example_dags/example_short_circuit_decorator.py took 0.210 seconds
[2026-07-01T12:12:08.409+0000] {processor.py:161} INFO - Started process (PID=444) to work on /home/airflow/.local/lib/python3.8/site-packages/airflow/example_dags/example_short_circuit_decorator.py
[2026-07-01T12:12:08.412+0000] {processor.py:830} INFO - Processing file /home/airflow/.local/lib/python3.8/site-packages/airflow/example_dags/example_short_circuit_decorator.py for tasks to queue
[2026-07-01T12:12:08.416+0000] {logging_mixin.py:188} INFO - [2026-07-01T12:12:08.416+0000] {dagbag.py:538} INFO - Filling up the DagBag from /home/airflow/.local/lib/python3.8/site-packages/airflow/example_dags/example_short_circuit_decorator.py
[2026-07-01T12:12:08.437+0000] {processor.py:840} INFO - DAG(s) 'example_short_circuit_decorator' retrieved from /home/airflow/.local/lib/python3.8/site-packages/airflow/example_dags/example_short_circuit_decorator.py
[2026-07-01T12:12:08.499+0000] {logging_mixin.py:188} INFO - [2026-07-01T12:12:08.498+0000] {dag.py:3036} INFO - Sync 1 DAGs
[2026-07-01T12:12:08.554+0000] {logging_mixin.py:188} INFO - [2026-07-01T12:12:08.553+0000] {dag.py:3823} INFO - Setting next_dagrun for example_short_circuit_decorator to 2026-06-30 00:00:00+00:00, run_after=2026-07-01 00:00:00+00:00
[2026-07-01T12:12:08.595+0000] {processor.py:183} INFO - Processing /home/airflow/.local/lib/python3.8/site-packages/airflow/example_dags/example_short_circuit_decorator.py took 0.194 seconds
[2026-07-01T12:12:39.271+0000] {processor.py:161} INFO - Started process (PID=500) to work on /home/airflow/.local/lib/python3.8/site-packages/airflow/example_dags/example_short_circuit_decorator.py
[2026-07-01T12:12:39.274+0000] {processor.py:830} INFO - Processing file /home/airflow/.local/lib/python3.8/site-packages/airflow/example_dags/example_short_circuit_decorator.py for tasks to queue
[2026-07-01T12:12:39.280+0000] {logging_mixin.py:188} INFO - [2026-07-01T12:12:39.279+0000] {dagbag.py:538} INFO - Filling up the DagBag from /home/airflow/.local/lib/python3.8/site-packages/airflow/example_dags/example_short_circuit_decorator.py
[2026-07-01T12:12:39.307+0000] {processor.py:840} INFO - DAG(s) 'example_short_circuit_decorator' retrieved from /home/airflow/.local/lib/python3.8/site-packages/airflow/example_dags/example_short_circuit_decorator.py
[2026-07-01T12:12:39.371+0000] {logging_mixin.py:188} INFO - [2026-07-01T12:12:39.370+0000] {dag.py:3036} INFO - Sync 1 DAGs
[2026-07-01T12:12:39.438+0000] {logging_mixin.py:188} INFO - [2026-07-01T12:12:39.438+0000] {dag.py:3823} INFO - Setting next_dagrun for example_short_circuit_decorator to 2026-06-30 00:00:00+00:00, run_after=2026-07-01 00:00:00+00:00
[2026-07-01T12:12:39.492+0000] {processor.py:183} INFO - Processing /home/airflow/.local/lib/python3.8/site-packages/airflow/example_dags/example_short_circuit_decorator.py took 0.230 seconds
[2026-07-01T12:13:10.646+0000] {processor.py:161} INFO - Started process (PID=556) to work on /home/airflow/.local/lib/python3.8/site-packages/airflow/example_dags/example_short_circuit_decorator.py
[2026-07-01T12:13:10.649+0000] {processor.py:830} INFO - Processing file /home/airflow/.local/lib/python3.8/site-packages/airflow/example_dags/example_short_circuit_decorator.py for tasks to queue
[2026-07-01T12:13:10.655+0000] {logging_mixin.py:188} INFO - [2026-07-01T12:13:10.655+0000] {dagbag.py:538} INFO - Filling up the DagBag from /home/airflow/.local/lib/python3.8/site-packages/airflow/example_dags/example_short_circuit_decorator.py
[2026-07-01T12:13:10.681+0000] {processor.py:840} INFO - DAG(s) 'example_short_circuit_decorator' retrieved from /home/airflow/.local/lib/python3.8/site-packages/airflow/example_dags/example_short_circuit_decorator.py
[2026-07-01T12:13:10.758+0000] {logging_mixin.py:188} INFO - [2026-07-01T12:13:10.757+0000] {dag.py:3036} INFO - Sync 1 DAGs
[2026-07-01T12:13:10.819+0000] {logging_mixin.py:188} INFO - [2026-07-01T12:13:10.818+0000] {dag.py:3823} INFO - Setting next_dagrun for example_short_circuit_decorator to 2026-06-30 00:00:00+00:00, run_after=2026-07-01 00:00:00+00:00
[2026-07-01T12:13:10.868+0000] {processor.py:183} INFO - Processing /home/airflow/.local/lib/python3.8/site-packages/airflow/example_dags/example_short_circuit_decorator.py took 0.233 seconds
[2026-07-01T12:13:41.532+0000] {processor.py:161} INFO - Started process (PID=612) to work on /home/airflow/.local/lib/python3.8/site-packages/airflow/example_dags/example_short_circuit_decorator.py
[2026-07-01T12:13:41.536+0000] {processor.py:830} INFO - Processing file /home/airflow/.local/lib/python3.8/site-packages/airflow/example_dags/example_short_circuit_decorator.py for tasks to queue
[2026-07-01T12:13:41.542+0000] {logging_mixin.py:188} INFO - [2026-07-01T12:13:41.541+0000] {dagbag.py:538} INFO - Filling up the DagBag from /home/airflow/.local/lib/python3.8/site-packages/airflow/example_dags/example_short_circuit_decorator.py
[2026-07-01T12:13:41.569+0000] {processor.py:840} INFO - DAG(s) 'example_short_circuit_decorator' retrieved from /home/airflow/.local/lib/python3.8/site-packages/airflow/example_dags/example_short_circuit_decorator.py
[2026-07-01T12:13:41.636+0000] {logging_mixin.py:188} INFO - [2026-07-01T12:13:41.636+0000] {dag.py:3036} INFO - Sync 1 DAGs
[2026-07-01T12:13:41.689+0000] {logging_mixin.py:188} INFO - [2026-07-01T12:13:41.688+0000] {dag.py:3823} INFO - Setting next_dagrun for example_short_circuit_decorator to 2026-06-30 00:00:00+00:00, run_after=2026-07-01 00:00:00+00:00
[2026-07-01T12:13:41.740+0000] {processor.py:183} INFO - Processing /home/airflow/.local/lib/python3.8/site-packages/airflow/example_dags/example_short_circuit_decorator.py took 0.219 seconds
[2026-07-01T12:14:12.045+0000] {processor.py:161} INFO - Started process (PID=668) to work on /home/airflow/.local/lib/python3.8/site-packages/airflow/example_dags/example_short_circuit_decorator.py
[2026-07-01T12:14:12.049+0000] {processor.py:830} INFO - Processing file /home/airflow/.local/lib/python3.8/site-packages/airflow/example_dags/example_short_circuit_decorator.py for tasks to queue
[2026-07-01T12:14:12.055+0000] {logging_mixin.py:188} INFO - [2026-07-01T12:14:12.054+0000] {dagbag.py:538} INFO - Filling up the DagBag from /home/airflow/.local/lib/python3.8/site-packages/airflow/example_dags/example_short_circuit_decorator.py
[2026-07-01T12:14:12.081+0000] {processor.py:840} INFO - DAG(s) 'example_short_circuit_decorator' retrieved from /home/airflow/.local/lib/python3.8/site-packages/airflow/example_dags/example_short_circuit_decorator.py
[2026-07-01T12:14:12.142+0000] {logging_mixin.py:188} INFO - [2026-07-01T12:14:12.142+0000] {dag.py:3036} INFO - Sync 1 DAGs
[2026-07-01T12:14:12.200+0000] {logging_mixin.py:188} INFO - [2026-07-01T12:14:12.200+0000] {dag.py:3823} INFO - Setting next_dagrun for example_short_circuit_decorator to 2026-06-30 00:00:00+00:00, run_after=2026-07-01 00:00:00+00:00
[2026-07-01T12:14:12.245+0000] {processor.py:183} INFO - Processing /home/airflow/.local/lib/python3.8/site-packages/airflow/example_dags/example_short_circuit_decorator.py took 0.210 seconds
[2026-07-01T12:14:42.385+0000] {processor.py:161} INFO - Started process (PID=724) to work on /home/airflow/.local/lib/python3.8/site-packages/airflow/example_dags/example_short_circuit_decorator.py
[2026-07-01T12:14:42.388+0000] {processor.py:830} INFO - Processing file /home/airflow/.local/lib/python3.8/site-packages/airflow/example_dags/example_short_circuit_decorator.py for tasks to queue
[2026-07-01T12:14:42.393+0000] {logging_mixin.py:188} INFO - [2026-07-01T12:14:42.392+0000] {dagbag.py:538} INFO - Filling up the DagBag from /home/airflow/.local/lib/python3.8/site-packages/airflow/example_dags/example_short_circuit_decorator.py
[2026-07-01T12:14:42.415+0000] {processor.py:840} INFO - DAG(s) 'example_short_circuit_decorator' retrieved from /home/airflow/.local/lib/python3.8/site-packages/airflow/example_dags/example_short_circuit_decorator.py
[2026-07-01T12:14:42.474+0000] {logging_mixin.py:188} INFO - [2026-07-01T12:14:42.473+0000] {dag.py:3036} INFO - Sync 1 DAGs
[2026-07-01T12:14:42.531+0000] {logging_mixin.py:188} INFO - [2026-07-01T12:14:42.531+0000] {dag.py:3823} INFO - Setting next_dagrun for example_short_circuit_decorator to 2026-06-30 00:00:00+00:00, run_after=2026-07-01 00:00:00+00:00
[2026-07-01T12:14:42.577+0000] {processor.py:183} INFO - Processing /home/airflow/.local/lib/python3.8/site-packages/airflow/example_dags/example_short_circuit_decorator.py took 0.201 seconds
[2026-07-01T12:15:13.175+0000] {processor.py:161} INFO - Started process (PID=781) to work on /home/airflow/.local/lib/python3.8/site-packages/airflow/example_dags/example_short_circuit_decorator.py
[2026-07-01T12:15:13.178+0000] {processor.py:830} INFO - Processing file /home/airflow/.local/lib/python3.8/site-packages/airflow/example_dags/example_short_circuit_decorator.py for tasks to queue
[2026-07-01T12:15:13.183+0000] {logging_mixin.py:188} INFO - [2026-07-01T12:15:13.182+0000] {dagbag.py:538} INFO - Filling up the DagBag from /home/airflow/.local/lib/python3.8/site-packages/airflow/example_dags/example_short_circuit_decorator.py
[2026-07-01T12:15:13.204+0000] {processor.py:840} INFO - DAG(s) 'example_short_circuit_decorator' retrieved from /home/airflow/.local/lib/python3.8/site-packages/airflow/example_dags/example_short_circuit_decorator.py
[2026-07-01T12:15:13.260+0000] {logging_mixin.py:188} INFO - [2026-07-01T12:15:13.260+0000] {dag.py:3036} INFO - Sync 1 DAGs
[2026-07-01T12:15:13.313+0000] {logging_mixin.py:188} INFO - [2026-07-01T12:15:13.313+0000] {dag.py:3823} INFO - Setting next_dagrun for example_short_circuit_decorator to 2026-06-30 00:00:00+00:00, run_after=2026-07-01 00:00:00+00:00
[2026-07-01T12:15:13.356+0000] {processor.py:183} INFO - Processing /home/airflow/.local/lib/python3.8/site-packages/airflow/example_dags/example_short_circuit_decorator.py took 0.188 seconds
[2026-07-01T12:15:43.839+0000] {processor.py:161} INFO - Started process (PID=837) to work on /home/airflow/.local/lib/python3.8/site-packages/airflow/example_dags/example_short_circuit_decorator.py
[2026-07-01T12:15:43.843+0000] {processor.py:830} INFO - Processing file /home/airflow/.local/lib/python3.8/site-packages/airflow/example_dags/example_short_circuit_decorator.py for tasks to queue
[2026-07-01T12:15:43.849+0000] {logging_mixin.py:188} INFO - [2026-07-01T12:15:43.849+0000] {dagbag.py:538} INFO - Filling up the DagBag from /home/airflow/.local/lib/python3.8/site-packages/airflow/example_dags/example_short_circuit_decorator.py
[2026-07-01T12:15:43.883+0000] {processor.py:840} INFO - DAG(s) 'example_short_circuit_decorator' retrieved from /home/airflow/.local/lib/python3.8/site-packages/airflow/example_dags/example_short_circuit_decorator.py
[2026-07-01T12:15:43.974+0000] {logging_mixin.py:188} INFO - [2026-07-01T12:15:43.973+0000] {dag.py:3036} INFO - Sync 1 DAGs
[2026-07-01T12:15:44.038+0000] {logging_mixin.py:188} INFO - [2026-07-01T12:15:44.037+0000] {dag.py:3823} INFO - Setting next_dagrun for example_short_circuit_decorator to 2026-06-30 00:00:00+00:00, run_after=2026-07-01 00:00:00+00:00
[2026-07-01T12:15:44.133+0000] {processor.py:183} INFO - Processing /home/airflow/.local/lib/python3.8/site-packages/airflow/example_dags/example_short_circuit_decorator.py took 0.321 seconds
[2026-07-01T12:16:14.833+0000] {processor.py:161} INFO - Started process (PID=893) to work on /home/airflow/.local/lib/python3.8/site-packages/airflow/example_dags/example_short_circuit_decorator.py
[2026-07-01T12:16:14.836+0000] {processor.py:830} INFO - Processing file /home/airflow/.local/lib/python3.8/site-packages/airflow/example_dags/example_short_circuit_decorator.py for tasks to queue
[2026-07-01T12:16:14.842+0000] {logging_mixin.py:188} INFO - [2026-07-01T12:16:14.841+0000] {dagbag.py:538} INFO - Filling up the DagBag from /home/airflow/.local/lib/python3.8/site-packages/airflow/example_dags/example_short_circuit_decorator.py
[2026-07-01T12:16:14.866+0000] {processor.py:840} INFO - DAG(s) 'example_short_circuit_decorator' retrieved from /home/airflow/.local/lib/python3.8/site-packages/airflow/example_dags/example_short_circuit_decorator.py
[2026-07-01T12:16:14.925+0000] {logging_mixin.py:188} INFO - [2026-07-01T12:16:14.925+0000] {dag.py:3036} INFO - Sync 1 DAGs
[2026-07-01T12:16:14.980+0000] {logging_mixin.py:188} INFO - [2026-07-01T12:16:14.980+0000] {dag.py:3823} INFO - Setting next_dagrun for example_short_circuit_decorator to 2026-06-30 00:00:00+00:00, run_after=2026-07-01 00:00:00+00:00
[2026-07-01T12:16:15.025+0000] {processor.py:183} INFO - Processing /home/airflow/.local/lib/python3.8/site-packages/airflow/example_dags/example_short_circuit_decorator.py took 0.200 seconds
[2026-07-01T12:16:46.003+0000] {processor.py:161} INFO - Started process (PID=949) to work on /home/airflow/.local/lib/python3.8/site-packages/airflow/example_dags/example_short_circuit_decorator.py
[2026-07-01T12:16:46.007+0000] {processor.py:830} INFO - Processing file /home/airflow/.local/lib/python3.8/site-packages/airflow/example_dags/example_short_circuit_decorator.py for tasks to queue
[2026-07-01T12:16:46.012+0000] {logging_mixin.py:188} INFO - [2026-07-01T12:16:46.012+0000] {dagbag.py:538} INFO - Filling up the DagBag from /home/airflow/.local/lib/python3.8/site-packages/airflow/example_dags/example_short_circuit_decorator.py
[2026-07-01T12:16:46.036+0000] {processor.py:840} INFO - DAG(s) 'example_short_circuit_decorator' retrieved from /home/airflow/.local/lib/python3.8/site-packages/airflow/example_dags/example_short_circuit_decorator.py
[2026-07-01T12:16:46.091+0000] {logging_mixin.py:188} INFO - [2026-07-01T12:16:46.091+0000] {dag.py:3036} INFO - Sync 1 DAGs
[2026-07-01T12:16:46.143+0000] {logging_mixin.py:188} INFO - [2026-07-01T12:16:46.143+0000] {dag.py:3823} INFO - Setting next_dagrun for example_short_circuit_decorator to 2026-06-30 00:00:00+00:00, run_after=2026-07-01 00:00:00+00:00
[2026-07-01T12:16:46.190+0000] {processor.py:183} INFO - Processing /home/airflow/.local/lib/python3.8/site-packages/airflow/example_dags/example_short_circuit_decorator.py took 0.196 seconds
[2026-07-01T12:17:16.670+0000] {processor.py:161} INFO - Started process (PID=1005) to work on /home/airflow/.local/lib/python3.8/site-packages/airflow/example_dags/example_short_circuit_decorator.py
[2026-07-01T12:17:16.673+0000] {processor.py:830} INFO - Processing file /home/airflow/.local/lib/python3.8/site-packages/airflow/example_dags/example_short_circuit_decorator.py for tasks to queue
[2026-07-01T12:17:16.678+0000] {logging_mixin.py:188} INFO - [2026-07-01T12:17:16.677+0000] {dagbag.py:538} INFO - Filling up the DagBag from /home/airflow/.local/lib/python3.8/site-packages/airflow/example_dags/example_short_circuit_decorator.py
[2026-07-01T12:17:16.698+0000] {processor.py:840} INFO - DAG(s) 'example_short_circuit_decorator' retrieved from /home/airflow/.local/lib/python3.8/site-packages/airflow/example_dags/example_short_circuit_decorator.py
[2026-07-01T12:17:16.752+0000] {logging_mixin.py:188} INFO - [2026-07-01T12:17:16.752+0000] {dag.py:3036} INFO - Sync 1 DAGs
[2026-07-01T12:17:16.800+0000] {logging_mixin.py:188} INFO - [2026-07-01T12:17:16.800+0000] {dag.py:3823} INFO - Setting next_dagrun for example_short_circuit_decorator to 2026-06-30 00:00:00+00:00, run_after=2026-07-01 00:00:00+00:00
[2026-07-01T12:17:16.839+0000] {processor.py:183} INFO - Processing /home/airflow/.local/lib/python3.8/site-packages/airflow/example_dags/example_short_circuit_decorator.py took 0.177 seconds
[2026-07-01T12:17:48.029+0000] {processor.py:161} INFO - Started process (PID=1061) to work on /home/airflow/.local/lib/python3.8/site-packages/airflow/example_dags/example_short_circuit_decorator.py
[2026-07-01T12:17:48.032+0000] {processor.py:830} INFO - Processing file /home/airflow/.local/lib/python3.8/site-packages/airflow/example_dags/example_short_circuit_decorator.py for tasks to queue
[2026-07-01T12:17:48.039+0000] {logging_mixin.py:188} INFO - [2026-07-01T12:17:48.038+0000] {dagbag.py:538} INFO - Filling up the DagBag from /home/airflow/.local/lib/python3.8/site-packages/airflow/example_dags/example_short_circuit_decorator.py
[2026-07-01T12:17:48.066+0000] {processor.py:840} INFO - DAG(s) 'example_short_circuit_decorator' retrieved from /home/airflow/.local/lib/python3.8/site-packages/airflow/example_dags/example_short_circuit_decorator.py
[2026-07-01T12:17:48.135+0000] {logging_mixin.py:188} INFO - [2026-07-01T12:17:48.134+0000] {dag.py:3036} INFO - Sync 1 DAGs
[2026-07-01T12:17:48.197+0000] {logging_mixin.py:188} INFO - [2026-07-01T12:17:48.196+0000] {dag.py:3823} INFO - Setting next_dagrun for example_short_circuit_decorator to 2026-06-30 00:00:00+00:00, run_after=2026-07-01 00:00:00+00:00
[2026-07-01T12:17:48.272+0000] {processor.py:183} INFO - Processing /home/airflow/.local/lib/python3.8/site-packages/airflow/example_dags/example_short_circuit_decorator.py took 0.252 seconds
[2026-07-01T12:18:18.742+0000] {processor.py:161} INFO - Started process (PID=1117) to work on /home/airflow/.local/lib/python3.8/site-packages/airflow/example_dags/example_short_circuit_decorator.py
[2026-07-01T12:18:18.761+0000] {processor.py:830} INFO - Processing file /home/airflow/.local/lib/python3.8/site-packages/airflow/example_dags/example_short_circuit_decorator.py for tasks to queue
[2026-07-01T12:18:18.782+0000] {logging_mixin.py:188} INFO - [2026-07-01T12:18:18.779+0000] {dagbag.py:538} INFO - Filling up the DagBag from /home/airflow/.local/lib/python3.8/site-packages/airflow/example_dags/example_short_circuit_decorator.py
[2026-07-01T12:18:19.041+0000] {processor.py:840} INFO - DAG(s) 'example_short_circuit_decorator' retrieved from /home/airflow/.local/lib/python3.8/site-packages/airflow/example_dags/example_short_circuit_decorator.py
[2026-07-01T12:18:19.460+0000] {logging_mixin.py:188} INFO - [2026-07-01T12:18:19.460+0000] {dag.py:3036} INFO - Sync 1 DAGs
[2026-07-01T12:18:19.874+0000] {logging_mixin.py:188} INFO - [2026-07-01T12:18:19.873+0000] {dag.py:3823} INFO - Setting next_dagrun for example_short_circuit_decorator to 2026-06-30 00:00:00+00:00, run_after=2026-07-01 00:00:00+00:00
[2026-07-01T12:18:20.009+0000] {processor.py:183} INFO - Processing /home/airflow/.local/lib/python3.8/site-packages/airflow/example_dags/example_short_circuit_decorator.py took 1.332 seconds
[2026-07-01T12:18:50.318+0000] {processor.py:161} INFO - Started process (PID=1173) to work on /home/airflow/.local/lib/python3.8/site-packages/airflow/example_dags/example_short_circuit_decorator.py
[2026-07-01T12:18:50.322+0000] {processor.py:830} INFO - Processing file /home/airflow/.local/lib/python3.8/site-packages/airflow/example_dags/example_short_circuit_decorator.py for tasks to queue
[2026-07-01T12:18:50.328+0000] {logging_mixin.py:188} INFO - [2026-07-01T12:18:50.328+0000] {dagbag.py:538} INFO - Filling up the DagBag from /home/airflow/.local/lib/python3.8/site-packages/airflow/example_dags/example_short_circuit_decorator.py
[2026-07-01T12:18:50.353+0000] {processor.py:840} INFO - DAG(s) 'example_short_circuit_decorator' retrieved from /home/airflow/.local/lib/python3.8/site-packages/airflow/example_dags/example_short_circuit_decorator.py
[2026-07-01T12:18:50.416+0000] {logging_mixin.py:188} INFO - [2026-07-01T12:18:50.415+0000] {dag.py:3036} INFO - Sync 1 DAGs
[2026-07-01T12:18:50.477+0000] {logging_mixin.py:188} INFO - [2026-07-01T12:18:50.476+0000] {dag.py:3823} INFO - Setting next_dagrun for example_short_circuit_decorator to 2026-06-30 00:00:00+00:00, run_after=2026-07-01 00:00:00+00:00
[2026-07-01T12:18:50.532+0000] {processor.py:183} INFO - Processing /home/airflow/.local/lib/python3.8/site-packages/airflow/example_dags/example_short_circuit_decorator.py took 0.224 seconds
[2026-07-01T12:19:20.806+0000] {processor.py:161} INFO - Started process (PID=1229) to work on /home/airflow/.local/lib/python3.8/site-packages/airflow/example_dags/example_short_circuit_decorator.py
[2026-07-01T12:19:20.818+0000] {processor.py:830} INFO - Processing file /home/airflow/.local/lib/python3.8/site-packages/airflow/example_dags/example_short_circuit_decorator.py for tasks to queue
[2026-07-01T12:19:20.827+0000] {logging_mixin.py:188} INFO - [2026-07-01T12:19:20.826+0000] {dagbag.py:538} INFO - Filling up the DagBag from /home/airflow/.local/lib/python3.8/site-packages/airflow/example_dags/example_short_circuit_decorator.py
[2026-07-01T12:19:20.867+0000] {processor.py:840} INFO - DAG(s) 'example_short_circuit_decorator' retrieved from /home/airflow/.local/lib/python3.8/site-packages/airflow/example_dags/example_short_circuit_decorator.py
[2026-07-01T12:19:20.951+0000] {logging_mixin.py:188} INFO - [2026-07-01T12:19:20.950+0000] {dag.py:3036} INFO - Sync 1 DAGs
[2026-07-01T12:19:21.022+0000] {logging_mixin.py:188} INFO - [2026-07-01T12:19:21.022+0000] {dag.py:3823} INFO - Setting next_dagrun for example_short_circuit_decorator to 2026-06-30 00:00:00+00:00, run_after=2026-07-01 00:00:00+00:00
[2026-07-01T12:19:21.086+0000] {processor.py:183} INFO - Processing /home/airflow/.local/lib/python3.8/site-packages/airflow/example_dags/example_short_circuit_decorator.py took 0.296 seconds
[2026-07-01T12:19:55.348+0000] {processor.py:161} INFO - Started process (PID=1285) to work on /home/airflow/.local/lib/python3.8/site-packages/airflow/example_dags/example_short_circuit_decorator.py
[2026-07-01T12:19:55.354+0000] {processor.py:830} INFO - Processing file /home/airflow/.local/lib/python3.8/site-packages/airflow/example_dags/example_short_circuit_decorator.py for tasks to queue
[2026-07-01T12:19:55.363+0000] {logging_mixin.py:188} INFO - [2026-07-01T12:19:55.360+0000] {dagbag.py:538} INFO - Filling up the DagBag from /home/airflow/.local/lib/python3.8/site-packages/airflow/example_dags/example_short_circuit_decorator.py
[2026-07-01T12:19:55.415+0000] {processor.py:840} INFO - DAG(s) 'example_short_circuit_decorator' retrieved from /home/airflow/.local/lib/python3.8/site-packages/airflow/example_dags/example_short_circuit_decorator.py
[2026-07-01T12:19:55.473+0000] {logging_mixin.py:188} INFO - [2026-07-01T12:19:55.473+0000] {dag.py:3036} INFO - Sync 1 DAGs
[2026-07-01T12:19:55.597+0000] {logging_mixin.py:188} INFO - [2026-07-01T12:19:55.596+0000] {dag.py:3823} INFO - Setting next_dagrun for example_short_circuit_decorator to 2026-06-30 00:00:00+00:00, run_after=2026-07-01 00:00:00+00:00
[2026-07-01T12:19:55.704+0000] {processor.py:183} INFO - Processing /home/airflow/.local/lib/python3.8/site-packages/airflow/example_dags/example_short_circuit_decorator.py took 0.372 seconds
[2026-07-01T12:20:27.178+0000] {processor.py:161} INFO - Started process (PID=1340) to work on /home/airflow/.local/lib/python3.8/site-packages/airflow/example_dags/example_short_circuit_decorator.py
[2026-07-01T12:20:27.183+0000] {processor.py:830} INFO - Processing file /home/airflow/.local/lib/python3.8/site-packages/airflow/example_dags/example_short_circuit_decorator.py for tasks to queue
[2026-07-01T12:20:27.192+0000] {logging_mixin.py:188} INFO - [2026-07-01T12:20:27.191+0000] {dagbag.py:538} INFO - Filling up the DagBag from /home/airflow/.local/lib/python3.8/site-packages/airflow/example_dags/example_short_circuit_decorator.py
[2026-07-01T12:20:27.238+0000] {processor.py:840} INFO - DAG(s) 'example_short_circuit_decorator' retrieved from /home/airflow/.local/lib/python3.8/site-packages/airflow/example_dags/example_short_circuit_decorator.py
[2026-07-01T12:20:27.758+0000] {logging_mixin.py:188} INFO - [2026-07-01T12:20:27.757+0000] {dag.py:3036} INFO - Sync 1 DAGs
[2026-07-01T12:20:27.833+0000] {logging_mixin.py:188} INFO - [2026-07-01T12:20:27.833+0000] {dag.py:3823} INFO - Setting next_dagrun for example_short_circuit_decorator to 2026-06-30 00:00:00+00:00, run_after=2026-07-01 00:00:00+00:00
[2026-07-01T12:20:27.901+0000] {processor.py:183} INFO - Processing /home/airflow/.local/lib/python3.8/site-packages/airflow/example_dags/example_short_circuit_decorator.py took 0.734 seconds
[2026-07-01T12:20:58.270+0000] {processor.py:161} INFO - Started process (PID=1396) to work on /home/airflow/.local/lib/python3.8/site-packages/airflow/example_dags/example_short_circuit_decorator.py
[2026-07-01T12:20:58.274+0000] {processor.py:830} INFO - Processing file /home/airflow/.local/lib/python3.8/site-packages/airflow/example_dags/example_short_circuit_decorator.py for tasks to queue
[2026-07-01T12:20:58.281+0000] {logging_mixin.py:188} INFO - [2026-07-01T12:20:58.280+0000] {dagbag.py:538} INFO - Filling up the DagBag from /home/airflow/.local/lib/python3.8/site-packages/airflow/example_dags/example_short_circuit_decorator.py
[2026-07-01T12:20:58.324+0000] {processor.py:840} INFO - DAG(s) 'example_short_circuit_decorator' retrieved from /home/airflow/.local/lib/python3.8/site-packages/airflow/example_dags/example_short_circuit_decorator.py
[2026-07-01T12:20:58.400+0000] {logging_mixin.py:188} INFO - [2026-07-01T12:20:58.400+0000] {dag.py:3036} INFO - Sync 1 DAGs
[2026-07-01T12:20:58.463+0000] {logging_mixin.py:188} INFO - [2026-07-01T12:20:58.463+0000] {dag.py:3823} INFO - Setting next_dagrun for example_short_circuit_decorator to 2026-06-30 00:00:00+00:00, run_after=2026-07-01 00:00:00+00:00
[2026-07-01T12:20:58.518+0000] {processor.py:183} INFO - Processing /home/airflow/.local/lib/python3.8/site-packages/airflow/example_dags/example_short_circuit_decorator.py took 0.258 seconds
[2026-07-01T12:21:29.874+0000] {processor.py:161} INFO - Started process (PID=1452) to work on /home/airflow/.local/lib/python3.8/site-packages/airflow/example_dags/example_short_circuit_decorator.py
[2026-07-01T12:21:29.878+0000] {processor.py:830} INFO - Processing file /home/airflow/.local/lib/python3.8/site-packages/airflow/example_dags/example_short_circuit_decorator.py for tasks to queue
[2026-07-01T12:21:29.886+0000] {logging_mixin.py:188} INFO - [2026-07-01T12:21:29.886+0000] {dagbag.py:538} INFO - Filling up the DagBag from /home/airflow/.local/lib/python3.8/site-packages/airflow/example_dags/example_short_circuit_decorator.py
[2026-07-01T12:21:29.920+0000] {processor.py:840} INFO - DAG(s) 'example_short_circuit_decorator' retrieved from /home/airflow/.local/lib/python3.8/site-packages/airflow/example_dags/example_short_circuit_decorator.py
[2026-07-01T12:21:29.995+0000] {logging_mixin.py:188} INFO - [2026-07-01T12:21:29.995+0000] {dag.py:3036} INFO - Sync 1 DAGs
[2026-07-01T12:21:30.048+0000] {logging_mixin.py:188} INFO - [2026-07-01T12:21:30.048+0000] {dag.py:3823} INFO - Setting next_dagrun for example_short_circuit_decorator to 2026-06-30 00:00:00+00:00, run_after=2026-07-01 00:00:00+00:00
[2026-07-01T12:21:30.098+0000] {processor.py:183} INFO - Processing /home/airflow/.local/lib/python3.8/site-packages/airflow/example_dags/example_short_circuit_decorator.py took 0.234 seconds
[2026-07-01T12:22:00.608+0000] {processor.py:161} INFO - Started process (PID=1508) to work on /home/airflow/.local/lib/python3.8/site-packages/airflow/example_dags/example_short_circuit_decorator.py
[2026-07-01T12:22:00.612+0000] {processor.py:830} INFO - Processing file /home/airflow/.local/lib/python3.8/site-packages/airflow/example_dags/example_short_circuit_decorator.py for tasks to queue
[2026-07-01T12:22:00.618+0000] {logging_mixin.py:188} INFO - [2026-07-01T12:22:00.617+0000] {dagbag.py:538} INFO - Filling up the DagBag from /home/airflow/.local/lib/python3.8/site-packages/airflow/example_dags/example_short_circuit_decorator.py
[2026-07-01T12:22:00.645+0000] {processor.py:840} INFO - DAG(s) 'example_short_circuit_decorator' retrieved from /home/airflow/.local/lib/python3.8/site-packages/airflow/example_dags/example_short_circuit_decorator.py
[2026-07-01T12:22:00.708+0000] {logging_mixin.py:188} INFO - [2026-07-01T12:22:00.708+0000] {dag.py:3036} INFO - Sync 1 DAGs
[2026-07-01T12:22:00.766+0000] {logging_mixin.py:188} INFO - [2026-07-01T12:22:00.765+0000] {dag.py:3823} INFO - Setting next_dagrun for example_short_circuit_decorator to 2026-06-30 00:00:00+00:00, run_after=2026-07-01 00:00:00+00:00
[2026-07-01T12:22:00.813+0000] {processor.py:183} INFO - Processing /home/airflow/.local/lib/python3.8/site-packages/airflow/example_dags/example_short_circuit_decorator.py took 0.215 seconds
[2026-07-01T12:22:31.492+0000] {processor.py:161} INFO - Started process (PID=1564) to work on /home/airflow/.local/lib/python3.8/site-packages/airflow/example_dags/example_short_circuit_decorator.py
[2026-07-01T12:22:31.495+0000] {processor.py:830} INFO - Processing file /home/airflow/.local/lib/python3.8/site-packages/airflow/example_dags/example_short_circuit_decorator.py for tasks to queue
[2026-07-01T12:22:31.502+0000] {logging_mixin.py:188} INFO - [2026-07-01T12:22:31.501+0000] {dagbag.py:538} INFO - Filling up the DagBag from /home/airflow/.local/lib/python3.8/site-packages/airflow/example_dags/example_short_circuit_decorator.py
[2026-07-01T12:22:31.529+0000] {processor.py:840} INFO - DAG(s) 'example_short_circuit_decorator' retrieved from /home/airflow/.local/lib/python3.8/site-packages/airflow/example_dags/example_short_circuit_decorator.py
[2026-07-01T12:22:31.588+0000] {logging_mixin.py:188} INFO - [2026-07-01T12:22:31.587+0000] {dag.py:3036} INFO - Sync 1 DAGs
[2026-07-01T12:22:31.641+0000] {logging_mixin.py:188} INFO - [2026-07-01T12:22:31.640+0000] {dag.py:3823} INFO - Setting next_dagrun for example_short_circuit_decorator to 2026-06-30 00:00:00+00:00, run_after=2026-07-01 00:00:00+00:00
[2026-07-01T12:22:31.682+0000] {processor.py:183} INFO - Processing /home/airflow/.local/lib/python3.8/site-packages/airflow/example_dags/example_short_circuit_decorator.py took 0.201 seconds
[2026-07-01T12:23:01.855+0000] {processor.py:161} INFO - Started process (PID=1618) to work on /home/airflow/.local/lib/python3.8/site-packages/airflow/example_dags/example_short_circuit_decorator.py
[2026-07-01T12:23:01.858+0000] {processor.py:830} INFO - Processing file /home/airflow/.local/lib/python3.8/site-packages/airflow/example_dags/example_short_circuit_decorator.py for tasks to queue
[2026-07-01T12:23:01.865+0000] {logging_mixin.py:188} INFO - [2026-07-01T12:23:01.864+0000] {dagbag.py:538} INFO - Filling up the DagBag from /home/airflow/.local/lib/python3.8/site-packages/airflow/example_dags/example_short_circuit_decorator.py
[2026-07-01T12:23:01.889+0000] {processor.py:840} INFO - DAG(s) 'example_short_circuit_decorator' retrieved from /home/airflow/.local/lib/python3.8/site-packages/airflow/example_dags/example_short_circuit_decorator.py
[2026-07-01T12:23:01.947+0000] {logging_mixin.py:188} INFO - [2026-07-01T12:23:01.946+0000] {dag.py:3036} INFO - Sync 1 DAGs
[2026-07-01T12:23:01.999+0000] {logging_mixin.py:188} INFO - [2026-07-01T12:23:01.999+0000] {dag.py:3823} INFO - Setting next_dagrun for example_short_circuit_decorator to 2026-06-30 00:00:00+00:00, run_after=2026-07-01 00:00:00+00:00
[2026-07-01T12:23:02.042+0000] {processor.py:183} INFO - Processing /home/airflow/.local/lib/python3.8/site-packages/airflow/example_dags/example_short_circuit_decorator.py took 0.197 seconds
[2026-07-01T12:23:32.405+0000] {processor.py:161} INFO - Started process (PID=1674) to work on /home/airflow/.local/lib/python3.8/site-packages/airflow/example_dags/example_short_circuit_decorator.py
[2026-07-01T12:23:32.412+0000] {processor.py:830} INFO - Processing file /home/airflow/.local/lib/python3.8/site-packages/airflow/example_dags/example_short_circuit_decorator.py for tasks to queue
[2026-07-01T12:23:32.419+0000] {logging_mixin.py:188} INFO - [2026-07-01T12:23:32.418+0000] {dagbag.py:538} INFO - Filling up the DagBag from /home/airflow/.local/lib/python3.8/site-packages/airflow/example_dags/example_short_circuit_decorator.py
[2026-07-01T12:23:32.446+0000] {processor.py:840} INFO - DAG(s) 'example_short_circuit_decorator' retrieved from /home/airflow/.local/lib/python3.8/site-packages/airflow/example_dags/example_short_circuit_decorator.py
[2026-07-01T12:23:32.528+0000] {logging_mixin.py:188} INFO - [2026-07-01T12:23:32.527+0000] {dag.py:3036} INFO - Sync 1 DAGs
[2026-07-01T12:23:32.591+0000] {logging_mixin.py:188} INFO - [2026-07-01T12:23:32.591+0000] {dag.py:3823} INFO - Setting next_dagrun for example_short_circuit_decorator to 2026-06-30 00:00:00+00:00, run_after=2026-07-01 00:00:00+00:00
[2026-07-01T12:23:32.638+0000] {processor.py:183} INFO - Processing /home/airflow/.local/lib/python3.8/site-packages/airflow/example_dags/example_short_circuit_decorator.py took 0.244 seconds
[2026-07-01T12:24:03.930+0000] {processor.py:161} INFO - Started process (PID=1730) to work on /home/airflow/.local/lib/python3.8/site-packages/airflow/example_dags/example_short_circuit_decorator.py
[2026-07-01T12:24:03.936+0000] {processor.py:830} INFO - Processing file /home/airflow/.local/lib/python3.8/site-packages/airflow/example_dags/example_short_circuit_decorator.py for tasks to queue
[2026-07-01T12:24:03.948+0000] {logging_mixin.py:188} INFO - [2026-07-01T12:24:03.946+0000] {dagbag.py:538} INFO - Filling up the DagBag from /home/airflow/.local/lib/python3.8/site-packages/airflow/example_dags/example_short_circuit_decorator.py
[2026-07-01T12:24:03.992+0000] {processor.py:840} INFO - DAG(s) 'example_short_circuit_decorator' retrieved from /home/airflow/.local/lib/python3.8/site-packages/airflow/example_dags/example_short_circuit_decorator.py
[2026-07-01T12:24:04.070+0000] {logging_mixin.py:188} INFO - [2026-07-01T12:24:04.070+0000] {dag.py:3036} INFO - Sync 1 DAGs
[2026-07-01T12:24:04.165+0000] {logging_mixin.py:188} INFO - [2026-07-01T12:24:04.161+0000] {dag.py:3823} INFO - Setting next_dagrun for example_short_circuit_decorator to 2026-06-30 00:00:00+00:00, run_after=2026-07-01 00:00:00+00:00
[2026-07-01T12:24:04.250+0000] {processor.py:183} INFO - Processing /home/airflow/.local/lib/python3.8/site-packages/airflow/example_dags/example_short_circuit_decorator.py took 0.337 seconds
[2026-07-01T12:24:35.036+0000] {processor.py:161} INFO - Started process (PID=1786) to work on /home/airflow/.local/lib/python3.8/site-packages/airflow/example_dags/example_short_circuit_decorator.py
[2026-07-01T12:24:35.040+0000] {processor.py:830} INFO - Processing file /home/airflow/.local/lib/python3.8/site-packages/airflow/example_dags/example_short_circuit_decorator.py for tasks to queue
[2026-07-01T12:24:35.046+0000] {logging_mixin.py:188} INFO - [2026-07-01T12:24:35.045+0000] {dagbag.py:538} INFO - Filling up the DagBag from /home/airflow/.local/lib/python3.8/site-packages/airflow/example_dags/example_short_circuit_decorator.py
[2026-07-01T12:24:35.072+0000] {processor.py:840} INFO - DAG(s) 'example_short_circuit_decorator' retrieved from /home/airflow/.local/lib/python3.8/site-packages/airflow/example_dags/example_short_circuit_decorator.py
[2026-07-01T12:24:35.126+0000] {logging_mixin.py:188} INFO - [2026-07-01T12:24:35.126+0000] {dag.py:3036} INFO - Sync 1 DAGs
[2026-07-01T12:24:35.179+0000] {logging_mixin.py:188} INFO - [2026-07-01T12:24:35.179+0000] {dag.py:3823} INFO - Setting next_dagrun for example_short_circuit_decorator to 2026-06-30 00:00:00+00:00, run_after=2026-07-01 00:00:00+00:00
[2026-07-01T12:24:35.226+0000] {processor.py:183} INFO - Processing /home/airflow/.local/lib/python3.8/site-packages/airflow/example_dags/example_short_circuit_decorator.py took 0.199 seconds
[2026-07-01T12:25:06.018+0000] {processor.py:161} INFO - Started process (PID=1842) to work on /home/airflow/.local/lib/python3.8/site-packages/airflow/example_dags/example_short_circuit_decorator.py
[2026-07-01T12:25:06.021+0000] {processor.py:830} INFO - Processing file /home/airflow/.local/lib/python3.8/site-packages/airflow/example_dags/example_short_circuit_decorator.py for tasks to queue
[2026-07-01T12:25:06.027+0000] {logging_mixin.py:188} INFO - [2026-07-01T12:25:06.026+0000] {dagbag.py:538} INFO - Filling up the DagBag from /home/airflow/.local/lib/python3.8/site-packages/airflow/example_dags/example_short_circuit_decorator.py
[2026-07-01T12:25:06.052+0000] {processor.py:840} INFO - DAG(s) 'example_short_circuit_decorator' retrieved from /home/airflow/.local/lib/python3.8/site-packages/airflow/example_dags/example_short_circuit_decorator.py
[2026-07-01T12:25:06.112+0000] {logging_mixin.py:188} INFO - [2026-07-01T12:25:06.111+0000] {dag.py:3036} INFO - Sync 1 DAGs
[2026-07-01T12:25:06.187+0000] {logging_mixin.py:188} INFO - [2026-07-01T12:25:06.186+0000] {dag.py:3823} INFO - Setting next_dagrun for example_short_circuit_decorator to 2026-06-30 00:00:00+00:00, run_after=2026-07-01 00:00:00+00:00
[2026-07-01T12:25:06.236+0000] {processor.py:183} INFO - Processing /home/airflow/.local/lib/python3.8/site-packages/airflow/example_dags/example_short_circuit_decorator.py took 0.227 seconds
[2026-07-01T12:25:36.692+0000] {processor.py:161} INFO - Started process (PID=1903) to work on /home/airflow/.local/lib/python3.8/site-packages/airflow/example_dags/example_short_circuit_decorator.py
[2026-07-01T12:25:36.695+0000] {processor.py:830} INFO - Processing file /home/airflow/.local/lib/python3.8/site-packages/airflow/example_dags/example_short_circuit_decorator.py for tasks to queue
[2026-07-01T12:25:36.701+0000] {logging_mixin.py:188} INFO - [2026-07-01T12:25:36.700+0000] {dagbag.py:538} INFO - Filling up the DagBag from /home/airflow/.local/lib/python3.8/site-packages/airflow/example_dags/example_short_circuit_decorator.py
[2026-07-01T12:25:36.724+0000] {processor.py:840} INFO - DAG(s) 'example_short_circuit_decorator' retrieved from /home/airflow/.local/lib/python3.8/site-packages/airflow/example_dags/example_short_circuit_decorator.py
[2026-07-01T12:25:36.791+0000] {logging_mixin.py:188} INFO - [2026-07-01T12:25:36.790+0000] {dag.py:3036} INFO - Sync 1 DAGs
[2026-07-01T12:25:36.851+0000] {logging_mixin.py:188} INFO - [2026-07-01T12:25:36.850+0000] {dag.py:3823} INFO - Setting next_dagrun for example_short_circuit_decorator to 2026-06-30 00:00:00+00:00, run_after=2026-07-01 00:00:00+00:00
[2026-07-01T12:25:36.903+0000] {processor.py:183} INFO - Processing /home/airflow/.local/lib/python3.8/site-packages/airflow/example_dags/example_short_circuit_decorator.py took 0.220 seconds
[2026-07-01T12:26:07.023+0000] {processor.py:161} INFO - Started process (PID=1959) to work on /home/airflow/.local/lib/python3.8/site-packages/airflow/example_dags/example_short_circuit_decorator.py
[2026-07-01T12:26:07.026+0000] {processor.py:830} INFO - Processing file /home/airflow/.local/lib/python3.8/site-packages/airflow/example_dags/example_short_circuit_decorator.py for tasks to queue
[2026-07-01T12:26:07.031+0000] {logging_mixin.py:188} INFO - [2026-07-01T12:26:07.031+0000] {dagbag.py:538} INFO - Filling up the DagBag from /home/airflow/.local/lib/python3.8/site-packages/airflow/example_dags/example_short_circuit_decorator.py
[2026-07-01T12:26:07.052+0000] {processor.py:840} INFO - DAG(s) 'example_short_circuit_decorator' retrieved from /home/airflow/.local/lib/python3.8/site-packages/airflow/example_dags/example_short_circuit_decorator.py
[2026-07-01T12:26:07.109+0000] {logging_mixin.py:188} INFO - [2026-07-01T12:26:07.108+0000] {dag.py:3036} INFO - Sync 1 DAGs
[2026-07-01T12:26:07.162+0000] {logging_mixin.py:188} INFO - [2026-07-01T12:26:07.162+0000] {dag.py:3823} INFO - Setting next_dagrun for example_short_circuit_decorator to 2026-06-30 00:00:00+00:00, run_after=2026-07-01 00:00:00+00:00
[2026-07-01T12:26:07.206+0000] {processor.py:183} INFO - Processing /home/airflow/.local/lib/python3.8/site-packages/airflow/example_dags/example_short_circuit_decorator.py took 0.191 seconds
[2026-07-01T12:26:37.766+0000] {processor.py:161} INFO - Started process (PID=2015) to work on /home/airflow/.local/lib/python3.8/site-packages/airflow/example_dags/example_short_circuit_decorator.py
[2026-07-01T12:26:37.769+0000] {processor.py:830} INFO - Processing file /home/airflow/.local/lib/python3.8/site-packages/airflow/example_dags/example_short_circuit_decorator.py for tasks to queue
[2026-07-01T12:26:37.774+0000] {logging_mixin.py:188} INFO - [2026-07-01T12:26:37.774+0000] {dagbag.py:538} INFO - Filling up the DagBag from /home/airflow/.local/lib/python3.8/site-packages/airflow/example_dags/example_short_circuit_decorator.py
[2026-07-01T12:26:37.797+0000] {processor.py:840} INFO - DAG(s) 'example_short_circuit_decorator' retrieved from /home/airflow/.local/lib/python3.8/site-packages/airflow/example_dags/example_short_circuit_decorator.py
[2026-07-01T12:26:37.856+0000] {logging_mixin.py:188} INFO - [2026-07-01T12:26:37.856+0000] {dag.py:3036} INFO - Sync 1 DAGs
[2026-07-01T12:26:37.906+0000] {logging_mixin.py:188} INFO - [2026-07-01T12:26:37.906+0000] {dag.py:3823} INFO - Setting next_dagrun for example_short_circuit_decorator to 2026-06-30 00:00:00+00:00, run_after=2026-07-01 00:00:00+00:00
[2026-07-01T12:26:37.944+0000] {processor.py:183} INFO - Processing /home/airflow/.local/lib/python3.8/site-packages/airflow/example_dags/example_short_circuit_decorator.py took 0.186 seconds
[2026-07-01T12:27:08.646+0000] {processor.py:161} INFO - Started process (PID=2071) to work on /home/airflow/.local/lib/python3.8/site-packages/airflow/example_dags/example_short_circuit_decorator.py
[2026-07-01T12:27:08.650+0000] {processor.py:830} INFO - Processing file /home/airflow/.local/lib/python3.8/site-packages/airflow/example_dags/example_short_circuit_decorator.py for tasks to queue
[2026-07-01T12:27:08.657+0000] {logging_mixin.py:188} INFO - [2026-07-01T12:27:08.655+0000] {dagbag.py:538} INFO - Filling up the DagBag from /home/airflow/.local/lib/python3.8/site-packages/airflow/example_dags/example_short_circuit_decorator.py
[2026-07-01T12:27:08.679+0000] {processor.py:840} INFO - DAG(s) 'example_short_circuit_decorator' retrieved from /home/airflow/.local/lib/python3.8/site-packages/airflow/example_dags/example_short_circuit_decorator.py
[2026-07-01T12:27:08.737+0000] {logging_mixin.py:188} INFO - [2026-07-01T12:27:08.737+0000] {dag.py:3036} INFO - Sync 1 DAGs
[2026-07-01T12:27:08.848+0000] {logging_mixin.py:188} INFO - [2026-07-01T12:27:08.847+0000] {dag.py:3823} INFO - Setting next_dagrun for example_short_circuit_decorator to 2026-06-30 00:00:00+00:00, run_after=2026-07-01 00:00:00+00:00
[2026-07-01T12:27:08.921+0000] {processor.py:183} INFO - Processing /home/airflow/.local/lib/python3.8/site-packages/airflow/example_dags/example_short_circuit_decorator.py took 0.283 seconds
[2026-07-01T12:27:39.430+0000] {processor.py:161} INFO - Started process (PID=2127) to work on /home/airflow/.local/lib/python3.8/site-packages/airflow/example_dags/example_short_circuit_decorator.py
[2026-07-01T12:27:39.433+0000] {processor.py:830} INFO - Processing file /home/airflow/.local/lib/python3.8/site-packages/airflow/example_dags/example_short_circuit_decorator.py for tasks to queue
[2026-07-01T12:27:39.440+0000] {logging_mixin.py:188} INFO - [2026-07-01T12:27:39.438+0000] {dagbag.py:538} INFO - Filling up the DagBag from /home/airflow/.local/lib/python3.8/site-packages/airflow/example_dags/example_short_circuit_decorator.py
[2026-07-01T12:27:39.464+0000] {processor.py:840} INFO - DAG(s) 'example_short_circuit_decorator' retrieved from /home/airflow/.local/lib/python3.8/site-packages/airflow/example_dags/example_short_circuit_decorator.py
[2026-07-01T12:27:39.520+0000] {logging_mixin.py:188} INFO - [2026-07-01T12:27:39.520+0000] {dag.py:3036} INFO - Sync 1 DAGs
[2026-07-01T12:27:39.577+0000] {logging_mixin.py:188} INFO - [2026-07-01T12:27:39.576+0000] {dag.py:3823} INFO - Setting next_dagrun for example_short_circuit_decorator to 2026-06-30 00:00:00+00:00, run_after=2026-07-01 00:00:00+00:00
[2026-07-01T12:27:39.625+0000] {processor.py:183} INFO - Processing /home/airflow/.local/lib/python3.8/site-packages/airflow/example_dags/example_short_circuit_decorator.py took 0.203 seconds
[2026-07-01T12:28:09.871+0000] {processor.py:161} INFO - Started process (PID=2183) to work on /home/airflow/.local/lib/python3.8/site-packages/airflow/example_dags/example_short_circuit_decorator.py
[2026-07-01T12:28:09.875+0000] {processor.py:830} INFO - Processing file /home/airflow/.local/lib/python3.8/site-packages/airflow/example_dags/example_short_circuit_decorator.py for tasks to queue
[2026-07-01T12:28:09.882+0000] {logging_mixin.py:188} INFO - [2026-07-01T12:28:09.881+0000] {dagbag.py:538} INFO - Filling up the DagBag from /home/airflow/.local/lib/python3.8/site-packages/airflow/example_dags/example_short_circuit_decorator.py
[2026-07-01T12:28:09.908+0000] {processor.py:840} INFO - DAG(s) 'example_short_circuit_decorator' retrieved from /home/airflow/.local/lib/python3.8/site-packages/airflow/example_dags/example_short_circuit_decorator.py
[2026-07-01T12:28:09.976+0000] {logging_mixin.py:188} INFO - [2026-07-01T12:28:09.975+0000] {dag.py:3036} INFO - Sync 1 DAGs
[2026-07-01T12:28:10.038+0000] {logging_mixin.py:188} INFO - [2026-07-01T12:28:10.038+0000] {dag.py:3823} INFO - Setting next_dagrun for example_short_circuit_decorator to 2026-06-30 00:00:00+00:00, run_after=2026-07-01 00:00:00+00:00
[2026-07-01T12:28:10.123+0000] {processor.py:183} INFO - Processing /home/airflow/.local/lib/python3.8/site-packages/airflow/example_dags/example_short_circuit_decorator.py took 0.263 seconds
[2026-07-01T12:28:40.524+0000] {processor.py:161} INFO - Started process (PID=2240) to work on /home/airflow/.local/lib/python3.8/site-packages/airflow/example_dags/example_short_circuit_decorator.py
[2026-07-01T12:28:40.528+0000] {processor.py:830} INFO - Processing file /home/airflow/.local/lib/python3.8/site-packages/airflow/example_dags/example_short_circuit_decorator.py for tasks to queue
[2026-07-01T12:28:40.535+0000] {logging_mixin.py:188} INFO - [2026-07-01T12:28:40.534+0000] {dagbag.py:538} INFO - Filling up the DagBag from /home/airflow/.local/lib/python3.8/site-packages/airflow/example_dags/example_short_circuit_decorator.py
[2026-07-01T12:28:40.563+0000] {processor.py:840} INFO - DAG(s) 'example_short_circuit_decorator' retrieved from /home/airflow/.local/lib/python3.8/site-packages/airflow/example_dags/example_short_circuit_decorator.py
[2026-07-01T12:28:40.624+0000] {logging_mixin.py:188} INFO - [2026-07-01T12:28:40.623+0000] {dag.py:3036} INFO - Sync 1 DAGs
[2026-07-01T12:28:40.680+0000] {logging_mixin.py:188} INFO - [2026-07-01T12:28:40.680+0000] {dag.py:3823} INFO - Setting next_dagrun for example_short_circuit_decorator to 2026-06-30 00:00:00+00:00, run_after=2026-07-01 00:00:00+00:00
[2026-07-01T12:28:40.732+0000] {processor.py:183} INFO - Processing /home/airflow/.local/lib/python3.8/site-packages/airflow/example_dags/example_short_circuit_decorator.py took 0.220 seconds
[2026-07-01T12:29:10.959+0000] {processor.py:161} INFO - Started process (PID=2297) to work on /home/airflow/.local/lib/python3.8/site-packages/airflow/example_dags/example_short_circuit_decorator.py
[2026-07-01T12:29:10.964+0000] {processor.py:830} INFO - Processing file /home/airflow/.local/lib/python3.8/site-packages/airflow/example_dags/example_short_circuit_decorator.py for tasks to queue
[2026-07-01T12:29:10.970+0000] {logging_mixin.py:188} INFO - [2026-07-01T12:29:10.969+0000] {dagbag.py:538} INFO - Filling up the DagBag from /home/airflow/.local/lib/python3.8/site-packages/airflow/example_dags/example_short_circuit_decorator.py
[2026-07-01T12:29:10.999+0000] {processor.py:840} INFO - DAG(s) 'example_short_circuit_decorator' retrieved from /home/airflow/.local/lib/python3.8/site-packages/airflow/example_dags/example_short_circuit_decorator.py
[2026-07-01T12:29:11.067+0000] {logging_mixin.py:188} INFO - [2026-07-01T12:29:11.066+0000] {dag.py:3036} INFO - Sync 1 DAGs
[2026-07-01T12:29:11.128+0000] {logging_mixin.py:188} INFO - [2026-07-01T12:29:11.128+0000] {dag.py:3823} INFO - Setting next_dagrun for example_short_circuit_decorator to 2026-06-30 00:00:00+00:00, run_after=2026-07-01 00:00:00+00:00
[2026-07-01T12:29:11.182+0000] {processor.py:183} INFO - Processing /home/airflow/.local/lib/python3.8/site-packages/airflow/example_dags/example_short_circuit_decorator.py took 0.235 seconds
[2026-07-01T12:29:41.597+0000] {processor.py:161} INFO - Started process (PID=2353) to work on /home/airflow/.local/lib/python3.8/site-packages/airflow/example_dags/example_short_circuit_decorator.py
[2026-07-01T12:29:41.601+0000] {processor.py:830} INFO - Processing file /home/airflow/.local/lib/python3.8/site-packages/airflow/example_dags/example_short_circuit_decorator.py for tasks to queue
[2026-07-01T12:29:41.607+0000] {logging_mixin.py:188} INFO - [2026-07-01T12:29:41.606+0000] {dagbag.py:538} INFO - Filling up the DagBag from /home/airflow/.local/lib/python3.8/site-packages/airflow/example_dags/example_short_circuit_decorator.py
[2026-07-01T12:29:41.630+0000] {processor.py:840} INFO - DAG(s) 'example_short_circuit_decorator' retrieved from /home/airflow/.local/lib/python3.8/site-packages/airflow/example_dags/example_short_circuit_decorator.py
[2026-07-01T12:29:41.680+0000] {logging_mixin.py:188} INFO - [2026-07-01T12:29:41.679+0000] {dag.py:3036} INFO - Sync 1 DAGs
[2026-07-01T12:29:41.726+0000] {logging_mixin.py:188} INFO - [2026-07-01T12:29:41.726+0000] {dag.py:3823} INFO - Setting next_dagrun for example_short_circuit_decorator to 2026-06-30 00:00:00+00:00, run_after=2026-07-01 00:00:00+00:00
[2026-07-01T12:29:41.765+0000] {processor.py:183} INFO - Processing /home/airflow/.local/lib/python3.8/site-packages/airflow/example_dags/example_short_circuit_decorator.py took 0.175 seconds
