[2026-07-01T11:57:36.083+0000] {processor.py:161} INFO - Started process (PID=77) to work on /home/airflow/.local/lib/python3.8/site-packages/airflow/example_dags/example_xcom.py
[2026-07-01T11:57:36.119+0000] {processor.py:830} INFO - Processing file /home/airflow/.local/lib/python3.8/site-packages/airflow/example_dags/example_xcom.py for tasks to queue
[2026-07-01T11:57:36.168+0000] {logging_mixin.py:188} INFO - [2026-07-01T11:57:36.167+0000] {dagbag.py:538} INFO - Filling up the DagBag from /home/airflow/.local/lib/python3.8/site-packages/airflow/example_dags/example_xcom.py
[2026-07-01T11:57:36.411+0000] {processor.py:840} INFO - DAG(s) 'example_xcom' retrieved from /home/airflow/.local/lib/python3.8/site-packages/airflow/example_dags/example_xcom.py
[2026-07-01T11:57:38.664+0000] {logging_mixin.py:188} INFO - [2026-07-01T11:57:38.663+0000] {dag.py:3036} INFO - Sync 1 DAGs
[2026-07-01T11:57:39.006+0000] {logging_mixin.py:188} INFO - [2026-07-01T11:57:39.004+0000] {dag.py:3823} INFO - Setting next_dagrun for example_xcom to 2021-01-01 00:00:00+00:00, run_after=2021-01-01 00:00:00+00:00
[2026-07-01T11:57:39.264+0000] {processor.py:183} INFO - Processing /home/airflow/.local/lib/python3.8/site-packages/airflow/example_dags/example_xcom.py took 3.437 seconds
[2026-07-01T11:58:45.381+0000] {processor.py:161} INFO - Started process (PID=138) to work on /home/airflow/.local/lib/python3.8/site-packages/airflow/example_dags/example_xcom.py
[2026-07-01T11:58:45.385+0000] {processor.py:830} INFO - Processing file /home/airflow/.local/lib/python3.8/site-packages/airflow/example_dags/example_xcom.py for tasks to queue
[2026-07-01T11:58:45.393+0000] {logging_mixin.py:188} INFO - [2026-07-01T11:58:45.392+0000] {dagbag.py:538} INFO - Filling up the DagBag from /home/airflow/.local/lib/python3.8/site-packages/airflow/example_dags/example_xcom.py
[2026-07-01T11:58:45.417+0000] {processor.py:840} INFO - DAG(s) 'example_xcom' retrieved from /home/airflow/.local/lib/python3.8/site-packages/airflow/example_dags/example_xcom.py
[2026-07-01T11:58:45.482+0000] {logging_mixin.py:188} INFO - [2026-07-01T11:58:45.482+0000] {dag.py:3036} INFO - Sync 1 DAGs
[2026-07-01T11:58:45.547+0000] {logging_mixin.py:188} INFO - [2026-07-01T11:58:45.546+0000] {dag.py:3823} INFO - Setting next_dagrun for example_xcom to 2021-01-01 00:00:00+00:00, run_after=2021-01-01 00:00:00+00:00
[2026-07-01T11:58:45.602+0000] {processor.py:183} INFO - Processing /home/airflow/.local/lib/python3.8/site-packages/airflow/example_dags/example_xcom.py took 0.231 seconds
[2026-07-01T11:59:16.216+0000] {processor.py:161} INFO - Started process (PID=191) to work on /home/airflow/.local/lib/python3.8/site-packages/airflow/example_dags/example_xcom.py
[2026-07-01T11:59:16.219+0000] {processor.py:830} INFO - Processing file /home/airflow/.local/lib/python3.8/site-packages/airflow/example_dags/example_xcom.py for tasks to queue
[2026-07-01T11:59:16.225+0000] {logging_mixin.py:188} INFO - [2026-07-01T11:59:16.224+0000] {dagbag.py:538} INFO - Filling up the DagBag from /home/airflow/.local/lib/python3.8/site-packages/airflow/example_dags/example_xcom.py
[2026-07-01T11:59:16.245+0000] {processor.py:840} INFO - DAG(s) 'example_xcom' retrieved from /home/airflow/.local/lib/python3.8/site-packages/airflow/example_dags/example_xcom.py
[2026-07-01T11:59:16.297+0000] {logging_mixin.py:188} INFO - [2026-07-01T11:59:16.296+0000] {dag.py:3036} INFO - Sync 1 DAGs
[2026-07-01T11:59:16.352+0000] {logging_mixin.py:188} INFO - [2026-07-01T11:59:16.352+0000] {dag.py:3823} INFO - Setting next_dagrun for example_xcom to 2021-01-01 00:00:00+00:00, run_after=2021-01-01 00:00:00+00:00
[2026-07-01T11:59:16.411+0000] {processor.py:183} INFO - Processing /home/airflow/.local/lib/python3.8/site-packages/airflow/example_dags/example_xcom.py took 0.204 seconds
[2026-07-01T11:59:47.168+0000] {processor.py:161} INFO - Started process (PID=246) to work on /home/airflow/.local/lib/python3.8/site-packages/airflow/example_dags/example_xcom.py
[2026-07-01T11:59:47.173+0000] {processor.py:830} INFO - Processing file /home/airflow/.local/lib/python3.8/site-packages/airflow/example_dags/example_xcom.py for tasks to queue
[2026-07-01T11:59:47.179+0000] {logging_mixin.py:188} INFO - [2026-07-01T11:59:47.178+0000] {dagbag.py:538} INFO - Filling up the DagBag from /home/airflow/.local/lib/python3.8/site-packages/airflow/example_dags/example_xcom.py
[2026-07-01T11:59:47.213+0000] {processor.py:840} INFO - DAG(s) 'example_xcom' retrieved from /home/airflow/.local/lib/python3.8/site-packages/airflow/example_dags/example_xcom.py
[2026-07-01T11:59:47.265+0000] {logging_mixin.py:188} INFO - [2026-07-01T11:59:47.264+0000] {dag.py:3036} INFO - Sync 1 DAGs
[2026-07-01T11:59:47.355+0000] {logging_mixin.py:188} INFO - [2026-07-01T11:59:47.353+0000] {dag.py:3823} INFO - Setting next_dagrun for example_xcom to 2021-01-01 00:00:00+00:00, run_after=2021-01-01 00:00:00+00:00
[2026-07-01T11:59:47.435+0000] {processor.py:183} INFO - Processing /home/airflow/.local/lib/python3.8/site-packages/airflow/example_dags/example_xcom.py took 0.274 seconds
[2026-07-01T12:00:17.577+0000] {processor.py:161} INFO - Started process (PID=300) to work on /home/airflow/.local/lib/python3.8/site-packages/airflow/example_dags/example_xcom.py
[2026-07-01T12:00:17.581+0000] {processor.py:830} INFO - Processing file /home/airflow/.local/lib/python3.8/site-packages/airflow/example_dags/example_xcom.py for tasks to queue
[2026-07-01T12:00:17.595+0000] {logging_mixin.py:188} INFO - [2026-07-01T12:00:17.594+0000] {dagbag.py:538} INFO - Filling up the DagBag from /home/airflow/.local/lib/python3.8/site-packages/airflow/example_dags/example_xcom.py
[2026-07-01T12:00:17.627+0000] {processor.py:840} INFO - DAG(s) 'example_xcom' retrieved from /home/airflow/.local/lib/python3.8/site-packages/airflow/example_dags/example_xcom.py
[2026-07-01T12:00:17.940+0000] {logging_mixin.py:188} INFO - [2026-07-01T12:00:17.939+0000] {dag.py:3036} INFO - Sync 1 DAGs
[2026-07-01T12:00:17.995+0000] {logging_mixin.py:188} INFO - [2026-07-01T12:00:17.994+0000] {dag.py:3823} INFO - Setting next_dagrun for example_xcom to 2021-01-01 00:00:00+00:00, run_after=2021-01-01 00:00:00+00:00
[2026-07-01T12:00:18.055+0000] {processor.py:183} INFO - Processing /home/airflow/.local/lib/python3.8/site-packages/airflow/example_dags/example_xcom.py took 0.498 seconds
[2026-07-01T12:00:48.964+0000] {processor.py:161} INFO - Started process (PID=356) to work on /home/airflow/.local/lib/python3.8/site-packages/airflow/example_dags/example_xcom.py
[2026-07-01T12:00:48.979+0000] {processor.py:830} INFO - Processing file /home/airflow/.local/lib/python3.8/site-packages/airflow/example_dags/example_xcom.py for tasks to queue
[2026-07-01T12:00:48.987+0000] {logging_mixin.py:188} INFO - [2026-07-01T12:00:48.986+0000] {dagbag.py:538} INFO - Filling up the DagBag from /home/airflow/.local/lib/python3.8/site-packages/airflow/example_dags/example_xcom.py
[2026-07-01T12:00:49.018+0000] {processor.py:840} INFO - DAG(s) 'example_xcom' retrieved from /home/airflow/.local/lib/python3.8/site-packages/airflow/example_dags/example_xcom.py
[2026-07-01T12:00:49.096+0000] {logging_mixin.py:188} INFO - [2026-07-01T12:00:49.096+0000] {dag.py:3036} INFO - Sync 1 DAGs
[2026-07-01T12:00:49.191+0000] {logging_mixin.py:188} INFO - [2026-07-01T12:00:49.190+0000] {dag.py:3823} INFO - Setting next_dagrun for example_xcom to 2021-01-01 00:00:00+00:00, run_after=2021-01-01 00:00:00+00:00
[2026-07-01T12:00:49.299+0000] {processor.py:183} INFO - Processing /home/airflow/.local/lib/python3.8/site-packages/airflow/example_dags/example_xcom.py took 0.349 seconds
[2026-07-01T12:01:19.419+0000] {processor.py:161} INFO - Started process (PID=411) to work on /home/airflow/.local/lib/python3.8/site-packages/airflow/example_dags/example_xcom.py
[2026-07-01T12:01:19.423+0000] {processor.py:830} INFO - Processing file /home/airflow/.local/lib/python3.8/site-packages/airflow/example_dags/example_xcom.py for tasks to queue
[2026-07-01T12:01:19.430+0000] {logging_mixin.py:188} INFO - [2026-07-01T12:01:19.429+0000] {dagbag.py:538} INFO - Filling up the DagBag from /home/airflow/.local/lib/python3.8/site-packages/airflow/example_dags/example_xcom.py
[2026-07-01T12:01:19.463+0000] {processor.py:840} INFO - DAG(s) 'example_xcom' retrieved from /home/airflow/.local/lib/python3.8/site-packages/airflow/example_dags/example_xcom.py
[2026-07-01T12:01:19.541+0000] {logging_mixin.py:188} INFO - [2026-07-01T12:01:19.540+0000] {dag.py:3036} INFO - Sync 1 DAGs
[2026-07-01T12:01:19.626+0000] {logging_mixin.py:188} INFO - [2026-07-01T12:01:19.625+0000] {dag.py:3823} INFO - Setting next_dagrun for example_xcom to 2021-01-01 00:00:00+00:00, run_after=2021-01-01 00:00:00+00:00
[2026-07-01T12:01:19.687+0000] {processor.py:183} INFO - Processing /home/airflow/.local/lib/python3.8/site-packages/airflow/example_dags/example_xcom.py took 0.278 seconds
[2026-07-01T12:01:50.566+0000] {processor.py:161} INFO - Started process (PID=466) to work on /home/airflow/.local/lib/python3.8/site-packages/airflow/example_dags/example_xcom.py
[2026-07-01T12:01:50.569+0000] {processor.py:830} INFO - Processing file /home/airflow/.local/lib/python3.8/site-packages/airflow/example_dags/example_xcom.py for tasks to queue
[2026-07-01T12:01:50.574+0000] {logging_mixin.py:188} INFO - [2026-07-01T12:01:50.573+0000] {dagbag.py:538} INFO - Filling up the DagBag from /home/airflow/.local/lib/python3.8/site-packages/airflow/example_dags/example_xcom.py
[2026-07-01T12:01:50.594+0000] {processor.py:840} INFO - DAG(s) 'example_xcom' retrieved from /home/airflow/.local/lib/python3.8/site-packages/airflow/example_dags/example_xcom.py
[2026-07-01T12:01:50.653+0000] {logging_mixin.py:188} INFO - [2026-07-01T12:01:50.653+0000] {dag.py:3036} INFO - Sync 1 DAGs
[2026-07-01T12:01:50.712+0000] {logging_mixin.py:188} INFO - [2026-07-01T12:01:50.711+0000] {dag.py:3823} INFO - Setting next_dagrun for example_xcom to 2021-01-01 00:00:00+00:00, run_after=2021-01-01 00:00:00+00:00
[2026-07-01T12:01:50.765+0000] {processor.py:183} INFO - Processing /home/airflow/.local/lib/python3.8/site-packages/airflow/example_dags/example_xcom.py took 0.207 seconds
[2026-07-01T12:02:21.103+0000] {processor.py:161} INFO - Started process (PID=522) to work on /home/airflow/.local/lib/python3.8/site-packages/airflow/example_dags/example_xcom.py
[2026-07-01T12:02:21.106+0000] {processor.py:830} INFO - Processing file /home/airflow/.local/lib/python3.8/site-packages/airflow/example_dags/example_xcom.py for tasks to queue
[2026-07-01T12:02:21.113+0000] {logging_mixin.py:188} INFO - [2026-07-01T12:02:21.112+0000] {dagbag.py:538} INFO - Filling up the DagBag from /home/airflow/.local/lib/python3.8/site-packages/airflow/example_dags/example_xcom.py
[2026-07-01T12:02:21.137+0000] {processor.py:840} INFO - DAG(s) 'example_xcom' retrieved from /home/airflow/.local/lib/python3.8/site-packages/airflow/example_dags/example_xcom.py
[2026-07-01T12:02:21.196+0000] {logging_mixin.py:188} INFO - [2026-07-01T12:02:21.195+0000] {dag.py:3036} INFO - Sync 1 DAGs
[2026-07-01T12:02:21.254+0000] {logging_mixin.py:188} INFO - [2026-07-01T12:02:21.253+0000] {dag.py:3823} INFO - Setting next_dagrun for example_xcom to 2021-01-01 00:00:00+00:00, run_after=2021-01-01 00:00:00+00:00
[2026-07-01T12:02:21.305+0000] {processor.py:183} INFO - Processing /home/airflow/.local/lib/python3.8/site-packages/airflow/example_dags/example_xcom.py took 0.214 seconds
[2026-07-01T12:02:51.361+0000] {processor.py:161} INFO - Started process (PID=577) to work on /home/airflow/.local/lib/python3.8/site-packages/airflow/example_dags/example_xcom.py
[2026-07-01T12:02:51.364+0000] {processor.py:830} INFO - Processing file /home/airflow/.local/lib/python3.8/site-packages/airflow/example_dags/example_xcom.py for tasks to queue
[2026-07-01T12:02:51.372+0000] {logging_mixin.py:188} INFO - [2026-07-01T12:02:51.371+0000] {dagbag.py:538} INFO - Filling up the DagBag from /home/airflow/.local/lib/python3.8/site-packages/airflow/example_dags/example_xcom.py
[2026-07-01T12:02:51.392+0000] {processor.py:840} INFO - DAG(s) 'example_xcom' retrieved from /home/airflow/.local/lib/python3.8/site-packages/airflow/example_dags/example_xcom.py
[2026-07-01T12:02:51.446+0000] {logging_mixin.py:188} INFO - [2026-07-01T12:02:51.445+0000] {dag.py:3036} INFO - Sync 1 DAGs
[2026-07-01T12:02:51.506+0000] {logging_mixin.py:188} INFO - [2026-07-01T12:02:51.506+0000] {dag.py:3823} INFO - Setting next_dagrun for example_xcom to 2021-01-01 00:00:00+00:00, run_after=2021-01-01 00:00:00+00:00
[2026-07-01T12:02:51.555+0000] {processor.py:183} INFO - Processing /home/airflow/.local/lib/python3.8/site-packages/airflow/example_dags/example_xcom.py took 0.203 seconds
[2026-07-01T12:03:21.778+0000] {processor.py:161} INFO - Started process (PID=633) to work on /home/airflow/.local/lib/python3.8/site-packages/airflow/example_dags/example_xcom.py
[2026-07-01T12:03:21.781+0000] {processor.py:830} INFO - Processing file /home/airflow/.local/lib/python3.8/site-packages/airflow/example_dags/example_xcom.py for tasks to queue
[2026-07-01T12:03:21.787+0000] {logging_mixin.py:188} INFO - [2026-07-01T12:03:21.786+0000] {dagbag.py:538} INFO - Filling up the DagBag from /home/airflow/.local/lib/python3.8/site-packages/airflow/example_dags/example_xcom.py
[2026-07-01T12:03:21.805+0000] {processor.py:840} INFO - DAG(s) 'example_xcom' retrieved from /home/airflow/.local/lib/python3.8/site-packages/airflow/example_dags/example_xcom.py
[2026-07-01T12:03:21.851+0000] {logging_mixin.py:188} INFO - [2026-07-01T12:03:21.851+0000] {dag.py:3036} INFO - Sync 1 DAGs
[2026-07-01T12:03:21.903+0000] {logging_mixin.py:188} INFO - [2026-07-01T12:03:21.902+0000] {dag.py:3823} INFO - Setting next_dagrun for example_xcom to 2021-01-01 00:00:00+00:00, run_after=2021-01-01 00:00:00+00:00
[2026-07-01T12:03:21.951+0000] {processor.py:183} INFO - Processing /home/airflow/.local/lib/python3.8/site-packages/airflow/example_dags/example_xcom.py took 0.182 seconds
[2026-07-01T12:03:53.256+0000] {processor.py:161} INFO - Started process (PID=689) to work on /home/airflow/.local/lib/python3.8/site-packages/airflow/example_dags/example_xcom.py
[2026-07-01T12:03:53.261+0000] {processor.py:830} INFO - Processing file /home/airflow/.local/lib/python3.8/site-packages/airflow/example_dags/example_xcom.py for tasks to queue
[2026-07-01T12:03:53.270+0000] {logging_mixin.py:188} INFO - [2026-07-01T12:03:53.269+0000] {dagbag.py:538} INFO - Filling up the DagBag from /home/airflow/.local/lib/python3.8/site-packages/airflow/example_dags/example_xcom.py
[2026-07-01T12:03:53.306+0000] {processor.py:840} INFO - DAG(s) 'example_xcom' retrieved from /home/airflow/.local/lib/python3.8/site-packages/airflow/example_dags/example_xcom.py
[2026-07-01T12:03:53.414+0000] {logging_mixin.py:188} INFO - [2026-07-01T12:03:53.414+0000] {dag.py:3036} INFO - Sync 1 DAGs
[2026-07-01T12:03:53.519+0000] {logging_mixin.py:188} INFO - [2026-07-01T12:03:53.518+0000] {dag.py:3823} INFO - Setting next_dagrun for example_xcom to 2021-01-01 00:00:00+00:00, run_after=2021-01-01 00:00:00+00:00
[2026-07-01T12:03:53.591+0000] {processor.py:183} INFO - Processing /home/airflow/.local/lib/python3.8/site-packages/airflow/example_dags/example_xcom.py took 0.357 seconds
[2026-07-01T12:04:23.808+0000] {processor.py:161} INFO - Started process (PID=744) to work on /home/airflow/.local/lib/python3.8/site-packages/airflow/example_dags/example_xcom.py
[2026-07-01T12:04:23.813+0000] {processor.py:830} INFO - Processing file /home/airflow/.local/lib/python3.8/site-packages/airflow/example_dags/example_xcom.py for tasks to queue
[2026-07-01T12:04:23.819+0000] {logging_mixin.py:188} INFO - [2026-07-01T12:04:23.819+0000] {dagbag.py:538} INFO - Filling up the DagBag from /home/airflow/.local/lib/python3.8/site-packages/airflow/example_dags/example_xcom.py
[2026-07-01T12:04:23.842+0000] {processor.py:840} INFO - DAG(s) 'example_xcom' retrieved from /home/airflow/.local/lib/python3.8/site-packages/airflow/example_dags/example_xcom.py
[2026-07-01T12:04:23.889+0000] {logging_mixin.py:188} INFO - [2026-07-01T12:04:23.889+0000] {dag.py:3036} INFO - Sync 1 DAGs
[2026-07-01T12:04:23.943+0000] {logging_mixin.py:188} INFO - [2026-07-01T12:04:23.942+0000] {dag.py:3823} INFO - Setting next_dagrun for example_xcom to 2021-01-01 00:00:00+00:00, run_after=2021-01-01 00:00:00+00:00
[2026-07-01T12:04:23.988+0000] {processor.py:183} INFO - Processing /home/airflow/.local/lib/python3.8/site-packages/airflow/example_dags/example_xcom.py took 0.189 seconds
[2026-07-01T12:04:54.369+0000] {processor.py:161} INFO - Started process (PID=799) to work on /home/airflow/.local/lib/python3.8/site-packages/airflow/example_dags/example_xcom.py
[2026-07-01T12:04:54.376+0000] {processor.py:830} INFO - Processing file /home/airflow/.local/lib/python3.8/site-packages/airflow/example_dags/example_xcom.py for tasks to queue
[2026-07-01T12:04:54.389+0000] {logging_mixin.py:188} INFO - [2026-07-01T12:04:54.388+0000] {dagbag.py:538} INFO - Filling up the DagBag from /home/airflow/.local/lib/python3.8/site-packages/airflow/example_dags/example_xcom.py
[2026-07-01T12:04:54.444+0000] {processor.py:840} INFO - DAG(s) 'example_xcom' retrieved from /home/airflow/.local/lib/python3.8/site-packages/airflow/example_dags/example_xcom.py
[2026-07-01T12:04:54.544+0000] {logging_mixin.py:188} INFO - [2026-07-01T12:04:54.543+0000] {dag.py:3036} INFO - Sync 1 DAGs
[2026-07-01T12:04:54.653+0000] {logging_mixin.py:188} INFO - [2026-07-01T12:04:54.652+0000] {dag.py:3823} INFO - Setting next_dagrun for example_xcom to 2021-01-01 00:00:00+00:00, run_after=2021-01-01 00:00:00+00:00
[2026-07-01T12:04:54.755+0000] {processor.py:183} INFO - Processing /home/airflow/.local/lib/python3.8/site-packages/airflow/example_dags/example_xcom.py took 0.405 seconds
[2026-07-01T12:05:25.629+0000] {processor.py:161} INFO - Started process (PID=854) to work on /home/airflow/.local/lib/python3.8/site-packages/airflow/example_dags/example_xcom.py
[2026-07-01T12:05:25.638+0000] {processor.py:830} INFO - Processing file /home/airflow/.local/lib/python3.8/site-packages/airflow/example_dags/example_xcom.py for tasks to queue
[2026-07-01T12:05:25.648+0000] {logging_mixin.py:188} INFO - [2026-07-01T12:05:25.647+0000] {dagbag.py:538} INFO - Filling up the DagBag from /home/airflow/.local/lib/python3.8/site-packages/airflow/example_dags/example_xcom.py
[2026-07-01T12:05:25.696+0000] {processor.py:840} INFO - DAG(s) 'example_xcom' retrieved from /home/airflow/.local/lib/python3.8/site-packages/airflow/example_dags/example_xcom.py
[2026-07-01T12:05:25.759+0000] {logging_mixin.py:188} INFO - [2026-07-01T12:05:25.759+0000] {dag.py:3036} INFO - Sync 1 DAGs
[2026-07-01T12:05:25.821+0000] {logging_mixin.py:188} INFO - [2026-07-01T12:05:25.821+0000] {dag.py:3823} INFO - Setting next_dagrun for example_xcom to 2021-01-01 00:00:00+00:00, run_after=2021-01-01 00:00:00+00:00
[2026-07-01T12:05:25.920+0000] {processor.py:183} INFO - Processing /home/airflow/.local/lib/python3.8/site-packages/airflow/example_dags/example_xcom.py took 0.309 seconds
[2026-07-01T12:05:56.277+0000] {processor.py:161} INFO - Started process (PID=909) to work on /home/airflow/.local/lib/python3.8/site-packages/airflow/example_dags/example_xcom.py
[2026-07-01T12:05:56.282+0000] {processor.py:830} INFO - Processing file /home/airflow/.local/lib/python3.8/site-packages/airflow/example_dags/example_xcom.py for tasks to queue
[2026-07-01T12:05:56.290+0000] {logging_mixin.py:188} INFO - [2026-07-01T12:05:56.289+0000] {dagbag.py:538} INFO - Filling up the DagBag from /home/airflow/.local/lib/python3.8/site-packages/airflow/example_dags/example_xcom.py
[2026-07-01T12:05:56.315+0000] {processor.py:840} INFO - DAG(s) 'example_xcom' retrieved from /home/airflow/.local/lib/python3.8/site-packages/airflow/example_dags/example_xcom.py
[2026-07-01T12:05:56.434+0000] {logging_mixin.py:188} INFO - [2026-07-01T12:05:56.433+0000] {dag.py:3036} INFO - Sync 1 DAGs
[2026-07-01T12:05:56.527+0000] {logging_mixin.py:188} INFO - [2026-07-01T12:05:56.527+0000] {dag.py:3823} INFO - Setting next_dagrun for example_xcom to 2021-01-01 00:00:00+00:00, run_after=2021-01-01 00:00:00+00:00
[2026-07-01T12:05:56.595+0000] {processor.py:183} INFO - Processing /home/airflow/.local/lib/python3.8/site-packages/airflow/example_dags/example_xcom.py took 0.327 seconds
[2026-07-01T12:06:27.350+0000] {processor.py:161} INFO - Started process (PID=964) to work on /home/airflow/.local/lib/python3.8/site-packages/airflow/example_dags/example_xcom.py
[2026-07-01T12:06:27.353+0000] {processor.py:830} INFO - Processing file /home/airflow/.local/lib/python3.8/site-packages/airflow/example_dags/example_xcom.py for tasks to queue
[2026-07-01T12:06:27.360+0000] {logging_mixin.py:188} INFO - [2026-07-01T12:06:27.359+0000] {dagbag.py:538} INFO - Filling up the DagBag from /home/airflow/.local/lib/python3.8/site-packages/airflow/example_dags/example_xcom.py
[2026-07-01T12:06:27.381+0000] {processor.py:840} INFO - DAG(s) 'example_xcom' retrieved from /home/airflow/.local/lib/python3.8/site-packages/airflow/example_dags/example_xcom.py
[2026-07-01T12:06:27.441+0000] {logging_mixin.py:188} INFO - [2026-07-01T12:06:27.441+0000] {dag.py:3036} INFO - Sync 1 DAGs
[2026-07-01T12:06:27.499+0000] {logging_mixin.py:188} INFO - [2026-07-01T12:06:27.498+0000] {dag.py:3823} INFO - Setting next_dagrun for example_xcom to 2021-01-01 00:00:00+00:00, run_after=2021-01-01 00:00:00+00:00
[2026-07-01T12:06:27.550+0000] {processor.py:183} INFO - Processing /home/airflow/.local/lib/python3.8/site-packages/airflow/example_dags/example_xcom.py took 0.208 seconds
[2026-07-01T12:06:57.862+0000] {processor.py:161} INFO - Started process (PID=1019) to work on /home/airflow/.local/lib/python3.8/site-packages/airflow/example_dags/example_xcom.py
[2026-07-01T12:06:57.866+0000] {processor.py:830} INFO - Processing file /home/airflow/.local/lib/python3.8/site-packages/airflow/example_dags/example_xcom.py for tasks to queue
[2026-07-01T12:06:57.873+0000] {logging_mixin.py:188} INFO - [2026-07-01T12:06:57.872+0000] {dagbag.py:538} INFO - Filling up the DagBag from /home/airflow/.local/lib/python3.8/site-packages/airflow/example_dags/example_xcom.py
[2026-07-01T12:06:57.894+0000] {processor.py:840} INFO - DAG(s) 'example_xcom' retrieved from /home/airflow/.local/lib/python3.8/site-packages/airflow/example_dags/example_xcom.py
[2026-07-01T12:06:57.945+0000] {logging_mixin.py:188} INFO - [2026-07-01T12:06:57.944+0000] {dag.py:3036} INFO - Sync 1 DAGs
[2026-07-01T12:06:57.998+0000] {logging_mixin.py:188} INFO - [2026-07-01T12:06:57.997+0000] {dag.py:3823} INFO - Setting next_dagrun for example_xcom to 2021-01-01 00:00:00+00:00, run_after=2021-01-01 00:00:00+00:00
[2026-07-01T12:06:58.041+0000] {processor.py:183} INFO - Processing /home/airflow/.local/lib/python3.8/site-packages/airflow/example_dags/example_xcom.py took 0.187 seconds
[2026-07-01T12:07:28.270+0000] {processor.py:161} INFO - Started process (PID=1074) to work on /home/airflow/.local/lib/python3.8/site-packages/airflow/example_dags/example_xcom.py
[2026-07-01T12:07:28.274+0000] {processor.py:830} INFO - Processing file /home/airflow/.local/lib/python3.8/site-packages/airflow/example_dags/example_xcom.py for tasks to queue
[2026-07-01T12:07:28.284+0000] {logging_mixin.py:188} INFO - [2026-07-01T12:07:28.283+0000] {dagbag.py:538} INFO - Filling up the DagBag from /home/airflow/.local/lib/python3.8/site-packages/airflow/example_dags/example_xcom.py
[2026-07-01T12:07:28.306+0000] {processor.py:840} INFO - DAG(s) 'example_xcom' retrieved from /home/airflow/.local/lib/python3.8/site-packages/airflow/example_dags/example_xcom.py
[2026-07-01T12:07:28.361+0000] {logging_mixin.py:188} INFO - [2026-07-01T12:07:28.360+0000] {dag.py:3036} INFO - Sync 1 DAGs
[2026-07-01T12:07:28.415+0000] {logging_mixin.py:188} INFO - [2026-07-01T12:07:28.414+0000] {dag.py:3823} INFO - Setting next_dagrun for example_xcom to 2021-01-01 00:00:00+00:00, run_after=2021-01-01 00:00:00+00:00
[2026-07-01T12:07:28.536+0000] {processor.py:183} INFO - Processing /home/airflow/.local/lib/python3.8/site-packages/airflow/example_dags/example_xcom.py took 0.278 seconds
[2026-07-01T12:07:58.840+0000] {processor.py:161} INFO - Started process (PID=1130) to work on /home/airflow/.local/lib/python3.8/site-packages/airflow/example_dags/example_xcom.py
[2026-07-01T12:07:58.843+0000] {processor.py:830} INFO - Processing file /home/airflow/.local/lib/python3.8/site-packages/airflow/example_dags/example_xcom.py for tasks to queue
[2026-07-01T12:07:58.848+0000] {logging_mixin.py:188} INFO - [2026-07-01T12:07:58.847+0000] {dagbag.py:538} INFO - Filling up the DagBag from /home/airflow/.local/lib/python3.8/site-packages/airflow/example_dags/example_xcom.py
[2026-07-01T12:07:58.866+0000] {processor.py:840} INFO - DAG(s) 'example_xcom' retrieved from /home/airflow/.local/lib/python3.8/site-packages/airflow/example_dags/example_xcom.py
[2026-07-01T12:07:58.917+0000] {logging_mixin.py:188} INFO - [2026-07-01T12:07:58.917+0000] {dag.py:3036} INFO - Sync 1 DAGs
[2026-07-01T12:07:58.968+0000] {logging_mixin.py:188} INFO - [2026-07-01T12:07:58.968+0000] {dag.py:3823} INFO - Setting next_dagrun for example_xcom to 2021-01-01 00:00:00+00:00, run_after=2021-01-01 00:00:00+00:00
[2026-07-01T12:07:59.014+0000] {processor.py:183} INFO - Processing /home/airflow/.local/lib/python3.8/site-packages/airflow/example_dags/example_xcom.py took 0.182 seconds
[2026-07-01T12:08:58.569+0000] {processor.py:161} INFO - Started process (PID=70) to work on /home/airflow/.local/lib/python3.8/site-packages/airflow/example_dags/example_xcom.py
[2026-07-01T12:08:58.573+0000] {processor.py:830} INFO - Processing file /home/airflow/.local/lib/python3.8/site-packages/airflow/example_dags/example_xcom.py for tasks to queue
[2026-07-01T12:08:58.580+0000] {logging_mixin.py:188} INFO - [2026-07-01T12:08:58.579+0000] {dagbag.py:538} INFO - Filling up the DagBag from /home/airflow/.local/lib/python3.8/site-packages/airflow/example_dags/example_xcom.py
[2026-07-01T12:08:58.615+0000] {processor.py:840} INFO - DAG(s) 'example_xcom' retrieved from /home/airflow/.local/lib/python3.8/site-packages/airflow/example_dags/example_xcom.py
[2026-07-01T12:08:58.702+0000] {logging_mixin.py:188} INFO - [2026-07-01T12:08:58.701+0000] {dag.py:3036} INFO - Sync 1 DAGs
[2026-07-01T12:08:58.775+0000] {logging_mixin.py:188} INFO - [2026-07-01T12:08:58.774+0000] {dag.py:3823} INFO - Setting next_dagrun for example_xcom to 2021-01-01 00:00:00+00:00, run_after=2021-01-01 00:00:00+00:00
[2026-07-01T12:08:58.869+0000] {processor.py:183} INFO - Processing /home/airflow/.local/lib/python3.8/site-packages/airflow/example_dags/example_xcom.py took 0.312 seconds
[2026-07-01T12:09:29.755+0000] {processor.py:161} INFO - Started process (PID=126) to work on /home/airflow/.local/lib/python3.8/site-packages/airflow/example_dags/example_xcom.py
[2026-07-01T12:09:29.758+0000] {processor.py:830} INFO - Processing file /home/airflow/.local/lib/python3.8/site-packages/airflow/example_dags/example_xcom.py for tasks to queue
[2026-07-01T12:09:29.764+0000] {logging_mixin.py:188} INFO - [2026-07-01T12:09:29.763+0000] {dagbag.py:538} INFO - Filling up the DagBag from /home/airflow/.local/lib/python3.8/site-packages/airflow/example_dags/example_xcom.py
[2026-07-01T12:09:29.786+0000] {processor.py:840} INFO - DAG(s) 'example_xcom' retrieved from /home/airflow/.local/lib/python3.8/site-packages/airflow/example_dags/example_xcom.py
[2026-07-01T12:09:29.839+0000] {logging_mixin.py:188} INFO - [2026-07-01T12:09:29.839+0000] {dag.py:3036} INFO - Sync 1 DAGs
[2026-07-01T12:09:29.907+0000] {logging_mixin.py:188} INFO - [2026-07-01T12:09:29.906+0000] {dag.py:3823} INFO - Setting next_dagrun for example_xcom to 2021-01-01 00:00:00+00:00, run_after=2021-01-01 00:00:00+00:00
[2026-07-01T12:09:29.958+0000] {processor.py:183} INFO - Processing /home/airflow/.local/lib/python3.8/site-packages/airflow/example_dags/example_xcom.py took 0.212 seconds
[2026-07-01T12:10:00.360+0000] {processor.py:161} INFO - Started process (PID=182) to work on /home/airflow/.local/lib/python3.8/site-packages/airflow/example_dags/example_xcom.py
[2026-07-01T12:10:00.364+0000] {processor.py:830} INFO - Processing file /home/airflow/.local/lib/python3.8/site-packages/airflow/example_dags/example_xcom.py for tasks to queue
[2026-07-01T12:10:00.370+0000] {logging_mixin.py:188} INFO - [2026-07-01T12:10:00.369+0000] {dagbag.py:538} INFO - Filling up the DagBag from /home/airflow/.local/lib/python3.8/site-packages/airflow/example_dags/example_xcom.py
[2026-07-01T12:10:00.392+0000] {processor.py:840} INFO - DAG(s) 'example_xcom' retrieved from /home/airflow/.local/lib/python3.8/site-packages/airflow/example_dags/example_xcom.py
[2026-07-01T12:10:00.450+0000] {logging_mixin.py:188} INFO - [2026-07-01T12:10:00.449+0000] {dag.py:3036} INFO - Sync 1 DAGs
[2026-07-01T12:10:00.502+0000] {logging_mixin.py:188} INFO - [2026-07-01T12:10:00.502+0000] {dag.py:3823} INFO - Setting next_dagrun for example_xcom to 2021-01-01 00:00:00+00:00, run_after=2021-01-01 00:00:00+00:00
[2026-07-01T12:10:00.545+0000] {processor.py:183} INFO - Processing /home/airflow/.local/lib/python3.8/site-packages/airflow/example_dags/example_xcom.py took 0.196 seconds
[2026-07-01T12:10:31.039+0000] {processor.py:161} INFO - Started process (PID=239) to work on /home/airflow/.local/lib/python3.8/site-packages/airflow/example_dags/example_xcom.py
[2026-07-01T12:10:31.042+0000] {processor.py:830} INFO - Processing file /home/airflow/.local/lib/python3.8/site-packages/airflow/example_dags/example_xcom.py for tasks to queue
[2026-07-01T12:10:31.048+0000] {logging_mixin.py:188} INFO - [2026-07-01T12:10:31.047+0000] {dagbag.py:538} INFO - Filling up the DagBag from /home/airflow/.local/lib/python3.8/site-packages/airflow/example_dags/example_xcom.py
[2026-07-01T12:10:31.069+0000] {processor.py:840} INFO - DAG(s) 'example_xcom' retrieved from /home/airflow/.local/lib/python3.8/site-packages/airflow/example_dags/example_xcom.py
[2026-07-01T12:10:31.117+0000] {logging_mixin.py:188} INFO - [2026-07-01T12:10:31.117+0000] {dag.py:3036} INFO - Sync 1 DAGs
[2026-07-01T12:10:31.166+0000] {logging_mixin.py:188} INFO - [2026-07-01T12:10:31.166+0000] {dag.py:3823} INFO - Setting next_dagrun for example_xcom to 2021-01-01 00:00:00+00:00, run_after=2021-01-01 00:00:00+00:00
[2026-07-01T12:10:31.211+0000] {processor.py:183} INFO - Processing /home/airflow/.local/lib/python3.8/site-packages/airflow/example_dags/example_xcom.py took 0.181 seconds
[2026-07-01T12:11:01.978+0000] {processor.py:161} INFO - Started process (PID=306) to work on /home/airflow/.local/lib/python3.8/site-packages/airflow/example_dags/example_xcom.py
[2026-07-01T12:11:01.982+0000] {processor.py:830} INFO - Processing file /home/airflow/.local/lib/python3.8/site-packages/airflow/example_dags/example_xcom.py for tasks to queue
[2026-07-01T12:11:01.989+0000] {logging_mixin.py:188} INFO - [2026-07-01T12:11:01.988+0000] {dagbag.py:538} INFO - Filling up the DagBag from /home/airflow/.local/lib/python3.8/site-packages/airflow/example_dags/example_xcom.py
[2026-07-01T12:11:02.019+0000] {processor.py:840} INFO - DAG(s) 'example_xcom' retrieved from /home/airflow/.local/lib/python3.8/site-packages/airflow/example_dags/example_xcom.py
[2026-07-01T12:11:02.081+0000] {logging_mixin.py:188} INFO - [2026-07-01T12:11:02.081+0000] {dag.py:3036} INFO - Sync 1 DAGs
[2026-07-01T12:11:02.151+0000] {logging_mixin.py:188} INFO - [2026-07-01T12:11:02.150+0000] {dag.py:3823} INFO - Setting next_dagrun for example_xcom to 2021-01-01 00:00:00+00:00, run_after=2021-01-01 00:00:00+00:00
[2026-07-01T12:11:02.205+0000] {processor.py:183} INFO - Processing /home/airflow/.local/lib/python3.8/site-packages/airflow/example_dags/example_xcom.py took 0.238 seconds
[2026-07-01T12:11:32.486+0000] {processor.py:161} INFO - Started process (PID=362) to work on /home/airflow/.local/lib/python3.8/site-packages/airflow/example_dags/example_xcom.py
[2026-07-01T12:11:32.490+0000] {processor.py:830} INFO - Processing file /home/airflow/.local/lib/python3.8/site-packages/airflow/example_dags/example_xcom.py for tasks to queue
[2026-07-01T12:11:32.496+0000] {logging_mixin.py:188} INFO - [2026-07-01T12:11:32.495+0000] {dagbag.py:538} INFO - Filling up the DagBag from /home/airflow/.local/lib/python3.8/site-packages/airflow/example_dags/example_xcom.py
[2026-07-01T12:11:32.520+0000] {processor.py:840} INFO - DAG(s) 'example_xcom' retrieved from /home/airflow/.local/lib/python3.8/site-packages/airflow/example_dags/example_xcom.py
[2026-07-01T12:11:32.576+0000] {logging_mixin.py:188} INFO - [2026-07-01T12:11:32.575+0000] {dag.py:3036} INFO - Sync 1 DAGs
[2026-07-01T12:11:32.626+0000] {logging_mixin.py:188} INFO - [2026-07-01T12:11:32.626+0000] {dag.py:3823} INFO - Setting next_dagrun for example_xcom to 2021-01-01 00:00:00+00:00, run_after=2021-01-01 00:00:00+00:00
[2026-07-01T12:11:32.672+0000] {processor.py:183} INFO - Processing /home/airflow/.local/lib/python3.8/site-packages/airflow/example_dags/example_xcom.py took 0.198 seconds
[2026-07-01T12:12:02.993+0000] {processor.py:161} INFO - Started process (PID=418) to work on /home/airflow/.local/lib/python3.8/site-packages/airflow/example_dags/example_xcom.py
[2026-07-01T12:12:02.996+0000] {processor.py:830} INFO - Processing file /home/airflow/.local/lib/python3.8/site-packages/airflow/example_dags/example_xcom.py for tasks to queue
[2026-07-01T12:12:03.001+0000] {logging_mixin.py:188} INFO - [2026-07-01T12:12:03.000+0000] {dagbag.py:538} INFO - Filling up the DagBag from /home/airflow/.local/lib/python3.8/site-packages/airflow/example_dags/example_xcom.py
[2026-07-01T12:12:03.020+0000] {processor.py:840} INFO - DAG(s) 'example_xcom' retrieved from /home/airflow/.local/lib/python3.8/site-packages/airflow/example_dags/example_xcom.py
[2026-07-01T12:12:03.073+0000] {logging_mixin.py:188} INFO - [2026-07-01T12:12:03.072+0000] {dag.py:3036} INFO - Sync 1 DAGs
[2026-07-01T12:12:03.123+0000] {logging_mixin.py:188} INFO - [2026-07-01T12:12:03.123+0000] {dag.py:3823} INFO - Setting next_dagrun for example_xcom to 2021-01-01 00:00:00+00:00, run_after=2021-01-01 00:00:00+00:00
[2026-07-01T12:12:03.162+0000] {processor.py:183} INFO - Processing /home/airflow/.local/lib/python3.8/site-packages/airflow/example_dags/example_xcom.py took 0.178 seconds
[2026-07-01T12:12:33.656+0000] {processor.py:161} INFO - Started process (PID=474) to work on /home/airflow/.local/lib/python3.8/site-packages/airflow/example_dags/example_xcom.py
[2026-07-01T12:12:33.659+0000] {processor.py:830} INFO - Processing file /home/airflow/.local/lib/python3.8/site-packages/airflow/example_dags/example_xcom.py for tasks to queue
[2026-07-01T12:12:33.666+0000] {logging_mixin.py:188} INFO - [2026-07-01T12:12:33.665+0000] {dagbag.py:538} INFO - Filling up the DagBag from /home/airflow/.local/lib/python3.8/site-packages/airflow/example_dags/example_xcom.py
[2026-07-01T12:12:33.688+0000] {processor.py:840} INFO - DAG(s) 'example_xcom' retrieved from /home/airflow/.local/lib/python3.8/site-packages/airflow/example_dags/example_xcom.py
[2026-07-01T12:12:33.739+0000] {logging_mixin.py:188} INFO - [2026-07-01T12:12:33.739+0000] {dag.py:3036} INFO - Sync 1 DAGs
[2026-07-01T12:12:33.788+0000] {logging_mixin.py:188} INFO - [2026-07-01T12:12:33.787+0000] {dag.py:3823} INFO - Setting next_dagrun for example_xcom to 2021-01-01 00:00:00+00:00, run_after=2021-01-01 00:00:00+00:00
[2026-07-01T12:12:33.831+0000] {processor.py:183} INFO - Processing /home/airflow/.local/lib/python3.8/site-packages/airflow/example_dags/example_xcom.py took 0.185 seconds
[2026-07-01T12:13:04.399+0000] {processor.py:161} INFO - Started process (PID=530) to work on /home/airflow/.local/lib/python3.8/site-packages/airflow/example_dags/example_xcom.py
[2026-07-01T12:13:04.424+0000] {processor.py:830} INFO - Processing file /home/airflow/.local/lib/python3.8/site-packages/airflow/example_dags/example_xcom.py for tasks to queue
[2026-07-01T12:13:04.431+0000] {logging_mixin.py:188} INFO - [2026-07-01T12:13:04.431+0000] {dagbag.py:538} INFO - Filling up the DagBag from /home/airflow/.local/lib/python3.8/site-packages/airflow/example_dags/example_xcom.py
[2026-07-01T12:13:04.480+0000] {processor.py:840} INFO - DAG(s) 'example_xcom' retrieved from /home/airflow/.local/lib/python3.8/site-packages/airflow/example_dags/example_xcom.py
[2026-07-01T12:13:04.603+0000] {logging_mixin.py:188} INFO - [2026-07-01T12:13:04.602+0000] {dag.py:3036} INFO - Sync 1 DAGs
[2026-07-01T12:13:04.732+0000] {logging_mixin.py:188} INFO - [2026-07-01T12:13:04.732+0000] {dag.py:3823} INFO - Setting next_dagrun for example_xcom to 2021-01-01 00:00:00+00:00, run_after=2021-01-01 00:00:00+00:00
[2026-07-01T12:13:04.821+0000] {processor.py:183} INFO - Processing /home/airflow/.local/lib/python3.8/site-packages/airflow/example_dags/example_xcom.py took 0.439 seconds
[2026-07-01T12:13:35.188+0000] {processor.py:161} INFO - Started process (PID=586) to work on /home/airflow/.local/lib/python3.8/site-packages/airflow/example_dags/example_xcom.py
[2026-07-01T12:13:35.192+0000] {processor.py:830} INFO - Processing file /home/airflow/.local/lib/python3.8/site-packages/airflow/example_dags/example_xcom.py for tasks to queue
[2026-07-01T12:13:35.199+0000] {logging_mixin.py:188} INFO - [2026-07-01T12:13:35.198+0000] {dagbag.py:538} INFO - Filling up the DagBag from /home/airflow/.local/lib/python3.8/site-packages/airflow/example_dags/example_xcom.py
[2026-07-01T12:13:35.221+0000] {processor.py:840} INFO - DAG(s) 'example_xcom' retrieved from /home/airflow/.local/lib/python3.8/site-packages/airflow/example_dags/example_xcom.py
[2026-07-01T12:13:35.288+0000] {logging_mixin.py:188} INFO - [2026-07-01T12:13:35.287+0000] {dag.py:3036} INFO - Sync 1 DAGs
[2026-07-01T12:13:35.353+0000] {logging_mixin.py:188} INFO - [2026-07-01T12:13:35.352+0000] {dag.py:3823} INFO - Setting next_dagrun for example_xcom to 2021-01-01 00:00:00+00:00, run_after=2021-01-01 00:00:00+00:00
[2026-07-01T12:13:35.412+0000] {processor.py:183} INFO - Processing /home/airflow/.local/lib/python3.8/site-packages/airflow/example_dags/example_xcom.py took 0.236 seconds
[2026-07-01T12:14:05.577+0000] {processor.py:161} INFO - Started process (PID=642) to work on /home/airflow/.local/lib/python3.8/site-packages/airflow/example_dags/example_xcom.py
[2026-07-01T12:14:05.581+0000] {processor.py:830} INFO - Processing file /home/airflow/.local/lib/python3.8/site-packages/airflow/example_dags/example_xcom.py for tasks to queue
[2026-07-01T12:14:05.586+0000] {logging_mixin.py:188} INFO - [2026-07-01T12:14:05.586+0000] {dagbag.py:538} INFO - Filling up the DagBag from /home/airflow/.local/lib/python3.8/site-packages/airflow/example_dags/example_xcom.py
[2026-07-01T12:14:05.606+0000] {processor.py:840} INFO - DAG(s) 'example_xcom' retrieved from /home/airflow/.local/lib/python3.8/site-packages/airflow/example_dags/example_xcom.py
[2026-07-01T12:14:05.669+0000] {logging_mixin.py:188} INFO - [2026-07-01T12:14:05.668+0000] {dag.py:3036} INFO - Sync 1 DAGs
[2026-07-01T12:14:05.722+0000] {logging_mixin.py:188} INFO - [2026-07-01T12:14:05.721+0000] {dag.py:3823} INFO - Setting next_dagrun for example_xcom to 2021-01-01 00:00:00+00:00, run_after=2021-01-01 00:00:00+00:00
[2026-07-01T12:14:05.769+0000] {processor.py:183} INFO - Processing /home/airflow/.local/lib/python3.8/site-packages/airflow/example_dags/example_xcom.py took 0.201 seconds
[2026-07-01T12:14:36.071+0000] {processor.py:161} INFO - Started process (PID=698) to work on /home/airflow/.local/lib/python3.8/site-packages/airflow/example_dags/example_xcom.py
[2026-07-01T12:14:36.083+0000] {processor.py:830} INFO - Processing file /home/airflow/.local/lib/python3.8/site-packages/airflow/example_dags/example_xcom.py for tasks to queue
[2026-07-01T12:14:36.090+0000] {logging_mixin.py:188} INFO - [2026-07-01T12:14:36.089+0000] {dagbag.py:538} INFO - Filling up the DagBag from /home/airflow/.local/lib/python3.8/site-packages/airflow/example_dags/example_xcom.py
[2026-07-01T12:14:36.116+0000] {processor.py:840} INFO - DAG(s) 'example_xcom' retrieved from /home/airflow/.local/lib/python3.8/site-packages/airflow/example_dags/example_xcom.py
[2026-07-01T12:14:36.169+0000] {logging_mixin.py:188} INFO - [2026-07-01T12:14:36.169+0000] {dag.py:3036} INFO - Sync 1 DAGs
[2026-07-01T12:14:36.232+0000] {logging_mixin.py:188} INFO - [2026-07-01T12:14:36.231+0000] {dag.py:3823} INFO - Setting next_dagrun for example_xcom to 2021-01-01 00:00:00+00:00, run_after=2021-01-01 00:00:00+00:00
[2026-07-01T12:14:36.289+0000] {processor.py:183} INFO - Processing /home/airflow/.local/lib/python3.8/site-packages/airflow/example_dags/example_xcom.py took 0.232 seconds
[2026-07-01T12:15:06.622+0000] {processor.py:161} INFO - Started process (PID=755) to work on /home/airflow/.local/lib/python3.8/site-packages/airflow/example_dags/example_xcom.py
[2026-07-01T12:15:06.626+0000] {processor.py:830} INFO - Processing file /home/airflow/.local/lib/python3.8/site-packages/airflow/example_dags/example_xcom.py for tasks to queue
[2026-07-01T12:15:06.634+0000] {logging_mixin.py:188} INFO - [2026-07-01T12:15:06.633+0000] {dagbag.py:538} INFO - Filling up the DagBag from /home/airflow/.local/lib/python3.8/site-packages/airflow/example_dags/example_xcom.py
[2026-07-01T12:15:06.661+0000] {processor.py:840} INFO - DAG(s) 'example_xcom' retrieved from /home/airflow/.local/lib/python3.8/site-packages/airflow/example_dags/example_xcom.py
[2026-07-01T12:15:06.733+0000] {logging_mixin.py:188} INFO - [2026-07-01T12:15:06.733+0000] {dag.py:3036} INFO - Sync 1 DAGs
[2026-07-01T12:15:06.801+0000] {logging_mixin.py:188} INFO - [2026-07-01T12:15:06.801+0000] {dag.py:3823} INFO - Setting next_dagrun for example_xcom to 2021-01-01 00:00:00+00:00, run_after=2021-01-01 00:00:00+00:00
[2026-07-01T12:15:06.857+0000] {processor.py:183} INFO - Processing /home/airflow/.local/lib/python3.8/site-packages/airflow/example_dags/example_xcom.py took 0.246 seconds
[2026-07-01T12:15:37.204+0000] {processor.py:161} INFO - Started process (PID=811) to work on /home/airflow/.local/lib/python3.8/site-packages/airflow/example_dags/example_xcom.py
[2026-07-01T12:15:37.208+0000] {processor.py:830} INFO - Processing file /home/airflow/.local/lib/python3.8/site-packages/airflow/example_dags/example_xcom.py for tasks to queue
[2026-07-01T12:15:37.215+0000] {logging_mixin.py:188} INFO - [2026-07-01T12:15:37.214+0000] {dagbag.py:538} INFO - Filling up the DagBag from /home/airflow/.local/lib/python3.8/site-packages/airflow/example_dags/example_xcom.py
[2026-07-01T12:15:37.238+0000] {processor.py:840} INFO - DAG(s) 'example_xcom' retrieved from /home/airflow/.local/lib/python3.8/site-packages/airflow/example_dags/example_xcom.py
[2026-07-01T12:15:37.291+0000] {logging_mixin.py:188} INFO - [2026-07-01T12:15:37.291+0000] {dag.py:3036} INFO - Sync 1 DAGs
[2026-07-01T12:15:37.346+0000] {logging_mixin.py:188} INFO - [2026-07-01T12:15:37.345+0000] {dag.py:3823} INFO - Setting next_dagrun for example_xcom to 2021-01-01 00:00:00+00:00, run_after=2021-01-01 00:00:00+00:00
[2026-07-01T12:15:37.394+0000] {processor.py:183} INFO - Processing /home/airflow/.local/lib/python3.8/site-packages/airflow/example_dags/example_xcom.py took 0.201 seconds
[2026-07-01T12:16:08.273+0000] {processor.py:161} INFO - Started process (PID=867) to work on /home/airflow/.local/lib/python3.8/site-packages/airflow/example_dags/example_xcom.py
[2026-07-01T12:16:08.276+0000] {processor.py:830} INFO - Processing file /home/airflow/.local/lib/python3.8/site-packages/airflow/example_dags/example_xcom.py for tasks to queue
[2026-07-01T12:16:08.282+0000] {logging_mixin.py:188} INFO - [2026-07-01T12:16:08.281+0000] {dagbag.py:538} INFO - Filling up the DagBag from /home/airflow/.local/lib/python3.8/site-packages/airflow/example_dags/example_xcom.py
[2026-07-01T12:16:08.306+0000] {processor.py:840} INFO - DAG(s) 'example_xcom' retrieved from /home/airflow/.local/lib/python3.8/site-packages/airflow/example_dags/example_xcom.py
[2026-07-01T12:16:08.359+0000] {logging_mixin.py:188} INFO - [2026-07-01T12:16:08.359+0000] {dag.py:3036} INFO - Sync 1 DAGs
[2026-07-01T12:16:08.413+0000] {logging_mixin.py:188} INFO - [2026-07-01T12:16:08.413+0000] {dag.py:3823} INFO - Setting next_dagrun for example_xcom to 2021-01-01 00:00:00+00:00, run_after=2021-01-01 00:00:00+00:00
[2026-07-01T12:16:08.459+0000] {processor.py:183} INFO - Processing /home/airflow/.local/lib/python3.8/site-packages/airflow/example_dags/example_xcom.py took 0.195 seconds
[2026-07-01T12:16:38.858+0000] {processor.py:161} INFO - Started process (PID=923) to work on /home/airflow/.local/lib/python3.8/site-packages/airflow/example_dags/example_xcom.py
[2026-07-01T12:16:38.862+0000] {processor.py:830} INFO - Processing file /home/airflow/.local/lib/python3.8/site-packages/airflow/example_dags/example_xcom.py for tasks to queue
[2026-07-01T12:16:38.868+0000] {logging_mixin.py:188} INFO - [2026-07-01T12:16:38.867+0000] {dagbag.py:538} INFO - Filling up the DagBag from /home/airflow/.local/lib/python3.8/site-packages/airflow/example_dags/example_xcom.py
[2026-07-01T12:16:38.888+0000] {processor.py:840} INFO - DAG(s) 'example_xcom' retrieved from /home/airflow/.local/lib/python3.8/site-packages/airflow/example_dags/example_xcom.py
[2026-07-01T12:16:38.946+0000] {logging_mixin.py:188} INFO - [2026-07-01T12:16:38.945+0000] {dag.py:3036} INFO - Sync 1 DAGs
[2026-07-01T12:16:39.010+0000] {logging_mixin.py:188} INFO - [2026-07-01T12:16:39.009+0000] {dag.py:3823} INFO - Setting next_dagrun for example_xcom to 2021-01-01 00:00:00+00:00, run_after=2021-01-01 00:00:00+00:00
[2026-07-01T12:16:39.066+0000] {processor.py:183} INFO - Processing /home/airflow/.local/lib/python3.8/site-packages/airflow/example_dags/example_xcom.py took 0.217 seconds
[2026-07-01T12:17:09.337+0000] {processor.py:161} INFO - Started process (PID=979) to work on /home/airflow/.local/lib/python3.8/site-packages/airflow/example_dags/example_xcom.py
[2026-07-01T12:17:09.341+0000] {processor.py:830} INFO - Processing file /home/airflow/.local/lib/python3.8/site-packages/airflow/example_dags/example_xcom.py for tasks to queue
[2026-07-01T12:17:09.347+0000] {logging_mixin.py:188} INFO - [2026-07-01T12:17:09.346+0000] {dagbag.py:538} INFO - Filling up the DagBag from /home/airflow/.local/lib/python3.8/site-packages/airflow/example_dags/example_xcom.py
[2026-07-01T12:17:09.369+0000] {processor.py:840} INFO - DAG(s) 'example_xcom' retrieved from /home/airflow/.local/lib/python3.8/site-packages/airflow/example_dags/example_xcom.py
[2026-07-01T12:17:09.422+0000] {logging_mixin.py:188} INFO - [2026-07-01T12:17:09.421+0000] {dag.py:3036} INFO - Sync 1 DAGs
[2026-07-01T12:17:09.474+0000] {logging_mixin.py:188} INFO - [2026-07-01T12:17:09.474+0000] {dag.py:3823} INFO - Setting next_dagrun for example_xcom to 2021-01-01 00:00:00+00:00, run_after=2021-01-01 00:00:00+00:00
[2026-07-01T12:17:09.520+0000] {processor.py:183} INFO - Processing /home/airflow/.local/lib/python3.8/site-packages/airflow/example_dags/example_xcom.py took 0.195 seconds
[2026-07-01T12:17:40.109+0000] {processor.py:161} INFO - Started process (PID=1035) to work on /home/airflow/.local/lib/python3.8/site-packages/airflow/example_dags/example_xcom.py
[2026-07-01T12:17:40.112+0000] {processor.py:830} INFO - Processing file /home/airflow/.local/lib/python3.8/site-packages/airflow/example_dags/example_xcom.py for tasks to queue
[2026-07-01T12:17:40.119+0000] {logging_mixin.py:188} INFO - [2026-07-01T12:17:40.117+0000] {dagbag.py:538} INFO - Filling up the DagBag from /home/airflow/.local/lib/python3.8/site-packages/airflow/example_dags/example_xcom.py
[2026-07-01T12:17:40.142+0000] {processor.py:840} INFO - DAG(s) 'example_xcom' retrieved from /home/airflow/.local/lib/python3.8/site-packages/airflow/example_dags/example_xcom.py
[2026-07-01T12:17:40.204+0000] {logging_mixin.py:188} INFO - [2026-07-01T12:17:40.203+0000] {dag.py:3036} INFO - Sync 1 DAGs
[2026-07-01T12:17:40.263+0000] {logging_mixin.py:188} INFO - [2026-07-01T12:17:40.262+0000] {dag.py:3823} INFO - Setting next_dagrun for example_xcom to 2021-01-01 00:00:00+00:00, run_after=2021-01-01 00:00:00+00:00
[2026-07-01T12:17:40.315+0000] {processor.py:183} INFO - Processing /home/airflow/.local/lib/python3.8/site-packages/airflow/example_dags/example_xcom.py took 0.217 seconds
[2026-07-01T12:18:11.058+0000] {processor.py:161} INFO - Started process (PID=1091) to work on /home/airflow/.local/lib/python3.8/site-packages/airflow/example_dags/example_xcom.py
[2026-07-01T12:18:11.062+0000] {processor.py:830} INFO - Processing file /home/airflow/.local/lib/python3.8/site-packages/airflow/example_dags/example_xcom.py for tasks to queue
[2026-07-01T12:18:11.068+0000] {logging_mixin.py:188} INFO - [2026-07-01T12:18:11.068+0000] {dagbag.py:538} INFO - Filling up the DagBag from /home/airflow/.local/lib/python3.8/site-packages/airflow/example_dags/example_xcom.py
[2026-07-01T12:18:11.088+0000] {processor.py:840} INFO - DAG(s) 'example_xcom' retrieved from /home/airflow/.local/lib/python3.8/site-packages/airflow/example_dags/example_xcom.py
[2026-07-01T12:18:11.152+0000] {logging_mixin.py:188} INFO - [2026-07-01T12:18:11.152+0000] {dag.py:3036} INFO - Sync 1 DAGs
[2026-07-01T12:18:11.206+0000] {logging_mixin.py:188} INFO - [2026-07-01T12:18:11.206+0000] {dag.py:3823} INFO - Setting next_dagrun for example_xcom to 2021-01-01 00:00:00+00:00, run_after=2021-01-01 00:00:00+00:00
[2026-07-01T12:18:11.254+0000] {processor.py:183} INFO - Processing /home/airflow/.local/lib/python3.8/site-packages/airflow/example_dags/example_xcom.py took 0.205 seconds
[2026-07-01T12:18:41.483+0000] {processor.py:161} INFO - Started process (PID=1147) to work on /home/airflow/.local/lib/python3.8/site-packages/airflow/example_dags/example_xcom.py
[2026-07-01T12:18:41.488+0000] {processor.py:830} INFO - Processing file /home/airflow/.local/lib/python3.8/site-packages/airflow/example_dags/example_xcom.py for tasks to queue
[2026-07-01T12:18:41.494+0000] {logging_mixin.py:188} INFO - [2026-07-01T12:18:41.493+0000] {dagbag.py:538} INFO - Filling up the DagBag from /home/airflow/.local/lib/python3.8/site-packages/airflow/example_dags/example_xcom.py
[2026-07-01T12:18:41.515+0000] {processor.py:840} INFO - DAG(s) 'example_xcom' retrieved from /home/airflow/.local/lib/python3.8/site-packages/airflow/example_dags/example_xcom.py
[2026-07-01T12:18:41.564+0000] {logging_mixin.py:188} INFO - [2026-07-01T12:18:41.563+0000] {dag.py:3036} INFO - Sync 1 DAGs
[2026-07-01T12:18:41.612+0000] {logging_mixin.py:188} INFO - [2026-07-01T12:18:41.611+0000] {dag.py:3823} INFO - Setting next_dagrun for example_xcom to 2021-01-01 00:00:00+00:00, run_after=2021-01-01 00:00:00+00:00
[2026-07-01T12:18:41.653+0000] {processor.py:183} INFO - Processing /home/airflow/.local/lib/python3.8/site-packages/airflow/example_dags/example_xcom.py took 0.179 seconds
[2026-07-01T12:19:12.603+0000] {processor.py:161} INFO - Started process (PID=1203) to work on /home/airflow/.local/lib/python3.8/site-packages/airflow/example_dags/example_xcom.py
[2026-07-01T12:19:12.608+0000] {processor.py:830} INFO - Processing file /home/airflow/.local/lib/python3.8/site-packages/airflow/example_dags/example_xcom.py for tasks to queue
[2026-07-01T12:19:12.615+0000] {logging_mixin.py:188} INFO - [2026-07-01T12:19:12.614+0000] {dagbag.py:538} INFO - Filling up the DagBag from /home/airflow/.local/lib/python3.8/site-packages/airflow/example_dags/example_xcom.py
[2026-07-01T12:19:12.642+0000] {processor.py:840} INFO - DAG(s) 'example_xcom' retrieved from /home/airflow/.local/lib/python3.8/site-packages/airflow/example_dags/example_xcom.py
[2026-07-01T12:19:12.703+0000] {logging_mixin.py:188} INFO - [2026-07-01T12:19:12.703+0000] {dag.py:3036} INFO - Sync 1 DAGs
[2026-07-01T12:19:12.768+0000] {logging_mixin.py:188} INFO - [2026-07-01T12:19:12.767+0000] {dag.py:3823} INFO - Setting next_dagrun for example_xcom to 2021-01-01 00:00:00+00:00, run_after=2021-01-01 00:00:00+00:00
[2026-07-01T12:19:12.819+0000] {processor.py:183} INFO - Processing /home/airflow/.local/lib/python3.8/site-packages/airflow/example_dags/example_xcom.py took 0.224 seconds
[2026-07-01T12:19:43.364+0000] {processor.py:161} INFO - Started process (PID=1257) to work on /home/airflow/.local/lib/python3.8/site-packages/airflow/example_dags/example_xcom.py
[2026-07-01T12:19:43.367+0000] {processor.py:830} INFO - Processing file /home/airflow/.local/lib/python3.8/site-packages/airflow/example_dags/example_xcom.py for tasks to queue
[2026-07-01T12:19:43.374+0000] {logging_mixin.py:188} INFO - [2026-07-01T12:19:43.373+0000] {dagbag.py:538} INFO - Filling up the DagBag from /home/airflow/.local/lib/python3.8/site-packages/airflow/example_dags/example_xcom.py
[2026-07-01T12:19:43.401+0000] {processor.py:840} INFO - DAG(s) 'example_xcom' retrieved from /home/airflow/.local/lib/python3.8/site-packages/airflow/example_dags/example_xcom.py
[2026-07-01T12:19:43.467+0000] {logging_mixin.py:188} INFO - [2026-07-01T12:19:43.466+0000] {dag.py:3036} INFO - Sync 1 DAGs
[2026-07-01T12:19:43.558+0000] {logging_mixin.py:188} INFO - [2026-07-01T12:19:43.557+0000] {dag.py:3823} INFO - Setting next_dagrun for example_xcom to 2021-01-01 00:00:00+00:00, run_after=2021-01-01 00:00:00+00:00
[2026-07-01T12:19:43.655+0000] {processor.py:183} INFO - Processing /home/airflow/.local/lib/python3.8/site-packages/airflow/example_dags/example_xcom.py took 0.300 seconds
[2026-07-01T12:20:14.354+0000] {processor.py:161} INFO - Started process (PID=1312) to work on /home/airflow/.local/lib/python3.8/site-packages/airflow/example_dags/example_xcom.py
[2026-07-01T12:20:14.359+0000] {processor.py:830} INFO - Processing file /home/airflow/.local/lib/python3.8/site-packages/airflow/example_dags/example_xcom.py for tasks to queue
[2026-07-01T12:20:14.368+0000] {logging_mixin.py:188} INFO - [2026-07-01T12:20:14.367+0000] {dagbag.py:538} INFO - Filling up the DagBag from /home/airflow/.local/lib/python3.8/site-packages/airflow/example_dags/example_xcom.py
[2026-07-01T12:20:14.488+0000] {processor.py:840} INFO - DAG(s) 'example_xcom' retrieved from /home/airflow/.local/lib/python3.8/site-packages/airflow/example_dags/example_xcom.py
[2026-07-01T12:20:15.143+0000] {logging_mixin.py:188} INFO - [2026-07-01T12:20:15.142+0000] {dag.py:3036} INFO - Sync 1 DAGs
[2026-07-01T12:20:15.231+0000] {logging_mixin.py:188} INFO - [2026-07-01T12:20:15.230+0000] {dag.py:3823} INFO - Setting next_dagrun for example_xcom to 2021-01-01 00:00:00+00:00, run_after=2021-01-01 00:00:00+00:00
[2026-07-01T12:20:16.344+0000] {logging_mixin.py:188} INFO - [2026-07-01T12:20:16.344+0000] {dag.py:3036} INFO - Sync 1 DAGs
[2026-07-01T12:20:17.274+0000] {logging_mixin.py:188} INFO - [2026-07-01T12:20:17.273+0000] {dag.py:3823} INFO - Setting next_dagrun for example_xcom to 2021-01-01 00:00:00+00:00, run_after=2021-01-01 00:00:00+00:00
[2026-07-01T12:20:17.323+0000] {processor.py:183} INFO - Processing /home/airflow/.local/lib/python3.8/site-packages/airflow/example_dags/example_xcom.py took 2.985 seconds
[2026-07-01T12:20:48.465+0000] {processor.py:161} INFO - Started process (PID=1368) to work on /home/airflow/.local/lib/python3.8/site-packages/airflow/example_dags/example_xcom.py
[2026-07-01T12:20:48.470+0000] {processor.py:830} INFO - Processing file /home/airflow/.local/lib/python3.8/site-packages/airflow/example_dags/example_xcom.py for tasks to queue
[2026-07-01T12:20:48.505+0000] {logging_mixin.py:188} INFO - [2026-07-01T12:20:48.504+0000] {dagbag.py:538} INFO - Filling up the DagBag from /home/airflow/.local/lib/python3.8/site-packages/airflow/example_dags/example_xcom.py
[2026-07-01T12:20:48.599+0000] {processor.py:840} INFO - DAG(s) 'example_xcom' retrieved from /home/airflow/.local/lib/python3.8/site-packages/airflow/example_dags/example_xcom.py
[2026-07-01T12:20:48.746+0000] {logging_mixin.py:188} INFO - [2026-07-01T12:20:48.745+0000] {dag.py:3036} INFO - Sync 1 DAGs
[2026-07-01T12:20:48.910+0000] {logging_mixin.py:188} INFO - [2026-07-01T12:20:48.909+0000] {dag.py:3823} INFO - Setting next_dagrun for example_xcom to 2021-01-01 00:00:00+00:00, run_after=2021-01-01 00:00:00+00:00
[2026-07-01T12:20:49.084+0000] {processor.py:183} INFO - Processing /home/airflow/.local/lib/python3.8/site-packages/airflow/example_dags/example_xcom.py took 0.656 seconds
[2026-07-01T12:21:19.216+0000] {processor.py:161} INFO - Started process (PID=1424) to work on /home/airflow/.local/lib/python3.8/site-packages/airflow/example_dags/example_xcom.py
[2026-07-01T12:21:19.220+0000] {processor.py:830} INFO - Processing file /home/airflow/.local/lib/python3.8/site-packages/airflow/example_dags/example_xcom.py for tasks to queue
[2026-07-01T12:21:19.227+0000] {logging_mixin.py:188} INFO - [2026-07-01T12:21:19.226+0000] {dagbag.py:538} INFO - Filling up the DagBag from /home/airflow/.local/lib/python3.8/site-packages/airflow/example_dags/example_xcom.py
[2026-07-01T12:21:19.250+0000] {processor.py:840} INFO - DAG(s) 'example_xcom' retrieved from /home/airflow/.local/lib/python3.8/site-packages/airflow/example_dags/example_xcom.py
[2026-07-01T12:21:19.316+0000] {logging_mixin.py:188} INFO - [2026-07-01T12:21:19.315+0000] {dag.py:3036} INFO - Sync 1 DAGs
[2026-07-01T12:21:19.375+0000] {logging_mixin.py:188} INFO - [2026-07-01T12:21:19.374+0000] {dag.py:3823} INFO - Setting next_dagrun for example_xcom to 2021-01-01 00:00:00+00:00, run_after=2021-01-01 00:00:00+00:00
[2026-07-01T12:21:19.427+0000] {processor.py:183} INFO - Processing /home/airflow/.local/lib/python3.8/site-packages/airflow/example_dags/example_xcom.py took 0.219 seconds
[2026-07-01T12:21:49.667+0000] {processor.py:161} INFO - Started process (PID=1480) to work on /home/airflow/.local/lib/python3.8/site-packages/airflow/example_dags/example_xcom.py
[2026-07-01T12:21:49.670+0000] {processor.py:830} INFO - Processing file /home/airflow/.local/lib/python3.8/site-packages/airflow/example_dags/example_xcom.py for tasks to queue
[2026-07-01T12:21:49.678+0000] {logging_mixin.py:188} INFO - [2026-07-01T12:21:49.677+0000] {dagbag.py:538} INFO - Filling up the DagBag from /home/airflow/.local/lib/python3.8/site-packages/airflow/example_dags/example_xcom.py
[2026-07-01T12:21:49.704+0000] {processor.py:840} INFO - DAG(s) 'example_xcom' retrieved from /home/airflow/.local/lib/python3.8/site-packages/airflow/example_dags/example_xcom.py
[2026-07-01T12:21:49.762+0000] {logging_mixin.py:188} INFO - [2026-07-01T12:21:49.761+0000] {dag.py:3036} INFO - Sync 1 DAGs
[2026-07-01T12:21:49.819+0000] {logging_mixin.py:188} INFO - [2026-07-01T12:21:49.818+0000] {dag.py:3823} INFO - Setting next_dagrun for example_xcom to 2021-01-01 00:00:00+00:00, run_after=2021-01-01 00:00:00+00:00
[2026-07-01T12:21:49.870+0000] {processor.py:183} INFO - Processing /home/airflow/.local/lib/python3.8/site-packages/airflow/example_dags/example_xcom.py took 0.211 seconds
[2026-07-01T12:22:20.015+0000] {processor.py:161} INFO - Started process (PID=1536) to work on /home/airflow/.local/lib/python3.8/site-packages/airflow/example_dags/example_xcom.py
[2026-07-01T12:22:20.019+0000] {processor.py:830} INFO - Processing file /home/airflow/.local/lib/python3.8/site-packages/airflow/example_dags/example_xcom.py for tasks to queue
[2026-07-01T12:22:20.027+0000] {logging_mixin.py:188} INFO - [2026-07-01T12:22:20.027+0000] {dagbag.py:538} INFO - Filling up the DagBag from /home/airflow/.local/lib/python3.8/site-packages/airflow/example_dags/example_xcom.py
[2026-07-01T12:22:20.054+0000] {processor.py:840} INFO - DAG(s) 'example_xcom' retrieved from /home/airflow/.local/lib/python3.8/site-packages/airflow/example_dags/example_xcom.py
[2026-07-01T12:22:20.119+0000] {logging_mixin.py:188} INFO - [2026-07-01T12:22:20.119+0000] {dag.py:3036} INFO - Sync 1 DAGs
[2026-07-01T12:22:20.176+0000] {logging_mixin.py:188} INFO - [2026-07-01T12:22:20.176+0000] {dag.py:3823} INFO - Setting next_dagrun for example_xcom to 2021-01-01 00:00:00+00:00, run_after=2021-01-01 00:00:00+00:00
[2026-07-01T12:22:20.224+0000] {processor.py:183} INFO - Processing /home/airflow/.local/lib/python3.8/site-packages/airflow/example_dags/example_xcom.py took 0.219 seconds
[2026-07-01T12:22:50.530+0000] {processor.py:161} INFO - Started process (PID=1592) to work on /home/airflow/.local/lib/python3.8/site-packages/airflow/example_dags/example_xcom.py
[2026-07-01T12:22:50.533+0000] {processor.py:830} INFO - Processing file /home/airflow/.local/lib/python3.8/site-packages/airflow/example_dags/example_xcom.py for tasks to queue
[2026-07-01T12:22:50.538+0000] {logging_mixin.py:188} INFO - [2026-07-01T12:22:50.537+0000] {dagbag.py:538} INFO - Filling up the DagBag from /home/airflow/.local/lib/python3.8/site-packages/airflow/example_dags/example_xcom.py
[2026-07-01T12:22:50.554+0000] {processor.py:840} INFO - DAG(s) 'example_xcom' retrieved from /home/airflow/.local/lib/python3.8/site-packages/airflow/example_dags/example_xcom.py
[2026-07-01T12:22:50.599+0000] {logging_mixin.py:188} INFO - [2026-07-01T12:22:50.598+0000] {dag.py:3036} INFO - Sync 1 DAGs
[2026-07-01T12:22:50.644+0000] {logging_mixin.py:188} INFO - [2026-07-01T12:22:50.644+0000] {dag.py:3823} INFO - Setting next_dagrun for example_xcom to 2021-01-01 00:00:00+00:00, run_after=2021-01-01 00:00:00+00:00
[2026-07-01T12:22:50.683+0000] {processor.py:183} INFO - Processing /home/airflow/.local/lib/python3.8/site-packages/airflow/example_dags/example_xcom.py took 0.160 seconds
[2026-07-01T12:23:21.156+0000] {processor.py:161} INFO - Started process (PID=1648) to work on /home/airflow/.local/lib/python3.8/site-packages/airflow/example_dags/example_xcom.py
[2026-07-01T12:23:21.160+0000] {processor.py:830} INFO - Processing file /home/airflow/.local/lib/python3.8/site-packages/airflow/example_dags/example_xcom.py for tasks to queue
[2026-07-01T12:23:21.166+0000] {logging_mixin.py:188} INFO - [2026-07-01T12:23:21.165+0000] {dagbag.py:538} INFO - Filling up the DagBag from /home/airflow/.local/lib/python3.8/site-packages/airflow/example_dags/example_xcom.py
[2026-07-01T12:23:21.190+0000] {processor.py:840} INFO - DAG(s) 'example_xcom' retrieved from /home/airflow/.local/lib/python3.8/site-packages/airflow/example_dags/example_xcom.py
[2026-07-01T12:23:21.248+0000] {logging_mixin.py:188} INFO - [2026-07-01T12:23:21.248+0000] {dag.py:3036} INFO - Sync 1 DAGs
[2026-07-01T12:23:21.309+0000] {logging_mixin.py:188} INFO - [2026-07-01T12:23:21.309+0000] {dag.py:3823} INFO - Setting next_dagrun for example_xcom to 2021-01-01 00:00:00+00:00, run_after=2021-01-01 00:00:00+00:00
[2026-07-01T12:23:21.360+0000] {processor.py:183} INFO - Processing /home/airflow/.local/lib/python3.8/site-packages/airflow/example_dags/example_xcom.py took 0.213 seconds
[2026-07-01T12:23:52.282+0000] {processor.py:161} INFO - Started process (PID=1704) to work on /home/airflow/.local/lib/python3.8/site-packages/airflow/example_dags/example_xcom.py
[2026-07-01T12:23:52.292+0000] {processor.py:830} INFO - Processing file /home/airflow/.local/lib/python3.8/site-packages/airflow/example_dags/example_xcom.py for tasks to queue
[2026-07-01T12:23:52.303+0000] {logging_mixin.py:188} INFO - [2026-07-01T12:23:52.301+0000] {dagbag.py:538} INFO - Filling up the DagBag from /home/airflow/.local/lib/python3.8/site-packages/airflow/example_dags/example_xcom.py
[2026-07-01T12:23:52.344+0000] {processor.py:840} INFO - DAG(s) 'example_xcom' retrieved from /home/airflow/.local/lib/python3.8/site-packages/airflow/example_dags/example_xcom.py
[2026-07-01T12:23:52.468+0000] {logging_mixin.py:188} INFO - [2026-07-01T12:23:52.467+0000] {dag.py:3036} INFO - Sync 1 DAGs
[2026-07-01T12:23:52.585+0000] {logging_mixin.py:188} INFO - [2026-07-01T12:23:52.585+0000] {dag.py:3823} INFO - Setting next_dagrun for example_xcom to 2021-01-01 00:00:00+00:00, run_after=2021-01-01 00:00:00+00:00
[2026-07-01T12:23:52.661+0000] {processor.py:183} INFO - Processing /home/airflow/.local/lib/python3.8/site-packages/airflow/example_dags/example_xcom.py took 0.404 seconds
[2026-07-01T12:24:22.745+0000] {processor.py:161} INFO - Started process (PID=1759) to work on /home/airflow/.local/lib/python3.8/site-packages/airflow/example_dags/example_xcom.py
[2026-07-01T12:24:22.749+0000] {processor.py:830} INFO - Processing file /home/airflow/.local/lib/python3.8/site-packages/airflow/example_dags/example_xcom.py for tasks to queue
[2026-07-01T12:24:22.754+0000] {logging_mixin.py:188} INFO - [2026-07-01T12:24:22.753+0000] {dagbag.py:538} INFO - Filling up the DagBag from /home/airflow/.local/lib/python3.8/site-packages/airflow/example_dags/example_xcom.py
[2026-07-01T12:24:22.771+0000] {processor.py:840} INFO - DAG(s) 'example_xcom' retrieved from /home/airflow/.local/lib/python3.8/site-packages/airflow/example_dags/example_xcom.py
[2026-07-01T12:24:22.818+0000] {logging_mixin.py:188} INFO - [2026-07-01T12:24:22.817+0000] {dag.py:3036} INFO - Sync 1 DAGs
[2026-07-01T12:24:22.867+0000] {logging_mixin.py:188} INFO - [2026-07-01T12:24:22.867+0000] {dag.py:3823} INFO - Setting next_dagrun for example_xcom to 2021-01-01 00:00:00+00:00, run_after=2021-01-01 00:00:00+00:00
[2026-07-01T12:24:22.906+0000] {processor.py:183} INFO - Processing /home/airflow/.local/lib/python3.8/site-packages/airflow/example_dags/example_xcom.py took 0.169 seconds
[2026-07-01T12:24:53.049+0000] {processor.py:161} INFO - Started process (PID=1815) to work on /home/airflow/.local/lib/python3.8/site-packages/airflow/example_dags/example_xcom.py
[2026-07-01T12:24:53.054+0000] {processor.py:830} INFO - Processing file /home/airflow/.local/lib/python3.8/site-packages/airflow/example_dags/example_xcom.py for tasks to queue
[2026-07-01T12:24:53.061+0000] {logging_mixin.py:188} INFO - [2026-07-01T12:24:53.060+0000] {dagbag.py:538} INFO - Filling up the DagBag from /home/airflow/.local/lib/python3.8/site-packages/airflow/example_dags/example_xcom.py
[2026-07-01T12:24:53.083+0000] {processor.py:840} INFO - DAG(s) 'example_xcom' retrieved from /home/airflow/.local/lib/python3.8/site-packages/airflow/example_dags/example_xcom.py
[2026-07-01T12:24:53.136+0000] {logging_mixin.py:188} INFO - [2026-07-01T12:24:53.135+0000] {dag.py:3036} INFO - Sync 1 DAGs
[2026-07-01T12:24:53.187+0000] {logging_mixin.py:188} INFO - [2026-07-01T12:24:53.187+0000] {dag.py:3823} INFO - Setting next_dagrun for example_xcom to 2021-01-01 00:00:00+00:00, run_after=2021-01-01 00:00:00+00:00
[2026-07-01T12:24:53.229+0000] {processor.py:183} INFO - Processing /home/airflow/.local/lib/python3.8/site-packages/airflow/example_dags/example_xcom.py took 0.192 seconds
[2026-07-01T12:25:24.077+0000] {processor.py:161} INFO - Started process (PID=1872) to work on /home/airflow/.local/lib/python3.8/site-packages/airflow/example_dags/example_xcom.py
[2026-07-01T12:25:24.079+0000] {processor.py:830} INFO - Processing file /home/airflow/.local/lib/python3.8/site-packages/airflow/example_dags/example_xcom.py for tasks to queue
[2026-07-01T12:25:24.085+0000] {logging_mixin.py:188} INFO - [2026-07-01T12:25:24.084+0000] {dagbag.py:538} INFO - Filling up the DagBag from /home/airflow/.local/lib/python3.8/site-packages/airflow/example_dags/example_xcom.py
[2026-07-01T12:25:24.104+0000] {processor.py:840} INFO - DAG(s) 'example_xcom' retrieved from /home/airflow/.local/lib/python3.8/site-packages/airflow/example_dags/example_xcom.py
[2026-07-01T12:25:24.160+0000] {logging_mixin.py:188} INFO - [2026-07-01T12:25:24.160+0000] {dag.py:3036} INFO - Sync 1 DAGs
[2026-07-01T12:25:24.224+0000] {logging_mixin.py:188} INFO - [2026-07-01T12:25:24.223+0000] {dag.py:3823} INFO - Setting next_dagrun for example_xcom to 2021-01-01 00:00:00+00:00, run_after=2021-01-01 00:00:00+00:00
[2026-07-01T12:25:24.289+0000] {processor.py:183} INFO - Processing /home/airflow/.local/lib/python3.8/site-packages/airflow/example_dags/example_xcom.py took 0.219 seconds
[2026-07-01T12:25:54.936+0000] {processor.py:161} INFO - Started process (PID=1928) to work on /home/airflow/.local/lib/python3.8/site-packages/airflow/example_dags/example_xcom.py
[2026-07-01T12:25:54.939+0000] {processor.py:830} INFO - Processing file /home/airflow/.local/lib/python3.8/site-packages/airflow/example_dags/example_xcom.py for tasks to queue
[2026-07-01T12:25:54.945+0000] {logging_mixin.py:188} INFO - [2026-07-01T12:25:54.944+0000] {dagbag.py:538} INFO - Filling up the DagBag from /home/airflow/.local/lib/python3.8/site-packages/airflow/example_dags/example_xcom.py
[2026-07-01T12:25:54.966+0000] {processor.py:840} INFO - DAG(s) 'example_xcom' retrieved from /home/airflow/.local/lib/python3.8/site-packages/airflow/example_dags/example_xcom.py
[2026-07-01T12:25:55.017+0000] {logging_mixin.py:188} INFO - [2026-07-01T12:25:55.016+0000] {dag.py:3036} INFO - Sync 1 DAGs
[2026-07-01T12:25:55.066+0000] {logging_mixin.py:188} INFO - [2026-07-01T12:25:55.066+0000] {dag.py:3823} INFO - Setting next_dagrun for example_xcom to 2021-01-01 00:00:00+00:00, run_after=2021-01-01 00:00:00+00:00
[2026-07-01T12:25:55.109+0000] {processor.py:183} INFO - Processing /home/airflow/.local/lib/python3.8/site-packages/airflow/example_dags/example_xcom.py took 0.183 seconds
[2026-07-01T12:26:25.199+0000] {processor.py:161} INFO - Started process (PID=1983) to work on /home/airflow/.local/lib/python3.8/site-packages/airflow/example_dags/example_xcom.py
[2026-07-01T12:26:25.202+0000] {processor.py:830} INFO - Processing file /home/airflow/.local/lib/python3.8/site-packages/airflow/example_dags/example_xcom.py for tasks to queue
[2026-07-01T12:26:25.207+0000] {logging_mixin.py:188} INFO - [2026-07-01T12:26:25.206+0000] {dagbag.py:538} INFO - Filling up the DagBag from /home/airflow/.local/lib/python3.8/site-packages/airflow/example_dags/example_xcom.py
[2026-07-01T12:26:25.225+0000] {processor.py:840} INFO - DAG(s) 'example_xcom' retrieved from /home/airflow/.local/lib/python3.8/site-packages/airflow/example_dags/example_xcom.py
[2026-07-01T12:26:25.274+0000] {logging_mixin.py:188} INFO - [2026-07-01T12:26:25.274+0000] {dag.py:3036} INFO - Sync 1 DAGs
[2026-07-01T12:26:25.323+0000] {logging_mixin.py:188} INFO - [2026-07-01T12:26:25.322+0000] {dag.py:3823} INFO - Setting next_dagrun for example_xcom to 2021-01-01 00:00:00+00:00, run_after=2021-01-01 00:00:00+00:00
[2026-07-01T12:26:25.364+0000] {processor.py:183} INFO - Processing /home/airflow/.local/lib/python3.8/site-packages/airflow/example_dags/example_xcom.py took 0.173 seconds
[2026-07-01T12:26:56.012+0000] {processor.py:161} INFO - Started process (PID=2040) to work on /home/airflow/.local/lib/python3.8/site-packages/airflow/example_dags/example_xcom.py
[2026-07-01T12:26:56.015+0000] {processor.py:830} INFO - Processing file /home/airflow/.local/lib/python3.8/site-packages/airflow/example_dags/example_xcom.py for tasks to queue
[2026-07-01T12:26:56.021+0000] {logging_mixin.py:188} INFO - [2026-07-01T12:26:56.021+0000] {dagbag.py:538} INFO - Filling up the DagBag from /home/airflow/.local/lib/python3.8/site-packages/airflow/example_dags/example_xcom.py
[2026-07-01T12:26:56.045+0000] {processor.py:840} INFO - DAG(s) 'example_xcom' retrieved from /home/airflow/.local/lib/python3.8/site-packages/airflow/example_dags/example_xcom.py
[2026-07-01T12:26:56.099+0000] {logging_mixin.py:188} INFO - [2026-07-01T12:26:56.098+0000] {dag.py:3036} INFO - Sync 1 DAGs
[2026-07-01T12:26:56.163+0000] {logging_mixin.py:188} INFO - [2026-07-01T12:26:56.162+0000] {dag.py:3823} INFO - Setting next_dagrun for example_xcom to 2021-01-01 00:00:00+00:00, run_after=2021-01-01 00:00:00+00:00
[2026-07-01T12:26:56.216+0000] {processor.py:183} INFO - Processing /home/airflow/.local/lib/python3.8/site-packages/airflow/example_dags/example_xcom.py took 0.214 seconds
[2026-07-01T12:27:26.616+0000] {processor.py:161} INFO - Started process (PID=2096) to work on /home/airflow/.local/lib/python3.8/site-packages/airflow/example_dags/example_xcom.py
[2026-07-01T12:27:26.621+0000] {processor.py:830} INFO - Processing file /home/airflow/.local/lib/python3.8/site-packages/airflow/example_dags/example_xcom.py for tasks to queue
[2026-07-01T12:27:26.643+0000] {logging_mixin.py:188} INFO - [2026-07-01T12:27:26.641+0000] {dagbag.py:538} INFO - Filling up the DagBag from /home/airflow/.local/lib/python3.8/site-packages/airflow/example_dags/example_xcom.py
[2026-07-01T12:27:26.691+0000] {processor.py:840} INFO - DAG(s) 'example_xcom' retrieved from /home/airflow/.local/lib/python3.8/site-packages/airflow/example_dags/example_xcom.py
[2026-07-01T12:27:26.760+0000] {logging_mixin.py:188} INFO - [2026-07-01T12:27:26.759+0000] {dag.py:3036} INFO - Sync 1 DAGs
[2026-07-01T12:27:26.826+0000] {logging_mixin.py:188} INFO - [2026-07-01T12:27:26.825+0000] {dag.py:3823} INFO - Setting next_dagrun for example_xcom to 2021-01-01 00:00:00+00:00, run_after=2021-01-01 00:00:00+00:00
[2026-07-01T12:27:26.885+0000] {processor.py:183} INFO - Processing /home/airflow/.local/lib/python3.8/site-packages/airflow/example_dags/example_xcom.py took 0.303 seconds
[2026-07-01T12:27:57.431+0000] {processor.py:161} INFO - Started process (PID=2152) to work on /home/airflow/.local/lib/python3.8/site-packages/airflow/example_dags/example_xcom.py
[2026-07-01T12:27:57.434+0000] {processor.py:830} INFO - Processing file /home/airflow/.local/lib/python3.8/site-packages/airflow/example_dags/example_xcom.py for tasks to queue
[2026-07-01T12:27:57.439+0000] {logging_mixin.py:188} INFO - [2026-07-01T12:27:57.439+0000] {dagbag.py:538} INFO - Filling up the DagBag from /home/airflow/.local/lib/python3.8/site-packages/airflow/example_dags/example_xcom.py
[2026-07-01T12:27:57.459+0000] {processor.py:840} INFO - DAG(s) 'example_xcom' retrieved from /home/airflow/.local/lib/python3.8/site-packages/airflow/example_dags/example_xcom.py
[2026-07-01T12:27:57.510+0000] {logging_mixin.py:188} INFO - [2026-07-01T12:27:57.510+0000] {dag.py:3036} INFO - Sync 1 DAGs
[2026-07-01T12:27:57.559+0000] {logging_mixin.py:188} INFO - [2026-07-01T12:27:57.558+0000] {dag.py:3823} INFO - Setting next_dagrun for example_xcom to 2021-01-01 00:00:00+00:00, run_after=2021-01-01 00:00:00+00:00
[2026-07-01T12:27:57.599+0000] {processor.py:183} INFO - Processing /home/airflow/.local/lib/python3.8/site-packages/airflow/example_dags/example_xcom.py took 0.177 seconds
[2026-07-01T12:28:27.761+0000] {processor.py:161} INFO - Started process (PID=2208) to work on /home/airflow/.local/lib/python3.8/site-packages/airflow/example_dags/example_xcom.py
[2026-07-01T12:28:27.765+0000] {processor.py:830} INFO - Processing file /home/airflow/.local/lib/python3.8/site-packages/airflow/example_dags/example_xcom.py for tasks to queue
[2026-07-01T12:28:27.772+0000] {logging_mixin.py:188} INFO - [2026-07-01T12:28:27.772+0000] {dagbag.py:538} INFO - Filling up the DagBag from /home/airflow/.local/lib/python3.8/site-packages/airflow/example_dags/example_xcom.py
[2026-07-01T12:28:27.796+0000] {processor.py:840} INFO - DAG(s) 'example_xcom' retrieved from /home/airflow/.local/lib/python3.8/site-packages/airflow/example_dags/example_xcom.py
[2026-07-01T12:28:27.854+0000] {logging_mixin.py:188} INFO - [2026-07-01T12:28:27.853+0000] {dag.py:3036} INFO - Sync 1 DAGs
[2026-07-01T12:28:27.911+0000] {logging_mixin.py:188} INFO - [2026-07-01T12:28:27.911+0000] {dag.py:3823} INFO - Setting next_dagrun for example_xcom to 2021-01-01 00:00:00+00:00, run_after=2021-01-01 00:00:00+00:00
[2026-07-01T12:28:27.958+0000] {processor.py:183} INFO - Processing /home/airflow/.local/lib/python3.8/site-packages/airflow/example_dags/example_xcom.py took 0.208 seconds
[2026-07-01T12:28:58.118+0000] {processor.py:161} INFO - Started process (PID=2265) to work on /home/airflow/.local/lib/python3.8/site-packages/airflow/example_dags/example_xcom.py
[2026-07-01T12:28:58.121+0000] {processor.py:830} INFO - Processing file /home/airflow/.local/lib/python3.8/site-packages/airflow/example_dags/example_xcom.py for tasks to queue
[2026-07-01T12:28:58.126+0000] {logging_mixin.py:188} INFO - [2026-07-01T12:28:58.125+0000] {dagbag.py:538} INFO - Filling up the DagBag from /home/airflow/.local/lib/python3.8/site-packages/airflow/example_dags/example_xcom.py
[2026-07-01T12:28:58.145+0000] {processor.py:840} INFO - DAG(s) 'example_xcom' retrieved from /home/airflow/.local/lib/python3.8/site-packages/airflow/example_dags/example_xcom.py
[2026-07-01T12:28:58.194+0000] {logging_mixin.py:188} INFO - [2026-07-01T12:28:58.194+0000] {dag.py:3036} INFO - Sync 1 DAGs
[2026-07-01T12:28:58.251+0000] {logging_mixin.py:188} INFO - [2026-07-01T12:28:58.248+0000] {dag.py:3823} INFO - Setting next_dagrun for example_xcom to 2021-01-01 00:00:00+00:00, run_after=2021-01-01 00:00:00+00:00
[2026-07-01T12:28:58.311+0000] {processor.py:183} INFO - Processing /home/airflow/.local/lib/python3.8/site-packages/airflow/example_dags/example_xcom.py took 0.201 seconds
[2026-07-01T12:29:28.629+0000] {processor.py:161} INFO - Started process (PID=2322) to work on /home/airflow/.local/lib/python3.8/site-packages/airflow/example_dags/example_xcom.py
[2026-07-01T12:29:28.632+0000] {processor.py:830} INFO - Processing file /home/airflow/.local/lib/python3.8/site-packages/airflow/example_dags/example_xcom.py for tasks to queue
[2026-07-01T12:29:28.637+0000] {logging_mixin.py:188} INFO - [2026-07-01T12:29:28.637+0000] {dagbag.py:538} INFO - Filling up the DagBag from /home/airflow/.local/lib/python3.8/site-packages/airflow/example_dags/example_xcom.py
[2026-07-01T12:29:28.654+0000] {processor.py:840} INFO - DAG(s) 'example_xcom' retrieved from /home/airflow/.local/lib/python3.8/site-packages/airflow/example_dags/example_xcom.py
[2026-07-01T12:29:28.703+0000] {logging_mixin.py:188} INFO - [2026-07-01T12:29:28.702+0000] {dag.py:3036} INFO - Sync 1 DAGs
[2026-07-01T12:29:28.749+0000] {logging_mixin.py:188} INFO - [2026-07-01T12:29:28.749+0000] {dag.py:3823} INFO - Setting next_dagrun for example_xcom to 2021-01-01 00:00:00+00:00, run_after=2021-01-01 00:00:00+00:00
[2026-07-01T12:29:28.786+0000] {processor.py:183} INFO - Processing /home/airflow/.local/lib/python3.8/site-packages/airflow/example_dags/example_xcom.py took 0.165 seconds
