[2026-07-01T11:58:36.163+0000] {processor.py:161} INFO - Started process (PID=114) to work on /home/airflow/.local/lib/python3.8/site-packages/airflow/example_dags/example_kubernetes_executor.py
[2026-07-01T11:58:36.166+0000] {processor.py:830} INFO - Processing file /home/airflow/.local/lib/python3.8/site-packages/airflow/example_dags/example_kubernetes_executor.py for tasks to queue
[2026-07-01T11:58:36.173+0000] {logging_mixin.py:188} INFO - [2026-07-01T11:58:36.172+0000] {dagbag.py:538} INFO - Filling up the DagBag from /home/airflow/.local/lib/python3.8/site-packages/airflow/example_dags/example_kubernetes_executor.py
[2026-07-01T11:58:36.501+0000] {processor.py:840} INFO - DAG(s) 'example_kubernetes_executor' retrieved from /home/airflow/.local/lib/python3.8/site-packages/airflow/example_dags/example_kubernetes_executor.py
[2026-07-01T11:58:37.041+0000] {logging_mixin.py:188} INFO - [2026-07-01T11:58:37.041+0000] {dag.py:3036} INFO - Sync 1 DAGs
[2026-07-01T11:58:37.089+0000] {logging_mixin.py:188} INFO - [2026-07-01T11:58:37.085+0000] {dag.py:3823} INFO - Setting next_dagrun for example_kubernetes_executor to None, run_after=None
[2026-07-01T11:58:37.185+0000] {processor.py:183} INFO - Processing /home/airflow/.local/lib/python3.8/site-packages/airflow/example_dags/example_kubernetes_executor.py took 1.037 seconds
[2026-07-01T11:59:07.851+0000] {processor.py:161} INFO - Started process (PID=169) to work on /home/airflow/.local/lib/python3.8/site-packages/airflow/example_dags/example_kubernetes_executor.py
[2026-07-01T11:59:07.860+0000] {processor.py:830} INFO - Processing file /home/airflow/.local/lib/python3.8/site-packages/airflow/example_dags/example_kubernetes_executor.py for tasks to queue
[2026-07-01T11:59:07.869+0000] {logging_mixin.py:188} INFO - [2026-07-01T11:59:07.868+0000] {dagbag.py:538} INFO - Filling up the DagBag from /home/airflow/.local/lib/python3.8/site-packages/airflow/example_dags/example_kubernetes_executor.py
[2026-07-01T11:59:07.976+0000] {processor.py:840} INFO - DAG(s) 'example_kubernetes_executor' retrieved from /home/airflow/.local/lib/python3.8/site-packages/airflow/example_dags/example_kubernetes_executor.py
[2026-07-01T11:59:08.139+0000] {logging_mixin.py:188} INFO - [2026-07-01T11:59:08.138+0000] {dag.py:3036} INFO - Sync 1 DAGs
[2026-07-01T11:59:08.189+0000] {logging_mixin.py:188} INFO - [2026-07-01T11:59:08.188+0000] {dag.py:3823} INFO - Setting next_dagrun for example_kubernetes_executor to None, run_after=None
[2026-07-01T11:59:08.276+0000] {processor.py:183} INFO - Processing /home/airflow/.local/lib/python3.8/site-packages/airflow/example_dags/example_kubernetes_executor.py took 0.440 seconds
[2026-07-01T11:59:38.447+0000] {processor.py:161} INFO - Started process (PID=224) to work on /home/airflow/.local/lib/python3.8/site-packages/airflow/example_dags/example_kubernetes_executor.py
[2026-07-01T11:59:38.450+0000] {processor.py:830} INFO - Processing file /home/airflow/.local/lib/python3.8/site-packages/airflow/example_dags/example_kubernetes_executor.py for tasks to queue
[2026-07-01T11:59:38.456+0000] {logging_mixin.py:188} INFO - [2026-07-01T11:59:38.455+0000] {dagbag.py:538} INFO - Filling up the DagBag from /home/airflow/.local/lib/python3.8/site-packages/airflow/example_dags/example_kubernetes_executor.py
[2026-07-01T11:59:38.491+0000] {processor.py:840} INFO - DAG(s) 'example_kubernetes_executor' retrieved from /home/airflow/.local/lib/python3.8/site-packages/airflow/example_dags/example_kubernetes_executor.py
[2026-07-01T11:59:38.601+0000] {logging_mixin.py:188} INFO - [2026-07-01T11:59:38.600+0000] {dag.py:3036} INFO - Sync 1 DAGs
[2026-07-01T11:59:38.641+0000] {logging_mixin.py:188} INFO - [2026-07-01T11:59:38.640+0000] {dag.py:3823} INFO - Setting next_dagrun for example_kubernetes_executor to None, run_after=None
[2026-07-01T11:59:38.706+0000] {processor.py:183} INFO - Processing /home/airflow/.local/lib/python3.8/site-packages/airflow/example_dags/example_kubernetes_executor.py took 0.267 seconds
[2026-07-01T12:00:08.879+0000] {processor.py:161} INFO - Started process (PID=279) to work on /home/airflow/.local/lib/python3.8/site-packages/airflow/example_dags/example_kubernetes_executor.py
[2026-07-01T12:00:08.883+0000] {processor.py:830} INFO - Processing file /home/airflow/.local/lib/python3.8/site-packages/airflow/example_dags/example_kubernetes_executor.py for tasks to queue
[2026-07-01T12:00:08.890+0000] {logging_mixin.py:188} INFO - [2026-07-01T12:00:08.889+0000] {dagbag.py:538} INFO - Filling up the DagBag from /home/airflow/.local/lib/python3.8/site-packages/airflow/example_dags/example_kubernetes_executor.py
[2026-07-01T12:00:08.933+0000] {processor.py:840} INFO - DAG(s) 'example_kubernetes_executor' retrieved from /home/airflow/.local/lib/python3.8/site-packages/airflow/example_dags/example_kubernetes_executor.py
[2026-07-01T12:00:08.966+0000] {logging_mixin.py:188} INFO - [2026-07-01T12:00:08.965+0000] {dag.py:3036} INFO - Sync 1 DAGs
[2026-07-01T12:00:09.008+0000] {logging_mixin.py:188} INFO - [2026-07-01T12:00:09.007+0000] {dag.py:3823} INFO - Setting next_dagrun for example_kubernetes_executor to None, run_after=None
[2026-07-01T12:00:09.075+0000] {processor.py:183} INFO - Processing /home/airflow/.local/lib/python3.8/site-packages/airflow/example_dags/example_kubernetes_executor.py took 0.204 seconds
[2026-07-01T12:00:39.718+0000] {processor.py:161} INFO - Started process (PID=334) to work on /home/airflow/.local/lib/python3.8/site-packages/airflow/example_dags/example_kubernetes_executor.py
[2026-07-01T12:00:39.723+0000] {processor.py:830} INFO - Processing file /home/airflow/.local/lib/python3.8/site-packages/airflow/example_dags/example_kubernetes_executor.py for tasks to queue
[2026-07-01T12:00:39.731+0000] {logging_mixin.py:188} INFO - [2026-07-01T12:00:39.730+0000] {dagbag.py:538} INFO - Filling up the DagBag from /home/airflow/.local/lib/python3.8/site-packages/airflow/example_dags/example_kubernetes_executor.py
[2026-07-01T12:00:39.786+0000] {processor.py:840} INFO - DAG(s) 'example_kubernetes_executor' retrieved from /home/airflow/.local/lib/python3.8/site-packages/airflow/example_dags/example_kubernetes_executor.py
[2026-07-01T12:00:40.110+0000] {logging_mixin.py:188} INFO - [2026-07-01T12:00:40.109+0000] {dag.py:3036} INFO - Sync 1 DAGs
[2026-07-01T12:00:40.136+0000] {logging_mixin.py:188} INFO - [2026-07-01T12:00:40.136+0000] {dag.py:3823} INFO - Setting next_dagrun for example_kubernetes_executor to None, run_after=None
[2026-07-01T12:00:40.190+0000] {processor.py:183} INFO - Processing /home/airflow/.local/lib/python3.8/site-packages/airflow/example_dags/example_kubernetes_executor.py took 0.487 seconds
[2026-07-01T12:01:10.459+0000] {processor.py:161} INFO - Started process (PID=390) to work on /home/airflow/.local/lib/python3.8/site-packages/airflow/example_dags/example_kubernetes_executor.py
[2026-07-01T12:01:10.464+0000] {processor.py:830} INFO - Processing file /home/airflow/.local/lib/python3.8/site-packages/airflow/example_dags/example_kubernetes_executor.py for tasks to queue
[2026-07-01T12:01:10.470+0000] {logging_mixin.py:188} INFO - [2026-07-01T12:01:10.469+0000] {dagbag.py:538} INFO - Filling up the DagBag from /home/airflow/.local/lib/python3.8/site-packages/airflow/example_dags/example_kubernetes_executor.py
[2026-07-01T12:01:10.516+0000] {processor.py:840} INFO - DAG(s) 'example_kubernetes_executor' retrieved from /home/airflow/.local/lib/python3.8/site-packages/airflow/example_dags/example_kubernetes_executor.py
[2026-07-01T12:01:10.602+0000] {logging_mixin.py:188} INFO - [2026-07-01T12:01:10.602+0000] {dag.py:3036} INFO - Sync 1 DAGs
[2026-07-01T12:01:10.631+0000] {logging_mixin.py:188} INFO - [2026-07-01T12:01:10.631+0000] {dag.py:3823} INFO - Setting next_dagrun for example_kubernetes_executor to None, run_after=None
[2026-07-01T12:01:10.673+0000] {processor.py:183} INFO - Processing /home/airflow/.local/lib/python3.8/site-packages/airflow/example_dags/example_kubernetes_executor.py took 0.222 seconds
[2026-07-01T12:01:41.383+0000] {processor.py:161} INFO - Started process (PID=445) to work on /home/airflow/.local/lib/python3.8/site-packages/airflow/example_dags/example_kubernetes_executor.py
[2026-07-01T12:01:41.388+0000] {processor.py:830} INFO - Processing file /home/airflow/.local/lib/python3.8/site-packages/airflow/example_dags/example_kubernetes_executor.py for tasks to queue
[2026-07-01T12:01:41.394+0000] {logging_mixin.py:188} INFO - [2026-07-01T12:01:41.393+0000] {dagbag.py:538} INFO - Filling up the DagBag from /home/airflow/.local/lib/python3.8/site-packages/airflow/example_dags/example_kubernetes_executor.py
[2026-07-01T12:01:41.440+0000] {processor.py:840} INFO - DAG(s) 'example_kubernetes_executor' retrieved from /home/airflow/.local/lib/python3.8/site-packages/airflow/example_dags/example_kubernetes_executor.py
[2026-07-01T12:01:41.614+0000] {logging_mixin.py:188} INFO - [2026-07-01T12:01:41.613+0000] {dag.py:3036} INFO - Sync 1 DAGs
[2026-07-01T12:01:41.702+0000] {logging_mixin.py:188} INFO - [2026-07-01T12:01:41.701+0000] {dag.py:3823} INFO - Setting next_dagrun for example_kubernetes_executor to None, run_after=None
[2026-07-01T12:01:41.816+0000] {processor.py:183} INFO - Processing /home/airflow/.local/lib/python3.8/site-packages/airflow/example_dags/example_kubernetes_executor.py took 0.443 seconds
[2026-07-01T12:02:12.671+0000] {processor.py:161} INFO - Started process (PID=501) to work on /home/airflow/.local/lib/python3.8/site-packages/airflow/example_dags/example_kubernetes_executor.py
[2026-07-01T12:02:12.675+0000] {processor.py:830} INFO - Processing file /home/airflow/.local/lib/python3.8/site-packages/airflow/example_dags/example_kubernetes_executor.py for tasks to queue
[2026-07-01T12:02:12.682+0000] {logging_mixin.py:188} INFO - [2026-07-01T12:02:12.681+0000] {dagbag.py:538} INFO - Filling up the DagBag from /home/airflow/.local/lib/python3.8/site-packages/airflow/example_dags/example_kubernetes_executor.py
[2026-07-01T12:02:12.722+0000] {processor.py:840} INFO - DAG(s) 'example_kubernetes_executor' retrieved from /home/airflow/.local/lib/python3.8/site-packages/airflow/example_dags/example_kubernetes_executor.py
[2026-07-01T12:02:12.817+0000] {logging_mixin.py:188} INFO - [2026-07-01T12:02:12.817+0000] {dag.py:3036} INFO - Sync 1 DAGs
[2026-07-01T12:02:12.850+0000] {logging_mixin.py:188} INFO - [2026-07-01T12:02:12.850+0000] {dag.py:3823} INFO - Setting next_dagrun for example_kubernetes_executor to None, run_after=None
[2026-07-01T12:02:12.900+0000] {processor.py:183} INFO - Processing /home/airflow/.local/lib/python3.8/site-packages/airflow/example_dags/example_kubernetes_executor.py took 0.241 seconds
[2026-07-01T12:02:43.375+0000] {processor.py:161} INFO - Started process (PID=557) to work on /home/airflow/.local/lib/python3.8/site-packages/airflow/example_dags/example_kubernetes_executor.py
[2026-07-01T12:02:43.379+0000] {processor.py:830} INFO - Processing file /home/airflow/.local/lib/python3.8/site-packages/airflow/example_dags/example_kubernetes_executor.py for tasks to queue
[2026-07-01T12:02:43.385+0000] {logging_mixin.py:188} INFO - [2026-07-01T12:02:43.384+0000] {dagbag.py:538} INFO - Filling up the DagBag from /home/airflow/.local/lib/python3.8/site-packages/airflow/example_dags/example_kubernetes_executor.py
[2026-07-01T12:02:43.420+0000] {processor.py:840} INFO - DAG(s) 'example_kubernetes_executor' retrieved from /home/airflow/.local/lib/python3.8/site-packages/airflow/example_dags/example_kubernetes_executor.py
[2026-07-01T12:02:43.509+0000] {logging_mixin.py:188} INFO - [2026-07-01T12:02:43.508+0000] {dag.py:3036} INFO - Sync 1 DAGs
[2026-07-01T12:02:43.543+0000] {logging_mixin.py:188} INFO - [2026-07-01T12:02:43.543+0000] {dag.py:3823} INFO - Setting next_dagrun for example_kubernetes_executor to None, run_after=None
[2026-07-01T12:02:43.591+0000] {processor.py:183} INFO - Processing /home/airflow/.local/lib/python3.8/site-packages/airflow/example_dags/example_kubernetes_executor.py took 0.225 seconds
[2026-07-01T12:03:14.071+0000] {processor.py:161} INFO - Started process (PID=612) to work on /home/airflow/.local/lib/python3.8/site-packages/airflow/example_dags/example_kubernetes_executor.py
[2026-07-01T12:03:14.075+0000] {processor.py:830} INFO - Processing file /home/airflow/.local/lib/python3.8/site-packages/airflow/example_dags/example_kubernetes_executor.py for tasks to queue
[2026-07-01T12:03:14.081+0000] {logging_mixin.py:188} INFO - [2026-07-01T12:03:14.080+0000] {dagbag.py:538} INFO - Filling up the DagBag from /home/airflow/.local/lib/python3.8/site-packages/airflow/example_dags/example_kubernetes_executor.py
[2026-07-01T12:03:14.121+0000] {processor.py:840} INFO - DAG(s) 'example_kubernetes_executor' retrieved from /home/airflow/.local/lib/python3.8/site-packages/airflow/example_dags/example_kubernetes_executor.py
[2026-07-01T12:03:14.247+0000] {logging_mixin.py:188} INFO - [2026-07-01T12:03:14.246+0000] {dag.py:3036} INFO - Sync 1 DAGs
[2026-07-01T12:03:14.299+0000] {logging_mixin.py:188} INFO - [2026-07-01T12:03:14.296+0000] {dag.py:3823} INFO - Setting next_dagrun for example_kubernetes_executor to None, run_after=None
[2026-07-01T12:03:14.366+0000] {processor.py:183} INFO - Processing /home/airflow/.local/lib/python3.8/site-packages/airflow/example_dags/example_kubernetes_executor.py took 0.302 seconds
[2026-07-01T12:03:44.814+0000] {processor.py:161} INFO - Started process (PID=669) to work on /home/airflow/.local/lib/python3.8/site-packages/airflow/example_dags/example_kubernetes_executor.py
[2026-07-01T12:03:44.817+0000] {processor.py:830} INFO - Processing file /home/airflow/.local/lib/python3.8/site-packages/airflow/example_dags/example_kubernetes_executor.py for tasks to queue
[2026-07-01T12:03:44.823+0000] {logging_mixin.py:188} INFO - [2026-07-01T12:03:44.822+0000] {dagbag.py:538} INFO - Filling up the DagBag from /home/airflow/.local/lib/python3.8/site-packages/airflow/example_dags/example_kubernetes_executor.py
[2026-07-01T12:03:44.857+0000] {processor.py:840} INFO - DAG(s) 'example_kubernetes_executor' retrieved from /home/airflow/.local/lib/python3.8/site-packages/airflow/example_dags/example_kubernetes_executor.py
[2026-07-01T12:03:44.942+0000] {logging_mixin.py:188} INFO - [2026-07-01T12:03:44.941+0000] {dag.py:3036} INFO - Sync 1 DAGs
[2026-07-01T12:03:44.971+0000] {logging_mixin.py:188} INFO - [2026-07-01T12:03:44.970+0000] {dag.py:3823} INFO - Setting next_dagrun for example_kubernetes_executor to None, run_after=None
[2026-07-01T12:03:45.026+0000] {processor.py:183} INFO - Processing /home/airflow/.local/lib/python3.8/site-packages/airflow/example_dags/example_kubernetes_executor.py took 0.221 seconds
[2026-07-01T12:04:15.213+0000] {processor.py:161} INFO - Started process (PID=724) to work on /home/airflow/.local/lib/python3.8/site-packages/airflow/example_dags/example_kubernetes_executor.py
[2026-07-01T12:04:15.217+0000] {processor.py:830} INFO - Processing file /home/airflow/.local/lib/python3.8/site-packages/airflow/example_dags/example_kubernetes_executor.py for tasks to queue
[2026-07-01T12:04:15.226+0000] {logging_mixin.py:188} INFO - [2026-07-01T12:04:15.224+0000] {dagbag.py:538} INFO - Filling up the DagBag from /home/airflow/.local/lib/python3.8/site-packages/airflow/example_dags/example_kubernetes_executor.py
[2026-07-01T12:04:15.269+0000] {processor.py:840} INFO - DAG(s) 'example_kubernetes_executor' retrieved from /home/airflow/.local/lib/python3.8/site-packages/airflow/example_dags/example_kubernetes_executor.py
[2026-07-01T12:04:15.366+0000] {logging_mixin.py:188} INFO - [2026-07-01T12:04:15.365+0000] {dag.py:3036} INFO - Sync 1 DAGs
[2026-07-01T12:04:15.401+0000] {logging_mixin.py:188} INFO - [2026-07-01T12:04:15.401+0000] {dag.py:3823} INFO - Setting next_dagrun for example_kubernetes_executor to None, run_after=None
[2026-07-01T12:04:15.448+0000] {processor.py:183} INFO - Processing /home/airflow/.local/lib/python3.8/site-packages/airflow/example_dags/example_kubernetes_executor.py took 0.244 seconds
[2026-07-01T12:04:46.110+0000] {processor.py:161} INFO - Started process (PID=776) to work on /home/airflow/.local/lib/python3.8/site-packages/airflow/example_dags/example_kubernetes_executor.py
[2026-07-01T12:04:46.114+0000] {processor.py:830} INFO - Processing file /home/airflow/.local/lib/python3.8/site-packages/airflow/example_dags/example_kubernetes_executor.py for tasks to queue
[2026-07-01T12:04:46.121+0000] {logging_mixin.py:188} INFO - [2026-07-01T12:04:46.120+0000] {dagbag.py:538} INFO - Filling up the DagBag from /home/airflow/.local/lib/python3.8/site-packages/airflow/example_dags/example_kubernetes_executor.py
[2026-07-01T12:04:46.171+0000] {processor.py:840} INFO - DAG(s) 'example_kubernetes_executor' retrieved from /home/airflow/.local/lib/python3.8/site-packages/airflow/example_dags/example_kubernetes_executor.py
[2026-07-01T12:04:46.269+0000] {logging_mixin.py:188} INFO - [2026-07-01T12:04:46.268+0000] {dag.py:3036} INFO - Sync 1 DAGs
[2026-07-01T12:04:46.305+0000] {logging_mixin.py:188} INFO - [2026-07-01T12:04:46.305+0000] {dag.py:3823} INFO - Setting next_dagrun for example_kubernetes_executor to None, run_after=None
[2026-07-01T12:04:46.376+0000] {processor.py:183} INFO - Processing /home/airflow/.local/lib/python3.8/site-packages/airflow/example_dags/example_kubernetes_executor.py took 0.277 seconds
[2026-07-01T12:05:16.611+0000] {processor.py:161} INFO - Started process (PID=831) to work on /home/airflow/.local/lib/python3.8/site-packages/airflow/example_dags/example_kubernetes_executor.py
[2026-07-01T12:05:16.615+0000] {processor.py:830} INFO - Processing file /home/airflow/.local/lib/python3.8/site-packages/airflow/example_dags/example_kubernetes_executor.py for tasks to queue
[2026-07-01T12:05:16.621+0000] {logging_mixin.py:188} INFO - [2026-07-01T12:05:16.621+0000] {dagbag.py:538} INFO - Filling up the DagBag from /home/airflow/.local/lib/python3.8/site-packages/airflow/example_dags/example_kubernetes_executor.py
[2026-07-01T12:05:16.664+0000] {processor.py:840} INFO - DAG(s) 'example_kubernetes_executor' retrieved from /home/airflow/.local/lib/python3.8/site-packages/airflow/example_dags/example_kubernetes_executor.py
[2026-07-01T12:05:16.759+0000] {logging_mixin.py:188} INFO - [2026-07-01T12:05:16.759+0000] {dag.py:3036} INFO - Sync 1 DAGs
[2026-07-01T12:05:16.794+0000] {logging_mixin.py:188} INFO - [2026-07-01T12:05:16.793+0000] {dag.py:3823} INFO - Setting next_dagrun for example_kubernetes_executor to None, run_after=None
[2026-07-01T12:05:16.841+0000] {processor.py:183} INFO - Processing /home/airflow/.local/lib/python3.8/site-packages/airflow/example_dags/example_kubernetes_executor.py took 0.241 seconds
[2026-07-01T12:05:47.026+0000] {processor.py:161} INFO - Started process (PID=886) to work on /home/airflow/.local/lib/python3.8/site-packages/airflow/example_dags/example_kubernetes_executor.py
[2026-07-01T12:05:47.029+0000] {processor.py:830} INFO - Processing file /home/airflow/.local/lib/python3.8/site-packages/airflow/example_dags/example_kubernetes_executor.py for tasks to queue
[2026-07-01T12:05:47.035+0000] {logging_mixin.py:188} INFO - [2026-07-01T12:05:47.035+0000] {dagbag.py:538} INFO - Filling up the DagBag from /home/airflow/.local/lib/python3.8/site-packages/airflow/example_dags/example_kubernetes_executor.py
[2026-07-01T12:05:47.077+0000] {processor.py:840} INFO - DAG(s) 'example_kubernetes_executor' retrieved from /home/airflow/.local/lib/python3.8/site-packages/airflow/example_dags/example_kubernetes_executor.py
[2026-07-01T12:05:47.165+0000] {logging_mixin.py:188} INFO - [2026-07-01T12:05:47.164+0000] {dag.py:3036} INFO - Sync 1 DAGs
[2026-07-01T12:05:47.199+0000] {logging_mixin.py:188} INFO - [2026-07-01T12:05:47.199+0000] {dag.py:3823} INFO - Setting next_dagrun for example_kubernetes_executor to None, run_after=None
[2026-07-01T12:05:47.253+0000] {processor.py:183} INFO - Processing /home/airflow/.local/lib/python3.8/site-packages/airflow/example_dags/example_kubernetes_executor.py took 0.235 seconds
[2026-07-01T12:06:17.906+0000] {processor.py:161} INFO - Started process (PID=941) to work on /home/airflow/.local/lib/python3.8/site-packages/airflow/example_dags/example_kubernetes_executor.py
[2026-07-01T12:06:17.909+0000] {processor.py:830} INFO - Processing file /home/airflow/.local/lib/python3.8/site-packages/airflow/example_dags/example_kubernetes_executor.py for tasks to queue
[2026-07-01T12:06:17.917+0000] {logging_mixin.py:188} INFO - [2026-07-01T12:06:17.915+0000] {dagbag.py:538} INFO - Filling up the DagBag from /home/airflow/.local/lib/python3.8/site-packages/airflow/example_dags/example_kubernetes_executor.py
[2026-07-01T12:06:17.963+0000] {processor.py:840} INFO - DAG(s) 'example_kubernetes_executor' retrieved from /home/airflow/.local/lib/python3.8/site-packages/airflow/example_dags/example_kubernetes_executor.py
[2026-07-01T12:06:18.071+0000] {logging_mixin.py:188} INFO - [2026-07-01T12:06:18.070+0000] {dag.py:3036} INFO - Sync 1 DAGs
[2026-07-01T12:06:18.114+0000] {logging_mixin.py:188} INFO - [2026-07-01T12:06:18.114+0000] {dag.py:3823} INFO - Setting next_dagrun for example_kubernetes_executor to None, run_after=None
[2026-07-01T12:06:18.185+0000] {processor.py:183} INFO - Processing /home/airflow/.local/lib/python3.8/site-packages/airflow/example_dags/example_kubernetes_executor.py took 0.288 seconds
[2026-07-01T12:06:48.451+0000] {processor.py:161} INFO - Started process (PID=996) to work on /home/airflow/.local/lib/python3.8/site-packages/airflow/example_dags/example_kubernetes_executor.py
[2026-07-01T12:06:48.455+0000] {processor.py:830} INFO - Processing file /home/airflow/.local/lib/python3.8/site-packages/airflow/example_dags/example_kubernetes_executor.py for tasks to queue
[2026-07-01T12:06:48.460+0000] {logging_mixin.py:188} INFO - [2026-07-01T12:06:48.459+0000] {dagbag.py:538} INFO - Filling up the DagBag from /home/airflow/.local/lib/python3.8/site-packages/airflow/example_dags/example_kubernetes_executor.py
[2026-07-01T12:06:48.497+0000] {processor.py:840} INFO - DAG(s) 'example_kubernetes_executor' retrieved from /home/airflow/.local/lib/python3.8/site-packages/airflow/example_dags/example_kubernetes_executor.py
[2026-07-01T12:06:48.598+0000] {logging_mixin.py:188} INFO - [2026-07-01T12:06:48.597+0000] {dag.py:3036} INFO - Sync 1 DAGs
[2026-07-01T12:06:48.639+0000] {logging_mixin.py:188} INFO - [2026-07-01T12:06:48.639+0000] {dag.py:3823} INFO - Setting next_dagrun for example_kubernetes_executor to None, run_after=None
[2026-07-01T12:06:48.696+0000] {processor.py:183} INFO - Processing /home/airflow/.local/lib/python3.8/site-packages/airflow/example_dags/example_kubernetes_executor.py took 0.253 seconds
[2026-07-01T12:07:18.852+0000] {processor.py:161} INFO - Started process (PID=1051) to work on /home/airflow/.local/lib/python3.8/site-packages/airflow/example_dags/example_kubernetes_executor.py
[2026-07-01T12:07:18.856+0000] {processor.py:830} INFO - Processing file /home/airflow/.local/lib/python3.8/site-packages/airflow/example_dags/example_kubernetes_executor.py for tasks to queue
[2026-07-01T12:07:18.868+0000] {logging_mixin.py:188} INFO - [2026-07-01T12:07:18.867+0000] {dagbag.py:538} INFO - Filling up the DagBag from /home/airflow/.local/lib/python3.8/site-packages/airflow/example_dags/example_kubernetes_executor.py
[2026-07-01T12:07:18.943+0000] {processor.py:840} INFO - DAG(s) 'example_kubernetes_executor' retrieved from /home/airflow/.local/lib/python3.8/site-packages/airflow/example_dags/example_kubernetes_executor.py
[2026-07-01T12:07:19.113+0000] {logging_mixin.py:188} INFO - [2026-07-01T12:07:19.112+0000] {dag.py:3036} INFO - Sync 1 DAGs
[2026-07-01T12:07:19.225+0000] {logging_mixin.py:188} INFO - [2026-07-01T12:07:19.225+0000] {dag.py:3823} INFO - Setting next_dagrun for example_kubernetes_executor to None, run_after=None
[2026-07-01T12:07:19.340+0000] {processor.py:183} INFO - Processing /home/airflow/.local/lib/python3.8/site-packages/airflow/example_dags/example_kubernetes_executor.py took 0.500 seconds
[2026-07-01T12:07:49.532+0000] {processor.py:161} INFO - Started process (PID=1107) to work on /home/airflow/.local/lib/python3.8/site-packages/airflow/example_dags/example_kubernetes_executor.py
[2026-07-01T12:07:49.535+0000] {processor.py:830} INFO - Processing file /home/airflow/.local/lib/python3.8/site-packages/airflow/example_dags/example_kubernetes_executor.py for tasks to queue
[2026-07-01T12:07:49.540+0000] {logging_mixin.py:188} INFO - [2026-07-01T12:07:49.539+0000] {dagbag.py:538} INFO - Filling up the DagBag from /home/airflow/.local/lib/python3.8/site-packages/airflow/example_dags/example_kubernetes_executor.py
[2026-07-01T12:07:49.575+0000] {processor.py:840} INFO - DAG(s) 'example_kubernetes_executor' retrieved from /home/airflow/.local/lib/python3.8/site-packages/airflow/example_dags/example_kubernetes_executor.py
[2026-07-01T12:07:49.668+0000] {logging_mixin.py:188} INFO - [2026-07-01T12:07:49.667+0000] {dag.py:3036} INFO - Sync 1 DAGs
[2026-07-01T12:07:49.703+0000] {logging_mixin.py:188} INFO - [2026-07-01T12:07:49.703+0000] {dag.py:3823} INFO - Setting next_dagrun for example_kubernetes_executor to None, run_after=None
[2026-07-01T12:07:49.750+0000] {processor.py:183} INFO - Processing /home/airflow/.local/lib/python3.8/site-packages/airflow/example_dags/example_kubernetes_executor.py took 0.227 seconds
[2026-07-01T12:08:20.432+0000] {processor.py:161} INFO - Started process (PID=1162) to work on /home/airflow/.local/lib/python3.8/site-packages/airflow/example_dags/example_kubernetes_executor.py
[2026-07-01T12:08:20.436+0000] {processor.py:830} INFO - Processing file /home/airflow/.local/lib/python3.8/site-packages/airflow/example_dags/example_kubernetes_executor.py for tasks to queue
[2026-07-01T12:08:20.441+0000] {logging_mixin.py:188} INFO - [2026-07-01T12:08:20.440+0000] {dagbag.py:538} INFO - Filling up the DagBag from /home/airflow/.local/lib/python3.8/site-packages/airflow/example_dags/example_kubernetes_executor.py
[2026-07-01T12:08:20.487+0000] {processor.py:840} INFO - DAG(s) 'example_kubernetes_executor' retrieved from /home/airflow/.local/lib/python3.8/site-packages/airflow/example_dags/example_kubernetes_executor.py
[2026-07-01T12:08:20.585+0000] {logging_mixin.py:188} INFO - [2026-07-01T12:08:20.584+0000] {dag.py:3036} INFO - Sync 1 DAGs
[2026-07-01T12:08:20.618+0000] {logging_mixin.py:188} INFO - [2026-07-01T12:08:20.618+0000] {dag.py:3823} INFO - Setting next_dagrun for example_kubernetes_executor to None, run_after=None
[2026-07-01T12:08:20.667+0000] {processor.py:183} INFO - Processing /home/airflow/.local/lib/python3.8/site-packages/airflow/example_dags/example_kubernetes_executor.py took 0.247 seconds
[2026-07-01T12:09:03.695+0000] {processor.py:161} INFO - Started process (PID=101) to work on /home/airflow/.local/lib/python3.8/site-packages/airflow/example_dags/example_kubernetes_executor.py
[2026-07-01T12:09:03.698+0000] {processor.py:830} INFO - Processing file /home/airflow/.local/lib/python3.8/site-packages/airflow/example_dags/example_kubernetes_executor.py for tasks to queue
[2026-07-01T12:09:03.703+0000] {logging_mixin.py:188} INFO - [2026-07-01T12:09:03.703+0000] {dagbag.py:538} INFO - Filling up the DagBag from /home/airflow/.local/lib/python3.8/site-packages/airflow/example_dags/example_kubernetes_executor.py
[2026-07-01T12:09:03.735+0000] {processor.py:840} INFO - DAG(s) 'example_kubernetes_executor' retrieved from /home/airflow/.local/lib/python3.8/site-packages/airflow/example_dags/example_kubernetes_executor.py
[2026-07-01T12:09:03.831+0000] {logging_mixin.py:188} INFO - [2026-07-01T12:09:03.831+0000] {dag.py:3036} INFO - Sync 1 DAGs
[2026-07-01T12:09:03.859+0000] {logging_mixin.py:188} INFO - [2026-07-01T12:09:03.859+0000] {dag.py:3823} INFO - Setting next_dagrun for example_kubernetes_executor to None, run_after=None
[2026-07-01T12:09:03.905+0000] {processor.py:183} INFO - Processing /home/airflow/.local/lib/python3.8/site-packages/airflow/example_dags/example_kubernetes_executor.py took 0.218 seconds
[2026-07-01T12:09:34.319+0000] {processor.py:161} INFO - Started process (PID=157) to work on /home/airflow/.local/lib/python3.8/site-packages/airflow/example_dags/example_kubernetes_executor.py
[2026-07-01T12:09:34.325+0000] {processor.py:830} INFO - Processing file /home/airflow/.local/lib/python3.8/site-packages/airflow/example_dags/example_kubernetes_executor.py for tasks to queue
[2026-07-01T12:09:34.331+0000] {logging_mixin.py:188} INFO - [2026-07-01T12:09:34.330+0000] {dagbag.py:538} INFO - Filling up the DagBag from /home/airflow/.local/lib/python3.8/site-packages/airflow/example_dags/example_kubernetes_executor.py
[2026-07-01T12:09:34.383+0000] {processor.py:840} INFO - DAG(s) 'example_kubernetes_executor' retrieved from /home/airflow/.local/lib/python3.8/site-packages/airflow/example_dags/example_kubernetes_executor.py
[2026-07-01T12:09:34.533+0000] {logging_mixin.py:188} INFO - [2026-07-01T12:09:34.533+0000] {dag.py:3036} INFO - Sync 1 DAGs
[2026-07-01T12:09:34.584+0000] {logging_mixin.py:188} INFO - [2026-07-01T12:09:34.583+0000] {dag.py:3823} INFO - Setting next_dagrun for example_kubernetes_executor to None, run_after=None
[2026-07-01T12:09:34.671+0000] {processor.py:183} INFO - Processing /home/airflow/.local/lib/python3.8/site-packages/airflow/example_dags/example_kubernetes_executor.py took 0.370 seconds
[2026-07-01T12:10:05.103+0000] {processor.py:161} INFO - Started process (PID=214) to work on /home/airflow/.local/lib/python3.8/site-packages/airflow/example_dags/example_kubernetes_executor.py
[2026-07-01T12:10:05.108+0000] {processor.py:830} INFO - Processing file /home/airflow/.local/lib/python3.8/site-packages/airflow/example_dags/example_kubernetes_executor.py for tasks to queue
[2026-07-01T12:10:05.116+0000] {logging_mixin.py:188} INFO - [2026-07-01T12:10:05.115+0000] {dagbag.py:538} INFO - Filling up the DagBag from /home/airflow/.local/lib/python3.8/site-packages/airflow/example_dags/example_kubernetes_executor.py
[2026-07-01T12:10:05.163+0000] {processor.py:840} INFO - DAG(s) 'example_kubernetes_executor' retrieved from /home/airflow/.local/lib/python3.8/site-packages/airflow/example_dags/example_kubernetes_executor.py
[2026-07-01T12:10:05.266+0000] {logging_mixin.py:188} INFO - [2026-07-01T12:10:05.265+0000] {dag.py:3036} INFO - Sync 1 DAGs
[2026-07-01T12:10:05.302+0000] {logging_mixin.py:188} INFO - [2026-07-01T12:10:05.301+0000] {dag.py:3823} INFO - Setting next_dagrun for example_kubernetes_executor to None, run_after=None
[2026-07-01T12:10:05.361+0000] {processor.py:183} INFO - Processing /home/airflow/.local/lib/python3.8/site-packages/airflow/example_dags/example_kubernetes_executor.py took 0.272 seconds
[2026-07-01T12:10:35.435+0000] {processor.py:161} INFO - Started process (PID=270) to work on /home/airflow/.local/lib/python3.8/site-packages/airflow/example_dags/example_kubernetes_executor.py
[2026-07-01T12:10:35.438+0000] {processor.py:830} INFO - Processing file /home/airflow/.local/lib/python3.8/site-packages/airflow/example_dags/example_kubernetes_executor.py for tasks to queue
[2026-07-01T12:10:35.444+0000] {logging_mixin.py:188} INFO - [2026-07-01T12:10:35.443+0000] {dagbag.py:538} INFO - Filling up the DagBag from /home/airflow/.local/lib/python3.8/site-packages/airflow/example_dags/example_kubernetes_executor.py
[2026-07-01T12:10:35.479+0000] {processor.py:840} INFO - DAG(s) 'example_kubernetes_executor' retrieved from /home/airflow/.local/lib/python3.8/site-packages/airflow/example_dags/example_kubernetes_executor.py
[2026-07-01T12:10:35.557+0000] {logging_mixin.py:188} INFO - [2026-07-01T12:10:35.556+0000] {dag.py:3036} INFO - Sync 1 DAGs
[2026-07-01T12:10:35.583+0000] {logging_mixin.py:188} INFO - [2026-07-01T12:10:35.582+0000] {dag.py:3823} INFO - Setting next_dagrun for example_kubernetes_executor to None, run_after=None
[2026-07-01T12:10:35.622+0000] {processor.py:183} INFO - Processing /home/airflow/.local/lib/python3.8/site-packages/airflow/example_dags/example_kubernetes_executor.py took 0.195 seconds
[2026-07-01T12:11:06.827+0000] {processor.py:161} INFO - Started process (PID=331) to work on /home/airflow/.local/lib/python3.8/site-packages/airflow/example_dags/example_kubernetes_executor.py
[2026-07-01T12:11:06.834+0000] {processor.py:830} INFO - Processing file /home/airflow/.local/lib/python3.8/site-packages/airflow/example_dags/example_kubernetes_executor.py for tasks to queue
[2026-07-01T12:11:06.849+0000] {logging_mixin.py:188} INFO - [2026-07-01T12:11:06.844+0000] {dagbag.py:538} INFO - Filling up the DagBag from /home/airflow/.local/lib/python3.8/site-packages/airflow/example_dags/example_kubernetes_executor.py
[2026-07-01T12:11:06.948+0000] {processor.py:840} INFO - DAG(s) 'example_kubernetes_executor' retrieved from /home/airflow/.local/lib/python3.8/site-packages/airflow/example_dags/example_kubernetes_executor.py
[2026-07-01T12:11:07.065+0000] {logging_mixin.py:188} INFO - [2026-07-01T12:11:07.064+0000] {dag.py:3036} INFO - Sync 1 DAGs
[2026-07-01T12:11:07.102+0000] {logging_mixin.py:188} INFO - [2026-07-01T12:11:07.102+0000] {dag.py:3823} INFO - Setting next_dagrun for example_kubernetes_executor to None, run_after=None
[2026-07-01T12:11:07.160+0000] {processor.py:183} INFO - Processing /home/airflow/.local/lib/python3.8/site-packages/airflow/example_dags/example_kubernetes_executor.py took 0.347 seconds
[2026-07-01T12:11:37.868+0000] {processor.py:161} INFO - Started process (PID=387) to work on /home/airflow/.local/lib/python3.8/site-packages/airflow/example_dags/example_kubernetes_executor.py
[2026-07-01T12:11:37.872+0000] {processor.py:830} INFO - Processing file /home/airflow/.local/lib/python3.8/site-packages/airflow/example_dags/example_kubernetes_executor.py for tasks to queue
[2026-07-01T12:11:37.879+0000] {logging_mixin.py:188} INFO - [2026-07-01T12:11:37.878+0000] {dagbag.py:538} INFO - Filling up the DagBag from /home/airflow/.local/lib/python3.8/site-packages/airflow/example_dags/example_kubernetes_executor.py
[2026-07-01T12:11:37.939+0000] {processor.py:840} INFO - DAG(s) 'example_kubernetes_executor' retrieved from /home/airflow/.local/lib/python3.8/site-packages/airflow/example_dags/example_kubernetes_executor.py
[2026-07-01T12:11:38.047+0000] {logging_mixin.py:188} INFO - [2026-07-01T12:11:38.047+0000] {dag.py:3036} INFO - Sync 1 DAGs
[2026-07-01T12:11:38.085+0000] {logging_mixin.py:188} INFO - [2026-07-01T12:11:38.084+0000] {dag.py:3823} INFO - Setting next_dagrun for example_kubernetes_executor to None, run_after=None
[2026-07-01T12:11:38.130+0000] {processor.py:183} INFO - Processing /home/airflow/.local/lib/python3.8/site-packages/airflow/example_dags/example_kubernetes_executor.py took 0.276 seconds
[2026-07-01T12:12:08.406+0000] {processor.py:161} INFO - Started process (PID=443) to work on /home/airflow/.local/lib/python3.8/site-packages/airflow/example_dags/example_kubernetes_executor.py
[2026-07-01T12:12:08.409+0000] {processor.py:830} INFO - Processing file /home/airflow/.local/lib/python3.8/site-packages/airflow/example_dags/example_kubernetes_executor.py for tasks to queue
[2026-07-01T12:12:08.416+0000] {logging_mixin.py:188} INFO - [2026-07-01T12:12:08.415+0000] {dagbag.py:538} INFO - Filling up the DagBag from /home/airflow/.local/lib/python3.8/site-packages/airflow/example_dags/example_kubernetes_executor.py
[2026-07-01T12:12:08.458+0000] {processor.py:840} INFO - DAG(s) 'example_kubernetes_executor' retrieved from /home/airflow/.local/lib/python3.8/site-packages/airflow/example_dags/example_kubernetes_executor.py
[2026-07-01T12:12:08.551+0000] {logging_mixin.py:188} INFO - [2026-07-01T12:12:08.551+0000] {dag.py:3036} INFO - Sync 1 DAGs
[2026-07-01T12:12:08.581+0000] {logging_mixin.py:188} INFO - [2026-07-01T12:12:08.580+0000] {dag.py:3823} INFO - Setting next_dagrun for example_kubernetes_executor to None, run_after=None
[2026-07-01T12:12:08.629+0000] {processor.py:183} INFO - Processing /home/airflow/.local/lib/python3.8/site-packages/airflow/example_dags/example_kubernetes_executor.py took 0.235 seconds
[2026-07-01T12:12:39.221+0000] {processor.py:161} INFO - Started process (PID=499) to work on /home/airflow/.local/lib/python3.8/site-packages/airflow/example_dags/example_kubernetes_executor.py
[2026-07-01T12:12:39.225+0000] {processor.py:830} INFO - Processing file /home/airflow/.local/lib/python3.8/site-packages/airflow/example_dags/example_kubernetes_executor.py for tasks to queue
[2026-07-01T12:12:39.231+0000] {logging_mixin.py:188} INFO - [2026-07-01T12:12:39.230+0000] {dagbag.py:538} INFO - Filling up the DagBag from /home/airflow/.local/lib/python3.8/site-packages/airflow/example_dags/example_kubernetes_executor.py
[2026-07-01T12:12:39.264+0000] {processor.py:840} INFO - DAG(s) 'example_kubernetes_executor' retrieved from /home/airflow/.local/lib/python3.8/site-packages/airflow/example_dags/example_kubernetes_executor.py
[2026-07-01T12:12:39.346+0000] {logging_mixin.py:188} INFO - [2026-07-01T12:12:39.346+0000] {dag.py:3036} INFO - Sync 1 DAGs
[2026-07-01T12:12:39.381+0000] {logging_mixin.py:188} INFO - [2026-07-01T12:12:39.380+0000] {dag.py:3823} INFO - Setting next_dagrun for example_kubernetes_executor to None, run_after=None
[2026-07-01T12:12:39.433+0000] {processor.py:183} INFO - Processing /home/airflow/.local/lib/python3.8/site-packages/airflow/example_dags/example_kubernetes_executor.py took 0.222 seconds
[2026-07-01T12:13:10.586+0000] {processor.py:161} INFO - Started process (PID=555) to work on /home/airflow/.local/lib/python3.8/site-packages/airflow/example_dags/example_kubernetes_executor.py
[2026-07-01T12:13:10.590+0000] {processor.py:830} INFO - Processing file /home/airflow/.local/lib/python3.8/site-packages/airflow/example_dags/example_kubernetes_executor.py for tasks to queue
[2026-07-01T12:13:10.598+0000] {logging_mixin.py:188} INFO - [2026-07-01T12:13:10.597+0000] {dagbag.py:538} INFO - Filling up the DagBag from /home/airflow/.local/lib/python3.8/site-packages/airflow/example_dags/example_kubernetes_executor.py
[2026-07-01T12:13:10.644+0000] {processor.py:840} INFO - DAG(s) 'example_kubernetes_executor' retrieved from /home/airflow/.local/lib/python3.8/site-packages/airflow/example_dags/example_kubernetes_executor.py
[2026-07-01T12:13:10.743+0000] {logging_mixin.py:188} INFO - [2026-07-01T12:13:10.743+0000] {dag.py:3036} INFO - Sync 1 DAGs
[2026-07-01T12:13:10.782+0000] {logging_mixin.py:188} INFO - [2026-07-01T12:13:10.782+0000] {dag.py:3823} INFO - Setting next_dagrun for example_kubernetes_executor to None, run_after=None
[2026-07-01T12:13:10.839+0000] {processor.py:183} INFO - Processing /home/airflow/.local/lib/python3.8/site-packages/airflow/example_dags/example_kubernetes_executor.py took 0.263 seconds
[2026-07-01T12:13:41.223+0000] {processor.py:161} INFO - Started process (PID=611) to work on /home/airflow/.local/lib/python3.8/site-packages/airflow/example_dags/example_kubernetes_executor.py
[2026-07-01T12:13:41.227+0000] {processor.py:830} INFO - Processing file /home/airflow/.local/lib/python3.8/site-packages/airflow/example_dags/example_kubernetes_executor.py for tasks to queue
[2026-07-01T12:13:41.233+0000] {logging_mixin.py:188} INFO - [2026-07-01T12:13:41.233+0000] {dagbag.py:538} INFO - Filling up the DagBag from /home/airflow/.local/lib/python3.8/site-packages/airflow/example_dags/example_kubernetes_executor.py
[2026-07-01T12:13:41.272+0000] {processor.py:840} INFO - DAG(s) 'example_kubernetes_executor' retrieved from /home/airflow/.local/lib/python3.8/site-packages/airflow/example_dags/example_kubernetes_executor.py
[2026-07-01T12:13:41.372+0000] {logging_mixin.py:188} INFO - [2026-07-01T12:13:41.371+0000] {dag.py:3036} INFO - Sync 1 DAGs
[2026-07-01T12:13:41.407+0000] {logging_mixin.py:188} INFO - [2026-07-01T12:13:41.407+0000] {dag.py:3823} INFO - Setting next_dagrun for example_kubernetes_executor to None, run_after=None
[2026-07-01T12:13:41.455+0000] {processor.py:183} INFO - Processing /home/airflow/.local/lib/python3.8/site-packages/airflow/example_dags/example_kubernetes_executor.py took 0.241 seconds
[2026-07-01T12:14:11.740+0000] {processor.py:161} INFO - Started process (PID=667) to work on /home/airflow/.local/lib/python3.8/site-packages/airflow/example_dags/example_kubernetes_executor.py
[2026-07-01T12:14:11.744+0000] {processor.py:830} INFO - Processing file /home/airflow/.local/lib/python3.8/site-packages/airflow/example_dags/example_kubernetes_executor.py for tasks to queue
[2026-07-01T12:14:11.750+0000] {logging_mixin.py:188} INFO - [2026-07-01T12:14:11.750+0000] {dagbag.py:538} INFO - Filling up the DagBag from /home/airflow/.local/lib/python3.8/site-packages/airflow/example_dags/example_kubernetes_executor.py
[2026-07-01T12:14:11.794+0000] {processor.py:840} INFO - DAG(s) 'example_kubernetes_executor' retrieved from /home/airflow/.local/lib/python3.8/site-packages/airflow/example_dags/example_kubernetes_executor.py
[2026-07-01T12:14:11.885+0000] {logging_mixin.py:188} INFO - [2026-07-01T12:14:11.885+0000] {dag.py:3036} INFO - Sync 1 DAGs
[2026-07-01T12:14:11.915+0000] {logging_mixin.py:188} INFO - [2026-07-01T12:14:11.914+0000] {dag.py:3823} INFO - Setting next_dagrun for example_kubernetes_executor to None, run_after=None
[2026-07-01T12:14:11.957+0000] {processor.py:183} INFO - Processing /home/airflow/.local/lib/python3.8/site-packages/airflow/example_dags/example_kubernetes_executor.py took 0.230 seconds
[2026-07-01T12:14:42.095+0000] {processor.py:161} INFO - Started process (PID=723) to work on /home/airflow/.local/lib/python3.8/site-packages/airflow/example_dags/example_kubernetes_executor.py
[2026-07-01T12:14:42.098+0000] {processor.py:830} INFO - Processing file /home/airflow/.local/lib/python3.8/site-packages/airflow/example_dags/example_kubernetes_executor.py for tasks to queue
[2026-07-01T12:14:42.103+0000] {logging_mixin.py:188} INFO - [2026-07-01T12:14:42.102+0000] {dagbag.py:538} INFO - Filling up the DagBag from /home/airflow/.local/lib/python3.8/site-packages/airflow/example_dags/example_kubernetes_executor.py
[2026-07-01T12:14:42.132+0000] {processor.py:840} INFO - DAG(s) 'example_kubernetes_executor' retrieved from /home/airflow/.local/lib/python3.8/site-packages/airflow/example_dags/example_kubernetes_executor.py
[2026-07-01T12:14:42.228+0000] {logging_mixin.py:188} INFO - [2026-07-01T12:14:42.227+0000] {dag.py:3036} INFO - Sync 1 DAGs
[2026-07-01T12:14:42.262+0000] {logging_mixin.py:188} INFO - [2026-07-01T12:14:42.261+0000] {dag.py:3823} INFO - Setting next_dagrun for example_kubernetes_executor to None, run_after=None
[2026-07-01T12:14:42.308+0000] {processor.py:183} INFO - Processing /home/airflow/.local/lib/python3.8/site-packages/airflow/example_dags/example_kubernetes_executor.py took 0.222 seconds
[2026-07-01T12:15:13.174+0000] {processor.py:161} INFO - Started process (PID=780) to work on /home/airflow/.local/lib/python3.8/site-packages/airflow/example_dags/example_kubernetes_executor.py
[2026-07-01T12:15:13.177+0000] {processor.py:830} INFO - Processing file /home/airflow/.local/lib/python3.8/site-packages/airflow/example_dags/example_kubernetes_executor.py for tasks to queue
[2026-07-01T12:15:13.183+0000] {logging_mixin.py:188} INFO - [2026-07-01T12:15:13.182+0000] {dagbag.py:538} INFO - Filling up the DagBag from /home/airflow/.local/lib/python3.8/site-packages/airflow/example_dags/example_kubernetes_executor.py
[2026-07-01T12:15:13.217+0000] {processor.py:840} INFO - DAG(s) 'example_kubernetes_executor' retrieved from /home/airflow/.local/lib/python3.8/site-packages/airflow/example_dags/example_kubernetes_executor.py
[2026-07-01T12:15:13.304+0000] {logging_mixin.py:188} INFO - [2026-07-01T12:15:13.303+0000] {dag.py:3036} INFO - Sync 1 DAGs
[2026-07-01T12:15:13.335+0000] {logging_mixin.py:188} INFO - [2026-07-01T12:15:13.334+0000] {dag.py:3823} INFO - Setting next_dagrun for example_kubernetes_executor to None, run_after=None
[2026-07-01T12:15:13.379+0000] {processor.py:183} INFO - Processing /home/airflow/.local/lib/python3.8/site-packages/airflow/example_dags/example_kubernetes_executor.py took 0.213 seconds
[2026-07-01T12:15:43.807+0000] {processor.py:161} INFO - Started process (PID=836) to work on /home/airflow/.local/lib/python3.8/site-packages/airflow/example_dags/example_kubernetes_executor.py
[2026-07-01T12:15:43.811+0000] {processor.py:830} INFO - Processing file /home/airflow/.local/lib/python3.8/site-packages/airflow/example_dags/example_kubernetes_executor.py for tasks to queue
[2026-07-01T12:15:43.832+0000] {logging_mixin.py:188} INFO - [2026-07-01T12:15:43.829+0000] {dagbag.py:538} INFO - Filling up the DagBag from /home/airflow/.local/lib/python3.8/site-packages/airflow/example_dags/example_kubernetes_executor.py
[2026-07-01T12:15:43.885+0000] {processor.py:840} INFO - DAG(s) 'example_kubernetes_executor' retrieved from /home/airflow/.local/lib/python3.8/site-packages/airflow/example_dags/example_kubernetes_executor.py
[2026-07-01T12:15:44.011+0000] {logging_mixin.py:188} INFO - [2026-07-01T12:15:44.011+0000] {dag.py:3036} INFO - Sync 1 DAGs
[2026-07-01T12:15:44.073+0000] {logging_mixin.py:188} INFO - [2026-07-01T12:15:44.072+0000] {dag.py:3823} INFO - Setting next_dagrun for example_kubernetes_executor to None, run_after=None
[2026-07-01T12:15:44.164+0000] {processor.py:183} INFO - Processing /home/airflow/.local/lib/python3.8/site-packages/airflow/example_dags/example_kubernetes_executor.py took 0.372 seconds
[2026-07-01T12:16:14.765+0000] {processor.py:161} INFO - Started process (PID=892) to work on /home/airflow/.local/lib/python3.8/site-packages/airflow/example_dags/example_kubernetes_executor.py
[2026-07-01T12:16:14.770+0000] {processor.py:830} INFO - Processing file /home/airflow/.local/lib/python3.8/site-packages/airflow/example_dags/example_kubernetes_executor.py for tasks to queue
[2026-07-01T12:16:14.778+0000] {logging_mixin.py:188} INFO - [2026-07-01T12:16:14.777+0000] {dagbag.py:538} INFO - Filling up the DagBag from /home/airflow/.local/lib/python3.8/site-packages/airflow/example_dags/example_kubernetes_executor.py
[2026-07-01T12:16:14.823+0000] {processor.py:840} INFO - DAG(s) 'example_kubernetes_executor' retrieved from /home/airflow/.local/lib/python3.8/site-packages/airflow/example_dags/example_kubernetes_executor.py
[2026-07-01T12:16:14.916+0000] {logging_mixin.py:188} INFO - [2026-07-01T12:16:14.915+0000] {dag.py:3036} INFO - Sync 1 DAGs
[2026-07-01T12:16:14.950+0000] {logging_mixin.py:188} INFO - [2026-07-01T12:16:14.950+0000] {dag.py:3823} INFO - Setting next_dagrun for example_kubernetes_executor to None, run_after=None
[2026-07-01T12:16:14.997+0000] {processor.py:183} INFO - Processing /home/airflow/.local/lib/python3.8/site-packages/airflow/example_dags/example_kubernetes_executor.py took 0.244 seconds
[2026-07-01T12:16:45.972+0000] {processor.py:161} INFO - Started process (PID=948) to work on /home/airflow/.local/lib/python3.8/site-packages/airflow/example_dags/example_kubernetes_executor.py
[2026-07-01T12:16:45.975+0000] {processor.py:830} INFO - Processing file /home/airflow/.local/lib/python3.8/site-packages/airflow/example_dags/example_kubernetes_executor.py for tasks to queue
[2026-07-01T12:16:45.981+0000] {logging_mixin.py:188} INFO - [2026-07-01T12:16:45.980+0000] {dagbag.py:538} INFO - Filling up the DagBag from /home/airflow/.local/lib/python3.8/site-packages/airflow/example_dags/example_kubernetes_executor.py
[2026-07-01T12:16:46.016+0000] {processor.py:840} INFO - DAG(s) 'example_kubernetes_executor' retrieved from /home/airflow/.local/lib/python3.8/site-packages/airflow/example_dags/example_kubernetes_executor.py
[2026-07-01T12:16:46.100+0000] {logging_mixin.py:188} INFO - [2026-07-01T12:16:46.099+0000] {dag.py:3036} INFO - Sync 1 DAGs
[2026-07-01T12:16:46.130+0000] {logging_mixin.py:188} INFO - [2026-07-01T12:16:46.130+0000] {dag.py:3823} INFO - Setting next_dagrun for example_kubernetes_executor to None, run_after=None
[2026-07-01T12:16:46.174+0000] {processor.py:183} INFO - Processing /home/airflow/.local/lib/python3.8/site-packages/airflow/example_dags/example_kubernetes_executor.py took 0.211 seconds
[2026-07-01T12:17:16.377+0000] {processor.py:161} INFO - Started process (PID=1004) to work on /home/airflow/.local/lib/python3.8/site-packages/airflow/example_dags/example_kubernetes_executor.py
[2026-07-01T12:17:16.384+0000] {processor.py:830} INFO - Processing file /home/airflow/.local/lib/python3.8/site-packages/airflow/example_dags/example_kubernetes_executor.py for tasks to queue
[2026-07-01T12:17:16.392+0000] {logging_mixin.py:188} INFO - [2026-07-01T12:17:16.391+0000] {dagbag.py:538} INFO - Filling up the DagBag from /home/airflow/.local/lib/python3.8/site-packages/airflow/example_dags/example_kubernetes_executor.py
[2026-07-01T12:17:16.438+0000] {processor.py:840} INFO - DAG(s) 'example_kubernetes_executor' retrieved from /home/airflow/.local/lib/python3.8/site-packages/airflow/example_dags/example_kubernetes_executor.py
[2026-07-01T12:17:16.525+0000] {logging_mixin.py:188} INFO - [2026-07-01T12:17:16.524+0000] {dag.py:3036} INFO - Sync 1 DAGs
[2026-07-01T12:17:16.553+0000] {logging_mixin.py:188} INFO - [2026-07-01T12:17:16.552+0000] {dag.py:3823} INFO - Setting next_dagrun for example_kubernetes_executor to None, run_after=None
[2026-07-01T12:17:16.592+0000] {processor.py:183} INFO - Processing /home/airflow/.local/lib/python3.8/site-packages/airflow/example_dags/example_kubernetes_executor.py took 0.226 seconds
[2026-07-01T12:17:47.600+0000] {processor.py:161} INFO - Started process (PID=1060) to work on /home/airflow/.local/lib/python3.8/site-packages/airflow/example_dags/example_kubernetes_executor.py
[2026-07-01T12:17:47.604+0000] {processor.py:830} INFO - Processing file /home/airflow/.local/lib/python3.8/site-packages/airflow/example_dags/example_kubernetes_executor.py for tasks to queue
[2026-07-01T12:17:47.613+0000] {logging_mixin.py:188} INFO - [2026-07-01T12:17:47.612+0000] {dagbag.py:538} INFO - Filling up the DagBag from /home/airflow/.local/lib/python3.8/site-packages/airflow/example_dags/example_kubernetes_executor.py
[2026-07-01T12:17:47.668+0000] {processor.py:840} INFO - DAG(s) 'example_kubernetes_executor' retrieved from /home/airflow/.local/lib/python3.8/site-packages/airflow/example_dags/example_kubernetes_executor.py
[2026-07-01T12:17:47.816+0000] {logging_mixin.py:188} INFO - [2026-07-01T12:17:47.815+0000] {dag.py:3036} INFO - Sync 1 DAGs
[2026-07-01T12:17:47.861+0000] {logging_mixin.py:188} INFO - [2026-07-01T12:17:47.860+0000] {dag.py:3823} INFO - Setting next_dagrun for example_kubernetes_executor to None, run_after=None
[2026-07-01T12:17:47.933+0000] {processor.py:183} INFO - Processing /home/airflow/.local/lib/python3.8/site-packages/airflow/example_dags/example_kubernetes_executor.py took 0.348 seconds
[2026-07-01T12:18:18.293+0000] {processor.py:161} INFO - Started process (PID=1116) to work on /home/airflow/.local/lib/python3.8/site-packages/airflow/example_dags/example_kubernetes_executor.py
[2026-07-01T12:18:18.296+0000] {processor.py:830} INFO - Processing file /home/airflow/.local/lib/python3.8/site-packages/airflow/example_dags/example_kubernetes_executor.py for tasks to queue
[2026-07-01T12:18:18.303+0000] {logging_mixin.py:188} INFO - [2026-07-01T12:18:18.302+0000] {dagbag.py:538} INFO - Filling up the DagBag from /home/airflow/.local/lib/python3.8/site-packages/airflow/example_dags/example_kubernetes_executor.py
[2026-07-01T12:18:18.344+0000] {processor.py:840} INFO - DAG(s) 'example_kubernetes_executor' retrieved from /home/airflow/.local/lib/python3.8/site-packages/airflow/example_dags/example_kubernetes_executor.py
[2026-07-01T12:18:18.796+0000] {logging_mixin.py:188} INFO - [2026-07-01T12:18:18.795+0000] {dag.py:3036} INFO - Sync 1 DAGs
[2026-07-01T12:18:19.039+0000] {logging_mixin.py:188} INFO - [2026-07-01T12:18:19.038+0000] {dag.py:3823} INFO - Setting next_dagrun for example_kubernetes_executor to None, run_after=None
[2026-07-01T12:18:19.305+0000] {processor.py:183} INFO - Processing /home/airflow/.local/lib/python3.8/site-packages/airflow/example_dags/example_kubernetes_executor.py took 1.021 seconds
[2026-07-01T12:18:50.312+0000] {processor.py:161} INFO - Started process (PID=1172) to work on /home/airflow/.local/lib/python3.8/site-packages/airflow/example_dags/example_kubernetes_executor.py
[2026-07-01T12:18:50.319+0000] {processor.py:830} INFO - Processing file /home/airflow/.local/lib/python3.8/site-packages/airflow/example_dags/example_kubernetes_executor.py for tasks to queue
[2026-07-01T12:18:50.327+0000] {logging_mixin.py:188} INFO - [2026-07-01T12:18:50.326+0000] {dagbag.py:538} INFO - Filling up the DagBag from /home/airflow/.local/lib/python3.8/site-packages/airflow/example_dags/example_kubernetes_executor.py
[2026-07-01T12:18:50.370+0000] {processor.py:840} INFO - DAG(s) 'example_kubernetes_executor' retrieved from /home/airflow/.local/lib/python3.8/site-packages/airflow/example_dags/example_kubernetes_executor.py
[2026-07-01T12:18:50.467+0000] {logging_mixin.py:188} INFO - [2026-07-01T12:18:50.466+0000] {dag.py:3036} INFO - Sync 1 DAGs
[2026-07-01T12:18:50.506+0000] {logging_mixin.py:188} INFO - [2026-07-01T12:18:50.505+0000] {dag.py:3823} INFO - Setting next_dagrun for example_kubernetes_executor to None, run_after=None
[2026-07-01T12:18:50.561+0000] {processor.py:183} INFO - Processing /home/airflow/.local/lib/python3.8/site-packages/airflow/example_dags/example_kubernetes_executor.py took 0.262 seconds
[2026-07-01T12:19:20.790+0000] {processor.py:161} INFO - Started process (PID=1228) to work on /home/airflow/.local/lib/python3.8/site-packages/airflow/example_dags/example_kubernetes_executor.py
[2026-07-01T12:19:20.794+0000] {processor.py:830} INFO - Processing file /home/airflow/.local/lib/python3.8/site-packages/airflow/example_dags/example_kubernetes_executor.py for tasks to queue
[2026-07-01T12:19:20.809+0000] {logging_mixin.py:188} INFO - [2026-07-01T12:19:20.808+0000] {dagbag.py:538} INFO - Filling up the DagBag from /home/airflow/.local/lib/python3.8/site-packages/airflow/example_dags/example_kubernetes_executor.py
[2026-07-01T12:19:20.887+0000] {processor.py:840} INFO - DAG(s) 'example_kubernetes_executor' retrieved from /home/airflow/.local/lib/python3.8/site-packages/airflow/example_dags/example_kubernetes_executor.py
[2026-07-01T12:19:21.000+0000] {logging_mixin.py:188} INFO - [2026-07-01T12:19:21.000+0000] {dag.py:3036} INFO - Sync 1 DAGs
[2026-07-01T12:19:21.034+0000] {logging_mixin.py:188} INFO - [2026-07-01T12:19:21.034+0000] {dag.py:3823} INFO - Setting next_dagrun for example_kubernetes_executor to None, run_after=None
[2026-07-01T12:19:21.093+0000] {processor.py:183} INFO - Processing /home/airflow/.local/lib/python3.8/site-packages/airflow/example_dags/example_kubernetes_executor.py took 0.322 seconds
[2026-07-01T12:19:55.252+0000] {processor.py:161} INFO - Started process (PID=1284) to work on /home/airflow/.local/lib/python3.8/site-packages/airflow/example_dags/example_kubernetes_executor.py
[2026-07-01T12:19:55.266+0000] {processor.py:830} INFO - Processing file /home/airflow/.local/lib/python3.8/site-packages/airflow/example_dags/example_kubernetes_executor.py for tasks to queue
[2026-07-01T12:19:55.277+0000] {logging_mixin.py:188} INFO - [2026-07-01T12:19:55.276+0000] {dagbag.py:538} INFO - Filling up the DagBag from /home/airflow/.local/lib/python3.8/site-packages/airflow/example_dags/example_kubernetes_executor.py
[2026-07-01T12:19:55.371+0000] {processor.py:840} INFO - DAG(s) 'example_kubernetes_executor' retrieved from /home/airflow/.local/lib/python3.8/site-packages/airflow/example_dags/example_kubernetes_executor.py
[2026-07-01T12:19:55.431+0000] {logging_mixin.py:188} INFO - [2026-07-01T12:19:55.431+0000] {dag.py:3036} INFO - Sync 1 DAGs
[2026-07-01T12:19:55.500+0000] {logging_mixin.py:188} INFO - [2026-07-01T12:19:55.499+0000] {dag.py:3823} INFO - Setting next_dagrun for example_kubernetes_executor to None, run_after=None
[2026-07-01T12:19:55.588+0000] {processor.py:183} INFO - Processing /home/airflow/.local/lib/python3.8/site-packages/airflow/example_dags/example_kubernetes_executor.py took 0.369 seconds
[2026-07-01T12:20:26.628+0000] {processor.py:161} INFO - Started process (PID=1339) to work on /home/airflow/.local/lib/python3.8/site-packages/airflow/example_dags/example_kubernetes_executor.py
[2026-07-01T12:20:26.632+0000] {processor.py:830} INFO - Processing file /home/airflow/.local/lib/python3.8/site-packages/airflow/example_dags/example_kubernetes_executor.py for tasks to queue
[2026-07-01T12:20:26.644+0000] {logging_mixin.py:188} INFO - [2026-07-01T12:20:26.643+0000] {dagbag.py:538} INFO - Filling up the DagBag from /home/airflow/.local/lib/python3.8/site-packages/airflow/example_dags/example_kubernetes_executor.py
[2026-07-01T12:20:26.703+0000] {processor.py:840} INFO - DAG(s) 'example_kubernetes_executor' retrieved from /home/airflow/.local/lib/python3.8/site-packages/airflow/example_dags/example_kubernetes_executor.py
[2026-07-01T12:20:27.293+0000] {logging_mixin.py:188} INFO - [2026-07-01T12:20:27.292+0000] {dag.py:3036} INFO - Sync 1 DAGs
[2026-07-01T12:20:27.335+0000] {logging_mixin.py:188} INFO - [2026-07-01T12:20:27.335+0000] {dag.py:3823} INFO - Setting next_dagrun for example_kubernetes_executor to None, run_after=None
[2026-07-01T12:20:27.444+0000] {processor.py:183} INFO - Processing /home/airflow/.local/lib/python3.8/site-packages/airflow/example_dags/example_kubernetes_executor.py took 0.821 seconds
[2026-07-01T12:20:57.979+0000] {processor.py:161} INFO - Started process (PID=1395) to work on /home/airflow/.local/lib/python3.8/site-packages/airflow/example_dags/example_kubernetes_executor.py
[2026-07-01T12:20:57.983+0000] {processor.py:830} INFO - Processing file /home/airflow/.local/lib/python3.8/site-packages/airflow/example_dags/example_kubernetes_executor.py for tasks to queue
[2026-07-01T12:20:57.990+0000] {logging_mixin.py:188} INFO - [2026-07-01T12:20:57.989+0000] {dagbag.py:538} INFO - Filling up the DagBag from /home/airflow/.local/lib/python3.8/site-packages/airflow/example_dags/example_kubernetes_executor.py
[2026-07-01T12:20:58.030+0000] {processor.py:840} INFO - DAG(s) 'example_kubernetes_executor' retrieved from /home/airflow/.local/lib/python3.8/site-packages/airflow/example_dags/example_kubernetes_executor.py
[2026-07-01T12:20:58.182+0000] {logging_mixin.py:188} INFO - [2026-07-01T12:20:58.181+0000] {dag.py:3036} INFO - Sync 1 DAGs
[2026-07-01T12:20:58.235+0000] {logging_mixin.py:188} INFO - [2026-07-01T12:20:58.234+0000] {dag.py:3823} INFO - Setting next_dagrun for example_kubernetes_executor to None, run_after=None
[2026-07-01T12:20:58.310+0000] {processor.py:183} INFO - Processing /home/airflow/.local/lib/python3.8/site-packages/airflow/example_dags/example_kubernetes_executor.py took 0.340 seconds
[2026-07-01T12:21:29.817+0000] {processor.py:161} INFO - Started process (PID=1451) to work on /home/airflow/.local/lib/python3.8/site-packages/airflow/example_dags/example_kubernetes_executor.py
[2026-07-01T12:21:29.822+0000] {processor.py:830} INFO - Processing file /home/airflow/.local/lib/python3.8/site-packages/airflow/example_dags/example_kubernetes_executor.py for tasks to queue
[2026-07-01T12:21:29.828+0000] {logging_mixin.py:188} INFO - [2026-07-01T12:21:29.828+0000] {dagbag.py:538} INFO - Filling up the DagBag from /home/airflow/.local/lib/python3.8/site-packages/airflow/example_dags/example_kubernetes_executor.py
[2026-07-01T12:21:29.873+0000] {processor.py:840} INFO - DAG(s) 'example_kubernetes_executor' retrieved from /home/airflow/.local/lib/python3.8/site-packages/airflow/example_dags/example_kubernetes_executor.py
[2026-07-01T12:21:29.980+0000] {logging_mixin.py:188} INFO - [2026-07-01T12:21:29.980+0000] {dag.py:3036} INFO - Sync 1 DAGs
[2026-07-01T12:21:30.015+0000] {logging_mixin.py:188} INFO - [2026-07-01T12:21:30.014+0000] {dag.py:3823} INFO - Setting next_dagrun for example_kubernetes_executor to None, run_after=None
[2026-07-01T12:21:30.059+0000] {processor.py:183} INFO - Processing /home/airflow/.local/lib/python3.8/site-packages/airflow/example_dags/example_kubernetes_executor.py took 0.253 seconds
[2026-07-01T12:22:00.562+0000] {processor.py:161} INFO - Started process (PID=1507) to work on /home/airflow/.local/lib/python3.8/site-packages/airflow/example_dags/example_kubernetes_executor.py
[2026-07-01T12:22:00.566+0000] {processor.py:830} INFO - Processing file /home/airflow/.local/lib/python3.8/site-packages/airflow/example_dags/example_kubernetes_executor.py for tasks to queue
[2026-07-01T12:22:00.573+0000] {logging_mixin.py:188} INFO - [2026-07-01T12:22:00.572+0000] {dagbag.py:538} INFO - Filling up the DagBag from /home/airflow/.local/lib/python3.8/site-packages/airflow/example_dags/example_kubernetes_executor.py
[2026-07-01T12:22:00.617+0000] {processor.py:840} INFO - DAG(s) 'example_kubernetes_executor' retrieved from /home/airflow/.local/lib/python3.8/site-packages/airflow/example_dags/example_kubernetes_executor.py
[2026-07-01T12:22:00.721+0000] {logging_mixin.py:188} INFO - [2026-07-01T12:22:00.721+0000] {dag.py:3036} INFO - Sync 1 DAGs
[2026-07-01T12:22:00.758+0000] {logging_mixin.py:188} INFO - [2026-07-01T12:22:00.758+0000] {dag.py:3823} INFO - Setting next_dagrun for example_kubernetes_executor to None, run_after=None
[2026-07-01T12:22:00.813+0000] {processor.py:183} INFO - Processing /home/airflow/.local/lib/python3.8/site-packages/airflow/example_dags/example_kubernetes_executor.py took 0.261 seconds
[2026-07-01T12:22:31.241+0000] {processor.py:161} INFO - Started process (PID=1563) to work on /home/airflow/.local/lib/python3.8/site-packages/airflow/example_dags/example_kubernetes_executor.py
[2026-07-01T12:22:31.245+0000] {processor.py:830} INFO - Processing file /home/airflow/.local/lib/python3.8/site-packages/airflow/example_dags/example_kubernetes_executor.py for tasks to queue
[2026-07-01T12:22:31.250+0000] {logging_mixin.py:188} INFO - [2026-07-01T12:22:31.249+0000] {dagbag.py:538} INFO - Filling up the DagBag from /home/airflow/.local/lib/python3.8/site-packages/airflow/example_dags/example_kubernetes_executor.py
[2026-07-01T12:22:31.283+0000] {processor.py:840} INFO - DAG(s) 'example_kubernetes_executor' retrieved from /home/airflow/.local/lib/python3.8/site-packages/airflow/example_dags/example_kubernetes_executor.py
[2026-07-01T12:22:31.361+0000] {logging_mixin.py:188} INFO - [2026-07-01T12:22:31.361+0000] {dag.py:3036} INFO - Sync 1 DAGs
[2026-07-01T12:22:31.390+0000] {logging_mixin.py:188} INFO - [2026-07-01T12:22:31.389+0000] {dag.py:3823} INFO - Setting next_dagrun for example_kubernetes_executor to None, run_after=None
[2026-07-01T12:22:31.431+0000] {processor.py:183} INFO - Processing /home/airflow/.local/lib/python3.8/site-packages/airflow/example_dags/example_kubernetes_executor.py took 0.198 seconds
[2026-07-01T12:23:01.549+0000] {processor.py:161} INFO - Started process (PID=1617) to work on /home/airflow/.local/lib/python3.8/site-packages/airflow/example_dags/example_kubernetes_executor.py
[2026-07-01T12:23:01.553+0000] {processor.py:830} INFO - Processing file /home/airflow/.local/lib/python3.8/site-packages/airflow/example_dags/example_kubernetes_executor.py for tasks to queue
[2026-07-01T12:23:01.558+0000] {logging_mixin.py:188} INFO - [2026-07-01T12:23:01.557+0000] {dagbag.py:538} INFO - Filling up the DagBag from /home/airflow/.local/lib/python3.8/site-packages/airflow/example_dags/example_kubernetes_executor.py
[2026-07-01T12:23:01.597+0000] {processor.py:840} INFO - DAG(s) 'example_kubernetes_executor' retrieved from /home/airflow/.local/lib/python3.8/site-packages/airflow/example_dags/example_kubernetes_executor.py
[2026-07-01T12:23:01.686+0000] {logging_mixin.py:188} INFO - [2026-07-01T12:23:01.686+0000] {dag.py:3036} INFO - Sync 1 DAGs
[2026-07-01T12:23:01.722+0000] {logging_mixin.py:188} INFO - [2026-07-01T12:23:01.722+0000] {dag.py:3823} INFO - Setting next_dagrun for example_kubernetes_executor to None, run_after=None
[2026-07-01T12:23:01.774+0000] {processor.py:183} INFO - Processing /home/airflow/.local/lib/python3.8/site-packages/airflow/example_dags/example_kubernetes_executor.py took 0.233 seconds
[2026-07-01T12:23:32.393+0000] {processor.py:161} INFO - Started process (PID=1673) to work on /home/airflow/.local/lib/python3.8/site-packages/airflow/example_dags/example_kubernetes_executor.py
[2026-07-01T12:23:32.396+0000] {processor.py:830} INFO - Processing file /home/airflow/.local/lib/python3.8/site-packages/airflow/example_dags/example_kubernetes_executor.py for tasks to queue
[2026-07-01T12:23:32.409+0000] {logging_mixin.py:188} INFO - [2026-07-01T12:23:32.405+0000] {dagbag.py:538} INFO - Filling up the DagBag from /home/airflow/.local/lib/python3.8/site-packages/airflow/example_dags/example_kubernetes_executor.py
[2026-07-01T12:23:32.452+0000] {processor.py:840} INFO - DAG(s) 'example_kubernetes_executor' retrieved from /home/airflow/.local/lib/python3.8/site-packages/airflow/example_dags/example_kubernetes_executor.py
[2026-07-01T12:23:32.554+0000] {logging_mixin.py:188} INFO - [2026-07-01T12:23:32.553+0000] {dag.py:3036} INFO - Sync 1 DAGs
[2026-07-01T12:23:32.587+0000] {logging_mixin.py:188} INFO - [2026-07-01T12:23:32.587+0000] {dag.py:3823} INFO - Setting next_dagrun for example_kubernetes_executor to None, run_after=None
[2026-07-01T12:23:32.634+0000] {processor.py:183} INFO - Processing /home/airflow/.local/lib/python3.8/site-packages/airflow/example_dags/example_kubernetes_executor.py took 0.250 seconds
[2026-07-01T12:24:03.450+0000] {processor.py:161} INFO - Started process (PID=1729) to work on /home/airflow/.local/lib/python3.8/site-packages/airflow/example_dags/example_kubernetes_executor.py
[2026-07-01T12:24:03.454+0000] {processor.py:830} INFO - Processing file /home/airflow/.local/lib/python3.8/site-packages/airflow/example_dags/example_kubernetes_executor.py for tasks to queue
[2026-07-01T12:24:03.463+0000] {logging_mixin.py:188} INFO - [2026-07-01T12:24:03.462+0000] {dagbag.py:538} INFO - Filling up the DagBag from /home/airflow/.local/lib/python3.8/site-packages/airflow/example_dags/example_kubernetes_executor.py
[2026-07-01T12:24:03.524+0000] {processor.py:840} INFO - DAG(s) 'example_kubernetes_executor' retrieved from /home/airflow/.local/lib/python3.8/site-packages/airflow/example_dags/example_kubernetes_executor.py
[2026-07-01T12:24:03.683+0000] {logging_mixin.py:188} INFO - [2026-07-01T12:24:03.682+0000] {dag.py:3036} INFO - Sync 1 DAGs
[2026-07-01T12:24:03.736+0000] {logging_mixin.py:188} INFO - [2026-07-01T12:24:03.736+0000] {dag.py:3823} INFO - Setting next_dagrun for example_kubernetes_executor to None, run_after=None
[2026-07-01T12:24:03.814+0000] {processor.py:183} INFO - Processing /home/airflow/.local/lib/python3.8/site-packages/airflow/example_dags/example_kubernetes_executor.py took 0.379 seconds
[2026-07-01T12:24:34.659+0000] {processor.py:161} INFO - Started process (PID=1785) to work on /home/airflow/.local/lib/python3.8/site-packages/airflow/example_dags/example_kubernetes_executor.py
[2026-07-01T12:24:34.667+0000] {processor.py:830} INFO - Processing file /home/airflow/.local/lib/python3.8/site-packages/airflow/example_dags/example_kubernetes_executor.py for tasks to queue
[2026-07-01T12:24:34.678+0000] {logging_mixin.py:188} INFO - [2026-07-01T12:24:34.674+0000] {dagbag.py:538} INFO - Filling up the DagBag from /home/airflow/.local/lib/python3.8/site-packages/airflow/example_dags/example_kubernetes_executor.py
[2026-07-01T12:24:34.754+0000] {processor.py:840} INFO - DAG(s) 'example_kubernetes_executor' retrieved from /home/airflow/.local/lib/python3.8/site-packages/airflow/example_dags/example_kubernetes_executor.py
[2026-07-01T12:24:34.891+0000] {logging_mixin.py:188} INFO - [2026-07-01T12:24:34.891+0000] {dag.py:3036} INFO - Sync 1 DAGs
[2026-07-01T12:24:34.928+0000] {logging_mixin.py:188} INFO - [2026-07-01T12:24:34.928+0000] {dag.py:3823} INFO - Setting next_dagrun for example_kubernetes_executor to None, run_after=None
[2026-07-01T12:24:34.976+0000] {processor.py:183} INFO - Processing /home/airflow/.local/lib/python3.8/site-packages/airflow/example_dags/example_kubernetes_executor.py took 0.332 seconds
[2026-07-01T12:25:05.741+0000] {processor.py:161} INFO - Started process (PID=1841) to work on /home/airflow/.local/lib/python3.8/site-packages/airflow/example_dags/example_kubernetes_executor.py
[2026-07-01T12:25:05.744+0000] {processor.py:830} INFO - Processing file /home/airflow/.local/lib/python3.8/site-packages/airflow/example_dags/example_kubernetes_executor.py for tasks to queue
[2026-07-01T12:25:05.750+0000] {logging_mixin.py:188} INFO - [2026-07-01T12:25:05.749+0000] {dagbag.py:538} INFO - Filling up the DagBag from /home/airflow/.local/lib/python3.8/site-packages/airflow/example_dags/example_kubernetes_executor.py
[2026-07-01T12:25:05.781+0000] {processor.py:840} INFO - DAG(s) 'example_kubernetes_executor' retrieved from /home/airflow/.local/lib/python3.8/site-packages/airflow/example_dags/example_kubernetes_executor.py
[2026-07-01T12:25:05.870+0000] {logging_mixin.py:188} INFO - [2026-07-01T12:25:05.870+0000] {dag.py:3036} INFO - Sync 1 DAGs
[2026-07-01T12:25:05.908+0000] {logging_mixin.py:188} INFO - [2026-07-01T12:25:05.908+0000] {dag.py:3823} INFO - Setting next_dagrun for example_kubernetes_executor to None, run_after=None
[2026-07-01T12:25:05.956+0000] {processor.py:183} INFO - Processing /home/airflow/.local/lib/python3.8/site-packages/airflow/example_dags/example_kubernetes_executor.py took 0.222 seconds
[2026-07-01T12:25:36.687+0000] {processor.py:161} INFO - Started process (PID=1902) to work on /home/airflow/.local/lib/python3.8/site-packages/airflow/example_dags/example_kubernetes_executor.py
[2026-07-01T12:25:36.690+0000] {processor.py:830} INFO - Processing file /home/airflow/.local/lib/python3.8/site-packages/airflow/example_dags/example_kubernetes_executor.py for tasks to queue
[2026-07-01T12:25:36.697+0000] {logging_mixin.py:188} INFO - [2026-07-01T12:25:36.695+0000] {dagbag.py:538} INFO - Filling up the DagBag from /home/airflow/.local/lib/python3.8/site-packages/airflow/example_dags/example_kubernetes_executor.py
[2026-07-01T12:25:36.732+0000] {processor.py:840} INFO - DAG(s) 'example_kubernetes_executor' retrieved from /home/airflow/.local/lib/python3.8/site-packages/airflow/example_dags/example_kubernetes_executor.py
[2026-07-01T12:25:36.834+0000] {logging_mixin.py:188} INFO - [2026-07-01T12:25:36.833+0000] {dag.py:3036} INFO - Sync 1 DAGs
[2026-07-01T12:25:36.872+0000] {logging_mixin.py:188} INFO - [2026-07-01T12:25:36.871+0000] {dag.py:3823} INFO - Setting next_dagrun for example_kubernetes_executor to None, run_after=None
[2026-07-01T12:25:36.924+0000] {processor.py:183} INFO - Processing /home/airflow/.local/lib/python3.8/site-packages/airflow/example_dags/example_kubernetes_executor.py took 0.248 seconds
[2026-07-01T12:26:07.021+0000] {processor.py:161} INFO - Started process (PID=1958) to work on /home/airflow/.local/lib/python3.8/site-packages/airflow/example_dags/example_kubernetes_executor.py
[2026-07-01T12:26:07.024+0000] {processor.py:830} INFO - Processing file /home/airflow/.local/lib/python3.8/site-packages/airflow/example_dags/example_kubernetes_executor.py for tasks to queue
[2026-07-01T12:26:07.030+0000] {logging_mixin.py:188} INFO - [2026-07-01T12:26:07.029+0000] {dagbag.py:538} INFO - Filling up the DagBag from /home/airflow/.local/lib/python3.8/site-packages/airflow/example_dags/example_kubernetes_executor.py
[2026-07-01T12:26:07.061+0000] {processor.py:840} INFO - DAG(s) 'example_kubernetes_executor' retrieved from /home/airflow/.local/lib/python3.8/site-packages/airflow/example_dags/example_kubernetes_executor.py
[2026-07-01T12:26:07.144+0000] {logging_mixin.py:188} INFO - [2026-07-01T12:26:07.144+0000] {dag.py:3036} INFO - Sync 1 DAGs
[2026-07-01T12:26:07.174+0000] {logging_mixin.py:188} INFO - [2026-07-01T12:26:07.174+0000] {dag.py:3823} INFO - Setting next_dagrun for example_kubernetes_executor to None, run_after=None
[2026-07-01T12:26:07.219+0000] {processor.py:183} INFO - Processing /home/airflow/.local/lib/python3.8/site-packages/airflow/example_dags/example_kubernetes_executor.py took 0.206 seconds
[2026-07-01T12:26:37.766+0000] {processor.py:161} INFO - Started process (PID=2014) to work on /home/airflow/.local/lib/python3.8/site-packages/airflow/example_dags/example_kubernetes_executor.py
[2026-07-01T12:26:37.770+0000] {processor.py:830} INFO - Processing file /home/airflow/.local/lib/python3.8/site-packages/airflow/example_dags/example_kubernetes_executor.py for tasks to queue
[2026-07-01T12:26:37.778+0000] {logging_mixin.py:188} INFO - [2026-07-01T12:26:37.777+0000] {dagbag.py:538} INFO - Filling up the DagBag from /home/airflow/.local/lib/python3.8/site-packages/airflow/example_dags/example_kubernetes_executor.py
[2026-07-01T12:26:37.826+0000] {processor.py:840} INFO - DAG(s) 'example_kubernetes_executor' retrieved from /home/airflow/.local/lib/python3.8/site-packages/airflow/example_dags/example_kubernetes_executor.py
[2026-07-01T12:26:37.914+0000] {logging_mixin.py:188} INFO - [2026-07-01T12:26:37.913+0000] {dag.py:3036} INFO - Sync 1 DAGs
[2026-07-01T12:26:37.943+0000] {logging_mixin.py:188} INFO - [2026-07-01T12:26:37.943+0000] {dag.py:3823} INFO - Setting next_dagrun for example_kubernetes_executor to None, run_after=None
[2026-07-01T12:26:37.990+0000] {processor.py:183} INFO - Processing /home/airflow/.local/lib/python3.8/site-packages/airflow/example_dags/example_kubernetes_executor.py took 0.234 seconds
[2026-07-01T12:27:08.644+0000] {processor.py:161} INFO - Started process (PID=2070) to work on /home/airflow/.local/lib/python3.8/site-packages/airflow/example_dags/example_kubernetes_executor.py
[2026-07-01T12:27:08.648+0000] {processor.py:830} INFO - Processing file /home/airflow/.local/lib/python3.8/site-packages/airflow/example_dags/example_kubernetes_executor.py for tasks to queue
[2026-07-01T12:27:08.655+0000] {logging_mixin.py:188} INFO - [2026-07-01T12:27:08.654+0000] {dagbag.py:538} INFO - Filling up the DagBag from /home/airflow/.local/lib/python3.8/site-packages/airflow/example_dags/example_kubernetes_executor.py
[2026-07-01T12:27:08.697+0000] {processor.py:840} INFO - DAG(s) 'example_kubernetes_executor' retrieved from /home/airflow/.local/lib/python3.8/site-packages/airflow/example_dags/example_kubernetes_executor.py
[2026-07-01T12:27:08.833+0000] {logging_mixin.py:188} INFO - [2026-07-01T12:27:08.833+0000] {dag.py:3036} INFO - Sync 1 DAGs
[2026-07-01T12:27:08.877+0000] {logging_mixin.py:188} INFO - [2026-07-01T12:27:08.876+0000] {dag.py:3823} INFO - Setting next_dagrun for example_kubernetes_executor to None, run_after=None
[2026-07-01T12:27:08.942+0000] {processor.py:183} INFO - Processing /home/airflow/.local/lib/python3.8/site-packages/airflow/example_dags/example_kubernetes_executor.py took 0.309 seconds
[2026-07-01T12:27:39.424+0000] {processor.py:161} INFO - Started process (PID=2126) to work on /home/airflow/.local/lib/python3.8/site-packages/airflow/example_dags/example_kubernetes_executor.py
[2026-07-01T12:27:39.427+0000] {processor.py:830} INFO - Processing file /home/airflow/.local/lib/python3.8/site-packages/airflow/example_dags/example_kubernetes_executor.py for tasks to queue
[2026-07-01T12:27:39.432+0000] {logging_mixin.py:188} INFO - [2026-07-01T12:27:39.432+0000] {dagbag.py:538} INFO - Filling up the DagBag from /home/airflow/.local/lib/python3.8/site-packages/airflow/example_dags/example_kubernetes_executor.py
[2026-07-01T12:27:39.469+0000] {processor.py:840} INFO - DAG(s) 'example_kubernetes_executor' retrieved from /home/airflow/.local/lib/python3.8/site-packages/airflow/example_dags/example_kubernetes_executor.py
[2026-07-01T12:27:39.561+0000] {logging_mixin.py:188} INFO - [2026-07-01T12:27:39.561+0000] {dag.py:3036} INFO - Sync 1 DAGs
[2026-07-01T12:27:39.596+0000] {logging_mixin.py:188} INFO - [2026-07-01T12:27:39.596+0000] {dag.py:3823} INFO - Setting next_dagrun for example_kubernetes_executor to None, run_after=None
[2026-07-01T12:27:39.653+0000] {processor.py:183} INFO - Processing /home/airflow/.local/lib/python3.8/site-packages/airflow/example_dags/example_kubernetes_executor.py took 0.238 seconds
[2026-07-01T12:28:09.867+0000] {processor.py:161} INFO - Started process (PID=2182) to work on /home/airflow/.local/lib/python3.8/site-packages/airflow/example_dags/example_kubernetes_executor.py
[2026-07-01T12:28:09.871+0000] {processor.py:830} INFO - Processing file /home/airflow/.local/lib/python3.8/site-packages/airflow/example_dags/example_kubernetes_executor.py for tasks to queue
[2026-07-01T12:28:09.877+0000] {logging_mixin.py:188} INFO - [2026-07-01T12:28:09.876+0000] {dagbag.py:538} INFO - Filling up the DagBag from /home/airflow/.local/lib/python3.8/site-packages/airflow/example_dags/example_kubernetes_executor.py
[2026-07-01T12:28:09.911+0000] {processor.py:840} INFO - DAG(s) 'example_kubernetes_executor' retrieved from /home/airflow/.local/lib/python3.8/site-packages/airflow/example_dags/example_kubernetes_executor.py
[2026-07-01T12:28:10.001+0000] {logging_mixin.py:188} INFO - [2026-07-01T12:28:10.000+0000] {dag.py:3036} INFO - Sync 1 DAGs
[2026-07-01T12:28:10.033+0000] {logging_mixin.py:188} INFO - [2026-07-01T12:28:10.032+0000] {dag.py:3823} INFO - Setting next_dagrun for example_kubernetes_executor to None, run_after=None
[2026-07-01T12:28:10.125+0000] {processor.py:183} INFO - Processing /home/airflow/.local/lib/python3.8/site-packages/airflow/example_dags/example_kubernetes_executor.py took 0.269 seconds
[2026-07-01T12:28:40.518+0000] {processor.py:161} INFO - Started process (PID=2239) to work on /home/airflow/.local/lib/python3.8/site-packages/airflow/example_dags/example_kubernetes_executor.py
[2026-07-01T12:28:40.522+0000] {processor.py:830} INFO - Processing file /home/airflow/.local/lib/python3.8/site-packages/airflow/example_dags/example_kubernetes_executor.py for tasks to queue
[2026-07-01T12:28:40.529+0000] {logging_mixin.py:188} INFO - [2026-07-01T12:28:40.528+0000] {dagbag.py:538} INFO - Filling up the DagBag from /home/airflow/.local/lib/python3.8/site-packages/airflow/example_dags/example_kubernetes_executor.py
[2026-07-01T12:28:40.569+0000] {processor.py:840} INFO - DAG(s) 'example_kubernetes_executor' retrieved from /home/airflow/.local/lib/python3.8/site-packages/airflow/example_dags/example_kubernetes_executor.py
[2026-07-01T12:28:40.663+0000] {logging_mixin.py:188} INFO - [2026-07-01T12:28:40.662+0000] {dag.py:3036} INFO - Sync 1 DAGs
[2026-07-01T12:28:40.697+0000] {logging_mixin.py:188} INFO - [2026-07-01T12:28:40.696+0000] {dag.py:3823} INFO - Setting next_dagrun for example_kubernetes_executor to None, run_after=None
[2026-07-01T12:28:40.751+0000] {processor.py:183} INFO - Processing /home/airflow/.local/lib/python3.8/site-packages/airflow/example_dags/example_kubernetes_executor.py took 0.242 seconds
[2026-07-01T12:29:10.957+0000] {processor.py:161} INFO - Started process (PID=2296) to work on /home/airflow/.local/lib/python3.8/site-packages/airflow/example_dags/example_kubernetes_executor.py
[2026-07-01T12:29:10.961+0000] {processor.py:830} INFO - Processing file /home/airflow/.local/lib/python3.8/site-packages/airflow/example_dags/example_kubernetes_executor.py for tasks to queue
[2026-07-01T12:29:10.970+0000] {logging_mixin.py:188} INFO - [2026-07-01T12:29:10.969+0000] {dagbag.py:538} INFO - Filling up the DagBag from /home/airflow/.local/lib/python3.8/site-packages/airflow/example_dags/example_kubernetes_executor.py
[2026-07-01T12:29:11.016+0000] {processor.py:840} INFO - DAG(s) 'example_kubernetes_executor' retrieved from /home/airflow/.local/lib/python3.8/site-packages/airflow/example_dags/example_kubernetes_executor.py
[2026-07-01T12:29:11.124+0000] {logging_mixin.py:188} INFO - [2026-07-01T12:29:11.123+0000] {dag.py:3036} INFO - Sync 1 DAGs
[2026-07-01T12:29:11.162+0000] {logging_mixin.py:188} INFO - [2026-07-01T12:29:11.161+0000] {dag.py:3823} INFO - Setting next_dagrun for example_kubernetes_executor to None, run_after=None
[2026-07-01T12:29:11.215+0000] {processor.py:183} INFO - Processing /home/airflow/.local/lib/python3.8/site-packages/airflow/example_dags/example_kubernetes_executor.py took 0.271 seconds
[2026-07-01T12:29:41.555+0000] {processor.py:161} INFO - Started process (PID=2352) to work on /home/airflow/.local/lib/python3.8/site-packages/airflow/example_dags/example_kubernetes_executor.py
[2026-07-01T12:29:41.558+0000] {processor.py:830} INFO - Processing file /home/airflow/.local/lib/python3.8/site-packages/airflow/example_dags/example_kubernetes_executor.py for tasks to queue
[2026-07-01T12:29:41.564+0000] {logging_mixin.py:188} INFO - [2026-07-01T12:29:41.564+0000] {dagbag.py:538} INFO - Filling up the DagBag from /home/airflow/.local/lib/python3.8/site-packages/airflow/example_dags/example_kubernetes_executor.py
[2026-07-01T12:29:41.602+0000] {processor.py:840} INFO - DAG(s) 'example_kubernetes_executor' retrieved from /home/airflow/.local/lib/python3.8/site-packages/airflow/example_dags/example_kubernetes_executor.py
[2026-07-01T12:29:41.690+0000] {logging_mixin.py:188} INFO - [2026-07-01T12:29:41.689+0000] {dag.py:3036} INFO - Sync 1 DAGs
[2026-07-01T12:29:41.721+0000] {logging_mixin.py:188} INFO - [2026-07-01T12:29:41.721+0000] {dag.py:3823} INFO - Setting next_dagrun for example_kubernetes_executor to None, run_after=None
[2026-07-01T12:29:42.032+0000] {processor.py:183} INFO - Processing /home/airflow/.local/lib/python3.8/site-packages/airflow/example_dags/example_kubernetes_executor.py took 0.485 seconds
