[2026-07-01T11:58:00.326+0000] {processor.py:161} INFO - Started process (PID=93) to work on /home/airflow/.local/lib/python3.8/site-packages/airflow/example_dags/example_task_group_decorator.py
[2026-07-01T11:58:00.439+0000] {processor.py:830} INFO - Processing file /home/airflow/.local/lib/python3.8/site-packages/airflow/example_dags/example_task_group_decorator.py for tasks to queue
[2026-07-01T11:58:00.447+0000] {logging_mixin.py:188} INFO - [2026-07-01T11:58:00.446+0000] {dagbag.py:538} INFO - Filling up the DagBag from /home/airflow/.local/lib/python3.8/site-packages/airflow/example_dags/example_task_group_decorator.py
[2026-07-01T11:58:00.822+0000] {processor.py:840} INFO - DAG(s) 'example_task_group_decorator' retrieved from /home/airflow/.local/lib/python3.8/site-packages/airflow/example_dags/example_task_group_decorator.py
[2026-07-01T11:58:04.457+0000] {logging_mixin.py:188} INFO - [2026-07-01T11:58:04.454+0000] {dag.py:3036} INFO - Sync 1 DAGs
[2026-07-01T11:58:05.020+0000] {logging_mixin.py:188} INFO - [2026-07-01T11:58:05.019+0000] {dag.py:3823} INFO - Setting next_dagrun for example_task_group_decorator to 2026-06-30 00:00:00+00:00, run_after=2026-07-01 00:00:00+00:00
[2026-07-01T11:58:05.193+0000] {processor.py:183} INFO - Processing /home/airflow/.local/lib/python3.8/site-packages/airflow/example_dags/example_task_group_decorator.py took 5.038 seconds
[2026-07-01T11:58:49.504+0000] {processor.py:161} INFO - Started process (PID=148) to work on /home/airflow/.local/lib/python3.8/site-packages/airflow/example_dags/example_task_group_decorator.py
[2026-07-01T11:58:49.508+0000] {processor.py:830} INFO - Processing file /home/airflow/.local/lib/python3.8/site-packages/airflow/example_dags/example_task_group_decorator.py for tasks to queue
[2026-07-01T11:58:49.514+0000] {logging_mixin.py:188} INFO - [2026-07-01T11:58:49.513+0000] {dagbag.py:538} INFO - Filling up the DagBag from /home/airflow/.local/lib/python3.8/site-packages/airflow/example_dags/example_task_group_decorator.py
[2026-07-01T11:58:49.574+0000] {processor.py:840} INFO - DAG(s) 'example_task_group_decorator' retrieved from /home/airflow/.local/lib/python3.8/site-packages/airflow/example_dags/example_task_group_decorator.py
[2026-07-01T11:58:49.659+0000] {logging_mixin.py:188} INFO - [2026-07-01T11:58:49.658+0000] {dag.py:3036} INFO - Sync 1 DAGs
[2026-07-01T11:58:49.737+0000] {logging_mixin.py:188} INFO - [2026-07-01T11:58:49.736+0000] {dag.py:3823} INFO - Setting next_dagrun for example_task_group_decorator to 2026-06-30 00:00:00+00:00, run_after=2026-07-01 00:00:00+00:00
[2026-07-01T11:58:49.797+0000] {processor.py:183} INFO - Processing /home/airflow/.local/lib/python3.8/site-packages/airflow/example_dags/example_task_group_decorator.py took 0.303 seconds
[2026-07-01T11:59:19.870+0000] {processor.py:161} INFO - Started process (PID=201) to work on /home/airflow/.local/lib/python3.8/site-packages/airflow/example_dags/example_task_group_decorator.py
[2026-07-01T11:59:19.873+0000] {processor.py:830} INFO - Processing file /home/airflow/.local/lib/python3.8/site-packages/airflow/example_dags/example_task_group_decorator.py for tasks to queue
[2026-07-01T11:59:19.882+0000] {logging_mixin.py:188} INFO - [2026-07-01T11:59:19.880+0000] {dagbag.py:538} INFO - Filling up the DagBag from /home/airflow/.local/lib/python3.8/site-packages/airflow/example_dags/example_task_group_decorator.py
[2026-07-01T11:59:19.924+0000] {processor.py:840} INFO - DAG(s) 'example_task_group_decorator' retrieved from /home/airflow/.local/lib/python3.8/site-packages/airflow/example_dags/example_task_group_decorator.py
[2026-07-01T11:59:19.987+0000] {logging_mixin.py:188} INFO - [2026-07-01T11:59:19.986+0000] {dag.py:3036} INFO - Sync 1 DAGs
[2026-07-01T11:59:20.040+0000] {logging_mixin.py:188} INFO - [2026-07-01T11:59:20.039+0000] {dag.py:3823} INFO - Setting next_dagrun for example_task_group_decorator to 2026-06-30 00:00:00+00:00, run_after=2026-07-01 00:00:00+00:00
[2026-07-01T11:59:20.090+0000] {processor.py:183} INFO - Processing /home/airflow/.local/lib/python3.8/site-packages/airflow/example_dags/example_task_group_decorator.py took 0.229 seconds
[2026-07-01T11:59:50.290+0000] {processor.py:161} INFO - Started process (PID=255) to work on /home/airflow/.local/lib/python3.8/site-packages/airflow/example_dags/example_task_group_decorator.py
[2026-07-01T11:59:50.294+0000] {processor.py:830} INFO - Processing file /home/airflow/.local/lib/python3.8/site-packages/airflow/example_dags/example_task_group_decorator.py for tasks to queue
[2026-07-01T11:59:50.301+0000] {logging_mixin.py:188} INFO - [2026-07-01T11:59:50.300+0000] {dagbag.py:538} INFO - Filling up the DagBag from /home/airflow/.local/lib/python3.8/site-packages/airflow/example_dags/example_task_group_decorator.py
[2026-07-01T11:59:50.344+0000] {processor.py:840} INFO - DAG(s) 'example_task_group_decorator' retrieved from /home/airflow/.local/lib/python3.8/site-packages/airflow/example_dags/example_task_group_decorator.py
[2026-07-01T11:59:50.381+0000] {logging_mixin.py:188} INFO - [2026-07-01T11:59:50.380+0000] {dag.py:3036} INFO - Sync 1 DAGs
[2026-07-01T11:59:50.454+0000] {logging_mixin.py:188} INFO - [2026-07-01T11:59:50.454+0000] {dag.py:3823} INFO - Setting next_dagrun for example_task_group_decorator to 2026-06-30 00:00:00+00:00, run_after=2026-07-01 00:00:00+00:00
[2026-07-01T11:59:50.515+0000] {processor.py:183} INFO - Processing /home/airflow/.local/lib/python3.8/site-packages/airflow/example_dags/example_task_group_decorator.py took 0.236 seconds
[2026-07-01T12:00:21.535+0000] {processor.py:161} INFO - Started process (PID=311) to work on /home/airflow/.local/lib/python3.8/site-packages/airflow/example_dags/example_task_group_decorator.py
[2026-07-01T12:00:21.539+0000] {processor.py:830} INFO - Processing file /home/airflow/.local/lib/python3.8/site-packages/airflow/example_dags/example_task_group_decorator.py for tasks to queue
[2026-07-01T12:00:21.547+0000] {logging_mixin.py:188} INFO - [2026-07-01T12:00:21.546+0000] {dagbag.py:538} INFO - Filling up the DagBag from /home/airflow/.local/lib/python3.8/site-packages/airflow/example_dags/example_task_group_decorator.py
[2026-07-01T12:00:21.597+0000] {processor.py:840} INFO - DAG(s) 'example_task_group_decorator' retrieved from /home/airflow/.local/lib/python3.8/site-packages/airflow/example_dags/example_task_group_decorator.py
[2026-07-01T12:00:22.057+0000] {logging_mixin.py:188} INFO - [2026-07-01T12:00:22.056+0000] {dag.py:3036} INFO - Sync 1 DAGs
[2026-07-01T12:00:22.154+0000] {logging_mixin.py:188} INFO - [2026-07-01T12:00:22.153+0000] {dag.py:3823} INFO - Setting next_dagrun for example_task_group_decorator to 2026-06-30 00:00:00+00:00, run_after=2026-07-01 00:00:00+00:00
[2026-07-01T12:00:22.476+0000] {processor.py:183} INFO - Processing /home/airflow/.local/lib/python3.8/site-packages/airflow/example_dags/example_task_group_decorator.py took 0.954 seconds
[2026-07-01T12:00:52.806+0000] {processor.py:161} INFO - Started process (PID=366) to work on /home/airflow/.local/lib/python3.8/site-packages/airflow/example_dags/example_task_group_decorator.py
[2026-07-01T12:00:52.815+0000] {processor.py:830} INFO - Processing file /home/airflow/.local/lib/python3.8/site-packages/airflow/example_dags/example_task_group_decorator.py for tasks to queue
[2026-07-01T12:00:52.835+0000] {logging_mixin.py:188} INFO - [2026-07-01T12:00:52.834+0000] {dagbag.py:538} INFO - Filling up the DagBag from /home/airflow/.local/lib/python3.8/site-packages/airflow/example_dags/example_task_group_decorator.py
[2026-07-01T12:00:53.030+0000] {processor.py:840} INFO - DAG(s) 'example_task_group_decorator' retrieved from /home/airflow/.local/lib/python3.8/site-packages/airflow/example_dags/example_task_group_decorator.py
[2026-07-01T12:00:53.222+0000] {logging_mixin.py:188} INFO - [2026-07-01T12:00:53.221+0000] {dag.py:3036} INFO - Sync 1 DAGs
[2026-07-01T12:00:53.341+0000] {logging_mixin.py:188} INFO - [2026-07-01T12:00:53.340+0000] {dag.py:3823} INFO - Setting next_dagrun for example_task_group_decorator to 2026-06-30 00:00:00+00:00, run_after=2026-07-01 00:00:00+00:00
[2026-07-01T12:00:53.482+0000] {processor.py:183} INFO - Processing /home/airflow/.local/lib/python3.8/site-packages/airflow/example_dags/example_task_group_decorator.py took 0.708 seconds
[2026-07-01T12:01:23.954+0000] {processor.py:161} INFO - Started process (PID=420) to work on /home/airflow/.local/lib/python3.8/site-packages/airflow/example_dags/example_task_group_decorator.py
[2026-07-01T12:01:23.957+0000] {processor.py:830} INFO - Processing file /home/airflow/.local/lib/python3.8/site-packages/airflow/example_dags/example_task_group_decorator.py for tasks to queue
[2026-07-01T12:01:23.963+0000] {logging_mixin.py:188} INFO - [2026-07-01T12:01:23.963+0000] {dagbag.py:538} INFO - Filling up the DagBag from /home/airflow/.local/lib/python3.8/site-packages/airflow/example_dags/example_task_group_decorator.py
[2026-07-01T12:01:24.028+0000] {processor.py:840} INFO - DAG(s) 'example_task_group_decorator' retrieved from /home/airflow/.local/lib/python3.8/site-packages/airflow/example_dags/example_task_group_decorator.py
[2026-07-01T12:01:24.119+0000] {logging_mixin.py:188} INFO - [2026-07-01T12:01:24.118+0000] {dag.py:3036} INFO - Sync 1 DAGs
[2026-07-01T12:01:24.190+0000] {logging_mixin.py:188} INFO - [2026-07-01T12:01:24.189+0000] {dag.py:3823} INFO - Setting next_dagrun for example_task_group_decorator to 2026-06-30 00:00:00+00:00, run_after=2026-07-01 00:00:00+00:00
[2026-07-01T12:01:24.460+0000] {processor.py:183} INFO - Processing /home/airflow/.local/lib/python3.8/site-packages/airflow/example_dags/example_task_group_decorator.py took 0.515 seconds
[2026-07-01T12:01:54.738+0000] {processor.py:161} INFO - Started process (PID=475) to work on /home/airflow/.local/lib/python3.8/site-packages/airflow/example_dags/example_task_group_decorator.py
[2026-07-01T12:01:54.744+0000] {processor.py:830} INFO - Processing file /home/airflow/.local/lib/python3.8/site-packages/airflow/example_dags/example_task_group_decorator.py for tasks to queue
[2026-07-01T12:01:54.751+0000] {logging_mixin.py:188} INFO - [2026-07-01T12:01:54.750+0000] {dagbag.py:538} INFO - Filling up the DagBag from /home/airflow/.local/lib/python3.8/site-packages/airflow/example_dags/example_task_group_decorator.py
[2026-07-01T12:01:54.806+0000] {processor.py:840} INFO - DAG(s) 'example_task_group_decorator' retrieved from /home/airflow/.local/lib/python3.8/site-packages/airflow/example_dags/example_task_group_decorator.py
[2026-07-01T12:01:54.879+0000] {logging_mixin.py:188} INFO - [2026-07-01T12:01:54.879+0000] {dag.py:3036} INFO - Sync 1 DAGs
[2026-07-01T12:01:54.938+0000] {logging_mixin.py:188} INFO - [2026-07-01T12:01:54.937+0000] {dag.py:3823} INFO - Setting next_dagrun for example_task_group_decorator to 2026-06-30 00:00:00+00:00, run_after=2026-07-01 00:00:00+00:00
[2026-07-01T12:01:54.986+0000] {processor.py:183} INFO - Processing /home/airflow/.local/lib/python3.8/site-packages/airflow/example_dags/example_task_group_decorator.py took 0.266 seconds
[2026-07-01T12:02:25.638+0000] {processor.py:161} INFO - Started process (PID=531) to work on /home/airflow/.local/lib/python3.8/site-packages/airflow/example_dags/example_task_group_decorator.py
[2026-07-01T12:02:25.644+0000] {processor.py:830} INFO - Processing file /home/airflow/.local/lib/python3.8/site-packages/airflow/example_dags/example_task_group_decorator.py for tasks to queue
[2026-07-01T12:02:25.655+0000] {logging_mixin.py:188} INFO - [2026-07-01T12:02:25.653+0000] {dagbag.py:538} INFO - Filling up the DagBag from /home/airflow/.local/lib/python3.8/site-packages/airflow/example_dags/example_task_group_decorator.py
[2026-07-01T12:02:25.722+0000] {processor.py:840} INFO - DAG(s) 'example_task_group_decorator' retrieved from /home/airflow/.local/lib/python3.8/site-packages/airflow/example_dags/example_task_group_decorator.py
[2026-07-01T12:02:25.802+0000] {logging_mixin.py:188} INFO - [2026-07-01T12:02:25.802+0000] {dag.py:3036} INFO - Sync 1 DAGs
[2026-07-01T12:02:25.864+0000] {logging_mixin.py:188} INFO - [2026-07-01T12:02:25.863+0000] {dag.py:3823} INFO - Setting next_dagrun for example_task_group_decorator to 2026-06-30 00:00:00+00:00, run_after=2026-07-01 00:00:00+00:00
[2026-07-01T12:02:25.913+0000] {processor.py:183} INFO - Processing /home/airflow/.local/lib/python3.8/site-packages/airflow/example_dags/example_task_group_decorator.py took 0.292 seconds
[2026-07-01T12:02:56.146+0000] {processor.py:161} INFO - Started process (PID=587) to work on /home/airflow/.local/lib/python3.8/site-packages/airflow/example_dags/example_task_group_decorator.py
[2026-07-01T12:02:56.151+0000] {processor.py:830} INFO - Processing file /home/airflow/.local/lib/python3.8/site-packages/airflow/example_dags/example_task_group_decorator.py for tasks to queue
[2026-07-01T12:02:56.159+0000] {logging_mixin.py:188} INFO - [2026-07-01T12:02:56.158+0000] {dagbag.py:538} INFO - Filling up the DagBag from /home/airflow/.local/lib/python3.8/site-packages/airflow/example_dags/example_task_group_decorator.py
[2026-07-01T12:02:56.205+0000] {processor.py:840} INFO - DAG(s) 'example_task_group_decorator' retrieved from /home/airflow/.local/lib/python3.8/site-packages/airflow/example_dags/example_task_group_decorator.py
[2026-07-01T12:02:56.280+0000] {logging_mixin.py:188} INFO - [2026-07-01T12:02:56.279+0000] {dag.py:3036} INFO - Sync 1 DAGs
[2026-07-01T12:02:56.341+0000] {logging_mixin.py:188} INFO - [2026-07-01T12:02:56.341+0000] {dag.py:3823} INFO - Setting next_dagrun for example_task_group_decorator to 2026-06-30 00:00:00+00:00, run_after=2026-07-01 00:00:00+00:00
[2026-07-01T12:02:56.394+0000] {processor.py:183} INFO - Processing /home/airflow/.local/lib/python3.8/site-packages/airflow/example_dags/example_task_group_decorator.py took 0.261 seconds
[2026-07-01T12:03:27.054+0000] {processor.py:161} INFO - Started process (PID=642) to work on /home/airflow/.local/lib/python3.8/site-packages/airflow/example_dags/example_task_group_decorator.py
[2026-07-01T12:03:27.058+0000] {processor.py:830} INFO - Processing file /home/airflow/.local/lib/python3.8/site-packages/airflow/example_dags/example_task_group_decorator.py for tasks to queue
[2026-07-01T12:03:27.063+0000] {logging_mixin.py:188} INFO - [2026-07-01T12:03:27.063+0000] {dagbag.py:538} INFO - Filling up the DagBag from /home/airflow/.local/lib/python3.8/site-packages/airflow/example_dags/example_task_group_decorator.py
[2026-07-01T12:03:27.108+0000] {processor.py:840} INFO - DAG(s) 'example_task_group_decorator' retrieved from /home/airflow/.local/lib/python3.8/site-packages/airflow/example_dags/example_task_group_decorator.py
[2026-07-01T12:03:27.178+0000] {logging_mixin.py:188} INFO - [2026-07-01T12:03:27.178+0000] {dag.py:3036} INFO - Sync 1 DAGs
[2026-07-01T12:03:27.243+0000] {logging_mixin.py:188} INFO - [2026-07-01T12:03:27.242+0000] {dag.py:3823} INFO - Setting next_dagrun for example_task_group_decorator to 2026-06-30 00:00:00+00:00, run_after=2026-07-01 00:00:00+00:00
[2026-07-01T12:03:27.301+0000] {processor.py:183} INFO - Processing /home/airflow/.local/lib/python3.8/site-packages/airflow/example_dags/example_task_group_decorator.py took 0.255 seconds
[2026-07-01T12:03:57.827+0000] {processor.py:161} INFO - Started process (PID=698) to work on /home/airflow/.local/lib/python3.8/site-packages/airflow/example_dags/example_task_group_decorator.py
[2026-07-01T12:03:57.830+0000] {processor.py:830} INFO - Processing file /home/airflow/.local/lib/python3.8/site-packages/airflow/example_dags/example_task_group_decorator.py for tasks to queue
[2026-07-01T12:03:57.835+0000] {logging_mixin.py:188} INFO - [2026-07-01T12:03:57.834+0000] {dagbag.py:538} INFO - Filling up the DagBag from /home/airflow/.local/lib/python3.8/site-packages/airflow/example_dags/example_task_group_decorator.py
[2026-07-01T12:03:57.870+0000] {processor.py:840} INFO - DAG(s) 'example_task_group_decorator' retrieved from /home/airflow/.local/lib/python3.8/site-packages/airflow/example_dags/example_task_group_decorator.py
[2026-07-01T12:03:57.926+0000] {logging_mixin.py:188} INFO - [2026-07-01T12:03:57.925+0000] {dag.py:3036} INFO - Sync 1 DAGs
[2026-07-01T12:03:57.977+0000] {logging_mixin.py:188} INFO - [2026-07-01T12:03:57.977+0000] {dag.py:3823} INFO - Setting next_dagrun for example_task_group_decorator to 2026-06-30 00:00:00+00:00, run_after=2026-07-01 00:00:00+00:00
[2026-07-01T12:03:58.018+0000] {processor.py:183} INFO - Processing /home/airflow/.local/lib/python3.8/site-packages/airflow/example_dags/example_task_group_decorator.py took 0.200 seconds
[2026-07-01T12:04:28.209+0000] {processor.py:161} INFO - Started process (PID=753) to work on /home/airflow/.local/lib/python3.8/site-packages/airflow/example_dags/example_task_group_decorator.py
[2026-07-01T12:04:28.213+0000] {processor.py:830} INFO - Processing file /home/airflow/.local/lib/python3.8/site-packages/airflow/example_dags/example_task_group_decorator.py for tasks to queue
[2026-07-01T12:04:28.218+0000] {logging_mixin.py:188} INFO - [2026-07-01T12:04:28.217+0000] {dagbag.py:538} INFO - Filling up the DagBag from /home/airflow/.local/lib/python3.8/site-packages/airflow/example_dags/example_task_group_decorator.py
[2026-07-01T12:04:28.251+0000] {processor.py:840} INFO - DAG(s) 'example_task_group_decorator' retrieved from /home/airflow/.local/lib/python3.8/site-packages/airflow/example_dags/example_task_group_decorator.py
[2026-07-01T12:04:28.307+0000] {logging_mixin.py:188} INFO - [2026-07-01T12:04:28.307+0000] {dag.py:3036} INFO - Sync 1 DAGs
[2026-07-01T12:04:28.360+0000] {logging_mixin.py:188} INFO - [2026-07-01T12:04:28.359+0000] {dag.py:3823} INFO - Setting next_dagrun for example_task_group_decorator to 2026-06-30 00:00:00+00:00, run_after=2026-07-01 00:00:00+00:00
[2026-07-01T12:04:28.404+0000] {processor.py:183} INFO - Processing /home/airflow/.local/lib/python3.8/site-packages/airflow/example_dags/example_task_group_decorator.py took 0.202 seconds
[2026-07-01T12:04:58.849+0000] {processor.py:161} INFO - Started process (PID=808) to work on /home/airflow/.local/lib/python3.8/site-packages/airflow/example_dags/example_task_group_decorator.py
[2026-07-01T12:04:58.853+0000] {processor.py:830} INFO - Processing file /home/airflow/.local/lib/python3.8/site-packages/airflow/example_dags/example_task_group_decorator.py for tasks to queue
[2026-07-01T12:04:58.859+0000] {logging_mixin.py:188} INFO - [2026-07-01T12:04:58.858+0000] {dagbag.py:538} INFO - Filling up the DagBag from /home/airflow/.local/lib/python3.8/site-packages/airflow/example_dags/example_task_group_decorator.py
[2026-07-01T12:04:58.895+0000] {processor.py:840} INFO - DAG(s) 'example_task_group_decorator' retrieved from /home/airflow/.local/lib/python3.8/site-packages/airflow/example_dags/example_task_group_decorator.py
[2026-07-01T12:04:58.954+0000] {logging_mixin.py:188} INFO - [2026-07-01T12:04:58.954+0000] {dag.py:3036} INFO - Sync 1 DAGs
[2026-07-01T12:04:59.004+0000] {logging_mixin.py:188} INFO - [2026-07-01T12:04:59.004+0000] {dag.py:3823} INFO - Setting next_dagrun for example_task_group_decorator to 2026-06-30 00:00:00+00:00, run_after=2026-07-01 00:00:00+00:00
[2026-07-01T12:04:59.043+0000] {processor.py:183} INFO - Processing /home/airflow/.local/lib/python3.8/site-packages/airflow/example_dags/example_task_group_decorator.py took 0.205 seconds
[2026-07-01T12:05:29.298+0000] {processor.py:161} INFO - Started process (PID=863) to work on /home/airflow/.local/lib/python3.8/site-packages/airflow/example_dags/example_task_group_decorator.py
[2026-07-01T12:05:29.301+0000] {processor.py:830} INFO - Processing file /home/airflow/.local/lib/python3.8/site-packages/airflow/example_dags/example_task_group_decorator.py for tasks to queue
[2026-07-01T12:05:29.306+0000] {logging_mixin.py:188} INFO - [2026-07-01T12:05:29.306+0000] {dagbag.py:538} INFO - Filling up the DagBag from /home/airflow/.local/lib/python3.8/site-packages/airflow/example_dags/example_task_group_decorator.py
[2026-07-01T12:05:29.335+0000] {processor.py:840} INFO - DAG(s) 'example_task_group_decorator' retrieved from /home/airflow/.local/lib/python3.8/site-packages/airflow/example_dags/example_task_group_decorator.py
[2026-07-01T12:05:29.394+0000] {logging_mixin.py:188} INFO - [2026-07-01T12:05:29.393+0000] {dag.py:3036} INFO - Sync 1 DAGs
[2026-07-01T12:05:29.444+0000] {logging_mixin.py:188} INFO - [2026-07-01T12:05:29.443+0000] {dag.py:3823} INFO - Setting next_dagrun for example_task_group_decorator to 2026-06-30 00:00:00+00:00, run_after=2026-07-01 00:00:00+00:00
[2026-07-01T12:05:29.484+0000] {processor.py:183} INFO - Processing /home/airflow/.local/lib/python3.8/site-packages/airflow/example_dags/example_task_group_decorator.py took 0.194 seconds
[2026-07-01T12:05:59.915+0000] {processor.py:161} INFO - Started process (PID=918) to work on /home/airflow/.local/lib/python3.8/site-packages/airflow/example_dags/example_task_group_decorator.py
[2026-07-01T12:05:59.922+0000] {processor.py:830} INFO - Processing file /home/airflow/.local/lib/python3.8/site-packages/airflow/example_dags/example_task_group_decorator.py for tasks to queue
[2026-07-01T12:05:59.929+0000] {logging_mixin.py:188} INFO - [2026-07-01T12:05:59.929+0000] {dagbag.py:538} INFO - Filling up the DagBag from /home/airflow/.local/lib/python3.8/site-packages/airflow/example_dags/example_task_group_decorator.py
[2026-07-01T12:05:59.980+0000] {processor.py:840} INFO - DAG(s) 'example_task_group_decorator' retrieved from /home/airflow/.local/lib/python3.8/site-packages/airflow/example_dags/example_task_group_decorator.py
[2026-07-01T12:06:00.058+0000] {logging_mixin.py:188} INFO - [2026-07-01T12:06:00.057+0000] {dag.py:3036} INFO - Sync 1 DAGs
[2026-07-01T12:06:00.124+0000] {logging_mixin.py:188} INFO - [2026-07-01T12:06:00.124+0000] {dag.py:3823} INFO - Setting next_dagrun for example_task_group_decorator to 2026-06-30 00:00:00+00:00, run_after=2026-07-01 00:00:00+00:00
[2026-07-01T12:06:00.170+0000] {processor.py:183} INFO - Processing /home/airflow/.local/lib/python3.8/site-packages/airflow/example_dags/example_task_group_decorator.py took 0.266 seconds
[2026-07-01T12:06:30.789+0000] {processor.py:161} INFO - Started process (PID=973) to work on /home/airflow/.local/lib/python3.8/site-packages/airflow/example_dags/example_task_group_decorator.py
[2026-07-01T12:06:30.792+0000] {processor.py:830} INFO - Processing file /home/airflow/.local/lib/python3.8/site-packages/airflow/example_dags/example_task_group_decorator.py for tasks to queue
[2026-07-01T12:06:30.798+0000] {logging_mixin.py:188} INFO - [2026-07-01T12:06:30.798+0000] {dagbag.py:538} INFO - Filling up the DagBag from /home/airflow/.local/lib/python3.8/site-packages/airflow/example_dags/example_task_group_decorator.py
[2026-07-01T12:06:30.834+0000] {processor.py:840} INFO - DAG(s) 'example_task_group_decorator' retrieved from /home/airflow/.local/lib/python3.8/site-packages/airflow/example_dags/example_task_group_decorator.py
[2026-07-01T12:06:30.900+0000] {logging_mixin.py:188} INFO - [2026-07-01T12:06:30.899+0000] {dag.py:3036} INFO - Sync 1 DAGs
[2026-07-01T12:06:30.960+0000] {logging_mixin.py:188} INFO - [2026-07-01T12:06:30.959+0000] {dag.py:3823} INFO - Setting next_dagrun for example_task_group_decorator to 2026-06-30 00:00:00+00:00, run_after=2026-07-01 00:00:00+00:00
[2026-07-01T12:06:31.009+0000] {processor.py:183} INFO - Processing /home/airflow/.local/lib/python3.8/site-packages/airflow/example_dags/example_task_group_decorator.py took 0.229 seconds
[2026-07-01T12:07:01.312+0000] {processor.py:161} INFO - Started process (PID=1028) to work on /home/airflow/.local/lib/python3.8/site-packages/airflow/example_dags/example_task_group_decorator.py
[2026-07-01T12:07:01.316+0000] {processor.py:830} INFO - Processing file /home/airflow/.local/lib/python3.8/site-packages/airflow/example_dags/example_task_group_decorator.py for tasks to queue
[2026-07-01T12:07:01.322+0000] {logging_mixin.py:188} INFO - [2026-07-01T12:07:01.321+0000] {dagbag.py:538} INFO - Filling up the DagBag from /home/airflow/.local/lib/python3.8/site-packages/airflow/example_dags/example_task_group_decorator.py
[2026-07-01T12:07:01.361+0000] {processor.py:840} INFO - DAG(s) 'example_task_group_decorator' retrieved from /home/airflow/.local/lib/python3.8/site-packages/airflow/example_dags/example_task_group_decorator.py
[2026-07-01T12:07:01.423+0000] {logging_mixin.py:188} INFO - [2026-07-01T12:07:01.423+0000] {dag.py:3036} INFO - Sync 1 DAGs
[2026-07-01T12:07:01.478+0000] {logging_mixin.py:188} INFO - [2026-07-01T12:07:01.478+0000] {dag.py:3823} INFO - Setting next_dagrun for example_task_group_decorator to 2026-06-30 00:00:00+00:00, run_after=2026-07-01 00:00:00+00:00
[2026-07-01T12:07:01.528+0000] {processor.py:183} INFO - Processing /home/airflow/.local/lib/python3.8/site-packages/airflow/example_dags/example_task_group_decorator.py took 0.224 seconds
[2026-07-01T12:07:31.701+0000] {processor.py:161} INFO - Started process (PID=1083) to work on /home/airflow/.local/lib/python3.8/site-packages/airflow/example_dags/example_task_group_decorator.py
[2026-07-01T12:07:31.704+0000] {processor.py:830} INFO - Processing file /home/airflow/.local/lib/python3.8/site-packages/airflow/example_dags/example_task_group_decorator.py for tasks to queue
[2026-07-01T12:07:31.710+0000] {logging_mixin.py:188} INFO - [2026-07-01T12:07:31.709+0000] {dagbag.py:538} INFO - Filling up the DagBag from /home/airflow/.local/lib/python3.8/site-packages/airflow/example_dags/example_task_group_decorator.py
[2026-07-01T12:07:31.747+0000] {processor.py:840} INFO - DAG(s) 'example_task_group_decorator' retrieved from /home/airflow/.local/lib/python3.8/site-packages/airflow/example_dags/example_task_group_decorator.py
[2026-07-01T12:07:31.818+0000] {logging_mixin.py:188} INFO - [2026-07-01T12:07:31.817+0000] {dag.py:3036} INFO - Sync 1 DAGs
[2026-07-01T12:07:31.876+0000] {logging_mixin.py:188} INFO - [2026-07-01T12:07:31.875+0000] {dag.py:3823} INFO - Setting next_dagrun for example_task_group_decorator to 2026-06-30 00:00:00+00:00, run_after=2026-07-01 00:00:00+00:00
[2026-07-01T12:07:31.928+0000] {processor.py:183} INFO - Processing /home/airflow/.local/lib/python3.8/site-packages/airflow/example_dags/example_task_group_decorator.py took 0.237 seconds
[2026-07-01T12:08:02.566+0000] {processor.py:161} INFO - Started process (PID=1139) to work on /home/airflow/.local/lib/python3.8/site-packages/airflow/example_dags/example_task_group_decorator.py
[2026-07-01T12:08:02.570+0000] {processor.py:830} INFO - Processing file /home/airflow/.local/lib/python3.8/site-packages/airflow/example_dags/example_task_group_decorator.py for tasks to queue
[2026-07-01T12:08:02.579+0000] {logging_mixin.py:188} INFO - [2026-07-01T12:08:02.576+0000] {dagbag.py:538} INFO - Filling up the DagBag from /home/airflow/.local/lib/python3.8/site-packages/airflow/example_dags/example_task_group_decorator.py
[2026-07-01T12:08:02.669+0000] {processor.py:840} INFO - DAG(s) 'example_task_group_decorator' retrieved from /home/airflow/.local/lib/python3.8/site-packages/airflow/example_dags/example_task_group_decorator.py
[2026-07-01T12:08:02.798+0000] {logging_mixin.py:188} INFO - [2026-07-01T12:08:02.797+0000] {dag.py:3036} INFO - Sync 1 DAGs
[2026-07-01T12:08:02.871+0000] {logging_mixin.py:188} INFO - [2026-07-01T12:08:02.870+0000] {dag.py:3823} INFO - Setting next_dagrun for example_task_group_decorator to 2026-06-30 00:00:00+00:00, run_after=2026-07-01 00:00:00+00:00
[2026-07-01T12:08:02.932+0000] {processor.py:183} INFO - Processing /home/airflow/.local/lib/python3.8/site-packages/airflow/example_dags/example_task_group_decorator.py took 0.380 seconds
[2026-07-01T12:09:00.632+0000] {processor.py:161} INFO - Started process (PID=80) to work on /home/airflow/.local/lib/python3.8/site-packages/airflow/example_dags/example_task_group_decorator.py
[2026-07-01T12:09:00.636+0000] {processor.py:830} INFO - Processing file /home/airflow/.local/lib/python3.8/site-packages/airflow/example_dags/example_task_group_decorator.py for tasks to queue
[2026-07-01T12:09:00.643+0000] {logging_mixin.py:188} INFO - [2026-07-01T12:09:00.642+0000] {dagbag.py:538} INFO - Filling up the DagBag from /home/airflow/.local/lib/python3.8/site-packages/airflow/example_dags/example_task_group_decorator.py
[2026-07-01T12:09:00.691+0000] {processor.py:840} INFO - DAG(s) 'example_task_group_decorator' retrieved from /home/airflow/.local/lib/python3.8/site-packages/airflow/example_dags/example_task_group_decorator.py
[2026-07-01T12:09:00.779+0000] {logging_mixin.py:188} INFO - [2026-07-01T12:09:00.779+0000] {dag.py:3036} INFO - Sync 1 DAGs
[2026-07-01T12:09:00.838+0000] {logging_mixin.py:188} INFO - [2026-07-01T12:09:00.837+0000] {dag.py:3823} INFO - Setting next_dagrun for example_task_group_decorator to 2026-06-30 00:00:00+00:00, run_after=2026-07-01 00:00:00+00:00
[2026-07-01T12:09:00.883+0000] {processor.py:183} INFO - Processing /home/airflow/.local/lib/python3.8/site-packages/airflow/example_dags/example_task_group_decorator.py took 0.262 seconds
[2026-07-01T12:09:31.447+0000] {processor.py:161} INFO - Started process (PID=142) to work on /home/airflow/.local/lib/python3.8/site-packages/airflow/example_dags/example_task_group_decorator.py
[2026-07-01T12:09:31.451+0000] {processor.py:830} INFO - Processing file /home/airflow/.local/lib/python3.8/site-packages/airflow/example_dags/example_task_group_decorator.py for tasks to queue
[2026-07-01T12:09:31.458+0000] {logging_mixin.py:188} INFO - [2026-07-01T12:09:31.457+0000] {dagbag.py:538} INFO - Filling up the DagBag from /home/airflow/.local/lib/python3.8/site-packages/airflow/example_dags/example_task_group_decorator.py
[2026-07-01T12:09:31.500+0000] {processor.py:840} INFO - DAG(s) 'example_task_group_decorator' retrieved from /home/airflow/.local/lib/python3.8/site-packages/airflow/example_dags/example_task_group_decorator.py
[2026-07-01T12:09:31.570+0000] {logging_mixin.py:188} INFO - [2026-07-01T12:09:31.569+0000] {dag.py:3036} INFO - Sync 1 DAGs
[2026-07-01T12:09:31.631+0000] {logging_mixin.py:188} INFO - [2026-07-01T12:09:31.630+0000] {dag.py:3823} INFO - Setting next_dagrun for example_task_group_decorator to 2026-06-30 00:00:00+00:00, run_after=2026-07-01 00:00:00+00:00
[2026-07-01T12:09:31.686+0000] {processor.py:183} INFO - Processing /home/airflow/.local/lib/python3.8/site-packages/airflow/example_dags/example_task_group_decorator.py took 0.252 seconds
[2026-07-01T12:10:02.142+0000] {processor.py:161} INFO - Started process (PID=199) to work on /home/airflow/.local/lib/python3.8/site-packages/airflow/example_dags/example_task_group_decorator.py
[2026-07-01T12:10:02.146+0000] {processor.py:830} INFO - Processing file /home/airflow/.local/lib/python3.8/site-packages/airflow/example_dags/example_task_group_decorator.py for tasks to queue
[2026-07-01T12:10:02.152+0000] {logging_mixin.py:188} INFO - [2026-07-01T12:10:02.151+0000] {dagbag.py:538} INFO - Filling up the DagBag from /home/airflow/.local/lib/python3.8/site-packages/airflow/example_dags/example_task_group_decorator.py
[2026-07-01T12:10:02.193+0000] {processor.py:840} INFO - DAG(s) 'example_task_group_decorator' retrieved from /home/airflow/.local/lib/python3.8/site-packages/airflow/example_dags/example_task_group_decorator.py
[2026-07-01T12:10:02.268+0000] {logging_mixin.py:188} INFO - [2026-07-01T12:10:02.268+0000] {dag.py:3036} INFO - Sync 1 DAGs
[2026-07-01T12:10:02.345+0000] {logging_mixin.py:188} INFO - [2026-07-01T12:10:02.345+0000] {dag.py:3823} INFO - Setting next_dagrun for example_task_group_decorator to 2026-06-30 00:00:00+00:00, run_after=2026-07-01 00:00:00+00:00
[2026-07-01T12:10:02.396+0000] {processor.py:183} INFO - Processing /home/airflow/.local/lib/python3.8/site-packages/airflow/example_dags/example_task_group_decorator.py took 0.262 seconds
[2026-07-01T12:10:32.683+0000] {processor.py:161} INFO - Started process (PID=255) to work on /home/airflow/.local/lib/python3.8/site-packages/airflow/example_dags/example_task_group_decorator.py
[2026-07-01T12:10:32.685+0000] {processor.py:830} INFO - Processing file /home/airflow/.local/lib/python3.8/site-packages/airflow/example_dags/example_task_group_decorator.py for tasks to queue
[2026-07-01T12:10:32.691+0000] {logging_mixin.py:188} INFO - [2026-07-01T12:10:32.690+0000] {dagbag.py:538} INFO - Filling up the DagBag from /home/airflow/.local/lib/python3.8/site-packages/airflow/example_dags/example_task_group_decorator.py
[2026-07-01T12:10:32.727+0000] {processor.py:840} INFO - DAG(s) 'example_task_group_decorator' retrieved from /home/airflow/.local/lib/python3.8/site-packages/airflow/example_dags/example_task_group_decorator.py
[2026-07-01T12:10:32.787+0000] {logging_mixin.py:188} INFO - [2026-07-01T12:10:32.787+0000] {dag.py:3036} INFO - Sync 1 DAGs
[2026-07-01T12:10:32.845+0000] {logging_mixin.py:188} INFO - [2026-07-01T12:10:32.844+0000] {dag.py:3823} INFO - Setting next_dagrun for example_task_group_decorator to 2026-06-30 00:00:00+00:00, run_after=2026-07-01 00:00:00+00:00
[2026-07-01T12:10:32.893+0000] {processor.py:183} INFO - Processing /home/airflow/.local/lib/python3.8/site-packages/airflow/example_dags/example_task_group_decorator.py took 0.218 seconds
[2026-07-01T12:11:03.612+0000] {processor.py:161} INFO - Started process (PID=316) to work on /home/airflow/.local/lib/python3.8/site-packages/airflow/example_dags/example_task_group_decorator.py
[2026-07-01T12:11:03.618+0000] {processor.py:830} INFO - Processing file /home/airflow/.local/lib/python3.8/site-packages/airflow/example_dags/example_task_group_decorator.py for tasks to queue
[2026-07-01T12:11:03.632+0000] {logging_mixin.py:188} INFO - [2026-07-01T12:11:03.631+0000] {dagbag.py:538} INFO - Filling up the DagBag from /home/airflow/.local/lib/python3.8/site-packages/airflow/example_dags/example_task_group_decorator.py
[2026-07-01T12:11:03.711+0000] {processor.py:840} INFO - DAG(s) 'example_task_group_decorator' retrieved from /home/airflow/.local/lib/python3.8/site-packages/airflow/example_dags/example_task_group_decorator.py
[2026-07-01T12:11:03.793+0000] {logging_mixin.py:188} INFO - [2026-07-01T12:11:03.792+0000] {dag.py:3036} INFO - Sync 1 DAGs
[2026-07-01T12:11:03.869+0000] {logging_mixin.py:188} INFO - [2026-07-01T12:11:03.868+0000] {dag.py:3823} INFO - Setting next_dagrun for example_task_group_decorator to 2026-06-30 00:00:00+00:00, run_after=2026-07-01 00:00:00+00:00
[2026-07-01T12:11:03.932+0000] {processor.py:183} INFO - Processing /home/airflow/.local/lib/python3.8/site-packages/airflow/example_dags/example_task_group_decorator.py took 0.339 seconds
[2026-07-01T12:11:34.908+0000] {processor.py:161} INFO - Started process (PID=372) to work on /home/airflow/.local/lib/python3.8/site-packages/airflow/example_dags/example_task_group_decorator.py
[2026-07-01T12:11:34.911+0000] {processor.py:830} INFO - Processing file /home/airflow/.local/lib/python3.8/site-packages/airflow/example_dags/example_task_group_decorator.py for tasks to queue
[2026-07-01T12:11:34.917+0000] {logging_mixin.py:188} INFO - [2026-07-01T12:11:34.916+0000] {dagbag.py:538} INFO - Filling up the DagBag from /home/airflow/.local/lib/python3.8/site-packages/airflow/example_dags/example_task_group_decorator.py
[2026-07-01T12:11:34.953+0000] {processor.py:840} INFO - DAG(s) 'example_task_group_decorator' retrieved from /home/airflow/.local/lib/python3.8/site-packages/airflow/example_dags/example_task_group_decorator.py
[2026-07-01T12:11:35.016+0000] {logging_mixin.py:188} INFO - [2026-07-01T12:11:35.016+0000] {dag.py:3036} INFO - Sync 1 DAGs
[2026-07-01T12:11:35.070+0000] {logging_mixin.py:188} INFO - [2026-07-01T12:11:35.069+0000] {dag.py:3823} INFO - Setting next_dagrun for example_task_group_decorator to 2026-06-30 00:00:00+00:00, run_after=2026-07-01 00:00:00+00:00
[2026-07-01T12:11:35.113+0000] {processor.py:183} INFO - Processing /home/airflow/.local/lib/python3.8/site-packages/airflow/example_dags/example_task_group_decorator.py took 0.214 seconds
[2026-07-01T12:12:05.595+0000] {processor.py:161} INFO - Started process (PID=427) to work on /home/airflow/.local/lib/python3.8/site-packages/airflow/example_dags/example_task_group_decorator.py
[2026-07-01T12:12:05.598+0000] {processor.py:830} INFO - Processing file /home/airflow/.local/lib/python3.8/site-packages/airflow/example_dags/example_task_group_decorator.py for tasks to queue
[2026-07-01T12:12:05.603+0000] {logging_mixin.py:188} INFO - [2026-07-01T12:12:05.602+0000] {dagbag.py:538} INFO - Filling up the DagBag from /home/airflow/.local/lib/python3.8/site-packages/airflow/example_dags/example_task_group_decorator.py
[2026-07-01T12:12:05.639+0000] {processor.py:840} INFO - DAG(s) 'example_task_group_decorator' retrieved from /home/airflow/.local/lib/python3.8/site-packages/airflow/example_dags/example_task_group_decorator.py
[2026-07-01T12:12:05.696+0000] {logging_mixin.py:188} INFO - [2026-07-01T12:12:05.696+0000] {dag.py:3036} INFO - Sync 1 DAGs
[2026-07-01T12:12:05.747+0000] {logging_mixin.py:188} INFO - [2026-07-01T12:12:05.746+0000] {dag.py:3823} INFO - Setting next_dagrun for example_task_group_decorator to 2026-06-30 00:00:00+00:00, run_after=2026-07-01 00:00:00+00:00
[2026-07-01T12:12:05.794+0000] {processor.py:183} INFO - Processing /home/airflow/.local/lib/python3.8/site-packages/airflow/example_dags/example_task_group_decorator.py took 0.208 seconds
[2026-07-01T12:12:36.081+0000] {processor.py:161} INFO - Started process (PID=483) to work on /home/airflow/.local/lib/python3.8/site-packages/airflow/example_dags/example_task_group_decorator.py
[2026-07-01T12:12:36.083+0000] {processor.py:830} INFO - Processing file /home/airflow/.local/lib/python3.8/site-packages/airflow/example_dags/example_task_group_decorator.py for tasks to queue
[2026-07-01T12:12:36.089+0000] {logging_mixin.py:188} INFO - [2026-07-01T12:12:36.088+0000] {dagbag.py:538} INFO - Filling up the DagBag from /home/airflow/.local/lib/python3.8/site-packages/airflow/example_dags/example_task_group_decorator.py
[2026-07-01T12:12:36.120+0000] {processor.py:840} INFO - DAG(s) 'example_task_group_decorator' retrieved from /home/airflow/.local/lib/python3.8/site-packages/airflow/example_dags/example_task_group_decorator.py
[2026-07-01T12:12:36.177+0000] {logging_mixin.py:188} INFO - [2026-07-01T12:12:36.177+0000] {dag.py:3036} INFO - Sync 1 DAGs
[2026-07-01T12:12:36.229+0000] {logging_mixin.py:188} INFO - [2026-07-01T12:12:36.228+0000] {dag.py:3823} INFO - Setting next_dagrun for example_task_group_decorator to 2026-06-30 00:00:00+00:00, run_after=2026-07-01 00:00:00+00:00
[2026-07-01T12:12:36.274+0000] {processor.py:183} INFO - Processing /home/airflow/.local/lib/python3.8/site-packages/airflow/example_dags/example_task_group_decorator.py took 0.201 seconds
[2026-07-01T12:13:07.078+0000] {processor.py:161} INFO - Started process (PID=539) to work on /home/airflow/.local/lib/python3.8/site-packages/airflow/example_dags/example_task_group_decorator.py
[2026-07-01T12:13:07.085+0000] {processor.py:830} INFO - Processing file /home/airflow/.local/lib/python3.8/site-packages/airflow/example_dags/example_task_group_decorator.py for tasks to queue
[2026-07-01T12:13:07.094+0000] {logging_mixin.py:188} INFO - [2026-07-01T12:13:07.092+0000] {dagbag.py:538} INFO - Filling up the DagBag from /home/airflow/.local/lib/python3.8/site-packages/airflow/example_dags/example_task_group_decorator.py
[2026-07-01T12:13:07.143+0000] {processor.py:840} INFO - DAG(s) 'example_task_group_decorator' retrieved from /home/airflow/.local/lib/python3.8/site-packages/airflow/example_dags/example_task_group_decorator.py
[2026-07-01T12:13:07.228+0000] {logging_mixin.py:188} INFO - [2026-07-01T12:13:07.227+0000] {dag.py:3036} INFO - Sync 1 DAGs
[2026-07-01T12:13:07.295+0000] {logging_mixin.py:188} INFO - [2026-07-01T12:13:07.295+0000] {dag.py:3823} INFO - Setting next_dagrun for example_task_group_decorator to 2026-06-30 00:00:00+00:00, run_after=2026-07-01 00:00:00+00:00
[2026-07-01T12:13:07.344+0000] {processor.py:183} INFO - Processing /home/airflow/.local/lib/python3.8/site-packages/airflow/example_dags/example_task_group_decorator.py took 0.283 seconds
[2026-07-01T12:13:37.456+0000] {processor.py:161} INFO - Started process (PID=595) to work on /home/airflow/.local/lib/python3.8/site-packages/airflow/example_dags/example_task_group_decorator.py
[2026-07-01T12:13:37.460+0000] {processor.py:830} INFO - Processing file /home/airflow/.local/lib/python3.8/site-packages/airflow/example_dags/example_task_group_decorator.py for tasks to queue
[2026-07-01T12:13:37.468+0000] {logging_mixin.py:188} INFO - [2026-07-01T12:13:37.466+0000] {dagbag.py:538} INFO - Filling up the DagBag from /home/airflow/.local/lib/python3.8/site-packages/airflow/example_dags/example_task_group_decorator.py
[2026-07-01T12:13:37.508+0000] {processor.py:840} INFO - DAG(s) 'example_task_group_decorator' retrieved from /home/airflow/.local/lib/python3.8/site-packages/airflow/example_dags/example_task_group_decorator.py
[2026-07-01T12:13:37.570+0000] {logging_mixin.py:188} INFO - [2026-07-01T12:13:37.570+0000] {dag.py:3036} INFO - Sync 1 DAGs
[2026-07-01T12:13:37.628+0000] {logging_mixin.py:188} INFO - [2026-07-01T12:13:37.628+0000] {dag.py:3823} INFO - Setting next_dagrun for example_task_group_decorator to 2026-06-30 00:00:00+00:00, run_after=2026-07-01 00:00:00+00:00
[2026-07-01T12:13:37.673+0000] {processor.py:183} INFO - Processing /home/airflow/.local/lib/python3.8/site-packages/airflow/example_dags/example_task_group_decorator.py took 0.230 seconds
[2026-07-01T12:14:08.200+0000] {processor.py:161} INFO - Started process (PID=651) to work on /home/airflow/.local/lib/python3.8/site-packages/airflow/example_dags/example_task_group_decorator.py
[2026-07-01T12:14:08.203+0000] {processor.py:830} INFO - Processing file /home/airflow/.local/lib/python3.8/site-packages/airflow/example_dags/example_task_group_decorator.py for tasks to queue
[2026-07-01T12:14:08.208+0000] {logging_mixin.py:188} INFO - [2026-07-01T12:14:08.207+0000] {dagbag.py:538} INFO - Filling up the DagBag from /home/airflow/.local/lib/python3.8/site-packages/airflow/example_dags/example_task_group_decorator.py
[2026-07-01T12:14:08.241+0000] {processor.py:840} INFO - DAG(s) 'example_task_group_decorator' retrieved from /home/airflow/.local/lib/python3.8/site-packages/airflow/example_dags/example_task_group_decorator.py
[2026-07-01T12:14:08.299+0000] {logging_mixin.py:188} INFO - [2026-07-01T12:14:08.299+0000] {dag.py:3036} INFO - Sync 1 DAGs
[2026-07-01T12:14:08.354+0000] {logging_mixin.py:188} INFO - [2026-07-01T12:14:08.353+0000] {dag.py:3823} INFO - Setting next_dagrun for example_task_group_decorator to 2026-06-30 00:00:00+00:00, run_after=2026-07-01 00:00:00+00:00
[2026-07-01T12:14:08.402+0000] {processor.py:183} INFO - Processing /home/airflow/.local/lib/python3.8/site-packages/airflow/example_dags/example_task_group_decorator.py took 0.211 seconds
[2026-07-01T12:14:39.023+0000] {processor.py:161} INFO - Started process (PID=707) to work on /home/airflow/.local/lib/python3.8/site-packages/airflow/example_dags/example_task_group_decorator.py
[2026-07-01T12:14:39.026+0000] {processor.py:830} INFO - Processing file /home/airflow/.local/lib/python3.8/site-packages/airflow/example_dags/example_task_group_decorator.py for tasks to queue
[2026-07-01T12:14:39.032+0000] {logging_mixin.py:188} INFO - [2026-07-01T12:14:39.031+0000] {dagbag.py:538} INFO - Filling up the DagBag from /home/airflow/.local/lib/python3.8/site-packages/airflow/example_dags/example_task_group_decorator.py
[2026-07-01T12:14:39.064+0000] {processor.py:840} INFO - DAG(s) 'example_task_group_decorator' retrieved from /home/airflow/.local/lib/python3.8/site-packages/airflow/example_dags/example_task_group_decorator.py
[2026-07-01T12:14:39.119+0000] {logging_mixin.py:188} INFO - [2026-07-01T12:14:39.118+0000] {dag.py:3036} INFO - Sync 1 DAGs
[2026-07-01T12:14:39.166+0000] {logging_mixin.py:188} INFO - [2026-07-01T12:14:39.166+0000] {dag.py:3823} INFO - Setting next_dagrun for example_task_group_decorator to 2026-06-30 00:00:00+00:00, run_after=2026-07-01 00:00:00+00:00
[2026-07-01T12:14:39.209+0000] {processor.py:183} INFO - Processing /home/airflow/.local/lib/python3.8/site-packages/airflow/example_dags/example_task_group_decorator.py took 0.195 seconds
[2026-07-01T12:15:09.488+0000] {processor.py:161} INFO - Started process (PID=764) to work on /home/airflow/.local/lib/python3.8/site-packages/airflow/example_dags/example_task_group_decorator.py
[2026-07-01T12:15:09.491+0000] {processor.py:830} INFO - Processing file /home/airflow/.local/lib/python3.8/site-packages/airflow/example_dags/example_task_group_decorator.py for tasks to queue
[2026-07-01T12:15:09.496+0000] {logging_mixin.py:188} INFO - [2026-07-01T12:15:09.496+0000] {dagbag.py:538} INFO - Filling up the DagBag from /home/airflow/.local/lib/python3.8/site-packages/airflow/example_dags/example_task_group_decorator.py
[2026-07-01T12:15:09.531+0000] {processor.py:840} INFO - DAG(s) 'example_task_group_decorator' retrieved from /home/airflow/.local/lib/python3.8/site-packages/airflow/example_dags/example_task_group_decorator.py
[2026-07-01T12:15:09.599+0000] {logging_mixin.py:188} INFO - [2026-07-01T12:15:09.598+0000] {dag.py:3036} INFO - Sync 1 DAGs
[2026-07-01T12:15:09.660+0000] {logging_mixin.py:188} INFO - [2026-07-01T12:15:09.660+0000] {dag.py:3823} INFO - Setting next_dagrun for example_task_group_decorator to 2026-06-30 00:00:00+00:00, run_after=2026-07-01 00:00:00+00:00
[2026-07-01T12:15:09.706+0000] {processor.py:183} INFO - Processing /home/airflow/.local/lib/python3.8/site-packages/airflow/example_dags/example_task_group_decorator.py took 0.226 seconds
[2026-07-01T12:15:39.815+0000] {processor.py:161} INFO - Started process (PID=820) to work on /home/airflow/.local/lib/python3.8/site-packages/airflow/example_dags/example_task_group_decorator.py
[2026-07-01T12:15:39.818+0000] {processor.py:830} INFO - Processing file /home/airflow/.local/lib/python3.8/site-packages/airflow/example_dags/example_task_group_decorator.py for tasks to queue
[2026-07-01T12:15:39.824+0000] {logging_mixin.py:188} INFO - [2026-07-01T12:15:39.823+0000] {dagbag.py:538} INFO - Filling up the DagBag from /home/airflow/.local/lib/python3.8/site-packages/airflow/example_dags/example_task_group_decorator.py
[2026-07-01T12:15:39.862+0000] {processor.py:840} INFO - DAG(s) 'example_task_group_decorator' retrieved from /home/airflow/.local/lib/python3.8/site-packages/airflow/example_dags/example_task_group_decorator.py
[2026-07-01T12:15:39.934+0000] {logging_mixin.py:188} INFO - [2026-07-01T12:15:39.933+0000] {dag.py:3036} INFO - Sync 1 DAGs
[2026-07-01T12:15:39.994+0000] {logging_mixin.py:188} INFO - [2026-07-01T12:15:39.994+0000] {dag.py:3823} INFO - Setting next_dagrun for example_task_group_decorator to 2026-06-30 00:00:00+00:00, run_after=2026-07-01 00:00:00+00:00
[2026-07-01T12:15:40.042+0000] {processor.py:183} INFO - Processing /home/airflow/.local/lib/python3.8/site-packages/airflow/example_dags/example_task_group_decorator.py took 0.236 seconds
[2026-07-01T12:16:10.338+0000] {processor.py:161} INFO - Started process (PID=876) to work on /home/airflow/.local/lib/python3.8/site-packages/airflow/example_dags/example_task_group_decorator.py
[2026-07-01T12:16:10.342+0000] {processor.py:830} INFO - Processing file /home/airflow/.local/lib/python3.8/site-packages/airflow/example_dags/example_task_group_decorator.py for tasks to queue
[2026-07-01T12:16:10.349+0000] {logging_mixin.py:188} INFO - [2026-07-01T12:16:10.349+0000] {dagbag.py:538} INFO - Filling up the DagBag from /home/airflow/.local/lib/python3.8/site-packages/airflow/example_dags/example_task_group_decorator.py
[2026-07-01T12:16:10.392+0000] {processor.py:840} INFO - DAG(s) 'example_task_group_decorator' retrieved from /home/airflow/.local/lib/python3.8/site-packages/airflow/example_dags/example_task_group_decorator.py
[2026-07-01T12:16:10.462+0000] {logging_mixin.py:188} INFO - [2026-07-01T12:16:10.461+0000] {dag.py:3036} INFO - Sync 1 DAGs
[2026-07-01T12:16:10.521+0000] {logging_mixin.py:188} INFO - [2026-07-01T12:16:10.521+0000] {dag.py:3823} INFO - Setting next_dagrun for example_task_group_decorator to 2026-06-30 00:00:00+00:00, run_after=2026-07-01 00:00:00+00:00
[2026-07-01T12:16:10.569+0000] {processor.py:183} INFO - Processing /home/airflow/.local/lib/python3.8/site-packages/airflow/example_dags/example_task_group_decorator.py took 0.241 seconds
[2026-07-01T12:16:41.462+0000] {processor.py:161} INFO - Started process (PID=932) to work on /home/airflow/.local/lib/python3.8/site-packages/airflow/example_dags/example_task_group_decorator.py
[2026-07-01T12:16:41.465+0000] {processor.py:830} INFO - Processing file /home/airflow/.local/lib/python3.8/site-packages/airflow/example_dags/example_task_group_decorator.py for tasks to queue
[2026-07-01T12:16:41.481+0000] {logging_mixin.py:188} INFO - [2026-07-01T12:16:41.478+0000] {dagbag.py:538} INFO - Filling up the DagBag from /home/airflow/.local/lib/python3.8/site-packages/airflow/example_dags/example_task_group_decorator.py
[2026-07-01T12:16:41.545+0000] {processor.py:840} INFO - DAG(s) 'example_task_group_decorator' retrieved from /home/airflow/.local/lib/python3.8/site-packages/airflow/example_dags/example_task_group_decorator.py
[2026-07-01T12:16:41.603+0000] {logging_mixin.py:188} INFO - [2026-07-01T12:16:41.602+0000] {dag.py:3036} INFO - Sync 1 DAGs
[2026-07-01T12:16:41.656+0000] {logging_mixin.py:188} INFO - [2026-07-01T12:16:41.655+0000] {dag.py:3823} INFO - Setting next_dagrun for example_task_group_decorator to 2026-06-30 00:00:00+00:00, run_after=2026-07-01 00:00:00+00:00
[2026-07-01T12:16:41.699+0000] {processor.py:183} INFO - Processing /home/airflow/.local/lib/python3.8/site-packages/airflow/example_dags/example_task_group_decorator.py took 0.250 seconds
[2026-07-01T12:17:11.940+0000] {processor.py:161} INFO - Started process (PID=988) to work on /home/airflow/.local/lib/python3.8/site-packages/airflow/example_dags/example_task_group_decorator.py
[2026-07-01T12:17:11.943+0000] {processor.py:830} INFO - Processing file /home/airflow/.local/lib/python3.8/site-packages/airflow/example_dags/example_task_group_decorator.py for tasks to queue
[2026-07-01T12:17:11.948+0000] {logging_mixin.py:188} INFO - [2026-07-01T12:17:11.947+0000] {dagbag.py:538} INFO - Filling up the DagBag from /home/airflow/.local/lib/python3.8/site-packages/airflow/example_dags/example_task_group_decorator.py
[2026-07-01T12:17:11.982+0000] {processor.py:840} INFO - DAG(s) 'example_task_group_decorator' retrieved from /home/airflow/.local/lib/python3.8/site-packages/airflow/example_dags/example_task_group_decorator.py
[2026-07-01T12:17:12.050+0000] {logging_mixin.py:188} INFO - [2026-07-01T12:17:12.049+0000] {dag.py:3036} INFO - Sync 1 DAGs
[2026-07-01T12:17:12.111+0000] {logging_mixin.py:188} INFO - [2026-07-01T12:17:12.111+0000] {dag.py:3823} INFO - Setting next_dagrun for example_task_group_decorator to 2026-06-30 00:00:00+00:00, run_after=2026-07-01 00:00:00+00:00
[2026-07-01T12:17:12.165+0000] {processor.py:183} INFO - Processing /home/airflow/.local/lib/python3.8/site-packages/airflow/example_dags/example_task_group_decorator.py took 0.234 seconds
[2026-07-01T12:17:42.290+0000] {processor.py:161} INFO - Started process (PID=1044) to work on /home/airflow/.local/lib/python3.8/site-packages/airflow/example_dags/example_task_group_decorator.py
[2026-07-01T12:17:42.293+0000] {processor.py:830} INFO - Processing file /home/airflow/.local/lib/python3.8/site-packages/airflow/example_dags/example_task_group_decorator.py for tasks to queue
[2026-07-01T12:17:42.298+0000] {logging_mixin.py:188} INFO - [2026-07-01T12:17:42.297+0000] {dagbag.py:538} INFO - Filling up the DagBag from /home/airflow/.local/lib/python3.8/site-packages/airflow/example_dags/example_task_group_decorator.py
[2026-07-01T12:17:42.327+0000] {processor.py:840} INFO - DAG(s) 'example_task_group_decorator' retrieved from /home/airflow/.local/lib/python3.8/site-packages/airflow/example_dags/example_task_group_decorator.py
[2026-07-01T12:17:42.378+0000] {logging_mixin.py:188} INFO - [2026-07-01T12:17:42.378+0000] {dag.py:3036} INFO - Sync 1 DAGs
[2026-07-01T12:17:42.422+0000] {logging_mixin.py:188} INFO - [2026-07-01T12:17:42.422+0000] {dag.py:3823} INFO - Setting next_dagrun for example_task_group_decorator to 2026-06-30 00:00:00+00:00, run_after=2026-07-01 00:00:00+00:00
[2026-07-01T12:17:42.468+0000] {processor.py:183} INFO - Processing /home/airflow/.local/lib/python3.8/site-packages/airflow/example_dags/example_task_group_decorator.py took 0.186 seconds
[2026-07-01T12:18:12.921+0000] {processor.py:161} INFO - Started process (PID=1100) to work on /home/airflow/.local/lib/python3.8/site-packages/airflow/example_dags/example_task_group_decorator.py
[2026-07-01T12:18:12.925+0000] {processor.py:830} INFO - Processing file /home/airflow/.local/lib/python3.8/site-packages/airflow/example_dags/example_task_group_decorator.py for tasks to queue
[2026-07-01T12:18:12.932+0000] {logging_mixin.py:188} INFO - [2026-07-01T12:18:12.931+0000] {dagbag.py:538} INFO - Filling up the DagBag from /home/airflow/.local/lib/python3.8/site-packages/airflow/example_dags/example_task_group_decorator.py
[2026-07-01T12:18:12.974+0000] {processor.py:840} INFO - DAG(s) 'example_task_group_decorator' retrieved from /home/airflow/.local/lib/python3.8/site-packages/airflow/example_dags/example_task_group_decorator.py
[2026-07-01T12:18:13.039+0000] {logging_mixin.py:188} INFO - [2026-07-01T12:18:13.039+0000] {dag.py:3036} INFO - Sync 1 DAGs
[2026-07-01T12:18:13.099+0000] {logging_mixin.py:188} INFO - [2026-07-01T12:18:13.099+0000] {dag.py:3823} INFO - Setting next_dagrun for example_task_group_decorator to 2026-06-30 00:00:00+00:00, run_after=2026-07-01 00:00:00+00:00
[2026-07-01T12:18:13.151+0000] {processor.py:183} INFO - Processing /home/airflow/.local/lib/python3.8/site-packages/airflow/example_dags/example_task_group_decorator.py took 0.239 seconds
[2026-07-01T12:18:43.506+0000] {processor.py:161} INFO - Started process (PID=1156) to work on /home/airflow/.local/lib/python3.8/site-packages/airflow/example_dags/example_task_group_decorator.py
[2026-07-01T12:18:43.510+0000] {processor.py:830} INFO - Processing file /home/airflow/.local/lib/python3.8/site-packages/airflow/example_dags/example_task_group_decorator.py for tasks to queue
[2026-07-01T12:18:43.516+0000] {logging_mixin.py:188} INFO - [2026-07-01T12:18:43.515+0000] {dagbag.py:538} INFO - Filling up the DagBag from /home/airflow/.local/lib/python3.8/site-packages/airflow/example_dags/example_task_group_decorator.py
[2026-07-01T12:18:43.546+0000] {processor.py:840} INFO - DAG(s) 'example_task_group_decorator' retrieved from /home/airflow/.local/lib/python3.8/site-packages/airflow/example_dags/example_task_group_decorator.py
[2026-07-01T12:18:43.600+0000] {logging_mixin.py:188} INFO - [2026-07-01T12:18:43.599+0000] {dag.py:3036} INFO - Sync 1 DAGs
[2026-07-01T12:18:43.646+0000] {logging_mixin.py:188} INFO - [2026-07-01T12:18:43.646+0000] {dag.py:3823} INFO - Setting next_dagrun for example_task_group_decorator to 2026-06-30 00:00:00+00:00, run_after=2026-07-01 00:00:00+00:00
[2026-07-01T12:18:43.685+0000] {processor.py:183} INFO - Processing /home/airflow/.local/lib/python3.8/site-packages/airflow/example_dags/example_task_group_decorator.py took 0.188 seconds
[2026-07-01T12:19:14.086+0000] {processor.py:161} INFO - Started process (PID=1212) to work on /home/airflow/.local/lib/python3.8/site-packages/airflow/example_dags/example_task_group_decorator.py
[2026-07-01T12:19:14.090+0000] {processor.py:830} INFO - Processing file /home/airflow/.local/lib/python3.8/site-packages/airflow/example_dags/example_task_group_decorator.py for tasks to queue
[2026-07-01T12:19:14.098+0000] {logging_mixin.py:188} INFO - [2026-07-01T12:19:14.097+0000] {dagbag.py:538} INFO - Filling up the DagBag from /home/airflow/.local/lib/python3.8/site-packages/airflow/example_dags/example_task_group_decorator.py
[2026-07-01T12:19:14.153+0000] {processor.py:840} INFO - DAG(s) 'example_task_group_decorator' retrieved from /home/airflow/.local/lib/python3.8/site-packages/airflow/example_dags/example_task_group_decorator.py
[2026-07-01T12:19:14.260+0000] {logging_mixin.py:188} INFO - [2026-07-01T12:19:14.260+0000] {dag.py:3036} INFO - Sync 1 DAGs
[2026-07-01T12:19:14.344+0000] {logging_mixin.py:188} INFO - [2026-07-01T12:19:14.343+0000] {dag.py:3823} INFO - Setting next_dagrun for example_task_group_decorator to 2026-06-30 00:00:00+00:00, run_after=2026-07-01 00:00:00+00:00
[2026-07-01T12:19:14.443+0000] {processor.py:183} INFO - Processing /home/airflow/.local/lib/python3.8/site-packages/airflow/example_dags/example_task_group_decorator.py took 0.367 seconds
[2026-07-01T12:19:48.012+0000] {processor.py:161} INFO - Started process (PID=1268) to work on /home/airflow/.local/lib/python3.8/site-packages/airflow/example_dags/example_task_group_decorator.py
[2026-07-01T12:19:48.026+0000] {processor.py:830} INFO - Processing file /home/airflow/.local/lib/python3.8/site-packages/airflow/example_dags/example_task_group_decorator.py for tasks to queue
[2026-07-01T12:19:48.063+0000] {logging_mixin.py:188} INFO - [2026-07-01T12:19:48.061+0000] {dagbag.py:538} INFO - Filling up the DagBag from /home/airflow/.local/lib/python3.8/site-packages/airflow/example_dags/example_task_group_decorator.py
[2026-07-01T12:19:48.153+0000] {processor.py:840} INFO - DAG(s) 'example_task_group_decorator' retrieved from /home/airflow/.local/lib/python3.8/site-packages/airflow/example_dags/example_task_group_decorator.py
[2026-07-01T12:19:48.321+0000] {logging_mixin.py:188} INFO - [2026-07-01T12:19:48.320+0000] {dag.py:3036} INFO - Sync 1 DAGs
[2026-07-01T12:19:48.548+0000] {logging_mixin.py:188} INFO - [2026-07-01T12:19:48.547+0000] {dag.py:3823} INFO - Setting next_dagrun for example_task_group_decorator to 2026-06-30 00:00:00+00:00, run_after=2026-07-01 00:00:00+00:00
[2026-07-01T12:19:48.750+0000] {processor.py:183} INFO - Processing /home/airflow/.local/lib/python3.8/site-packages/airflow/example_dags/example_task_group_decorator.py took 0.809 seconds
[2026-07-01T12:20:20.679+0000] {processor.py:161} INFO - Started process (PID=1323) to work on /home/airflow/.local/lib/python3.8/site-packages/airflow/example_dags/example_task_group_decorator.py
[2026-07-01T12:20:20.683+0000] {processor.py:830} INFO - Processing file /home/airflow/.local/lib/python3.8/site-packages/airflow/example_dags/example_task_group_decorator.py for tasks to queue
[2026-07-01T12:20:20.691+0000] {logging_mixin.py:188} INFO - [2026-07-01T12:20:20.690+0000] {dagbag.py:538} INFO - Filling up the DagBag from /home/airflow/.local/lib/python3.8/site-packages/airflow/example_dags/example_task_group_decorator.py
[2026-07-01T12:20:20.737+0000] {processor.py:840} INFO - DAG(s) 'example_task_group_decorator' retrieved from /home/airflow/.local/lib/python3.8/site-packages/airflow/example_dags/example_task_group_decorator.py
[2026-07-01T12:20:21.059+0000] {logging_mixin.py:188} INFO - [2026-07-01T12:20:21.057+0000] {dag.py:3036} INFO - Sync 1 DAGs
[2026-07-01T12:20:21.125+0000] {logging_mixin.py:188} INFO - [2026-07-01T12:20:21.124+0000] {dag.py:3823} INFO - Setting next_dagrun for example_task_group_decorator to 2026-06-30 00:00:00+00:00, run_after=2026-07-01 00:00:00+00:00
[2026-07-01T12:20:21.192+0000] {processor.py:183} INFO - Processing /home/airflow/.local/lib/python3.8/site-packages/airflow/example_dags/example_task_group_decorator.py took 0.526 seconds
[2026-07-01T12:20:52.772+0000] {processor.py:161} INFO - Started process (PID=1377) to work on /home/airflow/.local/lib/python3.8/site-packages/airflow/example_dags/example_task_group_decorator.py
[2026-07-01T12:20:52.788+0000] {processor.py:830} INFO - Processing file /home/airflow/.local/lib/python3.8/site-packages/airflow/example_dags/example_task_group_decorator.py for tasks to queue
[2026-07-01T12:20:52.810+0000] {logging_mixin.py:188} INFO - [2026-07-01T12:20:52.806+0000] {dagbag.py:538} INFO - Filling up the DagBag from /home/airflow/.local/lib/python3.8/site-packages/airflow/example_dags/example_task_group_decorator.py
[2026-07-01T12:20:52.872+0000] {processor.py:840} INFO - DAG(s) 'example_task_group_decorator' retrieved from /home/airflow/.local/lib/python3.8/site-packages/airflow/example_dags/example_task_group_decorator.py
[2026-07-01T12:20:52.988+0000] {logging_mixin.py:188} INFO - [2026-07-01T12:20:52.987+0000] {dag.py:3036} INFO - Sync 1 DAGs
[2026-07-01T12:20:53.096+0000] {logging_mixin.py:188} INFO - [2026-07-01T12:20:53.095+0000] {dag.py:3823} INFO - Setting next_dagrun for example_task_group_decorator to 2026-06-30 00:00:00+00:00, run_after=2026-07-01 00:00:00+00:00
[2026-07-01T12:20:53.185+0000] {processor.py:183} INFO - Processing /home/airflow/.local/lib/python3.8/site-packages/airflow/example_dags/example_task_group_decorator.py took 0.434 seconds
[2026-07-01T12:21:23.688+0000] {processor.py:161} INFO - Started process (PID=1433) to work on /home/airflow/.local/lib/python3.8/site-packages/airflow/example_dags/example_task_group_decorator.py
[2026-07-01T12:21:23.700+0000] {processor.py:830} INFO - Processing file /home/airflow/.local/lib/python3.8/site-packages/airflow/example_dags/example_task_group_decorator.py for tasks to queue
[2026-07-01T12:21:23.706+0000] {logging_mixin.py:188} INFO - [2026-07-01T12:21:23.706+0000] {dagbag.py:538} INFO - Filling up the DagBag from /home/airflow/.local/lib/python3.8/site-packages/airflow/example_dags/example_task_group_decorator.py
[2026-07-01T12:21:23.755+0000] {processor.py:840} INFO - DAG(s) 'example_task_group_decorator' retrieved from /home/airflow/.local/lib/python3.8/site-packages/airflow/example_dags/example_task_group_decorator.py
[2026-07-01T12:21:23.848+0000] {logging_mixin.py:188} INFO - [2026-07-01T12:21:23.847+0000] {dag.py:3036} INFO - Sync 1 DAGs
[2026-07-01T12:21:23.916+0000] {logging_mixin.py:188} INFO - [2026-07-01T12:21:23.915+0000] {dag.py:3823} INFO - Setting next_dagrun for example_task_group_decorator to 2026-06-30 00:00:00+00:00, run_after=2026-07-01 00:00:00+00:00
[2026-07-01T12:21:23.967+0000] {processor.py:183} INFO - Processing /home/airflow/.local/lib/python3.8/site-packages/airflow/example_dags/example_task_group_decorator.py took 0.313 seconds
[2026-07-01T12:21:54.067+0000] {processor.py:161} INFO - Started process (PID=1489) to work on /home/airflow/.local/lib/python3.8/site-packages/airflow/example_dags/example_task_group_decorator.py
[2026-07-01T12:21:54.070+0000] {processor.py:830} INFO - Processing file /home/airflow/.local/lib/python3.8/site-packages/airflow/example_dags/example_task_group_decorator.py for tasks to queue
[2026-07-01T12:21:54.076+0000] {logging_mixin.py:188} INFO - [2026-07-01T12:21:54.075+0000] {dagbag.py:538} INFO - Filling up the DagBag from /home/airflow/.local/lib/python3.8/site-packages/airflow/example_dags/example_task_group_decorator.py
[2026-07-01T12:21:54.115+0000] {processor.py:840} INFO - DAG(s) 'example_task_group_decorator' retrieved from /home/airflow/.local/lib/python3.8/site-packages/airflow/example_dags/example_task_group_decorator.py
[2026-07-01T12:21:54.189+0000] {logging_mixin.py:188} INFO - [2026-07-01T12:21:54.188+0000] {dag.py:3036} INFO - Sync 1 DAGs
[2026-07-01T12:21:54.263+0000] {logging_mixin.py:188} INFO - [2026-07-01T12:21:54.262+0000] {dag.py:3823} INFO - Setting next_dagrun for example_task_group_decorator to 2026-06-30 00:00:00+00:00, run_after=2026-07-01 00:00:00+00:00
[2026-07-01T12:21:54.327+0000] {processor.py:183} INFO - Processing /home/airflow/.local/lib/python3.8/site-packages/airflow/example_dags/example_task_group_decorator.py took 0.269 seconds
[2026-07-01T12:22:24.584+0000] {processor.py:161} INFO - Started process (PID=1545) to work on /home/airflow/.local/lib/python3.8/site-packages/airflow/example_dags/example_task_group_decorator.py
[2026-07-01T12:22:24.592+0000] {processor.py:830} INFO - Processing file /home/airflow/.local/lib/python3.8/site-packages/airflow/example_dags/example_task_group_decorator.py for tasks to queue
[2026-07-01T12:22:24.600+0000] {logging_mixin.py:188} INFO - [2026-07-01T12:22:24.599+0000] {dagbag.py:538} INFO - Filling up the DagBag from /home/airflow/.local/lib/python3.8/site-packages/airflow/example_dags/example_task_group_decorator.py
[2026-07-01T12:22:24.654+0000] {processor.py:840} INFO - DAG(s) 'example_task_group_decorator' retrieved from /home/airflow/.local/lib/python3.8/site-packages/airflow/example_dags/example_task_group_decorator.py
[2026-07-01T12:22:24.741+0000] {logging_mixin.py:188} INFO - [2026-07-01T12:22:24.741+0000] {dag.py:3036} INFO - Sync 1 DAGs
[2026-07-01T12:22:24.806+0000] {logging_mixin.py:188} INFO - [2026-07-01T12:22:24.805+0000] {dag.py:3823} INFO - Setting next_dagrun for example_task_group_decorator to 2026-06-30 00:00:00+00:00, run_after=2026-07-01 00:00:00+00:00
[2026-07-01T12:22:24.851+0000] {processor.py:183} INFO - Processing /home/airflow/.local/lib/python3.8/site-packages/airflow/example_dags/example_task_group_decorator.py took 0.279 seconds
[2026-07-01T12:22:55.125+0000] {processor.py:161} INFO - Started process (PID=1601) to work on /home/airflow/.local/lib/python3.8/site-packages/airflow/example_dags/example_task_group_decorator.py
[2026-07-01T12:22:55.128+0000] {processor.py:830} INFO - Processing file /home/airflow/.local/lib/python3.8/site-packages/airflow/example_dags/example_task_group_decorator.py for tasks to queue
[2026-07-01T12:22:55.133+0000] {logging_mixin.py:188} INFO - [2026-07-01T12:22:55.132+0000] {dagbag.py:538} INFO - Filling up the DagBag from /home/airflow/.local/lib/python3.8/site-packages/airflow/example_dags/example_task_group_decorator.py
[2026-07-01T12:22:55.171+0000] {processor.py:840} INFO - DAG(s) 'example_task_group_decorator' retrieved from /home/airflow/.local/lib/python3.8/site-packages/airflow/example_dags/example_task_group_decorator.py
[2026-07-01T12:22:55.236+0000] {logging_mixin.py:188} INFO - [2026-07-01T12:22:55.235+0000] {dag.py:3036} INFO - Sync 1 DAGs
[2026-07-01T12:22:55.293+0000] {logging_mixin.py:188} INFO - [2026-07-01T12:22:55.292+0000] {dag.py:3823} INFO - Setting next_dagrun for example_task_group_decorator to 2026-06-30 00:00:00+00:00, run_after=2026-07-01 00:00:00+00:00
[2026-07-01T12:22:55.345+0000] {processor.py:183} INFO - Processing /home/airflow/.local/lib/python3.8/site-packages/airflow/example_dags/example_task_group_decorator.py took 0.229 seconds
[2026-07-01T12:23:25.614+0000] {processor.py:161} INFO - Started process (PID=1657) to work on /home/airflow/.local/lib/python3.8/site-packages/airflow/example_dags/example_task_group_decorator.py
[2026-07-01T12:23:25.617+0000] {processor.py:830} INFO - Processing file /home/airflow/.local/lib/python3.8/site-packages/airflow/example_dags/example_task_group_decorator.py for tasks to queue
[2026-07-01T12:23:25.623+0000] {logging_mixin.py:188} INFO - [2026-07-01T12:23:25.622+0000] {dagbag.py:538} INFO - Filling up the DagBag from /home/airflow/.local/lib/python3.8/site-packages/airflow/example_dags/example_task_group_decorator.py
[2026-07-01T12:23:25.659+0000] {processor.py:840} INFO - DAG(s) 'example_task_group_decorator' retrieved from /home/airflow/.local/lib/python3.8/site-packages/airflow/example_dags/example_task_group_decorator.py
[2026-07-01T12:23:25.720+0000] {logging_mixin.py:188} INFO - [2026-07-01T12:23:25.719+0000] {dag.py:3036} INFO - Sync 1 DAGs
[2026-07-01T12:23:25.794+0000] {logging_mixin.py:188} INFO - [2026-07-01T12:23:25.793+0000] {dag.py:3823} INFO - Setting next_dagrun for example_task_group_decorator to 2026-06-30 00:00:00+00:00, run_after=2026-07-01 00:00:00+00:00
[2026-07-01T12:23:25.846+0000] {processor.py:183} INFO - Processing /home/airflow/.local/lib/python3.8/site-packages/airflow/example_dags/example_task_group_decorator.py took 0.241 seconds
[2026-07-01T12:23:56.776+0000] {processor.py:161} INFO - Started process (PID=1713) to work on /home/airflow/.local/lib/python3.8/site-packages/airflow/example_dags/example_task_group_decorator.py
[2026-07-01T12:23:56.781+0000] {processor.py:830} INFO - Processing file /home/airflow/.local/lib/python3.8/site-packages/airflow/example_dags/example_task_group_decorator.py for tasks to queue
[2026-07-01T12:23:56.796+0000] {logging_mixin.py:188} INFO - [2026-07-01T12:23:56.795+0000] {dagbag.py:538} INFO - Filling up the DagBag from /home/airflow/.local/lib/python3.8/site-packages/airflow/example_dags/example_task_group_decorator.py
[2026-07-01T12:23:56.862+0000] {processor.py:840} INFO - DAG(s) 'example_task_group_decorator' retrieved from /home/airflow/.local/lib/python3.8/site-packages/airflow/example_dags/example_task_group_decorator.py
[2026-07-01T12:23:56.980+0000] {logging_mixin.py:188} INFO - [2026-07-01T12:23:56.979+0000] {dag.py:3036} INFO - Sync 1 DAGs
[2026-07-01T12:23:57.085+0000] {logging_mixin.py:188} INFO - [2026-07-01T12:23:57.085+0000] {dag.py:3823} INFO - Setting next_dagrun for example_task_group_decorator to 2026-06-30 00:00:00+00:00, run_after=2026-07-01 00:00:00+00:00
[2026-07-01T12:23:57.199+0000] {processor.py:183} INFO - Processing /home/airflow/.local/lib/python3.8/site-packages/airflow/example_dags/example_task_group_decorator.py took 0.449 seconds
[2026-07-01T12:24:27.304+0000] {processor.py:161} INFO - Started process (PID=1769) to work on /home/airflow/.local/lib/python3.8/site-packages/airflow/example_dags/example_task_group_decorator.py
[2026-07-01T12:24:27.308+0000] {processor.py:830} INFO - Processing file /home/airflow/.local/lib/python3.8/site-packages/airflow/example_dags/example_task_group_decorator.py for tasks to queue
[2026-07-01T12:24:27.315+0000] {logging_mixin.py:188} INFO - [2026-07-01T12:24:27.314+0000] {dagbag.py:538} INFO - Filling up the DagBag from /home/airflow/.local/lib/python3.8/site-packages/airflow/example_dags/example_task_group_decorator.py
[2026-07-01T12:24:27.367+0000] {processor.py:840} INFO - DAG(s) 'example_task_group_decorator' retrieved from /home/airflow/.local/lib/python3.8/site-packages/airflow/example_dags/example_task_group_decorator.py
[2026-07-01T12:24:27.453+0000] {logging_mixin.py:188} INFO - [2026-07-01T12:24:27.452+0000] {dag.py:3036} INFO - Sync 1 DAGs
[2026-07-01T12:24:27.519+0000] {logging_mixin.py:188} INFO - [2026-07-01T12:24:27.519+0000] {dag.py:3823} INFO - Setting next_dagrun for example_task_group_decorator to 2026-06-30 00:00:00+00:00, run_after=2026-07-01 00:00:00+00:00
[2026-07-01T12:24:27.571+0000] {processor.py:183} INFO - Processing /home/airflow/.local/lib/python3.8/site-packages/airflow/example_dags/example_task_group_decorator.py took 0.274 seconds
[2026-07-01T12:24:58.491+0000] {processor.py:161} INFO - Started process (PID=1825) to work on /home/airflow/.local/lib/python3.8/site-packages/airflow/example_dags/example_task_group_decorator.py
[2026-07-01T12:24:58.494+0000] {processor.py:830} INFO - Processing file /home/airflow/.local/lib/python3.8/site-packages/airflow/example_dags/example_task_group_decorator.py for tasks to queue
[2026-07-01T12:24:58.500+0000] {logging_mixin.py:188} INFO - [2026-07-01T12:24:58.499+0000] {dagbag.py:538} INFO - Filling up the DagBag from /home/airflow/.local/lib/python3.8/site-packages/airflow/example_dags/example_task_group_decorator.py
[2026-07-01T12:24:58.531+0000] {processor.py:840} INFO - DAG(s) 'example_task_group_decorator' retrieved from /home/airflow/.local/lib/python3.8/site-packages/airflow/example_dags/example_task_group_decorator.py
[2026-07-01T12:24:58.591+0000] {logging_mixin.py:188} INFO - [2026-07-01T12:24:58.591+0000] {dag.py:3036} INFO - Sync 1 DAGs
[2026-07-01T12:24:58.646+0000] {logging_mixin.py:188} INFO - [2026-07-01T12:24:58.646+0000] {dag.py:3823} INFO - Setting next_dagrun for example_task_group_decorator to 2026-06-30 00:00:00+00:00, run_after=2026-07-01 00:00:00+00:00
[2026-07-01T12:24:58.687+0000] {processor.py:183} INFO - Processing /home/airflow/.local/lib/python3.8/site-packages/airflow/example_dags/example_task_group_decorator.py took 0.205 seconds
[2026-07-01T12:25:29.169+0000] {processor.py:161} INFO - Started process (PID=1881) to work on /home/airflow/.local/lib/python3.8/site-packages/airflow/example_dags/example_task_group_decorator.py
[2026-07-01T12:25:29.172+0000] {processor.py:830} INFO - Processing file /home/airflow/.local/lib/python3.8/site-packages/airflow/example_dags/example_task_group_decorator.py for tasks to queue
[2026-07-01T12:25:29.179+0000] {logging_mixin.py:188} INFO - [2026-07-01T12:25:29.178+0000] {dagbag.py:538} INFO - Filling up the DagBag from /home/airflow/.local/lib/python3.8/site-packages/airflow/example_dags/example_task_group_decorator.py
[2026-07-01T12:25:29.219+0000] {processor.py:840} INFO - DAG(s) 'example_task_group_decorator' retrieved from /home/airflow/.local/lib/python3.8/site-packages/airflow/example_dags/example_task_group_decorator.py
[2026-07-01T12:25:29.275+0000] {logging_mixin.py:188} INFO - [2026-07-01T12:25:29.274+0000] {dag.py:3036} INFO - Sync 1 DAGs
[2026-07-01T12:25:29.324+0000] {logging_mixin.py:188} INFO - [2026-07-01T12:25:29.324+0000] {dag.py:3823} INFO - Setting next_dagrun for example_task_group_decorator to 2026-06-30 00:00:00+00:00, run_after=2026-07-01 00:00:00+00:00
[2026-07-01T12:25:29.363+0000] {processor.py:183} INFO - Processing /home/airflow/.local/lib/python3.8/site-packages/airflow/example_dags/example_task_group_decorator.py took 0.202 seconds
[2026-07-01T12:25:59.532+0000] {processor.py:161} INFO - Started process (PID=1937) to work on /home/airflow/.local/lib/python3.8/site-packages/airflow/example_dags/example_task_group_decorator.py
[2026-07-01T12:25:59.535+0000] {processor.py:830} INFO - Processing file /home/airflow/.local/lib/python3.8/site-packages/airflow/example_dags/example_task_group_decorator.py for tasks to queue
[2026-07-01T12:25:59.540+0000] {logging_mixin.py:188} INFO - [2026-07-01T12:25:59.540+0000] {dagbag.py:538} INFO - Filling up the DagBag from /home/airflow/.local/lib/python3.8/site-packages/airflow/example_dags/example_task_group_decorator.py
[2026-07-01T12:25:59.575+0000] {processor.py:840} INFO - DAG(s) 'example_task_group_decorator' retrieved from /home/airflow/.local/lib/python3.8/site-packages/airflow/example_dags/example_task_group_decorator.py
[2026-07-01T12:25:59.630+0000] {logging_mixin.py:188} INFO - [2026-07-01T12:25:59.630+0000] {dag.py:3036} INFO - Sync 1 DAGs
[2026-07-01T12:25:59.682+0000] {logging_mixin.py:188} INFO - [2026-07-01T12:25:59.681+0000] {dag.py:3823} INFO - Setting next_dagrun for example_task_group_decorator to 2026-06-30 00:00:00+00:00, run_after=2026-07-01 00:00:00+00:00
[2026-07-01T12:25:59.725+0000] {processor.py:183} INFO - Processing /home/airflow/.local/lib/python3.8/site-packages/airflow/example_dags/example_task_group_decorator.py took 0.201 seconds
[2026-07-01T12:26:29.926+0000] {processor.py:161} INFO - Started process (PID=1993) to work on /home/airflow/.local/lib/python3.8/site-packages/airflow/example_dags/example_task_group_decorator.py
[2026-07-01T12:26:29.931+0000] {processor.py:830} INFO - Processing file /home/airflow/.local/lib/python3.8/site-packages/airflow/example_dags/example_task_group_decorator.py for tasks to queue
[2026-07-01T12:26:29.937+0000] {logging_mixin.py:188} INFO - [2026-07-01T12:26:29.936+0000] {dagbag.py:538} INFO - Filling up the DagBag from /home/airflow/.local/lib/python3.8/site-packages/airflow/example_dags/example_task_group_decorator.py
[2026-07-01T12:26:29.974+0000] {processor.py:840} INFO - DAG(s) 'example_task_group_decorator' retrieved from /home/airflow/.local/lib/python3.8/site-packages/airflow/example_dags/example_task_group_decorator.py
[2026-07-01T12:26:30.037+0000] {logging_mixin.py:188} INFO - [2026-07-01T12:26:30.036+0000] {dag.py:3036} INFO - Sync 1 DAGs
[2026-07-01T12:26:30.095+0000] {logging_mixin.py:188} INFO - [2026-07-01T12:26:30.094+0000] {dag.py:3823} INFO - Setting next_dagrun for example_task_group_decorator to 2026-06-30 00:00:00+00:00, run_after=2026-07-01 00:00:00+00:00
[2026-07-01T12:26:30.141+0000] {processor.py:183} INFO - Processing /home/airflow/.local/lib/python3.8/site-packages/airflow/example_dags/example_task_group_decorator.py took 0.226 seconds
[2026-07-01T12:27:00.406+0000] {processor.py:161} INFO - Started process (PID=2049) to work on /home/airflow/.local/lib/python3.8/site-packages/airflow/example_dags/example_task_group_decorator.py
[2026-07-01T12:27:00.409+0000] {processor.py:830} INFO - Processing file /home/airflow/.local/lib/python3.8/site-packages/airflow/example_dags/example_task_group_decorator.py for tasks to queue
[2026-07-01T12:27:00.415+0000] {logging_mixin.py:188} INFO - [2026-07-01T12:27:00.414+0000] {dagbag.py:538} INFO - Filling up the DagBag from /home/airflow/.local/lib/python3.8/site-packages/airflow/example_dags/example_task_group_decorator.py
[2026-07-01T12:27:00.453+0000] {processor.py:840} INFO - DAG(s) 'example_task_group_decorator' retrieved from /home/airflow/.local/lib/python3.8/site-packages/airflow/example_dags/example_task_group_decorator.py
[2026-07-01T12:27:00.519+0000] {logging_mixin.py:188} INFO - [2026-07-01T12:27:00.518+0000] {dag.py:3036} INFO - Sync 1 DAGs
[2026-07-01T12:27:00.593+0000] {logging_mixin.py:188} INFO - [2026-07-01T12:27:00.592+0000] {dag.py:3823} INFO - Setting next_dagrun for example_task_group_decorator to 2026-06-30 00:00:00+00:00, run_after=2026-07-01 00:00:00+00:00
[2026-07-01T12:27:00.651+0000] {processor.py:183} INFO - Processing /home/airflow/.local/lib/python3.8/site-packages/airflow/example_dags/example_task_group_decorator.py took 0.254 seconds
[2026-07-01T12:27:30.928+0000] {processor.py:161} INFO - Started process (PID=2105) to work on /home/airflow/.local/lib/python3.8/site-packages/airflow/example_dags/example_task_group_decorator.py
[2026-07-01T12:27:30.932+0000] {processor.py:830} INFO - Processing file /home/airflow/.local/lib/python3.8/site-packages/airflow/example_dags/example_task_group_decorator.py for tasks to queue
[2026-07-01T12:27:30.939+0000] {logging_mixin.py:188} INFO - [2026-07-01T12:27:30.938+0000] {dagbag.py:538} INFO - Filling up the DagBag from /home/airflow/.local/lib/python3.8/site-packages/airflow/example_dags/example_task_group_decorator.py
[2026-07-01T12:27:30.980+0000] {processor.py:840} INFO - DAG(s) 'example_task_group_decorator' retrieved from /home/airflow/.local/lib/python3.8/site-packages/airflow/example_dags/example_task_group_decorator.py
[2026-07-01T12:27:31.051+0000] {logging_mixin.py:188} INFO - [2026-07-01T12:27:31.050+0000] {dag.py:3036} INFO - Sync 1 DAGs
[2026-07-01T12:27:31.115+0000] {logging_mixin.py:188} INFO - [2026-07-01T12:27:31.115+0000] {dag.py:3823} INFO - Setting next_dagrun for example_task_group_decorator to 2026-06-30 00:00:00+00:00, run_after=2026-07-01 00:00:00+00:00
[2026-07-01T12:27:31.172+0000] {processor.py:183} INFO - Processing /home/airflow/.local/lib/python3.8/site-packages/airflow/example_dags/example_task_group_decorator.py took 0.256 seconds
[2026-07-01T12:28:01.718+0000] {processor.py:161} INFO - Started process (PID=2161) to work on /home/airflow/.local/lib/python3.8/site-packages/airflow/example_dags/example_task_group_decorator.py
[2026-07-01T12:28:01.722+0000] {processor.py:830} INFO - Processing file /home/airflow/.local/lib/python3.8/site-packages/airflow/example_dags/example_task_group_decorator.py for tasks to queue
[2026-07-01T12:28:01.731+0000] {logging_mixin.py:188} INFO - [2026-07-01T12:28:01.730+0000] {dagbag.py:538} INFO - Filling up the DagBag from /home/airflow/.local/lib/python3.8/site-packages/airflow/example_dags/example_task_group_decorator.py
[2026-07-01T12:28:01.781+0000] {processor.py:840} INFO - DAG(s) 'example_task_group_decorator' retrieved from /home/airflow/.local/lib/python3.8/site-packages/airflow/example_dags/example_task_group_decorator.py
[2026-07-01T12:28:01.852+0000] {logging_mixin.py:188} INFO - [2026-07-01T12:28:01.851+0000] {dag.py:3036} INFO - Sync 1 DAGs
[2026-07-01T12:28:01.910+0000] {logging_mixin.py:188} INFO - [2026-07-01T12:28:01.909+0000] {dag.py:3823} INFO - Setting next_dagrun for example_task_group_decorator to 2026-06-30 00:00:00+00:00, run_after=2026-07-01 00:00:00+00:00
[2026-07-01T12:28:01.962+0000] {processor.py:183} INFO - Processing /home/airflow/.local/lib/python3.8/site-packages/airflow/example_dags/example_task_group_decorator.py took 0.255 seconds
[2026-07-01T12:28:32.554+0000] {processor.py:161} INFO - Started process (PID=2217) to work on /home/airflow/.local/lib/python3.8/site-packages/airflow/example_dags/example_task_group_decorator.py
[2026-07-01T12:28:32.558+0000] {processor.py:830} INFO - Processing file /home/airflow/.local/lib/python3.8/site-packages/airflow/example_dags/example_task_group_decorator.py for tasks to queue
[2026-07-01T12:28:32.563+0000] {logging_mixin.py:188} INFO - [2026-07-01T12:28:32.562+0000] {dagbag.py:538} INFO - Filling up the DagBag from /home/airflow/.local/lib/python3.8/site-packages/airflow/example_dags/example_task_group_decorator.py
[2026-07-01T12:28:32.593+0000] {processor.py:840} INFO - DAG(s) 'example_task_group_decorator' retrieved from /home/airflow/.local/lib/python3.8/site-packages/airflow/example_dags/example_task_group_decorator.py
[2026-07-01T12:28:32.645+0000] {logging_mixin.py:188} INFO - [2026-07-01T12:28:32.645+0000] {dag.py:3036} INFO - Sync 1 DAGs
[2026-07-01T12:28:32.691+0000] {logging_mixin.py:188} INFO - [2026-07-01T12:28:32.690+0000] {dag.py:3823} INFO - Setting next_dagrun for example_task_group_decorator to 2026-06-30 00:00:00+00:00, run_after=2026-07-01 00:00:00+00:00
[2026-07-01T12:28:32.729+0000] {processor.py:183} INFO - Processing /home/airflow/.local/lib/python3.8/site-packages/airflow/example_dags/example_task_group_decorator.py took 0.183 seconds
[2026-07-01T12:29:03.091+0000] {processor.py:161} INFO - Started process (PID=2274) to work on /home/airflow/.local/lib/python3.8/site-packages/airflow/example_dags/example_task_group_decorator.py
[2026-07-01T12:29:03.093+0000] {processor.py:830} INFO - Processing file /home/airflow/.local/lib/python3.8/site-packages/airflow/example_dags/example_task_group_decorator.py for tasks to queue
[2026-07-01T12:29:03.101+0000] {logging_mixin.py:188} INFO - [2026-07-01T12:29:03.100+0000] {dagbag.py:538} INFO - Filling up the DagBag from /home/airflow/.local/lib/python3.8/site-packages/airflow/example_dags/example_task_group_decorator.py
[2026-07-01T12:29:03.145+0000] {processor.py:840} INFO - DAG(s) 'example_task_group_decorator' retrieved from /home/airflow/.local/lib/python3.8/site-packages/airflow/example_dags/example_task_group_decorator.py
[2026-07-01T12:29:03.206+0000] {logging_mixin.py:188} INFO - [2026-07-01T12:29:03.206+0000] {dag.py:3036} INFO - Sync 1 DAGs
[2026-07-01T12:29:03.258+0000] {logging_mixin.py:188} INFO - [2026-07-01T12:29:03.258+0000] {dag.py:3823} INFO - Setting next_dagrun for example_task_group_decorator to 2026-06-30 00:00:00+00:00, run_after=2026-07-01 00:00:00+00:00
[2026-07-01T12:29:03.306+0000] {processor.py:183} INFO - Processing /home/airflow/.local/lib/python3.8/site-packages/airflow/example_dags/example_task_group_decorator.py took 0.226 seconds
[2026-07-01T12:29:33.459+0000] {processor.py:161} INFO - Started process (PID=2330) to work on /home/airflow/.local/lib/python3.8/site-packages/airflow/example_dags/example_task_group_decorator.py
[2026-07-01T12:29:33.462+0000] {processor.py:830} INFO - Processing file /home/airflow/.local/lib/python3.8/site-packages/airflow/example_dags/example_task_group_decorator.py for tasks to queue
[2026-07-01T12:29:33.466+0000] {logging_mixin.py:188} INFO - [2026-07-01T12:29:33.466+0000] {dagbag.py:538} INFO - Filling up the DagBag from /home/airflow/.local/lib/python3.8/site-packages/airflow/example_dags/example_task_group_decorator.py
[2026-07-01T12:29:33.495+0000] {processor.py:840} INFO - DAG(s) 'example_task_group_decorator' retrieved from /home/airflow/.local/lib/python3.8/site-packages/airflow/example_dags/example_task_group_decorator.py
[2026-07-01T12:29:33.546+0000] {logging_mixin.py:188} INFO - [2026-07-01T12:29:33.546+0000] {dag.py:3036} INFO - Sync 1 DAGs
[2026-07-01T12:29:33.599+0000] {logging_mixin.py:188} INFO - [2026-07-01T12:29:33.598+0000] {dag.py:3823} INFO - Setting next_dagrun for example_task_group_decorator to 2026-06-30 00:00:00+00:00, run_after=2026-07-01 00:00:00+00:00
[2026-07-01T12:29:33.646+0000] {processor.py:183} INFO - Processing /home/airflow/.local/lib/python3.8/site-packages/airflow/example_dags/example_task_group_decorator.py took 0.195 seconds
