[2026-07-01T11:58:31.154+0000] {processor.py:161} INFO - Started process (PID=104) to work on /home/airflow/.local/lib/python3.8/site-packages/airflow/example_dags/example_branch_python_dop_operator_3.py
[2026-07-01T11:58:31.158+0000] {processor.py:830} INFO - Processing file /home/airflow/.local/lib/python3.8/site-packages/airflow/example_dags/example_branch_python_dop_operator_3.py for tasks to queue
[2026-07-01T11:58:31.168+0000] {logging_mixin.py:188} INFO - [2026-07-01T11:58:31.167+0000] {dagbag.py:538} INFO - Filling up the DagBag from /home/airflow/.local/lib/python3.8/site-packages/airflow/example_dags/example_branch_python_dop_operator_3.py
[2026-07-01T11:58:31.266+0000] {processor.py:840} INFO - DAG(s) 'example_branch_dop_operator_v3' retrieved from /home/airflow/.local/lib/python3.8/site-packages/airflow/example_dags/example_branch_python_dop_operator_3.py
[2026-07-01T11:58:31.719+0000] {logging_mixin.py:188} INFO - [2026-07-01T11:58:31.715+0000] {dag.py:3036} INFO - Sync 1 DAGs
[2026-07-01T11:58:31.834+0000] {logging_mixin.py:188} INFO - [2026-07-01T11:58:31.833+0000] {dag.py:3823} INFO - Setting next_dagrun for example_branch_dop_operator_v3 to 2026-07-01 11:57:00+00:00, run_after=2026-07-01 11:58:00+00:00
[2026-07-01T11:58:31.921+0000] {processor.py:183} INFO - Processing /home/airflow/.local/lib/python3.8/site-packages/airflow/example_dags/example_branch_python_dop_operator_3.py took 0.778 seconds
[2026-07-01T11:59:02.595+0000] {processor.py:161} INFO - Started process (PID=159) to work on /home/airflow/.local/lib/python3.8/site-packages/airflow/example_dags/example_branch_python_dop_operator_3.py
[2026-07-01T11:59:02.599+0000] {processor.py:830} INFO - Processing file /home/airflow/.local/lib/python3.8/site-packages/airflow/example_dags/example_branch_python_dop_operator_3.py for tasks to queue
[2026-07-01T11:59:02.605+0000] {logging_mixin.py:188} INFO - [2026-07-01T11:59:02.604+0000] {dagbag.py:538} INFO - Filling up the DagBag from /home/airflow/.local/lib/python3.8/site-packages/airflow/example_dags/example_branch_python_dop_operator_3.py
[2026-07-01T11:59:02.628+0000] {processor.py:840} INFO - DAG(s) 'example_branch_dop_operator_v3' retrieved from /home/airflow/.local/lib/python3.8/site-packages/airflow/example_dags/example_branch_python_dop_operator_3.py
[2026-07-01T11:59:02.684+0000] {logging_mixin.py:188} INFO - [2026-07-01T11:59:02.684+0000] {dag.py:3036} INFO - Sync 1 DAGs
[2026-07-01T11:59:02.760+0000] {logging_mixin.py:188} INFO - [2026-07-01T11:59:02.760+0000] {dag.py:3823} INFO - Setting next_dagrun for example_branch_dop_operator_v3 to 2026-07-01 11:58:00+00:00, run_after=2026-07-01 11:59:00+00:00
[2026-07-01T11:59:02.819+0000] {processor.py:183} INFO - Processing /home/airflow/.local/lib/python3.8/site-packages/airflow/example_dags/example_branch_python_dop_operator_3.py took 0.233 seconds
[2026-07-01T11:59:33.002+0000] {processor.py:161} INFO - Started process (PID=214) to work on /home/airflow/.local/lib/python3.8/site-packages/airflow/example_dags/example_branch_python_dop_operator_3.py
[2026-07-01T11:59:33.005+0000] {processor.py:830} INFO - Processing file /home/airflow/.local/lib/python3.8/site-packages/airflow/example_dags/example_branch_python_dop_operator_3.py for tasks to queue
[2026-07-01T11:59:33.011+0000] {logging_mixin.py:188} INFO - [2026-07-01T11:59:33.010+0000] {dagbag.py:538} INFO - Filling up the DagBag from /home/airflow/.local/lib/python3.8/site-packages/airflow/example_dags/example_branch_python_dop_operator_3.py
[2026-07-01T11:59:33.039+0000] {processor.py:840} INFO - DAG(s) 'example_branch_dop_operator_v3' retrieved from /home/airflow/.local/lib/python3.8/site-packages/airflow/example_dags/example_branch_python_dop_operator_3.py
[2026-07-01T11:59:33.101+0000] {logging_mixin.py:188} INFO - [2026-07-01T11:59:33.101+0000] {dag.py:3036} INFO - Sync 1 DAGs
[2026-07-01T11:59:33.182+0000] {logging_mixin.py:188} INFO - [2026-07-01T11:59:33.181+0000] {dag.py:3823} INFO - Setting next_dagrun for example_branch_dop_operator_v3 to 2026-07-01 11:58:00+00:00, run_after=2026-07-01 11:59:00+00:00
[2026-07-01T11:59:33.240+0000] {processor.py:183} INFO - Processing /home/airflow/.local/lib/python3.8/site-packages/airflow/example_dags/example_branch_python_dop_operator_3.py took 0.246 seconds
[2026-07-01T12:00:03.332+0000] {processor.py:161} INFO - Started process (PID=269) to work on /home/airflow/.local/lib/python3.8/site-packages/airflow/example_dags/example_branch_python_dop_operator_3.py
[2026-07-01T12:00:03.335+0000] {processor.py:830} INFO - Processing file /home/airflow/.local/lib/python3.8/site-packages/airflow/example_dags/example_branch_python_dop_operator_3.py for tasks to queue
[2026-07-01T12:00:03.342+0000] {logging_mixin.py:188} INFO - [2026-07-01T12:00:03.341+0000] {dagbag.py:538} INFO - Filling up the DagBag from /home/airflow/.local/lib/python3.8/site-packages/airflow/example_dags/example_branch_python_dop_operator_3.py
[2026-07-01T12:00:03.366+0000] {processor.py:840} INFO - DAG(s) 'example_branch_dop_operator_v3' retrieved from /home/airflow/.local/lib/python3.8/site-packages/airflow/example_dags/example_branch_python_dop_operator_3.py
[2026-07-01T12:00:03.400+0000] {logging_mixin.py:188} INFO - [2026-07-01T12:00:03.399+0000] {dag.py:3036} INFO - Sync 1 DAGs
[2026-07-01T12:00:03.476+0000] {logging_mixin.py:188} INFO - [2026-07-01T12:00:03.475+0000] {dag.py:3823} INFO - Setting next_dagrun for example_branch_dop_operator_v3 to 2026-07-01 11:59:00+00:00, run_after=2026-07-01 12:00:00+00:00
[2026-07-01T12:00:03.539+0000] {processor.py:183} INFO - Processing /home/airflow/.local/lib/python3.8/site-packages/airflow/example_dags/example_branch_python_dop_operator_3.py took 0.216 seconds
[2026-07-01T12:00:34.630+0000] {processor.py:161} INFO - Started process (PID=324) to work on /home/airflow/.local/lib/python3.8/site-packages/airflow/example_dags/example_branch_python_dop_operator_3.py
[2026-07-01T12:00:34.633+0000] {processor.py:830} INFO - Processing file /home/airflow/.local/lib/python3.8/site-packages/airflow/example_dags/example_branch_python_dop_operator_3.py for tasks to queue
[2026-07-01T12:00:34.638+0000] {logging_mixin.py:188} INFO - [2026-07-01T12:00:34.638+0000] {dagbag.py:538} INFO - Filling up the DagBag from /home/airflow/.local/lib/python3.8/site-packages/airflow/example_dags/example_branch_python_dop_operator_3.py
[2026-07-01T12:00:34.663+0000] {processor.py:840} INFO - DAG(s) 'example_branch_dop_operator_v3' retrieved from /home/airflow/.local/lib/python3.8/site-packages/airflow/example_dags/example_branch_python_dop_operator_3.py
[2026-07-01T12:00:34.889+0000] {logging_mixin.py:188} INFO - [2026-07-01T12:00:34.888+0000] {dag.py:3036} INFO - Sync 1 DAGs
[2026-07-01T12:00:34.952+0000] {logging_mixin.py:188} INFO - [2026-07-01T12:00:34.952+0000] {dag.py:3823} INFO - Setting next_dagrun for example_branch_dop_operator_v3 to 2026-07-01 11:59:00+00:00, run_after=2026-07-01 12:00:00+00:00
[2026-07-01T12:00:35.003+0000] {processor.py:183} INFO - Processing /home/airflow/.local/lib/python3.8/site-packages/airflow/example_dags/example_branch_python_dop_operator_3.py took 0.381 seconds
[2026-07-01T12:01:05.358+0000] {processor.py:161} INFO - Started process (PID=379) to work on /home/airflow/.local/lib/python3.8/site-packages/airflow/example_dags/example_branch_python_dop_operator_3.py
[2026-07-01T12:01:05.424+0000] {processor.py:830} INFO - Processing file /home/airflow/.local/lib/python3.8/site-packages/airflow/example_dags/example_branch_python_dop_operator_3.py for tasks to queue
[2026-07-01T12:01:05.433+0000] {logging_mixin.py:188} INFO - [2026-07-01T12:01:05.432+0000] {dagbag.py:538} INFO - Filling up the DagBag from /home/airflow/.local/lib/python3.8/site-packages/airflow/example_dags/example_branch_python_dop_operator_3.py
[2026-07-01T12:01:05.473+0000] {processor.py:840} INFO - DAG(s) 'example_branch_dop_operator_v3' retrieved from /home/airflow/.local/lib/python3.8/site-packages/airflow/example_dags/example_branch_python_dop_operator_3.py
[2026-07-01T12:01:05.586+0000] {logging_mixin.py:188} INFO - [2026-07-01T12:01:05.585+0000] {dag.py:3036} INFO - Sync 1 DAGs
[2026-07-01T12:01:05.725+0000] {logging_mixin.py:188} INFO - [2026-07-01T12:01:05.724+0000] {dag.py:3823} INFO - Setting next_dagrun for example_branch_dop_operator_v3 to 2026-07-01 12:00:00+00:00, run_after=2026-07-01 12:01:00+00:00
[2026-07-01T12:01:05.787+0000] {processor.py:183} INFO - Processing /home/airflow/.local/lib/python3.8/site-packages/airflow/example_dags/example_branch_python_dop_operator_3.py took 0.436 seconds
[2026-07-01T12:01:36.190+0000] {processor.py:161} INFO - Started process (PID=434) to work on /home/airflow/.local/lib/python3.8/site-packages/airflow/example_dags/example_branch_python_dop_operator_3.py
[2026-07-01T12:01:36.194+0000] {processor.py:830} INFO - Processing file /home/airflow/.local/lib/python3.8/site-packages/airflow/example_dags/example_branch_python_dop_operator_3.py for tasks to queue
[2026-07-01T12:01:36.201+0000] {logging_mixin.py:188} INFO - [2026-07-01T12:01:36.200+0000] {dagbag.py:538} INFO - Filling up the DagBag from /home/airflow/.local/lib/python3.8/site-packages/airflow/example_dags/example_branch_python_dop_operator_3.py
[2026-07-01T12:01:36.251+0000] {processor.py:840} INFO - DAG(s) 'example_branch_dop_operator_v3' retrieved from /home/airflow/.local/lib/python3.8/site-packages/airflow/example_dags/example_branch_python_dop_operator_3.py
[2026-07-01T12:01:36.340+0000] {logging_mixin.py:188} INFO - [2026-07-01T12:01:36.339+0000] {dag.py:3036} INFO - Sync 1 DAGs
[2026-07-01T12:01:36.443+0000] {logging_mixin.py:188} INFO - [2026-07-01T12:01:36.443+0000] {dag.py:3823} INFO - Setting next_dagrun for example_branch_dop_operator_v3 to 2026-07-01 12:00:00+00:00, run_after=2026-07-01 12:01:00+00:00
[2026-07-01T12:01:36.528+0000] {processor.py:183} INFO - Processing /home/airflow/.local/lib/python3.8/site-packages/airflow/example_dags/example_branch_python_dop_operator_3.py took 0.358 seconds
[2026-07-01T12:02:06.902+0000] {processor.py:161} INFO - Started process (PID=490) to work on /home/airflow/.local/lib/python3.8/site-packages/airflow/example_dags/example_branch_python_dop_operator_3.py
[2026-07-01T12:02:06.912+0000] {processor.py:830} INFO - Processing file /home/airflow/.local/lib/python3.8/site-packages/airflow/example_dags/example_branch_python_dop_operator_3.py for tasks to queue
[2026-07-01T12:02:06.918+0000] {logging_mixin.py:188} INFO - [2026-07-01T12:02:06.917+0000] {dagbag.py:538} INFO - Filling up the DagBag from /home/airflow/.local/lib/python3.8/site-packages/airflow/example_dags/example_branch_python_dop_operator_3.py
[2026-07-01T12:02:06.943+0000] {processor.py:840} INFO - DAG(s) 'example_branch_dop_operator_v3' retrieved from /home/airflow/.local/lib/python3.8/site-packages/airflow/example_dags/example_branch_python_dop_operator_3.py
[2026-07-01T12:02:06.994+0000] {logging_mixin.py:188} INFO - [2026-07-01T12:02:06.993+0000] {dag.py:3036} INFO - Sync 1 DAGs
[2026-07-01T12:02:07.061+0000] {logging_mixin.py:188} INFO - [2026-07-01T12:02:07.061+0000] {dag.py:3823} INFO - Setting next_dagrun for example_branch_dop_operator_v3 to 2026-07-01 12:01:00+00:00, run_after=2026-07-01 12:02:00+00:00
[2026-07-01T12:02:07.109+0000] {processor.py:183} INFO - Processing /home/airflow/.local/lib/python3.8/site-packages/airflow/example_dags/example_branch_python_dop_operator_3.py took 0.217 seconds
[2026-07-01T12:02:37.683+0000] {processor.py:161} INFO - Started process (PID=544) to work on /home/airflow/.local/lib/python3.8/site-packages/airflow/example_dags/example_branch_python_dop_operator_3.py
[2026-07-01T12:02:37.686+0000] {processor.py:830} INFO - Processing file /home/airflow/.local/lib/python3.8/site-packages/airflow/example_dags/example_branch_python_dop_operator_3.py for tasks to queue
[2026-07-01T12:02:37.691+0000] {logging_mixin.py:188} INFO - [2026-07-01T12:02:37.691+0000] {dagbag.py:538} INFO - Filling up the DagBag from /home/airflow/.local/lib/python3.8/site-packages/airflow/example_dags/example_branch_python_dop_operator_3.py
[2026-07-01T12:02:37.715+0000] {processor.py:840} INFO - DAG(s) 'example_branch_dop_operator_v3' retrieved from /home/airflow/.local/lib/python3.8/site-packages/airflow/example_dags/example_branch_python_dop_operator_3.py
[2026-07-01T12:02:37.765+0000] {logging_mixin.py:188} INFO - [2026-07-01T12:02:37.765+0000] {dag.py:3036} INFO - Sync 1 DAGs
[2026-07-01T12:02:37.831+0000] {logging_mixin.py:188} INFO - [2026-07-01T12:02:37.831+0000] {dag.py:3823} INFO - Setting next_dagrun for example_branch_dop_operator_v3 to 2026-07-01 12:01:00+00:00, run_after=2026-07-01 12:02:00+00:00
[2026-07-01T12:02:37.885+0000] {processor.py:183} INFO - Processing /home/airflow/.local/lib/python3.8/site-packages/airflow/example_dags/example_branch_python_dop_operator_3.py took 0.211 seconds
[2026-07-01T12:03:08.081+0000] {processor.py:161} INFO - Started process (PID=599) to work on /home/airflow/.local/lib/python3.8/site-packages/airflow/example_dags/example_branch_python_dop_operator_3.py
[2026-07-01T12:03:08.084+0000] {processor.py:830} INFO - Processing file /home/airflow/.local/lib/python3.8/site-packages/airflow/example_dags/example_branch_python_dop_operator_3.py for tasks to queue
[2026-07-01T12:03:08.090+0000] {logging_mixin.py:188} INFO - [2026-07-01T12:03:08.089+0000] {dagbag.py:538} INFO - Filling up the DagBag from /home/airflow/.local/lib/python3.8/site-packages/airflow/example_dags/example_branch_python_dop_operator_3.py
[2026-07-01T12:03:08.113+0000] {processor.py:840} INFO - DAG(s) 'example_branch_dop_operator_v3' retrieved from /home/airflow/.local/lib/python3.8/site-packages/airflow/example_dags/example_branch_python_dop_operator_3.py
[2026-07-01T12:03:08.164+0000] {logging_mixin.py:188} INFO - [2026-07-01T12:03:08.164+0000] {dag.py:3036} INFO - Sync 1 DAGs
[2026-07-01T12:03:08.224+0000] {logging_mixin.py:188} INFO - [2026-07-01T12:03:08.223+0000] {dag.py:3823} INFO - Setting next_dagrun for example_branch_dop_operator_v3 to 2026-07-01 12:02:00+00:00, run_after=2026-07-01 12:03:00+00:00
[2026-07-01T12:03:08.269+0000] {processor.py:183} INFO - Processing /home/airflow/.local/lib/python3.8/site-packages/airflow/example_dags/example_branch_python_dop_operator_3.py took 0.195 seconds
[2026-07-01T12:03:38.713+0000] {processor.py:161} INFO - Started process (PID=655) to work on /home/airflow/.local/lib/python3.8/site-packages/airflow/example_dags/example_branch_python_dop_operator_3.py
[2026-07-01T12:03:38.716+0000] {processor.py:830} INFO - Processing file /home/airflow/.local/lib/python3.8/site-packages/airflow/example_dags/example_branch_python_dop_operator_3.py for tasks to queue
[2026-07-01T12:03:38.722+0000] {logging_mixin.py:188} INFO - [2026-07-01T12:03:38.721+0000] {dagbag.py:538} INFO - Filling up the DagBag from /home/airflow/.local/lib/python3.8/site-packages/airflow/example_dags/example_branch_python_dop_operator_3.py
[2026-07-01T12:03:38.745+0000] {processor.py:840} INFO - DAG(s) 'example_branch_dop_operator_v3' retrieved from /home/airflow/.local/lib/python3.8/site-packages/airflow/example_dags/example_branch_python_dop_operator_3.py
[2026-07-01T12:03:38.791+0000] {logging_mixin.py:188} INFO - [2026-07-01T12:03:38.791+0000] {dag.py:3036} INFO - Sync 1 DAGs
[2026-07-01T12:03:38.859+0000] {logging_mixin.py:188} INFO - [2026-07-01T12:03:38.859+0000] {dag.py:3823} INFO - Setting next_dagrun for example_branch_dop_operator_v3 to 2026-07-01 12:02:00+00:00, run_after=2026-07-01 12:03:00+00:00
[2026-07-01T12:03:38.914+0000] {processor.py:183} INFO - Processing /home/airflow/.local/lib/python3.8/site-packages/airflow/example_dags/example_branch_python_dop_operator_3.py took 0.209 seconds
[2026-07-01T12:04:09.341+0000] {processor.py:161} INFO - Started process (PID=710) to work on /home/airflow/.local/lib/python3.8/site-packages/airflow/example_dags/example_branch_python_dop_operator_3.py
[2026-07-01T12:04:09.345+0000] {processor.py:830} INFO - Processing file /home/airflow/.local/lib/python3.8/site-packages/airflow/example_dags/example_branch_python_dop_operator_3.py for tasks to queue
[2026-07-01T12:04:09.350+0000] {logging_mixin.py:188} INFO - [2026-07-01T12:04:09.349+0000] {dagbag.py:538} INFO - Filling up the DagBag from /home/airflow/.local/lib/python3.8/site-packages/airflow/example_dags/example_branch_python_dop_operator_3.py
[2026-07-01T12:04:09.373+0000] {processor.py:840} INFO - DAG(s) 'example_branch_dop_operator_v3' retrieved from /home/airflow/.local/lib/python3.8/site-packages/airflow/example_dags/example_branch_python_dop_operator_3.py
[2026-07-01T12:04:09.426+0000] {logging_mixin.py:188} INFO - [2026-07-01T12:04:09.426+0000] {dag.py:3036} INFO - Sync 1 DAGs
[2026-07-01T12:04:09.491+0000] {logging_mixin.py:188} INFO - [2026-07-01T12:04:09.490+0000] {dag.py:3823} INFO - Setting next_dagrun for example_branch_dop_operator_v3 to 2026-07-01 12:03:00+00:00, run_after=2026-07-01 12:04:00+00:00
[2026-07-01T12:04:09.539+0000] {processor.py:183} INFO - Processing /home/airflow/.local/lib/python3.8/site-packages/airflow/example_dags/example_branch_python_dop_operator_3.py took 0.206 seconds
[2026-07-01T12:04:40.146+0000] {processor.py:161} INFO - Started process (PID=765) to work on /home/airflow/.local/lib/python3.8/site-packages/airflow/example_dags/example_branch_python_dop_operator_3.py
[2026-07-01T12:04:40.150+0000] {processor.py:830} INFO - Processing file /home/airflow/.local/lib/python3.8/site-packages/airflow/example_dags/example_branch_python_dop_operator_3.py for tasks to queue
[2026-07-01T12:04:40.157+0000] {logging_mixin.py:188} INFO - [2026-07-01T12:04:40.156+0000] {dagbag.py:538} INFO - Filling up the DagBag from /home/airflow/.local/lib/python3.8/site-packages/airflow/example_dags/example_branch_python_dop_operator_3.py
[2026-07-01T12:04:40.187+0000] {processor.py:840} INFO - DAG(s) 'example_branch_dop_operator_v3' retrieved from /home/airflow/.local/lib/python3.8/site-packages/airflow/example_dags/example_branch_python_dop_operator_3.py
[2026-07-01T12:04:40.247+0000] {logging_mixin.py:188} INFO - [2026-07-01T12:04:40.246+0000] {dag.py:3036} INFO - Sync 1 DAGs
[2026-07-01T12:04:40.322+0000] {logging_mixin.py:188} INFO - [2026-07-01T12:04:40.321+0000] {dag.py:3823} INFO - Setting next_dagrun for example_branch_dop_operator_v3 to 2026-07-01 12:03:00+00:00, run_after=2026-07-01 12:04:00+00:00
[2026-07-01T12:04:40.377+0000] {processor.py:183} INFO - Processing /home/airflow/.local/lib/python3.8/site-packages/airflow/example_dags/example_branch_python_dop_operator_3.py took 0.243 seconds
[2026-07-01T12:05:10.817+0000] {processor.py:161} INFO - Started process (PID=820) to work on /home/airflow/.local/lib/python3.8/site-packages/airflow/example_dags/example_branch_python_dop_operator_3.py
[2026-07-01T12:05:10.823+0000] {processor.py:830} INFO - Processing file /home/airflow/.local/lib/python3.8/site-packages/airflow/example_dags/example_branch_python_dop_operator_3.py for tasks to queue
[2026-07-01T12:05:10.833+0000] {logging_mixin.py:188} INFO - [2026-07-01T12:05:10.831+0000] {dagbag.py:538} INFO - Filling up the DagBag from /home/airflow/.local/lib/python3.8/site-packages/airflow/example_dags/example_branch_python_dop_operator_3.py
[2026-07-01T12:05:10.860+0000] {processor.py:840} INFO - DAG(s) 'example_branch_dop_operator_v3' retrieved from /home/airflow/.local/lib/python3.8/site-packages/airflow/example_dags/example_branch_python_dop_operator_3.py
[2026-07-01T12:05:10.917+0000] {logging_mixin.py:188} INFO - [2026-07-01T12:05:10.917+0000] {dag.py:3036} INFO - Sync 1 DAGs
[2026-07-01T12:05:10.998+0000] {logging_mixin.py:188} INFO - [2026-07-01T12:05:10.997+0000] {dag.py:3823} INFO - Setting next_dagrun for example_branch_dop_operator_v3 to 2026-07-01 12:04:00+00:00, run_after=2026-07-01 12:05:00+00:00
[2026-07-01T12:05:11.049+0000] {processor.py:183} INFO - Processing /home/airflow/.local/lib/python3.8/site-packages/airflow/example_dags/example_branch_python_dop_operator_3.py took 0.242 seconds
[2026-07-01T12:05:41.160+0000] {processor.py:161} INFO - Started process (PID=875) to work on /home/airflow/.local/lib/python3.8/site-packages/airflow/example_dags/example_branch_python_dop_operator_3.py
[2026-07-01T12:05:41.163+0000] {processor.py:830} INFO - Processing file /home/airflow/.local/lib/python3.8/site-packages/airflow/example_dags/example_branch_python_dop_operator_3.py for tasks to queue
[2026-07-01T12:05:41.170+0000] {logging_mixin.py:188} INFO - [2026-07-01T12:05:41.169+0000] {dagbag.py:538} INFO - Filling up the DagBag from /home/airflow/.local/lib/python3.8/site-packages/airflow/example_dags/example_branch_python_dop_operator_3.py
[2026-07-01T12:05:41.194+0000] {processor.py:840} INFO - DAG(s) 'example_branch_dop_operator_v3' retrieved from /home/airflow/.local/lib/python3.8/site-packages/airflow/example_dags/example_branch_python_dop_operator_3.py
[2026-07-01T12:05:41.245+0000] {logging_mixin.py:188} INFO - [2026-07-01T12:05:41.244+0000] {dag.py:3036} INFO - Sync 1 DAGs
[2026-07-01T12:05:41.308+0000] {logging_mixin.py:188} INFO - [2026-07-01T12:05:41.307+0000] {dag.py:3823} INFO - Setting next_dagrun for example_branch_dop_operator_v3 to 2026-07-01 12:04:00+00:00, run_after=2026-07-01 12:05:00+00:00
[2026-07-01T12:05:41.366+0000] {processor.py:183} INFO - Processing /home/airflow/.local/lib/python3.8/site-packages/airflow/example_dags/example_branch_python_dop_operator_3.py took 0.213 seconds
[2026-07-01T12:06:11.943+0000] {processor.py:161} INFO - Started process (PID=930) to work on /home/airflow/.local/lib/python3.8/site-packages/airflow/example_dags/example_branch_python_dop_operator_3.py
[2026-07-01T12:06:11.947+0000] {processor.py:830} INFO - Processing file /home/airflow/.local/lib/python3.8/site-packages/airflow/example_dags/example_branch_python_dop_operator_3.py for tasks to queue
[2026-07-01T12:06:11.955+0000] {logging_mixin.py:188} INFO - [2026-07-01T12:06:11.954+0000] {dagbag.py:538} INFO - Filling up the DagBag from /home/airflow/.local/lib/python3.8/site-packages/airflow/example_dags/example_branch_python_dop_operator_3.py
[2026-07-01T12:06:11.993+0000] {processor.py:840} INFO - DAG(s) 'example_branch_dop_operator_v3' retrieved from /home/airflow/.local/lib/python3.8/site-packages/airflow/example_dags/example_branch_python_dop_operator_3.py
[2026-07-01T12:06:12.067+0000] {logging_mixin.py:188} INFO - [2026-07-01T12:06:12.066+0000] {dag.py:3036} INFO - Sync 1 DAGs
[2026-07-01T12:06:12.158+0000] {logging_mixin.py:188} INFO - [2026-07-01T12:06:12.157+0000] {dag.py:3823} INFO - Setting next_dagrun for example_branch_dop_operator_v3 to 2026-07-01 12:05:00+00:00, run_after=2026-07-01 12:06:00+00:00
[2026-07-01T12:06:12.222+0000] {processor.py:183} INFO - Processing /home/airflow/.local/lib/python3.8/site-packages/airflow/example_dags/example_branch_python_dop_operator_3.py took 0.289 seconds
[2026-07-01T12:06:42.444+0000] {processor.py:161} INFO - Started process (PID=985) to work on /home/airflow/.local/lib/python3.8/site-packages/airflow/example_dags/example_branch_python_dop_operator_3.py
[2026-07-01T12:06:42.447+0000] {processor.py:830} INFO - Processing file /home/airflow/.local/lib/python3.8/site-packages/airflow/example_dags/example_branch_python_dop_operator_3.py for tasks to queue
[2026-07-01T12:06:42.453+0000] {logging_mixin.py:188} INFO - [2026-07-01T12:06:42.452+0000] {dagbag.py:538} INFO - Filling up the DagBag from /home/airflow/.local/lib/python3.8/site-packages/airflow/example_dags/example_branch_python_dop_operator_3.py
[2026-07-01T12:06:42.474+0000] {processor.py:840} INFO - DAG(s) 'example_branch_dop_operator_v3' retrieved from /home/airflow/.local/lib/python3.8/site-packages/airflow/example_dags/example_branch_python_dop_operator_3.py
[2026-07-01T12:06:42.525+0000] {logging_mixin.py:188} INFO - [2026-07-01T12:06:42.525+0000] {dag.py:3036} INFO - Sync 1 DAGs
[2026-07-01T12:06:42.592+0000] {logging_mixin.py:188} INFO - [2026-07-01T12:06:42.592+0000] {dag.py:3823} INFO - Setting next_dagrun for example_branch_dop_operator_v3 to 2026-07-01 12:05:00+00:00, run_after=2026-07-01 12:06:00+00:00
[2026-07-01T12:06:42.644+0000] {processor.py:183} INFO - Processing /home/airflow/.local/lib/python3.8/site-packages/airflow/example_dags/example_branch_python_dop_operator_3.py took 0.209 seconds
[2026-07-01T12:07:13.251+0000] {processor.py:161} INFO - Started process (PID=1040) to work on /home/airflow/.local/lib/python3.8/site-packages/airflow/example_dags/example_branch_python_dop_operator_3.py
[2026-07-01T12:07:13.254+0000] {processor.py:830} INFO - Processing file /home/airflow/.local/lib/python3.8/site-packages/airflow/example_dags/example_branch_python_dop_operator_3.py for tasks to queue
[2026-07-01T12:07:13.260+0000] {logging_mixin.py:188} INFO - [2026-07-01T12:07:13.259+0000] {dagbag.py:538} INFO - Filling up the DagBag from /home/airflow/.local/lib/python3.8/site-packages/airflow/example_dags/example_branch_python_dop_operator_3.py
[2026-07-01T12:07:13.282+0000] {processor.py:840} INFO - DAG(s) 'example_branch_dop_operator_v3' retrieved from /home/airflow/.local/lib/python3.8/site-packages/airflow/example_dags/example_branch_python_dop_operator_3.py
[2026-07-01T12:07:13.328+0000] {logging_mixin.py:188} INFO - [2026-07-01T12:07:13.327+0000] {dag.py:3036} INFO - Sync 1 DAGs
[2026-07-01T12:07:13.384+0000] {logging_mixin.py:188} INFO - [2026-07-01T12:07:13.383+0000] {dag.py:3823} INFO - Setting next_dagrun for example_branch_dop_operator_v3 to 2026-07-01 12:06:00+00:00, run_after=2026-07-01 12:07:00+00:00
[2026-07-01T12:07:13.425+0000] {processor.py:183} INFO - Processing /home/airflow/.local/lib/python3.8/site-packages/airflow/example_dags/example_branch_python_dop_operator_3.py took 0.182 seconds
[2026-07-01T12:07:43.656+0000] {processor.py:161} INFO - Started process (PID=1096) to work on /home/airflow/.local/lib/python3.8/site-packages/airflow/example_dags/example_branch_python_dop_operator_3.py
[2026-07-01T12:07:43.659+0000] {processor.py:830} INFO - Processing file /home/airflow/.local/lib/python3.8/site-packages/airflow/example_dags/example_branch_python_dop_operator_3.py for tasks to queue
[2026-07-01T12:07:43.665+0000] {logging_mixin.py:188} INFO - [2026-07-01T12:07:43.664+0000] {dagbag.py:538} INFO - Filling up the DagBag from /home/airflow/.local/lib/python3.8/site-packages/airflow/example_dags/example_branch_python_dop_operator_3.py
[2026-07-01T12:07:43.687+0000] {processor.py:840} INFO - DAG(s) 'example_branch_dop_operator_v3' retrieved from /home/airflow/.local/lib/python3.8/site-packages/airflow/example_dags/example_branch_python_dop_operator_3.py
[2026-07-01T12:07:43.735+0000] {logging_mixin.py:188} INFO - [2026-07-01T12:07:43.735+0000] {dag.py:3036} INFO - Sync 1 DAGs
[2026-07-01T12:07:43.797+0000] {logging_mixin.py:188} INFO - [2026-07-01T12:07:43.797+0000] {dag.py:3823} INFO - Setting next_dagrun for example_branch_dop_operator_v3 to 2026-07-01 12:06:00+00:00, run_after=2026-07-01 12:07:00+00:00
[2026-07-01T12:07:43.839+0000] {processor.py:183} INFO - Processing /home/airflow/.local/lib/python3.8/site-packages/airflow/example_dags/example_branch_python_dop_operator_3.py took 0.191 seconds
[2026-07-01T12:08:14.438+0000] {processor.py:161} INFO - Started process (PID=1151) to work on /home/airflow/.local/lib/python3.8/site-packages/airflow/example_dags/example_branch_python_dop_operator_3.py
[2026-07-01T12:08:14.446+0000] {processor.py:830} INFO - Processing file /home/airflow/.local/lib/python3.8/site-packages/airflow/example_dags/example_branch_python_dop_operator_3.py for tasks to queue
[2026-07-01T12:08:14.460+0000] {logging_mixin.py:188} INFO - [2026-07-01T12:08:14.459+0000] {dagbag.py:538} INFO - Filling up the DagBag from /home/airflow/.local/lib/python3.8/site-packages/airflow/example_dags/example_branch_python_dop_operator_3.py
[2026-07-01T12:08:14.512+0000] {processor.py:840} INFO - DAG(s) 'example_branch_dop_operator_v3' retrieved from /home/airflow/.local/lib/python3.8/site-packages/airflow/example_dags/example_branch_python_dop_operator_3.py
[2026-07-01T12:08:14.599+0000] {logging_mixin.py:188} INFO - [2026-07-01T12:08:14.598+0000] {dag.py:3036} INFO - Sync 1 DAGs
[2026-07-01T12:08:14.724+0000] {logging_mixin.py:188} INFO - [2026-07-01T12:08:14.723+0000] {dag.py:3823} INFO - Setting next_dagrun for example_branch_dop_operator_v3 to 2026-07-01 12:07:00+00:00, run_after=2026-07-01 12:08:00+00:00
[2026-07-01T12:08:14.814+0000] {processor.py:183} INFO - Processing /home/airflow/.local/lib/python3.8/site-packages/airflow/example_dags/example_branch_python_dop_operator_3.py took 0.393 seconds
[2026-07-01T12:09:01.849+0000] {processor.py:161} INFO - Started process (PID=91) to work on /home/airflow/.local/lib/python3.8/site-packages/airflow/example_dags/example_branch_python_dop_operator_3.py
[2026-07-01T12:09:01.853+0000] {processor.py:830} INFO - Processing file /home/airflow/.local/lib/python3.8/site-packages/airflow/example_dags/example_branch_python_dop_operator_3.py for tasks to queue
[2026-07-01T12:09:01.859+0000] {logging_mixin.py:188} INFO - [2026-07-01T12:09:01.858+0000] {dagbag.py:538} INFO - Filling up the DagBag from /home/airflow/.local/lib/python3.8/site-packages/airflow/example_dags/example_branch_python_dop_operator_3.py
[2026-07-01T12:09:01.885+0000] {processor.py:840} INFO - DAG(s) 'example_branch_dop_operator_v3' retrieved from /home/airflow/.local/lib/python3.8/site-packages/airflow/example_dags/example_branch_python_dop_operator_3.py
[2026-07-01T12:09:01.955+0000] {logging_mixin.py:188} INFO - [2026-07-01T12:09:01.955+0000] {dag.py:3036} INFO - Sync 1 DAGs
[2026-07-01T12:09:02.038+0000] {logging_mixin.py:188} INFO - [2026-07-01T12:09:02.037+0000] {dag.py:3823} INFO - Setting next_dagrun for example_branch_dop_operator_v3 to 2026-07-01 12:08:00+00:00, run_after=2026-07-01 12:09:00+00:00
[2026-07-01T12:09:02.109+0000] {processor.py:183} INFO - Processing /home/airflow/.local/lib/python3.8/site-packages/airflow/example_dags/example_branch_python_dop_operator_3.py took 0.270 seconds
[2026-07-01T12:09:32.329+0000] {processor.py:161} INFO - Started process (PID=147) to work on /home/airflow/.local/lib/python3.8/site-packages/airflow/example_dags/example_branch_python_dop_operator_3.py
[2026-07-01T12:09:32.332+0000] {processor.py:830} INFO - Processing file /home/airflow/.local/lib/python3.8/site-packages/airflow/example_dags/example_branch_python_dop_operator_3.py for tasks to queue
[2026-07-01T12:09:32.338+0000] {logging_mixin.py:188} INFO - [2026-07-01T12:09:32.337+0000] {dagbag.py:538} INFO - Filling up the DagBag from /home/airflow/.local/lib/python3.8/site-packages/airflow/example_dags/example_branch_python_dop_operator_3.py
[2026-07-01T12:09:32.362+0000] {processor.py:840} INFO - DAG(s) 'example_branch_dop_operator_v3' retrieved from /home/airflow/.local/lib/python3.8/site-packages/airflow/example_dags/example_branch_python_dop_operator_3.py
[2026-07-01T12:09:32.440+0000] {logging_mixin.py:188} INFO - [2026-07-01T12:09:32.440+0000] {dag.py:3036} INFO - Sync 1 DAGs
[2026-07-01T12:09:32.543+0000] {logging_mixin.py:188} INFO - [2026-07-01T12:09:32.543+0000] {dag.py:3823} INFO - Setting next_dagrun for example_branch_dop_operator_v3 to 2026-07-01 12:08:00+00:00, run_after=2026-07-01 12:09:00+00:00
[2026-07-01T12:09:32.635+0000] {processor.py:183} INFO - Processing /home/airflow/.local/lib/python3.8/site-packages/airflow/example_dags/example_branch_python_dop_operator_3.py took 0.314 seconds
[2026-07-01T12:10:03.075+0000] {processor.py:161} INFO - Started process (PID=204) to work on /home/airflow/.local/lib/python3.8/site-packages/airflow/example_dags/example_branch_python_dop_operator_3.py
[2026-07-01T12:10:03.080+0000] {processor.py:830} INFO - Processing file /home/airflow/.local/lib/python3.8/site-packages/airflow/example_dags/example_branch_python_dop_operator_3.py for tasks to queue
[2026-07-01T12:10:03.087+0000] {logging_mixin.py:188} INFO - [2026-07-01T12:10:03.086+0000] {dagbag.py:538} INFO - Filling up the DagBag from /home/airflow/.local/lib/python3.8/site-packages/airflow/example_dags/example_branch_python_dop_operator_3.py
[2026-07-01T12:10:03.118+0000] {processor.py:840} INFO - DAG(s) 'example_branch_dop_operator_v3' retrieved from /home/airflow/.local/lib/python3.8/site-packages/airflow/example_dags/example_branch_python_dop_operator_3.py
[2026-07-01T12:10:03.178+0000] {logging_mixin.py:188} INFO - [2026-07-01T12:10:03.177+0000] {dag.py:3036} INFO - Sync 1 DAGs
[2026-07-01T12:10:03.257+0000] {logging_mixin.py:188} INFO - [2026-07-01T12:10:03.257+0000] {dag.py:3823} INFO - Setting next_dagrun for example_branch_dop_operator_v3 to 2026-07-01 12:09:00+00:00, run_after=2026-07-01 12:10:00+00:00
[2026-07-01T12:10:03.313+0000] {processor.py:183} INFO - Processing /home/airflow/.local/lib/python3.8/site-packages/airflow/example_dags/example_branch_python_dop_operator_3.py took 0.252 seconds
[2026-07-01T12:10:33.529+0000] {processor.py:161} INFO - Started process (PID=260) to work on /home/airflow/.local/lib/python3.8/site-packages/airflow/example_dags/example_branch_python_dop_operator_3.py
[2026-07-01T12:10:33.533+0000] {processor.py:830} INFO - Processing file /home/airflow/.local/lib/python3.8/site-packages/airflow/example_dags/example_branch_python_dop_operator_3.py for tasks to queue
[2026-07-01T12:10:33.541+0000] {logging_mixin.py:188} INFO - [2026-07-01T12:10:33.540+0000] {dagbag.py:538} INFO - Filling up the DagBag from /home/airflow/.local/lib/python3.8/site-packages/airflow/example_dags/example_branch_python_dop_operator_3.py
[2026-07-01T12:10:33.573+0000] {processor.py:840} INFO - DAG(s) 'example_branch_dop_operator_v3' retrieved from /home/airflow/.local/lib/python3.8/site-packages/airflow/example_dags/example_branch_python_dop_operator_3.py
[2026-07-01T12:10:33.639+0000] {logging_mixin.py:188} INFO - [2026-07-01T12:10:33.638+0000] {dag.py:3036} INFO - Sync 1 DAGs
[2026-07-01T12:10:33.718+0000] {logging_mixin.py:188} INFO - [2026-07-01T12:10:33.717+0000] {dag.py:3823} INFO - Setting next_dagrun for example_branch_dop_operator_v3 to 2026-07-01 12:09:00+00:00, run_after=2026-07-01 12:10:00+00:00
[2026-07-01T12:10:33.767+0000] {processor.py:183} INFO - Processing /home/airflow/.local/lib/python3.8/site-packages/airflow/example_dags/example_branch_python_dop_operator_3.py took 0.251 seconds
[2026-07-01T12:11:05.019+0000] {processor.py:161} INFO - Started process (PID=321) to work on /home/airflow/.local/lib/python3.8/site-packages/airflow/example_dags/example_branch_python_dop_operator_3.py
[2026-07-01T12:11:05.022+0000] {processor.py:830} INFO - Processing file /home/airflow/.local/lib/python3.8/site-packages/airflow/example_dags/example_branch_python_dop_operator_3.py for tasks to queue
[2026-07-01T12:11:05.030+0000] {logging_mixin.py:188} INFO - [2026-07-01T12:11:05.029+0000] {dagbag.py:538} INFO - Filling up the DagBag from /home/airflow/.local/lib/python3.8/site-packages/airflow/example_dags/example_branch_python_dop_operator_3.py
[2026-07-01T12:11:05.057+0000] {processor.py:840} INFO - DAG(s) 'example_branch_dop_operator_v3' retrieved from /home/airflow/.local/lib/python3.8/site-packages/airflow/example_dags/example_branch_python_dop_operator_3.py
[2026-07-01T12:11:05.110+0000] {logging_mixin.py:188} INFO - [2026-07-01T12:11:05.110+0000] {dag.py:3036} INFO - Sync 1 DAGs
[2026-07-01T12:11:05.183+0000] {logging_mixin.py:188} INFO - [2026-07-01T12:11:05.182+0000] {dag.py:3823} INFO - Setting next_dagrun for example_branch_dop_operator_v3 to 2026-07-01 12:10:00+00:00, run_after=2026-07-01 12:11:00+00:00
[2026-07-01T12:11:05.242+0000] {processor.py:183} INFO - Processing /home/airflow/.local/lib/python3.8/site-packages/airflow/example_dags/example_branch_python_dop_operator_3.py took 0.231 seconds
[2026-07-01T12:11:36.107+0000] {processor.py:161} INFO - Started process (PID=377) to work on /home/airflow/.local/lib/python3.8/site-packages/airflow/example_dags/example_branch_python_dop_operator_3.py
[2026-07-01T12:11:36.110+0000] {processor.py:830} INFO - Processing file /home/airflow/.local/lib/python3.8/site-packages/airflow/example_dags/example_branch_python_dop_operator_3.py for tasks to queue
[2026-07-01T12:11:36.116+0000] {logging_mixin.py:188} INFO - [2026-07-01T12:11:36.115+0000] {dagbag.py:538} INFO - Filling up the DagBag from /home/airflow/.local/lib/python3.8/site-packages/airflow/example_dags/example_branch_python_dop_operator_3.py
[2026-07-01T12:11:36.141+0000] {processor.py:840} INFO - DAG(s) 'example_branch_dop_operator_v3' retrieved from /home/airflow/.local/lib/python3.8/site-packages/airflow/example_dags/example_branch_python_dop_operator_3.py
[2026-07-01T12:11:36.197+0000] {logging_mixin.py:188} INFO - [2026-07-01T12:11:36.196+0000] {dag.py:3036} INFO - Sync 1 DAGs
[2026-07-01T12:11:36.258+0000] {logging_mixin.py:188} INFO - [2026-07-01T12:11:36.257+0000] {dag.py:3823} INFO - Setting next_dagrun for example_branch_dop_operator_v3 to 2026-07-01 12:10:00+00:00, run_after=2026-07-01 12:11:00+00:00
[2026-07-01T12:11:36.301+0000] {processor.py:183} INFO - Processing /home/airflow/.local/lib/python3.8/site-packages/airflow/example_dags/example_branch_python_dop_operator_3.py took 0.204 seconds
[2026-07-01T12:12:06.736+0000] {processor.py:161} INFO - Started process (PID=433) to work on /home/airflow/.local/lib/python3.8/site-packages/airflow/example_dags/example_branch_python_dop_operator_3.py
[2026-07-01T12:12:06.739+0000] {processor.py:830} INFO - Processing file /home/airflow/.local/lib/python3.8/site-packages/airflow/example_dags/example_branch_python_dop_operator_3.py for tasks to queue
[2026-07-01T12:12:06.744+0000] {logging_mixin.py:188} INFO - [2026-07-01T12:12:06.744+0000] {dagbag.py:538} INFO - Filling up the DagBag from /home/airflow/.local/lib/python3.8/site-packages/airflow/example_dags/example_branch_python_dop_operator_3.py
[2026-07-01T12:12:06.766+0000] {processor.py:840} INFO - DAG(s) 'example_branch_dop_operator_v3' retrieved from /home/airflow/.local/lib/python3.8/site-packages/airflow/example_dags/example_branch_python_dop_operator_3.py
[2026-07-01T12:12:06.825+0000] {logging_mixin.py:188} INFO - [2026-07-01T12:12:06.825+0000] {dag.py:3036} INFO - Sync 1 DAGs
[2026-07-01T12:12:06.898+0000] {logging_mixin.py:188} INFO - [2026-07-01T12:12:06.897+0000] {dag.py:3823} INFO - Setting next_dagrun for example_branch_dop_operator_v3 to 2026-07-01 12:11:00+00:00, run_after=2026-07-01 12:12:00+00:00
[2026-07-01T12:12:07.030+0000] {processor.py:183} INFO - Processing /home/airflow/.local/lib/python3.8/site-packages/airflow/example_dags/example_branch_python_dop_operator_3.py took 0.302 seconds
[2026-07-01T12:12:37.856+0000] {processor.py:161} INFO - Started process (PID=489) to work on /home/airflow/.local/lib/python3.8/site-packages/airflow/example_dags/example_branch_python_dop_operator_3.py
[2026-07-01T12:12:37.860+0000] {processor.py:830} INFO - Processing file /home/airflow/.local/lib/python3.8/site-packages/airflow/example_dags/example_branch_python_dop_operator_3.py for tasks to queue
[2026-07-01T12:12:37.866+0000] {logging_mixin.py:188} INFO - [2026-07-01T12:12:37.865+0000] {dagbag.py:538} INFO - Filling up the DagBag from /home/airflow/.local/lib/python3.8/site-packages/airflow/example_dags/example_branch_python_dop_operator_3.py
[2026-07-01T12:12:37.894+0000] {processor.py:840} INFO - DAG(s) 'example_branch_dop_operator_v3' retrieved from /home/airflow/.local/lib/python3.8/site-packages/airflow/example_dags/example_branch_python_dop_operator_3.py
[2026-07-01T12:12:37.949+0000] {logging_mixin.py:188} INFO - [2026-07-01T12:12:37.948+0000] {dag.py:3036} INFO - Sync 1 DAGs
[2026-07-01T12:12:38.014+0000] {logging_mixin.py:188} INFO - [2026-07-01T12:12:38.013+0000] {dag.py:3823} INFO - Setting next_dagrun for example_branch_dop_operator_v3 to 2026-07-01 12:11:00+00:00, run_after=2026-07-01 12:12:00+00:00
[2026-07-01T12:12:38.055+0000] {processor.py:183} INFO - Processing /home/airflow/.local/lib/python3.8/site-packages/airflow/example_dags/example_branch_python_dop_operator_3.py took 0.211 seconds
[2026-07-01T12:13:08.939+0000] {processor.py:161} INFO - Started process (PID=545) to work on /home/airflow/.local/lib/python3.8/site-packages/airflow/example_dags/example_branch_python_dop_operator_3.py
[2026-07-01T12:13:08.943+0000] {processor.py:830} INFO - Processing file /home/airflow/.local/lib/python3.8/site-packages/airflow/example_dags/example_branch_python_dop_operator_3.py for tasks to queue
[2026-07-01T12:13:08.948+0000] {logging_mixin.py:188} INFO - [2026-07-01T12:13:08.948+0000] {dagbag.py:538} INFO - Filling up the DagBag from /home/airflow/.local/lib/python3.8/site-packages/airflow/example_dags/example_branch_python_dop_operator_3.py
[2026-07-01T12:13:08.970+0000] {processor.py:840} INFO - DAG(s) 'example_branch_dop_operator_v3' retrieved from /home/airflow/.local/lib/python3.8/site-packages/airflow/example_dags/example_branch_python_dop_operator_3.py
[2026-07-01T12:13:09.020+0000] {logging_mixin.py:188} INFO - [2026-07-01T12:13:09.019+0000] {dag.py:3036} INFO - Sync 1 DAGs
[2026-07-01T12:13:09.082+0000] {logging_mixin.py:188} INFO - [2026-07-01T12:13:09.082+0000] {dag.py:3823} INFO - Setting next_dagrun for example_branch_dop_operator_v3 to 2026-07-01 12:12:00+00:00, run_after=2026-07-01 12:13:00+00:00
[2026-07-01T12:13:09.124+0000] {processor.py:183} INFO - Processing /home/airflow/.local/lib/python3.8/site-packages/airflow/example_dags/example_branch_python_dop_operator_3.py took 0.193 seconds
[2026-07-01T12:13:39.524+0000] {processor.py:161} INFO - Started process (PID=601) to work on /home/airflow/.local/lib/python3.8/site-packages/airflow/example_dags/example_branch_python_dop_operator_3.py
[2026-07-01T12:13:39.528+0000] {processor.py:830} INFO - Processing file /home/airflow/.local/lib/python3.8/site-packages/airflow/example_dags/example_branch_python_dop_operator_3.py for tasks to queue
[2026-07-01T12:13:39.535+0000] {logging_mixin.py:188} INFO - [2026-07-01T12:13:39.534+0000] {dagbag.py:538} INFO - Filling up the DagBag from /home/airflow/.local/lib/python3.8/site-packages/airflow/example_dags/example_branch_python_dop_operator_3.py
[2026-07-01T12:13:39.565+0000] {processor.py:840} INFO - DAG(s) 'example_branch_dop_operator_v3' retrieved from /home/airflow/.local/lib/python3.8/site-packages/airflow/example_dags/example_branch_python_dop_operator_3.py
[2026-07-01T12:13:39.623+0000] {logging_mixin.py:188} INFO - [2026-07-01T12:13:39.623+0000] {dag.py:3036} INFO - Sync 1 DAGs
[2026-07-01T12:13:39.697+0000] {logging_mixin.py:188} INFO - [2026-07-01T12:13:39.697+0000] {dag.py:3823} INFO - Setting next_dagrun for example_branch_dop_operator_v3 to 2026-07-01 12:12:00+00:00, run_after=2026-07-01 12:13:00+00:00
[2026-07-01T12:13:39.745+0000] {processor.py:183} INFO - Processing /home/airflow/.local/lib/python3.8/site-packages/airflow/example_dags/example_branch_python_dop_operator_3.py took 0.234 seconds
[2026-07-01T12:14:09.893+0000] {processor.py:161} INFO - Started process (PID=657) to work on /home/airflow/.local/lib/python3.8/site-packages/airflow/example_dags/example_branch_python_dop_operator_3.py
[2026-07-01T12:14:09.897+0000] {processor.py:830} INFO - Processing file /home/airflow/.local/lib/python3.8/site-packages/airflow/example_dags/example_branch_python_dop_operator_3.py for tasks to queue
[2026-07-01T12:14:09.903+0000] {logging_mixin.py:188} INFO - [2026-07-01T12:14:09.902+0000] {dagbag.py:538} INFO - Filling up the DagBag from /home/airflow/.local/lib/python3.8/site-packages/airflow/example_dags/example_branch_python_dop_operator_3.py
[2026-07-01T12:14:09.926+0000] {processor.py:840} INFO - DAG(s) 'example_branch_dop_operator_v3' retrieved from /home/airflow/.local/lib/python3.8/site-packages/airflow/example_dags/example_branch_python_dop_operator_3.py
[2026-07-01T12:14:09.977+0000] {logging_mixin.py:188} INFO - [2026-07-01T12:14:09.976+0000] {dag.py:3036} INFO - Sync 1 DAGs
[2026-07-01T12:14:10.046+0000] {logging_mixin.py:188} INFO - [2026-07-01T12:14:10.045+0000] {dag.py:3823} INFO - Setting next_dagrun for example_branch_dop_operator_v3 to 2026-07-01 12:13:00+00:00, run_after=2026-07-01 12:14:00+00:00
[2026-07-01T12:14:10.093+0000] {processor.py:183} INFO - Processing /home/airflow/.local/lib/python3.8/site-packages/airflow/example_dags/example_branch_python_dop_operator_3.py took 0.208 seconds
[2026-07-01T12:14:40.572+0000] {processor.py:161} INFO - Started process (PID=713) to work on /home/airflow/.local/lib/python3.8/site-packages/airflow/example_dags/example_branch_python_dop_operator_3.py
[2026-07-01T12:14:40.575+0000] {processor.py:830} INFO - Processing file /home/airflow/.local/lib/python3.8/site-packages/airflow/example_dags/example_branch_python_dop_operator_3.py for tasks to queue
[2026-07-01T12:14:40.581+0000] {logging_mixin.py:188} INFO - [2026-07-01T12:14:40.580+0000] {dagbag.py:538} INFO - Filling up the DagBag from /home/airflow/.local/lib/python3.8/site-packages/airflow/example_dags/example_branch_python_dop_operator_3.py
[2026-07-01T12:14:40.602+0000] {processor.py:840} INFO - DAG(s) 'example_branch_dop_operator_v3' retrieved from /home/airflow/.local/lib/python3.8/site-packages/airflow/example_dags/example_branch_python_dop_operator_3.py
[2026-07-01T12:14:40.648+0000] {logging_mixin.py:188} INFO - [2026-07-01T12:14:40.648+0000] {dag.py:3036} INFO - Sync 1 DAGs
[2026-07-01T12:14:40.708+0000] {logging_mixin.py:188} INFO - [2026-07-01T12:14:40.707+0000] {dag.py:3823} INFO - Setting next_dagrun for example_branch_dop_operator_v3 to 2026-07-01 12:13:00+00:00, run_after=2026-07-01 12:14:00+00:00
[2026-07-01T12:14:40.750+0000] {processor.py:183} INFO - Processing /home/airflow/.local/lib/python3.8/site-packages/airflow/example_dags/example_branch_python_dop_operator_3.py took 0.185 seconds
[2026-07-01T12:15:11.267+0000] {processor.py:161} INFO - Started process (PID=770) to work on /home/airflow/.local/lib/python3.8/site-packages/airflow/example_dags/example_branch_python_dop_operator_3.py
[2026-07-01T12:15:11.270+0000] {processor.py:830} INFO - Processing file /home/airflow/.local/lib/python3.8/site-packages/airflow/example_dags/example_branch_python_dop_operator_3.py for tasks to queue
[2026-07-01T12:15:11.276+0000] {logging_mixin.py:188} INFO - [2026-07-01T12:15:11.275+0000] {dagbag.py:538} INFO - Filling up the DagBag from /home/airflow/.local/lib/python3.8/site-packages/airflow/example_dags/example_branch_python_dop_operator_3.py
[2026-07-01T12:15:11.299+0000] {processor.py:840} INFO - DAG(s) 'example_branch_dop_operator_v3' retrieved from /home/airflow/.local/lib/python3.8/site-packages/airflow/example_dags/example_branch_python_dop_operator_3.py
[2026-07-01T12:15:11.352+0000] {logging_mixin.py:188} INFO - [2026-07-01T12:15:11.352+0000] {dag.py:3036} INFO - Sync 1 DAGs
[2026-07-01T12:15:11.427+0000] {logging_mixin.py:188} INFO - [2026-07-01T12:15:11.427+0000] {dag.py:3823} INFO - Setting next_dagrun for example_branch_dop_operator_v3 to 2026-07-01 12:14:00+00:00, run_after=2026-07-01 12:15:00+00:00
[2026-07-01T12:15:11.484+0000] {processor.py:183} INFO - Processing /home/airflow/.local/lib/python3.8/site-packages/airflow/example_dags/example_branch_python_dop_operator_3.py took 0.224 seconds
[2026-07-01T12:15:41.792+0000] {processor.py:161} INFO - Started process (PID=826) to work on /home/airflow/.local/lib/python3.8/site-packages/airflow/example_dags/example_branch_python_dop_operator_3.py
[2026-07-01T12:15:41.799+0000] {processor.py:830} INFO - Processing file /home/airflow/.local/lib/python3.8/site-packages/airflow/example_dags/example_branch_python_dop_operator_3.py for tasks to queue
[2026-07-01T12:15:41.811+0000] {logging_mixin.py:188} INFO - [2026-07-01T12:15:41.809+0000] {dagbag.py:538} INFO - Filling up the DagBag from /home/airflow/.local/lib/python3.8/site-packages/airflow/example_dags/example_branch_python_dop_operator_3.py
[2026-07-01T12:15:41.835+0000] {processor.py:840} INFO - DAG(s) 'example_branch_dop_operator_v3' retrieved from /home/airflow/.local/lib/python3.8/site-packages/airflow/example_dags/example_branch_python_dop_operator_3.py
[2026-07-01T12:15:41.888+0000] {logging_mixin.py:188} INFO - [2026-07-01T12:15:41.888+0000] {dag.py:3036} INFO - Sync 1 DAGs
[2026-07-01T12:15:41.952+0000] {logging_mixin.py:188} INFO - [2026-07-01T12:15:41.952+0000] {dag.py:3823} INFO - Setting next_dagrun for example_branch_dop_operator_v3 to 2026-07-01 12:14:00+00:00, run_after=2026-07-01 12:15:00+00:00
[2026-07-01T12:15:41.992+0000] {processor.py:183} INFO - Processing /home/airflow/.local/lib/python3.8/site-packages/airflow/example_dags/example_branch_python_dop_operator_3.py took 0.225 seconds
[2026-07-01T12:16:12.924+0000] {processor.py:161} INFO - Started process (PID=882) to work on /home/airflow/.local/lib/python3.8/site-packages/airflow/example_dags/example_branch_python_dop_operator_3.py
[2026-07-01T12:16:12.927+0000] {processor.py:830} INFO - Processing file /home/airflow/.local/lib/python3.8/site-packages/airflow/example_dags/example_branch_python_dop_operator_3.py for tasks to queue
[2026-07-01T12:16:12.933+0000] {logging_mixin.py:188} INFO - [2026-07-01T12:16:12.933+0000] {dagbag.py:538} INFO - Filling up the DagBag from /home/airflow/.local/lib/python3.8/site-packages/airflow/example_dags/example_branch_python_dop_operator_3.py
[2026-07-01T12:16:12.958+0000] {processor.py:840} INFO - DAG(s) 'example_branch_dop_operator_v3' retrieved from /home/airflow/.local/lib/python3.8/site-packages/airflow/example_dags/example_branch_python_dop_operator_3.py
[2026-07-01T12:16:13.011+0000] {logging_mixin.py:188} INFO - [2026-07-01T12:16:13.011+0000] {dag.py:3036} INFO - Sync 1 DAGs
[2026-07-01T12:16:13.070+0000] {logging_mixin.py:188} INFO - [2026-07-01T12:16:13.069+0000] {dag.py:3823} INFO - Setting next_dagrun for example_branch_dop_operator_v3 to 2026-07-01 12:15:00+00:00, run_after=2026-07-01 12:16:00+00:00
[2026-07-01T12:16:13.141+0000] {processor.py:183} INFO - Processing /home/airflow/.local/lib/python3.8/site-packages/airflow/example_dags/example_branch_python_dop_operator_3.py took 0.228 seconds
[2026-07-01T12:16:43.290+0000] {processor.py:161} INFO - Started process (PID=937) to work on /home/airflow/.local/lib/python3.8/site-packages/airflow/example_dags/example_branch_python_dop_operator_3.py
[2026-07-01T12:16:43.293+0000] {processor.py:830} INFO - Processing file /home/airflow/.local/lib/python3.8/site-packages/airflow/example_dags/example_branch_python_dop_operator_3.py for tasks to queue
[2026-07-01T12:16:43.299+0000] {logging_mixin.py:188} INFO - [2026-07-01T12:16:43.298+0000] {dagbag.py:538} INFO - Filling up the DagBag from /home/airflow/.local/lib/python3.8/site-packages/airflow/example_dags/example_branch_python_dop_operator_3.py
[2026-07-01T12:16:43.323+0000] {processor.py:840} INFO - DAG(s) 'example_branch_dop_operator_v3' retrieved from /home/airflow/.local/lib/python3.8/site-packages/airflow/example_dags/example_branch_python_dop_operator_3.py
[2026-07-01T12:16:43.407+0000] {logging_mixin.py:188} INFO - [2026-07-01T12:16:43.406+0000] {dag.py:3036} INFO - Sync 1 DAGs
[2026-07-01T12:16:43.491+0000] {logging_mixin.py:188} INFO - [2026-07-01T12:16:43.491+0000] {dag.py:3823} INFO - Setting next_dagrun for example_branch_dop_operator_v3 to 2026-07-01 12:15:00+00:00, run_after=2026-07-01 12:16:00+00:00
[2026-07-01T12:16:43.538+0000] {processor.py:183} INFO - Processing /home/airflow/.local/lib/python3.8/site-packages/airflow/example_dags/example_branch_python_dop_operator_3.py took 0.257 seconds
[2026-07-01T12:17:13.710+0000] {processor.py:161} INFO - Started process (PID=993) to work on /home/airflow/.local/lib/python3.8/site-packages/airflow/example_dags/example_branch_python_dop_operator_3.py
[2026-07-01T12:17:13.714+0000] {processor.py:830} INFO - Processing file /home/airflow/.local/lib/python3.8/site-packages/airflow/example_dags/example_branch_python_dop_operator_3.py for tasks to queue
[2026-07-01T12:17:13.720+0000] {logging_mixin.py:188} INFO - [2026-07-01T12:17:13.719+0000] {dagbag.py:538} INFO - Filling up the DagBag from /home/airflow/.local/lib/python3.8/site-packages/airflow/example_dags/example_branch_python_dop_operator_3.py
[2026-07-01T12:17:13.747+0000] {processor.py:840} INFO - DAG(s) 'example_branch_dop_operator_v3' retrieved from /home/airflow/.local/lib/python3.8/site-packages/airflow/example_dags/example_branch_python_dop_operator_3.py
[2026-07-01T12:17:13.810+0000] {logging_mixin.py:188} INFO - [2026-07-01T12:17:13.809+0000] {dag.py:3036} INFO - Sync 1 DAGs
[2026-07-01T12:17:13.888+0000] {logging_mixin.py:188} INFO - [2026-07-01T12:17:13.888+0000] {dag.py:3823} INFO - Setting next_dagrun for example_branch_dop_operator_v3 to 2026-07-01 12:16:00+00:00, run_after=2026-07-01 12:17:00+00:00
[2026-07-01T12:17:13.946+0000] {processor.py:183} INFO - Processing /home/airflow/.local/lib/python3.8/site-packages/airflow/example_dags/example_branch_python_dop_operator_3.py took 0.246 seconds
[2026-07-01T12:17:44.071+0000] {processor.py:161} INFO - Started process (PID=1049) to work on /home/airflow/.local/lib/python3.8/site-packages/airflow/example_dags/example_branch_python_dop_operator_3.py
[2026-07-01T12:17:44.074+0000] {processor.py:830} INFO - Processing file /home/airflow/.local/lib/python3.8/site-packages/airflow/example_dags/example_branch_python_dop_operator_3.py for tasks to queue
[2026-07-01T12:17:44.081+0000] {logging_mixin.py:188} INFO - [2026-07-01T12:17:44.080+0000] {dagbag.py:538} INFO - Filling up the DagBag from /home/airflow/.local/lib/python3.8/site-packages/airflow/example_dags/example_branch_python_dop_operator_3.py
[2026-07-01T12:17:44.111+0000] {processor.py:840} INFO - DAG(s) 'example_branch_dop_operator_v3' retrieved from /home/airflow/.local/lib/python3.8/site-packages/airflow/example_dags/example_branch_python_dop_operator_3.py
[2026-07-01T12:17:44.176+0000] {logging_mixin.py:188} INFO - [2026-07-01T12:17:44.176+0000] {dag.py:3036} INFO - Sync 1 DAGs
[2026-07-01T12:17:44.262+0000] {logging_mixin.py:188} INFO - [2026-07-01T12:17:44.262+0000] {dag.py:3823} INFO - Setting next_dagrun for example_branch_dop_operator_v3 to 2026-07-01 12:16:00+00:00, run_after=2026-07-01 12:17:00+00:00
[2026-07-01T12:17:44.333+0000] {processor.py:183} INFO - Processing /home/airflow/.local/lib/python3.8/site-packages/airflow/example_dags/example_branch_python_dop_operator_3.py took 0.276 seconds
[2026-07-01T12:18:14.923+0000] {processor.py:161} INFO - Started process (PID=1105) to work on /home/airflow/.local/lib/python3.8/site-packages/airflow/example_dags/example_branch_python_dop_operator_3.py
[2026-07-01T12:18:14.926+0000] {processor.py:830} INFO - Processing file /home/airflow/.local/lib/python3.8/site-packages/airflow/example_dags/example_branch_python_dop_operator_3.py for tasks to queue
[2026-07-01T12:18:14.932+0000] {logging_mixin.py:188} INFO - [2026-07-01T12:18:14.931+0000] {dagbag.py:538} INFO - Filling up the DagBag from /home/airflow/.local/lib/python3.8/site-packages/airflow/example_dags/example_branch_python_dop_operator_3.py
[2026-07-01T12:18:14.958+0000] {processor.py:840} INFO - DAG(s) 'example_branch_dop_operator_v3' retrieved from /home/airflow/.local/lib/python3.8/site-packages/airflow/example_dags/example_branch_python_dop_operator_3.py
[2026-07-01T12:18:15.013+0000] {logging_mixin.py:188} INFO - [2026-07-01T12:18:15.012+0000] {dag.py:3036} INFO - Sync 1 DAGs
[2026-07-01T12:18:15.085+0000] {logging_mixin.py:188} INFO - [2026-07-01T12:18:15.085+0000] {dag.py:3823} INFO - Setting next_dagrun for example_branch_dop_operator_v3 to 2026-07-01 12:17:00+00:00, run_after=2026-07-01 12:18:00+00:00
[2026-07-01T12:18:15.142+0000] {processor.py:183} INFO - Processing /home/airflow/.local/lib/python3.8/site-packages/airflow/example_dags/example_branch_python_dop_operator_3.py took 0.231 seconds
[2026-07-01T12:18:45.281+0000] {processor.py:161} INFO - Started process (PID=1161) to work on /home/airflow/.local/lib/python3.8/site-packages/airflow/example_dags/example_branch_python_dop_operator_3.py
[2026-07-01T12:18:45.285+0000] {processor.py:830} INFO - Processing file /home/airflow/.local/lib/python3.8/site-packages/airflow/example_dags/example_branch_python_dop_operator_3.py for tasks to queue
[2026-07-01T12:18:45.292+0000] {logging_mixin.py:188} INFO - [2026-07-01T12:18:45.291+0000] {dagbag.py:538} INFO - Filling up the DagBag from /home/airflow/.local/lib/python3.8/site-packages/airflow/example_dags/example_branch_python_dop_operator_3.py
[2026-07-01T12:18:45.319+0000] {processor.py:840} INFO - DAG(s) 'example_branch_dop_operator_v3' retrieved from /home/airflow/.local/lib/python3.8/site-packages/airflow/example_dags/example_branch_python_dop_operator_3.py
[2026-07-01T12:18:45.378+0000] {logging_mixin.py:188} INFO - [2026-07-01T12:18:45.377+0000] {dag.py:3036} INFO - Sync 1 DAGs
[2026-07-01T12:18:45.441+0000] {logging_mixin.py:188} INFO - [2026-07-01T12:18:45.440+0000] {dag.py:3823} INFO - Setting next_dagrun for example_branch_dop_operator_v3 to 2026-07-01 12:17:00+00:00, run_after=2026-07-01 12:18:00+00:00
[2026-07-01T12:18:45.490+0000] {processor.py:183} INFO - Processing /home/airflow/.local/lib/python3.8/site-packages/airflow/example_dags/example_branch_python_dop_operator_3.py took 0.219 seconds
[2026-07-01T12:19:15.891+0000] {processor.py:161} INFO - Started process (PID=1217) to work on /home/airflow/.local/lib/python3.8/site-packages/airflow/example_dags/example_branch_python_dop_operator_3.py
[2026-07-01T12:19:15.895+0000] {processor.py:830} INFO - Processing file /home/airflow/.local/lib/python3.8/site-packages/airflow/example_dags/example_branch_python_dop_operator_3.py for tasks to queue
[2026-07-01T12:19:15.901+0000] {logging_mixin.py:188} INFO - [2026-07-01T12:19:15.900+0000] {dagbag.py:538} INFO - Filling up the DagBag from /home/airflow/.local/lib/python3.8/site-packages/airflow/example_dags/example_branch_python_dop_operator_3.py
[2026-07-01T12:19:15.928+0000] {processor.py:840} INFO - DAG(s) 'example_branch_dop_operator_v3' retrieved from /home/airflow/.local/lib/python3.8/site-packages/airflow/example_dags/example_branch_python_dop_operator_3.py
[2026-07-01T12:19:15.995+0000] {logging_mixin.py:188} INFO - [2026-07-01T12:19:15.994+0000] {dag.py:3036} INFO - Sync 1 DAGs
[2026-07-01T12:19:16.064+0000] {logging_mixin.py:188} INFO - [2026-07-01T12:19:16.064+0000] {dag.py:3823} INFO - Setting next_dagrun for example_branch_dop_operator_v3 to 2026-07-01 12:18:00+00:00, run_after=2026-07-01 12:19:00+00:00
[2026-07-01T12:19:16.106+0000] {processor.py:183} INFO - Processing /home/airflow/.local/lib/python3.8/site-packages/airflow/example_dags/example_branch_python_dop_operator_3.py took 0.224 seconds
[2026-07-01T12:19:50.598+0000] {processor.py:161} INFO - Started process (PID=1273) to work on /home/airflow/.local/lib/python3.8/site-packages/airflow/example_dags/example_branch_python_dop_operator_3.py
[2026-07-01T12:19:50.633+0000] {processor.py:830} INFO - Processing file /home/airflow/.local/lib/python3.8/site-packages/airflow/example_dags/example_branch_python_dop_operator_3.py for tasks to queue
[2026-07-01T12:19:50.713+0000] {logging_mixin.py:188} INFO - [2026-07-01T12:19:50.711+0000] {dagbag.py:538} INFO - Filling up the DagBag from /home/airflow/.local/lib/python3.8/site-packages/airflow/example_dags/example_branch_python_dop_operator_3.py
[2026-07-01T12:19:50.827+0000] {processor.py:840} INFO - DAG(s) 'example_branch_dop_operator_v3' retrieved from /home/airflow/.local/lib/python3.8/site-packages/airflow/example_dags/example_branch_python_dop_operator_3.py
[2026-07-01T12:19:51.105+0000] {logging_mixin.py:188} INFO - [2026-07-01T12:19:51.105+0000] {dag.py:3036} INFO - Sync 1 DAGs
[2026-07-01T12:19:51.305+0000] {logging_mixin.py:188} INFO - [2026-07-01T12:19:51.305+0000] {dag.py:3823} INFO - Setting next_dagrun for example_branch_dop_operator_v3 to 2026-07-01 12:18:00+00:00, run_after=2026-07-01 12:19:00+00:00
[2026-07-01T12:19:51.440+0000] {processor.py:183} INFO - Processing /home/airflow/.local/lib/python3.8/site-packages/airflow/example_dags/example_branch_python_dop_operator_3.py took 0.913 seconds
[2026-07-01T12:20:22.653+0000] {processor.py:161} INFO - Started process (PID=1328) to work on /home/airflow/.local/lib/python3.8/site-packages/airflow/example_dags/example_branch_python_dop_operator_3.py
[2026-07-01T12:20:22.659+0000] {processor.py:830} INFO - Processing file /home/airflow/.local/lib/python3.8/site-packages/airflow/example_dags/example_branch_python_dop_operator_3.py for tasks to queue
[2026-07-01T12:20:22.665+0000] {logging_mixin.py:188} INFO - [2026-07-01T12:20:22.664+0000] {dagbag.py:538} INFO - Filling up the DagBag from /home/airflow/.local/lib/python3.8/site-packages/airflow/example_dags/example_branch_python_dop_operator_3.py
[2026-07-01T12:20:22.693+0000] {processor.py:840} INFO - DAG(s) 'example_branch_dop_operator_v3' retrieved from /home/airflow/.local/lib/python3.8/site-packages/airflow/example_dags/example_branch_python_dop_operator_3.py
[2026-07-01T12:20:23.112+0000] {logging_mixin.py:188} INFO - [2026-07-01T12:20:23.111+0000] {dag.py:3036} INFO - Sync 1 DAGs
[2026-07-01T12:20:23.191+0000] {logging_mixin.py:188} INFO - [2026-07-01T12:20:23.191+0000] {dag.py:3823} INFO - Setting next_dagrun for example_branch_dop_operator_v3 to 2026-07-01 12:19:00+00:00, run_after=2026-07-01 12:20:00+00:00
[2026-07-01T12:20:23.255+0000] {processor.py:183} INFO - Processing /home/airflow/.local/lib/python3.8/site-packages/airflow/example_dags/example_branch_python_dop_operator_3.py took 0.611 seconds
[2026-07-01T12:20:56.086+0000] {processor.py:161} INFO - Started process (PID=1385) to work on /home/airflow/.local/lib/python3.8/site-packages/airflow/example_dags/example_branch_python_dop_operator_3.py
[2026-07-01T12:20:56.090+0000] {processor.py:830} INFO - Processing file /home/airflow/.local/lib/python3.8/site-packages/airflow/example_dags/example_branch_python_dop_operator_3.py for tasks to queue
[2026-07-01T12:20:56.099+0000] {logging_mixin.py:188} INFO - [2026-07-01T12:20:56.097+0000] {dagbag.py:538} INFO - Filling up the DagBag from /home/airflow/.local/lib/python3.8/site-packages/airflow/example_dags/example_branch_python_dop_operator_3.py
[2026-07-01T12:20:56.135+0000] {processor.py:840} INFO - DAG(s) 'example_branch_dop_operator_v3' retrieved from /home/airflow/.local/lib/python3.8/site-packages/airflow/example_dags/example_branch_python_dop_operator_3.py
[2026-07-01T12:20:56.202+0000] {logging_mixin.py:188} INFO - [2026-07-01T12:20:56.201+0000] {dag.py:3036} INFO - Sync 1 DAGs
[2026-07-01T12:20:56.313+0000] {logging_mixin.py:188} INFO - [2026-07-01T12:20:56.312+0000] {dag.py:3823} INFO - Setting next_dagrun for example_branch_dop_operator_v3 to 2026-07-01 12:19:00+00:00, run_after=2026-07-01 12:20:00+00:00
[2026-07-01T12:20:56.388+0000] {processor.py:183} INFO - Processing /home/airflow/.local/lib/python3.8/site-packages/airflow/example_dags/example_branch_python_dop_operator_3.py took 0.318 seconds
[2026-07-01T12:21:26.573+0000] {processor.py:161} INFO - Started process (PID=1439) to work on /home/airflow/.local/lib/python3.8/site-packages/airflow/example_dags/example_branch_python_dop_operator_3.py
[2026-07-01T12:21:26.577+0000] {processor.py:830} INFO - Processing file /home/airflow/.local/lib/python3.8/site-packages/airflow/example_dags/example_branch_python_dop_operator_3.py for tasks to queue
[2026-07-01T12:21:26.584+0000] {logging_mixin.py:188} INFO - [2026-07-01T12:21:26.583+0000] {dagbag.py:538} INFO - Filling up the DagBag from /home/airflow/.local/lib/python3.8/site-packages/airflow/example_dags/example_branch_python_dop_operator_3.py
[2026-07-01T12:21:26.621+0000] {processor.py:840} INFO - DAG(s) 'example_branch_dop_operator_v3' retrieved from /home/airflow/.local/lib/python3.8/site-packages/airflow/example_dags/example_branch_python_dop_operator_3.py
[2026-07-01T12:21:26.702+0000] {logging_mixin.py:188} INFO - [2026-07-01T12:21:26.701+0000] {dag.py:3036} INFO - Sync 1 DAGs
[2026-07-01T12:21:26.808+0000] {logging_mixin.py:188} INFO - [2026-07-01T12:21:26.808+0000] {dag.py:3823} INFO - Setting next_dagrun for example_branch_dop_operator_v3 to 2026-07-01 12:20:00+00:00, run_after=2026-07-01 12:21:00+00:00
[2026-07-01T12:21:26.875+0000] {processor.py:183} INFO - Processing /home/airflow/.local/lib/python3.8/site-packages/airflow/example_dags/example_branch_python_dop_operator_3.py took 0.313 seconds
[2026-07-01T12:21:57.078+0000] {processor.py:161} INFO - Started process (PID=1494) to work on /home/airflow/.local/lib/python3.8/site-packages/airflow/example_dags/example_branch_python_dop_operator_3.py
[2026-07-01T12:21:57.082+0000] {processor.py:830} INFO - Processing file /home/airflow/.local/lib/python3.8/site-packages/airflow/example_dags/example_branch_python_dop_operator_3.py for tasks to queue
[2026-07-01T12:21:57.089+0000] {logging_mixin.py:188} INFO - [2026-07-01T12:21:57.088+0000] {dagbag.py:538} INFO - Filling up the DagBag from /home/airflow/.local/lib/python3.8/site-packages/airflow/example_dags/example_branch_python_dop_operator_3.py
[2026-07-01T12:21:57.120+0000] {processor.py:840} INFO - DAG(s) 'example_branch_dop_operator_v3' retrieved from /home/airflow/.local/lib/python3.8/site-packages/airflow/example_dags/example_branch_python_dop_operator_3.py
[2026-07-01T12:21:57.173+0000] {logging_mixin.py:188} INFO - [2026-07-01T12:21:57.173+0000] {dag.py:3036} INFO - Sync 1 DAGs
[2026-07-01T12:21:57.246+0000] {logging_mixin.py:188} INFO - [2026-07-01T12:21:57.246+0000] {dag.py:3823} INFO - Setting next_dagrun for example_branch_dop_operator_v3 to 2026-07-01 12:20:00+00:00, run_after=2026-07-01 12:21:00+00:00
[2026-07-01T12:21:57.292+0000] {processor.py:183} INFO - Processing /home/airflow/.local/lib/python3.8/site-packages/airflow/example_dags/example_branch_python_dop_operator_3.py took 0.225 seconds
[2026-07-01T12:22:27.450+0000] {processor.py:161} INFO - Started process (PID=1550) to work on /home/airflow/.local/lib/python3.8/site-packages/airflow/example_dags/example_branch_python_dop_operator_3.py
[2026-07-01T12:22:27.453+0000] {processor.py:830} INFO - Processing file /home/airflow/.local/lib/python3.8/site-packages/airflow/example_dags/example_branch_python_dop_operator_3.py for tasks to queue
[2026-07-01T12:22:27.458+0000] {logging_mixin.py:188} INFO - [2026-07-01T12:22:27.458+0000] {dagbag.py:538} INFO - Filling up the DagBag from /home/airflow/.local/lib/python3.8/site-packages/airflow/example_dags/example_branch_python_dop_operator_3.py
[2026-07-01T12:22:27.481+0000] {processor.py:840} INFO - DAG(s) 'example_branch_dop_operator_v3' retrieved from /home/airflow/.local/lib/python3.8/site-packages/airflow/example_dags/example_branch_python_dop_operator_3.py
[2026-07-01T12:22:27.528+0000] {logging_mixin.py:188} INFO - [2026-07-01T12:22:27.527+0000] {dag.py:3036} INFO - Sync 1 DAGs
[2026-07-01T12:22:27.584+0000] {logging_mixin.py:188} INFO - [2026-07-01T12:22:27.583+0000] {dag.py:3823} INFO - Setting next_dagrun for example_branch_dop_operator_v3 to 2026-07-01 12:21:00+00:00, run_after=2026-07-01 12:22:00+00:00
[2026-07-01T12:22:27.634+0000] {processor.py:183} INFO - Processing /home/airflow/.local/lib/python3.8/site-packages/airflow/example_dags/example_branch_python_dop_operator_3.py took 0.192 seconds
[2026-07-01T12:22:57.756+0000] {processor.py:161} INFO - Started process (PID=1606) to work on /home/airflow/.local/lib/python3.8/site-packages/airflow/example_dags/example_branch_python_dop_operator_3.py
[2026-07-01T12:22:57.759+0000] {processor.py:830} INFO - Processing file /home/airflow/.local/lib/python3.8/site-packages/airflow/example_dags/example_branch_python_dop_operator_3.py for tasks to queue
[2026-07-01T12:22:57.764+0000] {logging_mixin.py:188} INFO - [2026-07-01T12:22:57.764+0000] {dagbag.py:538} INFO - Filling up the DagBag from /home/airflow/.local/lib/python3.8/site-packages/airflow/example_dags/example_branch_python_dop_operator_3.py
[2026-07-01T12:22:57.784+0000] {processor.py:840} INFO - DAG(s) 'example_branch_dop_operator_v3' retrieved from /home/airflow/.local/lib/python3.8/site-packages/airflow/example_dags/example_branch_python_dop_operator_3.py
[2026-07-01T12:22:57.828+0000] {logging_mixin.py:188} INFO - [2026-07-01T12:22:57.827+0000] {dag.py:3036} INFO - Sync 1 DAGs
[2026-07-01T12:22:57.878+0000] {logging_mixin.py:188} INFO - [2026-07-01T12:22:57.878+0000] {dag.py:3823} INFO - Setting next_dagrun for example_branch_dop_operator_v3 to 2026-07-01 12:21:00+00:00, run_after=2026-07-01 12:22:00+00:00
[2026-07-01T12:22:57.920+0000] {processor.py:183} INFO - Processing /home/airflow/.local/lib/python3.8/site-packages/airflow/example_dags/example_branch_python_dop_operator_3.py took 0.171 seconds
[2026-07-01T12:23:28.168+0000] {processor.py:161} INFO - Started process (PID=1662) to work on /home/airflow/.local/lib/python3.8/site-packages/airflow/example_dags/example_branch_python_dop_operator_3.py
[2026-07-01T12:23:28.172+0000] {processor.py:830} INFO - Processing file /home/airflow/.local/lib/python3.8/site-packages/airflow/example_dags/example_branch_python_dop_operator_3.py for tasks to queue
[2026-07-01T12:23:28.179+0000] {logging_mixin.py:188} INFO - [2026-07-01T12:23:28.178+0000] {dagbag.py:538} INFO - Filling up the DagBag from /home/airflow/.local/lib/python3.8/site-packages/airflow/example_dags/example_branch_python_dop_operator_3.py
[2026-07-01T12:23:28.210+0000] {processor.py:840} INFO - DAG(s) 'example_branch_dop_operator_v3' retrieved from /home/airflow/.local/lib/python3.8/site-packages/airflow/example_dags/example_branch_python_dop_operator_3.py
[2026-07-01T12:23:28.273+0000] {logging_mixin.py:188} INFO - [2026-07-01T12:23:28.273+0000] {dag.py:3036} INFO - Sync 1 DAGs
[2026-07-01T12:23:28.345+0000] {logging_mixin.py:188} INFO - [2026-07-01T12:23:28.344+0000] {dag.py:3823} INFO - Setting next_dagrun for example_branch_dop_operator_v3 to 2026-07-01 12:22:00+00:00, run_after=2026-07-01 12:23:00+00:00
[2026-07-01T12:23:28.397+0000] {processor.py:183} INFO - Processing /home/airflow/.local/lib/python3.8/site-packages/airflow/example_dags/example_branch_python_dop_operator_3.py took 0.242 seconds
[2026-07-01T12:23:59.010+0000] {processor.py:161} INFO - Started process (PID=1718) to work on /home/airflow/.local/lib/python3.8/site-packages/airflow/example_dags/example_branch_python_dop_operator_3.py
[2026-07-01T12:23:59.015+0000] {processor.py:830} INFO - Processing file /home/airflow/.local/lib/python3.8/site-packages/airflow/example_dags/example_branch_python_dop_operator_3.py for tasks to queue
[2026-07-01T12:23:59.023+0000] {logging_mixin.py:188} INFO - [2026-07-01T12:23:59.022+0000] {dagbag.py:538} INFO - Filling up the DagBag from /home/airflow/.local/lib/python3.8/site-packages/airflow/example_dags/example_branch_python_dop_operator_3.py
[2026-07-01T12:23:59.054+0000] {processor.py:840} INFO - DAG(s) 'example_branch_dop_operator_v3' retrieved from /home/airflow/.local/lib/python3.8/site-packages/airflow/example_dags/example_branch_python_dop_operator_3.py
[2026-07-01T12:23:59.116+0000] {logging_mixin.py:188} INFO - [2026-07-01T12:23:59.116+0000] {dag.py:3036} INFO - Sync 1 DAGs
[2026-07-01T12:23:59.189+0000] {logging_mixin.py:188} INFO - [2026-07-01T12:23:59.188+0000] {dag.py:3823} INFO - Setting next_dagrun for example_branch_dop_operator_v3 to 2026-07-01 12:22:00+00:00, run_after=2026-07-01 12:23:00+00:00
[2026-07-01T12:23:59.248+0000] {processor.py:183} INFO - Processing /home/airflow/.local/lib/python3.8/site-packages/airflow/example_dags/example_branch_python_dop_operator_3.py took 0.252 seconds
[2026-07-01T12:24:29.442+0000] {processor.py:161} INFO - Started process (PID=1774) to work on /home/airflow/.local/lib/python3.8/site-packages/airflow/example_dags/example_branch_python_dop_operator_3.py
[2026-07-01T12:24:29.446+0000] {processor.py:830} INFO - Processing file /home/airflow/.local/lib/python3.8/site-packages/airflow/example_dags/example_branch_python_dop_operator_3.py for tasks to queue
[2026-07-01T12:24:29.453+0000] {logging_mixin.py:188} INFO - [2026-07-01T12:24:29.452+0000] {dagbag.py:538} INFO - Filling up the DagBag from /home/airflow/.local/lib/python3.8/site-packages/airflow/example_dags/example_branch_python_dop_operator_3.py
[2026-07-01T12:24:29.486+0000] {processor.py:840} INFO - DAG(s) 'example_branch_dop_operator_v3' retrieved from /home/airflow/.local/lib/python3.8/site-packages/airflow/example_dags/example_branch_python_dop_operator_3.py
[2026-07-01T12:24:29.544+0000] {logging_mixin.py:188} INFO - [2026-07-01T12:24:29.543+0000] {dag.py:3036} INFO - Sync 1 DAGs
[2026-07-01T12:24:29.608+0000] {logging_mixin.py:188} INFO - [2026-07-01T12:24:29.607+0000] {dag.py:3823} INFO - Setting next_dagrun for example_branch_dop_operator_v3 to 2026-07-01 12:23:00+00:00, run_after=2026-07-01 12:24:00+00:00
[2026-07-01T12:24:29.650+0000] {processor.py:183} INFO - Processing /home/airflow/.local/lib/python3.8/site-packages/airflow/example_dags/example_branch_python_dop_operator_3.py took 0.225 seconds
[2026-07-01T12:25:00.088+0000] {processor.py:161} INFO - Started process (PID=1830) to work on /home/airflow/.local/lib/python3.8/site-packages/airflow/example_dags/example_branch_python_dop_operator_3.py
[2026-07-01T12:25:00.091+0000] {processor.py:830} INFO - Processing file /home/airflow/.local/lib/python3.8/site-packages/airflow/example_dags/example_branch_python_dop_operator_3.py for tasks to queue
[2026-07-01T12:25:00.097+0000] {logging_mixin.py:188} INFO - [2026-07-01T12:25:00.096+0000] {dagbag.py:538} INFO - Filling up the DagBag from /home/airflow/.local/lib/python3.8/site-packages/airflow/example_dags/example_branch_python_dop_operator_3.py
[2026-07-01T12:25:00.121+0000] {processor.py:840} INFO - DAG(s) 'example_branch_dop_operator_v3' retrieved from /home/airflow/.local/lib/python3.8/site-packages/airflow/example_dags/example_branch_python_dop_operator_3.py
[2026-07-01T12:25:00.168+0000] {logging_mixin.py:188} INFO - [2026-07-01T12:25:00.168+0000] {dag.py:3036} INFO - Sync 1 DAGs
[2026-07-01T12:25:00.229+0000] {logging_mixin.py:188} INFO - [2026-07-01T12:25:00.228+0000] {dag.py:3823} INFO - Setting next_dagrun for example_branch_dop_operator_v3 to 2026-07-01 12:24:00+00:00, run_after=2026-07-01 12:25:00+00:00
[2026-07-01T12:25:00.273+0000] {processor.py:183} INFO - Processing /home/airflow/.local/lib/python3.8/site-packages/airflow/example_dags/example_branch_python_dop_operator_3.py took 0.193 seconds
[2026-07-01T12:25:30.749+0000] {processor.py:161} INFO - Started process (PID=1886) to work on /home/airflow/.local/lib/python3.8/site-packages/airflow/example_dags/example_branch_python_dop_operator_3.py
[2026-07-01T12:25:30.752+0000] {processor.py:830} INFO - Processing file /home/airflow/.local/lib/python3.8/site-packages/airflow/example_dags/example_branch_python_dop_operator_3.py for tasks to queue
[2026-07-01T12:25:30.757+0000] {logging_mixin.py:188} INFO - [2026-07-01T12:25:30.757+0000] {dagbag.py:538} INFO - Filling up the DagBag from /home/airflow/.local/lib/python3.8/site-packages/airflow/example_dags/example_branch_python_dop_operator_3.py
[2026-07-01T12:25:30.777+0000] {processor.py:840} INFO - DAG(s) 'example_branch_dop_operator_v3' retrieved from /home/airflow/.local/lib/python3.8/site-packages/airflow/example_dags/example_branch_python_dop_operator_3.py
[2026-07-01T12:25:30.822+0000] {logging_mixin.py:188} INFO - [2026-07-01T12:25:30.822+0000] {dag.py:3036} INFO - Sync 1 DAGs
[2026-07-01T12:25:30.875+0000] {logging_mixin.py:188} INFO - [2026-07-01T12:25:30.875+0000] {dag.py:3823} INFO - Setting next_dagrun for example_branch_dop_operator_v3 to 2026-07-01 12:24:00+00:00, run_after=2026-07-01 12:25:00+00:00
[2026-07-01T12:25:30.912+0000] {processor.py:183} INFO - Processing /home/airflow/.local/lib/python3.8/site-packages/airflow/example_dags/example_branch_python_dop_operator_3.py took 0.170 seconds
[2026-07-01T12:26:01.170+0000] {processor.py:161} INFO - Started process (PID=1942) to work on /home/airflow/.local/lib/python3.8/site-packages/airflow/example_dags/example_branch_python_dop_operator_3.py
[2026-07-01T12:26:01.173+0000] {processor.py:830} INFO - Processing file /home/airflow/.local/lib/python3.8/site-packages/airflow/example_dags/example_branch_python_dop_operator_3.py for tasks to queue
[2026-07-01T12:26:01.178+0000] {logging_mixin.py:188} INFO - [2026-07-01T12:26:01.177+0000] {dagbag.py:538} INFO - Filling up the DagBag from /home/airflow/.local/lib/python3.8/site-packages/airflow/example_dags/example_branch_python_dop_operator_3.py
[2026-07-01T12:26:01.198+0000] {processor.py:840} INFO - DAG(s) 'example_branch_dop_operator_v3' retrieved from /home/airflow/.local/lib/python3.8/site-packages/airflow/example_dags/example_branch_python_dop_operator_3.py
[2026-07-01T12:26:01.247+0000] {logging_mixin.py:188} INFO - [2026-07-01T12:26:01.247+0000] {dag.py:3036} INFO - Sync 1 DAGs
[2026-07-01T12:26:01.304+0000] {logging_mixin.py:188} INFO - [2026-07-01T12:26:01.304+0000] {dag.py:3823} INFO - Setting next_dagrun for example_branch_dop_operator_v3 to 2026-07-01 12:25:00+00:00, run_after=2026-07-01 12:26:00+00:00
[2026-07-01T12:26:01.344+0000] {processor.py:183} INFO - Processing /home/airflow/.local/lib/python3.8/site-packages/airflow/example_dags/example_branch_python_dop_operator_3.py took 0.182 seconds
[2026-07-01T12:26:31.776+0000] {processor.py:161} INFO - Started process (PID=1998) to work on /home/airflow/.local/lib/python3.8/site-packages/airflow/example_dags/example_branch_python_dop_operator_3.py
[2026-07-01T12:26:31.779+0000] {processor.py:830} INFO - Processing file /home/airflow/.local/lib/python3.8/site-packages/airflow/example_dags/example_branch_python_dop_operator_3.py for tasks to queue
[2026-07-01T12:26:31.784+0000] {logging_mixin.py:188} INFO - [2026-07-01T12:26:31.783+0000] {dagbag.py:538} INFO - Filling up the DagBag from /home/airflow/.local/lib/python3.8/site-packages/airflow/example_dags/example_branch_python_dop_operator_3.py
[2026-07-01T12:26:31.805+0000] {processor.py:840} INFO - DAG(s) 'example_branch_dop_operator_v3' retrieved from /home/airflow/.local/lib/python3.8/site-packages/airflow/example_dags/example_branch_python_dop_operator_3.py
[2026-07-01T12:26:31.849+0000] {logging_mixin.py:188} INFO - [2026-07-01T12:26:31.848+0000] {dag.py:3036} INFO - Sync 1 DAGs
[2026-07-01T12:26:31.903+0000] {logging_mixin.py:188} INFO - [2026-07-01T12:26:31.902+0000] {dag.py:3823} INFO - Setting next_dagrun for example_branch_dop_operator_v3 to 2026-07-01 12:25:00+00:00, run_after=2026-07-01 12:26:00+00:00
[2026-07-01T12:26:31.939+0000] {processor.py:183} INFO - Processing /home/airflow/.local/lib/python3.8/site-packages/airflow/example_dags/example_branch_python_dop_operator_3.py took 0.172 seconds
[2026-07-01T12:27:02.303+0000] {processor.py:161} INFO - Started process (PID=2054) to work on /home/airflow/.local/lib/python3.8/site-packages/airflow/example_dags/example_branch_python_dop_operator_3.py
[2026-07-01T12:27:02.306+0000] {processor.py:830} INFO - Processing file /home/airflow/.local/lib/python3.8/site-packages/airflow/example_dags/example_branch_python_dop_operator_3.py for tasks to queue
[2026-07-01T12:27:02.312+0000] {logging_mixin.py:188} INFO - [2026-07-01T12:27:02.311+0000] {dagbag.py:538} INFO - Filling up the DagBag from /home/airflow/.local/lib/python3.8/site-packages/airflow/example_dags/example_branch_python_dop_operator_3.py
[2026-07-01T12:27:02.334+0000] {processor.py:840} INFO - DAG(s) 'example_branch_dop_operator_v3' retrieved from /home/airflow/.local/lib/python3.8/site-packages/airflow/example_dags/example_branch_python_dop_operator_3.py
[2026-07-01T12:27:02.388+0000] {logging_mixin.py:188} INFO - [2026-07-01T12:27:02.387+0000] {dag.py:3036} INFO - Sync 1 DAGs
[2026-07-01T12:27:02.453+0000] {logging_mixin.py:188} INFO - [2026-07-01T12:27:02.453+0000] {dag.py:3823} INFO - Setting next_dagrun for example_branch_dop_operator_v3 to 2026-07-01 12:26:00+00:00, run_after=2026-07-01 12:27:00+00:00
[2026-07-01T12:27:02.498+0000] {processor.py:183} INFO - Processing /home/airflow/.local/lib/python3.8/site-packages/airflow/example_dags/example_branch_python_dop_operator_3.py took 0.203 seconds
[2026-07-01T12:27:32.931+0000] {processor.py:161} INFO - Started process (PID=2110) to work on /home/airflow/.local/lib/python3.8/site-packages/airflow/example_dags/example_branch_python_dop_operator_3.py
[2026-07-01T12:27:32.934+0000] {processor.py:830} INFO - Processing file /home/airflow/.local/lib/python3.8/site-packages/airflow/example_dags/example_branch_python_dop_operator_3.py for tasks to queue
[2026-07-01T12:27:32.941+0000] {logging_mixin.py:188} INFO - [2026-07-01T12:27:32.940+0000] {dagbag.py:538} INFO - Filling up the DagBag from /home/airflow/.local/lib/python3.8/site-packages/airflow/example_dags/example_branch_python_dop_operator_3.py
[2026-07-01T12:27:32.969+0000] {processor.py:840} INFO - DAG(s) 'example_branch_dop_operator_v3' retrieved from /home/airflow/.local/lib/python3.8/site-packages/airflow/example_dags/example_branch_python_dop_operator_3.py
[2026-07-01T12:27:33.041+0000] {logging_mixin.py:188} INFO - [2026-07-01T12:27:33.041+0000] {dag.py:3036} INFO - Sync 1 DAGs
[2026-07-01T12:27:33.120+0000] {logging_mixin.py:188} INFO - [2026-07-01T12:27:33.120+0000] {dag.py:3823} INFO - Setting next_dagrun for example_branch_dop_operator_v3 to 2026-07-01 12:26:00+00:00, run_after=2026-07-01 12:27:00+00:00
[2026-07-01T12:27:33.161+0000] {processor.py:183} INFO - Processing /home/airflow/.local/lib/python3.8/site-packages/airflow/example_dags/example_branch_python_dop_operator_3.py took 0.239 seconds
[2026-07-01T12:28:03.520+0000] {processor.py:161} INFO - Started process (PID=2166) to work on /home/airflow/.local/lib/python3.8/site-packages/airflow/example_dags/example_branch_python_dop_operator_3.py
[2026-07-01T12:28:03.524+0000] {processor.py:830} INFO - Processing file /home/airflow/.local/lib/python3.8/site-packages/airflow/example_dags/example_branch_python_dop_operator_3.py for tasks to queue
[2026-07-01T12:28:03.531+0000] {logging_mixin.py:188} INFO - [2026-07-01T12:28:03.530+0000] {dagbag.py:538} INFO - Filling up the DagBag from /home/airflow/.local/lib/python3.8/site-packages/airflow/example_dags/example_branch_python_dop_operator_3.py
[2026-07-01T12:28:03.556+0000] {processor.py:840} INFO - DAG(s) 'example_branch_dop_operator_v3' retrieved from /home/airflow/.local/lib/python3.8/site-packages/airflow/example_dags/example_branch_python_dop_operator_3.py
[2026-07-01T12:28:03.608+0000] {logging_mixin.py:188} INFO - [2026-07-01T12:28:03.607+0000] {dag.py:3036} INFO - Sync 1 DAGs
[2026-07-01T12:28:03.665+0000] {logging_mixin.py:188} INFO - [2026-07-01T12:28:03.664+0000] {dag.py:3823} INFO - Setting next_dagrun for example_branch_dop_operator_v3 to 2026-07-01 12:27:00+00:00, run_after=2026-07-01 12:28:00+00:00
[2026-07-01T12:28:03.705+0000] {processor.py:183} INFO - Processing /home/airflow/.local/lib/python3.8/site-packages/airflow/example_dags/example_branch_python_dop_operator_3.py took 0.198 seconds
[2026-07-01T12:28:34.127+0000] {processor.py:161} INFO - Started process (PID=2222) to work on /home/airflow/.local/lib/python3.8/site-packages/airflow/example_dags/example_branch_python_dop_operator_3.py
[2026-07-01T12:28:34.130+0000] {processor.py:830} INFO - Processing file /home/airflow/.local/lib/python3.8/site-packages/airflow/example_dags/example_branch_python_dop_operator_3.py for tasks to queue
[2026-07-01T12:28:34.137+0000] {logging_mixin.py:188} INFO - [2026-07-01T12:28:34.136+0000] {dagbag.py:538} INFO - Filling up the DagBag from /home/airflow/.local/lib/python3.8/site-packages/airflow/example_dags/example_branch_python_dop_operator_3.py
[2026-07-01T12:28:34.164+0000] {processor.py:840} INFO - DAG(s) 'example_branch_dop_operator_v3' retrieved from /home/airflow/.local/lib/python3.8/site-packages/airflow/example_dags/example_branch_python_dop_operator_3.py
[2026-07-01T12:28:34.243+0000] {logging_mixin.py:188} INFO - [2026-07-01T12:28:34.242+0000] {dag.py:3036} INFO - Sync 1 DAGs
[2026-07-01T12:28:34.340+0000] {logging_mixin.py:188} INFO - [2026-07-01T12:28:34.337+0000] {dag.py:3823} INFO - Setting next_dagrun for example_branch_dop_operator_v3 to 2026-07-01 12:27:00+00:00, run_after=2026-07-01 12:28:00+00:00
[2026-07-01T12:28:34.456+0000] {processor.py:183} INFO - Processing /home/airflow/.local/lib/python3.8/site-packages/airflow/example_dags/example_branch_python_dop_operator_3.py took 0.339 seconds
[2026-07-01T12:29:04.813+0000] {processor.py:161} INFO - Started process (PID=2279) to work on /home/airflow/.local/lib/python3.8/site-packages/airflow/example_dags/example_branch_python_dop_operator_3.py
[2026-07-01T12:29:04.818+0000] {processor.py:830} INFO - Processing file /home/airflow/.local/lib/python3.8/site-packages/airflow/example_dags/example_branch_python_dop_operator_3.py for tasks to queue
[2026-07-01T12:29:04.825+0000] {logging_mixin.py:188} INFO - [2026-07-01T12:29:04.824+0000] {dagbag.py:538} INFO - Filling up the DagBag from /home/airflow/.local/lib/python3.8/site-packages/airflow/example_dags/example_branch_python_dop_operator_3.py
[2026-07-01T12:29:04.865+0000] {processor.py:840} INFO - DAG(s) 'example_branch_dop_operator_v3' retrieved from /home/airflow/.local/lib/python3.8/site-packages/airflow/example_dags/example_branch_python_dop_operator_3.py
[2026-07-01T12:29:04.922+0000] {logging_mixin.py:188} INFO - [2026-07-01T12:29:04.921+0000] {dag.py:3036} INFO - Sync 1 DAGs
[2026-07-01T12:29:04.986+0000] {logging_mixin.py:188} INFO - [2026-07-01T12:29:04.986+0000] {dag.py:3823} INFO - Setting next_dagrun for example_branch_dop_operator_v3 to 2026-07-01 12:28:00+00:00, run_after=2026-07-01 12:29:00+00:00
[2026-07-01T12:29:05.027+0000] {processor.py:183} INFO - Processing /home/airflow/.local/lib/python3.8/site-packages/airflow/example_dags/example_branch_python_dop_operator_3.py took 0.226 seconds
[2026-07-01T12:29:35.612+0000] {processor.py:161} INFO - Started process (PID=2336) to work on /home/airflow/.local/lib/python3.8/site-packages/airflow/example_dags/example_branch_python_dop_operator_3.py
[2026-07-01T12:29:35.616+0000] {processor.py:830} INFO - Processing file /home/airflow/.local/lib/python3.8/site-packages/airflow/example_dags/example_branch_python_dop_operator_3.py for tasks to queue
[2026-07-01T12:29:35.623+0000] {logging_mixin.py:188} INFO - [2026-07-01T12:29:35.622+0000] {dagbag.py:538} INFO - Filling up the DagBag from /home/airflow/.local/lib/python3.8/site-packages/airflow/example_dags/example_branch_python_dop_operator_3.py
[2026-07-01T12:29:35.649+0000] {processor.py:840} INFO - DAG(s) 'example_branch_dop_operator_v3' retrieved from /home/airflow/.local/lib/python3.8/site-packages/airflow/example_dags/example_branch_python_dop_operator_3.py
[2026-07-01T12:29:35.701+0000] {logging_mixin.py:188} INFO - [2026-07-01T12:29:35.701+0000] {dag.py:3036} INFO - Sync 1 DAGs
[2026-07-01T12:29:35.759+0000] {logging_mixin.py:188} INFO - [2026-07-01T12:29:35.759+0000] {dag.py:3823} INFO - Setting next_dagrun for example_branch_dop_operator_v3 to 2026-07-01 12:28:00+00:00, run_after=2026-07-01 12:29:00+00:00
[2026-07-01T12:29:35.802+0000] {processor.py:183} INFO - Processing /home/airflow/.local/lib/python3.8/site-packages/airflow/example_dags/example_branch_python_dop_operator_3.py took 0.200 seconds
