[2026-07-01T11:58:32.074+0000] {processor.py:161} INFO - Started process (PID=106) to work on /home/airflow/.local/lib/python3.8/site-packages/airflow/example_dags/example_sensors.py
[2026-07-01T11:58:32.082+0000] {processor.py:830} INFO - Processing file /home/airflow/.local/lib/python3.8/site-packages/airflow/example_dags/example_sensors.py for tasks to queue
[2026-07-01T11:58:32.088+0000] {logging_mixin.py:188} INFO - [2026-07-01T11:58:32.087+0000] {dagbag.py:538} INFO - Filling up the DagBag from /home/airflow/.local/lib/python3.8/site-packages/airflow/example_dags/example_sensors.py
[2026-07-01T11:58:32.128+0000] {processor.py:840} INFO - DAG(s) 'example_sensors' retrieved from /home/airflow/.local/lib/python3.8/site-packages/airflow/example_dags/example_sensors.py
[2026-07-01T11:58:32.466+0000] {logging_mixin.py:188} INFO - [2026-07-01T11:58:32.465+0000] {dag.py:3036} INFO - Sync 1 DAGs
[2026-07-01T11:58:32.491+0000] {logging_mixin.py:188} INFO - [2026-07-01T11:58:32.490+0000] {dag.py:3823} INFO - Setting next_dagrun for example_sensors to None, run_after=None
[2026-07-01T11:58:32.636+0000] {processor.py:183} INFO - Processing /home/airflow/.local/lib/python3.8/site-packages/airflow/example_dags/example_sensors.py took 0.573 seconds
[2026-07-01T11:59:02.887+0000] {processor.py:161} INFO - Started process (PID=161) to work on /home/airflow/.local/lib/python3.8/site-packages/airflow/example_dags/example_sensors.py
[2026-07-01T11:59:02.891+0000] {processor.py:830} INFO - Processing file /home/airflow/.local/lib/python3.8/site-packages/airflow/example_dags/example_sensors.py for tasks to queue
[2026-07-01T11:59:02.896+0000] {logging_mixin.py:188} INFO - [2026-07-01T11:59:02.896+0000] {dagbag.py:538} INFO - Filling up the DagBag from /home/airflow/.local/lib/python3.8/site-packages/airflow/example_dags/example_sensors.py
[2026-07-01T11:59:02.919+0000] {processor.py:840} INFO - DAG(s) 'example_sensors' retrieved from /home/airflow/.local/lib/python3.8/site-packages/airflow/example_dags/example_sensors.py
[2026-07-01T11:59:02.977+0000] {logging_mixin.py:188} INFO - [2026-07-01T11:59:02.976+0000] {dag.py:3036} INFO - Sync 1 DAGs
[2026-07-01T11:59:03.006+0000] {logging_mixin.py:188} INFO - [2026-07-01T11:59:03.006+0000] {dag.py:3823} INFO - Setting next_dagrun for example_sensors to None, run_after=None
[2026-07-01T11:59:03.050+0000] {processor.py:183} INFO - Processing /home/airflow/.local/lib/python3.8/site-packages/airflow/example_dags/example_sensors.py took 0.171 seconds
[2026-07-01T11:59:33.319+0000] {processor.py:161} INFO - Started process (PID=216) to work on /home/airflow/.local/lib/python3.8/site-packages/airflow/example_dags/example_sensors.py
[2026-07-01T11:59:33.323+0000] {processor.py:830} INFO - Processing file /home/airflow/.local/lib/python3.8/site-packages/airflow/example_dags/example_sensors.py for tasks to queue
[2026-07-01T11:59:33.330+0000] {logging_mixin.py:188} INFO - [2026-07-01T11:59:33.329+0000] {dagbag.py:538} INFO - Filling up the DagBag from /home/airflow/.local/lib/python3.8/site-packages/airflow/example_dags/example_sensors.py
[2026-07-01T11:59:33.361+0000] {processor.py:840} INFO - DAG(s) 'example_sensors' retrieved from /home/airflow/.local/lib/python3.8/site-packages/airflow/example_dags/example_sensors.py
[2026-07-01T11:59:33.438+0000] {logging_mixin.py:188} INFO - [2026-07-01T11:59:33.437+0000] {dag.py:3036} INFO - Sync 1 DAGs
[2026-07-01T11:59:33.477+0000] {logging_mixin.py:188} INFO - [2026-07-01T11:59:33.477+0000] {dag.py:3823} INFO - Setting next_dagrun for example_sensors to None, run_after=None
[2026-07-01T11:59:33.527+0000] {processor.py:183} INFO - Processing /home/airflow/.local/lib/python3.8/site-packages/airflow/example_dags/example_sensors.py took 0.228 seconds
[2026-07-01T12:00:03.620+0000] {processor.py:161} INFO - Started process (PID=271) to work on /home/airflow/.local/lib/python3.8/site-packages/airflow/example_dags/example_sensors.py
[2026-07-01T12:00:03.623+0000] {processor.py:830} INFO - Processing file /home/airflow/.local/lib/python3.8/site-packages/airflow/example_dags/example_sensors.py for tasks to queue
[2026-07-01T12:00:03.630+0000] {logging_mixin.py:188} INFO - [2026-07-01T12:00:03.629+0000] {dagbag.py:538} INFO - Filling up the DagBag from /home/airflow/.local/lib/python3.8/site-packages/airflow/example_dags/example_sensors.py
[2026-07-01T12:00:03.658+0000] {processor.py:840} INFO - DAG(s) 'example_sensors' retrieved from /home/airflow/.local/lib/python3.8/site-packages/airflow/example_dags/example_sensors.py
[2026-07-01T12:00:03.694+0000] {logging_mixin.py:188} INFO - [2026-07-01T12:00:03.693+0000] {dag.py:3036} INFO - Sync 1 DAGs
[2026-07-01T12:00:03.731+0000] {logging_mixin.py:188} INFO - [2026-07-01T12:00:03.730+0000] {dag.py:3823} INFO - Setting next_dagrun for example_sensors to None, run_after=None
[2026-07-01T12:00:03.789+0000] {processor.py:183} INFO - Processing /home/airflow/.local/lib/python3.8/site-packages/airflow/example_dags/example_sensors.py took 0.179 seconds
[2026-07-01T12:00:35.082+0000] {processor.py:161} INFO - Started process (PID=326) to work on /home/airflow/.local/lib/python3.8/site-packages/airflow/example_dags/example_sensors.py
[2026-07-01T12:00:35.086+0000] {processor.py:830} INFO - Processing file /home/airflow/.local/lib/python3.8/site-packages/airflow/example_dags/example_sensors.py for tasks to queue
[2026-07-01T12:00:35.091+0000] {logging_mixin.py:188} INFO - [2026-07-01T12:00:35.090+0000] {dagbag.py:538} INFO - Filling up the DagBag from /home/airflow/.local/lib/python3.8/site-packages/airflow/example_dags/example_sensors.py
[2026-07-01T12:00:35.116+0000] {processor.py:840} INFO - DAG(s) 'example_sensors' retrieved from /home/airflow/.local/lib/python3.8/site-packages/airflow/example_dags/example_sensors.py
[2026-07-01T12:00:35.380+0000] {logging_mixin.py:188} INFO - [2026-07-01T12:00:35.380+0000] {dag.py:3036} INFO - Sync 1 DAGs
[2026-07-01T12:00:35.407+0000] {logging_mixin.py:188} INFO - [2026-07-01T12:00:35.407+0000] {dag.py:3823} INFO - Setting next_dagrun for example_sensors to None, run_after=None
[2026-07-01T12:00:35.458+0000] {processor.py:183} INFO - Processing /home/airflow/.local/lib/python3.8/site-packages/airflow/example_dags/example_sensors.py took 0.384 seconds
[2026-07-01T12:01:05.877+0000] {processor.py:161} INFO - Started process (PID=381) to work on /home/airflow/.local/lib/python3.8/site-packages/airflow/example_dags/example_sensors.py
[2026-07-01T12:01:05.883+0000] {processor.py:830} INFO - Processing file /home/airflow/.local/lib/python3.8/site-packages/airflow/example_dags/example_sensors.py for tasks to queue
[2026-07-01T12:01:05.891+0000] {logging_mixin.py:188} INFO - [2026-07-01T12:01:05.890+0000] {dagbag.py:538} INFO - Filling up the DagBag from /home/airflow/.local/lib/python3.8/site-packages/airflow/example_dags/example_sensors.py
[2026-07-01T12:01:05.932+0000] {processor.py:840} INFO - DAG(s) 'example_sensors' retrieved from /home/airflow/.local/lib/python3.8/site-packages/airflow/example_dags/example_sensors.py
[2026-07-01T12:01:06.012+0000] {logging_mixin.py:188} INFO - [2026-07-01T12:01:06.011+0000] {dag.py:3036} INFO - Sync 1 DAGs
[2026-07-01T12:01:06.051+0000] {logging_mixin.py:188} INFO - [2026-07-01T12:01:06.050+0000] {dag.py:3823} INFO - Setting next_dagrun for example_sensors to None, run_after=None
[2026-07-01T12:01:06.113+0000] {processor.py:183} INFO - Processing /home/airflow/.local/lib/python3.8/site-packages/airflow/example_dags/example_sensors.py took 0.249 seconds
[2026-07-01T12:01:36.620+0000] {processor.py:161} INFO - Started process (PID=436) to work on /home/airflow/.local/lib/python3.8/site-packages/airflow/example_dags/example_sensors.py
[2026-07-01T12:01:36.624+0000] {processor.py:830} INFO - Processing file /home/airflow/.local/lib/python3.8/site-packages/airflow/example_dags/example_sensors.py for tasks to queue
[2026-07-01T12:01:36.630+0000] {logging_mixin.py:188} INFO - [2026-07-01T12:01:36.629+0000] {dagbag.py:538} INFO - Filling up the DagBag from /home/airflow/.local/lib/python3.8/site-packages/airflow/example_dags/example_sensors.py
[2026-07-01T12:01:36.655+0000] {processor.py:840} INFO - DAG(s) 'example_sensors' retrieved from /home/airflow/.local/lib/python3.8/site-packages/airflow/example_dags/example_sensors.py
[2026-07-01T12:01:36.724+0000] {logging_mixin.py:188} INFO - [2026-07-01T12:01:36.723+0000] {dag.py:3036} INFO - Sync 1 DAGs
[2026-07-01T12:01:36.765+0000] {logging_mixin.py:188} INFO - [2026-07-01T12:01:36.763+0000] {dag.py:3823} INFO - Setting next_dagrun for example_sensors to None, run_after=None
[2026-07-01T12:01:36.825+0000] {processor.py:183} INFO - Processing /home/airflow/.local/lib/python3.8/site-packages/airflow/example_dags/example_sensors.py took 0.214 seconds
[2026-07-01T12:02:07.429+0000] {processor.py:161} INFO - Started process (PID=492) to work on /home/airflow/.local/lib/python3.8/site-packages/airflow/example_dags/example_sensors.py
[2026-07-01T12:02:07.433+0000] {processor.py:830} INFO - Processing file /home/airflow/.local/lib/python3.8/site-packages/airflow/example_dags/example_sensors.py for tasks to queue
[2026-07-01T12:02:07.440+0000] {logging_mixin.py:188} INFO - [2026-07-01T12:02:07.439+0000] {dagbag.py:538} INFO - Filling up the DagBag from /home/airflow/.local/lib/python3.8/site-packages/airflow/example_dags/example_sensors.py
[2026-07-01T12:02:07.468+0000] {processor.py:840} INFO - DAG(s) 'example_sensors' retrieved from /home/airflow/.local/lib/python3.8/site-packages/airflow/example_dags/example_sensors.py
[2026-07-01T12:02:07.537+0000] {logging_mixin.py:188} INFO - [2026-07-01T12:02:07.537+0000] {dag.py:3036} INFO - Sync 1 DAGs
[2026-07-01T12:02:07.571+0000] {logging_mixin.py:188} INFO - [2026-07-01T12:02:07.570+0000] {dag.py:3823} INFO - Setting next_dagrun for example_sensors to None, run_after=None
[2026-07-01T12:02:07.617+0000] {processor.py:183} INFO - Processing /home/airflow/.local/lib/python3.8/site-packages/airflow/example_dags/example_sensors.py took 0.200 seconds
[2026-07-01T12:02:38.238+0000] {processor.py:161} INFO - Started process (PID=546) to work on /home/airflow/.local/lib/python3.8/site-packages/airflow/example_dags/example_sensors.py
[2026-07-01T12:02:38.241+0000] {processor.py:830} INFO - Processing file /home/airflow/.local/lib/python3.8/site-packages/airflow/example_dags/example_sensors.py for tasks to queue
[2026-07-01T12:02:38.247+0000] {logging_mixin.py:188} INFO - [2026-07-01T12:02:38.246+0000] {dagbag.py:538} INFO - Filling up the DagBag from /home/airflow/.local/lib/python3.8/site-packages/airflow/example_dags/example_sensors.py
[2026-07-01T12:02:38.280+0000] {processor.py:840} INFO - DAG(s) 'example_sensors' retrieved from /home/airflow/.local/lib/python3.8/site-packages/airflow/example_dags/example_sensors.py
[2026-07-01T12:02:38.348+0000] {logging_mixin.py:188} INFO - [2026-07-01T12:02:38.348+0000] {dag.py:3036} INFO - Sync 1 DAGs
[2026-07-01T12:02:38.387+0000] {logging_mixin.py:188} INFO - [2026-07-01T12:02:38.386+0000] {dag.py:3823} INFO - Setting next_dagrun for example_sensors to None, run_after=None
[2026-07-01T12:02:38.436+0000] {processor.py:183} INFO - Processing /home/airflow/.local/lib/python3.8/site-packages/airflow/example_dags/example_sensors.py took 0.206 seconds
[2026-07-01T12:03:08.589+0000] {processor.py:161} INFO - Started process (PID=601) to work on /home/airflow/.local/lib/python3.8/site-packages/airflow/example_dags/example_sensors.py
[2026-07-01T12:03:08.592+0000] {processor.py:830} INFO - Processing file /home/airflow/.local/lib/python3.8/site-packages/airflow/example_dags/example_sensors.py for tasks to queue
[2026-07-01T12:03:08.597+0000] {logging_mixin.py:188} INFO - [2026-07-01T12:03:08.596+0000] {dagbag.py:538} INFO - Filling up the DagBag from /home/airflow/.local/lib/python3.8/site-packages/airflow/example_dags/example_sensors.py
[2026-07-01T12:03:08.618+0000] {processor.py:840} INFO - DAG(s) 'example_sensors' retrieved from /home/airflow/.local/lib/python3.8/site-packages/airflow/example_dags/example_sensors.py
[2026-07-01T12:03:08.672+0000] {logging_mixin.py:188} INFO - [2026-07-01T12:03:08.671+0000] {dag.py:3036} INFO - Sync 1 DAGs
[2026-07-01T12:03:08.701+0000] {logging_mixin.py:188} INFO - [2026-07-01T12:03:08.701+0000] {dag.py:3823} INFO - Setting next_dagrun for example_sensors to None, run_after=None
[2026-07-01T12:03:08.745+0000] {processor.py:183} INFO - Processing /home/airflow/.local/lib/python3.8/site-packages/airflow/example_dags/example_sensors.py took 0.163 seconds
[2026-07-01T12:03:38.997+0000] {processor.py:161} INFO - Started process (PID=657) to work on /home/airflow/.local/lib/python3.8/site-packages/airflow/example_dags/example_sensors.py
[2026-07-01T12:03:39.000+0000] {processor.py:830} INFO - Processing file /home/airflow/.local/lib/python3.8/site-packages/airflow/example_dags/example_sensors.py for tasks to queue
[2026-07-01T12:03:39.005+0000] {logging_mixin.py:188} INFO - [2026-07-01T12:03:39.005+0000] {dagbag.py:538} INFO - Filling up the DagBag from /home/airflow/.local/lib/python3.8/site-packages/airflow/example_dags/example_sensors.py
[2026-07-01T12:03:39.026+0000] {processor.py:840} INFO - DAG(s) 'example_sensors' retrieved from /home/airflow/.local/lib/python3.8/site-packages/airflow/example_dags/example_sensors.py
[2026-07-01T12:03:39.080+0000] {logging_mixin.py:188} INFO - [2026-07-01T12:03:39.079+0000] {dag.py:3036} INFO - Sync 1 DAGs
[2026-07-01T12:03:39.108+0000] {logging_mixin.py:188} INFO - [2026-07-01T12:03:39.108+0000] {dag.py:3823} INFO - Setting next_dagrun for example_sensors to None, run_after=None
[2026-07-01T12:03:39.149+0000] {processor.py:183} INFO - Processing /home/airflow/.local/lib/python3.8/site-packages/airflow/example_dags/example_sensors.py took 0.160 seconds
[2026-07-01T12:04:09.618+0000] {processor.py:161} INFO - Started process (PID=712) to work on /home/airflow/.local/lib/python3.8/site-packages/airflow/example_dags/example_sensors.py
[2026-07-01T12:04:09.621+0000] {processor.py:830} INFO - Processing file /home/airflow/.local/lib/python3.8/site-packages/airflow/example_dags/example_sensors.py for tasks to queue
[2026-07-01T12:04:09.627+0000] {logging_mixin.py:188} INFO - [2026-07-01T12:04:09.626+0000] {dagbag.py:538} INFO - Filling up the DagBag from /home/airflow/.local/lib/python3.8/site-packages/airflow/example_dags/example_sensors.py
[2026-07-01T12:04:09.648+0000] {processor.py:840} INFO - DAG(s) 'example_sensors' retrieved from /home/airflow/.local/lib/python3.8/site-packages/airflow/example_dags/example_sensors.py
[2026-07-01T12:04:09.706+0000] {logging_mixin.py:188} INFO - [2026-07-01T12:04:09.705+0000] {dag.py:3036} INFO - Sync 1 DAGs
[2026-07-01T12:04:09.737+0000] {logging_mixin.py:188} INFO - [2026-07-01T12:04:09.736+0000] {dag.py:3823} INFO - Setting next_dagrun for example_sensors to None, run_after=None
[2026-07-01T12:04:09.784+0000] {processor.py:183} INFO - Processing /home/airflow/.local/lib/python3.8/site-packages/airflow/example_dags/example_sensors.py took 0.174 seconds
[2026-07-01T12:04:40.459+0000] {processor.py:161} INFO - Started process (PID=767) to work on /home/airflow/.local/lib/python3.8/site-packages/airflow/example_dags/example_sensors.py
[2026-07-01T12:04:40.462+0000] {processor.py:830} INFO - Processing file /home/airflow/.local/lib/python3.8/site-packages/airflow/example_dags/example_sensors.py for tasks to queue
[2026-07-01T12:04:40.468+0000] {logging_mixin.py:188} INFO - [2026-07-01T12:04:40.467+0000] {dagbag.py:538} INFO - Filling up the DagBag from /home/airflow/.local/lib/python3.8/site-packages/airflow/example_dags/example_sensors.py
[2026-07-01T12:04:40.490+0000] {processor.py:840} INFO - DAG(s) 'example_sensors' retrieved from /home/airflow/.local/lib/python3.8/site-packages/airflow/example_dags/example_sensors.py
[2026-07-01T12:04:40.559+0000] {logging_mixin.py:188} INFO - [2026-07-01T12:04:40.559+0000] {dag.py:3036} INFO - Sync 1 DAGs
[2026-07-01T12:04:40.596+0000] {logging_mixin.py:188} INFO - [2026-07-01T12:04:40.596+0000] {dag.py:3823} INFO - Setting next_dagrun for example_sensors to None, run_after=None
[2026-07-01T12:04:40.654+0000] {processor.py:183} INFO - Processing /home/airflow/.local/lib/python3.8/site-packages/airflow/example_dags/example_sensors.py took 0.204 seconds
[2026-07-01T12:05:11.138+0000] {processor.py:161} INFO - Started process (PID=822) to work on /home/airflow/.local/lib/python3.8/site-packages/airflow/example_dags/example_sensors.py
[2026-07-01T12:05:11.142+0000] {processor.py:830} INFO - Processing file /home/airflow/.local/lib/python3.8/site-packages/airflow/example_dags/example_sensors.py for tasks to queue
[2026-07-01T12:05:11.149+0000] {logging_mixin.py:188} INFO - [2026-07-01T12:05:11.147+0000] {dagbag.py:538} INFO - Filling up the DagBag from /home/airflow/.local/lib/python3.8/site-packages/airflow/example_dags/example_sensors.py
[2026-07-01T12:05:11.182+0000] {processor.py:840} INFO - DAG(s) 'example_sensors' retrieved from /home/airflow/.local/lib/python3.8/site-packages/airflow/example_dags/example_sensors.py
[2026-07-01T12:05:11.261+0000] {logging_mixin.py:188} INFO - [2026-07-01T12:05:11.261+0000] {dag.py:3036} INFO - Sync 1 DAGs
[2026-07-01T12:05:11.300+0000] {logging_mixin.py:188} INFO - [2026-07-01T12:05:11.299+0000] {dag.py:3823} INFO - Setting next_dagrun for example_sensors to None, run_after=None
[2026-07-01T12:05:11.358+0000] {processor.py:183} INFO - Processing /home/airflow/.local/lib/python3.8/site-packages/airflow/example_dags/example_sensors.py took 0.227 seconds
[2026-07-01T12:05:41.456+0000] {processor.py:161} INFO - Started process (PID=876) to work on /home/airflow/.local/lib/python3.8/site-packages/airflow/example_dags/example_sensors.py
[2026-07-01T12:05:41.459+0000] {processor.py:830} INFO - Processing file /home/airflow/.local/lib/python3.8/site-packages/airflow/example_dags/example_sensors.py for tasks to queue
[2026-07-01T12:05:41.464+0000] {logging_mixin.py:188} INFO - [2026-07-01T12:05:41.464+0000] {dagbag.py:538} INFO - Filling up the DagBag from /home/airflow/.local/lib/python3.8/site-packages/airflow/example_dags/example_sensors.py
[2026-07-01T12:05:41.486+0000] {processor.py:840} INFO - DAG(s) 'example_sensors' retrieved from /home/airflow/.local/lib/python3.8/site-packages/airflow/example_dags/example_sensors.py
[2026-07-01T12:05:41.545+0000] {logging_mixin.py:188} INFO - [2026-07-01T12:05:41.544+0000] {dag.py:3036} INFO - Sync 1 DAGs
[2026-07-01T12:05:41.578+0000] {logging_mixin.py:188} INFO - [2026-07-01T12:05:41.577+0000] {dag.py:3823} INFO - Setting next_dagrun for example_sensors to None, run_after=None
[2026-07-01T12:05:41.621+0000] {processor.py:183} INFO - Processing /home/airflow/.local/lib/python3.8/site-packages/airflow/example_dags/example_sensors.py took 0.173 seconds
[2026-07-01T12:06:12.327+0000] {processor.py:161} INFO - Started process (PID=932) to work on /home/airflow/.local/lib/python3.8/site-packages/airflow/example_dags/example_sensors.py
[2026-07-01T12:06:12.330+0000] {processor.py:830} INFO - Processing file /home/airflow/.local/lib/python3.8/site-packages/airflow/example_dags/example_sensors.py for tasks to queue
[2026-07-01T12:06:12.337+0000] {logging_mixin.py:188} INFO - [2026-07-01T12:06:12.336+0000] {dagbag.py:538} INFO - Filling up the DagBag from /home/airflow/.local/lib/python3.8/site-packages/airflow/example_dags/example_sensors.py
[2026-07-01T12:06:12.365+0000] {processor.py:840} INFO - DAG(s) 'example_sensors' retrieved from /home/airflow/.local/lib/python3.8/site-packages/airflow/example_dags/example_sensors.py
[2026-07-01T12:06:12.439+0000] {logging_mixin.py:188} INFO - [2026-07-01T12:06:12.438+0000] {dag.py:3036} INFO - Sync 1 DAGs
[2026-07-01T12:06:12.476+0000] {logging_mixin.py:188} INFO - [2026-07-01T12:06:12.475+0000] {dag.py:3823} INFO - Setting next_dagrun for example_sensors to None, run_after=None
[2026-07-01T12:06:12.541+0000] {processor.py:183} INFO - Processing /home/airflow/.local/lib/python3.8/site-packages/airflow/example_dags/example_sensors.py took 0.227 seconds
[2026-07-01T12:06:42.771+0000] {processor.py:161} INFO - Started process (PID=987) to work on /home/airflow/.local/lib/python3.8/site-packages/airflow/example_dags/example_sensors.py
[2026-07-01T12:06:42.775+0000] {processor.py:830} INFO - Processing file /home/airflow/.local/lib/python3.8/site-packages/airflow/example_dags/example_sensors.py for tasks to queue
[2026-07-01T12:06:42.783+0000] {logging_mixin.py:188} INFO - [2026-07-01T12:06:42.781+0000] {dagbag.py:538} INFO - Filling up the DagBag from /home/airflow/.local/lib/python3.8/site-packages/airflow/example_dags/example_sensors.py
[2026-07-01T12:06:42.822+0000] {processor.py:840} INFO - DAG(s) 'example_sensors' retrieved from /home/airflow/.local/lib/python3.8/site-packages/airflow/example_dags/example_sensors.py
[2026-07-01T12:06:42.893+0000] {logging_mixin.py:188} INFO - [2026-07-01T12:06:42.892+0000] {dag.py:3036} INFO - Sync 1 DAGs
[2026-07-01T12:06:42.926+0000] {logging_mixin.py:188} INFO - [2026-07-01T12:06:42.926+0000] {dag.py:3823} INFO - Setting next_dagrun for example_sensors to None, run_after=None
[2026-07-01T12:06:42.976+0000] {processor.py:183} INFO - Processing /home/airflow/.local/lib/python3.8/site-packages/airflow/example_dags/example_sensors.py took 0.222 seconds
[2026-07-01T12:07:13.499+0000] {processor.py:161} INFO - Started process (PID=1042) to work on /home/airflow/.local/lib/python3.8/site-packages/airflow/example_dags/example_sensors.py
[2026-07-01T12:07:13.502+0000] {processor.py:830} INFO - Processing file /home/airflow/.local/lib/python3.8/site-packages/airflow/example_dags/example_sensors.py for tasks to queue
[2026-07-01T12:07:13.506+0000] {logging_mixin.py:188} INFO - [2026-07-01T12:07:13.506+0000] {dagbag.py:538} INFO - Filling up the DagBag from /home/airflow/.local/lib/python3.8/site-packages/airflow/example_dags/example_sensors.py
[2026-07-01T12:07:13.525+0000] {processor.py:840} INFO - DAG(s) 'example_sensors' retrieved from /home/airflow/.local/lib/python3.8/site-packages/airflow/example_dags/example_sensors.py
[2026-07-01T12:07:13.586+0000] {logging_mixin.py:188} INFO - [2026-07-01T12:07:13.586+0000] {dag.py:3036} INFO - Sync 1 DAGs
[2026-07-01T12:07:13.620+0000] {logging_mixin.py:188} INFO - [2026-07-01T12:07:13.619+0000] {dag.py:3823} INFO - Setting next_dagrun for example_sensors to None, run_after=None
[2026-07-01T12:07:13.668+0000] {processor.py:183} INFO - Processing /home/airflow/.local/lib/python3.8/site-packages/airflow/example_dags/example_sensors.py took 0.176 seconds
[2026-07-01T12:07:43.920+0000] {processor.py:161} INFO - Started process (PID=1098) to work on /home/airflow/.local/lib/python3.8/site-packages/airflow/example_dags/example_sensors.py
[2026-07-01T12:07:43.923+0000] {processor.py:830} INFO - Processing file /home/airflow/.local/lib/python3.8/site-packages/airflow/example_dags/example_sensors.py for tasks to queue
[2026-07-01T12:07:43.931+0000] {logging_mixin.py:188} INFO - [2026-07-01T12:07:43.930+0000] {dagbag.py:538} INFO - Filling up the DagBag from /home/airflow/.local/lib/python3.8/site-packages/airflow/example_dags/example_sensors.py
[2026-07-01T12:07:43.958+0000] {processor.py:840} INFO - DAG(s) 'example_sensors' retrieved from /home/airflow/.local/lib/python3.8/site-packages/airflow/example_dags/example_sensors.py
[2026-07-01T12:07:44.037+0000] {logging_mixin.py:188} INFO - [2026-07-01T12:07:44.036+0000] {dag.py:3036} INFO - Sync 1 DAGs
[2026-07-01T12:07:44.087+0000] {logging_mixin.py:188} INFO - [2026-07-01T12:07:44.087+0000] {dag.py:3823} INFO - Setting next_dagrun for example_sensors to None, run_after=None
[2026-07-01T12:07:44.150+0000] {processor.py:183} INFO - Processing /home/airflow/.local/lib/python3.8/site-packages/airflow/example_dags/example_sensors.py took 0.243 seconds
[2026-07-01T12:08:14.923+0000] {processor.py:161} INFO - Started process (PID=1153) to work on /home/airflow/.local/lib/python3.8/site-packages/airflow/example_dags/example_sensors.py
[2026-07-01T12:08:14.927+0000] {processor.py:830} INFO - Processing file /home/airflow/.local/lib/python3.8/site-packages/airflow/example_dags/example_sensors.py for tasks to queue
[2026-07-01T12:08:14.935+0000] {logging_mixin.py:188} INFO - [2026-07-01T12:08:14.934+0000] {dagbag.py:538} INFO - Filling up the DagBag from /home/airflow/.local/lib/python3.8/site-packages/airflow/example_dags/example_sensors.py
[2026-07-01T12:08:14.965+0000] {processor.py:840} INFO - DAG(s) 'example_sensors' retrieved from /home/airflow/.local/lib/python3.8/site-packages/airflow/example_dags/example_sensors.py
[2026-07-01T12:08:15.034+0000] {logging_mixin.py:188} INFO - [2026-07-01T12:08:15.034+0000] {dag.py:3036} INFO - Sync 1 DAGs
[2026-07-01T12:08:15.069+0000] {logging_mixin.py:188} INFO - [2026-07-01T12:08:15.068+0000] {dag.py:3823} INFO - Setting next_dagrun for example_sensors to None, run_after=None
[2026-07-01T12:08:15.135+0000] {processor.py:183} INFO - Processing /home/airflow/.local/lib/python3.8/site-packages/airflow/example_dags/example_sensors.py took 0.228 seconds
[2026-07-01T12:09:02.200+0000] {processor.py:161} INFO - Started process (PID=93) to work on /home/airflow/.local/lib/python3.8/site-packages/airflow/example_dags/example_sensors.py
[2026-07-01T12:09:02.203+0000] {processor.py:830} INFO - Processing file /home/airflow/.local/lib/python3.8/site-packages/airflow/example_dags/example_sensors.py for tasks to queue
[2026-07-01T12:09:02.210+0000] {logging_mixin.py:188} INFO - [2026-07-01T12:09:02.209+0000] {dagbag.py:538} INFO - Filling up the DagBag from /home/airflow/.local/lib/python3.8/site-packages/airflow/example_dags/example_sensors.py
[2026-07-01T12:09:02.245+0000] {processor.py:840} INFO - DAG(s) 'example_sensors' retrieved from /home/airflow/.local/lib/python3.8/site-packages/airflow/example_dags/example_sensors.py
[2026-07-01T12:09:02.327+0000] {logging_mixin.py:188} INFO - [2026-07-01T12:09:02.326+0000] {dag.py:3036} INFO - Sync 1 DAGs
[2026-07-01T12:09:02.360+0000] {logging_mixin.py:188} INFO - [2026-07-01T12:09:02.360+0000] {dag.py:3823} INFO - Setting next_dagrun for example_sensors to None, run_after=None
[2026-07-01T12:09:02.476+0000] {processor.py:183} INFO - Processing /home/airflow/.local/lib/python3.8/site-packages/airflow/example_dags/example_sensors.py took 0.284 seconds
[2026-07-01T12:09:32.730+0000] {processor.py:161} INFO - Started process (PID=149) to work on /home/airflow/.local/lib/python3.8/site-packages/airflow/example_dags/example_sensors.py
[2026-07-01T12:09:32.733+0000] {processor.py:830} INFO - Processing file /home/airflow/.local/lib/python3.8/site-packages/airflow/example_dags/example_sensors.py for tasks to queue
[2026-07-01T12:09:32.739+0000] {logging_mixin.py:188} INFO - [2026-07-01T12:09:32.738+0000] {dagbag.py:538} INFO - Filling up the DagBag from /home/airflow/.local/lib/python3.8/site-packages/airflow/example_dags/example_sensors.py
[2026-07-01T12:09:32.767+0000] {processor.py:840} INFO - DAG(s) 'example_sensors' retrieved from /home/airflow/.local/lib/python3.8/site-packages/airflow/example_dags/example_sensors.py
[2026-07-01T12:09:32.841+0000] {logging_mixin.py:188} INFO - [2026-07-01T12:09:32.840+0000] {dag.py:3036} INFO - Sync 1 DAGs
[2026-07-01T12:09:32.875+0000] {logging_mixin.py:188} INFO - [2026-07-01T12:09:32.875+0000] {dag.py:3823} INFO - Setting next_dagrun for example_sensors to None, run_after=None
[2026-07-01T12:09:32.932+0000] {processor.py:183} INFO - Processing /home/airflow/.local/lib/python3.8/site-packages/airflow/example_dags/example_sensors.py took 0.213 seconds
[2026-07-01T12:10:03.399+0000] {processor.py:161} INFO - Started process (PID=206) to work on /home/airflow/.local/lib/python3.8/site-packages/airflow/example_dags/example_sensors.py
[2026-07-01T12:10:03.404+0000] {processor.py:830} INFO - Processing file /home/airflow/.local/lib/python3.8/site-packages/airflow/example_dags/example_sensors.py for tasks to queue
[2026-07-01T12:10:03.411+0000] {logging_mixin.py:188} INFO - [2026-07-01T12:10:03.411+0000] {dagbag.py:538} INFO - Filling up the DagBag from /home/airflow/.local/lib/python3.8/site-packages/airflow/example_dags/example_sensors.py
[2026-07-01T12:10:03.450+0000] {processor.py:840} INFO - DAG(s) 'example_sensors' retrieved from /home/airflow/.local/lib/python3.8/site-packages/airflow/example_dags/example_sensors.py
[2026-07-01T12:10:03.529+0000] {logging_mixin.py:188} INFO - [2026-07-01T12:10:03.529+0000] {dag.py:3036} INFO - Sync 1 DAGs
[2026-07-01T12:10:03.569+0000] {logging_mixin.py:188} INFO - [2026-07-01T12:10:03.569+0000] {dag.py:3823} INFO - Setting next_dagrun for example_sensors to None, run_after=None
[2026-07-01T12:10:03.633+0000] {processor.py:183} INFO - Processing /home/airflow/.local/lib/python3.8/site-packages/airflow/example_dags/example_sensors.py took 0.244 seconds
[2026-07-01T12:10:33.835+0000] {processor.py:161} INFO - Started process (PID=262) to work on /home/airflow/.local/lib/python3.8/site-packages/airflow/example_dags/example_sensors.py
[2026-07-01T12:10:33.840+0000] {processor.py:830} INFO - Processing file /home/airflow/.local/lib/python3.8/site-packages/airflow/example_dags/example_sensors.py for tasks to queue
[2026-07-01T12:10:33.846+0000] {logging_mixin.py:188} INFO - [2026-07-01T12:10:33.845+0000] {dagbag.py:538} INFO - Filling up the DagBag from /home/airflow/.local/lib/python3.8/site-packages/airflow/example_dags/example_sensors.py
[2026-07-01T12:10:33.868+0000] {processor.py:840} INFO - DAG(s) 'example_sensors' retrieved from /home/airflow/.local/lib/python3.8/site-packages/airflow/example_dags/example_sensors.py
[2026-07-01T12:10:33.936+0000] {logging_mixin.py:188} INFO - [2026-07-01T12:10:33.936+0000] {dag.py:3036} INFO - Sync 1 DAGs
[2026-07-01T12:10:33.970+0000] {logging_mixin.py:188} INFO - [2026-07-01T12:10:33.970+0000] {dag.py:3823} INFO - Setting next_dagrun for example_sensors to None, run_after=None
[2026-07-01T12:10:34.024+0000] {processor.py:183} INFO - Processing /home/airflow/.local/lib/python3.8/site-packages/airflow/example_dags/example_sensors.py took 0.197 seconds
[2026-07-01T12:11:05.312+0000] {processor.py:161} INFO - Started process (PID=323) to work on /home/airflow/.local/lib/python3.8/site-packages/airflow/example_dags/example_sensors.py
[2026-07-01T12:11:05.316+0000] {processor.py:830} INFO - Processing file /home/airflow/.local/lib/python3.8/site-packages/airflow/example_dags/example_sensors.py for tasks to queue
[2026-07-01T12:11:05.322+0000] {logging_mixin.py:188} INFO - [2026-07-01T12:11:05.321+0000] {dagbag.py:538} INFO - Filling up the DagBag from /home/airflow/.local/lib/python3.8/site-packages/airflow/example_dags/example_sensors.py
[2026-07-01T12:11:05.347+0000] {processor.py:840} INFO - DAG(s) 'example_sensors' retrieved from /home/airflow/.local/lib/python3.8/site-packages/airflow/example_dags/example_sensors.py
[2026-07-01T12:11:05.419+0000] {logging_mixin.py:188} INFO - [2026-07-01T12:11:05.418+0000] {dag.py:3036} INFO - Sync 1 DAGs
[2026-07-01T12:11:05.452+0000] {logging_mixin.py:188} INFO - [2026-07-01T12:11:05.451+0000] {dag.py:3823} INFO - Setting next_dagrun for example_sensors to None, run_after=None
[2026-07-01T12:11:05.505+0000] {processor.py:183} INFO - Processing /home/airflow/.local/lib/python3.8/site-packages/airflow/example_dags/example_sensors.py took 0.201 seconds
[2026-07-01T12:11:36.392+0000] {processor.py:161} INFO - Started process (PID=379) to work on /home/airflow/.local/lib/python3.8/site-packages/airflow/example_dags/example_sensors.py
[2026-07-01T12:11:36.395+0000] {processor.py:830} INFO - Processing file /home/airflow/.local/lib/python3.8/site-packages/airflow/example_dags/example_sensors.py for tasks to queue
[2026-07-01T12:11:36.402+0000] {logging_mixin.py:188} INFO - [2026-07-01T12:11:36.401+0000] {dagbag.py:538} INFO - Filling up the DagBag from /home/airflow/.local/lib/python3.8/site-packages/airflow/example_dags/example_sensors.py
[2026-07-01T12:11:36.430+0000] {processor.py:840} INFO - DAG(s) 'example_sensors' retrieved from /home/airflow/.local/lib/python3.8/site-packages/airflow/example_dags/example_sensors.py
[2026-07-01T12:11:36.495+0000] {logging_mixin.py:188} INFO - [2026-07-01T12:11:36.495+0000] {dag.py:3036} INFO - Sync 1 DAGs
[2026-07-01T12:11:36.528+0000] {logging_mixin.py:188} INFO - [2026-07-01T12:11:36.527+0000] {dag.py:3823} INFO - Setting next_dagrun for example_sensors to None, run_after=None
[2026-07-01T12:11:36.627+0000] {processor.py:183} INFO - Processing /home/airflow/.local/lib/python3.8/site-packages/airflow/example_dags/example_sensors.py took 0.254 seconds
[2026-07-01T12:12:07.106+0000] {processor.py:161} INFO - Started process (PID=435) to work on /home/airflow/.local/lib/python3.8/site-packages/airflow/example_dags/example_sensors.py
[2026-07-01T12:12:07.110+0000] {processor.py:830} INFO - Processing file /home/airflow/.local/lib/python3.8/site-packages/airflow/example_dags/example_sensors.py for tasks to queue
[2026-07-01T12:12:07.117+0000] {logging_mixin.py:188} INFO - [2026-07-01T12:12:07.116+0000] {dagbag.py:538} INFO - Filling up the DagBag from /home/airflow/.local/lib/python3.8/site-packages/airflow/example_dags/example_sensors.py
[2026-07-01T12:12:07.147+0000] {processor.py:840} INFO - DAG(s) 'example_sensors' retrieved from /home/airflow/.local/lib/python3.8/site-packages/airflow/example_dags/example_sensors.py
[2026-07-01T12:12:07.208+0000] {logging_mixin.py:188} INFO - [2026-07-01T12:12:07.207+0000] {dag.py:3036} INFO - Sync 1 DAGs
[2026-07-01T12:12:07.239+0000] {logging_mixin.py:188} INFO - [2026-07-01T12:12:07.239+0000] {dag.py:3823} INFO - Setting next_dagrun for example_sensors to None, run_after=None
[2026-07-01T12:12:07.284+0000] {processor.py:183} INFO - Processing /home/airflow/.local/lib/python3.8/site-packages/airflow/example_dags/example_sensors.py took 0.188 seconds
[2026-07-01T12:12:38.117+0000] {processor.py:161} INFO - Started process (PID=491) to work on /home/airflow/.local/lib/python3.8/site-packages/airflow/example_dags/example_sensors.py
[2026-07-01T12:12:38.120+0000] {processor.py:830} INFO - Processing file /home/airflow/.local/lib/python3.8/site-packages/airflow/example_dags/example_sensors.py for tasks to queue
[2026-07-01T12:12:38.125+0000] {logging_mixin.py:188} INFO - [2026-07-01T12:12:38.124+0000] {dagbag.py:538} INFO - Filling up the DagBag from /home/airflow/.local/lib/python3.8/site-packages/airflow/example_dags/example_sensors.py
[2026-07-01T12:12:38.148+0000] {processor.py:840} INFO - DAG(s) 'example_sensors' retrieved from /home/airflow/.local/lib/python3.8/site-packages/airflow/example_dags/example_sensors.py
[2026-07-01T12:12:38.212+0000] {logging_mixin.py:188} INFO - [2026-07-01T12:12:38.212+0000] {dag.py:3036} INFO - Sync 1 DAGs
[2026-07-01T12:12:38.245+0000] {logging_mixin.py:188} INFO - [2026-07-01T12:12:38.245+0000] {dag.py:3823} INFO - Setting next_dagrun for example_sensors to None, run_after=None
[2026-07-01T12:12:38.289+0000] {processor.py:183} INFO - Processing /home/airflow/.local/lib/python3.8/site-packages/airflow/example_dags/example_sensors.py took 0.180 seconds
[2026-07-01T12:13:09.190+0000] {processor.py:161} INFO - Started process (PID=547) to work on /home/airflow/.local/lib/python3.8/site-packages/airflow/example_dags/example_sensors.py
[2026-07-01T12:13:09.193+0000] {processor.py:830} INFO - Processing file /home/airflow/.local/lib/python3.8/site-packages/airflow/example_dags/example_sensors.py for tasks to queue
[2026-07-01T12:13:09.199+0000] {logging_mixin.py:188} INFO - [2026-07-01T12:13:09.198+0000] {dagbag.py:538} INFO - Filling up the DagBag from /home/airflow/.local/lib/python3.8/site-packages/airflow/example_dags/example_sensors.py
[2026-07-01T12:13:09.223+0000] {processor.py:840} INFO - DAG(s) 'example_sensors' retrieved from /home/airflow/.local/lib/python3.8/site-packages/airflow/example_dags/example_sensors.py
[2026-07-01T12:13:09.284+0000] {logging_mixin.py:188} INFO - [2026-07-01T12:13:09.284+0000] {dag.py:3036} INFO - Sync 1 DAGs
[2026-07-01T12:13:09.316+0000] {logging_mixin.py:188} INFO - [2026-07-01T12:13:09.316+0000] {dag.py:3823} INFO - Setting next_dagrun for example_sensors to None, run_after=None
[2026-07-01T12:13:09.363+0000] {processor.py:183} INFO - Processing /home/airflow/.local/lib/python3.8/site-packages/airflow/example_dags/example_sensors.py took 0.182 seconds
[2026-07-01T12:13:39.817+0000] {processor.py:161} INFO - Started process (PID=603) to work on /home/airflow/.local/lib/python3.8/site-packages/airflow/example_dags/example_sensors.py
[2026-07-01T12:13:39.820+0000] {processor.py:830} INFO - Processing file /home/airflow/.local/lib/python3.8/site-packages/airflow/example_dags/example_sensors.py for tasks to queue
[2026-07-01T12:13:39.826+0000] {logging_mixin.py:188} INFO - [2026-07-01T12:13:39.826+0000] {dagbag.py:538} INFO - Filling up the DagBag from /home/airflow/.local/lib/python3.8/site-packages/airflow/example_dags/example_sensors.py
[2026-07-01T12:13:39.852+0000] {processor.py:840} INFO - DAG(s) 'example_sensors' retrieved from /home/airflow/.local/lib/python3.8/site-packages/airflow/example_dags/example_sensors.py
[2026-07-01T12:13:39.916+0000] {logging_mixin.py:188} INFO - [2026-07-01T12:13:39.916+0000] {dag.py:3036} INFO - Sync 1 DAGs
[2026-07-01T12:13:39.957+0000] {logging_mixin.py:188} INFO - [2026-07-01T12:13:39.956+0000] {dag.py:3823} INFO - Setting next_dagrun for example_sensors to None, run_after=None
[2026-07-01T12:13:40.006+0000] {processor.py:183} INFO - Processing /home/airflow/.local/lib/python3.8/site-packages/airflow/example_dags/example_sensors.py took 0.199 seconds
[2026-07-01T12:14:10.475+0000] {processor.py:161} INFO - Started process (PID=659) to work on /home/airflow/.local/lib/python3.8/site-packages/airflow/example_dags/example_sensors.py
[2026-07-01T12:14:10.479+0000] {processor.py:830} INFO - Processing file /home/airflow/.local/lib/python3.8/site-packages/airflow/example_dags/example_sensors.py for tasks to queue
[2026-07-01T12:14:10.484+0000] {logging_mixin.py:188} INFO - [2026-07-01T12:14:10.483+0000] {dagbag.py:538} INFO - Filling up the DagBag from /home/airflow/.local/lib/python3.8/site-packages/airflow/example_dags/example_sensors.py
[2026-07-01T12:14:10.506+0000] {processor.py:840} INFO - DAG(s) 'example_sensors' retrieved from /home/airflow/.local/lib/python3.8/site-packages/airflow/example_dags/example_sensors.py
[2026-07-01T12:14:10.563+0000] {logging_mixin.py:188} INFO - [2026-07-01T12:14:10.562+0000] {dag.py:3036} INFO - Sync 1 DAGs
[2026-07-01T12:14:10.592+0000] {logging_mixin.py:188} INFO - [2026-07-01T12:14:10.591+0000] {dag.py:3823} INFO - Setting next_dagrun for example_sensors to None, run_after=None
[2026-07-01T12:14:10.635+0000] {processor.py:183} INFO - Processing /home/airflow/.local/lib/python3.8/site-packages/airflow/example_dags/example_sensors.py took 0.168 seconds
[2026-07-01T12:14:41.048+0000] {processor.py:161} INFO - Started process (PID=715) to work on /home/airflow/.local/lib/python3.8/site-packages/airflow/example_dags/example_sensors.py
[2026-07-01T12:14:41.051+0000] {processor.py:830} INFO - Processing file /home/airflow/.local/lib/python3.8/site-packages/airflow/example_dags/example_sensors.py for tasks to queue
[2026-07-01T12:14:41.056+0000] {logging_mixin.py:188} INFO - [2026-07-01T12:14:41.056+0000] {dagbag.py:538} INFO - Filling up the DagBag from /home/airflow/.local/lib/python3.8/site-packages/airflow/example_dags/example_sensors.py
[2026-07-01T12:14:41.080+0000] {processor.py:840} INFO - DAG(s) 'example_sensors' retrieved from /home/airflow/.local/lib/python3.8/site-packages/airflow/example_dags/example_sensors.py
[2026-07-01T12:14:41.139+0000] {logging_mixin.py:188} INFO - [2026-07-01T12:14:41.139+0000] {dag.py:3036} INFO - Sync 1 DAGs
[2026-07-01T12:14:41.167+0000] {logging_mixin.py:188} INFO - [2026-07-01T12:14:41.167+0000] {dag.py:3823} INFO - Setting next_dagrun for example_sensors to None, run_after=None
[2026-07-01T12:14:41.211+0000] {processor.py:183} INFO - Processing /home/airflow/.local/lib/python3.8/site-packages/airflow/example_dags/example_sensors.py took 0.172 seconds
[2026-07-01T12:15:11.745+0000] {processor.py:161} INFO - Started process (PID=772) to work on /home/airflow/.local/lib/python3.8/site-packages/airflow/example_dags/example_sensors.py
[2026-07-01T12:15:11.748+0000] {processor.py:830} INFO - Processing file /home/airflow/.local/lib/python3.8/site-packages/airflow/example_dags/example_sensors.py for tasks to queue
[2026-07-01T12:15:11.755+0000] {logging_mixin.py:188} INFO - [2026-07-01T12:15:11.754+0000] {dagbag.py:538} INFO - Filling up the DagBag from /home/airflow/.local/lib/python3.8/site-packages/airflow/example_dags/example_sensors.py
[2026-07-01T12:15:11.780+0000] {processor.py:840} INFO - DAG(s) 'example_sensors' retrieved from /home/airflow/.local/lib/python3.8/site-packages/airflow/example_dags/example_sensors.py
[2026-07-01T12:15:11.842+0000] {logging_mixin.py:188} INFO - [2026-07-01T12:15:11.842+0000] {dag.py:3036} INFO - Sync 1 DAGs
[2026-07-01T12:15:11.876+0000] {logging_mixin.py:188} INFO - [2026-07-01T12:15:11.875+0000] {dag.py:3823} INFO - Setting next_dagrun for example_sensors to None, run_after=None
[2026-07-01T12:15:11.922+0000] {processor.py:183} INFO - Processing /home/airflow/.local/lib/python3.8/site-packages/airflow/example_dags/example_sensors.py took 0.185 seconds
[2026-07-01T12:15:42.295+0000] {processor.py:161} INFO - Started process (PID=828) to work on /home/airflow/.local/lib/python3.8/site-packages/airflow/example_dags/example_sensors.py
[2026-07-01T12:15:42.298+0000] {processor.py:830} INFO - Processing file /home/airflow/.local/lib/python3.8/site-packages/airflow/example_dags/example_sensors.py for tasks to queue
[2026-07-01T12:15:42.303+0000] {logging_mixin.py:188} INFO - [2026-07-01T12:15:42.303+0000] {dagbag.py:538} INFO - Filling up the DagBag from /home/airflow/.local/lib/python3.8/site-packages/airflow/example_dags/example_sensors.py
[2026-07-01T12:15:42.326+0000] {processor.py:840} INFO - DAG(s) 'example_sensors' retrieved from /home/airflow/.local/lib/python3.8/site-packages/airflow/example_dags/example_sensors.py
[2026-07-01T12:15:42.396+0000] {logging_mixin.py:188} INFO - [2026-07-01T12:15:42.395+0000] {dag.py:3036} INFO - Sync 1 DAGs
[2026-07-01T12:15:42.427+0000] {logging_mixin.py:188} INFO - [2026-07-01T12:15:42.426+0000] {dag.py:3823} INFO - Setting next_dagrun for example_sensors to None, run_after=None
[2026-07-01T12:15:42.468+0000] {processor.py:183} INFO - Processing /home/airflow/.local/lib/python3.8/site-packages/airflow/example_dags/example_sensors.py took 0.181 seconds
[2026-07-01T12:16:13.456+0000] {processor.py:161} INFO - Started process (PID=884) to work on /home/airflow/.local/lib/python3.8/site-packages/airflow/example_dags/example_sensors.py
[2026-07-01T12:16:13.460+0000] {processor.py:830} INFO - Processing file /home/airflow/.local/lib/python3.8/site-packages/airflow/example_dags/example_sensors.py for tasks to queue
[2026-07-01T12:16:13.466+0000] {logging_mixin.py:188} INFO - [2026-07-01T12:16:13.465+0000] {dagbag.py:538} INFO - Filling up the DagBag from /home/airflow/.local/lib/python3.8/site-packages/airflow/example_dags/example_sensors.py
[2026-07-01T12:16:13.492+0000] {processor.py:840} INFO - DAG(s) 'example_sensors' retrieved from /home/airflow/.local/lib/python3.8/site-packages/airflow/example_dags/example_sensors.py
[2026-07-01T12:16:13.551+0000] {logging_mixin.py:188} INFO - [2026-07-01T12:16:13.550+0000] {dag.py:3036} INFO - Sync 1 DAGs
[2026-07-01T12:16:13.578+0000] {logging_mixin.py:188} INFO - [2026-07-01T12:16:13.578+0000] {dag.py:3823} INFO - Setting next_dagrun for example_sensors to None, run_after=None
[2026-07-01T12:16:13.624+0000] {processor.py:183} INFO - Processing /home/airflow/.local/lib/python3.8/site-packages/airflow/example_dags/example_sensors.py took 0.176 seconds
[2026-07-01T12:16:43.968+0000] {processor.py:161} INFO - Started process (PID=940) to work on /home/airflow/.local/lib/python3.8/site-packages/airflow/example_dags/example_sensors.py
[2026-07-01T12:16:43.972+0000] {processor.py:830} INFO - Processing file /home/airflow/.local/lib/python3.8/site-packages/airflow/example_dags/example_sensors.py for tasks to queue
[2026-07-01T12:16:43.988+0000] {logging_mixin.py:188} INFO - [2026-07-01T12:16:43.987+0000] {dagbag.py:538} INFO - Filling up the DagBag from /home/airflow/.local/lib/python3.8/site-packages/airflow/example_dags/example_sensors.py
[2026-07-01T12:16:44.035+0000] {processor.py:840} INFO - DAG(s) 'example_sensors' retrieved from /home/airflow/.local/lib/python3.8/site-packages/airflow/example_dags/example_sensors.py
[2026-07-01T12:16:44.218+0000] {logging_mixin.py:188} INFO - [2026-07-01T12:16:44.218+0000] {dag.py:3036} INFO - Sync 1 DAGs
[2026-07-01T12:16:44.295+0000] {logging_mixin.py:188} INFO - [2026-07-01T12:16:44.293+0000] {dag.py:3823} INFO - Setting next_dagrun for example_sensors to None, run_after=None
[2026-07-01T12:16:44.394+0000] {processor.py:183} INFO - Processing /home/airflow/.local/lib/python3.8/site-packages/airflow/example_dags/example_sensors.py took 0.442 seconds
[2026-07-01T12:17:15.053+0000] {processor.py:161} INFO - Started process (PID=996) to work on /home/airflow/.local/lib/python3.8/site-packages/airflow/example_dags/example_sensors.py
[2026-07-01T12:17:15.056+0000] {processor.py:830} INFO - Processing file /home/airflow/.local/lib/python3.8/site-packages/airflow/example_dags/example_sensors.py for tasks to queue
[2026-07-01T12:17:15.062+0000] {logging_mixin.py:188} INFO - [2026-07-01T12:17:15.061+0000] {dagbag.py:538} INFO - Filling up the DagBag from /home/airflow/.local/lib/python3.8/site-packages/airflow/example_dags/example_sensors.py
[2026-07-01T12:17:15.083+0000] {processor.py:840} INFO - DAG(s) 'example_sensors' retrieved from /home/airflow/.local/lib/python3.8/site-packages/airflow/example_dags/example_sensors.py
[2026-07-01T12:17:15.145+0000] {logging_mixin.py:188} INFO - [2026-07-01T12:17:15.145+0000] {dag.py:3036} INFO - Sync 1 DAGs
[2026-07-01T12:17:15.177+0000] {logging_mixin.py:188} INFO - [2026-07-01T12:17:15.177+0000] {dag.py:3823} INFO - Setting next_dagrun for example_sensors to None, run_after=None
[2026-07-01T12:17:15.219+0000] {processor.py:183} INFO - Processing /home/airflow/.local/lib/python3.8/site-packages/airflow/example_dags/example_sensors.py took 0.174 seconds
[2026-07-01T12:17:45.445+0000] {processor.py:161} INFO - Started process (PID=1051) to work on /home/airflow/.local/lib/python3.8/site-packages/airflow/example_dags/example_sensors.py
[2026-07-01T12:17:45.448+0000] {processor.py:830} INFO - Processing file /home/airflow/.local/lib/python3.8/site-packages/airflow/example_dags/example_sensors.py for tasks to queue
[2026-07-01T12:17:45.454+0000] {logging_mixin.py:188} INFO - [2026-07-01T12:17:45.453+0000] {dagbag.py:538} INFO - Filling up the DagBag from /home/airflow/.local/lib/python3.8/site-packages/airflow/example_dags/example_sensors.py
[2026-07-01T12:17:45.480+0000] {processor.py:840} INFO - DAG(s) 'example_sensors' retrieved from /home/airflow/.local/lib/python3.8/site-packages/airflow/example_dags/example_sensors.py
[2026-07-01T12:17:45.551+0000] {logging_mixin.py:188} INFO - [2026-07-01T12:17:45.551+0000] {dag.py:3036} INFO - Sync 1 DAGs
[2026-07-01T12:17:45.589+0000] {logging_mixin.py:188} INFO - [2026-07-01T12:17:45.588+0000] {dag.py:3823} INFO - Setting next_dagrun for example_sensors to None, run_after=None
[2026-07-01T12:17:45.643+0000] {processor.py:183} INFO - Processing /home/airflow/.local/lib/python3.8/site-packages/airflow/example_dags/example_sensors.py took 0.207 seconds
[2026-07-01T12:18:16.240+0000] {processor.py:161} INFO - Started process (PID=1107) to work on /home/airflow/.local/lib/python3.8/site-packages/airflow/example_dags/example_sensors.py
[2026-07-01T12:18:16.243+0000] {processor.py:830} INFO - Processing file /home/airflow/.local/lib/python3.8/site-packages/airflow/example_dags/example_sensors.py for tasks to queue
[2026-07-01T12:18:16.249+0000] {logging_mixin.py:188} INFO - [2026-07-01T12:18:16.248+0000] {dagbag.py:538} INFO - Filling up the DagBag from /home/airflow/.local/lib/python3.8/site-packages/airflow/example_dags/example_sensors.py
[2026-07-01T12:18:16.274+0000] {processor.py:840} INFO - DAG(s) 'example_sensors' retrieved from /home/airflow/.local/lib/python3.8/site-packages/airflow/example_dags/example_sensors.py
[2026-07-01T12:18:16.353+0000] {logging_mixin.py:188} INFO - [2026-07-01T12:18:16.352+0000] {dag.py:3036} INFO - Sync 1 DAGs
[2026-07-01T12:18:16.415+0000] {logging_mixin.py:188} INFO - [2026-07-01T12:18:16.414+0000] {dag.py:3823} INFO - Setting next_dagrun for example_sensors to None, run_after=None
[2026-07-01T12:18:16.584+0000] {processor.py:183} INFO - Processing /home/airflow/.local/lib/python3.8/site-packages/airflow/example_dags/example_sensors.py took 0.353 seconds
[2026-07-01T12:18:46.753+0000] {processor.py:161} INFO - Started process (PID=1164) to work on /home/airflow/.local/lib/python3.8/site-packages/airflow/example_dags/example_sensors.py
[2026-07-01T12:18:46.756+0000] {processor.py:830} INFO - Processing file /home/airflow/.local/lib/python3.8/site-packages/airflow/example_dags/example_sensors.py for tasks to queue
[2026-07-01T12:18:46.761+0000] {logging_mixin.py:188} INFO - [2026-07-01T12:18:46.760+0000] {dagbag.py:538} INFO - Filling up the DagBag from /home/airflow/.local/lib/python3.8/site-packages/airflow/example_dags/example_sensors.py
[2026-07-01T12:18:46.780+0000] {processor.py:840} INFO - DAG(s) 'example_sensors' retrieved from /home/airflow/.local/lib/python3.8/site-packages/airflow/example_dags/example_sensors.py
[2026-07-01T12:18:46.845+0000] {logging_mixin.py:188} INFO - [2026-07-01T12:18:46.844+0000] {dag.py:3036} INFO - Sync 1 DAGs
[2026-07-01T12:18:46.877+0000] {logging_mixin.py:188} INFO - [2026-07-01T12:18:46.877+0000] {dag.py:3823} INFO - Setting next_dagrun for example_sensors to None, run_after=None
[2026-07-01T12:18:46.937+0000] {processor.py:183} INFO - Processing /home/airflow/.local/lib/python3.8/site-packages/airflow/example_dags/example_sensors.py took 0.191 seconds
[2026-07-01T12:19:17.212+0000] {processor.py:161} INFO - Started process (PID=1219) to work on /home/airflow/.local/lib/python3.8/site-packages/airflow/example_dags/example_sensors.py
[2026-07-01T12:19:17.216+0000] {processor.py:830} INFO - Processing file /home/airflow/.local/lib/python3.8/site-packages/airflow/example_dags/example_sensors.py for tasks to queue
[2026-07-01T12:19:17.225+0000] {logging_mixin.py:188} INFO - [2026-07-01T12:19:17.224+0000] {dagbag.py:538} INFO - Filling up the DagBag from /home/airflow/.local/lib/python3.8/site-packages/airflow/example_dags/example_sensors.py
[2026-07-01T12:19:17.264+0000] {processor.py:840} INFO - DAG(s) 'example_sensors' retrieved from /home/airflow/.local/lib/python3.8/site-packages/airflow/example_dags/example_sensors.py
[2026-07-01T12:19:17.338+0000] {logging_mixin.py:188} INFO - [2026-07-01T12:19:17.338+0000] {dag.py:3036} INFO - Sync 1 DAGs
[2026-07-01T12:19:17.374+0000] {logging_mixin.py:188} INFO - [2026-07-01T12:19:17.374+0000] {dag.py:3823} INFO - Setting next_dagrun for example_sensors to None, run_after=None
[2026-07-01T12:19:17.428+0000] {processor.py:183} INFO - Processing /home/airflow/.local/lib/python3.8/site-packages/airflow/example_dags/example_sensors.py took 0.234 seconds
[2026-07-01T12:19:51.961+0000] {processor.py:161} INFO - Started process (PID=1276) to work on /home/airflow/.local/lib/python3.8/site-packages/airflow/example_dags/example_sensors.py
[2026-07-01T12:19:51.978+0000] {processor.py:830} INFO - Processing file /home/airflow/.local/lib/python3.8/site-packages/airflow/example_dags/example_sensors.py for tasks to queue
[2026-07-01T12:19:52.007+0000] {logging_mixin.py:188} INFO - [2026-07-01T12:19:52.006+0000] {dagbag.py:538} INFO - Filling up the DagBag from /home/airflow/.local/lib/python3.8/site-packages/airflow/example_dags/example_sensors.py
[2026-07-01T12:19:52.072+0000] {processor.py:840} INFO - DAG(s) 'example_sensors' retrieved from /home/airflow/.local/lib/python3.8/site-packages/airflow/example_dags/example_sensors.py
[2026-07-01T12:19:52.169+0000] {logging_mixin.py:188} INFO - [2026-07-01T12:19:52.168+0000] {dag.py:3036} INFO - Sync 1 DAGs
[2026-07-01T12:19:52.249+0000] {logging_mixin.py:188} INFO - [2026-07-01T12:19:52.248+0000] {dag.py:3823} INFO - Setting next_dagrun for example_sensors to None, run_after=None
[2026-07-01T12:19:52.473+0000] {processor.py:183} INFO - Processing /home/airflow/.local/lib/python3.8/site-packages/airflow/example_dags/example_sensors.py took 0.548 seconds
[2026-07-01T12:20:23.719+0000] {processor.py:161} INFO - Started process (PID=1331) to work on /home/airflow/.local/lib/python3.8/site-packages/airflow/example_dags/example_sensors.py
[2026-07-01T12:20:23.723+0000] {processor.py:830} INFO - Processing file /home/airflow/.local/lib/python3.8/site-packages/airflow/example_dags/example_sensors.py for tasks to queue
[2026-07-01T12:20:23.731+0000] {logging_mixin.py:188} INFO - [2026-07-01T12:20:23.730+0000] {dagbag.py:538} INFO - Filling up the DagBag from /home/airflow/.local/lib/python3.8/site-packages/airflow/example_dags/example_sensors.py
[2026-07-01T12:20:23.759+0000] {processor.py:840} INFO - DAG(s) 'example_sensors' retrieved from /home/airflow/.local/lib/python3.8/site-packages/airflow/example_dags/example_sensors.py
[2026-07-01T12:20:24.135+0000] {logging_mixin.py:188} INFO - [2026-07-01T12:20:24.134+0000] {dag.py:3036} INFO - Sync 1 DAGs
[2026-07-01T12:20:24.189+0000] {logging_mixin.py:188} INFO - [2026-07-01T12:20:24.188+0000] {dag.py:3823} INFO - Setting next_dagrun for example_sensors to None, run_after=None
[2026-07-01T12:20:24.278+0000] {processor.py:183} INFO - Processing /home/airflow/.local/lib/python3.8/site-packages/airflow/example_dags/example_sensors.py took 0.571 seconds
[2026-07-01T12:20:56.509+0000] {processor.py:161} INFO - Started process (PID=1387) to work on /home/airflow/.local/lib/python3.8/site-packages/airflow/example_dags/example_sensors.py
[2026-07-01T12:20:56.513+0000] {processor.py:830} INFO - Processing file /home/airflow/.local/lib/python3.8/site-packages/airflow/example_dags/example_sensors.py for tasks to queue
[2026-07-01T12:20:56.523+0000] {logging_mixin.py:188} INFO - [2026-07-01T12:20:56.521+0000] {dagbag.py:538} INFO - Filling up the DagBag from /home/airflow/.local/lib/python3.8/site-packages/airflow/example_dags/example_sensors.py
[2026-07-01T12:20:56.554+0000] {processor.py:840} INFO - DAG(s) 'example_sensors' retrieved from /home/airflow/.local/lib/python3.8/site-packages/airflow/example_dags/example_sensors.py
[2026-07-01T12:20:56.652+0000] {logging_mixin.py:188} INFO - [2026-07-01T12:20:56.651+0000] {dag.py:3036} INFO - Sync 1 DAGs
[2026-07-01T12:20:56.710+0000] {logging_mixin.py:188} INFO - [2026-07-01T12:20:56.709+0000] {dag.py:3823} INFO - Setting next_dagrun for example_sensors to None, run_after=None
[2026-07-01T12:20:56.768+0000] {processor.py:183} INFO - Processing /home/airflow/.local/lib/python3.8/site-packages/airflow/example_dags/example_sensors.py took 0.272 seconds
[2026-07-01T12:21:27.951+0000] {processor.py:161} INFO - Started process (PID=1443) to work on /home/airflow/.local/lib/python3.8/site-packages/airflow/example_dags/example_sensors.py
[2026-07-01T12:21:27.955+0000] {processor.py:830} INFO - Processing file /home/airflow/.local/lib/python3.8/site-packages/airflow/example_dags/example_sensors.py for tasks to queue
[2026-07-01T12:21:27.962+0000] {logging_mixin.py:188} INFO - [2026-07-01T12:21:27.961+0000] {dagbag.py:538} INFO - Filling up the DagBag from /home/airflow/.local/lib/python3.8/site-packages/airflow/example_dags/example_sensors.py
[2026-07-01T12:21:28.003+0000] {processor.py:840} INFO - DAG(s) 'example_sensors' retrieved from /home/airflow/.local/lib/python3.8/site-packages/airflow/example_dags/example_sensors.py
[2026-07-01T12:21:28.088+0000] {logging_mixin.py:188} INFO - [2026-07-01T12:21:28.087+0000] {dag.py:3036} INFO - Sync 1 DAGs
[2026-07-01T12:21:28.162+0000] {logging_mixin.py:188} INFO - [2026-07-01T12:21:28.162+0000] {dag.py:3823} INFO - Setting next_dagrun for example_sensors to None, run_after=None
[2026-07-01T12:21:28.227+0000] {processor.py:183} INFO - Processing /home/airflow/.local/lib/python3.8/site-packages/airflow/example_dags/example_sensors.py took 0.301 seconds
[2026-07-01T12:21:58.371+0000] {processor.py:161} INFO - Started process (PID=1497) to work on /home/airflow/.local/lib/python3.8/site-packages/airflow/example_dags/example_sensors.py
[2026-07-01T12:21:58.376+0000] {processor.py:830} INFO - Processing file /home/airflow/.local/lib/python3.8/site-packages/airflow/example_dags/example_sensors.py for tasks to queue
[2026-07-01T12:21:58.385+0000] {logging_mixin.py:188} INFO - [2026-07-01T12:21:58.383+0000] {dagbag.py:538} INFO - Filling up the DagBag from /home/airflow/.local/lib/python3.8/site-packages/airflow/example_dags/example_sensors.py
[2026-07-01T12:21:58.423+0000] {processor.py:840} INFO - DAG(s) 'example_sensors' retrieved from /home/airflow/.local/lib/python3.8/site-packages/airflow/example_dags/example_sensors.py
[2026-07-01T12:21:58.499+0000] {logging_mixin.py:188} INFO - [2026-07-01T12:21:58.498+0000] {dag.py:3036} INFO - Sync 1 DAGs
[2026-07-01T12:21:58.537+0000] {logging_mixin.py:188} INFO - [2026-07-01T12:21:58.536+0000] {dag.py:3823} INFO - Setting next_dagrun for example_sensors to None, run_after=None
[2026-07-01T12:21:58.591+0000] {processor.py:183} INFO - Processing /home/airflow/.local/lib/python3.8/site-packages/airflow/example_dags/example_sensors.py took 0.239 seconds
[2026-07-01T12:22:28.728+0000] {processor.py:161} INFO - Started process (PID=1552) to work on /home/airflow/.local/lib/python3.8/site-packages/airflow/example_dags/example_sensors.py
[2026-07-01T12:22:28.732+0000] {processor.py:830} INFO - Processing file /home/airflow/.local/lib/python3.8/site-packages/airflow/example_dags/example_sensors.py for tasks to queue
[2026-07-01T12:22:28.740+0000] {logging_mixin.py:188} INFO - [2026-07-01T12:22:28.739+0000] {dagbag.py:538} INFO - Filling up the DagBag from /home/airflow/.local/lib/python3.8/site-packages/airflow/example_dags/example_sensors.py
[2026-07-01T12:22:28.767+0000] {processor.py:840} INFO - DAG(s) 'example_sensors' retrieved from /home/airflow/.local/lib/python3.8/site-packages/airflow/example_dags/example_sensors.py
[2026-07-01T12:22:28.832+0000] {logging_mixin.py:188} INFO - [2026-07-01T12:22:28.832+0000] {dag.py:3036} INFO - Sync 1 DAGs
[2026-07-01T12:22:28.863+0000] {logging_mixin.py:188} INFO - [2026-07-01T12:22:28.863+0000] {dag.py:3823} INFO - Setting next_dagrun for example_sensors to None, run_after=None
[2026-07-01T12:22:28.909+0000] {processor.py:183} INFO - Processing /home/airflow/.local/lib/python3.8/site-packages/airflow/example_dags/example_sensors.py took 0.189 seconds
[2026-07-01T12:22:59.002+0000] {processor.py:161} INFO - Started process (PID=1608) to work on /home/airflow/.local/lib/python3.8/site-packages/airflow/example_dags/example_sensors.py
[2026-07-01T12:22:59.005+0000] {processor.py:830} INFO - Processing file /home/airflow/.local/lib/python3.8/site-packages/airflow/example_dags/example_sensors.py for tasks to queue
[2026-07-01T12:22:59.012+0000] {logging_mixin.py:188} INFO - [2026-07-01T12:22:59.011+0000] {dagbag.py:538} INFO - Filling up the DagBag from /home/airflow/.local/lib/python3.8/site-packages/airflow/example_dags/example_sensors.py
[2026-07-01T12:22:59.036+0000] {processor.py:840} INFO - DAG(s) 'example_sensors' retrieved from /home/airflow/.local/lib/python3.8/site-packages/airflow/example_dags/example_sensors.py
[2026-07-01T12:22:59.096+0000] {logging_mixin.py:188} INFO - [2026-07-01T12:22:59.096+0000] {dag.py:3036} INFO - Sync 1 DAGs
[2026-07-01T12:22:59.127+0000] {logging_mixin.py:188} INFO - [2026-07-01T12:22:59.127+0000] {dag.py:3823} INFO - Setting next_dagrun for example_sensors to None, run_after=None
[2026-07-01T12:22:59.207+0000] {processor.py:183} INFO - Processing /home/airflow/.local/lib/python3.8/site-packages/airflow/example_dags/example_sensors.py took 0.213 seconds
[2026-07-01T12:23:29.438+0000] {processor.py:161} INFO - Started process (PID=1664) to work on /home/airflow/.local/lib/python3.8/site-packages/airflow/example_dags/example_sensors.py
[2026-07-01T12:23:29.442+0000] {processor.py:830} INFO - Processing file /home/airflow/.local/lib/python3.8/site-packages/airflow/example_dags/example_sensors.py for tasks to queue
[2026-07-01T12:23:29.448+0000] {logging_mixin.py:188} INFO - [2026-07-01T12:23:29.447+0000] {dagbag.py:538} INFO - Filling up the DagBag from /home/airflow/.local/lib/python3.8/site-packages/airflow/example_dags/example_sensors.py
[2026-07-01T12:23:29.473+0000] {processor.py:840} INFO - DAG(s) 'example_sensors' retrieved from /home/airflow/.local/lib/python3.8/site-packages/airflow/example_dags/example_sensors.py
[2026-07-01T12:23:29.539+0000] {logging_mixin.py:188} INFO - [2026-07-01T12:23:29.539+0000] {dag.py:3036} INFO - Sync 1 DAGs
[2026-07-01T12:23:29.576+0000] {logging_mixin.py:188} INFO - [2026-07-01T12:23:29.576+0000] {dag.py:3823} INFO - Setting next_dagrun for example_sensors to None, run_after=None
[2026-07-01T12:23:29.624+0000] {processor.py:183} INFO - Processing /home/airflow/.local/lib/python3.8/site-packages/airflow/example_dags/example_sensors.py took 0.197 seconds
[2026-07-01T12:24:00.193+0000] {processor.py:161} INFO - Started process (PID=1720) to work on /home/airflow/.local/lib/python3.8/site-packages/airflow/example_dags/example_sensors.py
[2026-07-01T12:24:00.201+0000] {processor.py:830} INFO - Processing file /home/airflow/.local/lib/python3.8/site-packages/airflow/example_dags/example_sensors.py for tasks to queue
[2026-07-01T12:24:00.215+0000] {logging_mixin.py:188} INFO - [2026-07-01T12:24:00.208+0000] {dagbag.py:538} INFO - Filling up the DagBag from /home/airflow/.local/lib/python3.8/site-packages/airflow/example_dags/example_sensors.py
[2026-07-01T12:24:00.246+0000] {processor.py:840} INFO - DAG(s) 'example_sensors' retrieved from /home/airflow/.local/lib/python3.8/site-packages/airflow/example_dags/example_sensors.py
[2026-07-01T12:24:00.344+0000] {logging_mixin.py:188} INFO - [2026-07-01T12:24:00.344+0000] {dag.py:3036} INFO - Sync 1 DAGs
[2026-07-01T12:24:00.410+0000] {logging_mixin.py:188} INFO - [2026-07-01T12:24:00.409+0000] {dag.py:3823} INFO - Setting next_dagrun for example_sensors to None, run_after=None
[2026-07-01T12:24:00.486+0000] {processor.py:183} INFO - Processing /home/airflow/.local/lib/python3.8/site-packages/airflow/example_dags/example_sensors.py took 0.304 seconds
[2026-07-01T12:24:30.601+0000] {processor.py:161} INFO - Started process (PID=1776) to work on /home/airflow/.local/lib/python3.8/site-packages/airflow/example_dags/example_sensors.py
[2026-07-01T12:24:30.605+0000] {processor.py:830} INFO - Processing file /home/airflow/.local/lib/python3.8/site-packages/airflow/example_dags/example_sensors.py for tasks to queue
[2026-07-01T12:24:30.612+0000] {logging_mixin.py:188} INFO - [2026-07-01T12:24:30.611+0000] {dagbag.py:538} INFO - Filling up the DagBag from /home/airflow/.local/lib/python3.8/site-packages/airflow/example_dags/example_sensors.py
[2026-07-01T12:24:30.658+0000] {processor.py:840} INFO - DAG(s) 'example_sensors' retrieved from /home/airflow/.local/lib/python3.8/site-packages/airflow/example_dags/example_sensors.py
[2026-07-01T12:24:30.742+0000] {logging_mixin.py:188} INFO - [2026-07-01T12:24:30.741+0000] {dag.py:3036} INFO - Sync 1 DAGs
[2026-07-01T12:24:30.783+0000] {logging_mixin.py:188} INFO - [2026-07-01T12:24:30.783+0000] {dag.py:3823} INFO - Setting next_dagrun for example_sensors to None, run_after=None
[2026-07-01T12:24:30.893+0000] {processor.py:183} INFO - Processing /home/airflow/.local/lib/python3.8/site-packages/airflow/example_dags/example_sensors.py took 0.303 seconds
[2026-07-01T12:25:01.296+0000] {processor.py:161} INFO - Started process (PID=1832) to work on /home/airflow/.local/lib/python3.8/site-packages/airflow/example_dags/example_sensors.py
[2026-07-01T12:25:01.300+0000] {processor.py:830} INFO - Processing file /home/airflow/.local/lib/python3.8/site-packages/airflow/example_dags/example_sensors.py for tasks to queue
[2026-07-01T12:25:01.308+0000] {logging_mixin.py:188} INFO - [2026-07-01T12:25:01.307+0000] {dagbag.py:538} INFO - Filling up the DagBag from /home/airflow/.local/lib/python3.8/site-packages/airflow/example_dags/example_sensors.py
[2026-07-01T12:25:01.332+0000] {processor.py:840} INFO - DAG(s) 'example_sensors' retrieved from /home/airflow/.local/lib/python3.8/site-packages/airflow/example_dags/example_sensors.py
[2026-07-01T12:25:01.389+0000] {logging_mixin.py:188} INFO - [2026-07-01T12:25:01.389+0000] {dag.py:3036} INFO - Sync 1 DAGs
[2026-07-01T12:25:01.419+0000] {logging_mixin.py:188} INFO - [2026-07-01T12:25:01.418+0000] {dag.py:3823} INFO - Setting next_dagrun for example_sensors to None, run_after=None
[2026-07-01T12:25:01.461+0000] {processor.py:183} INFO - Processing /home/airflow/.local/lib/python3.8/site-packages/airflow/example_dags/example_sensors.py took 0.173 seconds
[2026-07-01T12:25:31.969+0000] {processor.py:161} INFO - Started process (PID=1888) to work on /home/airflow/.local/lib/python3.8/site-packages/airflow/example_dags/example_sensors.py
[2026-07-01T12:25:31.973+0000] {processor.py:830} INFO - Processing file /home/airflow/.local/lib/python3.8/site-packages/airflow/example_dags/example_sensors.py for tasks to queue
[2026-07-01T12:25:31.978+0000] {logging_mixin.py:188} INFO - [2026-07-01T12:25:31.977+0000] {dagbag.py:538} INFO - Filling up the DagBag from /home/airflow/.local/lib/python3.8/site-packages/airflow/example_dags/example_sensors.py
[2026-07-01T12:25:31.999+0000] {processor.py:840} INFO - DAG(s) 'example_sensors' retrieved from /home/airflow/.local/lib/python3.8/site-packages/airflow/example_dags/example_sensors.py
[2026-07-01T12:25:32.056+0000] {logging_mixin.py:188} INFO - [2026-07-01T12:25:32.055+0000] {dag.py:3036} INFO - Sync 1 DAGs
[2026-07-01T12:25:32.083+0000] {logging_mixin.py:188} INFO - [2026-07-01T12:25:32.083+0000] {dag.py:3823} INFO - Setting next_dagrun for example_sensors to None, run_after=None
[2026-07-01T12:25:32.124+0000] {processor.py:183} INFO - Processing /home/airflow/.local/lib/python3.8/site-packages/airflow/example_dags/example_sensors.py took 0.162 seconds
[2026-07-01T12:26:02.196+0000] {processor.py:161} INFO - Started process (PID=1943) to work on /home/airflow/.local/lib/python3.8/site-packages/airflow/example_dags/example_sensors.py
[2026-07-01T12:26:02.199+0000] {processor.py:830} INFO - Processing file /home/airflow/.local/lib/python3.8/site-packages/airflow/example_dags/example_sensors.py for tasks to queue
[2026-07-01T12:26:02.205+0000] {logging_mixin.py:188} INFO - [2026-07-01T12:26:02.204+0000] {dagbag.py:538} INFO - Filling up the DagBag from /home/airflow/.local/lib/python3.8/site-packages/airflow/example_dags/example_sensors.py
[2026-07-01T12:26:02.227+0000] {processor.py:840} INFO - DAG(s) 'example_sensors' retrieved from /home/airflow/.local/lib/python3.8/site-packages/airflow/example_dags/example_sensors.py
[2026-07-01T12:26:02.287+0000] {logging_mixin.py:188} INFO - [2026-07-01T12:26:02.287+0000] {dag.py:3036} INFO - Sync 1 DAGs
[2026-07-01T12:26:02.316+0000] {logging_mixin.py:188} INFO - [2026-07-01T12:26:02.315+0000] {dag.py:3823} INFO - Setting next_dagrun for example_sensors to None, run_after=None
[2026-07-01T12:26:02.356+0000] {processor.py:183} INFO - Processing /home/airflow/.local/lib/python3.8/site-packages/airflow/example_dags/example_sensors.py took 0.168 seconds
[2026-07-01T12:26:32.929+0000] {processor.py:161} INFO - Started process (PID=2000) to work on /home/airflow/.local/lib/python3.8/site-packages/airflow/example_dags/example_sensors.py
[2026-07-01T12:26:32.932+0000] {processor.py:830} INFO - Processing file /home/airflow/.local/lib/python3.8/site-packages/airflow/example_dags/example_sensors.py for tasks to queue
[2026-07-01T12:26:32.937+0000] {logging_mixin.py:188} INFO - [2026-07-01T12:26:32.936+0000] {dagbag.py:538} INFO - Filling up the DagBag from /home/airflow/.local/lib/python3.8/site-packages/airflow/example_dags/example_sensors.py
[2026-07-01T12:26:32.958+0000] {processor.py:840} INFO - DAG(s) 'example_sensors' retrieved from /home/airflow/.local/lib/python3.8/site-packages/airflow/example_dags/example_sensors.py
[2026-07-01T12:26:33.017+0000] {logging_mixin.py:188} INFO - [2026-07-01T12:26:33.017+0000] {dag.py:3036} INFO - Sync 1 DAGs
[2026-07-01T12:26:33.048+0000] {logging_mixin.py:188} INFO - [2026-07-01T12:26:33.047+0000] {dag.py:3823} INFO - Setting next_dagrun for example_sensors to None, run_after=None
[2026-07-01T12:26:33.088+0000] {processor.py:183} INFO - Processing /home/airflow/.local/lib/python3.8/site-packages/airflow/example_dags/example_sensors.py took 0.167 seconds
[2026-07-01T12:27:03.489+0000] {processor.py:161} INFO - Started process (PID=2056) to work on /home/airflow/.local/lib/python3.8/site-packages/airflow/example_dags/example_sensors.py
[2026-07-01T12:27:03.492+0000] {processor.py:830} INFO - Processing file /home/airflow/.local/lib/python3.8/site-packages/airflow/example_dags/example_sensors.py for tasks to queue
[2026-07-01T12:27:03.499+0000] {logging_mixin.py:188} INFO - [2026-07-01T12:27:03.498+0000] {dagbag.py:538} INFO - Filling up the DagBag from /home/airflow/.local/lib/python3.8/site-packages/airflow/example_dags/example_sensors.py
[2026-07-01T12:27:03.521+0000] {processor.py:840} INFO - DAG(s) 'example_sensors' retrieved from /home/airflow/.local/lib/python3.8/site-packages/airflow/example_dags/example_sensors.py
[2026-07-01T12:27:03.589+0000] {logging_mixin.py:188} INFO - [2026-07-01T12:27:03.588+0000] {dag.py:3036} INFO - Sync 1 DAGs
[2026-07-01T12:27:03.625+0000] {logging_mixin.py:188} INFO - [2026-07-01T12:27:03.625+0000] {dag.py:3823} INFO - Setting next_dagrun for example_sensors to None, run_after=None
[2026-07-01T12:27:03.671+0000] {processor.py:183} INFO - Processing /home/airflow/.local/lib/python3.8/site-packages/airflow/example_dags/example_sensors.py took 0.190 seconds
[2026-07-01T12:27:34.056+0000] {processor.py:161} INFO - Started process (PID=2112) to work on /home/airflow/.local/lib/python3.8/site-packages/airflow/example_dags/example_sensors.py
[2026-07-01T12:27:34.062+0000] {processor.py:830} INFO - Processing file /home/airflow/.local/lib/python3.8/site-packages/airflow/example_dags/example_sensors.py for tasks to queue
[2026-07-01T12:27:34.069+0000] {logging_mixin.py:188} INFO - [2026-07-01T12:27:34.068+0000] {dagbag.py:538} INFO - Filling up the DagBag from /home/airflow/.local/lib/python3.8/site-packages/airflow/example_dags/example_sensors.py
[2026-07-01T12:27:34.099+0000] {processor.py:840} INFO - DAG(s) 'example_sensors' retrieved from /home/airflow/.local/lib/python3.8/site-packages/airflow/example_dags/example_sensors.py
[2026-07-01T12:27:34.171+0000] {logging_mixin.py:188} INFO - [2026-07-01T12:27:34.170+0000] {dag.py:3036} INFO - Sync 1 DAGs
[2026-07-01T12:27:34.215+0000] {logging_mixin.py:188} INFO - [2026-07-01T12:27:34.214+0000] {dag.py:3823} INFO - Setting next_dagrun for example_sensors to None, run_after=None
[2026-07-01T12:27:34.281+0000] {processor.py:183} INFO - Processing /home/airflow/.local/lib/python3.8/site-packages/airflow/example_dags/example_sensors.py took 0.235 seconds
[2026-07-01T12:28:04.725+0000] {processor.py:161} INFO - Started process (PID=2168) to work on /home/airflow/.local/lib/python3.8/site-packages/airflow/example_dags/example_sensors.py
[2026-07-01T12:28:04.731+0000] {processor.py:830} INFO - Processing file /home/airflow/.local/lib/python3.8/site-packages/airflow/example_dags/example_sensors.py for tasks to queue
[2026-07-01T12:28:04.740+0000] {logging_mixin.py:188} INFO - [2026-07-01T12:28:04.738+0000] {dagbag.py:538} INFO - Filling up the DagBag from /home/airflow/.local/lib/python3.8/site-packages/airflow/example_dags/example_sensors.py
[2026-07-01T12:28:04.778+0000] {processor.py:840} INFO - DAG(s) 'example_sensors' retrieved from /home/airflow/.local/lib/python3.8/site-packages/airflow/example_dags/example_sensors.py
[2026-07-01T12:28:04.863+0000] {logging_mixin.py:188} INFO - [2026-07-01T12:28:04.862+0000] {dag.py:3036} INFO - Sync 1 DAGs
[2026-07-01T12:28:04.903+0000] {logging_mixin.py:188} INFO - [2026-07-01T12:28:04.903+0000] {dag.py:3823} INFO - Setting next_dagrun for example_sensors to None, run_after=None
[2026-07-01T12:28:04.949+0000] {processor.py:183} INFO - Processing /home/airflow/.local/lib/python3.8/site-packages/airflow/example_dags/example_sensors.py took 0.242 seconds
[2026-07-01T12:28:35.316+0000] {processor.py:161} INFO - Started process (PID=2224) to work on /home/airflow/.local/lib/python3.8/site-packages/airflow/example_dags/example_sensors.py
[2026-07-01T12:28:35.321+0000] {processor.py:830} INFO - Processing file /home/airflow/.local/lib/python3.8/site-packages/airflow/example_dags/example_sensors.py for tasks to queue
[2026-07-01T12:28:35.330+0000] {logging_mixin.py:188} INFO - [2026-07-01T12:28:35.329+0000] {dagbag.py:538} INFO - Filling up the DagBag from /home/airflow/.local/lib/python3.8/site-packages/airflow/example_dags/example_sensors.py
[2026-07-01T12:28:35.362+0000] {processor.py:840} INFO - DAG(s) 'example_sensors' retrieved from /home/airflow/.local/lib/python3.8/site-packages/airflow/example_dags/example_sensors.py
[2026-07-01T12:28:35.433+0000] {logging_mixin.py:188} INFO - [2026-07-01T12:28:35.433+0000] {dag.py:3036} INFO - Sync 1 DAGs
[2026-07-01T12:28:35.471+0000] {logging_mixin.py:188} INFO - [2026-07-01T12:28:35.471+0000] {dag.py:3823} INFO - Setting next_dagrun for example_sensors to None, run_after=None
[2026-07-01T12:28:35.519+0000] {processor.py:183} INFO - Processing /home/airflow/.local/lib/python3.8/site-packages/airflow/example_dags/example_sensors.py took 0.213 seconds
[2026-07-01T12:29:06.008+0000] {processor.py:161} INFO - Started process (PID=2281) to work on /home/airflow/.local/lib/python3.8/site-packages/airflow/example_dags/example_sensors.py
[2026-07-01T12:29:06.011+0000] {processor.py:830} INFO - Processing file /home/airflow/.local/lib/python3.8/site-packages/airflow/example_dags/example_sensors.py for tasks to queue
[2026-07-01T12:29:06.015+0000] {logging_mixin.py:188} INFO - [2026-07-01T12:29:06.015+0000] {dagbag.py:538} INFO - Filling up the DagBag from /home/airflow/.local/lib/python3.8/site-packages/airflow/example_dags/example_sensors.py
[2026-07-01T12:29:06.037+0000] {processor.py:840} INFO - DAG(s) 'example_sensors' retrieved from /home/airflow/.local/lib/python3.8/site-packages/airflow/example_dags/example_sensors.py
[2026-07-01T12:29:06.096+0000] {logging_mixin.py:188} INFO - [2026-07-01T12:29:06.095+0000] {dag.py:3036} INFO - Sync 1 DAGs
[2026-07-01T12:29:06.126+0000] {logging_mixin.py:188} INFO - [2026-07-01T12:29:06.126+0000] {dag.py:3823} INFO - Setting next_dagrun for example_sensors to None, run_after=None
[2026-07-01T12:29:06.168+0000] {processor.py:183} INFO - Processing /home/airflow/.local/lib/python3.8/site-packages/airflow/example_dags/example_sensors.py took 0.167 seconds
[2026-07-01T12:29:36.643+0000] {processor.py:161} INFO - Started process (PID=2338) to work on /home/airflow/.local/lib/python3.8/site-packages/airflow/example_dags/example_sensors.py
[2026-07-01T12:29:36.647+0000] {processor.py:830} INFO - Processing file /home/airflow/.local/lib/python3.8/site-packages/airflow/example_dags/example_sensors.py for tasks to queue
[2026-07-01T12:29:36.653+0000] {logging_mixin.py:188} INFO - [2026-07-01T12:29:36.652+0000] {dagbag.py:538} INFO - Filling up the DagBag from /home/airflow/.local/lib/python3.8/site-packages/airflow/example_dags/example_sensors.py
[2026-07-01T12:29:36.676+0000] {processor.py:840} INFO - DAG(s) 'example_sensors' retrieved from /home/airflow/.local/lib/python3.8/site-packages/airflow/example_dags/example_sensors.py
[2026-07-01T12:29:36.730+0000] {logging_mixin.py:188} INFO - [2026-07-01T12:29:36.730+0000] {dag.py:3036} INFO - Sync 1 DAGs
[2026-07-01T12:29:36.761+0000] {logging_mixin.py:188} INFO - [2026-07-01T12:29:36.760+0000] {dag.py:3823} INFO - Setting next_dagrun for example_sensors to None, run_after=None
[2026-07-01T12:29:36.807+0000] {processor.py:183} INFO - Processing /home/airflow/.local/lib/python3.8/site-packages/airflow/example_dags/example_sensors.py took 0.172 seconds
