[2026-07-01T11:58:35.133+0000] {processor.py:161} INFO - Started process (PID=112) to work on /home/airflow/.local/lib/python3.8/site-packages/airflow/example_dags/example_branch_operator.py
[2026-07-01T11:58:35.146+0000] {processor.py:830} INFO - Processing file /home/airflow/.local/lib/python3.8/site-packages/airflow/example_dags/example_branch_operator.py for tasks to queue
[2026-07-01T11:58:35.153+0000] {logging_mixin.py:188} INFO - [2026-07-01T11:58:35.152+0000] {dagbag.py:538} INFO - Filling up the DagBag from /home/airflow/.local/lib/python3.8/site-packages/airflow/example_dags/example_branch_operator.py
[2026-07-01T11:58:35.241+0000] {processor.py:840} INFO - DAG(s) 'example_branch_operator' retrieved from /home/airflow/.local/lib/python3.8/site-packages/airflow/example_dags/example_branch_operator.py
[2026-07-01T11:58:35.810+0000] {logging_mixin.py:188} INFO - [2026-07-01T11:58:35.810+0000] {dag.py:3036} INFO - Sync 1 DAGs
[2026-07-01T11:58:35.882+0000] {logging_mixin.py:188} INFO - [2026-07-01T11:58:35.881+0000] {dag.py:3823} INFO - Setting next_dagrun for example_branch_operator to 2026-06-30 00:00:00+00:00, run_after=2026-07-01 00:00:00+00:00
[2026-07-01T11:58:35.989+0000] {processor.py:183} INFO - Processing /home/airflow/.local/lib/python3.8/site-packages/airflow/example_dags/example_branch_operator.py took 0.876 seconds
[2026-07-01T11:59:06.459+0000] {processor.py:161} INFO - Started process (PID=167) to work on /home/airflow/.local/lib/python3.8/site-packages/airflow/example_dags/example_branch_operator.py
[2026-07-01T11:59:06.464+0000] {processor.py:830} INFO - Processing file /home/airflow/.local/lib/python3.8/site-packages/airflow/example_dags/example_branch_operator.py for tasks to queue
[2026-07-01T11:59:06.471+0000] {logging_mixin.py:188} INFO - [2026-07-01T11:59:06.470+0000] {dagbag.py:538} INFO - Filling up the DagBag from /home/airflow/.local/lib/python3.8/site-packages/airflow/example_dags/example_branch_operator.py
[2026-07-01T11:59:06.519+0000] {processor.py:840} INFO - DAG(s) 'example_branch_operator' retrieved from /home/airflow/.local/lib/python3.8/site-packages/airflow/example_dags/example_branch_operator.py
[2026-07-01T11:59:06.593+0000] {logging_mixin.py:188} INFO - [2026-07-01T11:59:06.593+0000] {dag.py:3036} INFO - Sync 1 DAGs
[2026-07-01T11:59:06.669+0000] {logging_mixin.py:188} INFO - [2026-07-01T11:59:06.668+0000] {dag.py:3823} INFO - Setting next_dagrun for example_branch_operator to 2026-06-30 00:00:00+00:00, run_after=2026-07-01 00:00:00+00:00
[2026-07-01T11:59:06.727+0000] {processor.py:183} INFO - Processing /home/airflow/.local/lib/python3.8/site-packages/airflow/example_dags/example_branch_operator.py took 0.281 seconds
[2026-07-01T11:59:37.100+0000] {processor.py:161} INFO - Started process (PID=222) to work on /home/airflow/.local/lib/python3.8/site-packages/airflow/example_dags/example_branch_operator.py
[2026-07-01T11:59:37.105+0000] {processor.py:830} INFO - Processing file /home/airflow/.local/lib/python3.8/site-packages/airflow/example_dags/example_branch_operator.py for tasks to queue
[2026-07-01T11:59:37.112+0000] {logging_mixin.py:188} INFO - [2026-07-01T11:59:37.111+0000] {dagbag.py:538} INFO - Filling up the DagBag from /home/airflow/.local/lib/python3.8/site-packages/airflow/example_dags/example_branch_operator.py
[2026-07-01T11:59:37.162+0000] {processor.py:840} INFO - DAG(s) 'example_branch_operator' retrieved from /home/airflow/.local/lib/python3.8/site-packages/airflow/example_dags/example_branch_operator.py
[2026-07-01T11:59:37.238+0000] {logging_mixin.py:188} INFO - [2026-07-01T11:59:37.237+0000] {dag.py:3036} INFO - Sync 1 DAGs
[2026-07-01T11:59:37.306+0000] {logging_mixin.py:188} INFO - [2026-07-01T11:59:37.305+0000] {dag.py:3823} INFO - Setting next_dagrun for example_branch_operator to 2026-06-30 00:00:00+00:00, run_after=2026-07-01 00:00:00+00:00
[2026-07-01T11:59:37.362+0000] {processor.py:183} INFO - Processing /home/airflow/.local/lib/python3.8/site-packages/airflow/example_dags/example_branch_operator.py took 0.270 seconds
[2026-07-01T12:00:07.612+0000] {processor.py:161} INFO - Started process (PID=277) to work on /home/airflow/.local/lib/python3.8/site-packages/airflow/example_dags/example_branch_operator.py
[2026-07-01T12:00:07.616+0000] {processor.py:830} INFO - Processing file /home/airflow/.local/lib/python3.8/site-packages/airflow/example_dags/example_branch_operator.py for tasks to queue
[2026-07-01T12:00:07.621+0000] {logging_mixin.py:188} INFO - [2026-07-01T12:00:07.620+0000] {dagbag.py:538} INFO - Filling up the DagBag from /home/airflow/.local/lib/python3.8/site-packages/airflow/example_dags/example_branch_operator.py
[2026-07-01T12:00:07.664+0000] {processor.py:840} INFO - DAG(s) 'example_branch_operator' retrieved from /home/airflow/.local/lib/python3.8/site-packages/airflow/example_dags/example_branch_operator.py
[2026-07-01T12:00:07.722+0000] {logging_mixin.py:188} INFO - [2026-07-01T12:00:07.722+0000] {dag.py:3036} INFO - Sync 1 DAGs
[2026-07-01T12:00:07.781+0000] {logging_mixin.py:188} INFO - [2026-07-01T12:00:07.781+0000] {dag.py:3823} INFO - Setting next_dagrun for example_branch_operator to 2026-06-30 00:00:00+00:00, run_after=2026-07-01 00:00:00+00:00
[2026-07-01T12:00:07.861+0000] {processor.py:183} INFO - Processing /home/airflow/.local/lib/python3.8/site-packages/airflow/example_dags/example_branch_operator.py took 0.257 seconds
[2026-07-01T12:00:38.492+0000] {processor.py:161} INFO - Started process (PID=332) to work on /home/airflow/.local/lib/python3.8/site-packages/airflow/example_dags/example_branch_operator.py
[2026-07-01T12:00:38.497+0000] {processor.py:830} INFO - Processing file /home/airflow/.local/lib/python3.8/site-packages/airflow/example_dags/example_branch_operator.py for tasks to queue
[2026-07-01T12:00:38.503+0000] {logging_mixin.py:188} INFO - [2026-07-01T12:00:38.502+0000] {dagbag.py:538} INFO - Filling up the DagBag from /home/airflow/.local/lib/python3.8/site-packages/airflow/example_dags/example_branch_operator.py
[2026-07-01T12:00:38.560+0000] {processor.py:840} INFO - DAG(s) 'example_branch_operator' retrieved from /home/airflow/.local/lib/python3.8/site-packages/airflow/example_dags/example_branch_operator.py
[2026-07-01T12:00:38.821+0000] {logging_mixin.py:188} INFO - [2026-07-01T12:00:38.820+0000] {dag.py:3036} INFO - Sync 1 DAGs
[2026-07-01T12:00:38.889+0000] {logging_mixin.py:188} INFO - [2026-07-01T12:00:38.888+0000] {dag.py:3823} INFO - Setting next_dagrun for example_branch_operator to 2026-06-30 00:00:00+00:00, run_after=2026-07-01 00:00:00+00:00
[2026-07-01T12:00:38.998+0000] {processor.py:183} INFO - Processing /home/airflow/.local/lib/python3.8/site-packages/airflow/example_dags/example_branch_operator.py took 0.515 seconds
[2026-07-01T12:01:09.962+0000] {processor.py:161} INFO - Started process (PID=387) to work on /home/airflow/.local/lib/python3.8/site-packages/airflow/example_dags/example_branch_operator.py
[2026-07-01T12:01:09.965+0000] {processor.py:830} INFO - Processing file /home/airflow/.local/lib/python3.8/site-packages/airflow/example_dags/example_branch_operator.py for tasks to queue
[2026-07-01T12:01:09.970+0000] {logging_mixin.py:188} INFO - [2026-07-01T12:01:09.970+0000] {dagbag.py:538} INFO - Filling up the DagBag from /home/airflow/.local/lib/python3.8/site-packages/airflow/example_dags/example_branch_operator.py
[2026-07-01T12:01:10.014+0000] {processor.py:840} INFO - DAG(s) 'example_branch_operator' retrieved from /home/airflow/.local/lib/python3.8/site-packages/airflow/example_dags/example_branch_operator.py
[2026-07-01T12:01:10.073+0000] {logging_mixin.py:188} INFO - [2026-07-01T12:01:10.072+0000] {dag.py:3036} INFO - Sync 1 DAGs
[2026-07-01T12:01:10.126+0000] {logging_mixin.py:188} INFO - [2026-07-01T12:01:10.126+0000] {dag.py:3823} INFO - Setting next_dagrun for example_branch_operator to 2026-06-30 00:00:00+00:00, run_after=2026-07-01 00:00:00+00:00
[2026-07-01T12:01:10.173+0000] {processor.py:183} INFO - Processing /home/airflow/.local/lib/python3.8/site-packages/airflow/example_dags/example_branch_operator.py took 0.219 seconds
[2026-07-01T12:01:40.691+0000] {processor.py:161} INFO - Started process (PID=442) to work on /home/airflow/.local/lib/python3.8/site-packages/airflow/example_dags/example_branch_operator.py
[2026-07-01T12:01:40.705+0000] {processor.py:830} INFO - Processing file /home/airflow/.local/lib/python3.8/site-packages/airflow/example_dags/example_branch_operator.py for tasks to queue
[2026-07-01T12:01:40.713+0000] {logging_mixin.py:188} INFO - [2026-07-01T12:01:40.712+0000] {dagbag.py:538} INFO - Filling up the DagBag from /home/airflow/.local/lib/python3.8/site-packages/airflow/example_dags/example_branch_operator.py
[2026-07-01T12:01:40.783+0000] {processor.py:840} INFO - DAG(s) 'example_branch_operator' retrieved from /home/airflow/.local/lib/python3.8/site-packages/airflow/example_dags/example_branch_operator.py
[2026-07-01T12:01:40.867+0000] {logging_mixin.py:188} INFO - [2026-07-01T12:01:40.867+0000] {dag.py:3036} INFO - Sync 1 DAGs
[2026-07-01T12:01:40.936+0000] {logging_mixin.py:188} INFO - [2026-07-01T12:01:40.935+0000] {dag.py:3823} INFO - Setting next_dagrun for example_branch_operator to 2026-06-30 00:00:00+00:00, run_after=2026-07-01 00:00:00+00:00
[2026-07-01T12:01:41.005+0000] {processor.py:183} INFO - Processing /home/airflow/.local/lib/python3.8/site-packages/airflow/example_dags/example_branch_operator.py took 0.323 seconds
[2026-07-01T12:02:11.098+0000] {processor.py:161} INFO - Started process (PID=498) to work on /home/airflow/.local/lib/python3.8/site-packages/airflow/example_dags/example_branch_operator.py
[2026-07-01T12:02:11.102+0000] {processor.py:830} INFO - Processing file /home/airflow/.local/lib/python3.8/site-packages/airflow/example_dags/example_branch_operator.py for tasks to queue
[2026-07-01T12:02:11.107+0000] {logging_mixin.py:188} INFO - [2026-07-01T12:02:11.106+0000] {dagbag.py:538} INFO - Filling up the DagBag from /home/airflow/.local/lib/python3.8/site-packages/airflow/example_dags/example_branch_operator.py
[2026-07-01T12:02:11.146+0000] {processor.py:840} INFO - DAG(s) 'example_branch_operator' retrieved from /home/airflow/.local/lib/python3.8/site-packages/airflow/example_dags/example_branch_operator.py
[2026-07-01T12:02:11.208+0000] {logging_mixin.py:188} INFO - [2026-07-01T12:02:11.208+0000] {dag.py:3036} INFO - Sync 1 DAGs
[2026-07-01T12:02:11.264+0000] {logging_mixin.py:188} INFO - [2026-07-01T12:02:11.264+0000] {dag.py:3823} INFO - Setting next_dagrun for example_branch_operator to 2026-06-30 00:00:00+00:00, run_after=2026-07-01 00:00:00+00:00
[2026-07-01T12:02:11.311+0000] {processor.py:183} INFO - Processing /home/airflow/.local/lib/python3.8/site-packages/airflow/example_dags/example_branch_operator.py took 0.221 seconds
[2026-07-01T12:02:41.864+0000] {processor.py:161} INFO - Started process (PID=554) to work on /home/airflow/.local/lib/python3.8/site-packages/airflow/example_dags/example_branch_operator.py
[2026-07-01T12:02:41.868+0000] {processor.py:830} INFO - Processing file /home/airflow/.local/lib/python3.8/site-packages/airflow/example_dags/example_branch_operator.py for tasks to queue
[2026-07-01T12:02:41.873+0000] {logging_mixin.py:188} INFO - [2026-07-01T12:02:41.872+0000] {dagbag.py:538} INFO - Filling up the DagBag from /home/airflow/.local/lib/python3.8/site-packages/airflow/example_dags/example_branch_operator.py
[2026-07-01T12:02:41.924+0000] {processor.py:840} INFO - DAG(s) 'example_branch_operator' retrieved from /home/airflow/.local/lib/python3.8/site-packages/airflow/example_dags/example_branch_operator.py
[2026-07-01T12:02:41.985+0000] {logging_mixin.py:188} INFO - [2026-07-01T12:02:41.984+0000] {dag.py:3036} INFO - Sync 1 DAGs
[2026-07-01T12:02:42.048+0000] {logging_mixin.py:188} INFO - [2026-07-01T12:02:42.047+0000] {dag.py:3823} INFO - Setting next_dagrun for example_branch_operator to 2026-06-30 00:00:00+00:00, run_after=2026-07-01 00:00:00+00:00
[2026-07-01T12:02:42.099+0000] {processor.py:183} INFO - Processing /home/airflow/.local/lib/python3.8/site-packages/airflow/example_dags/example_branch_operator.py took 0.242 seconds
[2026-07-01T12:03:12.593+0000] {processor.py:161} INFO - Started process (PID=609) to work on /home/airflow/.local/lib/python3.8/site-packages/airflow/example_dags/example_branch_operator.py
[2026-07-01T12:03:12.596+0000] {processor.py:830} INFO - Processing file /home/airflow/.local/lib/python3.8/site-packages/airflow/example_dags/example_branch_operator.py for tasks to queue
[2026-07-01T12:03:12.601+0000] {logging_mixin.py:188} INFO - [2026-07-01T12:03:12.600+0000] {dagbag.py:538} INFO - Filling up the DagBag from /home/airflow/.local/lib/python3.8/site-packages/airflow/example_dags/example_branch_operator.py
[2026-07-01T12:03:12.644+0000] {processor.py:840} INFO - DAG(s) 'example_branch_operator' retrieved from /home/airflow/.local/lib/python3.8/site-packages/airflow/example_dags/example_branch_operator.py
[2026-07-01T12:03:12.706+0000] {logging_mixin.py:188} INFO - [2026-07-01T12:03:12.705+0000] {dag.py:3036} INFO - Sync 1 DAGs
[2026-07-01T12:03:12.761+0000] {logging_mixin.py:188} INFO - [2026-07-01T12:03:12.761+0000] {dag.py:3823} INFO - Setting next_dagrun for example_branch_operator to 2026-06-30 00:00:00+00:00, run_after=2026-07-01 00:00:00+00:00
[2026-07-01T12:03:12.806+0000] {processor.py:183} INFO - Processing /home/airflow/.local/lib/python3.8/site-packages/airflow/example_dags/example_branch_operator.py took 0.222 seconds
[2026-07-01T12:03:42.930+0000] {processor.py:161} INFO - Started process (PID=665) to work on /home/airflow/.local/lib/python3.8/site-packages/airflow/example_dags/example_branch_operator.py
[2026-07-01T12:03:42.933+0000] {processor.py:830} INFO - Processing file /home/airflow/.local/lib/python3.8/site-packages/airflow/example_dags/example_branch_operator.py for tasks to queue
[2026-07-01T12:03:42.938+0000] {logging_mixin.py:188} INFO - [2026-07-01T12:03:42.938+0000] {dagbag.py:538} INFO - Filling up the DagBag from /home/airflow/.local/lib/python3.8/site-packages/airflow/example_dags/example_branch_operator.py
[2026-07-01T12:03:42.976+0000] {processor.py:840} INFO - DAG(s) 'example_branch_operator' retrieved from /home/airflow/.local/lib/python3.8/site-packages/airflow/example_dags/example_branch_operator.py
[2026-07-01T12:03:43.032+0000] {logging_mixin.py:188} INFO - [2026-07-01T12:03:43.032+0000] {dag.py:3036} INFO - Sync 1 DAGs
[2026-07-01T12:03:43.082+0000] {logging_mixin.py:188} INFO - [2026-07-01T12:03:43.082+0000] {dag.py:3823} INFO - Setting next_dagrun for example_branch_operator to 2026-06-30 00:00:00+00:00, run_after=2026-07-01 00:00:00+00:00
[2026-07-01T12:03:43.125+0000] {processor.py:183} INFO - Processing /home/airflow/.local/lib/python3.8/site-packages/airflow/example_dags/example_branch_operator.py took 0.202 seconds
[2026-07-01T12:04:13.411+0000] {processor.py:161} INFO - Started process (PID=718) to work on /home/airflow/.local/lib/python3.8/site-packages/airflow/example_dags/example_branch_operator.py
[2026-07-01T12:04:13.415+0000] {processor.py:830} INFO - Processing file /home/airflow/.local/lib/python3.8/site-packages/airflow/example_dags/example_branch_operator.py for tasks to queue
[2026-07-01T12:04:13.420+0000] {logging_mixin.py:188} INFO - [2026-07-01T12:04:13.419+0000] {dagbag.py:538} INFO - Filling up the DagBag from /home/airflow/.local/lib/python3.8/site-packages/airflow/example_dags/example_branch_operator.py
[2026-07-01T12:04:13.464+0000] {processor.py:840} INFO - DAG(s) 'example_branch_operator' retrieved from /home/airflow/.local/lib/python3.8/site-packages/airflow/example_dags/example_branch_operator.py
[2026-07-01T12:04:13.529+0000] {logging_mixin.py:188} INFO - [2026-07-01T12:04:13.529+0000] {dag.py:3036} INFO - Sync 1 DAGs
[2026-07-01T12:04:13.583+0000] {logging_mixin.py:188} INFO - [2026-07-01T12:04:13.583+0000] {dag.py:3823} INFO - Setting next_dagrun for example_branch_operator to 2026-06-30 00:00:00+00:00, run_after=2026-07-01 00:00:00+00:00
[2026-07-01T12:04:13.628+0000] {processor.py:183} INFO - Processing /home/airflow/.local/lib/python3.8/site-packages/airflow/example_dags/example_branch_operator.py took 0.226 seconds
[2026-07-01T12:04:44.369+0000] {processor.py:161} INFO - Started process (PID=773) to work on /home/airflow/.local/lib/python3.8/site-packages/airflow/example_dags/example_branch_operator.py
[2026-07-01T12:04:44.374+0000] {processor.py:830} INFO - Processing file /home/airflow/.local/lib/python3.8/site-packages/airflow/example_dags/example_branch_operator.py for tasks to queue
[2026-07-01T12:04:44.385+0000] {logging_mixin.py:188} INFO - [2026-07-01T12:04:44.384+0000] {dagbag.py:538} INFO - Filling up the DagBag from /home/airflow/.local/lib/python3.8/site-packages/airflow/example_dags/example_branch_operator.py
[2026-07-01T12:04:44.476+0000] {processor.py:840} INFO - DAG(s) 'example_branch_operator' retrieved from /home/airflow/.local/lib/python3.8/site-packages/airflow/example_dags/example_branch_operator.py
[2026-07-01T12:04:44.612+0000] {logging_mixin.py:188} INFO - [2026-07-01T12:04:44.612+0000] {dag.py:3036} INFO - Sync 1 DAGs
[2026-07-01T12:04:44.736+0000] {logging_mixin.py:188} INFO - [2026-07-01T12:04:44.735+0000] {dag.py:3823} INFO - Setting next_dagrun for example_branch_operator to 2026-06-30 00:00:00+00:00, run_after=2026-07-01 00:00:00+00:00
[2026-07-01T12:04:44.818+0000] {processor.py:183} INFO - Processing /home/airflow/.local/lib/python3.8/site-packages/airflow/example_dags/example_branch_operator.py took 0.464 seconds
[2026-07-01T12:05:15.009+0000] {processor.py:161} INFO - Started process (PID=828) to work on /home/airflow/.local/lib/python3.8/site-packages/airflow/example_dags/example_branch_operator.py
[2026-07-01T12:05:15.016+0000] {processor.py:830} INFO - Processing file /home/airflow/.local/lib/python3.8/site-packages/airflow/example_dags/example_branch_operator.py for tasks to queue
[2026-07-01T12:05:15.023+0000] {logging_mixin.py:188} INFO - [2026-07-01T12:05:15.022+0000] {dagbag.py:538} INFO - Filling up the DagBag from /home/airflow/.local/lib/python3.8/site-packages/airflow/example_dags/example_branch_operator.py
[2026-07-01T12:05:15.082+0000] {processor.py:840} INFO - DAG(s) 'example_branch_operator' retrieved from /home/airflow/.local/lib/python3.8/site-packages/airflow/example_dags/example_branch_operator.py
[2026-07-01T12:05:15.176+0000] {logging_mixin.py:188} INFO - [2026-07-01T12:05:15.176+0000] {dag.py:3036} INFO - Sync 1 DAGs
[2026-07-01T12:05:15.249+0000] {logging_mixin.py:188} INFO - [2026-07-01T12:05:15.248+0000] {dag.py:3823} INFO - Setting next_dagrun for example_branch_operator to 2026-06-30 00:00:00+00:00, run_after=2026-07-01 00:00:00+00:00
[2026-07-01T12:05:15.315+0000] {processor.py:183} INFO - Processing /home/airflow/.local/lib/python3.8/site-packages/airflow/example_dags/example_branch_operator.py took 0.315 seconds
[2026-07-01T12:05:45.466+0000] {processor.py:161} INFO - Started process (PID=883) to work on /home/airflow/.local/lib/python3.8/site-packages/airflow/example_dags/example_branch_operator.py
[2026-07-01T12:05:45.470+0000] {processor.py:830} INFO - Processing file /home/airflow/.local/lib/python3.8/site-packages/airflow/example_dags/example_branch_operator.py for tasks to queue
[2026-07-01T12:05:45.477+0000] {logging_mixin.py:188} INFO - [2026-07-01T12:05:45.476+0000] {dagbag.py:538} INFO - Filling up the DagBag from /home/airflow/.local/lib/python3.8/site-packages/airflow/example_dags/example_branch_operator.py
[2026-07-01T12:05:45.526+0000] {processor.py:840} INFO - DAG(s) 'example_branch_operator' retrieved from /home/airflow/.local/lib/python3.8/site-packages/airflow/example_dags/example_branch_operator.py
[2026-07-01T12:05:45.606+0000] {logging_mixin.py:188} INFO - [2026-07-01T12:05:45.605+0000] {dag.py:3036} INFO - Sync 1 DAGs
[2026-07-01T12:05:45.678+0000] {logging_mixin.py:188} INFO - [2026-07-01T12:05:45.677+0000] {dag.py:3823} INFO - Setting next_dagrun for example_branch_operator to 2026-06-30 00:00:00+00:00, run_after=2026-07-01 00:00:00+00:00
[2026-07-01T12:05:45.748+0000] {processor.py:183} INFO - Processing /home/airflow/.local/lib/python3.8/site-packages/airflow/example_dags/example_branch_operator.py took 0.291 seconds
[2026-07-01T12:06:16.346+0000] {processor.py:161} INFO - Started process (PID=938) to work on /home/airflow/.local/lib/python3.8/site-packages/airflow/example_dags/example_branch_operator.py
[2026-07-01T12:06:16.350+0000] {processor.py:830} INFO - Processing file /home/airflow/.local/lib/python3.8/site-packages/airflow/example_dags/example_branch_operator.py for tasks to queue
[2026-07-01T12:06:16.358+0000] {logging_mixin.py:188} INFO - [2026-07-01T12:06:16.357+0000] {dagbag.py:538} INFO - Filling up the DagBag from /home/airflow/.local/lib/python3.8/site-packages/airflow/example_dags/example_branch_operator.py
[2026-07-01T12:06:16.415+0000] {processor.py:840} INFO - DAG(s) 'example_branch_operator' retrieved from /home/airflow/.local/lib/python3.8/site-packages/airflow/example_dags/example_branch_operator.py
[2026-07-01T12:06:16.488+0000] {logging_mixin.py:188} INFO - [2026-07-01T12:06:16.488+0000] {dag.py:3036} INFO - Sync 1 DAGs
[2026-07-01T12:06:16.559+0000] {logging_mixin.py:188} INFO - [2026-07-01T12:06:16.558+0000] {dag.py:3823} INFO - Setting next_dagrun for example_branch_operator to 2026-06-30 00:00:00+00:00, run_after=2026-07-01 00:00:00+00:00
[2026-07-01T12:06:16.639+0000] {processor.py:183} INFO - Processing /home/airflow/.local/lib/python3.8/site-packages/airflow/example_dags/example_branch_operator.py took 0.307 seconds
[2026-07-01T12:06:46.920+0000] {processor.py:161} INFO - Started process (PID=993) to work on /home/airflow/.local/lib/python3.8/site-packages/airflow/example_dags/example_branch_operator.py
[2026-07-01T12:06:46.923+0000] {processor.py:830} INFO - Processing file /home/airflow/.local/lib/python3.8/site-packages/airflow/example_dags/example_branch_operator.py for tasks to queue
[2026-07-01T12:06:46.930+0000] {logging_mixin.py:188} INFO - [2026-07-01T12:06:46.929+0000] {dagbag.py:538} INFO - Filling up the DagBag from /home/airflow/.local/lib/python3.8/site-packages/airflow/example_dags/example_branch_operator.py
[2026-07-01T12:06:46.979+0000] {processor.py:840} INFO - DAG(s) 'example_branch_operator' retrieved from /home/airflow/.local/lib/python3.8/site-packages/airflow/example_dags/example_branch_operator.py
[2026-07-01T12:06:47.053+0000] {logging_mixin.py:188} INFO - [2026-07-01T12:06:47.053+0000] {dag.py:3036} INFO - Sync 1 DAGs
[2026-07-01T12:06:47.118+0000] {logging_mixin.py:188} INFO - [2026-07-01T12:06:47.117+0000] {dag.py:3823} INFO - Setting next_dagrun for example_branch_operator to 2026-06-30 00:00:00+00:00, run_after=2026-07-01 00:00:00+00:00
[2026-07-01T12:06:47.170+0000] {processor.py:183} INFO - Processing /home/airflow/.local/lib/python3.8/site-packages/airflow/example_dags/example_branch_operator.py took 0.256 seconds
[2026-07-01T12:07:17.263+0000] {processor.py:161} INFO - Started process (PID=1048) to work on /home/airflow/.local/lib/python3.8/site-packages/airflow/example_dags/example_branch_operator.py
[2026-07-01T12:07:17.268+0000] {processor.py:830} INFO - Processing file /home/airflow/.local/lib/python3.8/site-packages/airflow/example_dags/example_branch_operator.py for tasks to queue
[2026-07-01T12:07:17.275+0000] {logging_mixin.py:188} INFO - [2026-07-01T12:07:17.274+0000] {dagbag.py:538} INFO - Filling up the DagBag from /home/airflow/.local/lib/python3.8/site-packages/airflow/example_dags/example_branch_operator.py
[2026-07-01T12:07:17.325+0000] {processor.py:840} INFO - DAG(s) 'example_branch_operator' retrieved from /home/airflow/.local/lib/python3.8/site-packages/airflow/example_dags/example_branch_operator.py
[2026-07-01T12:07:17.399+0000] {logging_mixin.py:188} INFO - [2026-07-01T12:07:17.398+0000] {dag.py:3036} INFO - Sync 1 DAGs
[2026-07-01T12:07:17.464+0000] {logging_mixin.py:188} INFO - [2026-07-01T12:07:17.463+0000] {dag.py:3823} INFO - Setting next_dagrun for example_branch_operator to 2026-06-30 00:00:00+00:00, run_after=2026-07-01 00:00:00+00:00
[2026-07-01T12:07:17.520+0000] {processor.py:183} INFO - Processing /home/airflow/.local/lib/python3.8/site-packages/airflow/example_dags/example_branch_operator.py took 0.266 seconds
[2026-07-01T12:07:47.978+0000] {processor.py:161} INFO - Started process (PID=1104) to work on /home/airflow/.local/lib/python3.8/site-packages/airflow/example_dags/example_branch_operator.py
[2026-07-01T12:07:47.982+0000] {processor.py:830} INFO - Processing file /home/airflow/.local/lib/python3.8/site-packages/airflow/example_dags/example_branch_operator.py for tasks to queue
[2026-07-01T12:07:47.989+0000] {logging_mixin.py:188} INFO - [2026-07-01T12:07:47.987+0000] {dagbag.py:538} INFO - Filling up the DagBag from /home/airflow/.local/lib/python3.8/site-packages/airflow/example_dags/example_branch_operator.py
[2026-07-01T12:07:48.031+0000] {processor.py:840} INFO - DAG(s) 'example_branch_operator' retrieved from /home/airflow/.local/lib/python3.8/site-packages/airflow/example_dags/example_branch_operator.py
[2026-07-01T12:07:48.095+0000] {logging_mixin.py:188} INFO - [2026-07-01T12:07:48.094+0000] {dag.py:3036} INFO - Sync 1 DAGs
[2026-07-01T12:07:48.151+0000] {logging_mixin.py:188} INFO - [2026-07-01T12:07:48.150+0000] {dag.py:3823} INFO - Setting next_dagrun for example_branch_operator to 2026-06-30 00:00:00+00:00, run_after=2026-07-01 00:00:00+00:00
[2026-07-01T12:07:48.209+0000] {processor.py:183} INFO - Processing /home/airflow/.local/lib/python3.8/site-packages/airflow/example_dags/example_branch_operator.py took 0.238 seconds
[2026-07-01T12:08:18.866+0000] {processor.py:161} INFO - Started process (PID=1159) to work on /home/airflow/.local/lib/python3.8/site-packages/airflow/example_dags/example_branch_operator.py
[2026-07-01T12:08:18.869+0000] {processor.py:830} INFO - Processing file /home/airflow/.local/lib/python3.8/site-packages/airflow/example_dags/example_branch_operator.py for tasks to queue
[2026-07-01T12:08:18.875+0000] {logging_mixin.py:188} INFO - [2026-07-01T12:08:18.874+0000] {dagbag.py:538} INFO - Filling up the DagBag from /home/airflow/.local/lib/python3.8/site-packages/airflow/example_dags/example_branch_operator.py
[2026-07-01T12:08:18.923+0000] {processor.py:840} INFO - DAG(s) 'example_branch_operator' retrieved from /home/airflow/.local/lib/python3.8/site-packages/airflow/example_dags/example_branch_operator.py
[2026-07-01T12:08:18.991+0000] {logging_mixin.py:188} INFO - [2026-07-01T12:08:18.990+0000] {dag.py:3036} INFO - Sync 1 DAGs
[2026-07-01T12:08:19.057+0000] {logging_mixin.py:188} INFO - [2026-07-01T12:08:19.056+0000] {dag.py:3823} INFO - Setting next_dagrun for example_branch_operator to 2026-06-30 00:00:00+00:00, run_after=2026-07-01 00:00:00+00:00
[2026-07-01T12:08:19.112+0000] {processor.py:183} INFO - Processing /home/airflow/.local/lib/python3.8/site-packages/airflow/example_dags/example_branch_operator.py took 0.255 seconds
[2026-07-01T12:09:03.366+0000] {processor.py:161} INFO - Started process (PID=99) to work on /home/airflow/.local/lib/python3.8/site-packages/airflow/example_dags/example_branch_operator.py
[2026-07-01T12:09:03.369+0000] {processor.py:830} INFO - Processing file /home/airflow/.local/lib/python3.8/site-packages/airflow/example_dags/example_branch_operator.py for tasks to queue
[2026-07-01T12:09:03.374+0000] {logging_mixin.py:188} INFO - [2026-07-01T12:09:03.373+0000] {dagbag.py:538} INFO - Filling up the DagBag from /home/airflow/.local/lib/python3.8/site-packages/airflow/example_dags/example_branch_operator.py
[2026-07-01T12:09:03.415+0000] {processor.py:840} INFO - DAG(s) 'example_branch_operator' retrieved from /home/airflow/.local/lib/python3.8/site-packages/airflow/example_dags/example_branch_operator.py
[2026-07-01T12:09:03.670+0000] {logging_mixin.py:188} INFO - [2026-07-01T12:09:03.669+0000] {dag.py:3036} INFO - Sync 1 DAGs
[2026-07-01T12:09:03.716+0000] {logging_mixin.py:188} INFO - [2026-07-01T12:09:03.715+0000] {dag.py:3823} INFO - Setting next_dagrun for example_branch_operator to 2026-06-30 00:00:00+00:00, run_after=2026-07-01 00:00:00+00:00
[2026-07-01T12:09:03.770+0000] {processor.py:183} INFO - Processing /home/airflow/.local/lib/python3.8/site-packages/airflow/example_dags/example_branch_operator.py took 0.413 seconds
[2026-07-01T12:09:33.934+0000] {processor.py:161} INFO - Started process (PID=155) to work on /home/airflow/.local/lib/python3.8/site-packages/airflow/example_dags/example_branch_operator.py
[2026-07-01T12:09:33.939+0000] {processor.py:830} INFO - Processing file /home/airflow/.local/lib/python3.8/site-packages/airflow/example_dags/example_branch_operator.py for tasks to queue
[2026-07-01T12:09:33.944+0000] {logging_mixin.py:188} INFO - [2026-07-01T12:09:33.944+0000] {dagbag.py:538} INFO - Filling up the DagBag from /home/airflow/.local/lib/python3.8/site-packages/airflow/example_dags/example_branch_operator.py
[2026-07-01T12:09:33.988+0000] {processor.py:840} INFO - DAG(s) 'example_branch_operator' retrieved from /home/airflow/.local/lib/python3.8/site-packages/airflow/example_dags/example_branch_operator.py
[2026-07-01T12:09:34.064+0000] {logging_mixin.py:188} INFO - [2026-07-01T12:09:34.063+0000] {dag.py:3036} INFO - Sync 1 DAGs
[2026-07-01T12:09:34.141+0000] {logging_mixin.py:188} INFO - [2026-07-01T12:09:34.140+0000] {dag.py:3823} INFO - Setting next_dagrun for example_branch_operator to 2026-06-30 00:00:00+00:00, run_after=2026-07-01 00:00:00+00:00
[2026-07-01T12:09:34.215+0000] {processor.py:183} INFO - Processing /home/airflow/.local/lib/python3.8/site-packages/airflow/example_dags/example_branch_operator.py took 0.290 seconds
[2026-07-01T12:10:04.551+0000] {processor.py:161} INFO - Started process (PID=212) to work on /home/airflow/.local/lib/python3.8/site-packages/airflow/example_dags/example_branch_operator.py
[2026-07-01T12:10:04.557+0000] {processor.py:830} INFO - Processing file /home/airflow/.local/lib/python3.8/site-packages/airflow/example_dags/example_branch_operator.py for tasks to queue
[2026-07-01T12:10:04.569+0000] {logging_mixin.py:188} INFO - [2026-07-01T12:10:04.568+0000] {dagbag.py:538} INFO - Filling up the DagBag from /home/airflow/.local/lib/python3.8/site-packages/airflow/example_dags/example_branch_operator.py
[2026-07-01T12:10:04.649+0000] {processor.py:840} INFO - DAG(s) 'example_branch_operator' retrieved from /home/airflow/.local/lib/python3.8/site-packages/airflow/example_dags/example_branch_operator.py
[2026-07-01T12:10:04.843+0000] {logging_mixin.py:188} INFO - [2026-07-01T12:10:04.840+0000] {dag.py:3036} INFO - Sync 1 DAGs
[2026-07-01T12:10:04.955+0000] {logging_mixin.py:188} INFO - [2026-07-01T12:10:04.954+0000] {dag.py:3823} INFO - Setting next_dagrun for example_branch_operator to 2026-06-30 00:00:00+00:00, run_after=2026-07-01 00:00:00+00:00
[2026-07-01T12:10:05.019+0000] {processor.py:183} INFO - Processing /home/airflow/.local/lib/python3.8/site-packages/airflow/example_dags/example_branch_operator.py took 0.486 seconds
[2026-07-01T12:10:35.143+0000] {processor.py:161} INFO - Started process (PID=268) to work on /home/airflow/.local/lib/python3.8/site-packages/airflow/example_dags/example_branch_operator.py
[2026-07-01T12:10:35.146+0000] {processor.py:830} INFO - Processing file /home/airflow/.local/lib/python3.8/site-packages/airflow/example_dags/example_branch_operator.py for tasks to queue
[2026-07-01T12:10:35.152+0000] {logging_mixin.py:188} INFO - [2026-07-01T12:10:35.151+0000] {dagbag.py:538} INFO - Filling up the DagBag from /home/airflow/.local/lib/python3.8/site-packages/airflow/example_dags/example_branch_operator.py
[2026-07-01T12:10:35.198+0000] {processor.py:840} INFO - DAG(s) 'example_branch_operator' retrieved from /home/airflow/.local/lib/python3.8/site-packages/airflow/example_dags/example_branch_operator.py
[2026-07-01T12:10:35.258+0000] {logging_mixin.py:188} INFO - [2026-07-01T12:10:35.257+0000] {dag.py:3036} INFO - Sync 1 DAGs
[2026-07-01T12:10:35.314+0000] {logging_mixin.py:188} INFO - [2026-07-01T12:10:35.314+0000] {dag.py:3823} INFO - Setting next_dagrun for example_branch_operator to 2026-06-30 00:00:00+00:00, run_after=2026-07-01 00:00:00+00:00
[2026-07-01T12:10:35.359+0000] {processor.py:183} INFO - Processing /home/airflow/.local/lib/python3.8/site-packages/airflow/example_dags/example_branch_operator.py took 0.226 seconds
[2026-07-01T12:11:06.219+0000] {processor.py:161} INFO - Started process (PID=329) to work on /home/airflow/.local/lib/python3.8/site-packages/airflow/example_dags/example_branch_operator.py
[2026-07-01T12:11:06.222+0000] {processor.py:830} INFO - Processing file /home/airflow/.local/lib/python3.8/site-packages/airflow/example_dags/example_branch_operator.py for tasks to queue
[2026-07-01T12:11:06.227+0000] {logging_mixin.py:188} INFO - [2026-07-01T12:11:06.226+0000] {dagbag.py:538} INFO - Filling up the DagBag from /home/airflow/.local/lib/python3.8/site-packages/airflow/example_dags/example_branch_operator.py
[2026-07-01T12:11:06.270+0000] {processor.py:840} INFO - DAG(s) 'example_branch_operator' retrieved from /home/airflow/.local/lib/python3.8/site-packages/airflow/example_dags/example_branch_operator.py
[2026-07-01T12:11:06.339+0000] {logging_mixin.py:188} INFO - [2026-07-01T12:11:06.339+0000] {dag.py:3036} INFO - Sync 1 DAGs
[2026-07-01T12:11:06.399+0000] {logging_mixin.py:188} INFO - [2026-07-01T12:11:06.398+0000] {dag.py:3823} INFO - Setting next_dagrun for example_branch_operator to 2026-06-30 00:00:00+00:00, run_after=2026-07-01 00:00:00+00:00
[2026-07-01T12:11:06.455+0000] {processor.py:183} INFO - Processing /home/airflow/.local/lib/python3.8/site-packages/airflow/example_dags/example_branch_operator.py took 0.244 seconds
[2026-07-01T12:11:37.468+0000] {processor.py:161} INFO - Started process (PID=385) to work on /home/airflow/.local/lib/python3.8/site-packages/airflow/example_dags/example_branch_operator.py
[2026-07-01T12:11:37.471+0000] {processor.py:830} INFO - Processing file /home/airflow/.local/lib/python3.8/site-packages/airflow/example_dags/example_branch_operator.py for tasks to queue
[2026-07-01T12:11:37.477+0000] {logging_mixin.py:188} INFO - [2026-07-01T12:11:37.476+0000] {dagbag.py:538} INFO - Filling up the DagBag from /home/airflow/.local/lib/python3.8/site-packages/airflow/example_dags/example_branch_operator.py
[2026-07-01T12:11:37.519+0000] {processor.py:840} INFO - DAG(s) 'example_branch_operator' retrieved from /home/airflow/.local/lib/python3.8/site-packages/airflow/example_dags/example_branch_operator.py
[2026-07-01T12:11:37.585+0000] {logging_mixin.py:188} INFO - [2026-07-01T12:11:37.584+0000] {dag.py:3036} INFO - Sync 1 DAGs
[2026-07-01T12:11:37.681+0000] {logging_mixin.py:188} INFO - [2026-07-01T12:11:37.680+0000] {dag.py:3823} INFO - Setting next_dagrun for example_branch_operator to 2026-06-30 00:00:00+00:00, run_after=2026-07-01 00:00:00+00:00
[2026-07-01T12:11:37.769+0000] {processor.py:183} INFO - Processing /home/airflow/.local/lib/python3.8/site-packages/airflow/example_dags/example_branch_operator.py took 0.309 seconds
[2026-07-01T12:12:07.895+0000] {processor.py:161} INFO - Started process (PID=441) to work on /home/airflow/.local/lib/python3.8/site-packages/airflow/example_dags/example_branch_operator.py
[2026-07-01T12:12:07.899+0000] {processor.py:830} INFO - Processing file /home/airflow/.local/lib/python3.8/site-packages/airflow/example_dags/example_branch_operator.py for tasks to queue
[2026-07-01T12:12:07.904+0000] {logging_mixin.py:188} INFO - [2026-07-01T12:12:07.903+0000] {dagbag.py:538} INFO - Filling up the DagBag from /home/airflow/.local/lib/python3.8/site-packages/airflow/example_dags/example_branch_operator.py
[2026-07-01T12:12:07.939+0000] {processor.py:840} INFO - DAG(s) 'example_branch_operator' retrieved from /home/airflow/.local/lib/python3.8/site-packages/airflow/example_dags/example_branch_operator.py
[2026-07-01T12:12:07.995+0000] {logging_mixin.py:188} INFO - [2026-07-01T12:12:07.995+0000] {dag.py:3036} INFO - Sync 1 DAGs
[2026-07-01T12:12:08.041+0000] {logging_mixin.py:188} INFO - [2026-07-01T12:12:08.040+0000] {dag.py:3823} INFO - Setting next_dagrun for example_branch_operator to 2026-06-30 00:00:00+00:00, run_after=2026-07-01 00:00:00+00:00
[2026-07-01T12:12:08.077+0000] {processor.py:183} INFO - Processing /home/airflow/.local/lib/python3.8/site-packages/airflow/example_dags/example_branch_operator.py took 0.191 seconds
[2026-07-01T12:12:38.971+0000] {processor.py:161} INFO - Started process (PID=497) to work on /home/airflow/.local/lib/python3.8/site-packages/airflow/example_dags/example_branch_operator.py
[2026-07-01T12:12:38.975+0000] {processor.py:830} INFO - Processing file /home/airflow/.local/lib/python3.8/site-packages/airflow/example_dags/example_branch_operator.py for tasks to queue
[2026-07-01T12:12:38.982+0000] {logging_mixin.py:188} INFO - [2026-07-01T12:12:38.981+0000] {dagbag.py:538} INFO - Filling up the DagBag from /home/airflow/.local/lib/python3.8/site-packages/airflow/example_dags/example_branch_operator.py
[2026-07-01T12:12:39.030+0000] {processor.py:840} INFO - DAG(s) 'example_branch_operator' retrieved from /home/airflow/.local/lib/python3.8/site-packages/airflow/example_dags/example_branch_operator.py
[2026-07-01T12:12:39.097+0000] {logging_mixin.py:188} INFO - [2026-07-01T12:12:39.096+0000] {dag.py:3036} INFO - Sync 1 DAGs
[2026-07-01T12:12:39.152+0000] {logging_mixin.py:188} INFO - [2026-07-01T12:12:39.152+0000] {dag.py:3823} INFO - Setting next_dagrun for example_branch_operator to 2026-06-30 00:00:00+00:00, run_after=2026-07-01 00:00:00+00:00
[2026-07-01T12:12:39.201+0000] {processor.py:183} INFO - Processing /home/airflow/.local/lib/python3.8/site-packages/airflow/example_dags/example_branch_operator.py took 0.245 seconds
[2026-07-01T12:13:10.290+0000] {processor.py:161} INFO - Started process (PID=553) to work on /home/airflow/.local/lib/python3.8/site-packages/airflow/example_dags/example_branch_operator.py
[2026-07-01T12:13:10.293+0000] {processor.py:830} INFO - Processing file /home/airflow/.local/lib/python3.8/site-packages/airflow/example_dags/example_branch_operator.py for tasks to queue
[2026-07-01T12:13:10.300+0000] {logging_mixin.py:188} INFO - [2026-07-01T12:13:10.299+0000] {dagbag.py:538} INFO - Filling up the DagBag from /home/airflow/.local/lib/python3.8/site-packages/airflow/example_dags/example_branch_operator.py
[2026-07-01T12:13:10.347+0000] {processor.py:840} INFO - DAG(s) 'example_branch_operator' retrieved from /home/airflow/.local/lib/python3.8/site-packages/airflow/example_dags/example_branch_operator.py
[2026-07-01T12:13:10.413+0000] {logging_mixin.py:188} INFO - [2026-07-01T12:13:10.413+0000] {dag.py:3036} INFO - Sync 1 DAGs
[2026-07-01T12:13:10.471+0000] {logging_mixin.py:188} INFO - [2026-07-01T12:13:10.471+0000] {dag.py:3823} INFO - Setting next_dagrun for example_branch_operator to 2026-06-30 00:00:00+00:00, run_after=2026-07-01 00:00:00+00:00
[2026-07-01T12:13:10.516+0000] {processor.py:183} INFO - Processing /home/airflow/.local/lib/python3.8/site-packages/airflow/example_dags/example_branch_operator.py took 0.235 seconds
[2026-07-01T12:13:40.892+0000] {processor.py:161} INFO - Started process (PID=609) to work on /home/airflow/.local/lib/python3.8/site-packages/airflow/example_dags/example_branch_operator.py
[2026-07-01T12:13:40.896+0000] {processor.py:830} INFO - Processing file /home/airflow/.local/lib/python3.8/site-packages/airflow/example_dags/example_branch_operator.py for tasks to queue
[2026-07-01T12:13:40.906+0000] {logging_mixin.py:188} INFO - [2026-07-01T12:13:40.905+0000] {dagbag.py:538} INFO - Filling up the DagBag from /home/airflow/.local/lib/python3.8/site-packages/airflow/example_dags/example_branch_operator.py
[2026-07-01T12:13:40.971+0000] {processor.py:840} INFO - DAG(s) 'example_branch_operator' retrieved from /home/airflow/.local/lib/python3.8/site-packages/airflow/example_dags/example_branch_operator.py
[2026-07-01T12:13:41.046+0000] {logging_mixin.py:188} INFO - [2026-07-01T12:13:41.045+0000] {dag.py:3036} INFO - Sync 1 DAGs
[2026-07-01T12:13:41.111+0000] {logging_mixin.py:188} INFO - [2026-07-01T12:13:41.110+0000] {dag.py:3823} INFO - Setting next_dagrun for example_branch_operator to 2026-06-30 00:00:00+00:00, run_after=2026-07-01 00:00:00+00:00
[2026-07-01T12:13:41.158+0000] {processor.py:183} INFO - Processing /home/airflow/.local/lib/python3.8/site-packages/airflow/example_dags/example_branch_operator.py took 0.284 seconds
[2026-07-01T12:14:11.418+0000] {processor.py:161} INFO - Started process (PID=665) to work on /home/airflow/.local/lib/python3.8/site-packages/airflow/example_dags/example_branch_operator.py
[2026-07-01T12:14:11.421+0000] {processor.py:830} INFO - Processing file /home/airflow/.local/lib/python3.8/site-packages/airflow/example_dags/example_branch_operator.py for tasks to queue
[2026-07-01T12:14:11.428+0000] {logging_mixin.py:188} INFO - [2026-07-01T12:14:11.427+0000] {dagbag.py:538} INFO - Filling up the DagBag from /home/airflow/.local/lib/python3.8/site-packages/airflow/example_dags/example_branch_operator.py
[2026-07-01T12:14:11.474+0000] {processor.py:840} INFO - DAG(s) 'example_branch_operator' retrieved from /home/airflow/.local/lib/python3.8/site-packages/airflow/example_dags/example_branch_operator.py
[2026-07-01T12:14:11.544+0000] {logging_mixin.py:188} INFO - [2026-07-01T12:14:11.543+0000] {dag.py:3036} INFO - Sync 1 DAGs
[2026-07-01T12:14:11.601+0000] {logging_mixin.py:188} INFO - [2026-07-01T12:14:11.601+0000] {dag.py:3823} INFO - Setting next_dagrun for example_branch_operator to 2026-06-30 00:00:00+00:00, run_after=2026-07-01 00:00:00+00:00
[2026-07-01T12:14:11.649+0000] {processor.py:183} INFO - Processing /home/airflow/.local/lib/python3.8/site-packages/airflow/example_dags/example_branch_operator.py took 0.240 seconds
[2026-07-01T12:14:41.834+0000] {processor.py:161} INFO - Started process (PID=721) to work on /home/airflow/.local/lib/python3.8/site-packages/airflow/example_dags/example_branch_operator.py
[2026-07-01T12:14:41.837+0000] {processor.py:830} INFO - Processing file /home/airflow/.local/lib/python3.8/site-packages/airflow/example_dags/example_branch_operator.py for tasks to queue
[2026-07-01T12:14:41.843+0000] {logging_mixin.py:188} INFO - [2026-07-01T12:14:41.843+0000] {dagbag.py:538} INFO - Filling up the DagBag from /home/airflow/.local/lib/python3.8/site-packages/airflow/example_dags/example_branch_operator.py
[2026-07-01T12:14:41.884+0000] {processor.py:840} INFO - DAG(s) 'example_branch_operator' retrieved from /home/airflow/.local/lib/python3.8/site-packages/airflow/example_dags/example_branch_operator.py
[2026-07-01T12:14:41.943+0000] {logging_mixin.py:188} INFO - [2026-07-01T12:14:41.942+0000] {dag.py:3036} INFO - Sync 1 DAGs
[2026-07-01T12:14:41.994+0000] {logging_mixin.py:188} INFO - [2026-07-01T12:14:41.993+0000] {dag.py:3823} INFO - Setting next_dagrun for example_branch_operator to 2026-06-30 00:00:00+00:00, run_after=2026-07-01 00:00:00+00:00
[2026-07-01T12:14:42.035+0000] {processor.py:183} INFO - Processing /home/airflow/.local/lib/python3.8/site-packages/airflow/example_dags/example_branch_operator.py took 0.210 seconds
[2026-07-01T12:15:12.629+0000] {processor.py:161} INFO - Started process (PID=778) to work on /home/airflow/.local/lib/python3.8/site-packages/airflow/example_dags/example_branch_operator.py
[2026-07-01T12:15:12.633+0000] {processor.py:830} INFO - Processing file /home/airflow/.local/lib/python3.8/site-packages/airflow/example_dags/example_branch_operator.py for tasks to queue
[2026-07-01T12:15:12.640+0000] {logging_mixin.py:188} INFO - [2026-07-01T12:15:12.639+0000] {dagbag.py:538} INFO - Filling up the DagBag from /home/airflow/.local/lib/python3.8/site-packages/airflow/example_dags/example_branch_operator.py
[2026-07-01T12:15:12.693+0000] {processor.py:840} INFO - DAG(s) 'example_branch_operator' retrieved from /home/airflow/.local/lib/python3.8/site-packages/airflow/example_dags/example_branch_operator.py
[2026-07-01T12:15:12.773+0000] {logging_mixin.py:188} INFO - [2026-07-01T12:15:12.772+0000] {dag.py:3036} INFO - Sync 1 DAGs
[2026-07-01T12:15:12.828+0000] {logging_mixin.py:188} INFO - [2026-07-01T12:15:12.828+0000] {dag.py:3823} INFO - Setting next_dagrun for example_branch_operator to 2026-06-30 00:00:00+00:00, run_after=2026-07-01 00:00:00+00:00
[2026-07-01T12:15:12.866+0000] {processor.py:183} INFO - Processing /home/airflow/.local/lib/python3.8/site-packages/airflow/example_dags/example_branch_operator.py took 0.245 seconds
[2026-07-01T12:15:43.169+0000] {processor.py:161} INFO - Started process (PID=834) to work on /home/airflow/.local/lib/python3.8/site-packages/airflow/example_dags/example_branch_operator.py
[2026-07-01T12:15:43.173+0000] {processor.py:830} INFO - Processing file /home/airflow/.local/lib/python3.8/site-packages/airflow/example_dags/example_branch_operator.py for tasks to queue
[2026-07-01T12:15:43.180+0000] {logging_mixin.py:188} INFO - [2026-07-01T12:15:43.179+0000] {dagbag.py:538} INFO - Filling up the DagBag from /home/airflow/.local/lib/python3.8/site-packages/airflow/example_dags/example_branch_operator.py
[2026-07-01T12:15:43.224+0000] {processor.py:840} INFO - DAG(s) 'example_branch_operator' retrieved from /home/airflow/.local/lib/python3.8/site-packages/airflow/example_dags/example_branch_operator.py
[2026-07-01T12:15:43.289+0000] {logging_mixin.py:188} INFO - [2026-07-01T12:15:43.288+0000] {dag.py:3036} INFO - Sync 1 DAGs
[2026-07-01T12:15:43.342+0000] {logging_mixin.py:188} INFO - [2026-07-01T12:15:43.341+0000] {dag.py:3823} INFO - Setting next_dagrun for example_branch_operator to 2026-06-30 00:00:00+00:00, run_after=2026-07-01 00:00:00+00:00
[2026-07-01T12:15:43.383+0000] {processor.py:183} INFO - Processing /home/airflow/.local/lib/python3.8/site-packages/airflow/example_dags/example_branch_operator.py took 0.225 seconds
[2026-07-01T12:16:14.333+0000] {processor.py:161} INFO - Started process (PID=890) to work on /home/airflow/.local/lib/python3.8/site-packages/airflow/example_dags/example_branch_operator.py
[2026-07-01T12:16:14.337+0000] {processor.py:830} INFO - Processing file /home/airflow/.local/lib/python3.8/site-packages/airflow/example_dags/example_branch_operator.py for tasks to queue
[2026-07-01T12:16:14.345+0000] {logging_mixin.py:188} INFO - [2026-07-01T12:16:14.344+0000] {dagbag.py:538} INFO - Filling up the DagBag from /home/airflow/.local/lib/python3.8/site-packages/airflow/example_dags/example_branch_operator.py
[2026-07-01T12:16:14.412+0000] {processor.py:840} INFO - DAG(s) 'example_branch_operator' retrieved from /home/airflow/.local/lib/python3.8/site-packages/airflow/example_dags/example_branch_operator.py
[2026-07-01T12:16:14.519+0000] {logging_mixin.py:188} INFO - [2026-07-01T12:16:14.518+0000] {dag.py:3036} INFO - Sync 1 DAGs
[2026-07-01T12:16:14.603+0000] {logging_mixin.py:188} INFO - [2026-07-01T12:16:14.603+0000] {dag.py:3823} INFO - Setting next_dagrun for example_branch_operator to 2026-06-30 00:00:00+00:00, run_after=2026-07-01 00:00:00+00:00
[2026-07-01T12:16:14.676+0000] {processor.py:183} INFO - Processing /home/airflow/.local/lib/python3.8/site-packages/airflow/example_dags/example_branch_operator.py took 0.357 seconds
[2026-07-01T12:16:45.620+0000] {processor.py:161} INFO - Started process (PID=946) to work on /home/airflow/.local/lib/python3.8/site-packages/airflow/example_dags/example_branch_operator.py
[2026-07-01T12:16:45.627+0000] {processor.py:830} INFO - Processing file /home/airflow/.local/lib/python3.8/site-packages/airflow/example_dags/example_branch_operator.py for tasks to queue
[2026-07-01T12:16:45.633+0000] {logging_mixin.py:188} INFO - [2026-07-01T12:16:45.632+0000] {dagbag.py:538} INFO - Filling up the DagBag from /home/airflow/.local/lib/python3.8/site-packages/airflow/example_dags/example_branch_operator.py
[2026-07-01T12:16:45.683+0000] {processor.py:840} INFO - DAG(s) 'example_branch_operator' retrieved from /home/airflow/.local/lib/python3.8/site-packages/airflow/example_dags/example_branch_operator.py
[2026-07-01T12:16:45.779+0000] {logging_mixin.py:188} INFO - [2026-07-01T12:16:45.778+0000] {dag.py:3036} INFO - Sync 1 DAGs
[2026-07-01T12:16:45.847+0000] {logging_mixin.py:188} INFO - [2026-07-01T12:16:45.846+0000] {dag.py:3823} INFO - Setting next_dagrun for example_branch_operator to 2026-06-30 00:00:00+00:00, run_after=2026-07-01 00:00:00+00:00
[2026-07-01T12:16:45.890+0000] {processor.py:183} INFO - Processing /home/airflow/.local/lib/python3.8/site-packages/airflow/example_dags/example_branch_operator.py took 0.282 seconds
[2026-07-01T12:17:16.074+0000] {processor.py:161} INFO - Started process (PID=1002) to work on /home/airflow/.local/lib/python3.8/site-packages/airflow/example_dags/example_branch_operator.py
[2026-07-01T12:17:16.077+0000] {processor.py:830} INFO - Processing file /home/airflow/.local/lib/python3.8/site-packages/airflow/example_dags/example_branch_operator.py for tasks to queue
[2026-07-01T12:17:16.083+0000] {logging_mixin.py:188} INFO - [2026-07-01T12:17:16.083+0000] {dagbag.py:538} INFO - Filling up the DagBag from /home/airflow/.local/lib/python3.8/site-packages/airflow/example_dags/example_branch_operator.py
[2026-07-01T12:17:16.125+0000] {processor.py:840} INFO - DAG(s) 'example_branch_operator' retrieved from /home/airflow/.local/lib/python3.8/site-packages/airflow/example_dags/example_branch_operator.py
[2026-07-01T12:17:16.194+0000] {logging_mixin.py:188} INFO - [2026-07-01T12:17:16.194+0000] {dag.py:3036} INFO - Sync 1 DAGs
[2026-07-01T12:17:16.258+0000] {logging_mixin.py:188} INFO - [2026-07-01T12:17:16.257+0000] {dag.py:3823} INFO - Setting next_dagrun for example_branch_operator to 2026-06-30 00:00:00+00:00, run_after=2026-07-01 00:00:00+00:00
[2026-07-01T12:17:16.302+0000] {processor.py:183} INFO - Processing /home/airflow/.local/lib/python3.8/site-packages/airflow/example_dags/example_branch_operator.py took 0.237 seconds
[2026-07-01T12:17:47.074+0000] {processor.py:161} INFO - Started process (PID=1058) to work on /home/airflow/.local/lib/python3.8/site-packages/airflow/example_dags/example_branch_operator.py
[2026-07-01T12:17:47.078+0000] {processor.py:830} INFO - Processing file /home/airflow/.local/lib/python3.8/site-packages/airflow/example_dags/example_branch_operator.py for tasks to queue
[2026-07-01T12:17:47.086+0000] {logging_mixin.py:188} INFO - [2026-07-01T12:17:47.085+0000] {dagbag.py:538} INFO - Filling up the DagBag from /home/airflow/.local/lib/python3.8/site-packages/airflow/example_dags/example_branch_operator.py
[2026-07-01T12:17:47.192+0000] {processor.py:840} INFO - DAG(s) 'example_branch_operator' retrieved from /home/airflow/.local/lib/python3.8/site-packages/airflow/example_dags/example_branch_operator.py
[2026-07-01T12:17:47.325+0000] {logging_mixin.py:188} INFO - [2026-07-01T12:17:47.325+0000] {dag.py:3036} INFO - Sync 1 DAGs
[2026-07-01T12:17:47.428+0000] {logging_mixin.py:188} INFO - [2026-07-01T12:17:47.428+0000] {dag.py:3823} INFO - Setting next_dagrun for example_branch_operator to 2026-06-30 00:00:00+00:00, run_after=2026-07-01 00:00:00+00:00
[2026-07-01T12:17:47.496+0000] {processor.py:183} INFO - Processing /home/airflow/.local/lib/python3.8/site-packages/airflow/example_dags/example_branch_operator.py took 0.433 seconds
[2026-07-01T12:18:17.918+0000] {processor.py:161} INFO - Started process (PID=1114) to work on /home/airflow/.local/lib/python3.8/site-packages/airflow/example_dags/example_branch_operator.py
[2026-07-01T12:18:17.927+0000] {processor.py:830} INFO - Processing file /home/airflow/.local/lib/python3.8/site-packages/airflow/example_dags/example_branch_operator.py for tasks to queue
[2026-07-01T12:18:17.939+0000] {logging_mixin.py:188} INFO - [2026-07-01T12:18:17.936+0000] {dagbag.py:538} INFO - Filling up the DagBag from /home/airflow/.local/lib/python3.8/site-packages/airflow/example_dags/example_branch_operator.py
[2026-07-01T12:18:17.998+0000] {processor.py:840} INFO - DAG(s) 'example_branch_operator' retrieved from /home/airflow/.local/lib/python3.8/site-packages/airflow/example_dags/example_branch_operator.py
[2026-07-01T12:18:18.080+0000] {logging_mixin.py:188} INFO - [2026-07-01T12:18:18.079+0000] {dag.py:3036} INFO - Sync 1 DAGs
[2026-07-01T12:18:18.156+0000] {logging_mixin.py:188} INFO - [2026-07-01T12:18:18.156+0000] {dag.py:3823} INFO - Setting next_dagrun for example_branch_operator to 2026-06-30 00:00:00+00:00, run_after=2026-07-01 00:00:00+00:00
[2026-07-01T12:18:18.208+0000] {processor.py:183} INFO - Processing /home/airflow/.local/lib/python3.8/site-packages/airflow/example_dags/example_branch_operator.py took 0.315 seconds
[2026-07-01T12:18:49.026+0000] {processor.py:161} INFO - Started process (PID=1170) to work on /home/airflow/.local/lib/python3.8/site-packages/airflow/example_dags/example_branch_operator.py
[2026-07-01T12:18:49.029+0000] {processor.py:830} INFO - Processing file /home/airflow/.local/lib/python3.8/site-packages/airflow/example_dags/example_branch_operator.py for tasks to queue
[2026-07-01T12:18:49.035+0000] {logging_mixin.py:188} INFO - [2026-07-01T12:18:49.034+0000] {dagbag.py:538} INFO - Filling up the DagBag from /home/airflow/.local/lib/python3.8/site-packages/airflow/example_dags/example_branch_operator.py
[2026-07-01T12:18:49.082+0000] {processor.py:840} INFO - DAG(s) 'example_branch_operator' retrieved from /home/airflow/.local/lib/python3.8/site-packages/airflow/example_dags/example_branch_operator.py
[2026-07-01T12:18:49.178+0000] {logging_mixin.py:188} INFO - [2026-07-01T12:18:49.177+0000] {dag.py:3036} INFO - Sync 1 DAGs
[2026-07-01T12:18:49.247+0000] {logging_mixin.py:188} INFO - [2026-07-01T12:18:49.246+0000] {dag.py:3823} INFO - Setting next_dagrun for example_branch_operator to 2026-06-30 00:00:00+00:00, run_after=2026-07-01 00:00:00+00:00
[2026-07-01T12:18:49.294+0000] {processor.py:183} INFO - Processing /home/airflow/.local/lib/python3.8/site-packages/airflow/example_dags/example_branch_operator.py took 0.278 seconds
[2026-07-01T12:19:19.432+0000] {processor.py:161} INFO - Started process (PID=1226) to work on /home/airflow/.local/lib/python3.8/site-packages/airflow/example_dags/example_branch_operator.py
[2026-07-01T12:19:19.436+0000] {processor.py:830} INFO - Processing file /home/airflow/.local/lib/python3.8/site-packages/airflow/example_dags/example_branch_operator.py for tasks to queue
[2026-07-01T12:19:19.443+0000] {logging_mixin.py:188} INFO - [2026-07-01T12:19:19.442+0000] {dagbag.py:538} INFO - Filling up the DagBag from /home/airflow/.local/lib/python3.8/site-packages/airflow/example_dags/example_branch_operator.py
[2026-07-01T12:19:19.520+0000] {processor.py:840} INFO - DAG(s) 'example_branch_operator' retrieved from /home/airflow/.local/lib/python3.8/site-packages/airflow/example_dags/example_branch_operator.py
[2026-07-01T12:19:19.601+0000] {logging_mixin.py:188} INFO - [2026-07-01T12:19:19.601+0000] {dag.py:3036} INFO - Sync 1 DAGs
[2026-07-01T12:19:19.668+0000] {logging_mixin.py:188} INFO - [2026-07-01T12:19:19.667+0000] {dag.py:3823} INFO - Setting next_dagrun for example_branch_operator to 2026-06-30 00:00:00+00:00, run_after=2026-07-01 00:00:00+00:00
[2026-07-01T12:19:19.715+0000] {processor.py:183} INFO - Processing /home/airflow/.local/lib/python3.8/site-packages/airflow/example_dags/example_branch_operator.py took 0.290 seconds
[2026-07-01T12:19:54.462+0000] {processor.py:161} INFO - Started process (PID=1282) to work on /home/airflow/.local/lib/python3.8/site-packages/airflow/example_dags/example_branch_operator.py
[2026-07-01T12:19:54.495+0000] {processor.py:830} INFO - Processing file /home/airflow/.local/lib/python3.8/site-packages/airflow/example_dags/example_branch_operator.py for tasks to queue
[2026-07-01T12:19:54.560+0000] {logging_mixin.py:188} INFO - [2026-07-01T12:19:54.530+0000] {dagbag.py:538} INFO - Filling up the DagBag from /home/airflow/.local/lib/python3.8/site-packages/airflow/example_dags/example_branch_operator.py
[2026-07-01T12:19:54.682+0000] {processor.py:840} INFO - DAG(s) 'example_branch_operator' retrieved from /home/airflow/.local/lib/python3.8/site-packages/airflow/example_dags/example_branch_operator.py
[2026-07-01T12:19:54.757+0000] {logging_mixin.py:188} INFO - [2026-07-01T12:19:54.756+0000] {dag.py:3036} INFO - Sync 1 DAGs
[2026-07-01T12:19:54.855+0000] {logging_mixin.py:188} INFO - [2026-07-01T12:19:54.855+0000] {dag.py:3823} INFO - Setting next_dagrun for example_branch_operator to 2026-06-30 00:00:00+00:00, run_after=2026-07-01 00:00:00+00:00
[2026-07-01T12:19:55.016+0000] {processor.py:183} INFO - Processing /home/airflow/.local/lib/python3.8/site-packages/airflow/example_dags/example_branch_operator.py took 0.598 seconds
[2026-07-01T12:20:26.186+0000] {processor.py:161} INFO - Started process (PID=1337) to work on /home/airflow/.local/lib/python3.8/site-packages/airflow/example_dags/example_branch_operator.py
[2026-07-01T12:20:26.192+0000] {processor.py:830} INFO - Processing file /home/airflow/.local/lib/python3.8/site-packages/airflow/example_dags/example_branch_operator.py for tasks to queue
[2026-07-01T12:20:26.199+0000] {logging_mixin.py:188} INFO - [2026-07-01T12:20:26.198+0000] {dagbag.py:538} INFO - Filling up the DagBag from /home/airflow/.local/lib/python3.8/site-packages/airflow/example_dags/example_branch_operator.py
[2026-07-01T12:20:26.287+0000] {processor.py:840} INFO - DAG(s) 'example_branch_operator' retrieved from /home/airflow/.local/lib/python3.8/site-packages/airflow/example_dags/example_branch_operator.py
[2026-07-01T12:20:26.353+0000] {logging_mixin.py:188} INFO - [2026-07-01T12:20:26.351+0000] {dag.py:3036} INFO - Sync 1 DAGs
[2026-07-01T12:20:26.450+0000] {logging_mixin.py:188} INFO - [2026-07-01T12:20:26.449+0000] {dag.py:3823} INFO - Setting next_dagrun for example_branch_operator to 2026-06-30 00:00:00+00:00, run_after=2026-07-01 00:00:00+00:00
[2026-07-01T12:20:26.516+0000] {processor.py:183} INFO - Processing /home/airflow/.local/lib/python3.8/site-packages/airflow/example_dags/example_branch_operator.py took 0.343 seconds
[2026-07-01T12:20:57.650+0000] {processor.py:161} INFO - Started process (PID=1393) to work on /home/airflow/.local/lib/python3.8/site-packages/airflow/example_dags/example_branch_operator.py
[2026-07-01T12:20:57.654+0000] {processor.py:830} INFO - Processing file /home/airflow/.local/lib/python3.8/site-packages/airflow/example_dags/example_branch_operator.py for tasks to queue
[2026-07-01T12:20:57.660+0000] {logging_mixin.py:188} INFO - [2026-07-01T12:20:57.659+0000] {dagbag.py:538} INFO - Filling up the DagBag from /home/airflow/.local/lib/python3.8/site-packages/airflow/example_dags/example_branch_operator.py
[2026-07-01T12:20:57.714+0000] {processor.py:840} INFO - DAG(s) 'example_branch_operator' retrieved from /home/airflow/.local/lib/python3.8/site-packages/airflow/example_dags/example_branch_operator.py
[2026-07-01T12:20:58.000+0000] {logging_mixin.py:188} INFO - [2026-07-01T12:20:58.000+0000] {dag.py:3036} INFO - Sync 1 DAGs
[2026-07-01T12:20:58.065+0000] {logging_mixin.py:188} INFO - [2026-07-01T12:20:58.065+0000] {dag.py:3823} INFO - Setting next_dagrun for example_branch_operator to 2026-06-30 00:00:00+00:00, run_after=2026-07-01 00:00:00+00:00
[2026-07-01T12:20:58.136+0000] {processor.py:183} INFO - Processing /home/airflow/.local/lib/python3.8/site-packages/airflow/example_dags/example_branch_operator.py took 0.496 seconds
[2026-07-01T12:21:29.418+0000] {processor.py:161} INFO - Started process (PID=1449) to work on /home/airflow/.local/lib/python3.8/site-packages/airflow/example_dags/example_branch_operator.py
[2026-07-01T12:21:29.459+0000] {processor.py:830} INFO - Processing file /home/airflow/.local/lib/python3.8/site-packages/airflow/example_dags/example_branch_operator.py for tasks to queue
[2026-07-01T12:21:29.490+0000] {logging_mixin.py:188} INFO - [2026-07-01T12:21:29.489+0000] {dagbag.py:538} INFO - Filling up the DagBag from /home/airflow/.local/lib/python3.8/site-packages/airflow/example_dags/example_branch_operator.py
[2026-07-01T12:21:29.591+0000] {processor.py:840} INFO - DAG(s) 'example_branch_operator' retrieved from /home/airflow/.local/lib/python3.8/site-packages/airflow/example_dags/example_branch_operator.py
[2026-07-01T12:21:29.665+0000] {logging_mixin.py:188} INFO - [2026-07-01T12:21:29.664+0000] {dag.py:3036} INFO - Sync 1 DAGs
[2026-07-01T12:21:29.740+0000] {logging_mixin.py:188} INFO - [2026-07-01T12:21:29.739+0000] {dag.py:3823} INFO - Setting next_dagrun for example_branch_operator to 2026-06-30 00:00:00+00:00, run_after=2026-07-01 00:00:00+00:00
[2026-07-01T12:21:29.793+0000] {processor.py:183} INFO - Processing /home/airflow/.local/lib/python3.8/site-packages/airflow/example_dags/example_branch_operator.py took 0.396 seconds
[2026-07-01T12:22:00.189+0000] {processor.py:161} INFO - Started process (PID=1505) to work on /home/airflow/.local/lib/python3.8/site-packages/airflow/example_dags/example_branch_operator.py
[2026-07-01T12:22:00.193+0000] {processor.py:830} INFO - Processing file /home/airflow/.local/lib/python3.8/site-packages/airflow/example_dags/example_branch_operator.py for tasks to queue
[2026-07-01T12:22:00.200+0000] {logging_mixin.py:188} INFO - [2026-07-01T12:22:00.199+0000] {dagbag.py:538} INFO - Filling up the DagBag from /home/airflow/.local/lib/python3.8/site-packages/airflow/example_dags/example_branch_operator.py
[2026-07-01T12:22:00.247+0000] {processor.py:840} INFO - DAG(s) 'example_branch_operator' retrieved from /home/airflow/.local/lib/python3.8/site-packages/airflow/example_dags/example_branch_operator.py
[2026-07-01T12:22:00.322+0000] {logging_mixin.py:188} INFO - [2026-07-01T12:22:00.322+0000] {dag.py:3036} INFO - Sync 1 DAGs
[2026-07-01T12:22:00.403+0000] {logging_mixin.py:188} INFO - [2026-07-01T12:22:00.403+0000] {dag.py:3823} INFO - Setting next_dagrun for example_branch_operator to 2026-06-30 00:00:00+00:00, run_after=2026-07-01 00:00:00+00:00
[2026-07-01T12:22:00.464+0000] {processor.py:183} INFO - Processing /home/airflow/.local/lib/python3.8/site-packages/airflow/example_dags/example_branch_operator.py took 0.284 seconds
[2026-07-01T12:22:30.727+0000] {processor.py:161} INFO - Started process (PID=1560) to work on /home/airflow/.local/lib/python3.8/site-packages/airflow/example_dags/example_branch_operator.py
[2026-07-01T12:22:30.730+0000] {processor.py:830} INFO - Processing file /home/airflow/.local/lib/python3.8/site-packages/airflow/example_dags/example_branch_operator.py for tasks to queue
[2026-07-01T12:22:30.736+0000] {logging_mixin.py:188} INFO - [2026-07-01T12:22:30.735+0000] {dagbag.py:538} INFO - Filling up the DagBag from /home/airflow/.local/lib/python3.8/site-packages/airflow/example_dags/example_branch_operator.py
[2026-07-01T12:22:30.778+0000] {processor.py:840} INFO - DAG(s) 'example_branch_operator' retrieved from /home/airflow/.local/lib/python3.8/site-packages/airflow/example_dags/example_branch_operator.py
[2026-07-01T12:22:30.839+0000] {logging_mixin.py:188} INFO - [2026-07-01T12:22:30.838+0000] {dag.py:3036} INFO - Sync 1 DAGs
[2026-07-01T12:22:30.892+0000] {logging_mixin.py:188} INFO - [2026-07-01T12:22:30.892+0000] {dag.py:3823} INFO - Setting next_dagrun for example_branch_operator to 2026-06-30 00:00:00+00:00, run_after=2026-07-01 00:00:00+00:00
[2026-07-01T12:22:30.935+0000] {processor.py:183} INFO - Processing /home/airflow/.local/lib/python3.8/site-packages/airflow/example_dags/example_branch_operator.py took 0.216 seconds
[2026-07-01T12:23:01.105+0000] {processor.py:161} INFO - Started process (PID=1615) to work on /home/airflow/.local/lib/python3.8/site-packages/airflow/example_dags/example_branch_operator.py
[2026-07-01T12:23:01.109+0000] {processor.py:830} INFO - Processing file /home/airflow/.local/lib/python3.8/site-packages/airflow/example_dags/example_branch_operator.py for tasks to queue
[2026-07-01T12:23:01.115+0000] {logging_mixin.py:188} INFO - [2026-07-01T12:23:01.114+0000] {dagbag.py:538} INFO - Filling up the DagBag from /home/airflow/.local/lib/python3.8/site-packages/airflow/example_dags/example_branch_operator.py
[2026-07-01T12:23:01.154+0000] {processor.py:840} INFO - DAG(s) 'example_branch_operator' retrieved from /home/airflow/.local/lib/python3.8/site-packages/airflow/example_dags/example_branch_operator.py
[2026-07-01T12:23:01.214+0000] {logging_mixin.py:188} INFO - [2026-07-01T12:23:01.213+0000] {dag.py:3036} INFO - Sync 1 DAGs
[2026-07-01T12:23:01.269+0000] {logging_mixin.py:188} INFO - [2026-07-01T12:23:01.268+0000] {dag.py:3823} INFO - Setting next_dagrun for example_branch_operator to 2026-06-30 00:00:00+00:00, run_after=2026-07-01 00:00:00+00:00
[2026-07-01T12:23:01.307+0000] {processor.py:183} INFO - Processing /home/airflow/.local/lib/python3.8/site-packages/airflow/example_dags/example_branch_operator.py took 0.209 seconds
[2026-07-01T12:23:31.854+0000] {processor.py:161} INFO - Started process (PID=1671) to work on /home/airflow/.local/lib/python3.8/site-packages/airflow/example_dags/example_branch_operator.py
[2026-07-01T12:23:31.857+0000] {processor.py:830} INFO - Processing file /home/airflow/.local/lib/python3.8/site-packages/airflow/example_dags/example_branch_operator.py for tasks to queue
[2026-07-01T12:23:31.863+0000] {logging_mixin.py:188} INFO - [2026-07-01T12:23:31.862+0000] {dagbag.py:538} INFO - Filling up the DagBag from /home/airflow/.local/lib/python3.8/site-packages/airflow/example_dags/example_branch_operator.py
[2026-07-01T12:23:31.907+0000] {processor.py:840} INFO - DAG(s) 'example_branch_operator' retrieved from /home/airflow/.local/lib/python3.8/site-packages/airflow/example_dags/example_branch_operator.py
[2026-07-01T12:23:31.975+0000] {logging_mixin.py:188} INFO - [2026-07-01T12:23:31.975+0000] {dag.py:3036} INFO - Sync 1 DAGs
[2026-07-01T12:23:32.032+0000] {logging_mixin.py:188} INFO - [2026-07-01T12:23:32.031+0000] {dag.py:3823} INFO - Setting next_dagrun for example_branch_operator to 2026-06-30 00:00:00+00:00, run_after=2026-07-01 00:00:00+00:00
[2026-07-01T12:23:32.079+0000] {processor.py:183} INFO - Processing /home/airflow/.local/lib/python3.8/site-packages/airflow/example_dags/example_branch_operator.py took 0.233 seconds
[2026-07-01T12:24:02.803+0000] {processor.py:161} INFO - Started process (PID=1727) to work on /home/airflow/.local/lib/python3.8/site-packages/airflow/example_dags/example_branch_operator.py
[2026-07-01T12:24:02.808+0000] {processor.py:830} INFO - Processing file /home/airflow/.local/lib/python3.8/site-packages/airflow/example_dags/example_branch_operator.py for tasks to queue
[2026-07-01T12:24:02.814+0000] {logging_mixin.py:188} INFO - [2026-07-01T12:24:02.814+0000] {dagbag.py:538} INFO - Filling up the DagBag from /home/airflow/.local/lib/python3.8/site-packages/airflow/example_dags/example_branch_operator.py
[2026-07-01T12:24:02.869+0000] {processor.py:840} INFO - DAG(s) 'example_branch_operator' retrieved from /home/airflow/.local/lib/python3.8/site-packages/airflow/example_dags/example_branch_operator.py
[2026-07-01T12:24:02.966+0000] {logging_mixin.py:188} INFO - [2026-07-01T12:24:02.965+0000] {dag.py:3036} INFO - Sync 1 DAGs
[2026-07-01T12:24:03.034+0000] {logging_mixin.py:188} INFO - [2026-07-01T12:24:03.033+0000] {dag.py:3823} INFO - Setting next_dagrun for example_branch_operator to 2026-06-30 00:00:00+00:00, run_after=2026-07-01 00:00:00+00:00
[2026-07-01T12:24:03.089+0000] {processor.py:183} INFO - Processing /home/airflow/.local/lib/python3.8/site-packages/airflow/example_dags/example_branch_operator.py took 0.296 seconds
[2026-07-01T12:24:33.305+0000] {processor.py:161} INFO - Started process (PID=1782) to work on /home/airflow/.local/lib/python3.8/site-packages/airflow/example_dags/example_branch_operator.py
[2026-07-01T12:24:33.308+0000] {processor.py:830} INFO - Processing file /home/airflow/.local/lib/python3.8/site-packages/airflow/example_dags/example_branch_operator.py for tasks to queue
[2026-07-01T12:24:33.315+0000] {logging_mixin.py:188} INFO - [2026-07-01T12:24:33.314+0000] {dagbag.py:538} INFO - Filling up the DagBag from /home/airflow/.local/lib/python3.8/site-packages/airflow/example_dags/example_branch_operator.py
[2026-07-01T12:24:33.358+0000] {processor.py:840} INFO - DAG(s) 'example_branch_operator' retrieved from /home/airflow/.local/lib/python3.8/site-packages/airflow/example_dags/example_branch_operator.py
[2026-07-01T12:24:33.419+0000] {logging_mixin.py:188} INFO - [2026-07-01T12:24:33.418+0000] {dag.py:3036} INFO - Sync 1 DAGs
[2026-07-01T12:24:33.481+0000] {logging_mixin.py:188} INFO - [2026-07-01T12:24:33.480+0000] {dag.py:3823} INFO - Setting next_dagrun for example_branch_operator to 2026-06-30 00:00:00+00:00, run_after=2026-07-01 00:00:00+00:00
[2026-07-01T12:24:33.521+0000] {processor.py:183} INFO - Processing /home/airflow/.local/lib/python3.8/site-packages/airflow/example_dags/example_branch_operator.py took 0.224 seconds
[2026-07-01T12:25:04.265+0000] {processor.py:161} INFO - Started process (PID=1838) to work on /home/airflow/.local/lib/python3.8/site-packages/airflow/example_dags/example_branch_operator.py
[2026-07-01T12:25:04.269+0000] {processor.py:830} INFO - Processing file /home/airflow/.local/lib/python3.8/site-packages/airflow/example_dags/example_branch_operator.py for tasks to queue
[2026-07-01T12:25:04.276+0000] {logging_mixin.py:188} INFO - [2026-07-01T12:25:04.275+0000] {dagbag.py:538} INFO - Filling up the DagBag from /home/airflow/.local/lib/python3.8/site-packages/airflow/example_dags/example_branch_operator.py
[2026-07-01T12:25:04.351+0000] {processor.py:840} INFO - DAG(s) 'example_branch_operator' retrieved from /home/airflow/.local/lib/python3.8/site-packages/airflow/example_dags/example_branch_operator.py
[2026-07-01T12:25:04.458+0000] {logging_mixin.py:188} INFO - [2026-07-01T12:25:04.457+0000] {dag.py:3036} INFO - Sync 1 DAGs
[2026-07-01T12:25:04.555+0000] {logging_mixin.py:188} INFO - [2026-07-01T12:25:04.554+0000] {dag.py:3823} INFO - Setting next_dagrun for example_branch_operator to 2026-06-30 00:00:00+00:00, run_after=2026-07-01 00:00:00+00:00
[2026-07-01T12:25:04.628+0000] {processor.py:183} INFO - Processing /home/airflow/.local/lib/python3.8/site-packages/airflow/example_dags/example_branch_operator.py took 0.376 seconds
[2026-07-01T12:25:35.333+0000] {processor.py:161} INFO - Started process (PID=1894) to work on /home/airflow/.local/lib/python3.8/site-packages/airflow/example_dags/example_branch_operator.py
[2026-07-01T12:25:35.336+0000] {processor.py:830} INFO - Processing file /home/airflow/.local/lib/python3.8/site-packages/airflow/example_dags/example_branch_operator.py for tasks to queue
[2026-07-01T12:25:35.342+0000] {logging_mixin.py:188} INFO - [2026-07-01T12:25:35.341+0000] {dagbag.py:538} INFO - Filling up the DagBag from /home/airflow/.local/lib/python3.8/site-packages/airflow/example_dags/example_branch_operator.py
[2026-07-01T12:25:35.389+0000] {processor.py:840} INFO - DAG(s) 'example_branch_operator' retrieved from /home/airflow/.local/lib/python3.8/site-packages/airflow/example_dags/example_branch_operator.py
[2026-07-01T12:25:35.465+0000] {logging_mixin.py:188} INFO - [2026-07-01T12:25:35.464+0000] {dag.py:3036} INFO - Sync 1 DAGs
[2026-07-01T12:25:35.526+0000] {logging_mixin.py:188} INFO - [2026-07-01T12:25:35.525+0000] {dag.py:3823} INFO - Setting next_dagrun for example_branch_operator to 2026-06-30 00:00:00+00:00, run_after=2026-07-01 00:00:00+00:00
[2026-07-01T12:25:35.587+0000] {processor.py:183} INFO - Processing /home/airflow/.local/lib/python3.8/site-packages/airflow/example_dags/example_branch_operator.py took 0.263 seconds
[2026-07-01T12:26:05.697+0000] {processor.py:161} INFO - Started process (PID=1950) to work on /home/airflow/.local/lib/python3.8/site-packages/airflow/example_dags/example_branch_operator.py
[2026-07-01T12:26:05.701+0000] {processor.py:830} INFO - Processing file /home/airflow/.local/lib/python3.8/site-packages/airflow/example_dags/example_branch_operator.py for tasks to queue
[2026-07-01T12:26:05.708+0000] {logging_mixin.py:188} INFO - [2026-07-01T12:26:05.707+0000] {dagbag.py:538} INFO - Filling up the DagBag from /home/airflow/.local/lib/python3.8/site-packages/airflow/example_dags/example_branch_operator.py
[2026-07-01T12:26:05.758+0000] {processor.py:840} INFO - DAG(s) 'example_branch_operator' retrieved from /home/airflow/.local/lib/python3.8/site-packages/airflow/example_dags/example_branch_operator.py
[2026-07-01T12:26:05.826+0000] {logging_mixin.py:188} INFO - [2026-07-01T12:26:05.825+0000] {dag.py:3036} INFO - Sync 1 DAGs
[2026-07-01T12:26:05.882+0000] {logging_mixin.py:188} INFO - [2026-07-01T12:26:05.882+0000] {dag.py:3823} INFO - Setting next_dagrun for example_branch_operator to 2026-06-30 00:00:00+00:00, run_after=2026-07-01 00:00:00+00:00
[2026-07-01T12:26:05.928+0000] {processor.py:183} INFO - Processing /home/airflow/.local/lib/python3.8/site-packages/airflow/example_dags/example_branch_operator.py took 0.242 seconds
[2026-07-01T12:26:36.224+0000] {processor.py:161} INFO - Started process (PID=2006) to work on /home/airflow/.local/lib/python3.8/site-packages/airflow/example_dags/example_branch_operator.py
[2026-07-01T12:26:36.228+0000] {processor.py:830} INFO - Processing file /home/airflow/.local/lib/python3.8/site-packages/airflow/example_dags/example_branch_operator.py for tasks to queue
[2026-07-01T12:26:36.237+0000] {logging_mixin.py:188} INFO - [2026-07-01T12:26:36.236+0000] {dagbag.py:538} INFO - Filling up the DagBag from /home/airflow/.local/lib/python3.8/site-packages/airflow/example_dags/example_branch_operator.py
[2026-07-01T12:26:36.329+0000] {processor.py:840} INFO - DAG(s) 'example_branch_operator' retrieved from /home/airflow/.local/lib/python3.8/site-packages/airflow/example_dags/example_branch_operator.py
[2026-07-01T12:26:36.415+0000] {logging_mixin.py:188} INFO - [2026-07-01T12:26:36.415+0000] {dag.py:3036} INFO - Sync 1 DAGs
[2026-07-01T12:26:36.601+0000] {logging_mixin.py:188} INFO - [2026-07-01T12:26:36.601+0000] {dag.py:3823} INFO - Setting next_dagrun for example_branch_operator to 2026-06-30 00:00:00+00:00, run_after=2026-07-01 00:00:00+00:00
[2026-07-01T12:26:36.662+0000] {processor.py:183} INFO - Processing /home/airflow/.local/lib/python3.8/site-packages/airflow/example_dags/example_branch_operator.py took 0.452 seconds
[2026-07-01T12:27:07.341+0000] {processor.py:161} INFO - Started process (PID=2068) to work on /home/airflow/.local/lib/python3.8/site-packages/airflow/example_dags/example_branch_operator.py
[2026-07-01T12:27:07.345+0000] {processor.py:830} INFO - Processing file /home/airflow/.local/lib/python3.8/site-packages/airflow/example_dags/example_branch_operator.py for tasks to queue
[2026-07-01T12:27:07.352+0000] {logging_mixin.py:188} INFO - [2026-07-01T12:27:07.351+0000] {dagbag.py:538} INFO - Filling up the DagBag from /home/airflow/.local/lib/python3.8/site-packages/airflow/example_dags/example_branch_operator.py
[2026-07-01T12:27:07.402+0000] {processor.py:840} INFO - DAG(s) 'example_branch_operator' retrieved from /home/airflow/.local/lib/python3.8/site-packages/airflow/example_dags/example_branch_operator.py
[2026-07-01T12:27:07.467+0000] {logging_mixin.py:188} INFO - [2026-07-01T12:27:07.466+0000] {dag.py:3036} INFO - Sync 1 DAGs
[2026-07-01T12:27:07.525+0000] {logging_mixin.py:188} INFO - [2026-07-01T12:27:07.524+0000] {dag.py:3823} INFO - Setting next_dagrun for example_branch_operator to 2026-06-30 00:00:00+00:00, run_after=2026-07-01 00:00:00+00:00
[2026-07-01T12:27:07.568+0000] {processor.py:183} INFO - Processing /home/airflow/.local/lib/python3.8/site-packages/airflow/example_dags/example_branch_operator.py took 0.238 seconds
[2026-07-01T12:27:38.078+0000] {processor.py:161} INFO - Started process (PID=2124) to work on /home/airflow/.local/lib/python3.8/site-packages/airflow/example_dags/example_branch_operator.py
[2026-07-01T12:27:38.081+0000] {processor.py:830} INFO - Processing file /home/airflow/.local/lib/python3.8/site-packages/airflow/example_dags/example_branch_operator.py for tasks to queue
[2026-07-01T12:27:38.087+0000] {logging_mixin.py:188} INFO - [2026-07-01T12:27:38.087+0000] {dagbag.py:538} INFO - Filling up the DagBag from /home/airflow/.local/lib/python3.8/site-packages/airflow/example_dags/example_branch_operator.py
[2026-07-01T12:27:38.142+0000] {processor.py:840} INFO - DAG(s) 'example_branch_operator' retrieved from /home/airflow/.local/lib/python3.8/site-packages/airflow/example_dags/example_branch_operator.py
[2026-07-01T12:27:38.208+0000] {logging_mixin.py:188} INFO - [2026-07-01T12:27:38.208+0000] {dag.py:3036} INFO - Sync 1 DAGs
[2026-07-01T12:27:38.265+0000] {logging_mixin.py:188} INFO - [2026-07-01T12:27:38.265+0000] {dag.py:3823} INFO - Setting next_dagrun for example_branch_operator to 2026-06-30 00:00:00+00:00, run_after=2026-07-01 00:00:00+00:00
[2026-07-01T12:27:38.311+0000] {processor.py:183} INFO - Processing /home/airflow/.local/lib/python3.8/site-packages/airflow/example_dags/example_branch_operator.py took 0.242 seconds
[2026-07-01T12:28:08.579+0000] {processor.py:161} INFO - Started process (PID=2180) to work on /home/airflow/.local/lib/python3.8/site-packages/airflow/example_dags/example_branch_operator.py
[2026-07-01T12:28:08.582+0000] {processor.py:830} INFO - Processing file /home/airflow/.local/lib/python3.8/site-packages/airflow/example_dags/example_branch_operator.py for tasks to queue
[2026-07-01T12:28:08.587+0000] {logging_mixin.py:188} INFO - [2026-07-01T12:28:08.587+0000] {dagbag.py:538} INFO - Filling up the DagBag from /home/airflow/.local/lib/python3.8/site-packages/airflow/example_dags/example_branch_operator.py
[2026-07-01T12:28:08.630+0000] {processor.py:840} INFO - DAG(s) 'example_branch_operator' retrieved from /home/airflow/.local/lib/python3.8/site-packages/airflow/example_dags/example_branch_operator.py
[2026-07-01T12:28:08.687+0000] {logging_mixin.py:188} INFO - [2026-07-01T12:28:08.686+0000] {dag.py:3036} INFO - Sync 1 DAGs
[2026-07-01T12:28:08.737+0000] {logging_mixin.py:188} INFO - [2026-07-01T12:28:08.736+0000] {dag.py:3823} INFO - Setting next_dagrun for example_branch_operator to 2026-06-30 00:00:00+00:00, run_after=2026-07-01 00:00:00+00:00
[2026-07-01T12:28:08.773+0000] {processor.py:183} INFO - Processing /home/airflow/.local/lib/python3.8/site-packages/airflow/example_dags/example_branch_operator.py took 0.202 seconds
[2026-07-01T12:28:39.413+0000] {processor.py:161} INFO - Started process (PID=2237) to work on /home/airflow/.local/lib/python3.8/site-packages/airflow/example_dags/example_branch_operator.py
[2026-07-01T12:28:39.417+0000] {processor.py:830} INFO - Processing file /home/airflow/.local/lib/python3.8/site-packages/airflow/example_dags/example_branch_operator.py for tasks to queue
[2026-07-01T12:28:39.425+0000] {logging_mixin.py:188} INFO - [2026-07-01T12:28:39.424+0000] {dagbag.py:538} INFO - Filling up the DagBag from /home/airflow/.local/lib/python3.8/site-packages/airflow/example_dags/example_branch_operator.py
[2026-07-01T12:28:39.478+0000] {processor.py:840} INFO - DAG(s) 'example_branch_operator' retrieved from /home/airflow/.local/lib/python3.8/site-packages/airflow/example_dags/example_branch_operator.py
[2026-07-01T12:28:39.541+0000] {logging_mixin.py:188} INFO - [2026-07-01T12:28:39.540+0000] {dag.py:3036} INFO - Sync 1 DAGs
[2026-07-01T12:28:39.601+0000] {logging_mixin.py:188} INFO - [2026-07-01T12:28:39.600+0000] {dag.py:3823} INFO - Setting next_dagrun for example_branch_operator to 2026-06-30 00:00:00+00:00, run_after=2026-07-01 00:00:00+00:00
[2026-07-01T12:28:39.653+0000] {processor.py:183} INFO - Processing /home/airflow/.local/lib/python3.8/site-packages/airflow/example_dags/example_branch_operator.py took 0.253 seconds
[2026-07-01T12:29:09.848+0000] {processor.py:161} INFO - Started process (PID=2294) to work on /home/airflow/.local/lib/python3.8/site-packages/airflow/example_dags/example_branch_operator.py
[2026-07-01T12:29:09.852+0000] {processor.py:830} INFO - Processing file /home/airflow/.local/lib/python3.8/site-packages/airflow/example_dags/example_branch_operator.py for tasks to queue
[2026-07-01T12:29:09.859+0000] {logging_mixin.py:188} INFO - [2026-07-01T12:29:09.858+0000] {dagbag.py:538} INFO - Filling up the DagBag from /home/airflow/.local/lib/python3.8/site-packages/airflow/example_dags/example_branch_operator.py
[2026-07-01T12:29:09.909+0000] {processor.py:840} INFO - DAG(s) 'example_branch_operator' retrieved from /home/airflow/.local/lib/python3.8/site-packages/airflow/example_dags/example_branch_operator.py
[2026-07-01T12:29:09.975+0000] {logging_mixin.py:188} INFO - [2026-07-01T12:29:09.975+0000] {dag.py:3036} INFO - Sync 1 DAGs
[2026-07-01T12:29:10.037+0000] {logging_mixin.py:188} INFO - [2026-07-01T12:29:10.037+0000] {dag.py:3823} INFO - Setting next_dagrun for example_branch_operator to 2026-06-30 00:00:00+00:00, run_after=2026-07-01 00:00:00+00:00
[2026-07-01T12:29:10.092+0000] {processor.py:183} INFO - Processing /home/airflow/.local/lib/python3.8/site-packages/airflow/example_dags/example_branch_operator.py took 0.253 seconds
[2026-07-01T12:29:40.260+0000] {processor.py:161} INFO - Started process (PID=2350) to work on /home/airflow/.local/lib/python3.8/site-packages/airflow/example_dags/example_branch_operator.py
[2026-07-01T12:29:40.264+0000] {processor.py:830} INFO - Processing file /home/airflow/.local/lib/python3.8/site-packages/airflow/example_dags/example_branch_operator.py for tasks to queue
[2026-07-01T12:29:40.270+0000] {logging_mixin.py:188} INFO - [2026-07-01T12:29:40.269+0000] {dagbag.py:538} INFO - Filling up the DagBag from /home/airflow/.local/lib/python3.8/site-packages/airflow/example_dags/example_branch_operator.py
[2026-07-01T12:29:40.312+0000] {processor.py:840} INFO - DAG(s) 'example_branch_operator' retrieved from /home/airflow/.local/lib/python3.8/site-packages/airflow/example_dags/example_branch_operator.py
[2026-07-01T12:29:40.374+0000] {logging_mixin.py:188} INFO - [2026-07-01T12:29:40.373+0000] {dag.py:3036} INFO - Sync 1 DAGs
[2026-07-01T12:29:40.426+0000] {logging_mixin.py:188} INFO - [2026-07-01T12:29:40.425+0000] {dag.py:3823} INFO - Setting next_dagrun for example_branch_operator to 2026-06-30 00:00:00+00:00, run_after=2026-07-01 00:00:00+00:00
[2026-07-01T12:29:40.471+0000] {processor.py:183} INFO - Processing /home/airflow/.local/lib/python3.8/site-packages/airflow/example_dags/example_branch_operator.py took 0.219 seconds
