[2026-07-01T11:58:43.482+0000] {processor.py:161} INFO - Started process (PID=129) to work on /home/airflow/.local/lib/python3.8/site-packages/airflow/example_dags/example_external_task_marker_dag.py
[2026-07-01T11:58:43.486+0000] {processor.py:830} INFO - Processing file /home/airflow/.local/lib/python3.8/site-packages/airflow/example_dags/example_external_task_marker_dag.py for tasks to queue
[2026-07-01T11:58:43.495+0000] {logging_mixin.py:188} INFO - [2026-07-01T11:58:43.493+0000] {dagbag.py:538} INFO - Filling up the DagBag from /home/airflow/.local/lib/python3.8/site-packages/airflow/example_dags/example_external_task_marker_dag.py
[2026-07-01T11:58:43.526+0000] {processor.py:840} INFO - DAG(s) 'example_external_task_marker_parent', 'example_external_task_marker_child' retrieved from /home/airflow/.local/lib/python3.8/site-packages/airflow/example_dags/example_external_task_marker_dag.py
[2026-07-01T11:58:44.057+0000] {logging_mixin.py:188} INFO - [2026-07-01T11:58:44.056+0000] {dag.py:3036} INFO - Sync 2 DAGs
[2026-07-01T11:58:44.099+0000] {logging_mixin.py:188} INFO - [2026-07-01T11:58:44.098+0000] {dag.py:3823} INFO - Setting next_dagrun for example_external_task_marker_child to None, run_after=None
[2026-07-01T11:58:44.109+0000] {logging_mixin.py:188} INFO - [2026-07-01T11:58:44.108+0000] {dag.py:3823} INFO - Setting next_dagrun for example_external_task_marker_parent to None, run_after=None
[2026-07-01T11:58:44.171+0000] {processor.py:183} INFO - Processing /home/airflow/.local/lib/python3.8/site-packages/airflow/example_dags/example_external_task_marker_dag.py took 0.702 seconds
[2026-07-01T11:59:14.291+0000] {processor.py:161} INFO - Started process (PID=184) to work on /home/airflow/.local/lib/python3.8/site-packages/airflow/example_dags/example_external_task_marker_dag.py
[2026-07-01T11:59:14.294+0000] {processor.py:830} INFO - Processing file /home/airflow/.local/lib/python3.8/site-packages/airflow/example_dags/example_external_task_marker_dag.py for tasks to queue
[2026-07-01T11:59:14.301+0000] {logging_mixin.py:188} INFO - [2026-07-01T11:59:14.300+0000] {dagbag.py:538} INFO - Filling up the DagBag from /home/airflow/.local/lib/python3.8/site-packages/airflow/example_dags/example_external_task_marker_dag.py
[2026-07-01T11:59:14.321+0000] {processor.py:840} INFO - DAG(s) 'example_external_task_marker_parent', 'example_external_task_marker_child' retrieved from /home/airflow/.local/lib/python3.8/site-packages/airflow/example_dags/example_external_task_marker_dag.py
[2026-07-01T11:59:14.395+0000] {logging_mixin.py:188} INFO - [2026-07-01T11:59:14.394+0000] {dag.py:3036} INFO - Sync 2 DAGs
[2026-07-01T11:59:14.432+0000] {logging_mixin.py:188} INFO - [2026-07-01T11:59:14.431+0000] {dag.py:3823} INFO - Setting next_dagrun for example_external_task_marker_child to None, run_after=None
[2026-07-01T11:59:14.450+0000] {logging_mixin.py:188} INFO - [2026-07-01T11:59:14.449+0000] {dag.py:3823} INFO - Setting next_dagrun for example_external_task_marker_parent to None, run_after=None
[2026-07-01T11:59:14.499+0000] {processor.py:183} INFO - Processing /home/airflow/.local/lib/python3.8/site-packages/airflow/example_dags/example_external_task_marker_dag.py took 0.217 seconds
[2026-07-01T11:59:45.375+0000] {processor.py:161} INFO - Started process (PID=239) to work on /home/airflow/.local/lib/python3.8/site-packages/airflow/example_dags/example_external_task_marker_dag.py
[2026-07-01T11:59:45.379+0000] {processor.py:830} INFO - Processing file /home/airflow/.local/lib/python3.8/site-packages/airflow/example_dags/example_external_task_marker_dag.py for tasks to queue
[2026-07-01T11:59:45.387+0000] {logging_mixin.py:188} INFO - [2026-07-01T11:59:45.386+0000] {dagbag.py:538} INFO - Filling up the DagBag from /home/airflow/.local/lib/python3.8/site-packages/airflow/example_dags/example_external_task_marker_dag.py
[2026-07-01T11:59:45.416+0000] {processor.py:840} INFO - DAG(s) 'example_external_task_marker_child', 'example_external_task_marker_parent' retrieved from /home/airflow/.local/lib/python3.8/site-packages/airflow/example_dags/example_external_task_marker_dag.py
[2026-07-01T11:59:45.462+0000] {logging_mixin.py:188} INFO - [2026-07-01T11:59:45.461+0000] {dag.py:3036} INFO - Sync 2 DAGs
[2026-07-01T11:59:45.513+0000] {logging_mixin.py:188} INFO - [2026-07-01T11:59:45.513+0000] {dag.py:3823} INFO - Setting next_dagrun for example_external_task_marker_child to None, run_after=None
[2026-07-01T11:59:45.526+0000] {logging_mixin.py:188} INFO - [2026-07-01T11:59:45.526+0000] {dag.py:3823} INFO - Setting next_dagrun for example_external_task_marker_parent to None, run_after=None
[2026-07-01T11:59:45.606+0000] {processor.py:183} INFO - Processing /home/airflow/.local/lib/python3.8/site-packages/airflow/example_dags/example_external_task_marker_dag.py took 0.254 seconds
[2026-07-01T12:00:16.285+0000] {processor.py:161} INFO - Started process (PID=294) to work on /home/airflow/.local/lib/python3.8/site-packages/airflow/example_dags/example_external_task_marker_dag.py
[2026-07-01T12:00:16.289+0000] {processor.py:830} INFO - Processing file /home/airflow/.local/lib/python3.8/site-packages/airflow/example_dags/example_external_task_marker_dag.py for tasks to queue
[2026-07-01T12:00:16.296+0000] {logging_mixin.py:188} INFO - [2026-07-01T12:00:16.295+0000] {dagbag.py:538} INFO - Filling up the DagBag from /home/airflow/.local/lib/python3.8/site-packages/airflow/example_dags/example_external_task_marker_dag.py
[2026-07-01T12:00:16.315+0000] {processor.py:840} INFO - DAG(s) 'example_external_task_marker_parent', 'example_external_task_marker_child' retrieved from /home/airflow/.local/lib/python3.8/site-packages/airflow/example_dags/example_external_task_marker_dag.py
[2026-07-01T12:00:16.694+0000] {logging_mixin.py:188} INFO - [2026-07-01T12:00:16.693+0000] {dag.py:3036} INFO - Sync 2 DAGs
[2026-07-01T12:00:16.723+0000] {logging_mixin.py:188} INFO - [2026-07-01T12:00:16.722+0000] {dag.py:3823} INFO - Setting next_dagrun for example_external_task_marker_child to None, run_after=None
[2026-07-01T12:00:16.732+0000] {logging_mixin.py:188} INFO - [2026-07-01T12:00:16.731+0000] {dag.py:3823} INFO - Setting next_dagrun for example_external_task_marker_parent to None, run_after=None
[2026-07-01T12:00:16.799+0000] {processor.py:183} INFO - Processing /home/airflow/.local/lib/python3.8/site-packages/airflow/example_dags/example_external_task_marker_dag.py took 0.523 seconds
[2026-07-01T12:00:47.264+0000] {processor.py:161} INFO - Started process (PID=349) to work on /home/airflow/.local/lib/python3.8/site-packages/airflow/example_dags/example_external_task_marker_dag.py
[2026-07-01T12:00:47.268+0000] {processor.py:830} INFO - Processing file /home/airflow/.local/lib/python3.8/site-packages/airflow/example_dags/example_external_task_marker_dag.py for tasks to queue
[2026-07-01T12:00:47.275+0000] {logging_mixin.py:188} INFO - [2026-07-01T12:00:47.274+0000] {dagbag.py:538} INFO - Filling up the DagBag from /home/airflow/.local/lib/python3.8/site-packages/airflow/example_dags/example_external_task_marker_dag.py
[2026-07-01T12:00:47.294+0000] {processor.py:840} INFO - DAG(s) 'example_external_task_marker_child', 'example_external_task_marker_parent' retrieved from /home/airflow/.local/lib/python3.8/site-packages/airflow/example_dags/example_external_task_marker_dag.py
[2026-07-01T12:00:47.357+0000] {logging_mixin.py:188} INFO - [2026-07-01T12:00:47.356+0000] {dag.py:3036} INFO - Sync 2 DAGs
[2026-07-01T12:00:47.392+0000] {logging_mixin.py:188} INFO - [2026-07-01T12:00:47.391+0000] {dag.py:3823} INFO - Setting next_dagrun for example_external_task_marker_child to None, run_after=None
[2026-07-01T12:00:47.402+0000] {logging_mixin.py:188} INFO - [2026-07-01T12:00:47.402+0000] {dag.py:3823} INFO - Setting next_dagrun for example_external_task_marker_parent to None, run_after=None
[2026-07-01T12:00:47.450+0000] {processor.py:183} INFO - Processing /home/airflow/.local/lib/python3.8/site-packages/airflow/example_dags/example_external_task_marker_dag.py took 0.194 seconds
[2026-07-01T12:01:17.718+0000] {processor.py:161} INFO - Started process (PID=404) to work on /home/airflow/.local/lib/python3.8/site-packages/airflow/example_dags/example_external_task_marker_dag.py
[2026-07-01T12:01:17.722+0000] {processor.py:830} INFO - Processing file /home/airflow/.local/lib/python3.8/site-packages/airflow/example_dags/example_external_task_marker_dag.py for tasks to queue
[2026-07-01T12:01:17.730+0000] {logging_mixin.py:188} INFO - [2026-07-01T12:01:17.729+0000] {dagbag.py:538} INFO - Filling up the DagBag from /home/airflow/.local/lib/python3.8/site-packages/airflow/example_dags/example_external_task_marker_dag.py
[2026-07-01T12:01:17.757+0000] {processor.py:840} INFO - DAG(s) 'example_external_task_marker_parent', 'example_external_task_marker_child' retrieved from /home/airflow/.local/lib/python3.8/site-packages/airflow/example_dags/example_external_task_marker_dag.py
[2026-07-01T12:01:17.824+0000] {logging_mixin.py:188} INFO - [2026-07-01T12:01:17.824+0000] {dag.py:3036} INFO - Sync 2 DAGs
[2026-07-01T12:01:17.863+0000] {logging_mixin.py:188} INFO - [2026-07-01T12:01:17.863+0000] {dag.py:3823} INFO - Setting next_dagrun for example_external_task_marker_child to None, run_after=None
[2026-07-01T12:01:17.877+0000] {logging_mixin.py:188} INFO - [2026-07-01T12:01:17.876+0000] {dag.py:3823} INFO - Setting next_dagrun for example_external_task_marker_parent to None, run_after=None
[2026-07-01T12:01:17.931+0000] {processor.py:183} INFO - Processing /home/airflow/.local/lib/python3.8/site-packages/airflow/example_dags/example_external_task_marker_dag.py took 0.224 seconds
[2026-07-01T12:01:48.887+0000] {processor.py:161} INFO - Started process (PID=459) to work on /home/airflow/.local/lib/python3.8/site-packages/airflow/example_dags/example_external_task_marker_dag.py
[2026-07-01T12:01:48.892+0000] {processor.py:830} INFO - Processing file /home/airflow/.local/lib/python3.8/site-packages/airflow/example_dags/example_external_task_marker_dag.py for tasks to queue
[2026-07-01T12:01:48.899+0000] {logging_mixin.py:188} INFO - [2026-07-01T12:01:48.898+0000] {dagbag.py:538} INFO - Filling up the DagBag from /home/airflow/.local/lib/python3.8/site-packages/airflow/example_dags/example_external_task_marker_dag.py
[2026-07-01T12:01:48.922+0000] {processor.py:840} INFO - DAG(s) 'example_external_task_marker_child', 'example_external_task_marker_parent' retrieved from /home/airflow/.local/lib/python3.8/site-packages/airflow/example_dags/example_external_task_marker_dag.py
[2026-07-01T12:01:48.993+0000] {logging_mixin.py:188} INFO - [2026-07-01T12:01:48.992+0000] {dag.py:3036} INFO - Sync 2 DAGs
[2026-07-01T12:01:49.034+0000] {logging_mixin.py:188} INFO - [2026-07-01T12:01:49.034+0000] {dag.py:3823} INFO - Setting next_dagrun for example_external_task_marker_child to None, run_after=None
[2026-07-01T12:01:49.047+0000] {logging_mixin.py:188} INFO - [2026-07-01T12:01:49.046+0000] {dag.py:3823} INFO - Setting next_dagrun for example_external_task_marker_parent to None, run_after=None
[2026-07-01T12:01:49.093+0000] {processor.py:183} INFO - Processing /home/airflow/.local/lib/python3.8/site-packages/airflow/example_dags/example_external_task_marker_dag.py took 0.221 seconds
[2026-07-01T12:02:20.129+0000] {processor.py:161} INFO - Started process (PID=515) to work on /home/airflow/.local/lib/python3.8/site-packages/airflow/example_dags/example_external_task_marker_dag.py
[2026-07-01T12:02:20.133+0000] {processor.py:830} INFO - Processing file /home/airflow/.local/lib/python3.8/site-packages/airflow/example_dags/example_external_task_marker_dag.py for tasks to queue
[2026-07-01T12:02:20.139+0000] {logging_mixin.py:188} INFO - [2026-07-01T12:02:20.138+0000] {dagbag.py:538} INFO - Filling up the DagBag from /home/airflow/.local/lib/python3.8/site-packages/airflow/example_dags/example_external_task_marker_dag.py
[2026-07-01T12:02:20.160+0000] {processor.py:840} INFO - DAG(s) 'example_external_task_marker_child', 'example_external_task_marker_parent' retrieved from /home/airflow/.local/lib/python3.8/site-packages/airflow/example_dags/example_external_task_marker_dag.py
[2026-07-01T12:02:20.231+0000] {logging_mixin.py:188} INFO - [2026-07-01T12:02:20.230+0000] {dag.py:3036} INFO - Sync 2 DAGs
[2026-07-01T12:02:20.270+0000] {logging_mixin.py:188} INFO - [2026-07-01T12:02:20.269+0000] {dag.py:3823} INFO - Setting next_dagrun for example_external_task_marker_child to None, run_after=None
[2026-07-01T12:02:20.280+0000] {logging_mixin.py:188} INFO - [2026-07-01T12:02:20.279+0000] {dag.py:3823} INFO - Setting next_dagrun for example_external_task_marker_parent to None, run_after=None
[2026-07-01T12:02:20.335+0000] {processor.py:183} INFO - Processing /home/airflow/.local/lib/python3.8/site-packages/airflow/example_dags/example_external_task_marker_dag.py took 0.216 seconds
[2026-07-01T12:02:50.577+0000] {processor.py:161} INFO - Started process (PID=571) to work on /home/airflow/.local/lib/python3.8/site-packages/airflow/example_dags/example_external_task_marker_dag.py
[2026-07-01T12:02:50.581+0000] {processor.py:830} INFO - Processing file /home/airflow/.local/lib/python3.8/site-packages/airflow/example_dags/example_external_task_marker_dag.py for tasks to queue
[2026-07-01T12:02:50.588+0000] {logging_mixin.py:188} INFO - [2026-07-01T12:02:50.587+0000] {dagbag.py:538} INFO - Filling up the DagBag from /home/airflow/.local/lib/python3.8/site-packages/airflow/example_dags/example_external_task_marker_dag.py
[2026-07-01T12:02:50.613+0000] {processor.py:840} INFO - DAG(s) 'example_external_task_marker_child', 'example_external_task_marker_parent' retrieved from /home/airflow/.local/lib/python3.8/site-packages/airflow/example_dags/example_external_task_marker_dag.py
[2026-07-01T12:02:50.685+0000] {logging_mixin.py:188} INFO - [2026-07-01T12:02:50.685+0000] {dag.py:3036} INFO - Sync 2 DAGs
[2026-07-01T12:02:50.724+0000] {logging_mixin.py:188} INFO - [2026-07-01T12:02:50.724+0000] {dag.py:3823} INFO - Setting next_dagrun for example_external_task_marker_child to None, run_after=None
[2026-07-01T12:02:50.734+0000] {logging_mixin.py:188} INFO - [2026-07-01T12:02:50.733+0000] {dag.py:3823} INFO - Setting next_dagrun for example_external_task_marker_parent to None, run_after=None
[2026-07-01T12:02:50.779+0000] {processor.py:183} INFO - Processing /home/airflow/.local/lib/python3.8/site-packages/airflow/example_dags/example_external_task_marker_dag.py took 0.215 seconds
[2026-07-01T12:03:20.965+0000] {processor.py:161} INFO - Started process (PID=626) to work on /home/airflow/.local/lib/python3.8/site-packages/airflow/example_dags/example_external_task_marker_dag.py
[2026-07-01T12:03:20.969+0000] {processor.py:830} INFO - Processing file /home/airflow/.local/lib/python3.8/site-packages/airflow/example_dags/example_external_task_marker_dag.py for tasks to queue
[2026-07-01T12:03:20.975+0000] {logging_mixin.py:188} INFO - [2026-07-01T12:03:20.974+0000] {dagbag.py:538} INFO - Filling up the DagBag from /home/airflow/.local/lib/python3.8/site-packages/airflow/example_dags/example_external_task_marker_dag.py
[2026-07-01T12:03:20.994+0000] {processor.py:840} INFO - DAG(s) 'example_external_task_marker_parent', 'example_external_task_marker_child' retrieved from /home/airflow/.local/lib/python3.8/site-packages/airflow/example_dags/example_external_task_marker_dag.py
[2026-07-01T12:03:21.054+0000] {logging_mixin.py:188} INFO - [2026-07-01T12:03:21.053+0000] {dag.py:3036} INFO - Sync 2 DAGs
[2026-07-01T12:03:21.085+0000] {logging_mixin.py:188} INFO - [2026-07-01T12:03:21.085+0000] {dag.py:3823} INFO - Setting next_dagrun for example_external_task_marker_child to None, run_after=None
[2026-07-01T12:03:21.094+0000] {logging_mixin.py:188} INFO - [2026-07-01T12:03:21.094+0000] {dag.py:3823} INFO - Setting next_dagrun for example_external_task_marker_parent to None, run_after=None
[2026-07-01T12:03:21.136+0000] {processor.py:183} INFO - Processing /home/airflow/.local/lib/python3.8/site-packages/airflow/example_dags/example_external_task_marker_dag.py took 0.182 seconds
[2026-07-01T12:03:51.514+0000] {processor.py:161} INFO - Started process (PID=682) to work on /home/airflow/.local/lib/python3.8/site-packages/airflow/example_dags/example_external_task_marker_dag.py
[2026-07-01T12:03:51.517+0000] {processor.py:830} INFO - Processing file /home/airflow/.local/lib/python3.8/site-packages/airflow/example_dags/example_external_task_marker_dag.py for tasks to queue
[2026-07-01T12:03:51.523+0000] {logging_mixin.py:188} INFO - [2026-07-01T12:03:51.522+0000] {dagbag.py:538} INFO - Filling up the DagBag from /home/airflow/.local/lib/python3.8/site-packages/airflow/example_dags/example_external_task_marker_dag.py
[2026-07-01T12:03:51.541+0000] {processor.py:840} INFO - DAG(s) 'example_external_task_marker_child', 'example_external_task_marker_parent' retrieved from /home/airflow/.local/lib/python3.8/site-packages/airflow/example_dags/example_external_task_marker_dag.py
[2026-07-01T12:03:51.612+0000] {logging_mixin.py:188} INFO - [2026-07-01T12:03:51.611+0000] {dag.py:3036} INFO - Sync 2 DAGs
[2026-07-01T12:03:51.674+0000] {logging_mixin.py:188} INFO - [2026-07-01T12:03:51.673+0000] {dag.py:3823} INFO - Setting next_dagrun for example_external_task_marker_child to None, run_after=None
[2026-07-01T12:03:51.693+0000] {logging_mixin.py:188} INFO - [2026-07-01T12:03:51.692+0000] {dag.py:3823} INFO - Setting next_dagrun for example_external_task_marker_parent to None, run_after=None
[2026-07-01T12:03:51.780+0000] {processor.py:183} INFO - Processing /home/airflow/.local/lib/python3.8/site-packages/airflow/example_dags/example_external_task_marker_dag.py took 0.275 seconds
[2026-07-01T12:04:21.983+0000] {processor.py:161} INFO - Started process (PID=737) to work on /home/airflow/.local/lib/python3.8/site-packages/airflow/example_dags/example_external_task_marker_dag.py
[2026-07-01T12:04:21.986+0000] {processor.py:830} INFO - Processing file /home/airflow/.local/lib/python3.8/site-packages/airflow/example_dags/example_external_task_marker_dag.py for tasks to queue
[2026-07-01T12:04:21.992+0000] {logging_mixin.py:188} INFO - [2026-07-01T12:04:21.991+0000] {dagbag.py:538} INFO - Filling up the DagBag from /home/airflow/.local/lib/python3.8/site-packages/airflow/example_dags/example_external_task_marker_dag.py
[2026-07-01T12:04:22.007+0000] {processor.py:840} INFO - DAG(s) 'example_external_task_marker_parent', 'example_external_task_marker_child' retrieved from /home/airflow/.local/lib/python3.8/site-packages/airflow/example_dags/example_external_task_marker_dag.py
[2026-07-01T12:04:22.060+0000] {logging_mixin.py:188} INFO - [2026-07-01T12:04:22.060+0000] {dag.py:3036} INFO - Sync 2 DAGs
[2026-07-01T12:04:22.089+0000] {logging_mixin.py:188} INFO - [2026-07-01T12:04:22.088+0000] {dag.py:3823} INFO - Setting next_dagrun for example_external_task_marker_child to None, run_after=None
[2026-07-01T12:04:22.098+0000] {logging_mixin.py:188} INFO - [2026-07-01T12:04:22.098+0000] {dag.py:3823} INFO - Setting next_dagrun for example_external_task_marker_parent to None, run_after=None
[2026-07-01T12:04:22.136+0000] {processor.py:183} INFO - Processing /home/airflow/.local/lib/python3.8/site-packages/airflow/example_dags/example_external_task_marker_dag.py took 0.161 seconds
[2026-07-01T12:04:52.712+0000] {processor.py:161} INFO - Started process (PID=792) to work on /home/airflow/.local/lib/python3.8/site-packages/airflow/example_dags/example_external_task_marker_dag.py
[2026-07-01T12:04:52.715+0000] {processor.py:830} INFO - Processing file /home/airflow/.local/lib/python3.8/site-packages/airflow/example_dags/example_external_task_marker_dag.py for tasks to queue
[2026-07-01T12:04:52.720+0000] {logging_mixin.py:188} INFO - [2026-07-01T12:04:52.719+0000] {dagbag.py:538} INFO - Filling up the DagBag from /home/airflow/.local/lib/python3.8/site-packages/airflow/example_dags/example_external_task_marker_dag.py
[2026-07-01T12:04:52.737+0000] {processor.py:840} INFO - DAG(s) 'example_external_task_marker_child', 'example_external_task_marker_parent' retrieved from /home/airflow/.local/lib/python3.8/site-packages/airflow/example_dags/example_external_task_marker_dag.py
[2026-07-01T12:04:52.793+0000] {logging_mixin.py:188} INFO - [2026-07-01T12:04:52.792+0000] {dag.py:3036} INFO - Sync 2 DAGs
[2026-07-01T12:04:52.823+0000] {logging_mixin.py:188} INFO - [2026-07-01T12:04:52.823+0000] {dag.py:3823} INFO - Setting next_dagrun for example_external_task_marker_child to None, run_after=None
[2026-07-01T12:04:52.832+0000] {logging_mixin.py:188} INFO - [2026-07-01T12:04:52.832+0000] {dag.py:3823} INFO - Setting next_dagrun for example_external_task_marker_parent to None, run_after=None
[2026-07-01T12:04:52.872+0000] {processor.py:183} INFO - Processing /home/airflow/.local/lib/python3.8/site-packages/airflow/example_dags/example_external_task_marker_dag.py took 0.168 seconds
[2026-07-01T12:05:23.018+0000] {processor.py:161} INFO - Started process (PID=847) to work on /home/airflow/.local/lib/python3.8/site-packages/airflow/example_dags/example_external_task_marker_dag.py
[2026-07-01T12:05:23.022+0000] {processor.py:830} INFO - Processing file /home/airflow/.local/lib/python3.8/site-packages/airflow/example_dags/example_external_task_marker_dag.py for tasks to queue
[2026-07-01T12:05:23.028+0000] {logging_mixin.py:188} INFO - [2026-07-01T12:05:23.027+0000] {dagbag.py:538} INFO - Filling up the DagBag from /home/airflow/.local/lib/python3.8/site-packages/airflow/example_dags/example_external_task_marker_dag.py
[2026-07-01T12:05:23.044+0000] {processor.py:840} INFO - DAG(s) 'example_external_task_marker_parent', 'example_external_task_marker_child' retrieved from /home/airflow/.local/lib/python3.8/site-packages/airflow/example_dags/example_external_task_marker_dag.py
[2026-07-01T12:05:23.106+0000] {logging_mixin.py:188} INFO - [2026-07-01T12:05:23.105+0000] {dag.py:3036} INFO - Sync 2 DAGs
[2026-07-01T12:05:23.139+0000] {logging_mixin.py:188} INFO - [2026-07-01T12:05:23.139+0000] {dag.py:3823} INFO - Setting next_dagrun for example_external_task_marker_child to None, run_after=None
[2026-07-01T12:05:23.148+0000] {logging_mixin.py:188} INFO - [2026-07-01T12:05:23.148+0000] {dag.py:3823} INFO - Setting next_dagrun for example_external_task_marker_parent to None, run_after=None
[2026-07-01T12:05:23.193+0000] {processor.py:183} INFO - Processing /home/airflow/.local/lib/python3.8/site-packages/airflow/example_dags/example_external_task_marker_dag.py took 0.184 seconds
[2026-07-01T12:05:53.307+0000] {processor.py:161} INFO - Started process (PID=902) to work on /home/airflow/.local/lib/python3.8/site-packages/airflow/example_dags/example_external_task_marker_dag.py
[2026-07-01T12:05:53.310+0000] {processor.py:830} INFO - Processing file /home/airflow/.local/lib/python3.8/site-packages/airflow/example_dags/example_external_task_marker_dag.py for tasks to queue
[2026-07-01T12:05:53.315+0000] {logging_mixin.py:188} INFO - [2026-07-01T12:05:53.315+0000] {dagbag.py:538} INFO - Filling up the DagBag from /home/airflow/.local/lib/python3.8/site-packages/airflow/example_dags/example_external_task_marker_dag.py
[2026-07-01T12:05:53.338+0000] {processor.py:840} INFO - DAG(s) 'example_external_task_marker_parent', 'example_external_task_marker_child' retrieved from /home/airflow/.local/lib/python3.8/site-packages/airflow/example_dags/example_external_task_marker_dag.py
[2026-07-01T12:05:53.423+0000] {logging_mixin.py:188} INFO - [2026-07-01T12:05:53.422+0000] {dag.py:3036} INFO - Sync 2 DAGs
[2026-07-01T12:05:53.462+0000] {logging_mixin.py:188} INFO - [2026-07-01T12:05:53.461+0000] {dag.py:3823} INFO - Setting next_dagrun for example_external_task_marker_child to None, run_after=None
[2026-07-01T12:05:53.472+0000] {logging_mixin.py:188} INFO - [2026-07-01T12:05:53.472+0000] {dag.py:3823} INFO - Setting next_dagrun for example_external_task_marker_parent to None, run_after=None
[2026-07-01T12:05:53.521+0000] {processor.py:183} INFO - Processing /home/airflow/.local/lib/python3.8/site-packages/airflow/example_dags/example_external_task_marker_dag.py took 0.227 seconds
[2026-07-01T12:06:23.614+0000] {processor.py:161} INFO - Started process (PID=957) to work on /home/airflow/.local/lib/python3.8/site-packages/airflow/example_dags/example_external_task_marker_dag.py
[2026-07-01T12:06:23.618+0000] {processor.py:830} INFO - Processing file /home/airflow/.local/lib/python3.8/site-packages/airflow/example_dags/example_external_task_marker_dag.py for tasks to queue
[2026-07-01T12:06:23.625+0000] {logging_mixin.py:188} INFO - [2026-07-01T12:06:23.624+0000] {dagbag.py:538} INFO - Filling up the DagBag from /home/airflow/.local/lib/python3.8/site-packages/airflow/example_dags/example_external_task_marker_dag.py
[2026-07-01T12:06:23.643+0000] {processor.py:840} INFO - DAG(s) 'example_external_task_marker_child', 'example_external_task_marker_parent' retrieved from /home/airflow/.local/lib/python3.8/site-packages/airflow/example_dags/example_external_task_marker_dag.py
[2026-07-01T12:06:23.713+0000] {logging_mixin.py:188} INFO - [2026-07-01T12:06:23.712+0000] {dag.py:3036} INFO - Sync 2 DAGs
[2026-07-01T12:06:23.748+0000] {logging_mixin.py:188} INFO - [2026-07-01T12:06:23.748+0000] {dag.py:3823} INFO - Setting next_dagrun for example_external_task_marker_child to None, run_after=None
[2026-07-01T12:06:23.759+0000] {logging_mixin.py:188} INFO - [2026-07-01T12:06:23.758+0000] {dag.py:3823} INFO - Setting next_dagrun for example_external_task_marker_parent to None, run_after=None
[2026-07-01T12:06:23.802+0000] {processor.py:183} INFO - Processing /home/airflow/.local/lib/python3.8/site-packages/airflow/example_dags/example_external_task_marker_dag.py took 0.198 seconds
[2026-07-01T12:06:53.901+0000] {processor.py:161} INFO - Started process (PID=1011) to work on /home/airflow/.local/lib/python3.8/site-packages/airflow/example_dags/example_external_task_marker_dag.py
[2026-07-01T12:06:53.904+0000] {processor.py:830} INFO - Processing file /home/airflow/.local/lib/python3.8/site-packages/airflow/example_dags/example_external_task_marker_dag.py for tasks to queue
[2026-07-01T12:06:53.909+0000] {logging_mixin.py:188} INFO - [2026-07-01T12:06:53.909+0000] {dagbag.py:538} INFO - Filling up the DagBag from /home/airflow/.local/lib/python3.8/site-packages/airflow/example_dags/example_external_task_marker_dag.py
[2026-07-01T12:06:53.926+0000] {processor.py:840} INFO - DAG(s) 'example_external_task_marker_child', 'example_external_task_marker_parent' retrieved from /home/airflow/.local/lib/python3.8/site-packages/airflow/example_dags/example_external_task_marker_dag.py
[2026-07-01T12:06:53.983+0000] {logging_mixin.py:188} INFO - [2026-07-01T12:06:53.982+0000] {dag.py:3036} INFO - Sync 2 DAGs
[2026-07-01T12:06:54.019+0000] {logging_mixin.py:188} INFO - [2026-07-01T12:06:54.018+0000] {dag.py:3823} INFO - Setting next_dagrun for example_external_task_marker_child to None, run_after=None
[2026-07-01T12:06:54.028+0000] {logging_mixin.py:188} INFO - [2026-07-01T12:06:54.028+0000] {dag.py:3823} INFO - Setting next_dagrun for example_external_task_marker_parent to None, run_after=None
[2026-07-01T12:06:54.074+0000] {processor.py:183} INFO - Processing /home/airflow/.local/lib/python3.8/site-packages/airflow/example_dags/example_external_task_marker_dag.py took 0.182 seconds
[2026-07-01T12:07:24.173+0000] {processor.py:161} INFO - Started process (PID=1064) to work on /home/airflow/.local/lib/python3.8/site-packages/airflow/example_dags/example_external_task_marker_dag.py
[2026-07-01T12:07:24.179+0000] {processor.py:830} INFO - Processing file /home/airflow/.local/lib/python3.8/site-packages/airflow/example_dags/example_external_task_marker_dag.py for tasks to queue
[2026-07-01T12:07:24.187+0000] {logging_mixin.py:188} INFO - [2026-07-01T12:07:24.186+0000] {dagbag.py:538} INFO - Filling up the DagBag from /home/airflow/.local/lib/python3.8/site-packages/airflow/example_dags/example_external_task_marker_dag.py
[2026-07-01T12:07:24.224+0000] {processor.py:840} INFO - DAG(s) 'example_external_task_marker_child', 'example_external_task_marker_parent' retrieved from /home/airflow/.local/lib/python3.8/site-packages/airflow/example_dags/example_external_task_marker_dag.py
[2026-07-01T12:07:24.325+0000] {logging_mixin.py:188} INFO - [2026-07-01T12:07:24.324+0000] {dag.py:3036} INFO - Sync 2 DAGs
[2026-07-01T12:07:24.375+0000] {logging_mixin.py:188} INFO - [2026-07-01T12:07:24.374+0000] {dag.py:3823} INFO - Setting next_dagrun for example_external_task_marker_child to None, run_after=None
[2026-07-01T12:07:24.394+0000] {logging_mixin.py:188} INFO - [2026-07-01T12:07:24.394+0000] {dag.py:3823} INFO - Setting next_dagrun for example_external_task_marker_parent to None, run_after=None
[2026-07-01T12:07:24.465+0000] {processor.py:183} INFO - Processing /home/airflow/.local/lib/python3.8/site-packages/airflow/example_dags/example_external_task_marker_dag.py took 0.303 seconds
[2026-07-01T12:07:54.893+0000] {processor.py:161} INFO - Started process (PID=1121) to work on /home/airflow/.local/lib/python3.8/site-packages/airflow/example_dags/example_external_task_marker_dag.py
[2026-07-01T12:07:54.898+0000] {processor.py:830} INFO - Processing file /home/airflow/.local/lib/python3.8/site-packages/airflow/example_dags/example_external_task_marker_dag.py for tasks to queue
[2026-07-01T12:07:54.905+0000] {logging_mixin.py:188} INFO - [2026-07-01T12:07:54.904+0000] {dagbag.py:538} INFO - Filling up the DagBag from /home/airflow/.local/lib/python3.8/site-packages/airflow/example_dags/example_external_task_marker_dag.py
[2026-07-01T12:07:54.931+0000] {processor.py:840} INFO - DAG(s) 'example_external_task_marker_child', 'example_external_task_marker_parent' retrieved from /home/airflow/.local/lib/python3.8/site-packages/airflow/example_dags/example_external_task_marker_dag.py
[2026-07-01T12:07:55.003+0000] {logging_mixin.py:188} INFO - [2026-07-01T12:07:55.003+0000] {dag.py:3036} INFO - Sync 2 DAGs
[2026-07-01T12:07:55.042+0000] {logging_mixin.py:188} INFO - [2026-07-01T12:07:55.042+0000] {dag.py:3823} INFO - Setting next_dagrun for example_external_task_marker_child to None, run_after=None
[2026-07-01T12:07:55.051+0000] {logging_mixin.py:188} INFO - [2026-07-01T12:07:55.051+0000] {dag.py:3823} INFO - Setting next_dagrun for example_external_task_marker_parent to None, run_after=None
[2026-07-01T12:07:55.104+0000] {processor.py:183} INFO - Processing /home/airflow/.local/lib/python3.8/site-packages/airflow/example_dags/example_external_task_marker_dag.py took 0.222 seconds
[2026-07-01T12:08:25.500+0000] {processor.py:161} INFO - Started process (PID=1176) to work on /home/airflow/.local/lib/python3.8/site-packages/airflow/example_dags/example_external_task_marker_dag.py
[2026-07-01T12:08:25.503+0000] {processor.py:830} INFO - Processing file /home/airflow/.local/lib/python3.8/site-packages/airflow/example_dags/example_external_task_marker_dag.py for tasks to queue
[2026-07-01T12:08:25.508+0000] {logging_mixin.py:188} INFO - [2026-07-01T12:08:25.508+0000] {dagbag.py:538} INFO - Filling up the DagBag from /home/airflow/.local/lib/python3.8/site-packages/airflow/example_dags/example_external_task_marker_dag.py
[2026-07-01T12:08:25.524+0000] {processor.py:840} INFO - DAG(s) 'example_external_task_marker_child', 'example_external_task_marker_parent' retrieved from /home/airflow/.local/lib/python3.8/site-packages/airflow/example_dags/example_external_task_marker_dag.py
[2026-07-01T12:08:25.591+0000] {logging_mixin.py:188} INFO - [2026-07-01T12:08:25.590+0000] {dag.py:3036} INFO - Sync 2 DAGs
[2026-07-01T12:08:25.642+0000] {logging_mixin.py:188} INFO - [2026-07-01T12:08:25.641+0000] {dag.py:3823} INFO - Setting next_dagrun for example_external_task_marker_child to None, run_after=None
[2026-07-01T12:08:25.654+0000] {logging_mixin.py:188} INFO - [2026-07-01T12:08:25.654+0000] {dag.py:3823} INFO - Setting next_dagrun for example_external_task_marker_parent to None, run_after=None
[2026-07-01T12:08:25.710+0000] {processor.py:183} INFO - Processing /home/airflow/.local/lib/python3.8/site-packages/airflow/example_dags/example_external_task_marker_dag.py took 0.218 seconds
[2026-07-01T12:09:06.455+0000] {processor.py:161} INFO - Started process (PID=116) to work on /home/airflow/.local/lib/python3.8/site-packages/airflow/example_dags/example_external_task_marker_dag.py
[2026-07-01T12:09:06.459+0000] {processor.py:830} INFO - Processing file /home/airflow/.local/lib/python3.8/site-packages/airflow/example_dags/example_external_task_marker_dag.py for tasks to queue
[2026-07-01T12:09:06.467+0000] {logging_mixin.py:188} INFO - [2026-07-01T12:09:06.466+0000] {dagbag.py:538} INFO - Filling up the DagBag from /home/airflow/.local/lib/python3.8/site-packages/airflow/example_dags/example_external_task_marker_dag.py
[2026-07-01T12:09:06.508+0000] {processor.py:840} INFO - DAG(s) 'example_external_task_marker_parent', 'example_external_task_marker_child' retrieved from /home/airflow/.local/lib/python3.8/site-packages/airflow/example_dags/example_external_task_marker_dag.py
[2026-07-01T12:09:06.621+0000] {logging_mixin.py:188} INFO - [2026-07-01T12:09:06.620+0000] {dag.py:3036} INFO - Sync 2 DAGs
[2026-07-01T12:09:06.670+0000] {logging_mixin.py:188} INFO - [2026-07-01T12:09:06.669+0000] {dag.py:3823} INFO - Setting next_dagrun for example_external_task_marker_child to None, run_after=None
[2026-07-01T12:09:06.689+0000] {logging_mixin.py:188} INFO - [2026-07-01T12:09:06.688+0000] {dag.py:3823} INFO - Setting next_dagrun for example_external_task_marker_parent to None, run_after=None
[2026-07-01T12:09:06.758+0000] {processor.py:183} INFO - Processing /home/airflow/.local/lib/python3.8/site-packages/airflow/example_dags/example_external_task_marker_dag.py took 0.323 seconds
[2026-07-01T12:09:37.610+0000] {processor.py:161} INFO - Started process (PID=172) to work on /home/airflow/.local/lib/python3.8/site-packages/airflow/example_dags/example_external_task_marker_dag.py
[2026-07-01T12:09:37.614+0000] {processor.py:830} INFO - Processing file /home/airflow/.local/lib/python3.8/site-packages/airflow/example_dags/example_external_task_marker_dag.py for tasks to queue
[2026-07-01T12:09:37.621+0000] {logging_mixin.py:188} INFO - [2026-07-01T12:09:37.619+0000] {dagbag.py:538} INFO - Filling up the DagBag from /home/airflow/.local/lib/python3.8/site-packages/airflow/example_dags/example_external_task_marker_dag.py
[2026-07-01T12:09:37.644+0000] {processor.py:840} INFO - DAG(s) 'example_external_task_marker_parent', 'example_external_task_marker_child' retrieved from /home/airflow/.local/lib/python3.8/site-packages/airflow/example_dags/example_external_task_marker_dag.py
[2026-07-01T12:09:37.731+0000] {logging_mixin.py:188} INFO - [2026-07-01T12:09:37.730+0000] {dag.py:3036} INFO - Sync 2 DAGs
[2026-07-01T12:09:37.779+0000] {logging_mixin.py:188} INFO - [2026-07-01T12:09:37.778+0000] {dag.py:3823} INFO - Setting next_dagrun for example_external_task_marker_child to None, run_after=None
[2026-07-01T12:09:37.794+0000] {logging_mixin.py:188} INFO - [2026-07-01T12:09:37.793+0000] {dag.py:3823} INFO - Setting next_dagrun for example_external_task_marker_parent to None, run_after=None
[2026-07-01T12:09:37.849+0000] {processor.py:183} INFO - Processing /home/airflow/.local/lib/python3.8/site-packages/airflow/example_dags/example_external_task_marker_dag.py took 0.249 seconds
[2026-07-01T12:10:07.940+0000] {processor.py:161} INFO - Started process (PID=229) to work on /home/airflow/.local/lib/python3.8/site-packages/airflow/example_dags/example_external_task_marker_dag.py
[2026-07-01T12:10:07.944+0000] {processor.py:830} INFO - Processing file /home/airflow/.local/lib/python3.8/site-packages/airflow/example_dags/example_external_task_marker_dag.py for tasks to queue
[2026-07-01T12:10:07.950+0000] {logging_mixin.py:188} INFO - [2026-07-01T12:10:07.949+0000] {dagbag.py:538} INFO - Filling up the DagBag from /home/airflow/.local/lib/python3.8/site-packages/airflow/example_dags/example_external_task_marker_dag.py
[2026-07-01T12:10:07.968+0000] {processor.py:840} INFO - DAG(s) 'example_external_task_marker_child', 'example_external_task_marker_parent' retrieved from /home/airflow/.local/lib/python3.8/site-packages/airflow/example_dags/example_external_task_marker_dag.py
[2026-07-01T12:10:08.036+0000] {logging_mixin.py:188} INFO - [2026-07-01T12:10:08.035+0000] {dag.py:3036} INFO - Sync 2 DAGs
[2026-07-01T12:10:08.070+0000] {logging_mixin.py:188} INFO - [2026-07-01T12:10:08.069+0000] {dag.py:3823} INFO - Setting next_dagrun for example_external_task_marker_child to None, run_after=None
[2026-07-01T12:10:08.080+0000] {logging_mixin.py:188} INFO - [2026-07-01T12:10:08.079+0000] {dag.py:3823} INFO - Setting next_dagrun for example_external_task_marker_parent to None, run_after=None
[2026-07-01T12:10:08.125+0000] {processor.py:183} INFO - Processing /home/airflow/.local/lib/python3.8/site-packages/airflow/example_dags/example_external_task_marker_dag.py took 0.196 seconds
[2026-07-01T12:10:38.772+0000] {processor.py:161} INFO - Started process (PID=285) to work on /home/airflow/.local/lib/python3.8/site-packages/airflow/example_dags/example_external_task_marker_dag.py
[2026-07-01T12:10:38.775+0000] {processor.py:830} INFO - Processing file /home/airflow/.local/lib/python3.8/site-packages/airflow/example_dags/example_external_task_marker_dag.py for tasks to queue
[2026-07-01T12:10:38.781+0000] {logging_mixin.py:188} INFO - [2026-07-01T12:10:38.780+0000] {dagbag.py:538} INFO - Filling up the DagBag from /home/airflow/.local/lib/python3.8/site-packages/airflow/example_dags/example_external_task_marker_dag.py
[2026-07-01T12:10:38.801+0000] {processor.py:840} INFO - DAG(s) 'example_external_task_marker_parent', 'example_external_task_marker_child' retrieved from /home/airflow/.local/lib/python3.8/site-packages/airflow/example_dags/example_external_task_marker_dag.py
[2026-07-01T12:10:38.873+0000] {logging_mixin.py:188} INFO - [2026-07-01T12:10:38.872+0000] {dag.py:3036} INFO - Sync 2 DAGs
[2026-07-01T12:10:38.912+0000] {logging_mixin.py:188} INFO - [2026-07-01T12:10:38.911+0000] {dag.py:3823} INFO - Setting next_dagrun for example_external_task_marker_child to None, run_after=None
[2026-07-01T12:10:38.921+0000] {logging_mixin.py:188} INFO - [2026-07-01T12:10:38.921+0000] {dag.py:3823} INFO - Setting next_dagrun for example_external_task_marker_parent to None, run_after=None
[2026-07-01T12:10:38.965+0000] {processor.py:183} INFO - Processing /home/airflow/.local/lib/python3.8/site-packages/airflow/example_dags/example_external_task_marker_dag.py took 0.202 seconds
[2026-07-01T12:11:09.071+0000] {processor.py:161} INFO - Started process (PID=346) to work on /home/airflow/.local/lib/python3.8/site-packages/airflow/example_dags/example_external_task_marker_dag.py
[2026-07-01T12:11:09.074+0000] {processor.py:830} INFO - Processing file /home/airflow/.local/lib/python3.8/site-packages/airflow/example_dags/example_external_task_marker_dag.py for tasks to queue
[2026-07-01T12:11:09.079+0000] {logging_mixin.py:188} INFO - [2026-07-01T12:11:09.078+0000] {dagbag.py:538} INFO - Filling up the DagBag from /home/airflow/.local/lib/python3.8/site-packages/airflow/example_dags/example_external_task_marker_dag.py
[2026-07-01T12:11:09.095+0000] {processor.py:840} INFO - DAG(s) 'example_external_task_marker_child', 'example_external_task_marker_parent' retrieved from /home/airflow/.local/lib/python3.8/site-packages/airflow/example_dags/example_external_task_marker_dag.py
[2026-07-01T12:11:09.153+0000] {logging_mixin.py:188} INFO - [2026-07-01T12:11:09.152+0000] {dag.py:3036} INFO - Sync 2 DAGs
[2026-07-01T12:11:09.186+0000] {logging_mixin.py:188} INFO - [2026-07-01T12:11:09.185+0000] {dag.py:3823} INFO - Setting next_dagrun for example_external_task_marker_child to None, run_after=None
[2026-07-01T12:11:09.196+0000] {logging_mixin.py:188} INFO - [2026-07-01T12:11:09.195+0000] {dag.py:3823} INFO - Setting next_dagrun for example_external_task_marker_parent to None, run_after=None
[2026-07-01T12:11:09.236+0000] {processor.py:183} INFO - Processing /home/airflow/.local/lib/python3.8/site-packages/airflow/example_dags/example_external_task_marker_dag.py took 0.174 seconds
[2026-07-01T12:11:40.599+0000] {processor.py:161} INFO - Started process (PID=402) to work on /home/airflow/.local/lib/python3.8/site-packages/airflow/example_dags/example_external_task_marker_dag.py
[2026-07-01T12:11:40.602+0000] {processor.py:830} INFO - Processing file /home/airflow/.local/lib/python3.8/site-packages/airflow/example_dags/example_external_task_marker_dag.py for tasks to queue
[2026-07-01T12:11:40.608+0000] {logging_mixin.py:188} INFO - [2026-07-01T12:11:40.607+0000] {dagbag.py:538} INFO - Filling up the DagBag from /home/airflow/.local/lib/python3.8/site-packages/airflow/example_dags/example_external_task_marker_dag.py
[2026-07-01T12:11:40.625+0000] {processor.py:840} INFO - DAG(s) 'example_external_task_marker_child', 'example_external_task_marker_parent' retrieved from /home/airflow/.local/lib/python3.8/site-packages/airflow/example_dags/example_external_task_marker_dag.py
[2026-07-01T12:11:40.680+0000] {logging_mixin.py:188} INFO - [2026-07-01T12:11:40.680+0000] {dag.py:3036} INFO - Sync 2 DAGs
[2026-07-01T12:11:40.713+0000] {logging_mixin.py:188} INFO - [2026-07-01T12:11:40.712+0000] {dag.py:3823} INFO - Setting next_dagrun for example_external_task_marker_child to None, run_after=None
[2026-07-01T12:11:40.725+0000] {logging_mixin.py:188} INFO - [2026-07-01T12:11:40.724+0000] {dag.py:3823} INFO - Setting next_dagrun for example_external_task_marker_parent to None, run_after=None
[2026-07-01T12:11:40.763+0000] {processor.py:183} INFO - Processing /home/airflow/.local/lib/python3.8/site-packages/airflow/example_dags/example_external_task_marker_dag.py took 0.171 seconds
[2026-07-01T12:12:11.377+0000] {processor.py:161} INFO - Started process (PID=458) to work on /home/airflow/.local/lib/python3.8/site-packages/airflow/example_dags/example_external_task_marker_dag.py
[2026-07-01T12:12:11.381+0000] {processor.py:830} INFO - Processing file /home/airflow/.local/lib/python3.8/site-packages/airflow/example_dags/example_external_task_marker_dag.py for tasks to queue
[2026-07-01T12:12:11.387+0000] {logging_mixin.py:188} INFO - [2026-07-01T12:12:11.386+0000] {dagbag.py:538} INFO - Filling up the DagBag from /home/airflow/.local/lib/python3.8/site-packages/airflow/example_dags/example_external_task_marker_dag.py
[2026-07-01T12:12:11.406+0000] {processor.py:840} INFO - DAG(s) 'example_external_task_marker_child', 'example_external_task_marker_parent' retrieved from /home/airflow/.local/lib/python3.8/site-packages/airflow/example_dags/example_external_task_marker_dag.py
[2026-07-01T12:12:11.472+0000] {logging_mixin.py:188} INFO - [2026-07-01T12:12:11.472+0000] {dag.py:3036} INFO - Sync 2 DAGs
[2026-07-01T12:12:11.504+0000] {logging_mixin.py:188} INFO - [2026-07-01T12:12:11.503+0000] {dag.py:3823} INFO - Setting next_dagrun for example_external_task_marker_child to None, run_after=None
[2026-07-01T12:12:11.513+0000] {logging_mixin.py:188} INFO - [2026-07-01T12:12:11.512+0000] {dag.py:3823} INFO - Setting next_dagrun for example_external_task_marker_parent to None, run_after=None
[2026-07-01T12:12:11.553+0000] {processor.py:183} INFO - Processing /home/airflow/.local/lib/python3.8/site-packages/airflow/example_dags/example_external_task_marker_dag.py took 0.189 seconds
[2026-07-01T12:12:42.092+0000] {processor.py:161} INFO - Started process (PID=514) to work on /home/airflow/.local/lib/python3.8/site-packages/airflow/example_dags/example_external_task_marker_dag.py
[2026-07-01T12:12:42.095+0000] {processor.py:830} INFO - Processing file /home/airflow/.local/lib/python3.8/site-packages/airflow/example_dags/example_external_task_marker_dag.py for tasks to queue
[2026-07-01T12:12:42.100+0000] {logging_mixin.py:188} INFO - [2026-07-01T12:12:42.099+0000] {dagbag.py:538} INFO - Filling up the DagBag from /home/airflow/.local/lib/python3.8/site-packages/airflow/example_dags/example_external_task_marker_dag.py
[2026-07-01T12:12:42.114+0000] {processor.py:840} INFO - DAG(s) 'example_external_task_marker_child', 'example_external_task_marker_parent' retrieved from /home/airflow/.local/lib/python3.8/site-packages/airflow/example_dags/example_external_task_marker_dag.py
[2026-07-01T12:12:42.168+0000] {logging_mixin.py:188} INFO - [2026-07-01T12:12:42.168+0000] {dag.py:3036} INFO - Sync 2 DAGs
[2026-07-01T12:12:42.198+0000] {logging_mixin.py:188} INFO - [2026-07-01T12:12:42.197+0000] {dag.py:3823} INFO - Setting next_dagrun for example_external_task_marker_child to None, run_after=None
[2026-07-01T12:12:42.207+0000] {logging_mixin.py:188} INFO - [2026-07-01T12:12:42.207+0000] {dag.py:3823} INFO - Setting next_dagrun for example_external_task_marker_parent to None, run_after=None
[2026-07-01T12:12:42.246+0000] {processor.py:183} INFO - Processing /home/airflow/.local/lib/python3.8/site-packages/airflow/example_dags/example_external_task_marker_dag.py took 0.162 seconds
[2026-07-01T12:13:13.038+0000] {processor.py:161} INFO - Started process (PID=570) to work on /home/airflow/.local/lib/python3.8/site-packages/airflow/example_dags/example_external_task_marker_dag.py
[2026-07-01T12:13:13.041+0000] {processor.py:830} INFO - Processing file /home/airflow/.local/lib/python3.8/site-packages/airflow/example_dags/example_external_task_marker_dag.py for tasks to queue
[2026-07-01T12:13:13.047+0000] {logging_mixin.py:188} INFO - [2026-07-01T12:13:13.046+0000] {dagbag.py:538} INFO - Filling up the DagBag from /home/airflow/.local/lib/python3.8/site-packages/airflow/example_dags/example_external_task_marker_dag.py
[2026-07-01T12:13:13.065+0000] {processor.py:840} INFO - DAG(s) 'example_external_task_marker_child', 'example_external_task_marker_parent' retrieved from /home/airflow/.local/lib/python3.8/site-packages/airflow/example_dags/example_external_task_marker_dag.py
[2026-07-01T12:13:13.131+0000] {logging_mixin.py:188} INFO - [2026-07-01T12:13:13.131+0000] {dag.py:3036} INFO - Sync 2 DAGs
[2026-07-01T12:13:13.171+0000] {logging_mixin.py:188} INFO - [2026-07-01T12:13:13.170+0000] {dag.py:3823} INFO - Setting next_dagrun for example_external_task_marker_child to None, run_after=None
[2026-07-01T12:13:13.181+0000] {logging_mixin.py:188} INFO - [2026-07-01T12:13:13.181+0000] {dag.py:3823} INFO - Setting next_dagrun for example_external_task_marker_parent to None, run_after=None
[2026-07-01T12:13:13.232+0000] {processor.py:183} INFO - Processing /home/airflow/.local/lib/python3.8/site-packages/airflow/example_dags/example_external_task_marker_dag.py took 0.202 seconds
[2026-07-01T12:13:43.646+0000] {processor.py:161} INFO - Started process (PID=626) to work on /home/airflow/.local/lib/python3.8/site-packages/airflow/example_dags/example_external_task_marker_dag.py
[2026-07-01T12:13:43.649+0000] {processor.py:830} INFO - Processing file /home/airflow/.local/lib/python3.8/site-packages/airflow/example_dags/example_external_task_marker_dag.py for tasks to queue
[2026-07-01T12:13:43.655+0000] {logging_mixin.py:188} INFO - [2026-07-01T12:13:43.654+0000] {dagbag.py:538} INFO - Filling up the DagBag from /home/airflow/.local/lib/python3.8/site-packages/airflow/example_dags/example_external_task_marker_dag.py
[2026-07-01T12:13:43.671+0000] {processor.py:840} INFO - DAG(s) 'example_external_task_marker_parent', 'example_external_task_marker_child' retrieved from /home/airflow/.local/lib/python3.8/site-packages/airflow/example_dags/example_external_task_marker_dag.py
[2026-07-01T12:13:43.738+0000] {logging_mixin.py:188} INFO - [2026-07-01T12:13:43.737+0000] {dag.py:3036} INFO - Sync 2 DAGs
[2026-07-01T12:13:43.775+0000] {logging_mixin.py:188} INFO - [2026-07-01T12:13:43.775+0000] {dag.py:3823} INFO - Setting next_dagrun for example_external_task_marker_child to None, run_after=None
[2026-07-01T12:13:43.785+0000] {logging_mixin.py:188} INFO - [2026-07-01T12:13:43.784+0000] {dag.py:3823} INFO - Setting next_dagrun for example_external_task_marker_parent to None, run_after=None
[2026-07-01T12:13:43.853+0000] {processor.py:183} INFO - Processing /home/airflow/.local/lib/python3.8/site-packages/airflow/example_dags/example_external_task_marker_dag.py took 0.217 seconds
[2026-07-01T12:14:14.297+0000] {processor.py:161} INFO - Started process (PID=682) to work on /home/airflow/.local/lib/python3.8/site-packages/airflow/example_dags/example_external_task_marker_dag.py
[2026-07-01T12:14:14.301+0000] {processor.py:830} INFO - Processing file /home/airflow/.local/lib/python3.8/site-packages/airflow/example_dags/example_external_task_marker_dag.py for tasks to queue
[2026-07-01T12:14:14.310+0000] {logging_mixin.py:188} INFO - [2026-07-01T12:14:14.309+0000] {dagbag.py:538} INFO - Filling up the DagBag from /home/airflow/.local/lib/python3.8/site-packages/airflow/example_dags/example_external_task_marker_dag.py
[2026-07-01T12:14:14.347+0000] {processor.py:840} INFO - DAG(s) 'example_external_task_marker_child', 'example_external_task_marker_parent' retrieved from /home/airflow/.local/lib/python3.8/site-packages/airflow/example_dags/example_external_task_marker_dag.py
[2026-07-01T12:14:14.507+0000] {logging_mixin.py:188} INFO - [2026-07-01T12:14:14.506+0000] {dag.py:3036} INFO - Sync 2 DAGs
[2026-07-01T12:14:14.621+0000] {logging_mixin.py:188} INFO - [2026-07-01T12:14:14.620+0000] {dag.py:3823} INFO - Setting next_dagrun for example_external_task_marker_child to None, run_after=None
[2026-07-01T12:14:14.685+0000] {logging_mixin.py:188} INFO - [2026-07-01T12:14:14.684+0000] {dag.py:3823} INFO - Setting next_dagrun for example_external_task_marker_parent to None, run_after=None
[2026-07-01T12:14:14.764+0000] {processor.py:183} INFO - Processing /home/airflow/.local/lib/python3.8/site-packages/airflow/example_dags/example_external_task_marker_dag.py took 0.483 seconds
[2026-07-01T12:14:45.464+0000] {processor.py:161} INFO - Started process (PID=738) to work on /home/airflow/.local/lib/python3.8/site-packages/airflow/example_dags/example_external_task_marker_dag.py
[2026-07-01T12:14:45.467+0000] {processor.py:830} INFO - Processing file /home/airflow/.local/lib/python3.8/site-packages/airflow/example_dags/example_external_task_marker_dag.py for tasks to queue
[2026-07-01T12:14:45.473+0000] {logging_mixin.py:188} INFO - [2026-07-01T12:14:45.472+0000] {dagbag.py:538} INFO - Filling up the DagBag from /home/airflow/.local/lib/python3.8/site-packages/airflow/example_dags/example_external_task_marker_dag.py
[2026-07-01T12:14:45.490+0000] {processor.py:840} INFO - DAG(s) 'example_external_task_marker_child', 'example_external_task_marker_parent' retrieved from /home/airflow/.local/lib/python3.8/site-packages/airflow/example_dags/example_external_task_marker_dag.py
[2026-07-01T12:14:45.549+0000] {logging_mixin.py:188} INFO - [2026-07-01T12:14:45.548+0000] {dag.py:3036} INFO - Sync 2 DAGs
[2026-07-01T12:14:45.582+0000] {logging_mixin.py:188} INFO - [2026-07-01T12:14:45.582+0000] {dag.py:3823} INFO - Setting next_dagrun for example_external_task_marker_child to None, run_after=None
[2026-07-01T12:14:45.591+0000] {logging_mixin.py:188} INFO - [2026-07-01T12:14:45.590+0000] {dag.py:3823} INFO - Setting next_dagrun for example_external_task_marker_parent to None, run_after=None
[2026-07-01T12:14:45.636+0000] {processor.py:183} INFO - Processing /home/airflow/.local/lib/python3.8/site-packages/airflow/example_dags/example_external_task_marker_dag.py took 0.181 seconds
[2026-07-01T12:15:16.007+0000] {processor.py:161} INFO - Started process (PID=795) to work on /home/airflow/.local/lib/python3.8/site-packages/airflow/example_dags/example_external_task_marker_dag.py
[2026-07-01T12:15:16.010+0000] {processor.py:830} INFO - Processing file /home/airflow/.local/lib/python3.8/site-packages/airflow/example_dags/example_external_task_marker_dag.py for tasks to queue
[2026-07-01T12:15:16.016+0000] {logging_mixin.py:188} INFO - [2026-07-01T12:15:16.015+0000] {dagbag.py:538} INFO - Filling up the DagBag from /home/airflow/.local/lib/python3.8/site-packages/airflow/example_dags/example_external_task_marker_dag.py
[2026-07-01T12:15:16.032+0000] {processor.py:840} INFO - DAG(s) 'example_external_task_marker_parent', 'example_external_task_marker_child' retrieved from /home/airflow/.local/lib/python3.8/site-packages/airflow/example_dags/example_external_task_marker_dag.py
[2026-07-01T12:15:16.087+0000] {logging_mixin.py:188} INFO - [2026-07-01T12:15:16.086+0000] {dag.py:3036} INFO - Sync 2 DAGs
[2026-07-01T12:15:16.120+0000] {logging_mixin.py:188} INFO - [2026-07-01T12:15:16.120+0000] {dag.py:3823} INFO - Setting next_dagrun for example_external_task_marker_child to None, run_after=None
[2026-07-01T12:15:16.130+0000] {logging_mixin.py:188} INFO - [2026-07-01T12:15:16.129+0000] {dag.py:3823} INFO - Setting next_dagrun for example_external_task_marker_parent to None, run_after=None
[2026-07-01T12:15:16.169+0000] {processor.py:183} INFO - Processing /home/airflow/.local/lib/python3.8/site-packages/airflow/example_dags/example_external_task_marker_dag.py took 0.171 seconds
[2026-07-01T12:15:46.918+0000] {processor.py:161} INFO - Started process (PID=851) to work on /home/airflow/.local/lib/python3.8/site-packages/airflow/example_dags/example_external_task_marker_dag.py
[2026-07-01T12:15:46.921+0000] {processor.py:830} INFO - Processing file /home/airflow/.local/lib/python3.8/site-packages/airflow/example_dags/example_external_task_marker_dag.py for tasks to queue
[2026-07-01T12:15:46.928+0000] {logging_mixin.py:188} INFO - [2026-07-01T12:15:46.927+0000] {dagbag.py:538} INFO - Filling up the DagBag from /home/airflow/.local/lib/python3.8/site-packages/airflow/example_dags/example_external_task_marker_dag.py
[2026-07-01T12:15:46.948+0000] {processor.py:840} INFO - DAG(s) 'example_external_task_marker_child', 'example_external_task_marker_parent' retrieved from /home/airflow/.local/lib/python3.8/site-packages/airflow/example_dags/example_external_task_marker_dag.py
[2026-07-01T12:15:47.012+0000] {logging_mixin.py:188} INFO - [2026-07-01T12:15:47.012+0000] {dag.py:3036} INFO - Sync 2 DAGs
[2026-07-01T12:15:47.047+0000] {logging_mixin.py:188} INFO - [2026-07-01T12:15:47.047+0000] {dag.py:3823} INFO - Setting next_dagrun for example_external_task_marker_child to None, run_after=None
[2026-07-01T12:15:47.057+0000] {logging_mixin.py:188} INFO - [2026-07-01T12:15:47.056+0000] {dag.py:3823} INFO - Setting next_dagrun for example_external_task_marker_parent to None, run_after=None
[2026-07-01T12:15:47.101+0000] {processor.py:183} INFO - Processing /home/airflow/.local/lib/python3.8/site-packages/airflow/example_dags/example_external_task_marker_dag.py took 0.194 seconds
[2026-07-01T12:16:17.782+0000] {processor.py:161} INFO - Started process (PID=907) to work on /home/airflow/.local/lib/python3.8/site-packages/airflow/example_dags/example_external_task_marker_dag.py
[2026-07-01T12:16:17.785+0000] {processor.py:830} INFO - Processing file /home/airflow/.local/lib/python3.8/site-packages/airflow/example_dags/example_external_task_marker_dag.py for tasks to queue
[2026-07-01T12:16:17.791+0000] {logging_mixin.py:188} INFO - [2026-07-01T12:16:17.790+0000] {dagbag.py:538} INFO - Filling up the DagBag from /home/airflow/.local/lib/python3.8/site-packages/airflow/example_dags/example_external_task_marker_dag.py
[2026-07-01T12:16:17.805+0000] {processor.py:840} INFO - DAG(s) 'example_external_task_marker_child', 'example_external_task_marker_parent' retrieved from /home/airflow/.local/lib/python3.8/site-packages/airflow/example_dags/example_external_task_marker_dag.py
[2026-07-01T12:16:17.866+0000] {logging_mixin.py:188} INFO - [2026-07-01T12:16:17.866+0000] {dag.py:3036} INFO - Sync 2 DAGs
[2026-07-01T12:16:17.896+0000] {logging_mixin.py:188} INFO - [2026-07-01T12:16:17.896+0000] {dag.py:3823} INFO - Setting next_dagrun for example_external_task_marker_child to None, run_after=None
[2026-07-01T12:16:17.905+0000] {logging_mixin.py:188} INFO - [2026-07-01T12:16:17.904+0000] {dag.py:3823} INFO - Setting next_dagrun for example_external_task_marker_parent to None, run_after=None
[2026-07-01T12:16:17.939+0000] {processor.py:183} INFO - Processing /home/airflow/.local/lib/python3.8/site-packages/airflow/example_dags/example_external_task_marker_dag.py took 0.165 seconds
[2026-07-01T12:16:48.232+0000] {processor.py:161} INFO - Started process (PID=963) to work on /home/airflow/.local/lib/python3.8/site-packages/airflow/example_dags/example_external_task_marker_dag.py
[2026-07-01T12:16:48.235+0000] {processor.py:830} INFO - Processing file /home/airflow/.local/lib/python3.8/site-packages/airflow/example_dags/example_external_task_marker_dag.py for tasks to queue
[2026-07-01T12:16:48.243+0000] {logging_mixin.py:188} INFO - [2026-07-01T12:16:48.242+0000] {dagbag.py:538} INFO - Filling up the DagBag from /home/airflow/.local/lib/python3.8/site-packages/airflow/example_dags/example_external_task_marker_dag.py
[2026-07-01T12:16:48.263+0000] {processor.py:840} INFO - DAG(s) 'example_external_task_marker_parent', 'example_external_task_marker_child' retrieved from /home/airflow/.local/lib/python3.8/site-packages/airflow/example_dags/example_external_task_marker_dag.py
[2026-07-01T12:16:48.336+0000] {logging_mixin.py:188} INFO - [2026-07-01T12:16:48.335+0000] {dag.py:3036} INFO - Sync 2 DAGs
[2026-07-01T12:16:48.374+0000] {logging_mixin.py:188} INFO - [2026-07-01T12:16:48.373+0000] {dag.py:3823} INFO - Setting next_dagrun for example_external_task_marker_child to None, run_after=None
[2026-07-01T12:16:48.387+0000] {logging_mixin.py:188} INFO - [2026-07-01T12:16:48.386+0000] {dag.py:3823} INFO - Setting next_dagrun for example_external_task_marker_parent to None, run_after=None
[2026-07-01T12:16:48.432+0000] {processor.py:183} INFO - Processing /home/airflow/.local/lib/python3.8/site-packages/airflow/example_dags/example_external_task_marker_dag.py took 0.212 seconds
[2026-07-01T12:17:19.392+0000] {processor.py:161} INFO - Started process (PID=1019) to work on /home/airflow/.local/lib/python3.8/site-packages/airflow/example_dags/example_external_task_marker_dag.py
[2026-07-01T12:17:19.406+0000] {processor.py:830} INFO - Processing file /home/airflow/.local/lib/python3.8/site-packages/airflow/example_dags/example_external_task_marker_dag.py for tasks to queue
[2026-07-01T12:17:19.422+0000] {logging_mixin.py:188} INFO - [2026-07-01T12:17:19.414+0000] {dagbag.py:538} INFO - Filling up the DagBag from /home/airflow/.local/lib/python3.8/site-packages/airflow/example_dags/example_external_task_marker_dag.py
[2026-07-01T12:17:19.459+0000] {processor.py:840} INFO - DAG(s) 'example_external_task_marker_child', 'example_external_task_marker_parent' retrieved from /home/airflow/.local/lib/python3.8/site-packages/airflow/example_dags/example_external_task_marker_dag.py
[2026-07-01T12:17:19.657+0000] {logging_mixin.py:188} INFO - [2026-07-01T12:17:19.657+0000] {dag.py:3036} INFO - Sync 2 DAGs
[2026-07-01T12:17:19.714+0000] {logging_mixin.py:188} INFO - [2026-07-01T12:17:19.712+0000] {dag.py:3823} INFO - Setting next_dagrun for example_external_task_marker_child to None, run_after=None
[2026-07-01T12:17:19.735+0000] {logging_mixin.py:188} INFO - [2026-07-01T12:17:19.735+0000] {dag.py:3823} INFO - Setting next_dagrun for example_external_task_marker_parent to None, run_after=None
[2026-07-01T12:17:19.828+0000] {processor.py:183} INFO - Processing /home/airflow/.local/lib/python3.8/site-packages/airflow/example_dags/example_external_task_marker_dag.py took 0.462 seconds
[2026-07-01T12:17:50.788+0000] {processor.py:161} INFO - Started process (PID=1075) to work on /home/airflow/.local/lib/python3.8/site-packages/airflow/example_dags/example_external_task_marker_dag.py
[2026-07-01T12:17:50.791+0000] {processor.py:830} INFO - Processing file /home/airflow/.local/lib/python3.8/site-packages/airflow/example_dags/example_external_task_marker_dag.py for tasks to queue
[2026-07-01T12:17:50.796+0000] {logging_mixin.py:188} INFO - [2026-07-01T12:17:50.796+0000] {dagbag.py:538} INFO - Filling up the DagBag from /home/airflow/.local/lib/python3.8/site-packages/airflow/example_dags/example_external_task_marker_dag.py
[2026-07-01T12:17:50.810+0000] {processor.py:840} INFO - DAG(s) 'example_external_task_marker_child', 'example_external_task_marker_parent' retrieved from /home/airflow/.local/lib/python3.8/site-packages/airflow/example_dags/example_external_task_marker_dag.py
[2026-07-01T12:17:50.864+0000] {logging_mixin.py:188} INFO - [2026-07-01T12:17:50.864+0000] {dag.py:3036} INFO - Sync 2 DAGs
[2026-07-01T12:17:50.892+0000] {logging_mixin.py:188} INFO - [2026-07-01T12:17:50.892+0000] {dag.py:3823} INFO - Setting next_dagrun for example_external_task_marker_child to None, run_after=None
[2026-07-01T12:17:50.900+0000] {logging_mixin.py:188} INFO - [2026-07-01T12:17:50.900+0000] {dag.py:3823} INFO - Setting next_dagrun for example_external_task_marker_parent to None, run_after=None
[2026-07-01T12:17:50.937+0000] {processor.py:183} INFO - Processing /home/airflow/.local/lib/python3.8/site-packages/airflow/example_dags/example_external_task_marker_dag.py took 0.156 seconds
[2026-07-01T12:18:23.954+0000] {processor.py:161} INFO - Started process (PID=1131) to work on /home/airflow/.local/lib/python3.8/site-packages/airflow/example_dags/example_external_task_marker_dag.py
[2026-07-01T12:18:23.958+0000] {processor.py:830} INFO - Processing file /home/airflow/.local/lib/python3.8/site-packages/airflow/example_dags/example_external_task_marker_dag.py for tasks to queue
[2026-07-01T12:18:23.967+0000] {logging_mixin.py:188} INFO - [2026-07-01T12:18:23.965+0000] {dagbag.py:538} INFO - Filling up the DagBag from /home/airflow/.local/lib/python3.8/site-packages/airflow/example_dags/example_external_task_marker_dag.py
[2026-07-01T12:18:23.991+0000] {processor.py:840} INFO - DAG(s) 'example_external_task_marker_parent', 'example_external_task_marker_child' retrieved from /home/airflow/.local/lib/python3.8/site-packages/airflow/example_dags/example_external_task_marker_dag.py
[2026-07-01T12:18:24.092+0000] {logging_mixin.py:188} INFO - [2026-07-01T12:18:24.091+0000] {dag.py:3036} INFO - Sync 2 DAGs
[2026-07-01T12:18:24.150+0000] {logging_mixin.py:188} INFO - [2026-07-01T12:18:24.149+0000] {dag.py:3823} INFO - Setting next_dagrun for example_external_task_marker_child to None, run_after=None
[2026-07-01T12:18:24.165+0000] {logging_mixin.py:188} INFO - [2026-07-01T12:18:24.164+0000] {dag.py:3823} INFO - Setting next_dagrun for example_external_task_marker_parent to None, run_after=None
[2026-07-01T12:18:24.240+0000] {processor.py:183} INFO - Processing /home/airflow/.local/lib/python3.8/site-packages/airflow/example_dags/example_external_task_marker_dag.py took 0.301 seconds
[2026-07-01T12:18:55.252+0000] {processor.py:161} INFO - Started process (PID=1187) to work on /home/airflow/.local/lib/python3.8/site-packages/airflow/example_dags/example_external_task_marker_dag.py
[2026-07-01T12:18:55.255+0000] {processor.py:830} INFO - Processing file /home/airflow/.local/lib/python3.8/site-packages/airflow/example_dags/example_external_task_marker_dag.py for tasks to queue
[2026-07-01T12:18:55.260+0000] {logging_mixin.py:188} INFO - [2026-07-01T12:18:55.259+0000] {dagbag.py:538} INFO - Filling up the DagBag from /home/airflow/.local/lib/python3.8/site-packages/airflow/example_dags/example_external_task_marker_dag.py
[2026-07-01T12:18:55.274+0000] {processor.py:840} INFO - DAG(s) 'example_external_task_marker_parent', 'example_external_task_marker_child' retrieved from /home/airflow/.local/lib/python3.8/site-packages/airflow/example_dags/example_external_task_marker_dag.py
[2026-07-01T12:18:55.337+0000] {logging_mixin.py:188} INFO - [2026-07-01T12:18:55.336+0000] {dag.py:3036} INFO - Sync 2 DAGs
[2026-07-01T12:18:55.378+0000] {logging_mixin.py:188} INFO - [2026-07-01T12:18:55.378+0000] {dag.py:3823} INFO - Setting next_dagrun for example_external_task_marker_child to None, run_after=None
[2026-07-01T12:18:55.389+0000] {logging_mixin.py:188} INFO - [2026-07-01T12:18:55.388+0000] {dag.py:3823} INFO - Setting next_dagrun for example_external_task_marker_parent to None, run_after=None
[2026-07-01T12:18:55.432+0000] {processor.py:183} INFO - Processing /home/airflow/.local/lib/python3.8/site-packages/airflow/example_dags/example_external_task_marker_dag.py took 0.189 seconds
[2026-07-01T12:19:25.869+0000] {processor.py:161} INFO - Started process (PID=1243) to work on /home/airflow/.local/lib/python3.8/site-packages/airflow/example_dags/example_external_task_marker_dag.py
[2026-07-01T12:19:25.873+0000] {processor.py:830} INFO - Processing file /home/airflow/.local/lib/python3.8/site-packages/airflow/example_dags/example_external_task_marker_dag.py for tasks to queue
[2026-07-01T12:19:25.880+0000] {logging_mixin.py:188} INFO - [2026-07-01T12:19:25.879+0000] {dagbag.py:538} INFO - Filling up the DagBag from /home/airflow/.local/lib/python3.8/site-packages/airflow/example_dags/example_external_task_marker_dag.py
[2026-07-01T12:19:25.902+0000] {processor.py:840} INFO - DAG(s) 'example_external_task_marker_parent', 'example_external_task_marker_child' retrieved from /home/airflow/.local/lib/python3.8/site-packages/airflow/example_dags/example_external_task_marker_dag.py
[2026-07-01T12:19:26.029+0000] {logging_mixin.py:188} INFO - [2026-07-01T12:19:26.028+0000] {dag.py:3036} INFO - Sync 2 DAGs
[2026-07-01T12:19:26.066+0000] {logging_mixin.py:188} INFO - [2026-07-01T12:19:26.065+0000] {dag.py:3823} INFO - Setting next_dagrun for example_external_task_marker_child to None, run_after=None
[2026-07-01T12:19:26.076+0000] {logging_mixin.py:188} INFO - [2026-07-01T12:19:26.076+0000] {dag.py:3823} INFO - Setting next_dagrun for example_external_task_marker_parent to None, run_after=None
[2026-07-01T12:19:26.119+0000] {processor.py:183} INFO - Processing /home/airflow/.local/lib/python3.8/site-packages/airflow/example_dags/example_external_task_marker_dag.py took 0.263 seconds
[2026-07-01T12:19:58.808+0000] {processor.py:161} INFO - Started process (PID=1299) to work on /home/airflow/.local/lib/python3.8/site-packages/airflow/example_dags/example_external_task_marker_dag.py
[2026-07-01T12:19:58.815+0000] {processor.py:830} INFO - Processing file /home/airflow/.local/lib/python3.8/site-packages/airflow/example_dags/example_external_task_marker_dag.py for tasks to queue
[2026-07-01T12:19:58.821+0000] {logging_mixin.py:188} INFO - [2026-07-01T12:19:58.820+0000] {dagbag.py:538} INFO - Filling up the DagBag from /home/airflow/.local/lib/python3.8/site-packages/airflow/example_dags/example_external_task_marker_dag.py
[2026-07-01T12:19:58.849+0000] {processor.py:840} INFO - DAG(s) 'example_external_task_marker_child', 'example_external_task_marker_parent' retrieved from /home/airflow/.local/lib/python3.8/site-packages/airflow/example_dags/example_external_task_marker_dag.py
[2026-07-01T12:19:59.295+0000] {logging_mixin.py:188} INFO - [2026-07-01T12:19:59.294+0000] {dag.py:3036} INFO - Sync 2 DAGs
[2026-07-01T12:19:59.381+0000] {logging_mixin.py:188} INFO - [2026-07-01T12:19:59.380+0000] {dag.py:3823} INFO - Setting next_dagrun for example_external_task_marker_child to None, run_after=None
[2026-07-01T12:19:59.402+0000] {logging_mixin.py:188} INFO - [2026-07-01T12:19:59.401+0000] {dag.py:3823} INFO - Setting next_dagrun for example_external_task_marker_parent to None, run_after=None
[2026-07-01T12:19:59.506+0000] {processor.py:183} INFO - Processing /home/airflow/.local/lib/python3.8/site-packages/airflow/example_dags/example_external_task_marker_dag.py took 0.708 seconds
[2026-07-01T12:20:34.509+0000] {processor.py:161} INFO - Started process (PID=1354) to work on /home/airflow/.local/lib/python3.8/site-packages/airflow/example_dags/example_external_task_marker_dag.py
[2026-07-01T12:20:34.526+0000] {processor.py:830} INFO - Processing file /home/airflow/.local/lib/python3.8/site-packages/airflow/example_dags/example_external_task_marker_dag.py for tasks to queue
[2026-07-01T12:20:34.560+0000] {logging_mixin.py:188} INFO - [2026-07-01T12:20:34.549+0000] {dagbag.py:538} INFO - Filling up the DagBag from /home/airflow/.local/lib/python3.8/site-packages/airflow/example_dags/example_external_task_marker_dag.py
[2026-07-01T12:20:34.657+0000] {processor.py:840} INFO - DAG(s) 'example_external_task_marker_child', 'example_external_task_marker_parent' retrieved from /home/airflow/.local/lib/python3.8/site-packages/airflow/example_dags/example_external_task_marker_dag.py
[2026-07-01T12:20:34.980+0000] {logging_mixin.py:188} INFO - [2026-07-01T12:20:34.979+0000] {dag.py:3036} INFO - Sync 2 DAGs
[2026-07-01T12:20:35.053+0000] {logging_mixin.py:188} INFO - [2026-07-01T12:20:35.052+0000] {dag.py:3823} INFO - Setting next_dagrun for example_external_task_marker_child to None, run_after=None
[2026-07-01T12:20:35.073+0000] {logging_mixin.py:188} INFO - [2026-07-01T12:20:35.070+0000] {dag.py:3823} INFO - Setting next_dagrun for example_external_task_marker_parent to None, run_after=None
[2026-07-01T12:20:35.160+0000] {processor.py:183} INFO - Processing /home/airflow/.local/lib/python3.8/site-packages/airflow/example_dags/example_external_task_marker_dag.py took 0.672 seconds
[2026-07-01T12:21:05.448+0000] {processor.py:161} INFO - Started process (PID=1416) to work on /home/airflow/.local/lib/python3.8/site-packages/airflow/example_dags/example_external_task_marker_dag.py
[2026-07-01T12:21:05.451+0000] {processor.py:830} INFO - Processing file /home/airflow/.local/lib/python3.8/site-packages/airflow/example_dags/example_external_task_marker_dag.py for tasks to queue
[2026-07-01T12:21:05.456+0000] {logging_mixin.py:188} INFO - [2026-07-01T12:21:05.456+0000] {dagbag.py:538} INFO - Filling up the DagBag from /home/airflow/.local/lib/python3.8/site-packages/airflow/example_dags/example_external_task_marker_dag.py
[2026-07-01T12:21:05.474+0000] {processor.py:840} INFO - DAG(s) 'example_external_task_marker_child', 'example_external_task_marker_parent' retrieved from /home/airflow/.local/lib/python3.8/site-packages/airflow/example_dags/example_external_task_marker_dag.py
[2026-07-01T12:21:05.533+0000] {logging_mixin.py:188} INFO - [2026-07-01T12:21:05.532+0000] {dag.py:3036} INFO - Sync 2 DAGs
[2026-07-01T12:21:05.564+0000] {logging_mixin.py:188} INFO - [2026-07-01T12:21:05.563+0000] {dag.py:3823} INFO - Setting next_dagrun for example_external_task_marker_child to None, run_after=None
[2026-07-01T12:21:05.573+0000] {logging_mixin.py:188} INFO - [2026-07-01T12:21:05.572+0000] {dag.py:3823} INFO - Setting next_dagrun for example_external_task_marker_parent to None, run_after=None
[2026-07-01T12:21:05.619+0000] {processor.py:183} INFO - Processing /home/airflow/.local/lib/python3.8/site-packages/airflow/example_dags/example_external_task_marker_dag.py took 0.180 seconds
[2026-07-01T12:21:35.811+0000] {processor.py:161} INFO - Started process (PID=1472) to work on /home/airflow/.local/lib/python3.8/site-packages/airflow/example_dags/example_external_task_marker_dag.py
[2026-07-01T12:21:35.814+0000] {processor.py:830} INFO - Processing file /home/airflow/.local/lib/python3.8/site-packages/airflow/example_dags/example_external_task_marker_dag.py for tasks to queue
[2026-07-01T12:21:35.820+0000] {logging_mixin.py:188} INFO - [2026-07-01T12:21:35.819+0000] {dagbag.py:538} INFO - Filling up the DagBag from /home/airflow/.local/lib/python3.8/site-packages/airflow/example_dags/example_external_task_marker_dag.py
[2026-07-01T12:21:35.837+0000] {processor.py:840} INFO - DAG(s) 'example_external_task_marker_parent', 'example_external_task_marker_child' retrieved from /home/airflow/.local/lib/python3.8/site-packages/airflow/example_dags/example_external_task_marker_dag.py
[2026-07-01T12:21:35.903+0000] {logging_mixin.py:188} INFO - [2026-07-01T12:21:35.903+0000] {dag.py:3036} INFO - Sync 2 DAGs
[2026-07-01T12:21:35.943+0000] {logging_mixin.py:188} INFO - [2026-07-01T12:21:35.943+0000] {dag.py:3823} INFO - Setting next_dagrun for example_external_task_marker_child to None, run_after=None
[2026-07-01T12:21:35.954+0000] {logging_mixin.py:188} INFO - [2026-07-01T12:21:35.953+0000] {dag.py:3823} INFO - Setting next_dagrun for example_external_task_marker_parent to None, run_after=None
[2026-07-01T12:21:36.002+0000] {processor.py:183} INFO - Processing /home/airflow/.local/lib/python3.8/site-packages/airflow/example_dags/example_external_task_marker_dag.py took 0.200 seconds
[2026-07-01T12:22:06.119+0000] {processor.py:161} INFO - Started process (PID=1528) to work on /home/airflow/.local/lib/python3.8/site-packages/airflow/example_dags/example_external_task_marker_dag.py
[2026-07-01T12:22:06.122+0000] {processor.py:830} INFO - Processing file /home/airflow/.local/lib/python3.8/site-packages/airflow/example_dags/example_external_task_marker_dag.py for tasks to queue
[2026-07-01T12:22:06.128+0000] {logging_mixin.py:188} INFO - [2026-07-01T12:22:06.127+0000] {dagbag.py:538} INFO - Filling up the DagBag from /home/airflow/.local/lib/python3.8/site-packages/airflow/example_dags/example_external_task_marker_dag.py
[2026-07-01T12:22:06.144+0000] {processor.py:840} INFO - DAG(s) 'example_external_task_marker_child', 'example_external_task_marker_parent' retrieved from /home/airflow/.local/lib/python3.8/site-packages/airflow/example_dags/example_external_task_marker_dag.py
[2026-07-01T12:22:06.196+0000] {logging_mixin.py:188} INFO - [2026-07-01T12:22:06.196+0000] {dag.py:3036} INFO - Sync 2 DAGs
[2026-07-01T12:22:06.224+0000] {logging_mixin.py:188} INFO - [2026-07-01T12:22:06.223+0000] {dag.py:3823} INFO - Setting next_dagrun for example_external_task_marker_child to None, run_after=None
[2026-07-01T12:22:06.231+0000] {logging_mixin.py:188} INFO - [2026-07-01T12:22:06.231+0000] {dag.py:3823} INFO - Setting next_dagrun for example_external_task_marker_parent to None, run_after=None
[2026-07-01T12:22:06.266+0000] {processor.py:183} INFO - Processing /home/airflow/.local/lib/python3.8/site-packages/airflow/example_dags/example_external_task_marker_dag.py took 0.155 seconds
[2026-07-01T12:22:36.580+0000] {processor.py:161} INFO - Started process (PID=1584) to work on /home/airflow/.local/lib/python3.8/site-packages/airflow/example_dags/example_external_task_marker_dag.py
[2026-07-01T12:22:36.584+0000] {processor.py:830} INFO - Processing file /home/airflow/.local/lib/python3.8/site-packages/airflow/example_dags/example_external_task_marker_dag.py for tasks to queue
[2026-07-01T12:22:36.593+0000] {logging_mixin.py:188} INFO - [2026-07-01T12:22:36.592+0000] {dagbag.py:538} INFO - Filling up the DagBag from /home/airflow/.local/lib/python3.8/site-packages/airflow/example_dags/example_external_task_marker_dag.py
[2026-07-01T12:22:36.618+0000] {processor.py:840} INFO - DAG(s) 'example_external_task_marker_child', 'example_external_task_marker_parent' retrieved from /home/airflow/.local/lib/python3.8/site-packages/airflow/example_dags/example_external_task_marker_dag.py
[2026-07-01T12:22:36.675+0000] {logging_mixin.py:188} INFO - [2026-07-01T12:22:36.675+0000] {dag.py:3036} INFO - Sync 2 DAGs
[2026-07-01T12:22:36.707+0000] {logging_mixin.py:188} INFO - [2026-07-01T12:22:36.706+0000] {dag.py:3823} INFO - Setting next_dagrun for example_external_task_marker_child to None, run_after=None
[2026-07-01T12:22:36.716+0000] {logging_mixin.py:188} INFO - [2026-07-01T12:22:36.715+0000] {dag.py:3823} INFO - Setting next_dagrun for example_external_task_marker_parent to None, run_after=None
[2026-07-01T12:22:36.759+0000] {processor.py:183} INFO - Processing /home/airflow/.local/lib/python3.8/site-packages/airflow/example_dags/example_external_task_marker_dag.py took 0.187 seconds
[2026-07-01T12:23:07.500+0000] {processor.py:161} INFO - Started process (PID=1640) to work on /home/airflow/.local/lib/python3.8/site-packages/airflow/example_dags/example_external_task_marker_dag.py
[2026-07-01T12:23:07.503+0000] {processor.py:830} INFO - Processing file /home/airflow/.local/lib/python3.8/site-packages/airflow/example_dags/example_external_task_marker_dag.py for tasks to queue
[2026-07-01T12:23:07.509+0000] {logging_mixin.py:188} INFO - [2026-07-01T12:23:07.508+0000] {dagbag.py:538} INFO - Filling up the DagBag from /home/airflow/.local/lib/python3.8/site-packages/airflow/example_dags/example_external_task_marker_dag.py
[2026-07-01T12:23:07.524+0000] {processor.py:840} INFO - DAG(s) 'example_external_task_marker_parent', 'example_external_task_marker_child' retrieved from /home/airflow/.local/lib/python3.8/site-packages/airflow/example_dags/example_external_task_marker_dag.py
[2026-07-01T12:23:07.579+0000] {logging_mixin.py:188} INFO - [2026-07-01T12:23:07.579+0000] {dag.py:3036} INFO - Sync 2 DAGs
[2026-07-01T12:23:07.608+0000] {logging_mixin.py:188} INFO - [2026-07-01T12:23:07.607+0000] {dag.py:3823} INFO - Setting next_dagrun for example_external_task_marker_child to None, run_after=None
[2026-07-01T12:23:07.617+0000] {logging_mixin.py:188} INFO - [2026-07-01T12:23:07.617+0000] {dag.py:3823} INFO - Setting next_dagrun for example_external_task_marker_parent to None, run_after=None
[2026-07-01T12:23:07.653+0000] {processor.py:183} INFO - Processing /home/airflow/.local/lib/python3.8/site-packages/airflow/example_dags/example_external_task_marker_dag.py took 0.161 seconds
[2026-07-01T12:23:39.008+0000] {processor.py:161} INFO - Started process (PID=1696) to work on /home/airflow/.local/lib/python3.8/site-packages/airflow/example_dags/example_external_task_marker_dag.py
[2026-07-01T12:23:39.011+0000] {processor.py:830} INFO - Processing file /home/airflow/.local/lib/python3.8/site-packages/airflow/example_dags/example_external_task_marker_dag.py for tasks to queue
[2026-07-01T12:23:39.018+0000] {logging_mixin.py:188} INFO - [2026-07-01T12:23:39.017+0000] {dagbag.py:538} INFO - Filling up the DagBag from /home/airflow/.local/lib/python3.8/site-packages/airflow/example_dags/example_external_task_marker_dag.py
[2026-07-01T12:23:39.039+0000] {processor.py:840} INFO - DAG(s) 'example_external_task_marker_child', 'example_external_task_marker_parent' retrieved from /home/airflow/.local/lib/python3.8/site-packages/airflow/example_dags/example_external_task_marker_dag.py
[2026-07-01T12:23:39.113+0000] {logging_mixin.py:188} INFO - [2026-07-01T12:23:39.113+0000] {dag.py:3036} INFO - Sync 2 DAGs
[2026-07-01T12:23:39.154+0000] {logging_mixin.py:188} INFO - [2026-07-01T12:23:39.154+0000] {dag.py:3823} INFO - Setting next_dagrun for example_external_task_marker_child to None, run_after=None
[2026-07-01T12:23:39.167+0000] {logging_mixin.py:188} INFO - [2026-07-01T12:23:39.167+0000] {dag.py:3823} INFO - Setting next_dagrun for example_external_task_marker_parent to None, run_after=None
[2026-07-01T12:23:39.263+0000] {processor.py:183} INFO - Processing /home/airflow/.local/lib/python3.8/site-packages/airflow/example_dags/example_external_task_marker_dag.py took 0.265 seconds
[2026-07-01T12:24:09.758+0000] {processor.py:161} INFO - Started process (PID=1752) to work on /home/airflow/.local/lib/python3.8/site-packages/airflow/example_dags/example_external_task_marker_dag.py
[2026-07-01T12:24:09.761+0000] {processor.py:830} INFO - Processing file /home/airflow/.local/lib/python3.8/site-packages/airflow/example_dags/example_external_task_marker_dag.py for tasks to queue
[2026-07-01T12:24:09.768+0000] {logging_mixin.py:188} INFO - [2026-07-01T12:24:09.767+0000] {dagbag.py:538} INFO - Filling up the DagBag from /home/airflow/.local/lib/python3.8/site-packages/airflow/example_dags/example_external_task_marker_dag.py
[2026-07-01T12:24:09.787+0000] {processor.py:840} INFO - DAG(s) 'example_external_task_marker_parent', 'example_external_task_marker_child' retrieved from /home/airflow/.local/lib/python3.8/site-packages/airflow/example_dags/example_external_task_marker_dag.py
[2026-07-01T12:24:09.858+0000] {logging_mixin.py:188} INFO - [2026-07-01T12:24:09.857+0000] {dag.py:3036} INFO - Sync 2 DAGs
[2026-07-01T12:24:09.906+0000] {logging_mixin.py:188} INFO - [2026-07-01T12:24:09.905+0000] {dag.py:3823} INFO - Setting next_dagrun for example_external_task_marker_child to None, run_after=None
[2026-07-01T12:24:09.919+0000] {logging_mixin.py:188} INFO - [2026-07-01T12:24:09.918+0000] {dag.py:3823} INFO - Setting next_dagrun for example_external_task_marker_parent to None, run_after=None
[2026-07-01T12:24:09.973+0000] {processor.py:183} INFO - Processing /home/airflow/.local/lib/python3.8/site-packages/airflow/example_dags/example_external_task_marker_dag.py took 0.226 seconds
[2026-07-01T12:24:40.067+0000] {processor.py:161} INFO - Started process (PID=1808) to work on /home/airflow/.local/lib/python3.8/site-packages/airflow/example_dags/example_external_task_marker_dag.py
[2026-07-01T12:24:40.071+0000] {processor.py:830} INFO - Processing file /home/airflow/.local/lib/python3.8/site-packages/airflow/example_dags/example_external_task_marker_dag.py for tasks to queue
[2026-07-01T12:24:40.076+0000] {logging_mixin.py:188} INFO - [2026-07-01T12:24:40.076+0000] {dagbag.py:538} INFO - Filling up the DagBag from /home/airflow/.local/lib/python3.8/site-packages/airflow/example_dags/example_external_task_marker_dag.py
[2026-07-01T12:24:40.093+0000] {processor.py:840} INFO - DAG(s) 'example_external_task_marker_child', 'example_external_task_marker_parent' retrieved from /home/airflow/.local/lib/python3.8/site-packages/airflow/example_dags/example_external_task_marker_dag.py
[2026-07-01T12:24:40.150+0000] {logging_mixin.py:188} INFO - [2026-07-01T12:24:40.149+0000] {dag.py:3036} INFO - Sync 2 DAGs
[2026-07-01T12:24:40.189+0000] {logging_mixin.py:188} INFO - [2026-07-01T12:24:40.188+0000] {dag.py:3823} INFO - Setting next_dagrun for example_external_task_marker_child to None, run_after=None
[2026-07-01T12:24:40.199+0000] {logging_mixin.py:188} INFO - [2026-07-01T12:24:40.198+0000] {dag.py:3823} INFO - Setting next_dagrun for example_external_task_marker_parent to None, run_after=None
[2026-07-01T12:24:40.244+0000] {processor.py:183} INFO - Processing /home/airflow/.local/lib/python3.8/site-packages/airflow/example_dags/example_external_task_marker_dag.py took 0.186 seconds
[2026-07-01T12:25:11.205+0000] {processor.py:161} INFO - Started process (PID=1864) to work on /home/airflow/.local/lib/python3.8/site-packages/airflow/example_dags/example_external_task_marker_dag.py
[2026-07-01T12:25:11.208+0000] {processor.py:830} INFO - Processing file /home/airflow/.local/lib/python3.8/site-packages/airflow/example_dags/example_external_task_marker_dag.py for tasks to queue
[2026-07-01T12:25:11.214+0000] {logging_mixin.py:188} INFO - [2026-07-01T12:25:11.213+0000] {dagbag.py:538} INFO - Filling up the DagBag from /home/airflow/.local/lib/python3.8/site-packages/airflow/example_dags/example_external_task_marker_dag.py
[2026-07-01T12:25:11.231+0000] {processor.py:840} INFO - DAG(s) 'example_external_task_marker_parent', 'example_external_task_marker_child' retrieved from /home/airflow/.local/lib/python3.8/site-packages/airflow/example_dags/example_external_task_marker_dag.py
[2026-07-01T12:25:11.301+0000] {logging_mixin.py:188} INFO - [2026-07-01T12:25:11.300+0000] {dag.py:3036} INFO - Sync 2 DAGs
[2026-07-01T12:25:11.334+0000] {logging_mixin.py:188} INFO - [2026-07-01T12:25:11.333+0000] {dag.py:3823} INFO - Setting next_dagrun for example_external_task_marker_child to None, run_after=None
[2026-07-01T12:25:11.343+0000] {logging_mixin.py:188} INFO - [2026-07-01T12:25:11.343+0000] {dag.py:3823} INFO - Setting next_dagrun for example_external_task_marker_parent to None, run_after=None
[2026-07-01T12:25:11.384+0000] {processor.py:183} INFO - Processing /home/airflow/.local/lib/python3.8/site-packages/airflow/example_dags/example_external_task_marker_dag.py took 0.187 seconds
[2026-07-01T12:25:42.022+0000] {processor.py:161} INFO - Started process (PID=1920) to work on /home/airflow/.local/lib/python3.8/site-packages/airflow/example_dags/example_external_task_marker_dag.py
[2026-07-01T12:25:42.025+0000] {processor.py:830} INFO - Processing file /home/airflow/.local/lib/python3.8/site-packages/airflow/example_dags/example_external_task_marker_dag.py for tasks to queue
[2026-07-01T12:25:42.030+0000] {logging_mixin.py:188} INFO - [2026-07-01T12:25:42.029+0000] {dagbag.py:538} INFO - Filling up the DagBag from /home/airflow/.local/lib/python3.8/site-packages/airflow/example_dags/example_external_task_marker_dag.py
[2026-07-01T12:25:42.045+0000] {processor.py:840} INFO - DAG(s) 'example_external_task_marker_child', 'example_external_task_marker_parent' retrieved from /home/airflow/.local/lib/python3.8/site-packages/airflow/example_dags/example_external_task_marker_dag.py
[2026-07-01T12:25:42.098+0000] {logging_mixin.py:188} INFO - [2026-07-01T12:25:42.097+0000] {dag.py:3036} INFO - Sync 2 DAGs
[2026-07-01T12:25:42.126+0000] {logging_mixin.py:188} INFO - [2026-07-01T12:25:42.125+0000] {dag.py:3823} INFO - Setting next_dagrun for example_external_task_marker_child to None, run_after=None
[2026-07-01T12:25:42.134+0000] {logging_mixin.py:188} INFO - [2026-07-01T12:25:42.134+0000] {dag.py:3823} INFO - Setting next_dagrun for example_external_task_marker_parent to None, run_after=None
[2026-07-01T12:25:42.168+0000] {processor.py:183} INFO - Processing /home/airflow/.local/lib/python3.8/site-packages/airflow/example_dags/example_external_task_marker_dag.py took 0.154 seconds
[2026-07-01T12:26:13.198+0000] {processor.py:161} INFO - Started process (PID=1976) to work on /home/airflow/.local/lib/python3.8/site-packages/airflow/example_dags/example_external_task_marker_dag.py
[2026-07-01T12:26:13.203+0000] {processor.py:830} INFO - Processing file /home/airflow/.local/lib/python3.8/site-packages/airflow/example_dags/example_external_task_marker_dag.py for tasks to queue
[2026-07-01T12:26:13.210+0000] {logging_mixin.py:188} INFO - [2026-07-01T12:26:13.209+0000] {dagbag.py:538} INFO - Filling up the DagBag from /home/airflow/.local/lib/python3.8/site-packages/airflow/example_dags/example_external_task_marker_dag.py
[2026-07-01T12:26:13.231+0000] {processor.py:840} INFO - DAG(s) 'example_external_task_marker_parent', 'example_external_task_marker_child' retrieved from /home/airflow/.local/lib/python3.8/site-packages/airflow/example_dags/example_external_task_marker_dag.py
[2026-07-01T12:26:13.301+0000] {logging_mixin.py:188} INFO - [2026-07-01T12:26:13.301+0000] {dag.py:3036} INFO - Sync 2 DAGs
[2026-07-01T12:26:13.338+0000] {logging_mixin.py:188} INFO - [2026-07-01T12:26:13.338+0000] {dag.py:3823} INFO - Setting next_dagrun for example_external_task_marker_child to None, run_after=None
[2026-07-01T12:26:13.350+0000] {logging_mixin.py:188} INFO - [2026-07-01T12:26:13.349+0000] {dag.py:3823} INFO - Setting next_dagrun for example_external_task_marker_parent to None, run_after=None
[2026-07-01T12:26:13.402+0000] {processor.py:183} INFO - Processing /home/airflow/.local/lib/python3.8/site-packages/airflow/example_dags/example_external_task_marker_dag.py took 0.216 seconds
[2026-07-01T12:26:43.812+0000] {processor.py:161} INFO - Started process (PID=2032) to work on /home/airflow/.local/lib/python3.8/site-packages/airflow/example_dags/example_external_task_marker_dag.py
[2026-07-01T12:26:43.815+0000] {processor.py:830} INFO - Processing file /home/airflow/.local/lib/python3.8/site-packages/airflow/example_dags/example_external_task_marker_dag.py for tasks to queue
[2026-07-01T12:26:43.821+0000] {logging_mixin.py:188} INFO - [2026-07-01T12:26:43.820+0000] {dagbag.py:538} INFO - Filling up the DagBag from /home/airflow/.local/lib/python3.8/site-packages/airflow/example_dags/example_external_task_marker_dag.py
[2026-07-01T12:26:43.843+0000] {processor.py:840} INFO - DAG(s) 'example_external_task_marker_parent', 'example_external_task_marker_child' retrieved from /home/airflow/.local/lib/python3.8/site-packages/airflow/example_dags/example_external_task_marker_dag.py
[2026-07-01T12:26:43.903+0000] {logging_mixin.py:188} INFO - [2026-07-01T12:26:43.902+0000] {dag.py:3036} INFO - Sync 2 DAGs
[2026-07-01T12:26:43.937+0000] {logging_mixin.py:188} INFO - [2026-07-01T12:26:43.937+0000] {dag.py:3823} INFO - Setting next_dagrun for example_external_task_marker_child to None, run_after=None
[2026-07-01T12:26:43.948+0000] {logging_mixin.py:188} INFO - [2026-07-01T12:26:43.947+0000] {dag.py:3823} INFO - Setting next_dagrun for example_external_task_marker_parent to None, run_after=None
[2026-07-01T12:26:43.995+0000] {processor.py:183} INFO - Processing /home/airflow/.local/lib/python3.8/site-packages/airflow/example_dags/example_external_task_marker_dag.py took 0.192 seconds
[2026-07-01T12:27:14.292+0000] {processor.py:161} INFO - Started process (PID=2086) to work on /home/airflow/.local/lib/python3.8/site-packages/airflow/example_dags/example_external_task_marker_dag.py
[2026-07-01T12:27:14.299+0000] {processor.py:830} INFO - Processing file /home/airflow/.local/lib/python3.8/site-packages/airflow/example_dags/example_external_task_marker_dag.py for tasks to queue
[2026-07-01T12:27:14.329+0000] {logging_mixin.py:188} INFO - [2026-07-01T12:27:14.326+0000] {dagbag.py:538} INFO - Filling up the DagBag from /home/airflow/.local/lib/python3.8/site-packages/airflow/example_dags/example_external_task_marker_dag.py
[2026-07-01T12:27:14.369+0000] {processor.py:840} INFO - DAG(s) 'example_external_task_marker_parent', 'example_external_task_marker_child' retrieved from /home/airflow/.local/lib/python3.8/site-packages/airflow/example_dags/example_external_task_marker_dag.py
[2026-07-01T12:27:14.506+0000] {logging_mixin.py:188} INFO - [2026-07-01T12:27:14.505+0000] {dag.py:3036} INFO - Sync 2 DAGs
[2026-07-01T12:27:14.584+0000] {logging_mixin.py:188} INFO - [2026-07-01T12:27:14.584+0000] {dag.py:3823} INFO - Setting next_dagrun for example_external_task_marker_child to None, run_after=None
[2026-07-01T12:27:14.620+0000] {logging_mixin.py:188} INFO - [2026-07-01T12:27:14.619+0000] {dag.py:3823} INFO - Setting next_dagrun for example_external_task_marker_parent to None, run_after=None
[2026-07-01T12:27:14.728+0000] {processor.py:183} INFO - Processing /home/airflow/.local/lib/python3.8/site-packages/airflow/example_dags/example_external_task_marker_dag.py took 0.461 seconds
[2026-07-01T12:27:45.151+0000] {processor.py:161} INFO - Started process (PID=2142) to work on /home/airflow/.local/lib/python3.8/site-packages/airflow/example_dags/example_external_task_marker_dag.py
[2026-07-01T12:27:45.154+0000] {processor.py:830} INFO - Processing file /home/airflow/.local/lib/python3.8/site-packages/airflow/example_dags/example_external_task_marker_dag.py for tasks to queue
[2026-07-01T12:27:45.162+0000] {logging_mixin.py:188} INFO - [2026-07-01T12:27:45.161+0000] {dagbag.py:538} INFO - Filling up the DagBag from /home/airflow/.local/lib/python3.8/site-packages/airflow/example_dags/example_external_task_marker_dag.py
[2026-07-01T12:27:45.179+0000] {processor.py:840} INFO - DAG(s) 'example_external_task_marker_child', 'example_external_task_marker_parent' retrieved from /home/airflow/.local/lib/python3.8/site-packages/airflow/example_dags/example_external_task_marker_dag.py
[2026-07-01T12:27:45.236+0000] {logging_mixin.py:188} INFO - [2026-07-01T12:27:45.236+0000] {dag.py:3036} INFO - Sync 2 DAGs
[2026-07-01T12:27:45.264+0000] {logging_mixin.py:188} INFO - [2026-07-01T12:27:45.263+0000] {dag.py:3823} INFO - Setting next_dagrun for example_external_task_marker_child to None, run_after=None
[2026-07-01T12:27:45.272+0000] {logging_mixin.py:188} INFO - [2026-07-01T12:27:45.271+0000] {dag.py:3823} INFO - Setting next_dagrun for example_external_task_marker_parent to None, run_after=None
[2026-07-01T12:27:45.306+0000] {processor.py:183} INFO - Processing /home/airflow/.local/lib/python3.8/site-packages/airflow/example_dags/example_external_task_marker_dag.py took 0.165 seconds
[2026-07-01T12:28:15.660+0000] {processor.py:161} INFO - Started process (PID=2198) to work on /home/airflow/.local/lib/python3.8/site-packages/airflow/example_dags/example_external_task_marker_dag.py
[2026-07-01T12:28:15.664+0000] {processor.py:830} INFO - Processing file /home/airflow/.local/lib/python3.8/site-packages/airflow/example_dags/example_external_task_marker_dag.py for tasks to queue
[2026-07-01T12:28:15.670+0000] {logging_mixin.py:188} INFO - [2026-07-01T12:28:15.670+0000] {dagbag.py:538} INFO - Filling up the DagBag from /home/airflow/.local/lib/python3.8/site-packages/airflow/example_dags/example_external_task_marker_dag.py
[2026-07-01T12:28:15.688+0000] {processor.py:840} INFO - DAG(s) 'example_external_task_marker_child', 'example_external_task_marker_parent' retrieved from /home/airflow/.local/lib/python3.8/site-packages/airflow/example_dags/example_external_task_marker_dag.py
[2026-07-01T12:28:15.745+0000] {logging_mixin.py:188} INFO - [2026-07-01T12:28:15.745+0000] {dag.py:3036} INFO - Sync 2 DAGs
[2026-07-01T12:28:15.775+0000] {logging_mixin.py:188} INFO - [2026-07-01T12:28:15.775+0000] {dag.py:3823} INFO - Setting next_dagrun for example_external_task_marker_child to None, run_after=None
[2026-07-01T12:28:15.784+0000] {logging_mixin.py:188} INFO - [2026-07-01T12:28:15.783+0000] {dag.py:3823} INFO - Setting next_dagrun for example_external_task_marker_parent to None, run_after=None
[2026-07-01T12:28:15.819+0000] {processor.py:183} INFO - Processing /home/airflow/.local/lib/python3.8/site-packages/airflow/example_dags/example_external_task_marker_dag.py took 0.170 seconds
[2026-07-01T12:28:46.039+0000] {processor.py:161} INFO - Started process (PID=2255) to work on /home/airflow/.local/lib/python3.8/site-packages/airflow/example_dags/example_external_task_marker_dag.py
[2026-07-01T12:28:46.043+0000] {processor.py:830} INFO - Processing file /home/airflow/.local/lib/python3.8/site-packages/airflow/example_dags/example_external_task_marker_dag.py for tasks to queue
[2026-07-01T12:28:46.049+0000] {logging_mixin.py:188} INFO - [2026-07-01T12:28:46.048+0000] {dagbag.py:538} INFO - Filling up the DagBag from /home/airflow/.local/lib/python3.8/site-packages/airflow/example_dags/example_external_task_marker_dag.py
[2026-07-01T12:28:46.064+0000] {processor.py:840} INFO - DAG(s) 'example_external_task_marker_parent', 'example_external_task_marker_child' retrieved from /home/airflow/.local/lib/python3.8/site-packages/airflow/example_dags/example_external_task_marker_dag.py
[2026-07-01T12:28:46.119+0000] {logging_mixin.py:188} INFO - [2026-07-01T12:28:46.119+0000] {dag.py:3036} INFO - Sync 2 DAGs
[2026-07-01T12:28:46.151+0000] {logging_mixin.py:188} INFO - [2026-07-01T12:28:46.151+0000] {dag.py:3823} INFO - Setting next_dagrun for example_external_task_marker_child to None, run_after=None
[2026-07-01T12:28:46.163+0000] {logging_mixin.py:188} INFO - [2026-07-01T12:28:46.163+0000] {dag.py:3823} INFO - Setting next_dagrun for example_external_task_marker_parent to None, run_after=None
[2026-07-01T12:28:46.209+0000] {processor.py:183} INFO - Processing /home/airflow/.local/lib/python3.8/site-packages/airflow/example_dags/example_external_task_marker_dag.py took 0.178 seconds
[2026-07-01T12:29:16.714+0000] {processor.py:161} INFO - Started process (PID=2312) to work on /home/airflow/.local/lib/python3.8/site-packages/airflow/example_dags/example_external_task_marker_dag.py
[2026-07-01T12:29:16.717+0000] {processor.py:830} INFO - Processing file /home/airflow/.local/lib/python3.8/site-packages/airflow/example_dags/example_external_task_marker_dag.py for tasks to queue
[2026-07-01T12:29:16.723+0000] {logging_mixin.py:188} INFO - [2026-07-01T12:29:16.722+0000] {dagbag.py:538} INFO - Filling up the DagBag from /home/airflow/.local/lib/python3.8/site-packages/airflow/example_dags/example_external_task_marker_dag.py
[2026-07-01T12:29:16.740+0000] {processor.py:840} INFO - DAG(s) 'example_external_task_marker_parent', 'example_external_task_marker_child' retrieved from /home/airflow/.local/lib/python3.8/site-packages/airflow/example_dags/example_external_task_marker_dag.py
[2026-07-01T12:29:16.798+0000] {logging_mixin.py:188} INFO - [2026-07-01T12:29:16.798+0000] {dag.py:3036} INFO - Sync 2 DAGs
[2026-07-01T12:29:16.832+0000] {logging_mixin.py:188} INFO - [2026-07-01T12:29:16.832+0000] {dag.py:3823} INFO - Setting next_dagrun for example_external_task_marker_child to None, run_after=None
[2026-07-01T12:29:16.842+0000] {logging_mixin.py:188} INFO - [2026-07-01T12:29:16.842+0000] {dag.py:3823} INFO - Setting next_dagrun for example_external_task_marker_parent to None, run_after=None
[2026-07-01T12:29:16.882+0000] {processor.py:183} INFO - Processing /home/airflow/.local/lib/python3.8/site-packages/airflow/example_dags/example_external_task_marker_dag.py took 0.176 seconds
