[2026-07-01T11:58:39.299+0000] {processor.py:161} INFO - Started process (PID=120) to work on /home/airflow/.local/lib/python3.8/site-packages/airflow/example_dags/example_params_trigger_ui.py
[2026-07-01T11:58:39.305+0000] {processor.py:830} INFO - Processing file /home/airflow/.local/lib/python3.8/site-packages/airflow/example_dags/example_params_trigger_ui.py for tasks to queue
[2026-07-01T11:58:39.315+0000] {logging_mixin.py:188} INFO - [2026-07-01T11:58:39.314+0000] {dagbag.py:538} INFO - Filling up the DagBag from /home/airflow/.local/lib/python3.8/site-packages/airflow/example_dags/example_params_trigger_ui.py
[2026-07-01T11:58:39.423+0000] {processor.py:840} INFO - DAG(s) 'example_params_trigger_ui' retrieved from /home/airflow/.local/lib/python3.8/site-packages/airflow/example_dags/example_params_trigger_ui.py
[2026-07-01T11:58:40.366+0000] {logging_mixin.py:188} INFO - [2026-07-01T11:58:40.365+0000] {dag.py:3036} INFO - Sync 1 DAGs
[2026-07-01T11:58:40.405+0000] {logging_mixin.py:188} INFO - [2026-07-01T11:58:40.405+0000] {dag.py:3823} INFO - Setting next_dagrun for example_params_trigger_ui to None, run_after=None
[2026-07-01T11:58:40.531+0000] {processor.py:183} INFO - Processing /home/airflow/.local/lib/python3.8/site-packages/airflow/example_dags/example_params_trigger_ui.py took 1.257 seconds
[2026-07-01T11:59:10.661+0000] {processor.py:161} INFO - Started process (PID=175) to work on /home/airflow/.local/lib/python3.8/site-packages/airflow/example_dags/example_params_trigger_ui.py
[2026-07-01T11:59:10.666+0000] {processor.py:830} INFO - Processing file /home/airflow/.local/lib/python3.8/site-packages/airflow/example_dags/example_params_trigger_ui.py for tasks to queue
[2026-07-01T11:59:10.674+0000] {logging_mixin.py:188} INFO - [2026-07-01T11:59:10.673+0000] {dagbag.py:538} INFO - Filling up the DagBag from /home/airflow/.local/lib/python3.8/site-packages/airflow/example_dags/example_params_trigger_ui.py
[2026-07-01T11:59:10.754+0000] {processor.py:840} INFO - DAG(s) 'example_params_trigger_ui' retrieved from /home/airflow/.local/lib/python3.8/site-packages/airflow/example_dags/example_params_trigger_ui.py
[2026-07-01T11:59:10.925+0000] {logging_mixin.py:188} INFO - [2026-07-01T11:59:10.924+0000] {dag.py:3036} INFO - Sync 1 DAGs
[2026-07-01T11:59:11.000+0000] {logging_mixin.py:188} INFO - [2026-07-01T11:59:10.999+0000] {dag.py:3823} INFO - Setting next_dagrun for example_params_trigger_ui to None, run_after=None
[2026-07-01T11:59:11.088+0000] {processor.py:183} INFO - Processing /home/airflow/.local/lib/python3.8/site-packages/airflow/example_dags/example_params_trigger_ui.py took 0.438 seconds
[2026-07-01T11:59:41.441+0000] {processor.py:161} INFO - Started process (PID=230) to work on /home/airflow/.local/lib/python3.8/site-packages/airflow/example_dags/example_params_trigger_ui.py
[2026-07-01T11:59:41.444+0000] {processor.py:830} INFO - Processing file /home/airflow/.local/lib/python3.8/site-packages/airflow/example_dags/example_params_trigger_ui.py for tasks to queue
[2026-07-01T11:59:41.449+0000] {logging_mixin.py:188} INFO - [2026-07-01T11:59:41.448+0000] {dagbag.py:538} INFO - Filling up the DagBag from /home/airflow/.local/lib/python3.8/site-packages/airflow/example_dags/example_params_trigger_ui.py
[2026-07-01T11:59:41.485+0000] {processor.py:840} INFO - DAG(s) 'example_params_trigger_ui' retrieved from /home/airflow/.local/lib/python3.8/site-packages/airflow/example_dags/example_params_trigger_ui.py
[2026-07-01T11:59:41.618+0000] {logging_mixin.py:188} INFO - [2026-07-01T11:59:41.617+0000] {dag.py:3036} INFO - Sync 1 DAGs
[2026-07-01T11:59:41.649+0000] {logging_mixin.py:188} INFO - [2026-07-01T11:59:41.649+0000] {dag.py:3823} INFO - Setting next_dagrun for example_params_trigger_ui to None, run_after=None
[2026-07-01T11:59:41.705+0000] {processor.py:183} INFO - Processing /home/airflow/.local/lib/python3.8/site-packages/airflow/example_dags/example_params_trigger_ui.py took 0.273 seconds
[2026-07-01T12:00:12.497+0000] {processor.py:161} INFO - Started process (PID=285) to work on /home/airflow/.local/lib/python3.8/site-packages/airflow/example_dags/example_params_trigger_ui.py
[2026-07-01T12:00:12.500+0000] {processor.py:830} INFO - Processing file /home/airflow/.local/lib/python3.8/site-packages/airflow/example_dags/example_params_trigger_ui.py for tasks to queue
[2026-07-01T12:00:12.505+0000] {logging_mixin.py:188} INFO - [2026-07-01T12:00:12.505+0000] {dagbag.py:538} INFO - Filling up the DagBag from /home/airflow/.local/lib/python3.8/site-packages/airflow/example_dags/example_params_trigger_ui.py
[2026-07-01T12:00:12.538+0000] {processor.py:840} INFO - DAG(s) 'example_params_trigger_ui' retrieved from /home/airflow/.local/lib/python3.8/site-packages/airflow/example_dags/example_params_trigger_ui.py
[2026-07-01T12:00:12.568+0000] {logging_mixin.py:188} INFO - [2026-07-01T12:00:12.568+0000] {dag.py:3036} INFO - Sync 1 DAGs
[2026-07-01T12:00:12.600+0000] {logging_mixin.py:188} INFO - [2026-07-01T12:00:12.600+0000] {dag.py:3823} INFO - Setting next_dagrun for example_params_trigger_ui to None, run_after=None
[2026-07-01T12:00:12.649+0000] {processor.py:183} INFO - Processing /home/airflow/.local/lib/python3.8/site-packages/airflow/example_dags/example_params_trigger_ui.py took 0.160 seconds
[2026-07-01T12:00:43.256+0000] {processor.py:161} INFO - Started process (PID=340) to work on /home/airflow/.local/lib/python3.8/site-packages/airflow/example_dags/example_params_trigger_ui.py
[2026-07-01T12:00:43.259+0000] {processor.py:830} INFO - Processing file /home/airflow/.local/lib/python3.8/site-packages/airflow/example_dags/example_params_trigger_ui.py for tasks to queue
[2026-07-01T12:00:43.266+0000] {logging_mixin.py:188} INFO - [2026-07-01T12:00:43.265+0000] {dagbag.py:538} INFO - Filling up the DagBag from /home/airflow/.local/lib/python3.8/site-packages/airflow/example_dags/example_params_trigger_ui.py
[2026-07-01T12:00:43.313+0000] {processor.py:840} INFO - DAG(s) 'example_params_trigger_ui' retrieved from /home/airflow/.local/lib/python3.8/site-packages/airflow/example_dags/example_params_trigger_ui.py
[2026-07-01T12:00:43.691+0000] {logging_mixin.py:188} INFO - [2026-07-01T12:00:43.690+0000] {dag.py:3036} INFO - Sync 1 DAGs
[2026-07-01T12:00:43.722+0000] {logging_mixin.py:188} INFO - [2026-07-01T12:00:43.721+0000] {dag.py:3823} INFO - Setting next_dagrun for example_params_trigger_ui to None, run_after=None
[2026-07-01T12:00:43.779+0000] {processor.py:183} INFO - Processing /home/airflow/.local/lib/python3.8/site-packages/airflow/example_dags/example_params_trigger_ui.py took 0.534 seconds
[2026-07-01T12:01:14.067+0000] {processor.py:161} INFO - Started process (PID=395) to work on /home/airflow/.local/lib/python3.8/site-packages/airflow/example_dags/example_params_trigger_ui.py
[2026-07-01T12:01:14.070+0000] {processor.py:830} INFO - Processing file /home/airflow/.local/lib/python3.8/site-packages/airflow/example_dags/example_params_trigger_ui.py for tasks to queue
[2026-07-01T12:01:14.077+0000] {logging_mixin.py:188} INFO - [2026-07-01T12:01:14.076+0000] {dagbag.py:538} INFO - Filling up the DagBag from /home/airflow/.local/lib/python3.8/site-packages/airflow/example_dags/example_params_trigger_ui.py
[2026-07-01T12:01:14.122+0000] {processor.py:840} INFO - DAG(s) 'example_params_trigger_ui' retrieved from /home/airflow/.local/lib/python3.8/site-packages/airflow/example_dags/example_params_trigger_ui.py
[2026-07-01T12:01:14.315+0000] {logging_mixin.py:188} INFO - [2026-07-01T12:01:14.313+0000] {dag.py:3036} INFO - Sync 1 DAGs
[2026-07-01T12:01:14.363+0000] {logging_mixin.py:188} INFO - [2026-07-01T12:01:14.363+0000] {dag.py:3823} INFO - Setting next_dagrun for example_params_trigger_ui to None, run_after=None
[2026-07-01T12:01:14.447+0000] {processor.py:183} INFO - Processing /home/airflow/.local/lib/python3.8/site-packages/airflow/example_dags/example_params_trigger_ui.py took 0.389 seconds
[2026-07-01T12:01:45.053+0000] {processor.py:161} INFO - Started process (PID=450) to work on /home/airflow/.local/lib/python3.8/site-packages/airflow/example_dags/example_params_trigger_ui.py
[2026-07-01T12:01:45.059+0000] {processor.py:830} INFO - Processing file /home/airflow/.local/lib/python3.8/site-packages/airflow/example_dags/example_params_trigger_ui.py for tasks to queue
[2026-07-01T12:01:45.079+0000] {logging_mixin.py:188} INFO - [2026-07-01T12:01:45.075+0000] {dagbag.py:538} INFO - Filling up the DagBag from /home/airflow/.local/lib/python3.8/site-packages/airflow/example_dags/example_params_trigger_ui.py
[2026-07-01T12:01:45.167+0000] {processor.py:840} INFO - DAG(s) 'example_params_trigger_ui' retrieved from /home/airflow/.local/lib/python3.8/site-packages/airflow/example_dags/example_params_trigger_ui.py
[2026-07-01T12:01:45.409+0000] {logging_mixin.py:188} INFO - [2026-07-01T12:01:45.408+0000] {dag.py:3036} INFO - Sync 1 DAGs
[2026-07-01T12:01:45.470+0000] {logging_mixin.py:188} INFO - [2026-07-01T12:01:45.469+0000] {dag.py:3823} INFO - Setting next_dagrun for example_params_trigger_ui to None, run_after=None
[2026-07-01T12:01:45.556+0000] {processor.py:183} INFO - Processing /home/airflow/.local/lib/python3.8/site-packages/airflow/example_dags/example_params_trigger_ui.py took 0.540 seconds
[2026-07-01T12:02:15.863+0000] {processor.py:161} INFO - Started process (PID=507) to work on /home/airflow/.local/lib/python3.8/site-packages/airflow/example_dags/example_params_trigger_ui.py
[2026-07-01T12:02:15.866+0000] {processor.py:830} INFO - Processing file /home/airflow/.local/lib/python3.8/site-packages/airflow/example_dags/example_params_trigger_ui.py for tasks to queue
[2026-07-01T12:02:15.871+0000] {logging_mixin.py:188} INFO - [2026-07-01T12:02:15.870+0000] {dagbag.py:538} INFO - Filling up the DagBag from /home/airflow/.local/lib/python3.8/site-packages/airflow/example_dags/example_params_trigger_ui.py
[2026-07-01T12:02:15.904+0000] {processor.py:840} INFO - DAG(s) 'example_params_trigger_ui' retrieved from /home/airflow/.local/lib/python3.8/site-packages/airflow/example_dags/example_params_trigger_ui.py
[2026-07-01T12:02:16.023+0000] {logging_mixin.py:188} INFO - [2026-07-01T12:02:16.022+0000] {dag.py:3036} INFO - Sync 1 DAGs
[2026-07-01T12:02:16.061+0000] {logging_mixin.py:188} INFO - [2026-07-01T12:02:16.060+0000] {dag.py:3823} INFO - Setting next_dagrun for example_params_trigger_ui to None, run_after=None
[2026-07-01T12:02:16.116+0000] {processor.py:183} INFO - Processing /home/airflow/.local/lib/python3.8/site-packages/airflow/example_dags/example_params_trigger_ui.py took 0.262 seconds
[2026-07-01T12:02:46.250+0000] {processor.py:161} INFO - Started process (PID=562) to work on /home/airflow/.local/lib/python3.8/site-packages/airflow/example_dags/example_params_trigger_ui.py
[2026-07-01T12:02:46.255+0000] {processor.py:830} INFO - Processing file /home/airflow/.local/lib/python3.8/site-packages/airflow/example_dags/example_params_trigger_ui.py for tasks to queue
[2026-07-01T12:02:46.268+0000] {logging_mixin.py:188} INFO - [2026-07-01T12:02:46.267+0000] {dagbag.py:538} INFO - Filling up the DagBag from /home/airflow/.local/lib/python3.8/site-packages/airflow/example_dags/example_params_trigger_ui.py
[2026-07-01T12:02:46.322+0000] {processor.py:840} INFO - DAG(s) 'example_params_trigger_ui' retrieved from /home/airflow/.local/lib/python3.8/site-packages/airflow/example_dags/example_params_trigger_ui.py
[2026-07-01T12:02:46.460+0000] {logging_mixin.py:188} INFO - [2026-07-01T12:02:46.459+0000] {dag.py:3036} INFO - Sync 1 DAGs
[2026-07-01T12:02:46.499+0000] {logging_mixin.py:188} INFO - [2026-07-01T12:02:46.499+0000] {dag.py:3823} INFO - Setting next_dagrun for example_params_trigger_ui to None, run_after=None
[2026-07-01T12:02:46.558+0000] {processor.py:183} INFO - Processing /home/airflow/.local/lib/python3.8/site-packages/airflow/example_dags/example_params_trigger_ui.py took 0.321 seconds
[2026-07-01T12:03:16.695+0000] {processor.py:161} INFO - Started process (PID=617) to work on /home/airflow/.local/lib/python3.8/site-packages/airflow/example_dags/example_params_trigger_ui.py
[2026-07-01T12:03:16.698+0000] {processor.py:830} INFO - Processing file /home/airflow/.local/lib/python3.8/site-packages/airflow/example_dags/example_params_trigger_ui.py for tasks to queue
[2026-07-01T12:03:16.703+0000] {logging_mixin.py:188} INFO - [2026-07-01T12:03:16.703+0000] {dagbag.py:538} INFO - Filling up the DagBag from /home/airflow/.local/lib/python3.8/site-packages/airflow/example_dags/example_params_trigger_ui.py
[2026-07-01T12:03:16.732+0000] {processor.py:840} INFO - DAG(s) 'example_params_trigger_ui' retrieved from /home/airflow/.local/lib/python3.8/site-packages/airflow/example_dags/example_params_trigger_ui.py
[2026-07-01T12:03:16.837+0000] {logging_mixin.py:188} INFO - [2026-07-01T12:03:16.836+0000] {dag.py:3036} INFO - Sync 1 DAGs
[2026-07-01T12:03:16.866+0000] {logging_mixin.py:188} INFO - [2026-07-01T12:03:16.865+0000] {dag.py:3823} INFO - Setting next_dagrun for example_params_trigger_ui to None, run_after=None
[2026-07-01T12:03:16.910+0000] {processor.py:183} INFO - Processing /home/airflow/.local/lib/python3.8/site-packages/airflow/example_dags/example_params_trigger_ui.py took 0.222 seconds
[2026-07-01T12:03:47.186+0000] {processor.py:161} INFO - Started process (PID=673) to work on /home/airflow/.local/lib/python3.8/site-packages/airflow/example_dags/example_params_trigger_ui.py
[2026-07-01T12:03:47.191+0000] {processor.py:830} INFO - Processing file /home/airflow/.local/lib/python3.8/site-packages/airflow/example_dags/example_params_trigger_ui.py for tasks to queue
[2026-07-01T12:03:47.199+0000] {logging_mixin.py:188} INFO - [2026-07-01T12:03:47.198+0000] {dagbag.py:538} INFO - Filling up the DagBag from /home/airflow/.local/lib/python3.8/site-packages/airflow/example_dags/example_params_trigger_ui.py
[2026-07-01T12:03:47.247+0000] {processor.py:840} INFO - DAG(s) 'example_params_trigger_ui' retrieved from /home/airflow/.local/lib/python3.8/site-packages/airflow/example_dags/example_params_trigger_ui.py
[2026-07-01T12:03:47.437+0000] {logging_mixin.py:188} INFO - [2026-07-01T12:03:47.436+0000] {dag.py:3036} INFO - Sync 1 DAGs
[2026-07-01T12:03:47.495+0000] {logging_mixin.py:188} INFO - [2026-07-01T12:03:47.495+0000] {dag.py:3823} INFO - Setting next_dagrun for example_params_trigger_ui to None, run_after=None
[2026-07-01T12:03:47.557+0000] {processor.py:183} INFO - Processing /home/airflow/.local/lib/python3.8/site-packages/airflow/example_dags/example_params_trigger_ui.py took 0.380 seconds
[2026-07-01T12:04:17.838+0000] {processor.py:161} INFO - Started process (PID=728) to work on /home/airflow/.local/lib/python3.8/site-packages/airflow/example_dags/example_params_trigger_ui.py
[2026-07-01T12:04:17.845+0000] {processor.py:830} INFO - Processing file /home/airflow/.local/lib/python3.8/site-packages/airflow/example_dags/example_params_trigger_ui.py for tasks to queue
[2026-07-01T12:04:17.851+0000] {logging_mixin.py:188} INFO - [2026-07-01T12:04:17.850+0000] {dagbag.py:538} INFO - Filling up the DagBag from /home/airflow/.local/lib/python3.8/site-packages/airflow/example_dags/example_params_trigger_ui.py
[2026-07-01T12:04:17.914+0000] {processor.py:840} INFO - DAG(s) 'example_params_trigger_ui' retrieved from /home/airflow/.local/lib/python3.8/site-packages/airflow/example_dags/example_params_trigger_ui.py
[2026-07-01T12:04:18.060+0000] {logging_mixin.py:188} INFO - [2026-07-01T12:04:18.060+0000] {dag.py:3036} INFO - Sync 1 DAGs
[2026-07-01T12:04:18.117+0000] {logging_mixin.py:188} INFO - [2026-07-01T12:04:18.116+0000] {dag.py:3823} INFO - Setting next_dagrun for example_params_trigger_ui to None, run_after=None
[2026-07-01T12:04:18.218+0000] {processor.py:183} INFO - Processing /home/airflow/.local/lib/python3.8/site-packages/airflow/example_dags/example_params_trigger_ui.py took 0.387 seconds
[2026-07-01T12:04:48.769+0000] {processor.py:161} INFO - Started process (PID=783) to work on /home/airflow/.local/lib/python3.8/site-packages/airflow/example_dags/example_params_trigger_ui.py
[2026-07-01T12:04:48.773+0000] {processor.py:830} INFO - Processing file /home/airflow/.local/lib/python3.8/site-packages/airflow/example_dags/example_params_trigger_ui.py for tasks to queue
[2026-07-01T12:04:48.778+0000] {logging_mixin.py:188} INFO - [2026-07-01T12:04:48.777+0000] {dagbag.py:538} INFO - Filling up the DagBag from /home/airflow/.local/lib/python3.8/site-packages/airflow/example_dags/example_params_trigger_ui.py
[2026-07-01T12:04:48.812+0000] {processor.py:840} INFO - DAG(s) 'example_params_trigger_ui' retrieved from /home/airflow/.local/lib/python3.8/site-packages/airflow/example_dags/example_params_trigger_ui.py
[2026-07-01T12:04:48.957+0000] {logging_mixin.py:188} INFO - [2026-07-01T12:04:48.956+0000] {dag.py:3036} INFO - Sync 1 DAGs
[2026-07-01T12:04:48.990+0000] {logging_mixin.py:188} INFO - [2026-07-01T12:04:48.990+0000] {dag.py:3823} INFO - Setting next_dagrun for example_params_trigger_ui to None, run_after=None
[2026-07-01T12:04:49.054+0000] {processor.py:183} INFO - Processing /home/airflow/.local/lib/python3.8/site-packages/airflow/example_dags/example_params_trigger_ui.py took 0.293 seconds
[2026-07-01T12:05:19.306+0000] {processor.py:161} INFO - Started process (PID=838) to work on /home/airflow/.local/lib/python3.8/site-packages/airflow/example_dags/example_params_trigger_ui.py
[2026-07-01T12:05:19.311+0000] {processor.py:830} INFO - Processing file /home/airflow/.local/lib/python3.8/site-packages/airflow/example_dags/example_params_trigger_ui.py for tasks to queue
[2026-07-01T12:05:19.317+0000] {logging_mixin.py:188} INFO - [2026-07-01T12:05:19.317+0000] {dagbag.py:538} INFO - Filling up the DagBag from /home/airflow/.local/lib/python3.8/site-packages/airflow/example_dags/example_params_trigger_ui.py
[2026-07-01T12:05:19.365+0000] {processor.py:840} INFO - DAG(s) 'example_params_trigger_ui' retrieved from /home/airflow/.local/lib/python3.8/site-packages/airflow/example_dags/example_params_trigger_ui.py
[2026-07-01T12:05:19.531+0000] {logging_mixin.py:188} INFO - [2026-07-01T12:05:19.530+0000] {dag.py:3036} INFO - Sync 1 DAGs
[2026-07-01T12:05:19.580+0000] {logging_mixin.py:188} INFO - [2026-07-01T12:05:19.579+0000] {dag.py:3823} INFO - Setting next_dagrun for example_params_trigger_ui to None, run_after=None
[2026-07-01T12:05:19.659+0000] {processor.py:183} INFO - Processing /home/airflow/.local/lib/python3.8/site-packages/airflow/example_dags/example_params_trigger_ui.py took 0.364 seconds
[2026-07-01T12:05:49.761+0000] {processor.py:161} INFO - Started process (PID=891) to work on /home/airflow/.local/lib/python3.8/site-packages/airflow/example_dags/example_params_trigger_ui.py
[2026-07-01T12:05:49.764+0000] {processor.py:830} INFO - Processing file /home/airflow/.local/lib/python3.8/site-packages/airflow/example_dags/example_params_trigger_ui.py for tasks to queue
[2026-07-01T12:05:49.770+0000] {logging_mixin.py:188} INFO - [2026-07-01T12:05:49.769+0000] {dagbag.py:538} INFO - Filling up the DagBag from /home/airflow/.local/lib/python3.8/site-packages/airflow/example_dags/example_params_trigger_ui.py
[2026-07-01T12:05:49.801+0000] {processor.py:840} INFO - DAG(s) 'example_params_trigger_ui' retrieved from /home/airflow/.local/lib/python3.8/site-packages/airflow/example_dags/example_params_trigger_ui.py
[2026-07-01T12:05:49.906+0000] {logging_mixin.py:188} INFO - [2026-07-01T12:05:49.906+0000] {dag.py:3036} INFO - Sync 1 DAGs
[2026-07-01T12:05:49.937+0000] {logging_mixin.py:188} INFO - [2026-07-01T12:05:49.937+0000] {dag.py:3823} INFO - Setting next_dagrun for example_params_trigger_ui to None, run_after=None
[2026-07-01T12:05:49.984+0000] {processor.py:183} INFO - Processing /home/airflow/.local/lib/python3.8/site-packages/airflow/example_dags/example_params_trigger_ui.py took 0.230 seconds
[2026-07-01T12:06:20.510+0000] {processor.py:161} INFO - Started process (PID=946) to work on /home/airflow/.local/lib/python3.8/site-packages/airflow/example_dags/example_params_trigger_ui.py
[2026-07-01T12:06:20.514+0000] {processor.py:830} INFO - Processing file /home/airflow/.local/lib/python3.8/site-packages/airflow/example_dags/example_params_trigger_ui.py for tasks to queue
[2026-07-01T12:06:20.520+0000] {logging_mixin.py:188} INFO - [2026-07-01T12:06:20.519+0000] {dagbag.py:538} INFO - Filling up the DagBag from /home/airflow/.local/lib/python3.8/site-packages/airflow/example_dags/example_params_trigger_ui.py
[2026-07-01T12:06:20.571+0000] {processor.py:840} INFO - DAG(s) 'example_params_trigger_ui' retrieved from /home/airflow/.local/lib/python3.8/site-packages/airflow/example_dags/example_params_trigger_ui.py
[2026-07-01T12:06:20.764+0000] {logging_mixin.py:188} INFO - [2026-07-01T12:06:20.764+0000] {dag.py:3036} INFO - Sync 1 DAGs
[2026-07-01T12:06:20.836+0000] {logging_mixin.py:188} INFO - [2026-07-01T12:06:20.835+0000] {dag.py:3823} INFO - Setting next_dagrun for example_params_trigger_ui to None, run_after=None
[2026-07-01T12:06:20.916+0000] {processor.py:183} INFO - Processing /home/airflow/.local/lib/python3.8/site-packages/airflow/example_dags/example_params_trigger_ui.py took 0.417 seconds
[2026-07-01T12:06:51.109+0000] {processor.py:161} INFO - Started process (PID=1001) to work on /home/airflow/.local/lib/python3.8/site-packages/airflow/example_dags/example_params_trigger_ui.py
[2026-07-01T12:06:51.112+0000] {processor.py:830} INFO - Processing file /home/airflow/.local/lib/python3.8/site-packages/airflow/example_dags/example_params_trigger_ui.py for tasks to queue
[2026-07-01T12:06:51.120+0000] {logging_mixin.py:188} INFO - [2026-07-01T12:06:51.119+0000] {dagbag.py:538} INFO - Filling up the DagBag from /home/airflow/.local/lib/python3.8/site-packages/airflow/example_dags/example_params_trigger_ui.py
[2026-07-01T12:06:51.160+0000] {processor.py:840} INFO - DAG(s) 'example_params_trigger_ui' retrieved from /home/airflow/.local/lib/python3.8/site-packages/airflow/example_dags/example_params_trigger_ui.py
[2026-07-01T12:06:51.290+0000] {logging_mixin.py:188} INFO - [2026-07-01T12:06:51.290+0000] {dag.py:3036} INFO - Sync 1 DAGs
[2026-07-01T12:06:51.324+0000] {logging_mixin.py:188} INFO - [2026-07-01T12:06:51.323+0000] {dag.py:3823} INFO - Setting next_dagrun for example_params_trigger_ui to None, run_after=None
[2026-07-01T12:06:51.372+0000] {processor.py:183} INFO - Processing /home/airflow/.local/lib/python3.8/site-packages/airflow/example_dags/example_params_trigger_ui.py took 0.274 seconds
[2026-07-01T12:07:21.700+0000] {processor.py:161} INFO - Started process (PID=1056) to work on /home/airflow/.local/lib/python3.8/site-packages/airflow/example_dags/example_params_trigger_ui.py
[2026-07-01T12:07:21.702+0000] {processor.py:830} INFO - Processing file /home/airflow/.local/lib/python3.8/site-packages/airflow/example_dags/example_params_trigger_ui.py for tasks to queue
[2026-07-01T12:07:21.708+0000] {logging_mixin.py:188} INFO - [2026-07-01T12:07:21.707+0000] {dagbag.py:538} INFO - Filling up the DagBag from /home/airflow/.local/lib/python3.8/site-packages/airflow/example_dags/example_params_trigger_ui.py
[2026-07-01T12:07:21.745+0000] {processor.py:840} INFO - DAG(s) 'example_params_trigger_ui' retrieved from /home/airflow/.local/lib/python3.8/site-packages/airflow/example_dags/example_params_trigger_ui.py
[2026-07-01T12:07:21.860+0000] {logging_mixin.py:188} INFO - [2026-07-01T12:07:21.860+0000] {dag.py:3036} INFO - Sync 1 DAGs
[2026-07-01T12:07:21.896+0000] {logging_mixin.py:188} INFO - [2026-07-01T12:07:21.895+0000] {dag.py:3823} INFO - Setting next_dagrun for example_params_trigger_ui to None, run_after=None
[2026-07-01T12:07:21.964+0000] {processor.py:183} INFO - Processing /home/airflow/.local/lib/python3.8/site-packages/airflow/example_dags/example_params_trigger_ui.py took 0.272 seconds
[2026-07-01T12:07:52.094+0000] {processor.py:161} INFO - Started process (PID=1112) to work on /home/airflow/.local/lib/python3.8/site-packages/airflow/example_dags/example_params_trigger_ui.py
[2026-07-01T12:07:52.097+0000] {processor.py:830} INFO - Processing file /home/airflow/.local/lib/python3.8/site-packages/airflow/example_dags/example_params_trigger_ui.py for tasks to queue
[2026-07-01T12:07:52.103+0000] {logging_mixin.py:188} INFO - [2026-07-01T12:07:52.102+0000] {dagbag.py:538} INFO - Filling up the DagBag from /home/airflow/.local/lib/python3.8/site-packages/airflow/example_dags/example_params_trigger_ui.py
[2026-07-01T12:07:52.137+0000] {processor.py:840} INFO - DAG(s) 'example_params_trigger_ui' retrieved from /home/airflow/.local/lib/python3.8/site-packages/airflow/example_dags/example_params_trigger_ui.py
[2026-07-01T12:07:52.243+0000] {logging_mixin.py:188} INFO - [2026-07-01T12:07:52.243+0000] {dag.py:3036} INFO - Sync 1 DAGs
[2026-07-01T12:07:52.274+0000] {logging_mixin.py:188} INFO - [2026-07-01T12:07:52.273+0000] {dag.py:3823} INFO - Setting next_dagrun for example_params_trigger_ui to None, run_after=None
[2026-07-01T12:07:52.316+0000] {processor.py:183} INFO - Processing /home/airflow/.local/lib/python3.8/site-packages/airflow/example_dags/example_params_trigger_ui.py took 0.231 seconds
[2026-07-01T12:08:23.004+0000] {processor.py:161} INFO - Started process (PID=1167) to work on /home/airflow/.local/lib/python3.8/site-packages/airflow/example_dags/example_params_trigger_ui.py
[2026-07-01T12:08:23.007+0000] {processor.py:830} INFO - Processing file /home/airflow/.local/lib/python3.8/site-packages/airflow/example_dags/example_params_trigger_ui.py for tasks to queue
[2026-07-01T12:08:23.012+0000] {logging_mixin.py:188} INFO - [2026-07-01T12:08:23.012+0000] {dagbag.py:538} INFO - Filling up the DagBag from /home/airflow/.local/lib/python3.8/site-packages/airflow/example_dags/example_params_trigger_ui.py
[2026-07-01T12:08:23.045+0000] {processor.py:840} INFO - DAG(s) 'example_params_trigger_ui' retrieved from /home/airflow/.local/lib/python3.8/site-packages/airflow/example_dags/example_params_trigger_ui.py
[2026-07-01T12:08:23.175+0000] {logging_mixin.py:188} INFO - [2026-07-01T12:08:23.174+0000] {dag.py:3036} INFO - Sync 1 DAGs
[2026-07-01T12:08:23.206+0000] {logging_mixin.py:188} INFO - [2026-07-01T12:08:23.206+0000] {dag.py:3823} INFO - Setting next_dagrun for example_params_trigger_ui to None, run_after=None
[2026-07-01T12:08:23.254+0000] {processor.py:183} INFO - Processing /home/airflow/.local/lib/python3.8/site-packages/airflow/example_dags/example_params_trigger_ui.py took 0.259 seconds
[2026-07-01T12:09:04.754+0000] {processor.py:161} INFO - Started process (PID=107) to work on /home/airflow/.local/lib/python3.8/site-packages/airflow/example_dags/example_params_trigger_ui.py
[2026-07-01T12:09:04.758+0000] {processor.py:830} INFO - Processing file /home/airflow/.local/lib/python3.8/site-packages/airflow/example_dags/example_params_trigger_ui.py for tasks to queue
[2026-07-01T12:09:04.765+0000] {logging_mixin.py:188} INFO - [2026-07-01T12:09:04.764+0000] {dagbag.py:538} INFO - Filling up the DagBag from /home/airflow/.local/lib/python3.8/site-packages/airflow/example_dags/example_params_trigger_ui.py
[2026-07-01T12:09:04.807+0000] {processor.py:840} INFO - DAG(s) 'example_params_trigger_ui' retrieved from /home/airflow/.local/lib/python3.8/site-packages/airflow/example_dags/example_params_trigger_ui.py
[2026-07-01T12:09:04.951+0000] {logging_mixin.py:188} INFO - [2026-07-01T12:09:04.951+0000] {dag.py:3036} INFO - Sync 1 DAGs
[2026-07-01T12:09:04.986+0000] {logging_mixin.py:188} INFO - [2026-07-01T12:09:04.985+0000] {dag.py:3823} INFO - Setting next_dagrun for example_params_trigger_ui to None, run_after=None
[2026-07-01T12:09:05.035+0000] {processor.py:183} INFO - Processing /home/airflow/.local/lib/python3.8/site-packages/airflow/example_dags/example_params_trigger_ui.py took 0.296 seconds
[2026-07-01T12:09:35.917+0000] {processor.py:161} INFO - Started process (PID=163) to work on /home/airflow/.local/lib/python3.8/site-packages/airflow/example_dags/example_params_trigger_ui.py
[2026-07-01T12:09:35.920+0000] {processor.py:830} INFO - Processing file /home/airflow/.local/lib/python3.8/site-packages/airflow/example_dags/example_params_trigger_ui.py for tasks to queue
[2026-07-01T12:09:35.927+0000] {logging_mixin.py:188} INFO - [2026-07-01T12:09:35.926+0000] {dagbag.py:538} INFO - Filling up the DagBag from /home/airflow/.local/lib/python3.8/site-packages/airflow/example_dags/example_params_trigger_ui.py
[2026-07-01T12:09:35.962+0000] {processor.py:840} INFO - DAG(s) 'example_params_trigger_ui' retrieved from /home/airflow/.local/lib/python3.8/site-packages/airflow/example_dags/example_params_trigger_ui.py
[2026-07-01T12:09:36.111+0000] {logging_mixin.py:188} INFO - [2026-07-01T12:09:36.110+0000] {dag.py:3036} INFO - Sync 1 DAGs
[2026-07-01T12:09:36.151+0000] {logging_mixin.py:188} INFO - [2026-07-01T12:09:36.150+0000] {dag.py:3823} INFO - Setting next_dagrun for example_params_trigger_ui to None, run_after=None
[2026-07-01T12:09:36.215+0000] {processor.py:183} INFO - Processing /home/airflow/.local/lib/python3.8/site-packages/airflow/example_dags/example_params_trigger_ui.py took 0.308 seconds
[2026-07-01T12:10:06.585+0000] {processor.py:161} INFO - Started process (PID=221) to work on /home/airflow/.local/lib/python3.8/site-packages/airflow/example_dags/example_params_trigger_ui.py
[2026-07-01T12:10:06.591+0000] {processor.py:830} INFO - Processing file /home/airflow/.local/lib/python3.8/site-packages/airflow/example_dags/example_params_trigger_ui.py for tasks to queue
[2026-07-01T12:10:06.599+0000] {logging_mixin.py:188} INFO - [2026-07-01T12:10:06.598+0000] {dagbag.py:538} INFO - Filling up the DagBag from /home/airflow/.local/lib/python3.8/site-packages/airflow/example_dags/example_params_trigger_ui.py
[2026-07-01T12:10:06.651+0000] {processor.py:840} INFO - DAG(s) 'example_params_trigger_ui' retrieved from /home/airflow/.local/lib/python3.8/site-packages/airflow/example_dags/example_params_trigger_ui.py
[2026-07-01T12:10:06.809+0000] {logging_mixin.py:188} INFO - [2026-07-01T12:10:06.808+0000] {dag.py:3036} INFO - Sync 1 DAGs
[2026-07-01T12:10:06.850+0000] {logging_mixin.py:188} INFO - [2026-07-01T12:10:06.849+0000] {dag.py:3823} INFO - Setting next_dagrun for example_params_trigger_ui to None, run_after=None
[2026-07-01T12:10:06.913+0000] {processor.py:183} INFO - Processing /home/airflow/.local/lib/python3.8/site-packages/airflow/example_dags/example_params_trigger_ui.py took 0.350 seconds
[2026-07-01T12:10:37.719+0000] {processor.py:161} INFO - Started process (PID=277) to work on /home/airflow/.local/lib/python3.8/site-packages/airflow/example_dags/example_params_trigger_ui.py
[2026-07-01T12:10:37.724+0000] {processor.py:830} INFO - Processing file /home/airflow/.local/lib/python3.8/site-packages/airflow/example_dags/example_params_trigger_ui.py for tasks to queue
[2026-07-01T12:10:37.731+0000] {logging_mixin.py:188} INFO - [2026-07-01T12:10:37.730+0000] {dagbag.py:538} INFO - Filling up the DagBag from /home/airflow/.local/lib/python3.8/site-packages/airflow/example_dags/example_params_trigger_ui.py
[2026-07-01T12:10:37.775+0000] {processor.py:840} INFO - DAG(s) 'example_params_trigger_ui' retrieved from /home/airflow/.local/lib/python3.8/site-packages/airflow/example_dags/example_params_trigger_ui.py
[2026-07-01T12:10:37.904+0000] {logging_mixin.py:188} INFO - [2026-07-01T12:10:37.903+0000] {dag.py:3036} INFO - Sync 1 DAGs
[2026-07-01T12:10:37.936+0000] {logging_mixin.py:188} INFO - [2026-07-01T12:10:37.935+0000] {dag.py:3823} INFO - Setting next_dagrun for example_params_trigger_ui to None, run_after=None
[2026-07-01T12:10:37.987+0000] {processor.py:183} INFO - Processing /home/airflow/.local/lib/python3.8/site-packages/airflow/example_dags/example_params_trigger_ui.py took 0.281 seconds
[2026-07-01T12:11:08.261+0000] {processor.py:161} INFO - Started process (PID=339) to work on /home/airflow/.local/lib/python3.8/site-packages/airflow/example_dags/example_params_trigger_ui.py
[2026-07-01T12:11:08.264+0000] {processor.py:830} INFO - Processing file /home/airflow/.local/lib/python3.8/site-packages/airflow/example_dags/example_params_trigger_ui.py for tasks to queue
[2026-07-01T12:11:08.269+0000] {logging_mixin.py:188} INFO - [2026-07-01T12:11:08.268+0000] {dagbag.py:538} INFO - Filling up the DagBag from /home/airflow/.local/lib/python3.8/site-packages/airflow/example_dags/example_params_trigger_ui.py
[2026-07-01T12:11:08.300+0000] {processor.py:840} INFO - DAG(s) 'example_params_trigger_ui' retrieved from /home/airflow/.local/lib/python3.8/site-packages/airflow/example_dags/example_params_trigger_ui.py
[2026-07-01T12:11:08.408+0000] {logging_mixin.py:188} INFO - [2026-07-01T12:11:08.407+0000] {dag.py:3036} INFO - Sync 1 DAGs
[2026-07-01T12:11:08.438+0000] {logging_mixin.py:188} INFO - [2026-07-01T12:11:08.437+0000] {dag.py:3823} INFO - Setting next_dagrun for example_params_trigger_ui to None, run_after=None
[2026-07-01T12:11:08.483+0000] {processor.py:183} INFO - Processing /home/airflow/.local/lib/python3.8/site-packages/airflow/example_dags/example_params_trigger_ui.py took 0.229 seconds
[2026-07-01T12:11:38.963+0000] {processor.py:161} INFO - Started process (PID=395) to work on /home/airflow/.local/lib/python3.8/site-packages/airflow/example_dags/example_params_trigger_ui.py
[2026-07-01T12:11:38.967+0000] {processor.py:830} INFO - Processing file /home/airflow/.local/lib/python3.8/site-packages/airflow/example_dags/example_params_trigger_ui.py for tasks to queue
[2026-07-01T12:11:38.974+0000] {logging_mixin.py:188} INFO - [2026-07-01T12:11:38.973+0000] {dagbag.py:538} INFO - Filling up the DagBag from /home/airflow/.local/lib/python3.8/site-packages/airflow/example_dags/example_params_trigger_ui.py
[2026-07-01T12:11:39.022+0000] {processor.py:840} INFO - DAG(s) 'example_params_trigger_ui' retrieved from /home/airflow/.local/lib/python3.8/site-packages/airflow/example_dags/example_params_trigger_ui.py
[2026-07-01T12:11:39.169+0000] {logging_mixin.py:188} INFO - [2026-07-01T12:11:39.168+0000] {dag.py:3036} INFO - Sync 1 DAGs
[2026-07-01T12:11:39.211+0000] {logging_mixin.py:188} INFO - [2026-07-01T12:11:39.211+0000] {dag.py:3823} INFO - Setting next_dagrun for example_params_trigger_ui to None, run_after=None
[2026-07-01T12:11:39.266+0000] {processor.py:183} INFO - Processing /home/airflow/.local/lib/python3.8/site-packages/airflow/example_dags/example_params_trigger_ui.py took 0.316 seconds
[2026-07-01T12:12:09.596+0000] {processor.py:161} INFO - Started process (PID=451) to work on /home/airflow/.local/lib/python3.8/site-packages/airflow/example_dags/example_params_trigger_ui.py
[2026-07-01T12:12:09.600+0000] {processor.py:830} INFO - Processing file /home/airflow/.local/lib/python3.8/site-packages/airflow/example_dags/example_params_trigger_ui.py for tasks to queue
[2026-07-01T12:12:09.606+0000] {logging_mixin.py:188} INFO - [2026-07-01T12:12:09.605+0000] {dagbag.py:538} INFO - Filling up the DagBag from /home/airflow/.local/lib/python3.8/site-packages/airflow/example_dags/example_params_trigger_ui.py
[2026-07-01T12:12:09.645+0000] {processor.py:840} INFO - DAG(s) 'example_params_trigger_ui' retrieved from /home/airflow/.local/lib/python3.8/site-packages/airflow/example_dags/example_params_trigger_ui.py
[2026-07-01T12:12:09.753+0000] {logging_mixin.py:188} INFO - [2026-07-01T12:12:09.753+0000] {dag.py:3036} INFO - Sync 1 DAGs
[2026-07-01T12:12:09.786+0000] {logging_mixin.py:188} INFO - [2026-07-01T12:12:09.786+0000] {dag.py:3823} INFO - Setting next_dagrun for example_params_trigger_ui to None, run_after=None
[2026-07-01T12:12:09.830+0000] {processor.py:183} INFO - Processing /home/airflow/.local/lib/python3.8/site-packages/airflow/example_dags/example_params_trigger_ui.py took 0.244 seconds
[2026-07-01T12:12:40.183+0000] {processor.py:161} INFO - Started process (PID=507) to work on /home/airflow/.local/lib/python3.8/site-packages/airflow/example_dags/example_params_trigger_ui.py
[2026-07-01T12:12:40.186+0000] {processor.py:830} INFO - Processing file /home/airflow/.local/lib/python3.8/site-packages/airflow/example_dags/example_params_trigger_ui.py for tasks to queue
[2026-07-01T12:12:40.192+0000] {logging_mixin.py:188} INFO - [2026-07-01T12:12:40.191+0000] {dagbag.py:538} INFO - Filling up the DagBag from /home/airflow/.local/lib/python3.8/site-packages/airflow/example_dags/example_params_trigger_ui.py
[2026-07-01T12:12:40.231+0000] {processor.py:840} INFO - DAG(s) 'example_params_trigger_ui' retrieved from /home/airflow/.local/lib/python3.8/site-packages/airflow/example_dags/example_params_trigger_ui.py
[2026-07-01T12:12:40.344+0000] {logging_mixin.py:188} INFO - [2026-07-01T12:12:40.343+0000] {dag.py:3036} INFO - Sync 1 DAGs
[2026-07-01T12:12:40.371+0000] {logging_mixin.py:188} INFO - [2026-07-01T12:12:40.370+0000] {dag.py:3823} INFO - Setting next_dagrun for example_params_trigger_ui to None, run_after=None
[2026-07-01T12:12:40.412+0000] {processor.py:183} INFO - Processing /home/airflow/.local/lib/python3.8/site-packages/airflow/example_dags/example_params_trigger_ui.py took 0.238 seconds
[2026-07-01T12:13:11.423+0000] {processor.py:161} INFO - Started process (PID=561) to work on /home/airflow/.local/lib/python3.8/site-packages/airflow/example_dags/example_params_trigger_ui.py
[2026-07-01T12:13:11.426+0000] {processor.py:830} INFO - Processing file /home/airflow/.local/lib/python3.8/site-packages/airflow/example_dags/example_params_trigger_ui.py for tasks to queue
[2026-07-01T12:13:11.431+0000] {logging_mixin.py:188} INFO - [2026-07-01T12:13:11.431+0000] {dagbag.py:538} INFO - Filling up the DagBag from /home/airflow/.local/lib/python3.8/site-packages/airflow/example_dags/example_params_trigger_ui.py
[2026-07-01T12:13:11.461+0000] {processor.py:840} INFO - DAG(s) 'example_params_trigger_ui' retrieved from /home/airflow/.local/lib/python3.8/site-packages/airflow/example_dags/example_params_trigger_ui.py
[2026-07-01T12:13:11.575+0000] {logging_mixin.py:188} INFO - [2026-07-01T12:13:11.574+0000] {dag.py:3036} INFO - Sync 1 DAGs
[2026-07-01T12:13:11.606+0000] {logging_mixin.py:188} INFO - [2026-07-01T12:13:11.605+0000] {dag.py:3823} INFO - Setting next_dagrun for example_params_trigger_ui to None, run_after=None
[2026-07-01T12:13:11.650+0000] {processor.py:183} INFO - Processing /home/airflow/.local/lib/python3.8/site-packages/airflow/example_dags/example_params_trigger_ui.py took 0.235 seconds
[2026-07-01T12:13:42.199+0000] {processor.py:161} INFO - Started process (PID=617) to work on /home/airflow/.local/lib/python3.8/site-packages/airflow/example_dags/example_params_trigger_ui.py
[2026-07-01T12:13:42.203+0000] {processor.py:830} INFO - Processing file /home/airflow/.local/lib/python3.8/site-packages/airflow/example_dags/example_params_trigger_ui.py for tasks to queue
[2026-07-01T12:13:42.210+0000] {logging_mixin.py:188} INFO - [2026-07-01T12:13:42.208+0000] {dagbag.py:538} INFO - Filling up the DagBag from /home/airflow/.local/lib/python3.8/site-packages/airflow/example_dags/example_params_trigger_ui.py
[2026-07-01T12:13:42.249+0000] {processor.py:840} INFO - DAG(s) 'example_params_trigger_ui' retrieved from /home/airflow/.local/lib/python3.8/site-packages/airflow/example_dags/example_params_trigger_ui.py
[2026-07-01T12:13:42.392+0000] {logging_mixin.py:188} INFO - [2026-07-01T12:13:42.391+0000] {dag.py:3036} INFO - Sync 1 DAGs
[2026-07-01T12:13:42.434+0000] {logging_mixin.py:188} INFO - [2026-07-01T12:13:42.434+0000] {dag.py:3823} INFO - Setting next_dagrun for example_params_trigger_ui to None, run_after=None
[2026-07-01T12:13:42.498+0000] {processor.py:183} INFO - Processing /home/airflow/.local/lib/python3.8/site-packages/airflow/example_dags/example_params_trigger_ui.py took 0.310 seconds
[2026-07-01T12:14:12.880+0000] {processor.py:161} INFO - Started process (PID=673) to work on /home/airflow/.local/lib/python3.8/site-packages/airflow/example_dags/example_params_trigger_ui.py
[2026-07-01T12:14:12.883+0000] {processor.py:830} INFO - Processing file /home/airflow/.local/lib/python3.8/site-packages/airflow/example_dags/example_params_trigger_ui.py for tasks to queue
[2026-07-01T12:14:12.889+0000] {logging_mixin.py:188} INFO - [2026-07-01T12:14:12.888+0000] {dagbag.py:538} INFO - Filling up the DagBag from /home/airflow/.local/lib/python3.8/site-packages/airflow/example_dags/example_params_trigger_ui.py
[2026-07-01T12:14:12.929+0000] {processor.py:840} INFO - DAG(s) 'example_params_trigger_ui' retrieved from /home/airflow/.local/lib/python3.8/site-packages/airflow/example_dags/example_params_trigger_ui.py
[2026-07-01T12:14:13.059+0000] {logging_mixin.py:188} INFO - [2026-07-01T12:14:13.058+0000] {dag.py:3036} INFO - Sync 1 DAGs
[2026-07-01T12:14:13.097+0000] {logging_mixin.py:188} INFO - [2026-07-01T12:14:13.096+0000] {dag.py:3823} INFO - Setting next_dagrun for example_params_trigger_ui to None, run_after=None
[2026-07-01T12:14:13.150+0000] {processor.py:183} INFO - Processing /home/airflow/.local/lib/python3.8/site-packages/airflow/example_dags/example_params_trigger_ui.py took 0.281 seconds
[2026-07-01T12:14:43.901+0000] {processor.py:161} INFO - Started process (PID=729) to work on /home/airflow/.local/lib/python3.8/site-packages/airflow/example_dags/example_params_trigger_ui.py
[2026-07-01T12:14:43.904+0000] {processor.py:830} INFO - Processing file /home/airflow/.local/lib/python3.8/site-packages/airflow/example_dags/example_params_trigger_ui.py for tasks to queue
[2026-07-01T12:14:43.911+0000] {logging_mixin.py:188} INFO - [2026-07-01T12:14:43.910+0000] {dagbag.py:538} INFO - Filling up the DagBag from /home/airflow/.local/lib/python3.8/site-packages/airflow/example_dags/example_params_trigger_ui.py
[2026-07-01T12:14:43.943+0000] {processor.py:840} INFO - DAG(s) 'example_params_trigger_ui' retrieved from /home/airflow/.local/lib/python3.8/site-packages/airflow/example_dags/example_params_trigger_ui.py
[2026-07-01T12:14:44.068+0000] {logging_mixin.py:188} INFO - [2026-07-01T12:14:44.068+0000] {dag.py:3036} INFO - Sync 1 DAGs
[2026-07-01T12:14:44.104+0000] {logging_mixin.py:188} INFO - [2026-07-01T12:14:44.104+0000] {dag.py:3823} INFO - Setting next_dagrun for example_params_trigger_ui to None, run_after=None
[2026-07-01T12:14:44.182+0000] {processor.py:183} INFO - Processing /home/airflow/.local/lib/python3.8/site-packages/airflow/example_dags/example_params_trigger_ui.py took 0.289 seconds
[2026-07-01T12:15:14.754+0000] {processor.py:161} INFO - Started process (PID=786) to work on /home/airflow/.local/lib/python3.8/site-packages/airflow/example_dags/example_params_trigger_ui.py
[2026-07-01T12:15:14.758+0000] {processor.py:830} INFO - Processing file /home/airflow/.local/lib/python3.8/site-packages/airflow/example_dags/example_params_trigger_ui.py for tasks to queue
[2026-07-01T12:15:14.766+0000] {logging_mixin.py:188} INFO - [2026-07-01T12:15:14.765+0000] {dagbag.py:538} INFO - Filling up the DagBag from /home/airflow/.local/lib/python3.8/site-packages/airflow/example_dags/example_params_trigger_ui.py
[2026-07-01T12:15:14.807+0000] {processor.py:840} INFO - DAG(s) 'example_params_trigger_ui' retrieved from /home/airflow/.local/lib/python3.8/site-packages/airflow/example_dags/example_params_trigger_ui.py
[2026-07-01T12:15:14.929+0000] {logging_mixin.py:188} INFO - [2026-07-01T12:15:14.928+0000] {dag.py:3036} INFO - Sync 1 DAGs
[2026-07-01T12:15:14.969+0000] {logging_mixin.py:188} INFO - [2026-07-01T12:15:14.968+0000] {dag.py:3823} INFO - Setting next_dagrun for example_params_trigger_ui to None, run_after=None
[2026-07-01T12:15:15.026+0000] {processor.py:183} INFO - Processing /home/airflow/.local/lib/python3.8/site-packages/airflow/example_dags/example_params_trigger_ui.py took 0.285 seconds
[2026-07-01T12:15:45.427+0000] {processor.py:161} INFO - Started process (PID=842) to work on /home/airflow/.local/lib/python3.8/site-packages/airflow/example_dags/example_params_trigger_ui.py
[2026-07-01T12:15:45.430+0000] {processor.py:830} INFO - Processing file /home/airflow/.local/lib/python3.8/site-packages/airflow/example_dags/example_params_trigger_ui.py for tasks to queue
[2026-07-01T12:15:45.435+0000] {logging_mixin.py:188} INFO - [2026-07-01T12:15:45.434+0000] {dagbag.py:538} INFO - Filling up the DagBag from /home/airflow/.local/lib/python3.8/site-packages/airflow/example_dags/example_params_trigger_ui.py
[2026-07-01T12:15:45.467+0000] {processor.py:840} INFO - DAG(s) 'example_params_trigger_ui' retrieved from /home/airflow/.local/lib/python3.8/site-packages/airflow/example_dags/example_params_trigger_ui.py
[2026-07-01T12:15:45.584+0000] {logging_mixin.py:188} INFO - [2026-07-01T12:15:45.583+0000] {dag.py:3036} INFO - Sync 1 DAGs
[2026-07-01T12:15:45.618+0000] {logging_mixin.py:188} INFO - [2026-07-01T12:15:45.618+0000] {dag.py:3823} INFO - Setting next_dagrun for example_params_trigger_ui to None, run_after=None
[2026-07-01T12:15:45.703+0000] {processor.py:183} INFO - Processing /home/airflow/.local/lib/python3.8/site-packages/airflow/example_dags/example_params_trigger_ui.py took 0.284 seconds
[2026-07-01T12:16:15.785+0000] {processor.py:161} INFO - Started process (PID=898) to work on /home/airflow/.local/lib/python3.8/site-packages/airflow/example_dags/example_params_trigger_ui.py
[2026-07-01T12:16:15.788+0000] {processor.py:830} INFO - Processing file /home/airflow/.local/lib/python3.8/site-packages/airflow/example_dags/example_params_trigger_ui.py for tasks to queue
[2026-07-01T12:16:15.793+0000] {logging_mixin.py:188} INFO - [2026-07-01T12:16:15.792+0000] {dagbag.py:538} INFO - Filling up the DagBag from /home/airflow/.local/lib/python3.8/site-packages/airflow/example_dags/example_params_trigger_ui.py
[2026-07-01T12:16:15.821+0000] {processor.py:840} INFO - DAG(s) 'example_params_trigger_ui' retrieved from /home/airflow/.local/lib/python3.8/site-packages/airflow/example_dags/example_params_trigger_ui.py
[2026-07-01T12:16:15.913+0000] {logging_mixin.py:188} INFO - [2026-07-01T12:16:15.912+0000] {dag.py:3036} INFO - Sync 1 DAGs
[2026-07-01T12:16:15.939+0000] {logging_mixin.py:188} INFO - [2026-07-01T12:16:15.939+0000] {dag.py:3823} INFO - Setting next_dagrun for example_params_trigger_ui to None, run_after=None
[2026-07-01T12:16:15.975+0000] {processor.py:183} INFO - Processing /home/airflow/.local/lib/python3.8/site-packages/airflow/example_dags/example_params_trigger_ui.py took 0.198 seconds
[2026-07-01T12:16:47.128+0000] {processor.py:161} INFO - Started process (PID=954) to work on /home/airflow/.local/lib/python3.8/site-packages/airflow/example_dags/example_params_trigger_ui.py
[2026-07-01T12:16:47.132+0000] {processor.py:830} INFO - Processing file /home/airflow/.local/lib/python3.8/site-packages/airflow/example_dags/example_params_trigger_ui.py for tasks to queue
[2026-07-01T12:16:47.138+0000] {logging_mixin.py:188} INFO - [2026-07-01T12:16:47.137+0000] {dagbag.py:538} INFO - Filling up the DagBag from /home/airflow/.local/lib/python3.8/site-packages/airflow/example_dags/example_params_trigger_ui.py
[2026-07-01T12:16:47.170+0000] {processor.py:840} INFO - DAG(s) 'example_params_trigger_ui' retrieved from /home/airflow/.local/lib/python3.8/site-packages/airflow/example_dags/example_params_trigger_ui.py
[2026-07-01T12:16:47.283+0000] {logging_mixin.py:188} INFO - [2026-07-01T12:16:47.282+0000] {dag.py:3036} INFO - Sync 1 DAGs
[2026-07-01T12:16:47.319+0000] {logging_mixin.py:188} INFO - [2026-07-01T12:16:47.318+0000] {dag.py:3823} INFO - Setting next_dagrun for example_params_trigger_ui to None, run_after=None
[2026-07-01T12:16:47.368+0000] {processor.py:183} INFO - Processing /home/airflow/.local/lib/python3.8/site-packages/airflow/example_dags/example_params_trigger_ui.py took 0.248 seconds
[2026-07-01T12:17:17.677+0000] {processor.py:161} INFO - Started process (PID=1011) to work on /home/airflow/.local/lib/python3.8/site-packages/airflow/example_dags/example_params_trigger_ui.py
[2026-07-01T12:17:17.681+0000] {processor.py:830} INFO - Processing file /home/airflow/.local/lib/python3.8/site-packages/airflow/example_dags/example_params_trigger_ui.py for tasks to queue
[2026-07-01T12:17:17.689+0000] {logging_mixin.py:188} INFO - [2026-07-01T12:17:17.688+0000] {dagbag.py:538} INFO - Filling up the DagBag from /home/airflow/.local/lib/python3.8/site-packages/airflow/example_dags/example_params_trigger_ui.py
[2026-07-01T12:17:17.730+0000] {processor.py:840} INFO - DAG(s) 'example_params_trigger_ui' retrieved from /home/airflow/.local/lib/python3.8/site-packages/airflow/example_dags/example_params_trigger_ui.py
[2026-07-01T12:17:17.840+0000] {logging_mixin.py:188} INFO - [2026-07-01T12:17:17.839+0000] {dag.py:3036} INFO - Sync 1 DAGs
[2026-07-01T12:17:17.870+0000] {logging_mixin.py:188} INFO - [2026-07-01T12:17:17.870+0000] {dag.py:3823} INFO - Setting next_dagrun for example_params_trigger_ui to None, run_after=None
[2026-07-01T12:17:17.926+0000] {processor.py:183} INFO - Processing /home/airflow/.local/lib/python3.8/site-packages/airflow/example_dags/example_params_trigger_ui.py took 0.261 seconds
[2026-07-01T12:17:48.935+0000] {processor.py:161} INFO - Started process (PID=1066) to work on /home/airflow/.local/lib/python3.8/site-packages/airflow/example_dags/example_params_trigger_ui.py
[2026-07-01T12:17:48.938+0000] {processor.py:830} INFO - Processing file /home/airflow/.local/lib/python3.8/site-packages/airflow/example_dags/example_params_trigger_ui.py for tasks to queue
[2026-07-01T12:17:48.944+0000] {logging_mixin.py:188} INFO - [2026-07-01T12:17:48.943+0000] {dagbag.py:538} INFO - Filling up the DagBag from /home/airflow/.local/lib/python3.8/site-packages/airflow/example_dags/example_params_trigger_ui.py
[2026-07-01T12:17:48.976+0000] {processor.py:840} INFO - DAG(s) 'example_params_trigger_ui' retrieved from /home/airflow/.local/lib/python3.8/site-packages/airflow/example_dags/example_params_trigger_ui.py
[2026-07-01T12:17:49.090+0000] {logging_mixin.py:188} INFO - [2026-07-01T12:17:49.090+0000] {dag.py:3036} INFO - Sync 1 DAGs
[2026-07-01T12:17:49.123+0000] {logging_mixin.py:188} INFO - [2026-07-01T12:17:49.122+0000] {dag.py:3823} INFO - Setting next_dagrun for example_params_trigger_ui to None, run_after=None
[2026-07-01T12:17:49.178+0000] {processor.py:183} INFO - Processing /home/airflow/.local/lib/python3.8/site-packages/airflow/example_dags/example_params_trigger_ui.py took 0.251 seconds
[2026-07-01T12:18:22.023+0000] {processor.py:161} INFO - Started process (PID=1122) to work on /home/airflow/.local/lib/python3.8/site-packages/airflow/example_dags/example_params_trigger_ui.py
[2026-07-01T12:18:22.032+0000] {processor.py:830} INFO - Processing file /home/airflow/.local/lib/python3.8/site-packages/airflow/example_dags/example_params_trigger_ui.py for tasks to queue
[2026-07-01T12:18:22.039+0000] {logging_mixin.py:188} INFO - [2026-07-01T12:18:22.038+0000] {dagbag.py:538} INFO - Filling up the DagBag from /home/airflow/.local/lib/python3.8/site-packages/airflow/example_dags/example_params_trigger_ui.py
[2026-07-01T12:18:22.150+0000] {processor.py:840} INFO - DAG(s) 'example_params_trigger_ui' retrieved from /home/airflow/.local/lib/python3.8/site-packages/airflow/example_dags/example_params_trigger_ui.py
[2026-07-01T12:18:22.364+0000] {logging_mixin.py:188} INFO - [2026-07-01T12:18:22.363+0000] {dag.py:3036} INFO - Sync 1 DAGs
[2026-07-01T12:18:22.426+0000] {logging_mixin.py:188} INFO - [2026-07-01T12:18:22.426+0000] {dag.py:3823} INFO - Setting next_dagrun for example_params_trigger_ui to None, run_after=None
[2026-07-01T12:18:22.489+0000] {processor.py:183} INFO - Processing /home/airflow/.local/lib/python3.8/site-packages/airflow/example_dags/example_params_trigger_ui.py took 0.479 seconds
[2026-07-01T12:18:53.180+0000] {processor.py:161} INFO - Started process (PID=1178) to work on /home/airflow/.local/lib/python3.8/site-packages/airflow/example_dags/example_params_trigger_ui.py
[2026-07-01T12:18:53.183+0000] {processor.py:830} INFO - Processing file /home/airflow/.local/lib/python3.8/site-packages/airflow/example_dags/example_params_trigger_ui.py for tasks to queue
[2026-07-01T12:18:53.188+0000] {logging_mixin.py:188} INFO - [2026-07-01T12:18:53.187+0000] {dagbag.py:538} INFO - Filling up the DagBag from /home/airflow/.local/lib/python3.8/site-packages/airflow/example_dags/example_params_trigger_ui.py
[2026-07-01T12:18:53.220+0000] {processor.py:840} INFO - DAG(s) 'example_params_trigger_ui' retrieved from /home/airflow/.local/lib/python3.8/site-packages/airflow/example_dags/example_params_trigger_ui.py
[2026-07-01T12:18:53.339+0000] {logging_mixin.py:188} INFO - [2026-07-01T12:18:53.338+0000] {dag.py:3036} INFO - Sync 1 DAGs
[2026-07-01T12:18:53.373+0000] {logging_mixin.py:188} INFO - [2026-07-01T12:18:53.372+0000] {dag.py:3823} INFO - Setting next_dagrun for example_params_trigger_ui to None, run_after=None
[2026-07-01T12:18:53.421+0000] {processor.py:183} INFO - Processing /home/airflow/.local/lib/python3.8/site-packages/airflow/example_dags/example_params_trigger_ui.py took 0.249 seconds
[2026-07-01T12:19:23.665+0000] {processor.py:161} INFO - Started process (PID=1234) to work on /home/airflow/.local/lib/python3.8/site-packages/airflow/example_dags/example_params_trigger_ui.py
[2026-07-01T12:19:23.669+0000] {processor.py:830} INFO - Processing file /home/airflow/.local/lib/python3.8/site-packages/airflow/example_dags/example_params_trigger_ui.py for tasks to queue
[2026-07-01T12:19:23.676+0000] {logging_mixin.py:188} INFO - [2026-07-01T12:19:23.675+0000] {dagbag.py:538} INFO - Filling up the DagBag from /home/airflow/.local/lib/python3.8/site-packages/airflow/example_dags/example_params_trigger_ui.py
[2026-07-01T12:19:23.709+0000] {processor.py:840} INFO - DAG(s) 'example_params_trigger_ui' retrieved from /home/airflow/.local/lib/python3.8/site-packages/airflow/example_dags/example_params_trigger_ui.py
[2026-07-01T12:19:23.821+0000] {logging_mixin.py:188} INFO - [2026-07-01T12:19:23.821+0000] {dag.py:3036} INFO - Sync 1 DAGs
[2026-07-01T12:19:23.848+0000] {logging_mixin.py:188} INFO - [2026-07-01T12:19:23.848+0000] {dag.py:3823} INFO - Setting next_dagrun for example_params_trigger_ui to None, run_after=None
[2026-07-01T12:19:23.890+0000] {processor.py:183} INFO - Processing /home/airflow/.local/lib/python3.8/site-packages/airflow/example_dags/example_params_trigger_ui.py took 0.236 seconds
[2026-07-01T12:19:56.491+0000] {processor.py:161} INFO - Started process (PID=1290) to work on /home/airflow/.local/lib/python3.8/site-packages/airflow/example_dags/example_params_trigger_ui.py
[2026-07-01T12:19:56.496+0000] {processor.py:830} INFO - Processing file /home/airflow/.local/lib/python3.8/site-packages/airflow/example_dags/example_params_trigger_ui.py for tasks to queue
[2026-07-01T12:19:56.509+0000] {logging_mixin.py:188} INFO - [2026-07-01T12:19:56.505+0000] {dagbag.py:538} INFO - Filling up the DagBag from /home/airflow/.local/lib/python3.8/site-packages/airflow/example_dags/example_params_trigger_ui.py
[2026-07-01T12:19:56.579+0000] {processor.py:840} INFO - DAG(s) 'example_params_trigger_ui' retrieved from /home/airflow/.local/lib/python3.8/site-packages/airflow/example_dags/example_params_trigger_ui.py
[2026-07-01T12:19:56.638+0000] {logging_mixin.py:188} INFO - [2026-07-01T12:19:56.637+0000] {dag.py:3036} INFO - Sync 1 DAGs
[2026-07-01T12:19:56.695+0000] {logging_mixin.py:188} INFO - [2026-07-01T12:19:56.694+0000] {dag.py:3823} INFO - Setting next_dagrun for example_params_trigger_ui to None, run_after=None
[2026-07-01T12:19:56.767+0000] {processor.py:183} INFO - Processing /home/airflow/.local/lib/python3.8/site-packages/airflow/example_dags/example_params_trigger_ui.py took 0.292 seconds
[2026-07-01T12:20:30.014+0000] {processor.py:161} INFO - Started process (PID=1345) to work on /home/airflow/.local/lib/python3.8/site-packages/airflow/example_dags/example_params_trigger_ui.py
[2026-07-01T12:20:30.028+0000] {processor.py:830} INFO - Processing file /home/airflow/.local/lib/python3.8/site-packages/airflow/example_dags/example_params_trigger_ui.py for tasks to queue
[2026-07-01T12:20:30.054+0000] {logging_mixin.py:188} INFO - [2026-07-01T12:20:30.052+0000] {dagbag.py:538} INFO - Filling up the DagBag from /home/airflow/.local/lib/python3.8/site-packages/airflow/example_dags/example_params_trigger_ui.py
[2026-07-01T12:20:30.196+0000] {processor.py:840} INFO - DAG(s) 'example_params_trigger_ui' retrieved from /home/airflow/.local/lib/python3.8/site-packages/airflow/example_dags/example_params_trigger_ui.py
[2026-07-01T12:20:30.834+0000] {logging_mixin.py:188} INFO - [2026-07-01T12:20:30.833+0000] {dag.py:3036} INFO - Sync 1 DAGs
[2026-07-01T12:20:30.907+0000] {logging_mixin.py:188} INFO - [2026-07-01T12:20:30.907+0000] {dag.py:3823} INFO - Setting next_dagrun for example_params_trigger_ui to None, run_after=None
[2026-07-01T12:20:31.070+0000] {processor.py:183} INFO - Processing /home/airflow/.local/lib/python3.8/site-packages/airflow/example_dags/example_params_trigger_ui.py took 1.082 seconds
[2026-07-01T12:21:01.314+0000] {processor.py:161} INFO - Started process (PID=1402) to work on /home/airflow/.local/lib/python3.8/site-packages/airflow/example_dags/example_params_trigger_ui.py
[2026-07-01T12:21:01.318+0000] {processor.py:830} INFO - Processing file /home/airflow/.local/lib/python3.8/site-packages/airflow/example_dags/example_params_trigger_ui.py for tasks to queue
[2026-07-01T12:21:01.325+0000] {logging_mixin.py:188} INFO - [2026-07-01T12:21:01.324+0000] {dagbag.py:538} INFO - Filling up the DagBag from /home/airflow/.local/lib/python3.8/site-packages/airflow/example_dags/example_params_trigger_ui.py
[2026-07-01T12:21:01.370+0000] {processor.py:840} INFO - DAG(s) 'example_params_trigger_ui' retrieved from /home/airflow/.local/lib/python3.8/site-packages/airflow/example_dags/example_params_trigger_ui.py
[2026-07-01T12:21:01.588+0000] {logging_mixin.py:188} INFO - [2026-07-01T12:21:01.587+0000] {dag.py:3036} INFO - Sync 1 DAGs
[2026-07-01T12:21:01.630+0000] {logging_mixin.py:188} INFO - [2026-07-01T12:21:01.630+0000] {dag.py:3823} INFO - Setting next_dagrun for example_params_trigger_ui to None, run_after=None
[2026-07-01T12:21:01.679+0000] {processor.py:183} INFO - Processing /home/airflow/.local/lib/python3.8/site-packages/airflow/example_dags/example_params_trigger_ui.py took 0.374 seconds
[2026-07-01T12:21:31.927+0000] {processor.py:161} INFO - Started process (PID=1458) to work on /home/airflow/.local/lib/python3.8/site-packages/airflow/example_dags/example_params_trigger_ui.py
[2026-07-01T12:21:31.930+0000] {processor.py:830} INFO - Processing file /home/airflow/.local/lib/python3.8/site-packages/airflow/example_dags/example_params_trigger_ui.py for tasks to queue
[2026-07-01T12:21:31.935+0000] {logging_mixin.py:188} INFO - [2026-07-01T12:21:31.935+0000] {dagbag.py:538} INFO - Filling up the DagBag from /home/airflow/.local/lib/python3.8/site-packages/airflow/example_dags/example_params_trigger_ui.py
[2026-07-01T12:21:31.967+0000] {processor.py:840} INFO - DAG(s) 'example_params_trigger_ui' retrieved from /home/airflow/.local/lib/python3.8/site-packages/airflow/example_dags/example_params_trigger_ui.py
[2026-07-01T12:21:32.085+0000] {logging_mixin.py:188} INFO - [2026-07-01T12:21:32.084+0000] {dag.py:3036} INFO - Sync 1 DAGs
[2026-07-01T12:21:32.114+0000] {logging_mixin.py:188} INFO - [2026-07-01T12:21:32.114+0000] {dag.py:3823} INFO - Setting next_dagrun for example_params_trigger_ui to None, run_after=None
[2026-07-01T12:21:32.164+0000] {processor.py:183} INFO - Processing /home/airflow/.local/lib/python3.8/site-packages/airflow/example_dags/example_params_trigger_ui.py took 0.245 seconds
[2026-07-01T12:22:02.277+0000] {processor.py:161} INFO - Started process (PID=1513) to work on /home/airflow/.local/lib/python3.8/site-packages/airflow/example_dags/example_params_trigger_ui.py
[2026-07-01T12:22:02.281+0000] {processor.py:830} INFO - Processing file /home/airflow/.local/lib/python3.8/site-packages/airflow/example_dags/example_params_trigger_ui.py for tasks to queue
[2026-07-01T12:22:02.293+0000] {logging_mixin.py:188} INFO - [2026-07-01T12:22:02.292+0000] {dagbag.py:538} INFO - Filling up the DagBag from /home/airflow/.local/lib/python3.8/site-packages/airflow/example_dags/example_params_trigger_ui.py
[2026-07-01T12:22:02.351+0000] {processor.py:840} INFO - DAG(s) 'example_params_trigger_ui' retrieved from /home/airflow/.local/lib/python3.8/site-packages/airflow/example_dags/example_params_trigger_ui.py
[2026-07-01T12:22:02.541+0000] {logging_mixin.py:188} INFO - [2026-07-01T12:22:02.540+0000] {dag.py:3036} INFO - Sync 1 DAGs
[2026-07-01T12:22:02.596+0000] {logging_mixin.py:188} INFO - [2026-07-01T12:22:02.596+0000] {dag.py:3823} INFO - Setting next_dagrun for example_params_trigger_ui to None, run_after=None
[2026-07-01T12:22:02.660+0000] {processor.py:183} INFO - Processing /home/airflow/.local/lib/python3.8/site-packages/airflow/example_dags/example_params_trigger_ui.py took 0.394 seconds
[2026-07-01T12:22:33.017+0000] {processor.py:161} INFO - Started process (PID=1569) to work on /home/airflow/.local/lib/python3.8/site-packages/airflow/example_dags/example_params_trigger_ui.py
[2026-07-01T12:22:33.020+0000] {processor.py:830} INFO - Processing file /home/airflow/.local/lib/python3.8/site-packages/airflow/example_dags/example_params_trigger_ui.py for tasks to queue
[2026-07-01T12:22:33.026+0000] {logging_mixin.py:188} INFO - [2026-07-01T12:22:33.025+0000] {dagbag.py:538} INFO - Filling up the DagBag from /home/airflow/.local/lib/python3.8/site-packages/airflow/example_dags/example_params_trigger_ui.py
[2026-07-01T12:22:33.065+0000] {processor.py:840} INFO - DAG(s) 'example_params_trigger_ui' retrieved from /home/airflow/.local/lib/python3.8/site-packages/airflow/example_dags/example_params_trigger_ui.py
[2026-07-01T12:22:33.211+0000] {logging_mixin.py:188} INFO - [2026-07-01T12:22:33.210+0000] {dag.py:3036} INFO - Sync 1 DAGs
[2026-07-01T12:22:33.254+0000] {logging_mixin.py:188} INFO - [2026-07-01T12:22:33.254+0000] {dag.py:3823} INFO - Setting next_dagrun for example_params_trigger_ui to None, run_after=None
[2026-07-01T12:22:33.310+0000] {processor.py:183} INFO - Processing /home/airflow/.local/lib/python3.8/site-packages/airflow/example_dags/example_params_trigger_ui.py took 0.301 seconds
[2026-07-01T12:23:03.928+0000] {processor.py:161} INFO - Started process (PID=1625) to work on /home/airflow/.local/lib/python3.8/site-packages/airflow/example_dags/example_params_trigger_ui.py
[2026-07-01T12:23:03.931+0000] {processor.py:830} INFO - Processing file /home/airflow/.local/lib/python3.8/site-packages/airflow/example_dags/example_params_trigger_ui.py for tasks to queue
[2026-07-01T12:23:03.941+0000] {logging_mixin.py:188} INFO - [2026-07-01T12:23:03.940+0000] {dagbag.py:538} INFO - Filling up the DagBag from /home/airflow/.local/lib/python3.8/site-packages/airflow/example_dags/example_params_trigger_ui.py
[2026-07-01T12:23:03.984+0000] {processor.py:840} INFO - DAG(s) 'example_params_trigger_ui' retrieved from /home/airflow/.local/lib/python3.8/site-packages/airflow/example_dags/example_params_trigger_ui.py
[2026-07-01T12:23:04.160+0000] {logging_mixin.py:188} INFO - [2026-07-01T12:23:04.160+0000] {dag.py:3036} INFO - Sync 1 DAGs
[2026-07-01T12:23:04.214+0000] {logging_mixin.py:188} INFO - [2026-07-01T12:23:04.213+0000] {dag.py:3823} INFO - Setting next_dagrun for example_params_trigger_ui to None, run_after=None
[2026-07-01T12:23:04.294+0000] {processor.py:183} INFO - Processing /home/airflow/.local/lib/python3.8/site-packages/airflow/example_dags/example_params_trigger_ui.py took 0.376 seconds
[2026-07-01T12:23:34.683+0000] {processor.py:161} INFO - Started process (PID=1681) to work on /home/airflow/.local/lib/python3.8/site-packages/airflow/example_dags/example_params_trigger_ui.py
[2026-07-01T12:23:34.689+0000] {processor.py:830} INFO - Processing file /home/airflow/.local/lib/python3.8/site-packages/airflow/example_dags/example_params_trigger_ui.py for tasks to queue
[2026-07-01T12:23:34.707+0000] {logging_mixin.py:188} INFO - [2026-07-01T12:23:34.706+0000] {dagbag.py:538} INFO - Filling up the DagBag from /home/airflow/.local/lib/python3.8/site-packages/airflow/example_dags/example_params_trigger_ui.py
[2026-07-01T12:23:34.803+0000] {processor.py:840} INFO - DAG(s) 'example_params_trigger_ui' retrieved from /home/airflow/.local/lib/python3.8/site-packages/airflow/example_dags/example_params_trigger_ui.py
[2026-07-01T12:23:35.260+0000] {logging_mixin.py:188} INFO - [2026-07-01T12:23:35.259+0000] {dag.py:3036} INFO - Sync 1 DAGs
[2026-07-01T12:23:35.351+0000] {logging_mixin.py:188} INFO - [2026-07-01T12:23:35.350+0000] {dag.py:3823} INFO - Setting next_dagrun for example_params_trigger_ui to None, run_after=None
[2026-07-01T12:23:35.463+0000] {processor.py:183} INFO - Processing /home/airflow/.local/lib/python3.8/site-packages/airflow/example_dags/example_params_trigger_ui.py took 0.813 seconds
[2026-07-01T12:24:05.821+0000] {processor.py:161} INFO - Started process (PID=1738) to work on /home/airflow/.local/lib/python3.8/site-packages/airflow/example_dags/example_params_trigger_ui.py
[2026-07-01T12:24:05.827+0000] {processor.py:830} INFO - Processing file /home/airflow/.local/lib/python3.8/site-packages/airflow/example_dags/example_params_trigger_ui.py for tasks to queue
[2026-07-01T12:24:05.834+0000] {logging_mixin.py:188} INFO - [2026-07-01T12:24:05.834+0000] {dagbag.py:538} INFO - Filling up the DagBag from /home/airflow/.local/lib/python3.8/site-packages/airflow/example_dags/example_params_trigger_ui.py
[2026-07-01T12:24:05.903+0000] {processor.py:840} INFO - DAG(s) 'example_params_trigger_ui' retrieved from /home/airflow/.local/lib/python3.8/site-packages/airflow/example_dags/example_params_trigger_ui.py
[2026-07-01T12:24:06.092+0000] {logging_mixin.py:188} INFO - [2026-07-01T12:24:06.091+0000] {dag.py:3036} INFO - Sync 1 DAGs
[2026-07-01T12:24:06.144+0000] {logging_mixin.py:188} INFO - [2026-07-01T12:24:06.143+0000] {dag.py:3823} INFO - Setting next_dagrun for example_params_trigger_ui to None, run_after=None
[2026-07-01T12:24:06.221+0000] {processor.py:183} INFO - Processing /home/airflow/.local/lib/python3.8/site-packages/airflow/example_dags/example_params_trigger_ui.py took 0.418 seconds
[2026-07-01T12:24:37.178+0000] {processor.py:161} INFO - Started process (PID=1798) to work on /home/airflow/.local/lib/python3.8/site-packages/airflow/example_dags/example_params_trigger_ui.py
[2026-07-01T12:24:37.181+0000] {processor.py:830} INFO - Processing file /home/airflow/.local/lib/python3.8/site-packages/airflow/example_dags/example_params_trigger_ui.py for tasks to queue
[2026-07-01T12:24:37.187+0000] {logging_mixin.py:188} INFO - [2026-07-01T12:24:37.186+0000] {dagbag.py:538} INFO - Filling up the DagBag from /home/airflow/.local/lib/python3.8/site-packages/airflow/example_dags/example_params_trigger_ui.py
[2026-07-01T12:24:37.229+0000] {processor.py:840} INFO - DAG(s) 'example_params_trigger_ui' retrieved from /home/airflow/.local/lib/python3.8/site-packages/airflow/example_dags/example_params_trigger_ui.py
[2026-07-01T12:24:37.349+0000] {logging_mixin.py:188} INFO - [2026-07-01T12:24:37.348+0000] {dag.py:3036} INFO - Sync 1 DAGs
[2026-07-01T12:24:37.380+0000] {logging_mixin.py:188} INFO - [2026-07-01T12:24:37.379+0000] {dag.py:3823} INFO - Setting next_dagrun for example_params_trigger_ui to None, run_after=None
[2026-07-01T12:24:37.426+0000] {processor.py:183} INFO - Processing /home/airflow/.local/lib/python3.8/site-packages/airflow/example_dags/example_params_trigger_ui.py took 0.256 seconds
[2026-07-01T12:25:08.126+0000] {processor.py:161} INFO - Started process (PID=1854) to work on /home/airflow/.local/lib/python3.8/site-packages/airflow/example_dags/example_params_trigger_ui.py
[2026-07-01T12:25:08.130+0000] {processor.py:830} INFO - Processing file /home/airflow/.local/lib/python3.8/site-packages/airflow/example_dags/example_params_trigger_ui.py for tasks to queue
[2026-07-01T12:25:08.136+0000] {logging_mixin.py:188} INFO - [2026-07-01T12:25:08.135+0000] {dagbag.py:538} INFO - Filling up the DagBag from /home/airflow/.local/lib/python3.8/site-packages/airflow/example_dags/example_params_trigger_ui.py
[2026-07-01T12:25:08.175+0000] {processor.py:840} INFO - DAG(s) 'example_params_trigger_ui' retrieved from /home/airflow/.local/lib/python3.8/site-packages/airflow/example_dags/example_params_trigger_ui.py
[2026-07-01T12:25:08.302+0000] {logging_mixin.py:188} INFO - [2026-07-01T12:25:08.302+0000] {dag.py:3036} INFO - Sync 1 DAGs
[2026-07-01T12:25:08.338+0000] {logging_mixin.py:188} INFO - [2026-07-01T12:25:08.337+0000] {dag.py:3823} INFO - Setting next_dagrun for example_params_trigger_ui to None, run_after=None
[2026-07-01T12:25:08.392+0000] {processor.py:183} INFO - Processing /home/airflow/.local/lib/python3.8/site-packages/airflow/example_dags/example_params_trigger_ui.py took 0.275 seconds
[2026-07-01T12:25:38.515+0000] {processor.py:161} INFO - Started process (PID=1910) to work on /home/airflow/.local/lib/python3.8/site-packages/airflow/example_dags/example_params_trigger_ui.py
[2026-07-01T12:25:38.519+0000] {processor.py:830} INFO - Processing file /home/airflow/.local/lib/python3.8/site-packages/airflow/example_dags/example_params_trigger_ui.py for tasks to queue
[2026-07-01T12:25:38.532+0000] {logging_mixin.py:188} INFO - [2026-07-01T12:25:38.526+0000] {dagbag.py:538} INFO - Filling up the DagBag from /home/airflow/.local/lib/python3.8/site-packages/airflow/example_dags/example_params_trigger_ui.py
[2026-07-01T12:25:38.594+0000] {processor.py:840} INFO - DAG(s) 'example_params_trigger_ui' retrieved from /home/airflow/.local/lib/python3.8/site-packages/airflow/example_dags/example_params_trigger_ui.py
[2026-07-01T12:25:38.789+0000] {logging_mixin.py:188} INFO - [2026-07-01T12:25:38.788+0000] {dag.py:3036} INFO - Sync 1 DAGs
[2026-07-01T12:25:38.843+0000] {logging_mixin.py:188} INFO - [2026-07-01T12:25:38.842+0000] {dag.py:3823} INFO - Setting next_dagrun for example_params_trigger_ui to None, run_after=None
[2026-07-01T12:25:38.902+0000] {processor.py:183} INFO - Processing /home/airflow/.local/lib/python3.8/site-packages/airflow/example_dags/example_params_trigger_ui.py took 0.402 seconds
[2026-07-01T12:26:09.026+0000] {processor.py:161} INFO - Started process (PID=1965) to work on /home/airflow/.local/lib/python3.8/site-packages/airflow/example_dags/example_params_trigger_ui.py
[2026-07-01T12:26:09.030+0000] {processor.py:830} INFO - Processing file /home/airflow/.local/lib/python3.8/site-packages/airflow/example_dags/example_params_trigger_ui.py for tasks to queue
[2026-07-01T12:26:09.037+0000] {logging_mixin.py:188} INFO - [2026-07-01T12:26:09.036+0000] {dagbag.py:538} INFO - Filling up the DagBag from /home/airflow/.local/lib/python3.8/site-packages/airflow/example_dags/example_params_trigger_ui.py
[2026-07-01T12:26:09.084+0000] {processor.py:840} INFO - DAG(s) 'example_params_trigger_ui' retrieved from /home/airflow/.local/lib/python3.8/site-packages/airflow/example_dags/example_params_trigger_ui.py
[2026-07-01T12:26:09.218+0000] {logging_mixin.py:188} INFO - [2026-07-01T12:26:09.218+0000] {dag.py:3036} INFO - Sync 1 DAGs
[2026-07-01T12:26:09.253+0000] {logging_mixin.py:188} INFO - [2026-07-01T12:26:09.252+0000] {dag.py:3823} INFO - Setting next_dagrun for example_params_trigger_ui to None, run_after=None
[2026-07-01T12:26:09.301+0000] {processor.py:183} INFO - Processing /home/airflow/.local/lib/python3.8/site-packages/airflow/example_dags/example_params_trigger_ui.py took 0.293 seconds
[2026-07-01T12:26:39.554+0000] {processor.py:161} INFO - Started process (PID=2021) to work on /home/airflow/.local/lib/python3.8/site-packages/airflow/example_dags/example_params_trigger_ui.py
[2026-07-01T12:26:39.557+0000] {processor.py:830} INFO - Processing file /home/airflow/.local/lib/python3.8/site-packages/airflow/example_dags/example_params_trigger_ui.py for tasks to queue
[2026-07-01T12:26:39.561+0000] {logging_mixin.py:188} INFO - [2026-07-01T12:26:39.561+0000] {dagbag.py:538} INFO - Filling up the DagBag from /home/airflow/.local/lib/python3.8/site-packages/airflow/example_dags/example_params_trigger_ui.py
[2026-07-01T12:26:39.591+0000] {processor.py:840} INFO - DAG(s) 'example_params_trigger_ui' retrieved from /home/airflow/.local/lib/python3.8/site-packages/airflow/example_dags/example_params_trigger_ui.py
[2026-07-01T12:26:39.709+0000] {logging_mixin.py:188} INFO - [2026-07-01T12:26:39.708+0000] {dag.py:3036} INFO - Sync 1 DAGs
[2026-07-01T12:26:39.742+0000] {logging_mixin.py:188} INFO - [2026-07-01T12:26:39.741+0000] {dag.py:3823} INFO - Setting next_dagrun for example_params_trigger_ui to None, run_after=None
[2026-07-01T12:26:39.790+0000] {processor.py:183} INFO - Processing /home/airflow/.local/lib/python3.8/site-packages/airflow/example_dags/example_params_trigger_ui.py took 0.245 seconds
[2026-07-01T12:27:10.567+0000] {processor.py:161} INFO - Started process (PID=2076) to work on /home/airflow/.local/lib/python3.8/site-packages/airflow/example_dags/example_params_trigger_ui.py
[2026-07-01T12:27:10.571+0000] {processor.py:830} INFO - Processing file /home/airflow/.local/lib/python3.8/site-packages/airflow/example_dags/example_params_trigger_ui.py for tasks to queue
[2026-07-01T12:27:10.577+0000] {logging_mixin.py:188} INFO - [2026-07-01T12:27:10.577+0000] {dagbag.py:538} INFO - Filling up the DagBag from /home/airflow/.local/lib/python3.8/site-packages/airflow/example_dags/example_params_trigger_ui.py
[2026-07-01T12:27:10.615+0000] {processor.py:840} INFO - DAG(s) 'example_params_trigger_ui' retrieved from /home/airflow/.local/lib/python3.8/site-packages/airflow/example_dags/example_params_trigger_ui.py
[2026-07-01T12:27:10.728+0000] {logging_mixin.py:188} INFO - [2026-07-01T12:27:10.728+0000] {dag.py:3036} INFO - Sync 1 DAGs
[2026-07-01T12:27:10.757+0000] {logging_mixin.py:188} INFO - [2026-07-01T12:27:10.757+0000] {dag.py:3823} INFO - Setting next_dagrun for example_params_trigger_ui to None, run_after=None
[2026-07-01T12:27:10.797+0000] {processor.py:183} INFO - Processing /home/airflow/.local/lib/python3.8/site-packages/airflow/example_dags/example_params_trigger_ui.py took 0.241 seconds
[2026-07-01T12:27:41.387+0000] {processor.py:161} INFO - Started process (PID=2132) to work on /home/airflow/.local/lib/python3.8/site-packages/airflow/example_dags/example_params_trigger_ui.py
[2026-07-01T12:27:41.391+0000] {processor.py:830} INFO - Processing file /home/airflow/.local/lib/python3.8/site-packages/airflow/example_dags/example_params_trigger_ui.py for tasks to queue
[2026-07-01T12:27:41.396+0000] {logging_mixin.py:188} INFO - [2026-07-01T12:27:41.395+0000] {dagbag.py:538} INFO - Filling up the DagBag from /home/airflow/.local/lib/python3.8/site-packages/airflow/example_dags/example_params_trigger_ui.py
[2026-07-01T12:27:41.427+0000] {processor.py:840} INFO - DAG(s) 'example_params_trigger_ui' retrieved from /home/airflow/.local/lib/python3.8/site-packages/airflow/example_dags/example_params_trigger_ui.py
[2026-07-01T12:27:41.538+0000] {logging_mixin.py:188} INFO - [2026-07-01T12:27:41.537+0000] {dag.py:3036} INFO - Sync 1 DAGs
[2026-07-01T12:27:41.569+0000] {logging_mixin.py:188} INFO - [2026-07-01T12:27:41.568+0000] {dag.py:3823} INFO - Setting next_dagrun for example_params_trigger_ui to None, run_after=None
[2026-07-01T12:27:41.622+0000] {processor.py:183} INFO - Processing /home/airflow/.local/lib/python3.8/site-packages/airflow/example_dags/example_params_trigger_ui.py took 0.242 seconds
[2026-07-01T12:28:11.779+0000] {processor.py:161} INFO - Started process (PID=2188) to work on /home/airflow/.local/lib/python3.8/site-packages/airflow/example_dags/example_params_trigger_ui.py
[2026-07-01T12:28:11.782+0000] {processor.py:830} INFO - Processing file /home/airflow/.local/lib/python3.8/site-packages/airflow/example_dags/example_params_trigger_ui.py for tasks to queue
[2026-07-01T12:28:11.790+0000] {logging_mixin.py:188} INFO - [2026-07-01T12:28:11.789+0000] {dagbag.py:538} INFO - Filling up the DagBag from /home/airflow/.local/lib/python3.8/site-packages/airflow/example_dags/example_params_trigger_ui.py
[2026-07-01T12:28:11.833+0000] {processor.py:840} INFO - DAG(s) 'example_params_trigger_ui' retrieved from /home/airflow/.local/lib/python3.8/site-packages/airflow/example_dags/example_params_trigger_ui.py
[2026-07-01T12:28:11.948+0000] {logging_mixin.py:188} INFO - [2026-07-01T12:28:11.948+0000] {dag.py:3036} INFO - Sync 1 DAGs
[2026-07-01T12:28:11.980+0000] {logging_mixin.py:188} INFO - [2026-07-01T12:28:11.980+0000] {dag.py:3823} INFO - Setting next_dagrun for example_params_trigger_ui to None, run_after=None
[2026-07-01T12:28:12.028+0000] {processor.py:183} INFO - Processing /home/airflow/.local/lib/python3.8/site-packages/airflow/example_dags/example_params_trigger_ui.py took 0.262 seconds
[2026-07-01T12:28:42.366+0000] {processor.py:161} INFO - Started process (PID=2245) to work on /home/airflow/.local/lib/python3.8/site-packages/airflow/example_dags/example_params_trigger_ui.py
[2026-07-01T12:28:42.369+0000] {processor.py:830} INFO - Processing file /home/airflow/.local/lib/python3.8/site-packages/airflow/example_dags/example_params_trigger_ui.py for tasks to queue
[2026-07-01T12:28:42.376+0000] {logging_mixin.py:188} INFO - [2026-07-01T12:28:42.375+0000] {dagbag.py:538} INFO - Filling up the DagBag from /home/airflow/.local/lib/python3.8/site-packages/airflow/example_dags/example_params_trigger_ui.py
[2026-07-01T12:28:42.417+0000] {processor.py:840} INFO - DAG(s) 'example_params_trigger_ui' retrieved from /home/airflow/.local/lib/python3.8/site-packages/airflow/example_dags/example_params_trigger_ui.py
[2026-07-01T12:28:42.544+0000] {logging_mixin.py:188} INFO - [2026-07-01T12:28:42.543+0000] {dag.py:3036} INFO - Sync 1 DAGs
[2026-07-01T12:28:42.585+0000] {logging_mixin.py:188} INFO - [2026-07-01T12:28:42.585+0000] {dag.py:3823} INFO - Setting next_dagrun for example_params_trigger_ui to None, run_after=None
[2026-07-01T12:28:42.638+0000] {processor.py:183} INFO - Processing /home/airflow/.local/lib/python3.8/site-packages/airflow/example_dags/example_params_trigger_ui.py took 0.284 seconds
[2026-07-01T12:29:12.994+0000] {processor.py:161} INFO - Started process (PID=2302) to work on /home/airflow/.local/lib/python3.8/site-packages/airflow/example_dags/example_params_trigger_ui.py
[2026-07-01T12:29:13.008+0000] {processor.py:830} INFO - Processing file /home/airflow/.local/lib/python3.8/site-packages/airflow/example_dags/example_params_trigger_ui.py for tasks to queue
[2026-07-01T12:29:13.013+0000] {logging_mixin.py:188} INFO - [2026-07-01T12:29:13.012+0000] {dagbag.py:538} INFO - Filling up the DagBag from /home/airflow/.local/lib/python3.8/site-packages/airflow/example_dags/example_params_trigger_ui.py
[2026-07-01T12:29:13.050+0000] {processor.py:840} INFO - DAG(s) 'example_params_trigger_ui' retrieved from /home/airflow/.local/lib/python3.8/site-packages/airflow/example_dags/example_params_trigger_ui.py
[2026-07-01T12:29:13.172+0000] {logging_mixin.py:188} INFO - [2026-07-01T12:29:13.171+0000] {dag.py:3036} INFO - Sync 1 DAGs
[2026-07-01T12:29:13.213+0000] {logging_mixin.py:188} INFO - [2026-07-01T12:29:13.212+0000] {dag.py:3823} INFO - Setting next_dagrun for example_params_trigger_ui to None, run_after=None
[2026-07-01T12:29:13.264+0000] {processor.py:183} INFO - Processing /home/airflow/.local/lib/python3.8/site-packages/airflow/example_dags/example_params_trigger_ui.py took 0.282 seconds
[2026-07-01T12:29:43.545+0000] {processor.py:161} INFO - Started process (PID=2358) to work on /home/airflow/.local/lib/python3.8/site-packages/airflow/example_dags/example_params_trigger_ui.py
[2026-07-01T12:29:43.548+0000] {processor.py:830} INFO - Processing file /home/airflow/.local/lib/python3.8/site-packages/airflow/example_dags/example_params_trigger_ui.py for tasks to queue
[2026-07-01T12:29:43.555+0000] {logging_mixin.py:188} INFO - [2026-07-01T12:29:43.555+0000] {dagbag.py:538} INFO - Filling up the DagBag from /home/airflow/.local/lib/python3.8/site-packages/airflow/example_dags/example_params_trigger_ui.py
[2026-07-01T12:29:43.597+0000] {processor.py:840} INFO - DAG(s) 'example_params_trigger_ui' retrieved from /home/airflow/.local/lib/python3.8/site-packages/airflow/example_dags/example_params_trigger_ui.py
[2026-07-01T12:29:43.727+0000] {logging_mixin.py:188} INFO - [2026-07-01T12:29:43.727+0000] {dag.py:3036} INFO - Sync 1 DAGs
[2026-07-01T12:29:43.763+0000] {logging_mixin.py:188} INFO - [2026-07-01T12:29:43.763+0000] {dag.py:3823} INFO - Setting next_dagrun for example_params_trigger_ui to None, run_after=None
[2026-07-01T12:29:44.103+0000] {processor.py:183} INFO - Processing /home/airflow/.local/lib/python3.8/site-packages/airflow/example_dags/example_params_trigger_ui.py took 0.569 seconds
