[2026-07-01T11:57:46.447+0000] {processor.py:161} INFO - Started process (PID=88) to work on /home/airflow/.local/lib/python3.8/site-packages/airflow/example_dags/example_complex.py
[2026-07-01T11:57:46.492+0000] {processor.py:830} INFO - Processing file /home/airflow/.local/lib/python3.8/site-packages/airflow/example_dags/example_complex.py for tasks to queue
[2026-07-01T11:57:46.510+0000] {logging_mixin.py:188} INFO - [2026-07-01T11:57:46.509+0000] {dagbag.py:538} INFO - Filling up the DagBag from /home/airflow/.local/lib/python3.8/site-packages/airflow/example_dags/example_complex.py
[2026-07-01T11:57:46.747+0000] {processor.py:840} INFO - DAG(s) 'example_complex' retrieved from /home/airflow/.local/lib/python3.8/site-packages/airflow/example_dags/example_complex.py
[2026-07-01T11:57:49.649+0000] {logging_mixin.py:188} INFO - [2026-07-01T11:57:49.648+0000] {dag.py:3036} INFO - Sync 1 DAGs
[2026-07-01T11:57:50.033+0000] {logging_mixin.py:188} INFO - [2026-07-01T11:57:50.032+0000] {dag.py:3823} INFO - Setting next_dagrun for example_complex to None, run_after=None
[2026-07-01T11:57:50.487+0000] {processor.py:183} INFO - Processing /home/airflow/.local/lib/python3.8/site-packages/airflow/example_dags/example_complex.py took 4.221 seconds
[2026-07-01T11:58:46.864+0000] {processor.py:161} INFO - Started process (PID=143) to work on /home/airflow/.local/lib/python3.8/site-packages/airflow/example_dags/example_complex.py
[2026-07-01T11:58:46.868+0000] {processor.py:830} INFO - Processing file /home/airflow/.local/lib/python3.8/site-packages/airflow/example_dags/example_complex.py for tasks to queue
[2026-07-01T11:58:46.875+0000] {logging_mixin.py:188} INFO - [2026-07-01T11:58:46.874+0000] {dagbag.py:538} INFO - Filling up the DagBag from /home/airflow/.local/lib/python3.8/site-packages/airflow/example_dags/example_complex.py
[2026-07-01T11:58:46.915+0000] {processor.py:840} INFO - DAG(s) 'example_complex' retrieved from /home/airflow/.local/lib/python3.8/site-packages/airflow/example_dags/example_complex.py
[2026-07-01T11:58:46.990+0000] {logging_mixin.py:188} INFO - [2026-07-01T11:58:46.990+0000] {dag.py:3036} INFO - Sync 1 DAGs
[2026-07-01T11:58:47.024+0000] {logging_mixin.py:188} INFO - [2026-07-01T11:58:47.024+0000] {dag.py:3823} INFO - Setting next_dagrun for example_complex to None, run_after=None
[2026-07-01T11:58:47.078+0000] {processor.py:183} INFO - Processing /home/airflow/.local/lib/python3.8/site-packages/airflow/example_dags/example_complex.py took 0.223 seconds
[2026-07-01T11:59:17.314+0000] {processor.py:161} INFO - Started process (PID=196) to work on /home/airflow/.local/lib/python3.8/site-packages/airflow/example_dags/example_complex.py
[2026-07-01T11:59:17.318+0000] {processor.py:830} INFO - Processing file /home/airflow/.local/lib/python3.8/site-packages/airflow/example_dags/example_complex.py for tasks to queue
[2026-07-01T11:59:17.324+0000] {logging_mixin.py:188} INFO - [2026-07-01T11:59:17.323+0000] {dagbag.py:538} INFO - Filling up the DagBag from /home/airflow/.local/lib/python3.8/site-packages/airflow/example_dags/example_complex.py
[2026-07-01T11:59:17.352+0000] {processor.py:840} INFO - DAG(s) 'example_complex' retrieved from /home/airflow/.local/lib/python3.8/site-packages/airflow/example_dags/example_complex.py
[2026-07-01T11:59:17.431+0000] {logging_mixin.py:188} INFO - [2026-07-01T11:59:17.430+0000] {dag.py:3036} INFO - Sync 1 DAGs
[2026-07-01T11:59:17.465+0000] {logging_mixin.py:188} INFO - [2026-07-01T11:59:17.465+0000] {dag.py:3823} INFO - Setting next_dagrun for example_complex to None, run_after=None
[2026-07-01T11:59:17.559+0000] {processor.py:183} INFO - Processing /home/airflow/.local/lib/python3.8/site-packages/airflow/example_dags/example_complex.py took 0.254 seconds
[2026-07-01T11:59:48.293+0000] {processor.py:161} INFO - Started process (PID=251) to work on /home/airflow/.local/lib/python3.8/site-packages/airflow/example_dags/example_complex.py
[2026-07-01T11:59:48.301+0000] {processor.py:830} INFO - Processing file /home/airflow/.local/lib/python3.8/site-packages/airflow/example_dags/example_complex.py for tasks to queue
[2026-07-01T11:59:48.309+0000] {logging_mixin.py:188} INFO - [2026-07-01T11:59:48.308+0000] {dagbag.py:538} INFO - Filling up the DagBag from /home/airflow/.local/lib/python3.8/site-packages/airflow/example_dags/example_complex.py
[2026-07-01T11:59:48.350+0000] {processor.py:840} INFO - DAG(s) 'example_complex' retrieved from /home/airflow/.local/lib/python3.8/site-packages/airflow/example_dags/example_complex.py
[2026-07-01T11:59:48.405+0000] {logging_mixin.py:188} INFO - [2026-07-01T11:59:48.404+0000] {dag.py:3036} INFO - Sync 1 DAGs
[2026-07-01T11:59:48.472+0000] {logging_mixin.py:188} INFO - [2026-07-01T11:59:48.470+0000] {dag.py:3823} INFO - Setting next_dagrun for example_complex to None, run_after=None
[2026-07-01T11:59:48.543+0000] {processor.py:183} INFO - Processing /home/airflow/.local/lib/python3.8/site-packages/airflow/example_dags/example_complex.py took 0.265 seconds
[2026-07-01T12:00:19.182+0000] {processor.py:161} INFO - Started process (PID=306) to work on /home/airflow/.local/lib/python3.8/site-packages/airflow/example_dags/example_complex.py
[2026-07-01T12:00:19.191+0000] {processor.py:830} INFO - Processing file /home/airflow/.local/lib/python3.8/site-packages/airflow/example_dags/example_complex.py for tasks to queue
[2026-07-01T12:00:19.205+0000] {logging_mixin.py:188} INFO - [2026-07-01T12:00:19.204+0000] {dagbag.py:538} INFO - Filling up the DagBag from /home/airflow/.local/lib/python3.8/site-packages/airflow/example_dags/example_complex.py
[2026-07-01T12:00:19.254+0000] {processor.py:840} INFO - DAG(s) 'example_complex' retrieved from /home/airflow/.local/lib/python3.8/site-packages/airflow/example_dags/example_complex.py
[2026-07-01T12:00:19.736+0000] {logging_mixin.py:188} INFO - [2026-07-01T12:00:19.735+0000] {dag.py:3036} INFO - Sync 1 DAGs
[2026-07-01T12:00:19.773+0000] {logging_mixin.py:188} INFO - [2026-07-01T12:00:19.771+0000] {dag.py:3823} INFO - Setting next_dagrun for example_complex to None, run_after=None
[2026-07-01T12:00:19.841+0000] {processor.py:183} INFO - Processing /home/airflow/.local/lib/python3.8/site-packages/airflow/example_dags/example_complex.py took 0.679 seconds
[2026-07-01T12:00:51.312+0000] {processor.py:161} INFO - Started process (PID=361) to work on /home/airflow/.local/lib/python3.8/site-packages/airflow/example_dags/example_complex.py
[2026-07-01T12:00:51.320+0000] {processor.py:830} INFO - Processing file /home/airflow/.local/lib/python3.8/site-packages/airflow/example_dags/example_complex.py for tasks to queue
[2026-07-01T12:00:51.327+0000] {logging_mixin.py:188} INFO - [2026-07-01T12:00:51.326+0000] {dagbag.py:538} INFO - Filling up the DagBag from /home/airflow/.local/lib/python3.8/site-packages/airflow/example_dags/example_complex.py
[2026-07-01T12:00:51.367+0000] {processor.py:840} INFO - DAG(s) 'example_complex' retrieved from /home/airflow/.local/lib/python3.8/site-packages/airflow/example_dags/example_complex.py
[2026-07-01T12:00:51.459+0000] {logging_mixin.py:188} INFO - [2026-07-01T12:00:51.459+0000] {dag.py:3036} INFO - Sync 1 DAGs
[2026-07-01T12:00:51.514+0000] {logging_mixin.py:188} INFO - [2026-07-01T12:00:51.513+0000] {dag.py:3823} INFO - Setting next_dagrun for example_complex to None, run_after=None
[2026-07-01T12:00:51.624+0000] {processor.py:183} INFO - Processing /home/airflow/.local/lib/python3.8/site-packages/airflow/example_dags/example_complex.py took 0.323 seconds
[2026-07-01T12:01:22.203+0000] {processor.py:161} INFO - Started process (PID=416) to work on /home/airflow/.local/lib/python3.8/site-packages/airflow/example_dags/example_complex.py
[2026-07-01T12:01:22.206+0000] {processor.py:830} INFO - Processing file /home/airflow/.local/lib/python3.8/site-packages/airflow/example_dags/example_complex.py for tasks to queue
[2026-07-01T12:01:22.212+0000] {logging_mixin.py:188} INFO - [2026-07-01T12:01:22.211+0000] {dagbag.py:538} INFO - Filling up the DagBag from /home/airflow/.local/lib/python3.8/site-packages/airflow/example_dags/example_complex.py
[2026-07-01T12:01:22.241+0000] {processor.py:840} INFO - DAG(s) 'example_complex' retrieved from /home/airflow/.local/lib/python3.8/site-packages/airflow/example_dags/example_complex.py
[2026-07-01T12:01:22.315+0000] {logging_mixin.py:188} INFO - [2026-07-01T12:01:22.314+0000] {dag.py:3036} INFO - Sync 1 DAGs
[2026-07-01T12:01:22.345+0000] {logging_mixin.py:188} INFO - [2026-07-01T12:01:22.344+0000] {dag.py:3823} INFO - Setting next_dagrun for example_complex to None, run_after=None
[2026-07-01T12:01:22.399+0000] {processor.py:183} INFO - Processing /home/airflow/.local/lib/python3.8/site-packages/airflow/example_dags/example_complex.py took 0.210 seconds
[2026-07-01T12:01:52.709+0000] {processor.py:161} INFO - Started process (PID=471) to work on /home/airflow/.local/lib/python3.8/site-packages/airflow/example_dags/example_complex.py
[2026-07-01T12:01:52.713+0000] {processor.py:830} INFO - Processing file /home/airflow/.local/lib/python3.8/site-packages/airflow/example_dags/example_complex.py for tasks to queue
[2026-07-01T12:01:52.720+0000] {logging_mixin.py:188} INFO - [2026-07-01T12:01:52.719+0000] {dagbag.py:538} INFO - Filling up the DagBag from /home/airflow/.local/lib/python3.8/site-packages/airflow/example_dags/example_complex.py
[2026-07-01T12:01:52.754+0000] {processor.py:840} INFO - DAG(s) 'example_complex' retrieved from /home/airflow/.local/lib/python3.8/site-packages/airflow/example_dags/example_complex.py
[2026-07-01T12:01:52.849+0000] {logging_mixin.py:188} INFO - [2026-07-01T12:01:52.849+0000] {dag.py:3036} INFO - Sync 1 DAGs
[2026-07-01T12:01:52.895+0000] {logging_mixin.py:188} INFO - [2026-07-01T12:01:52.894+0000] {dag.py:3823} INFO - Setting next_dagrun for example_complex to None, run_after=None
[2026-07-01T12:01:52.959+0000] {processor.py:183} INFO - Processing /home/airflow/.local/lib/python3.8/site-packages/airflow/example_dags/example_complex.py took 0.263 seconds
[2026-07-01T12:02:23.878+0000] {processor.py:161} INFO - Started process (PID=527) to work on /home/airflow/.local/lib/python3.8/site-packages/airflow/example_dags/example_complex.py
[2026-07-01T12:02:23.881+0000] {processor.py:830} INFO - Processing file /home/airflow/.local/lib/python3.8/site-packages/airflow/example_dags/example_complex.py for tasks to queue
[2026-07-01T12:02:23.886+0000] {logging_mixin.py:188} INFO - [2026-07-01T12:02:23.885+0000] {dagbag.py:538} INFO - Filling up the DagBag from /home/airflow/.local/lib/python3.8/site-packages/airflow/example_dags/example_complex.py
[2026-07-01T12:02:23.919+0000] {processor.py:840} INFO - DAG(s) 'example_complex' retrieved from /home/airflow/.local/lib/python3.8/site-packages/airflow/example_dags/example_complex.py
[2026-07-01T12:02:23.999+0000] {logging_mixin.py:188} INFO - [2026-07-01T12:02:23.999+0000] {dag.py:3036} INFO - Sync 1 DAGs
[2026-07-01T12:02:24.038+0000] {logging_mixin.py:188} INFO - [2026-07-01T12:02:24.037+0000] {dag.py:3823} INFO - Setting next_dagrun for example_complex to None, run_after=None
[2026-07-01T12:02:24.109+0000] {processor.py:183} INFO - Processing /home/airflow/.local/lib/python3.8/site-packages/airflow/example_dags/example_complex.py took 0.240 seconds
[2026-07-01T12:02:54.320+0000] {processor.py:161} INFO - Started process (PID=583) to work on /home/airflow/.local/lib/python3.8/site-packages/airflow/example_dags/example_complex.py
[2026-07-01T12:02:54.325+0000] {processor.py:830} INFO - Processing file /home/airflow/.local/lib/python3.8/site-packages/airflow/example_dags/example_complex.py for tasks to queue
[2026-07-01T12:02:54.333+0000] {logging_mixin.py:188} INFO - [2026-07-01T12:02:54.332+0000] {dagbag.py:538} INFO - Filling up the DagBag from /home/airflow/.local/lib/python3.8/site-packages/airflow/example_dags/example_complex.py
[2026-07-01T12:02:54.376+0000] {processor.py:840} INFO - DAG(s) 'example_complex' retrieved from /home/airflow/.local/lib/python3.8/site-packages/airflow/example_dags/example_complex.py
[2026-07-01T12:02:54.532+0000] {logging_mixin.py:188} INFO - [2026-07-01T12:02:54.531+0000] {dag.py:3036} INFO - Sync 1 DAGs
[2026-07-01T12:02:54.595+0000] {logging_mixin.py:188} INFO - [2026-07-01T12:02:54.595+0000] {dag.py:3823} INFO - Setting next_dagrun for example_complex to None, run_after=None
[2026-07-01T12:02:54.680+0000] {processor.py:183} INFO - Processing /home/airflow/.local/lib/python3.8/site-packages/airflow/example_dags/example_complex.py took 0.372 seconds
[2026-07-01T12:03:25.507+0000] {processor.py:161} INFO - Started process (PID=638) to work on /home/airflow/.local/lib/python3.8/site-packages/airflow/example_dags/example_complex.py
[2026-07-01T12:03:25.511+0000] {processor.py:830} INFO - Processing file /home/airflow/.local/lib/python3.8/site-packages/airflow/example_dags/example_complex.py for tasks to queue
[2026-07-01T12:03:25.517+0000] {logging_mixin.py:188} INFO - [2026-07-01T12:03:25.516+0000] {dagbag.py:538} INFO - Filling up the DagBag from /home/airflow/.local/lib/python3.8/site-packages/airflow/example_dags/example_complex.py
[2026-07-01T12:03:25.548+0000] {processor.py:840} INFO - DAG(s) 'example_complex' retrieved from /home/airflow/.local/lib/python3.8/site-packages/airflow/example_dags/example_complex.py
[2026-07-01T12:03:25.656+0000] {logging_mixin.py:188} INFO - [2026-07-01T12:03:25.655+0000] {dag.py:3036} INFO - Sync 1 DAGs
[2026-07-01T12:03:25.702+0000] {logging_mixin.py:188} INFO - [2026-07-01T12:03:25.701+0000] {dag.py:3823} INFO - Setting next_dagrun for example_complex to None, run_after=None
[2026-07-01T12:03:25.764+0000] {processor.py:183} INFO - Processing /home/airflow/.local/lib/python3.8/site-packages/airflow/example_dags/example_complex.py took 0.265 seconds
[2026-07-01T12:03:56.170+0000] {processor.py:161} INFO - Started process (PID=694) to work on /home/airflow/.local/lib/python3.8/site-packages/airflow/example_dags/example_complex.py
[2026-07-01T12:03:56.174+0000] {processor.py:830} INFO - Processing file /home/airflow/.local/lib/python3.8/site-packages/airflow/example_dags/example_complex.py for tasks to queue
[2026-07-01T12:03:56.183+0000] {logging_mixin.py:188} INFO - [2026-07-01T12:03:56.182+0000] {dagbag.py:538} INFO - Filling up the DagBag from /home/airflow/.local/lib/python3.8/site-packages/airflow/example_dags/example_complex.py
[2026-07-01T12:03:56.229+0000] {processor.py:840} INFO - DAG(s) 'example_complex' retrieved from /home/airflow/.local/lib/python3.8/site-packages/airflow/example_dags/example_complex.py
[2026-07-01T12:03:56.330+0000] {logging_mixin.py:188} INFO - [2026-07-01T12:03:56.329+0000] {dag.py:3036} INFO - Sync 1 DAGs
[2026-07-01T12:03:56.371+0000] {logging_mixin.py:188} INFO - [2026-07-01T12:03:56.370+0000] {dag.py:3823} INFO - Setting next_dagrun for example_complex to None, run_after=None
[2026-07-01T12:03:56.429+0000] {processor.py:183} INFO - Processing /home/airflow/.local/lib/python3.8/site-packages/airflow/example_dags/example_complex.py took 0.269 seconds
[2026-07-01T12:04:26.680+0000] {processor.py:161} INFO - Started process (PID=749) to work on /home/airflow/.local/lib/python3.8/site-packages/airflow/example_dags/example_complex.py
[2026-07-01T12:04:26.683+0000] {processor.py:830} INFO - Processing file /home/airflow/.local/lib/python3.8/site-packages/airflow/example_dags/example_complex.py for tasks to queue
[2026-07-01T12:04:26.691+0000] {logging_mixin.py:188} INFO - [2026-07-01T12:04:26.690+0000] {dagbag.py:538} INFO - Filling up the DagBag from /home/airflow/.local/lib/python3.8/site-packages/airflow/example_dags/example_complex.py
[2026-07-01T12:04:26.719+0000] {processor.py:840} INFO - DAG(s) 'example_complex' retrieved from /home/airflow/.local/lib/python3.8/site-packages/airflow/example_dags/example_complex.py
[2026-07-01T12:04:26.792+0000] {logging_mixin.py:188} INFO - [2026-07-01T12:04:26.791+0000] {dag.py:3036} INFO - Sync 1 DAGs
[2026-07-01T12:04:26.821+0000] {logging_mixin.py:188} INFO - [2026-07-01T12:04:26.821+0000] {dag.py:3823} INFO - Setting next_dagrun for example_complex to None, run_after=None
[2026-07-01T12:04:26.867+0000] {processor.py:183} INFO - Processing /home/airflow/.local/lib/python3.8/site-packages/airflow/example_dags/example_complex.py took 0.194 seconds
[2026-07-01T12:04:57.356+0000] {processor.py:161} INFO - Started process (PID=804) to work on /home/airflow/.local/lib/python3.8/site-packages/airflow/example_dags/example_complex.py
[2026-07-01T12:04:57.359+0000] {processor.py:830} INFO - Processing file /home/airflow/.local/lib/python3.8/site-packages/airflow/example_dags/example_complex.py for tasks to queue
[2026-07-01T12:04:57.365+0000] {logging_mixin.py:188} INFO - [2026-07-01T12:04:57.364+0000] {dagbag.py:538} INFO - Filling up the DagBag from /home/airflow/.local/lib/python3.8/site-packages/airflow/example_dags/example_complex.py
[2026-07-01T12:04:57.398+0000] {processor.py:840} INFO - DAG(s) 'example_complex' retrieved from /home/airflow/.local/lib/python3.8/site-packages/airflow/example_dags/example_complex.py
[2026-07-01T12:04:57.466+0000] {logging_mixin.py:188} INFO - [2026-07-01T12:04:57.466+0000] {dag.py:3036} INFO - Sync 1 DAGs
[2026-07-01T12:04:57.495+0000] {logging_mixin.py:188} INFO - [2026-07-01T12:04:57.495+0000] {dag.py:3823} INFO - Setting next_dagrun for example_complex to None, run_after=None
[2026-07-01T12:04:57.538+0000] {processor.py:183} INFO - Processing /home/airflow/.local/lib/python3.8/site-packages/airflow/example_dags/example_complex.py took 0.190 seconds
[2026-07-01T12:05:27.823+0000] {processor.py:161} INFO - Started process (PID=859) to work on /home/airflow/.local/lib/python3.8/site-packages/airflow/example_dags/example_complex.py
[2026-07-01T12:05:27.826+0000] {processor.py:830} INFO - Processing file /home/airflow/.local/lib/python3.8/site-packages/airflow/example_dags/example_complex.py for tasks to queue
[2026-07-01T12:05:27.831+0000] {logging_mixin.py:188} INFO - [2026-07-01T12:05:27.831+0000] {dagbag.py:538} INFO - Filling up the DagBag from /home/airflow/.local/lib/python3.8/site-packages/airflow/example_dags/example_complex.py
[2026-07-01T12:05:27.857+0000] {processor.py:840} INFO - DAG(s) 'example_complex' retrieved from /home/airflow/.local/lib/python3.8/site-packages/airflow/example_dags/example_complex.py
[2026-07-01T12:05:27.929+0000] {logging_mixin.py:188} INFO - [2026-07-01T12:05:27.928+0000] {dag.py:3036} INFO - Sync 1 DAGs
[2026-07-01T12:05:27.964+0000] {logging_mixin.py:188} INFO - [2026-07-01T12:05:27.964+0000] {dag.py:3823} INFO - Setting next_dagrun for example_complex to None, run_after=None
[2026-07-01T12:05:28.011+0000] {processor.py:183} INFO - Processing /home/airflow/.local/lib/python3.8/site-packages/airflow/example_dags/example_complex.py took 0.199 seconds
[2026-07-01T12:05:58.292+0000] {processor.py:161} INFO - Started process (PID=914) to work on /home/airflow/.local/lib/python3.8/site-packages/airflow/example_dags/example_complex.py
[2026-07-01T12:05:58.296+0000] {processor.py:830} INFO - Processing file /home/airflow/.local/lib/python3.8/site-packages/airflow/example_dags/example_complex.py for tasks to queue
[2026-07-01T12:05:58.305+0000] {logging_mixin.py:188} INFO - [2026-07-01T12:05:58.304+0000] {dagbag.py:538} INFO - Filling up the DagBag from /home/airflow/.local/lib/python3.8/site-packages/airflow/example_dags/example_complex.py
[2026-07-01T12:05:58.340+0000] {processor.py:840} INFO - DAG(s) 'example_complex' retrieved from /home/airflow/.local/lib/python3.8/site-packages/airflow/example_dags/example_complex.py
[2026-07-01T12:05:58.423+0000] {logging_mixin.py:188} INFO - [2026-07-01T12:05:58.423+0000] {dag.py:3036} INFO - Sync 1 DAGs
[2026-07-01T12:05:58.460+0000] {logging_mixin.py:188} INFO - [2026-07-01T12:05:58.460+0000] {dag.py:3823} INFO - Setting next_dagrun for example_complex to None, run_after=None
[2026-07-01T12:05:58.523+0000] {processor.py:183} INFO - Processing /home/airflow/.local/lib/python3.8/site-packages/airflow/example_dags/example_complex.py took 0.243 seconds
[2026-07-01T12:06:29.201+0000] {processor.py:161} INFO - Started process (PID=969) to work on /home/airflow/.local/lib/python3.8/site-packages/airflow/example_dags/example_complex.py
[2026-07-01T12:06:29.205+0000] {processor.py:830} INFO - Processing file /home/airflow/.local/lib/python3.8/site-packages/airflow/example_dags/example_complex.py for tasks to queue
[2026-07-01T12:06:29.211+0000] {logging_mixin.py:188} INFO - [2026-07-01T12:06:29.210+0000] {dagbag.py:538} INFO - Filling up the DagBag from /home/airflow/.local/lib/python3.8/site-packages/airflow/example_dags/example_complex.py
[2026-07-01T12:06:29.245+0000] {processor.py:840} INFO - DAG(s) 'example_complex' retrieved from /home/airflow/.local/lib/python3.8/site-packages/airflow/example_dags/example_complex.py
[2026-07-01T12:06:29.342+0000] {logging_mixin.py:188} INFO - [2026-07-01T12:06:29.341+0000] {dag.py:3036} INFO - Sync 1 DAGs
[2026-07-01T12:06:29.384+0000] {logging_mixin.py:188} INFO - [2026-07-01T12:06:29.384+0000] {dag.py:3823} INFO - Setting next_dagrun for example_complex to None, run_after=None
[2026-07-01T12:06:29.445+0000] {processor.py:183} INFO - Processing /home/airflow/.local/lib/python3.8/site-packages/airflow/example_dags/example_complex.py took 0.253 seconds
[2026-07-01T12:06:59.737+0000] {processor.py:161} INFO - Started process (PID=1024) to work on /home/airflow/.local/lib/python3.8/site-packages/airflow/example_dags/example_complex.py
[2026-07-01T12:06:59.740+0000] {processor.py:830} INFO - Processing file /home/airflow/.local/lib/python3.8/site-packages/airflow/example_dags/example_complex.py for tasks to queue
[2026-07-01T12:06:59.747+0000] {logging_mixin.py:188} INFO - [2026-07-01T12:06:59.746+0000] {dagbag.py:538} INFO - Filling up the DagBag from /home/airflow/.local/lib/python3.8/site-packages/airflow/example_dags/example_complex.py
[2026-07-01T12:06:59.781+0000] {processor.py:840} INFO - DAG(s) 'example_complex' retrieved from /home/airflow/.local/lib/python3.8/site-packages/airflow/example_dags/example_complex.py
[2026-07-01T12:06:59.863+0000] {logging_mixin.py:188} INFO - [2026-07-01T12:06:59.862+0000] {dag.py:3036} INFO - Sync 1 DAGs
[2026-07-01T12:06:59.905+0000] {logging_mixin.py:188} INFO - [2026-07-01T12:06:59.904+0000] {dag.py:3823} INFO - Setting next_dagrun for example_complex to None, run_after=None
[2026-07-01T12:06:59.957+0000] {processor.py:183} INFO - Processing /home/airflow/.local/lib/python3.8/site-packages/airflow/example_dags/example_complex.py took 0.230 seconds
[2026-07-01T12:07:30.168+0000] {processor.py:161} INFO - Started process (PID=1079) to work on /home/airflow/.local/lib/python3.8/site-packages/airflow/example_dags/example_complex.py
[2026-07-01T12:07:30.172+0000] {processor.py:830} INFO - Processing file /home/airflow/.local/lib/python3.8/site-packages/airflow/example_dags/example_complex.py for tasks to queue
[2026-07-01T12:07:30.178+0000] {logging_mixin.py:188} INFO - [2026-07-01T12:07:30.177+0000] {dagbag.py:538} INFO - Filling up the DagBag from /home/airflow/.local/lib/python3.8/site-packages/airflow/example_dags/example_complex.py
[2026-07-01T12:07:30.210+0000] {processor.py:840} INFO - DAG(s) 'example_complex' retrieved from /home/airflow/.local/lib/python3.8/site-packages/airflow/example_dags/example_complex.py
[2026-07-01T12:07:30.279+0000] {logging_mixin.py:188} INFO - [2026-07-01T12:07:30.279+0000] {dag.py:3036} INFO - Sync 1 DAGs
[2026-07-01T12:07:30.308+0000] {logging_mixin.py:188} INFO - [2026-07-01T12:07:30.308+0000] {dag.py:3823} INFO - Setting next_dagrun for example_complex to None, run_after=None
[2026-07-01T12:07:30.350+0000] {processor.py:183} INFO - Processing /home/airflow/.local/lib/python3.8/site-packages/airflow/example_dags/example_complex.py took 0.191 seconds
[2026-07-01T12:08:00.650+0000] {processor.py:161} INFO - Started process (PID=1135) to work on /home/airflow/.local/lib/python3.8/site-packages/airflow/example_dags/example_complex.py
[2026-07-01T12:08:00.654+0000] {processor.py:830} INFO - Processing file /home/airflow/.local/lib/python3.8/site-packages/airflow/example_dags/example_complex.py for tasks to queue
[2026-07-01T12:08:00.661+0000] {logging_mixin.py:188} INFO - [2026-07-01T12:08:00.660+0000] {dagbag.py:538} INFO - Filling up the DagBag from /home/airflow/.local/lib/python3.8/site-packages/airflow/example_dags/example_complex.py
[2026-07-01T12:08:00.691+0000] {processor.py:840} INFO - DAG(s) 'example_complex' retrieved from /home/airflow/.local/lib/python3.8/site-packages/airflow/example_dags/example_complex.py
[2026-07-01T12:08:00.766+0000] {logging_mixin.py:188} INFO - [2026-07-01T12:08:00.766+0000] {dag.py:3036} INFO - Sync 1 DAGs
[2026-07-01T12:08:00.798+0000] {logging_mixin.py:188} INFO - [2026-07-01T12:08:00.798+0000] {dag.py:3823} INFO - Setting next_dagrun for example_complex to None, run_after=None
[2026-07-01T12:08:00.866+0000] {processor.py:183} INFO - Processing /home/airflow/.local/lib/python3.8/site-packages/airflow/example_dags/example_complex.py took 0.225 seconds
[2026-07-01T12:08:59.774+0000] {processor.py:161} INFO - Started process (PID=75) to work on /home/airflow/.local/lib/python3.8/site-packages/airflow/example_dags/example_complex.py
[2026-07-01T12:08:59.778+0000] {processor.py:830} INFO - Processing file /home/airflow/.local/lib/python3.8/site-packages/airflow/example_dags/example_complex.py for tasks to queue
[2026-07-01T12:08:59.785+0000] {logging_mixin.py:188} INFO - [2026-07-01T12:08:59.784+0000] {dagbag.py:538} INFO - Filling up the DagBag from /home/airflow/.local/lib/python3.8/site-packages/airflow/example_dags/example_complex.py
[2026-07-01T12:08:59.824+0000] {processor.py:840} INFO - DAG(s) 'example_complex' retrieved from /home/airflow/.local/lib/python3.8/site-packages/airflow/example_dags/example_complex.py
[2026-07-01T12:08:59.921+0000] {logging_mixin.py:188} INFO - [2026-07-01T12:08:59.920+0000] {dag.py:3036} INFO - Sync 1 DAGs
[2026-07-01T12:08:59.957+0000] {logging_mixin.py:188} INFO - [2026-07-01T12:08:59.957+0000] {dag.py:3823} INFO - Setting next_dagrun for example_complex to None, run_after=None
[2026-07-01T12:09:00.018+0000] {processor.py:183} INFO - Processing /home/airflow/.local/lib/python3.8/site-packages/airflow/example_dags/example_complex.py took 0.256 seconds
[2026-07-01T12:09:30.452+0000] {processor.py:161} INFO - Started process (PID=131) to work on /home/airflow/.local/lib/python3.8/site-packages/airflow/example_dags/example_complex.py
[2026-07-01T12:09:30.455+0000] {processor.py:830} INFO - Processing file /home/airflow/.local/lib/python3.8/site-packages/airflow/example_dags/example_complex.py for tasks to queue
[2026-07-01T12:09:30.462+0000] {logging_mixin.py:188} INFO - [2026-07-01T12:09:30.461+0000] {dagbag.py:538} INFO - Filling up the DagBag from /home/airflow/.local/lib/python3.8/site-packages/airflow/example_dags/example_complex.py
[2026-07-01T12:09:30.495+0000] {processor.py:840} INFO - DAG(s) 'example_complex' retrieved from /home/airflow/.local/lib/python3.8/site-packages/airflow/example_dags/example_complex.py
[2026-07-01T12:09:30.583+0000] {logging_mixin.py:188} INFO - [2026-07-01T12:09:30.583+0000] {dag.py:3036} INFO - Sync 1 DAGs
[2026-07-01T12:09:30.629+0000] {logging_mixin.py:188} INFO - [2026-07-01T12:09:30.628+0000] {dag.py:3823} INFO - Setting next_dagrun for example_complex to None, run_after=None
[2026-07-01T12:09:30.716+0000] {processor.py:183} INFO - Processing /home/airflow/.local/lib/python3.8/site-packages/airflow/example_dags/example_complex.py took 0.275 seconds
[2026-07-01T12:10:01.331+0000] {processor.py:161} INFO - Started process (PID=187) to work on /home/airflow/.local/lib/python3.8/site-packages/airflow/example_dags/example_complex.py
[2026-07-01T12:10:01.335+0000] {processor.py:830} INFO - Processing file /home/airflow/.local/lib/python3.8/site-packages/airflow/example_dags/example_complex.py for tasks to queue
[2026-07-01T12:10:01.342+0000] {logging_mixin.py:188} INFO - [2026-07-01T12:10:01.341+0000] {dagbag.py:538} INFO - Filling up the DagBag from /home/airflow/.local/lib/python3.8/site-packages/airflow/example_dags/example_complex.py
[2026-07-01T12:10:01.374+0000] {processor.py:840} INFO - DAG(s) 'example_complex' retrieved from /home/airflow/.local/lib/python3.8/site-packages/airflow/example_dags/example_complex.py
[2026-07-01T12:10:01.460+0000] {logging_mixin.py:188} INFO - [2026-07-01T12:10:01.459+0000] {dag.py:3036} INFO - Sync 1 DAGs
[2026-07-01T12:10:01.497+0000] {logging_mixin.py:188} INFO - [2026-07-01T12:10:01.496+0000] {dag.py:3823} INFO - Setting next_dagrun for example_complex to None, run_after=None
[2026-07-01T12:10:01.554+0000] {processor.py:183} INFO - Processing /home/airflow/.local/lib/python3.8/site-packages/airflow/example_dags/example_complex.py took 0.235 seconds
[2026-07-01T12:10:31.664+0000] {processor.py:161} INFO - Started process (PID=250) to work on /home/airflow/.local/lib/python3.8/site-packages/airflow/example_dags/example_complex.py
[2026-07-01T12:10:31.668+0000] {processor.py:830} INFO - Processing file /home/airflow/.local/lib/python3.8/site-packages/airflow/example_dags/example_complex.py for tasks to queue
[2026-07-01T12:10:31.674+0000] {logging_mixin.py:188} INFO - [2026-07-01T12:10:31.673+0000] {dagbag.py:538} INFO - Filling up the DagBag from /home/airflow/.local/lib/python3.8/site-packages/airflow/example_dags/example_complex.py
[2026-07-01T12:10:31.705+0000] {processor.py:840} INFO - DAG(s) 'example_complex' retrieved from /home/airflow/.local/lib/python3.8/site-packages/airflow/example_dags/example_complex.py
[2026-07-01T12:10:31.776+0000] {logging_mixin.py:188} INFO - [2026-07-01T12:10:31.776+0000] {dag.py:3036} INFO - Sync 1 DAGs
[2026-07-01T12:10:31.807+0000] {logging_mixin.py:188} INFO - [2026-07-01T12:10:31.806+0000] {dag.py:3823} INFO - Setting next_dagrun for example_complex to None, run_after=None
[2026-07-01T12:10:31.861+0000] {processor.py:183} INFO - Processing /home/airflow/.local/lib/python3.8/site-packages/airflow/example_dags/example_complex.py took 0.207 seconds
[2026-07-01T12:11:02.681+0000] {processor.py:161} INFO - Started process (PID=311) to work on /home/airflow/.local/lib/python3.8/site-packages/airflow/example_dags/example_complex.py
[2026-07-01T12:11:02.684+0000] {processor.py:830} INFO - Processing file /home/airflow/.local/lib/python3.8/site-packages/airflow/example_dags/example_complex.py for tasks to queue
[2026-07-01T12:11:02.691+0000] {logging_mixin.py:188} INFO - [2026-07-01T12:11:02.690+0000] {dagbag.py:538} INFO - Filling up the DagBag from /home/airflow/.local/lib/python3.8/site-packages/airflow/example_dags/example_complex.py
[2026-07-01T12:11:02.731+0000] {processor.py:840} INFO - DAG(s) 'example_complex' retrieved from /home/airflow/.local/lib/python3.8/site-packages/airflow/example_dags/example_complex.py
[2026-07-01T12:11:02.826+0000] {logging_mixin.py:188} INFO - [2026-07-01T12:11:02.825+0000] {dag.py:3036} INFO - Sync 1 DAGs
[2026-07-01T12:11:02.876+0000] {logging_mixin.py:188} INFO - [2026-07-01T12:11:02.875+0000] {dag.py:3823} INFO - Setting next_dagrun for example_complex to None, run_after=None
[2026-07-01T12:11:02.939+0000] {processor.py:183} INFO - Processing /home/airflow/.local/lib/python3.8/site-packages/airflow/example_dags/example_complex.py took 0.269 seconds
[2026-07-01T12:11:33.299+0000] {processor.py:161} INFO - Started process (PID=367) to work on /home/airflow/.local/lib/python3.8/site-packages/airflow/example_dags/example_complex.py
[2026-07-01T12:11:33.302+0000] {processor.py:830} INFO - Processing file /home/airflow/.local/lib/python3.8/site-packages/airflow/example_dags/example_complex.py for tasks to queue
[2026-07-01T12:11:33.307+0000] {logging_mixin.py:188} INFO - [2026-07-01T12:11:33.307+0000] {dagbag.py:538} INFO - Filling up the DagBag from /home/airflow/.local/lib/python3.8/site-packages/airflow/example_dags/example_complex.py
[2026-07-01T12:11:33.331+0000] {processor.py:840} INFO - DAG(s) 'example_complex' retrieved from /home/airflow/.local/lib/python3.8/site-packages/airflow/example_dags/example_complex.py
[2026-07-01T12:11:33.396+0000] {logging_mixin.py:188} INFO - [2026-07-01T12:11:33.395+0000] {dag.py:3036} INFO - Sync 1 DAGs
[2026-07-01T12:11:33.427+0000] {logging_mixin.py:188} INFO - [2026-07-01T12:11:33.426+0000] {dag.py:3823} INFO - Setting next_dagrun for example_complex to None, run_after=None
[2026-07-01T12:11:33.478+0000] {processor.py:183} INFO - Processing /home/airflow/.local/lib/python3.8/site-packages/airflow/example_dags/example_complex.py took 0.187 seconds
[2026-07-01T12:12:03.806+0000] {processor.py:161} INFO - Started process (PID=423) to work on /home/airflow/.local/lib/python3.8/site-packages/airflow/example_dags/example_complex.py
[2026-07-01T12:12:03.809+0000] {processor.py:830} INFO - Processing file /home/airflow/.local/lib/python3.8/site-packages/airflow/example_dags/example_complex.py for tasks to queue
[2026-07-01T12:12:03.815+0000] {logging_mixin.py:188} INFO - [2026-07-01T12:12:03.814+0000] {dagbag.py:538} INFO - Filling up the DagBag from /home/airflow/.local/lib/python3.8/site-packages/airflow/example_dags/example_complex.py
[2026-07-01T12:12:03.839+0000] {processor.py:840} INFO - DAG(s) 'example_complex' retrieved from /home/airflow/.local/lib/python3.8/site-packages/airflow/example_dags/example_complex.py
[2026-07-01T12:12:03.907+0000] {logging_mixin.py:188} INFO - [2026-07-01T12:12:03.907+0000] {dag.py:3036} INFO - Sync 1 DAGs
[2026-07-01T12:12:03.940+0000] {logging_mixin.py:188} INFO - [2026-07-01T12:12:03.940+0000] {dag.py:3823} INFO - Setting next_dagrun for example_complex to None, run_after=None
[2026-07-01T12:12:03.983+0000] {processor.py:183} INFO - Processing /home/airflow/.local/lib/python3.8/site-packages/airflow/example_dags/example_complex.py took 0.185 seconds
[2026-07-01T12:12:34.404+0000] {processor.py:161} INFO - Started process (PID=479) to work on /home/airflow/.local/lib/python3.8/site-packages/airflow/example_dags/example_complex.py
[2026-07-01T12:12:34.410+0000] {processor.py:830} INFO - Processing file /home/airflow/.local/lib/python3.8/site-packages/airflow/example_dags/example_complex.py for tasks to queue
[2026-07-01T12:12:34.425+0000] {logging_mixin.py:188} INFO - [2026-07-01T12:12:34.423+0000] {dagbag.py:538} INFO - Filling up the DagBag from /home/airflow/.local/lib/python3.8/site-packages/airflow/example_dags/example_complex.py
[2026-07-01T12:12:34.484+0000] {processor.py:840} INFO - DAG(s) 'example_complex' retrieved from /home/airflow/.local/lib/python3.8/site-packages/airflow/example_dags/example_complex.py
[2026-07-01T12:12:34.586+0000] {logging_mixin.py:188} INFO - [2026-07-01T12:12:34.586+0000] {dag.py:3036} INFO - Sync 1 DAGs
[2026-07-01T12:12:34.658+0000] {logging_mixin.py:188} INFO - [2026-07-01T12:12:34.657+0000] {dag.py:3823} INFO - Setting next_dagrun for example_complex to None, run_after=None
[2026-07-01T12:12:34.725+0000] {processor.py:183} INFO - Processing /home/airflow/.local/lib/python3.8/site-packages/airflow/example_dags/example_complex.py took 0.340 seconds
[2026-07-01T12:13:05.484+0000] {processor.py:161} INFO - Started process (PID=535) to work on /home/airflow/.local/lib/python3.8/site-packages/airflow/example_dags/example_complex.py
[2026-07-01T12:13:05.488+0000] {processor.py:830} INFO - Processing file /home/airflow/.local/lib/python3.8/site-packages/airflow/example_dags/example_complex.py for tasks to queue
[2026-07-01T12:13:05.494+0000] {logging_mixin.py:188} INFO - [2026-07-01T12:13:05.493+0000] {dagbag.py:538} INFO - Filling up the DagBag from /home/airflow/.local/lib/python3.8/site-packages/airflow/example_dags/example_complex.py
[2026-07-01T12:13:05.522+0000] {processor.py:840} INFO - DAG(s) 'example_complex' retrieved from /home/airflow/.local/lib/python3.8/site-packages/airflow/example_dags/example_complex.py
[2026-07-01T12:13:05.620+0000] {logging_mixin.py:188} INFO - [2026-07-01T12:13:05.620+0000] {dag.py:3036} INFO - Sync 1 DAGs
[2026-07-01T12:13:05.655+0000] {logging_mixin.py:188} INFO - [2026-07-01T12:13:05.655+0000] {dag.py:3823} INFO - Setting next_dagrun for example_complex to None, run_after=None
[2026-07-01T12:13:05.715+0000] {processor.py:183} INFO - Processing /home/airflow/.local/lib/python3.8/site-packages/airflow/example_dags/example_complex.py took 0.241 seconds
[2026-07-01T12:13:35.974+0000] {processor.py:161} INFO - Started process (PID=591) to work on /home/airflow/.local/lib/python3.8/site-packages/airflow/example_dags/example_complex.py
[2026-07-01T12:13:35.977+0000] {processor.py:830} INFO - Processing file /home/airflow/.local/lib/python3.8/site-packages/airflow/example_dags/example_complex.py for tasks to queue
[2026-07-01T12:13:35.982+0000] {logging_mixin.py:188} INFO - [2026-07-01T12:13:35.982+0000] {dagbag.py:538} INFO - Filling up the DagBag from /home/airflow/.local/lib/python3.8/site-packages/airflow/example_dags/example_complex.py
[2026-07-01T12:13:36.008+0000] {processor.py:840} INFO - DAG(s) 'example_complex' retrieved from /home/airflow/.local/lib/python3.8/site-packages/airflow/example_dags/example_complex.py
[2026-07-01T12:13:36.077+0000] {logging_mixin.py:188} INFO - [2026-07-01T12:13:36.077+0000] {dag.py:3036} INFO - Sync 1 DAGs
[2026-07-01T12:13:36.106+0000] {logging_mixin.py:188} INFO - [2026-07-01T12:13:36.106+0000] {dag.py:3823} INFO - Setting next_dagrun for example_complex to None, run_after=None
[2026-07-01T12:13:36.146+0000] {processor.py:183} INFO - Processing /home/airflow/.local/lib/python3.8/site-packages/airflow/example_dags/example_complex.py took 0.180 seconds
[2026-07-01T12:14:06.557+0000] {processor.py:161} INFO - Started process (PID=647) to work on /home/airflow/.local/lib/python3.8/site-packages/airflow/example_dags/example_complex.py
[2026-07-01T12:14:06.569+0000] {processor.py:830} INFO - Processing file /home/airflow/.local/lib/python3.8/site-packages/airflow/example_dags/example_complex.py for tasks to queue
[2026-07-01T12:14:06.581+0000] {logging_mixin.py:188} INFO - [2026-07-01T12:14:06.580+0000] {dagbag.py:538} INFO - Filling up the DagBag from /home/airflow/.local/lib/python3.8/site-packages/airflow/example_dags/example_complex.py
[2026-07-01T12:14:06.653+0000] {processor.py:840} INFO - DAG(s) 'example_complex' retrieved from /home/airflow/.local/lib/python3.8/site-packages/airflow/example_dags/example_complex.py
[2026-07-01T12:14:06.738+0000] {logging_mixin.py:188} INFO - [2026-07-01T12:14:06.738+0000] {dag.py:3036} INFO - Sync 1 DAGs
[2026-07-01T12:14:06.778+0000] {logging_mixin.py:188} INFO - [2026-07-01T12:14:06.777+0000] {dag.py:3823} INFO - Setting next_dagrun for example_complex to None, run_after=None
[2026-07-01T12:14:06.831+0000] {processor.py:183} INFO - Processing /home/airflow/.local/lib/python3.8/site-packages/airflow/example_dags/example_complex.py took 0.285 seconds
[2026-07-01T12:14:37.430+0000] {processor.py:161} INFO - Started process (PID=703) to work on /home/airflow/.local/lib/python3.8/site-packages/airflow/example_dags/example_complex.py
[2026-07-01T12:14:37.436+0000] {processor.py:830} INFO - Processing file /home/airflow/.local/lib/python3.8/site-packages/airflow/example_dags/example_complex.py for tasks to queue
[2026-07-01T12:14:37.446+0000] {logging_mixin.py:188} INFO - [2026-07-01T12:14:37.445+0000] {dagbag.py:538} INFO - Filling up the DagBag from /home/airflow/.local/lib/python3.8/site-packages/airflow/example_dags/example_complex.py
[2026-07-01T12:14:37.485+0000] {processor.py:840} INFO - DAG(s) 'example_complex' retrieved from /home/airflow/.local/lib/python3.8/site-packages/airflow/example_dags/example_complex.py
[2026-07-01T12:14:37.584+0000] {logging_mixin.py:188} INFO - [2026-07-01T12:14:37.583+0000] {dag.py:3036} INFO - Sync 1 DAGs
[2026-07-01T12:14:37.624+0000] {logging_mixin.py:188} INFO - [2026-07-01T12:14:37.623+0000] {dag.py:3823} INFO - Setting next_dagrun for example_complex to None, run_after=None
[2026-07-01T12:14:37.683+0000] {processor.py:183} INFO - Processing /home/airflow/.local/lib/python3.8/site-packages/airflow/example_dags/example_complex.py took 0.269 seconds
[2026-07-01T12:15:07.932+0000] {processor.py:161} INFO - Started process (PID=760) to work on /home/airflow/.local/lib/python3.8/site-packages/airflow/example_dags/example_complex.py
[2026-07-01T12:15:07.936+0000] {processor.py:830} INFO - Processing file /home/airflow/.local/lib/python3.8/site-packages/airflow/example_dags/example_complex.py for tasks to queue
[2026-07-01T12:15:07.943+0000] {logging_mixin.py:188} INFO - [2026-07-01T12:15:07.942+0000] {dagbag.py:538} INFO - Filling up the DagBag from /home/airflow/.local/lib/python3.8/site-packages/airflow/example_dags/example_complex.py
[2026-07-01T12:15:07.970+0000] {processor.py:840} INFO - DAG(s) 'example_complex' retrieved from /home/airflow/.local/lib/python3.8/site-packages/airflow/example_dags/example_complex.py
[2026-07-01T12:15:08.042+0000] {logging_mixin.py:188} INFO - [2026-07-01T12:15:08.042+0000] {dag.py:3036} INFO - Sync 1 DAGs
[2026-07-01T12:15:08.080+0000] {logging_mixin.py:188} INFO - [2026-07-01T12:15:08.080+0000] {dag.py:3823} INFO - Setting next_dagrun for example_complex to None, run_after=None
[2026-07-01T12:15:08.133+0000] {processor.py:183} INFO - Processing /home/airflow/.local/lib/python3.8/site-packages/airflow/example_dags/example_complex.py took 0.209 seconds
[2026-07-01T12:15:38.225+0000] {processor.py:161} INFO - Started process (PID=816) to work on /home/airflow/.local/lib/python3.8/site-packages/airflow/example_dags/example_complex.py
[2026-07-01T12:15:38.228+0000] {processor.py:830} INFO - Processing file /home/airflow/.local/lib/python3.8/site-packages/airflow/example_dags/example_complex.py for tasks to queue
[2026-07-01T12:15:38.233+0000] {logging_mixin.py:188} INFO - [2026-07-01T12:15:38.233+0000] {dagbag.py:538} INFO - Filling up the DagBag from /home/airflow/.local/lib/python3.8/site-packages/airflow/example_dags/example_complex.py
[2026-07-01T12:15:38.256+0000] {processor.py:840} INFO - DAG(s) 'example_complex' retrieved from /home/airflow/.local/lib/python3.8/site-packages/airflow/example_dags/example_complex.py
[2026-07-01T12:15:38.324+0000] {logging_mixin.py:188} INFO - [2026-07-01T12:15:38.324+0000] {dag.py:3036} INFO - Sync 1 DAGs
[2026-07-01T12:15:38.353+0000] {logging_mixin.py:188} INFO - [2026-07-01T12:15:38.352+0000] {dag.py:3823} INFO - Setting next_dagrun for example_complex to None, run_after=None
[2026-07-01T12:15:38.393+0000] {processor.py:183} INFO - Processing /home/airflow/.local/lib/python3.8/site-packages/airflow/example_dags/example_complex.py took 0.176 seconds
[2026-07-01T12:16:08.914+0000] {processor.py:161} INFO - Started process (PID=872) to work on /home/airflow/.local/lib/python3.8/site-packages/airflow/example_dags/example_complex.py
[2026-07-01T12:16:08.916+0000] {processor.py:830} INFO - Processing file /home/airflow/.local/lib/python3.8/site-packages/airflow/example_dags/example_complex.py for tasks to queue
[2026-07-01T12:16:08.923+0000] {logging_mixin.py:188} INFO - [2026-07-01T12:16:08.922+0000] {dagbag.py:538} INFO - Filling up the DagBag from /home/airflow/.local/lib/python3.8/site-packages/airflow/example_dags/example_complex.py
[2026-07-01T12:16:08.951+0000] {processor.py:840} INFO - DAG(s) 'example_complex' retrieved from /home/airflow/.local/lib/python3.8/site-packages/airflow/example_dags/example_complex.py
[2026-07-01T12:16:09.034+0000] {logging_mixin.py:188} INFO - [2026-07-01T12:16:09.034+0000] {dag.py:3036} INFO - Sync 1 DAGs
[2026-07-01T12:16:09.068+0000] {logging_mixin.py:188} INFO - [2026-07-01T12:16:09.067+0000] {dag.py:3823} INFO - Setting next_dagrun for example_complex to None, run_after=None
[2026-07-01T12:16:09.117+0000] {processor.py:183} INFO - Processing /home/airflow/.local/lib/python3.8/site-packages/airflow/example_dags/example_complex.py took 0.211 seconds
[2026-07-01T12:16:39.940+0000] {processor.py:161} INFO - Started process (PID=928) to work on /home/airflow/.local/lib/python3.8/site-packages/airflow/example_dags/example_complex.py
[2026-07-01T12:16:39.944+0000] {processor.py:830} INFO - Processing file /home/airflow/.local/lib/python3.8/site-packages/airflow/example_dags/example_complex.py for tasks to queue
[2026-07-01T12:16:39.949+0000] {logging_mixin.py:188} INFO - [2026-07-01T12:16:39.949+0000] {dagbag.py:538} INFO - Filling up the DagBag from /home/airflow/.local/lib/python3.8/site-packages/airflow/example_dags/example_complex.py
[2026-07-01T12:16:39.977+0000] {processor.py:840} INFO - DAG(s) 'example_complex' retrieved from /home/airflow/.local/lib/python3.8/site-packages/airflow/example_dags/example_complex.py
[2026-07-01T12:16:40.049+0000] {logging_mixin.py:188} INFO - [2026-07-01T12:16:40.049+0000] {dag.py:3036} INFO - Sync 1 DAGs
[2026-07-01T12:16:40.080+0000] {logging_mixin.py:188} INFO - [2026-07-01T12:16:40.079+0000] {dag.py:3823} INFO - Setting next_dagrun for example_complex to None, run_after=None
[2026-07-01T12:16:40.122+0000] {processor.py:183} INFO - Processing /home/airflow/.local/lib/python3.8/site-packages/airflow/example_dags/example_complex.py took 0.192 seconds
[2026-07-01T12:17:10.435+0000] {processor.py:161} INFO - Started process (PID=984) to work on /home/airflow/.local/lib/python3.8/site-packages/airflow/example_dags/example_complex.py
[2026-07-01T12:17:10.438+0000] {processor.py:830} INFO - Processing file /home/airflow/.local/lib/python3.8/site-packages/airflow/example_dags/example_complex.py for tasks to queue
[2026-07-01T12:17:10.444+0000] {logging_mixin.py:188} INFO - [2026-07-01T12:17:10.444+0000] {dagbag.py:538} INFO - Filling up the DagBag from /home/airflow/.local/lib/python3.8/site-packages/airflow/example_dags/example_complex.py
[2026-07-01T12:17:10.471+0000] {processor.py:840} INFO - DAG(s) 'example_complex' retrieved from /home/airflow/.local/lib/python3.8/site-packages/airflow/example_dags/example_complex.py
[2026-07-01T12:17:10.546+0000] {logging_mixin.py:188} INFO - [2026-07-01T12:17:10.545+0000] {dag.py:3036} INFO - Sync 1 DAGs
[2026-07-01T12:17:10.581+0000] {logging_mixin.py:188} INFO - [2026-07-01T12:17:10.580+0000] {dag.py:3823} INFO - Setting next_dagrun for example_complex to None, run_after=None
[2026-07-01T12:17:10.629+0000] {processor.py:183} INFO - Processing /home/airflow/.local/lib/python3.8/site-packages/airflow/example_dags/example_complex.py took 0.203 seconds
[2026-07-01T12:17:40.748+0000] {processor.py:161} INFO - Started process (PID=1040) to work on /home/airflow/.local/lib/python3.8/site-packages/airflow/example_dags/example_complex.py
[2026-07-01T12:17:40.751+0000] {processor.py:830} INFO - Processing file /home/airflow/.local/lib/python3.8/site-packages/airflow/example_dags/example_complex.py for tasks to queue
[2026-07-01T12:17:40.757+0000] {logging_mixin.py:188} INFO - [2026-07-01T12:17:40.756+0000] {dagbag.py:538} INFO - Filling up the DagBag from /home/airflow/.local/lib/python3.8/site-packages/airflow/example_dags/example_complex.py
[2026-07-01T12:17:40.785+0000] {processor.py:840} INFO - DAG(s) 'example_complex' retrieved from /home/airflow/.local/lib/python3.8/site-packages/airflow/example_dags/example_complex.py
[2026-07-01T12:17:40.875+0000] {logging_mixin.py:188} INFO - [2026-07-01T12:17:40.875+0000] {dag.py:3036} INFO - Sync 1 DAGs
[2026-07-01T12:17:40.908+0000] {logging_mixin.py:188} INFO - [2026-07-01T12:17:40.907+0000] {dag.py:3823} INFO - Setting next_dagrun for example_complex to None, run_after=None
[2026-07-01T12:17:40.963+0000] {processor.py:183} INFO - Processing /home/airflow/.local/lib/python3.8/site-packages/airflow/example_dags/example_complex.py took 0.224 seconds
[2026-07-01T12:18:12.044+0000] {processor.py:161} INFO - Started process (PID=1096) to work on /home/airflow/.local/lib/python3.8/site-packages/airflow/example_dags/example_complex.py
[2026-07-01T12:18:12.047+0000] {processor.py:830} INFO - Processing file /home/airflow/.local/lib/python3.8/site-packages/airflow/example_dags/example_complex.py for tasks to queue
[2026-07-01T12:18:12.053+0000] {logging_mixin.py:188} INFO - [2026-07-01T12:18:12.052+0000] {dagbag.py:538} INFO - Filling up the DagBag from /home/airflow/.local/lib/python3.8/site-packages/airflow/example_dags/example_complex.py
[2026-07-01T12:18:12.078+0000] {processor.py:840} INFO - DAG(s) 'example_complex' retrieved from /home/airflow/.local/lib/python3.8/site-packages/airflow/example_dags/example_complex.py
[2026-07-01T12:18:12.144+0000] {logging_mixin.py:188} INFO - [2026-07-01T12:18:12.143+0000] {dag.py:3036} INFO - Sync 1 DAGs
[2026-07-01T12:18:12.173+0000] {logging_mixin.py:188} INFO - [2026-07-01T12:18:12.173+0000] {dag.py:3823} INFO - Setting next_dagrun for example_complex to None, run_after=None
[2026-07-01T12:18:12.217+0000] {processor.py:183} INFO - Processing /home/airflow/.local/lib/python3.8/site-packages/airflow/example_dags/example_complex.py took 0.181 seconds
[2026-07-01T12:18:42.594+0000] {processor.py:161} INFO - Started process (PID=1152) to work on /home/airflow/.local/lib/python3.8/site-packages/airflow/example_dags/example_complex.py
[2026-07-01T12:18:42.597+0000] {processor.py:830} INFO - Processing file /home/airflow/.local/lib/python3.8/site-packages/airflow/example_dags/example_complex.py for tasks to queue
[2026-07-01T12:18:42.602+0000] {logging_mixin.py:188} INFO - [2026-07-01T12:18:42.602+0000] {dagbag.py:538} INFO - Filling up the DagBag from /home/airflow/.local/lib/python3.8/site-packages/airflow/example_dags/example_complex.py
[2026-07-01T12:18:42.627+0000] {processor.py:840} INFO - DAG(s) 'example_complex' retrieved from /home/airflow/.local/lib/python3.8/site-packages/airflow/example_dags/example_complex.py
[2026-07-01T12:18:42.692+0000] {logging_mixin.py:188} INFO - [2026-07-01T12:18:42.692+0000] {dag.py:3036} INFO - Sync 1 DAGs
[2026-07-01T12:18:42.723+0000] {logging_mixin.py:188} INFO - [2026-07-01T12:18:42.723+0000] {dag.py:3823} INFO - Setting next_dagrun for example_complex to None, run_after=None
[2026-07-01T12:18:42.768+0000] {processor.py:183} INFO - Processing /home/airflow/.local/lib/python3.8/site-packages/airflow/example_dags/example_complex.py took 0.181 seconds
[2026-07-01T12:19:13.532+0000] {processor.py:161} INFO - Started process (PID=1208) to work on /home/airflow/.local/lib/python3.8/site-packages/airflow/example_dags/example_complex.py
[2026-07-01T12:19:13.537+0000] {processor.py:830} INFO - Processing file /home/airflow/.local/lib/python3.8/site-packages/airflow/example_dags/example_complex.py for tasks to queue
[2026-07-01T12:19:13.544+0000] {logging_mixin.py:188} INFO - [2026-07-01T12:19:13.543+0000] {dagbag.py:538} INFO - Filling up the DagBag from /home/airflow/.local/lib/python3.8/site-packages/airflow/example_dags/example_complex.py
[2026-07-01T12:19:13.577+0000] {processor.py:840} INFO - DAG(s) 'example_complex' retrieved from /home/airflow/.local/lib/python3.8/site-packages/airflow/example_dags/example_complex.py
[2026-07-01T12:19:13.664+0000] {logging_mixin.py:188} INFO - [2026-07-01T12:19:13.664+0000] {dag.py:3036} INFO - Sync 1 DAGs
[2026-07-01T12:19:13.703+0000] {logging_mixin.py:188} INFO - [2026-07-01T12:19:13.702+0000] {dag.py:3823} INFO - Setting next_dagrun for example_complex to None, run_after=None
[2026-07-01T12:19:13.755+0000] {processor.py:183} INFO - Processing /home/airflow/.local/lib/python3.8/site-packages/airflow/example_dags/example_complex.py took 0.234 seconds
[2026-07-01T12:19:46.218+0000] {processor.py:161} INFO - Started process (PID=1264) to work on /home/airflow/.local/lib/python3.8/site-packages/airflow/example_dags/example_complex.py
[2026-07-01T12:19:46.233+0000] {processor.py:830} INFO - Processing file /home/airflow/.local/lib/python3.8/site-packages/airflow/example_dags/example_complex.py for tasks to queue
[2026-07-01T12:19:46.254+0000] {logging_mixin.py:188} INFO - [2026-07-01T12:19:46.253+0000] {dagbag.py:538} INFO - Filling up the DagBag from /home/airflow/.local/lib/python3.8/site-packages/airflow/example_dags/example_complex.py
[2026-07-01T12:19:46.348+0000] {processor.py:840} INFO - DAG(s) 'example_complex' retrieved from /home/airflow/.local/lib/python3.8/site-packages/airflow/example_dags/example_complex.py
[2026-07-01T12:19:46.452+0000] {logging_mixin.py:188} INFO - [2026-07-01T12:19:46.451+0000] {dag.py:3036} INFO - Sync 1 DAGs
[2026-07-01T12:19:46.507+0000] {logging_mixin.py:188} INFO - [2026-07-01T12:19:46.506+0000] {dag.py:3823} INFO - Setting next_dagrun for example_complex to None, run_after=None
[2026-07-01T12:19:46.593+0000] {processor.py:183} INFO - Processing /home/airflow/.local/lib/python3.8/site-packages/airflow/example_dags/example_complex.py took 0.415 seconds
[2026-07-01T12:20:18.597+0000] {processor.py:161} INFO - Started process (PID=1317) to work on /home/airflow/.local/lib/python3.8/site-packages/airflow/example_dags/example_complex.py
[2026-07-01T12:20:18.603+0000] {processor.py:830} INFO - Processing file /home/airflow/.local/lib/python3.8/site-packages/airflow/example_dags/example_complex.py for tasks to queue
[2026-07-01T12:20:18.612+0000] {logging_mixin.py:188} INFO - [2026-07-01T12:20:18.611+0000] {dagbag.py:538} INFO - Filling up the DagBag from /home/airflow/.local/lib/python3.8/site-packages/airflow/example_dags/example_complex.py
[2026-07-01T12:20:18.655+0000] {processor.py:840} INFO - DAG(s) 'example_complex' retrieved from /home/airflow/.local/lib/python3.8/site-packages/airflow/example_dags/example_complex.py
[2026-07-01T12:20:19.004+0000] {logging_mixin.py:188} INFO - [2026-07-01T12:20:19.003+0000] {dag.py:3036} INFO - Sync 1 DAGs
[2026-07-01T12:20:19.035+0000] {logging_mixin.py:188} INFO - [2026-07-01T12:20:19.035+0000] {dag.py:3823} INFO - Setting next_dagrun for example_complex to None, run_after=None
[2026-07-01T12:20:19.099+0000] {processor.py:183} INFO - Processing /home/airflow/.local/lib/python3.8/site-packages/airflow/example_dags/example_complex.py took 0.522 seconds
[2026-07-01T12:20:50.950+0000] {processor.py:161} INFO - Started process (PID=1373) to work on /home/airflow/.local/lib/python3.8/site-packages/airflow/example_dags/example_complex.py
[2026-07-01T12:20:50.956+0000] {processor.py:830} INFO - Processing file /home/airflow/.local/lib/python3.8/site-packages/airflow/example_dags/example_complex.py for tasks to queue
[2026-07-01T12:20:50.962+0000] {logging_mixin.py:188} INFO - [2026-07-01T12:20:50.961+0000] {dagbag.py:538} INFO - Filling up the DagBag from /home/airflow/.local/lib/python3.8/site-packages/airflow/example_dags/example_complex.py
[2026-07-01T12:20:50.997+0000] {processor.py:840} INFO - DAG(s) 'example_complex' retrieved from /home/airflow/.local/lib/python3.8/site-packages/airflow/example_dags/example_complex.py
[2026-07-01T12:20:51.731+0000] {logging_mixin.py:188} INFO - [2026-07-01T12:20:51.731+0000] {dag.py:3036} INFO - Sync 1 DAGs
[2026-07-01T12:20:51.769+0000] {logging_mixin.py:188} INFO - [2026-07-01T12:20:51.768+0000] {dag.py:3823} INFO - Setting next_dagrun for example_complex to None, run_after=None
[2026-07-01T12:20:51.957+0000] {processor.py:183} INFO - Processing /home/airflow/.local/lib/python3.8/site-packages/airflow/example_dags/example_complex.py took 1.022 seconds
[2026-07-01T12:21:22.119+0000] {processor.py:161} INFO - Started process (PID=1429) to work on /home/airflow/.local/lib/python3.8/site-packages/airflow/example_dags/example_complex.py
[2026-07-01T12:21:22.124+0000] {processor.py:830} INFO - Processing file /home/airflow/.local/lib/python3.8/site-packages/airflow/example_dags/example_complex.py for tasks to queue
[2026-07-01T12:21:22.131+0000] {logging_mixin.py:188} INFO - [2026-07-01T12:21:22.130+0000] {dagbag.py:538} INFO - Filling up the DagBag from /home/airflow/.local/lib/python3.8/site-packages/airflow/example_dags/example_complex.py
[2026-07-01T12:21:22.169+0000] {processor.py:840} INFO - DAG(s) 'example_complex' retrieved from /home/airflow/.local/lib/python3.8/site-packages/airflow/example_dags/example_complex.py
[2026-07-01T12:21:22.254+0000] {logging_mixin.py:188} INFO - [2026-07-01T12:21:22.253+0000] {dag.py:3036} INFO - Sync 1 DAGs
[2026-07-01T12:21:22.301+0000] {logging_mixin.py:188} INFO - [2026-07-01T12:21:22.300+0000] {dag.py:3823} INFO - Setting next_dagrun for example_complex to None, run_after=None
[2026-07-01T12:21:22.364+0000] {processor.py:183} INFO - Processing /home/airflow/.local/lib/python3.8/site-packages/airflow/example_dags/example_complex.py took 0.256 seconds
[2026-07-01T12:21:52.451+0000] {processor.py:161} INFO - Started process (PID=1485) to work on /home/airflow/.local/lib/python3.8/site-packages/airflow/example_dags/example_complex.py
[2026-07-01T12:21:52.454+0000] {processor.py:830} INFO - Processing file /home/airflow/.local/lib/python3.8/site-packages/airflow/example_dags/example_complex.py for tasks to queue
[2026-07-01T12:21:52.461+0000] {logging_mixin.py:188} INFO - [2026-07-01T12:21:52.459+0000] {dagbag.py:538} INFO - Filling up the DagBag from /home/airflow/.local/lib/python3.8/site-packages/airflow/example_dags/example_complex.py
[2026-07-01T12:21:52.491+0000] {processor.py:840} INFO - DAG(s) 'example_complex' retrieved from /home/airflow/.local/lib/python3.8/site-packages/airflow/example_dags/example_complex.py
[2026-07-01T12:21:52.563+0000] {logging_mixin.py:188} INFO - [2026-07-01T12:21:52.562+0000] {dag.py:3036} INFO - Sync 1 DAGs
[2026-07-01T12:21:52.593+0000] {logging_mixin.py:188} INFO - [2026-07-01T12:21:52.592+0000] {dag.py:3823} INFO - Setting next_dagrun for example_complex to None, run_after=None
[2026-07-01T12:21:52.637+0000] {processor.py:183} INFO - Processing /home/airflow/.local/lib/python3.8/site-packages/airflow/example_dags/example_complex.py took 0.196 seconds
[2026-07-01T12:22:22.770+0000] {processor.py:161} INFO - Started process (PID=1541) to work on /home/airflow/.local/lib/python3.8/site-packages/airflow/example_dags/example_complex.py
[2026-07-01T12:22:22.773+0000] {processor.py:830} INFO - Processing file /home/airflow/.local/lib/python3.8/site-packages/airflow/example_dags/example_complex.py for tasks to queue
[2026-07-01T12:22:22.780+0000] {logging_mixin.py:188} INFO - [2026-07-01T12:22:22.779+0000] {dagbag.py:538} INFO - Filling up the DagBag from /home/airflow/.local/lib/python3.8/site-packages/airflow/example_dags/example_complex.py
[2026-07-01T12:22:22.814+0000] {processor.py:840} INFO - DAG(s) 'example_complex' retrieved from /home/airflow/.local/lib/python3.8/site-packages/airflow/example_dags/example_complex.py
[2026-07-01T12:22:22.879+0000] {logging_mixin.py:188} INFO - [2026-07-01T12:22:22.879+0000] {dag.py:3036} INFO - Sync 1 DAGs
[2026-07-01T12:22:22.908+0000] {logging_mixin.py:188} INFO - [2026-07-01T12:22:22.908+0000] {dag.py:3823} INFO - Setting next_dagrun for example_complex to None, run_after=None
[2026-07-01T12:22:22.949+0000] {processor.py:183} INFO - Processing /home/airflow/.local/lib/python3.8/site-packages/airflow/example_dags/example_complex.py took 0.190 seconds
[2026-07-01T12:22:53.119+0000] {processor.py:161} INFO - Started process (PID=1597) to work on /home/airflow/.local/lib/python3.8/site-packages/airflow/example_dags/example_complex.py
[2026-07-01T12:22:53.124+0000] {processor.py:830} INFO - Processing file /home/airflow/.local/lib/python3.8/site-packages/airflow/example_dags/example_complex.py for tasks to queue
[2026-07-01T12:22:53.131+0000] {logging_mixin.py:188} INFO - [2026-07-01T12:22:53.130+0000] {dagbag.py:538} INFO - Filling up the DagBag from /home/airflow/.local/lib/python3.8/site-packages/airflow/example_dags/example_complex.py
[2026-07-01T12:22:53.163+0000] {processor.py:840} INFO - DAG(s) 'example_complex' retrieved from /home/airflow/.local/lib/python3.8/site-packages/airflow/example_dags/example_complex.py
[2026-07-01T12:22:53.243+0000] {logging_mixin.py:188} INFO - [2026-07-01T12:22:53.242+0000] {dag.py:3036} INFO - Sync 1 DAGs
[2026-07-01T12:22:53.281+0000] {logging_mixin.py:188} INFO - [2026-07-01T12:22:53.281+0000] {dag.py:3823} INFO - Setting next_dagrun for example_complex to None, run_after=None
[2026-07-01T12:22:53.332+0000] {processor.py:183} INFO - Processing /home/airflow/.local/lib/python3.8/site-packages/airflow/example_dags/example_complex.py took 0.227 seconds
[2026-07-01T12:23:24.111+0000] {processor.py:161} INFO - Started process (PID=1653) to work on /home/airflow/.local/lib/python3.8/site-packages/airflow/example_dags/example_complex.py
[2026-07-01T12:23:24.119+0000] {processor.py:830} INFO - Processing file /home/airflow/.local/lib/python3.8/site-packages/airflow/example_dags/example_complex.py for tasks to queue
[2026-07-01T12:23:24.124+0000] {logging_mixin.py:188} INFO - [2026-07-01T12:23:24.124+0000] {dagbag.py:538} INFO - Filling up the DagBag from /home/airflow/.local/lib/python3.8/site-packages/airflow/example_dags/example_complex.py
[2026-07-01T12:23:24.165+0000] {processor.py:840} INFO - DAG(s) 'example_complex' retrieved from /home/airflow/.local/lib/python3.8/site-packages/airflow/example_dags/example_complex.py
[2026-07-01T12:23:24.259+0000] {logging_mixin.py:188} INFO - [2026-07-01T12:23:24.258+0000] {dag.py:3036} INFO - Sync 1 DAGs
[2026-07-01T12:23:24.314+0000] {logging_mixin.py:188} INFO - [2026-07-01T12:23:24.313+0000] {dag.py:3823} INFO - Setting next_dagrun for example_complex to None, run_after=None
[2026-07-01T12:23:24.507+0000] {processor.py:183} INFO - Processing /home/airflow/.local/lib/python3.8/site-packages/airflow/example_dags/example_complex.py took 0.405 seconds
[2026-07-01T12:23:54.939+0000] {processor.py:161} INFO - Started process (PID=1709) to work on /home/airflow/.local/lib/python3.8/site-packages/airflow/example_dags/example_complex.py
[2026-07-01T12:23:54.954+0000] {processor.py:830} INFO - Processing file /home/airflow/.local/lib/python3.8/site-packages/airflow/example_dags/example_complex.py for tasks to queue
[2026-07-01T12:23:54.964+0000] {logging_mixin.py:188} INFO - [2026-07-01T12:23:54.963+0000] {dagbag.py:538} INFO - Filling up the DagBag from /home/airflow/.local/lib/python3.8/site-packages/airflow/example_dags/example_complex.py
[2026-07-01T12:23:55.046+0000] {processor.py:840} INFO - DAG(s) 'example_complex' retrieved from /home/airflow/.local/lib/python3.8/site-packages/airflow/example_dags/example_complex.py
[2026-07-01T12:23:55.142+0000] {logging_mixin.py:188} INFO - [2026-07-01T12:23:55.141+0000] {dag.py:3036} INFO - Sync 1 DAGs
[2026-07-01T12:23:55.179+0000] {logging_mixin.py:188} INFO - [2026-07-01T12:23:55.178+0000] {dag.py:3823} INFO - Setting next_dagrun for example_complex to None, run_after=None
[2026-07-01T12:23:55.243+0000] {processor.py:183} INFO - Processing /home/airflow/.local/lib/python3.8/site-packages/airflow/example_dags/example_complex.py took 0.333 seconds
[2026-07-01T12:24:25.608+0000] {processor.py:161} INFO - Started process (PID=1765) to work on /home/airflow/.local/lib/python3.8/site-packages/airflow/example_dags/example_complex.py
[2026-07-01T12:24:25.618+0000] {processor.py:830} INFO - Processing file /home/airflow/.local/lib/python3.8/site-packages/airflow/example_dags/example_complex.py for tasks to queue
[2026-07-01T12:24:25.625+0000] {logging_mixin.py:188} INFO - [2026-07-01T12:24:25.624+0000] {dagbag.py:538} INFO - Filling up the DagBag from /home/airflow/.local/lib/python3.8/site-packages/airflow/example_dags/example_complex.py
[2026-07-01T12:24:25.668+0000] {processor.py:840} INFO - DAG(s) 'example_complex' retrieved from /home/airflow/.local/lib/python3.8/site-packages/airflow/example_dags/example_complex.py
[2026-07-01T12:24:25.752+0000] {logging_mixin.py:188} INFO - [2026-07-01T12:24:25.752+0000] {dag.py:3036} INFO - Sync 1 DAGs
[2026-07-01T12:24:25.793+0000] {logging_mixin.py:188} INFO - [2026-07-01T12:24:25.792+0000] {dag.py:3823} INFO - Setting next_dagrun for example_complex to None, run_after=None
[2026-07-01T12:24:25.843+0000] {processor.py:183} INFO - Processing /home/airflow/.local/lib/python3.8/site-packages/airflow/example_dags/example_complex.py took 0.246 seconds
[2026-07-01T12:24:55.991+0000] {processor.py:161} INFO - Started process (PID=1821) to work on /home/airflow/.local/lib/python3.8/site-packages/airflow/example_dags/example_complex.py
[2026-07-01T12:24:55.995+0000] {processor.py:830} INFO - Processing file /home/airflow/.local/lib/python3.8/site-packages/airflow/example_dags/example_complex.py for tasks to queue
[2026-07-01T12:24:56.002+0000] {logging_mixin.py:188} INFO - [2026-07-01T12:24:56.001+0000] {dagbag.py:538} INFO - Filling up the DagBag from /home/airflow/.local/lib/python3.8/site-packages/airflow/example_dags/example_complex.py
[2026-07-01T12:24:56.027+0000] {processor.py:840} INFO - DAG(s) 'example_complex' retrieved from /home/airflow/.local/lib/python3.8/site-packages/airflow/example_dags/example_complex.py
[2026-07-01T12:24:56.087+0000] {logging_mixin.py:188} INFO - [2026-07-01T12:24:56.086+0000] {dag.py:3036} INFO - Sync 1 DAGs
[2026-07-01T12:24:56.113+0000] {logging_mixin.py:188} INFO - [2026-07-01T12:24:56.112+0000] {dag.py:3823} INFO - Setting next_dagrun for example_complex to None, run_after=None
[2026-07-01T12:24:56.160+0000] {processor.py:183} INFO - Processing /home/airflow/.local/lib/python3.8/site-packages/airflow/example_dags/example_complex.py took 0.177 seconds
[2026-07-01T12:25:26.639+0000] {processor.py:161} INFO - Started process (PID=1877) to work on /home/airflow/.local/lib/python3.8/site-packages/airflow/example_dags/example_complex.py
[2026-07-01T12:25:26.642+0000] {processor.py:830} INFO - Processing file /home/airflow/.local/lib/python3.8/site-packages/airflow/example_dags/example_complex.py for tasks to queue
[2026-07-01T12:25:26.650+0000] {logging_mixin.py:188} INFO - [2026-07-01T12:25:26.649+0000] {dagbag.py:538} INFO - Filling up the DagBag from /home/airflow/.local/lib/python3.8/site-packages/airflow/example_dags/example_complex.py
[2026-07-01T12:25:26.684+0000] {processor.py:840} INFO - DAG(s) 'example_complex' retrieved from /home/airflow/.local/lib/python3.8/site-packages/airflow/example_dags/example_complex.py
[2026-07-01T12:25:26.753+0000] {logging_mixin.py:188} INFO - [2026-07-01T12:25:26.752+0000] {dag.py:3036} INFO - Sync 1 DAGs
[2026-07-01T12:25:26.783+0000] {logging_mixin.py:188} INFO - [2026-07-01T12:25:26.783+0000] {dag.py:3823} INFO - Setting next_dagrun for example_complex to None, run_after=None
[2026-07-01T12:25:26.824+0000] {processor.py:183} INFO - Processing /home/airflow/.local/lib/python3.8/site-packages/airflow/example_dags/example_complex.py took 0.193 seconds
[2026-07-01T12:25:57.763+0000] {processor.py:161} INFO - Started process (PID=1933) to work on /home/airflow/.local/lib/python3.8/site-packages/airflow/example_dags/example_complex.py
[2026-07-01T12:25:57.767+0000] {processor.py:830} INFO - Processing file /home/airflow/.local/lib/python3.8/site-packages/airflow/example_dags/example_complex.py for tasks to queue
[2026-07-01T12:25:57.779+0000] {logging_mixin.py:188} INFO - [2026-07-01T12:25:57.778+0000] {dagbag.py:538} INFO - Filling up the DagBag from /home/airflow/.local/lib/python3.8/site-packages/airflow/example_dags/example_complex.py
[2026-07-01T12:25:57.806+0000] {processor.py:840} INFO - DAG(s) 'example_complex' retrieved from /home/airflow/.local/lib/python3.8/site-packages/airflow/example_dags/example_complex.py
[2026-07-01T12:25:57.877+0000] {logging_mixin.py:188} INFO - [2026-07-01T12:25:57.877+0000] {dag.py:3036} INFO - Sync 1 DAGs
[2026-07-01T12:25:57.911+0000] {logging_mixin.py:188} INFO - [2026-07-01T12:25:57.911+0000] {dag.py:3823} INFO - Setting next_dagrun for example_complex to None, run_after=None
[2026-07-01T12:25:57.962+0000] {processor.py:183} INFO - Processing /home/airflow/.local/lib/python3.8/site-packages/airflow/example_dags/example_complex.py took 0.208 seconds
[2026-07-01T12:26:28.131+0000] {processor.py:161} INFO - Started process (PID=1989) to work on /home/airflow/.local/lib/python3.8/site-packages/airflow/example_dags/example_complex.py
[2026-07-01T12:26:28.135+0000] {processor.py:830} INFO - Processing file /home/airflow/.local/lib/python3.8/site-packages/airflow/example_dags/example_complex.py for tasks to queue
[2026-07-01T12:26:28.141+0000] {logging_mixin.py:188} INFO - [2026-07-01T12:26:28.141+0000] {dagbag.py:538} INFO - Filling up the DagBag from /home/airflow/.local/lib/python3.8/site-packages/airflow/example_dags/example_complex.py
[2026-07-01T12:26:28.169+0000] {processor.py:840} INFO - DAG(s) 'example_complex' retrieved from /home/airflow/.local/lib/python3.8/site-packages/airflow/example_dags/example_complex.py
[2026-07-01T12:26:28.237+0000] {logging_mixin.py:188} INFO - [2026-07-01T12:26:28.236+0000] {dag.py:3036} INFO - Sync 1 DAGs
[2026-07-01T12:26:28.266+0000] {logging_mixin.py:188} INFO - [2026-07-01T12:26:28.266+0000] {dag.py:3823} INFO - Setting next_dagrun for example_complex to None, run_after=None
[2026-07-01T12:26:28.305+0000] {processor.py:183} INFO - Processing /home/airflow/.local/lib/python3.8/site-packages/airflow/example_dags/example_complex.py took 0.184 seconds
[2026-07-01T12:26:58.772+0000] {processor.py:161} INFO - Started process (PID=2045) to work on /home/airflow/.local/lib/python3.8/site-packages/airflow/example_dags/example_complex.py
[2026-07-01T12:26:58.789+0000] {processor.py:830} INFO - Processing file /home/airflow/.local/lib/python3.8/site-packages/airflow/example_dags/example_complex.py for tasks to queue
[2026-07-01T12:26:58.804+0000] {logging_mixin.py:188} INFO - [2026-07-01T12:26:58.803+0000] {dagbag.py:538} INFO - Filling up the DagBag from /home/airflow/.local/lib/python3.8/site-packages/airflow/example_dags/example_complex.py
[2026-07-01T12:26:58.837+0000] {processor.py:840} INFO - DAG(s) 'example_complex' retrieved from /home/airflow/.local/lib/python3.8/site-packages/airflow/example_dags/example_complex.py
[2026-07-01T12:26:58.915+0000] {logging_mixin.py:188} INFO - [2026-07-01T12:26:58.914+0000] {dag.py:3036} INFO - Sync 1 DAGs
[2026-07-01T12:26:58.950+0000] {logging_mixin.py:188} INFO - [2026-07-01T12:26:58.950+0000] {dag.py:3823} INFO - Setting next_dagrun for example_complex to None, run_after=None
[2026-07-01T12:26:58.997+0000] {processor.py:183} INFO - Processing /home/airflow/.local/lib/python3.8/site-packages/airflow/example_dags/example_complex.py took 0.243 seconds
[2026-07-01T12:27:29.330+0000] {processor.py:161} INFO - Started process (PID=2101) to work on /home/airflow/.local/lib/python3.8/site-packages/airflow/example_dags/example_complex.py
[2026-07-01T12:27:29.333+0000] {processor.py:830} INFO - Processing file /home/airflow/.local/lib/python3.8/site-packages/airflow/example_dags/example_complex.py for tasks to queue
[2026-07-01T12:27:29.339+0000] {logging_mixin.py:188} INFO - [2026-07-01T12:27:29.339+0000] {dagbag.py:538} INFO - Filling up the DagBag from /home/airflow/.local/lib/python3.8/site-packages/airflow/example_dags/example_complex.py
[2026-07-01T12:27:29.372+0000] {processor.py:840} INFO - DAG(s) 'example_complex' retrieved from /home/airflow/.local/lib/python3.8/site-packages/airflow/example_dags/example_complex.py
[2026-07-01T12:27:29.447+0000] {logging_mixin.py:188} INFO - [2026-07-01T12:27:29.446+0000] {dag.py:3036} INFO - Sync 1 DAGs
[2026-07-01T12:27:29.483+0000] {logging_mixin.py:188} INFO - [2026-07-01T12:27:29.482+0000] {dag.py:3823} INFO - Setting next_dagrun for example_complex to None, run_after=None
[2026-07-01T12:27:29.551+0000] {processor.py:183} INFO - Processing /home/airflow/.local/lib/python3.8/site-packages/airflow/example_dags/example_complex.py took 0.231 seconds
[2026-07-01T12:28:00.126+0000] {processor.py:161} INFO - Started process (PID=2157) to work on /home/airflow/.local/lib/python3.8/site-packages/airflow/example_dags/example_complex.py
[2026-07-01T12:28:00.129+0000] {processor.py:830} INFO - Processing file /home/airflow/.local/lib/python3.8/site-packages/airflow/example_dags/example_complex.py for tasks to queue
[2026-07-01T12:28:00.135+0000] {logging_mixin.py:188} INFO - [2026-07-01T12:28:00.135+0000] {dagbag.py:538} INFO - Filling up the DagBag from /home/airflow/.local/lib/python3.8/site-packages/airflow/example_dags/example_complex.py
[2026-07-01T12:28:00.173+0000] {processor.py:840} INFO - DAG(s) 'example_complex' retrieved from /home/airflow/.local/lib/python3.8/site-packages/airflow/example_dags/example_complex.py
[2026-07-01T12:28:00.255+0000] {logging_mixin.py:188} INFO - [2026-07-01T12:28:00.254+0000] {dag.py:3036} INFO - Sync 1 DAGs
[2026-07-01T12:28:00.307+0000] {logging_mixin.py:188} INFO - [2026-07-01T12:28:00.306+0000] {dag.py:3823} INFO - Setting next_dagrun for example_complex to None, run_after=None
[2026-07-01T12:28:00.362+0000] {processor.py:183} INFO - Processing /home/airflow/.local/lib/python3.8/site-packages/airflow/example_dags/example_complex.py took 0.247 seconds
[2026-07-01T12:28:30.460+0000] {processor.py:161} INFO - Started process (PID=2213) to work on /home/airflow/.local/lib/python3.8/site-packages/airflow/example_dags/example_complex.py
[2026-07-01T12:28:30.463+0000] {processor.py:830} INFO - Processing file /home/airflow/.local/lib/python3.8/site-packages/airflow/example_dags/example_complex.py for tasks to queue
[2026-07-01T12:28:30.469+0000] {logging_mixin.py:188} INFO - [2026-07-01T12:28:30.468+0000] {dagbag.py:538} INFO - Filling up the DagBag from /home/airflow/.local/lib/python3.8/site-packages/airflow/example_dags/example_complex.py
[2026-07-01T12:28:30.500+0000] {processor.py:840} INFO - DAG(s) 'example_complex' retrieved from /home/airflow/.local/lib/python3.8/site-packages/airflow/example_dags/example_complex.py
[2026-07-01T12:28:30.578+0000] {logging_mixin.py:188} INFO - [2026-07-01T12:28:30.577+0000] {dag.py:3036} INFO - Sync 1 DAGs
[2026-07-01T12:28:30.612+0000] {logging_mixin.py:188} INFO - [2026-07-01T12:28:30.611+0000] {dag.py:3823} INFO - Setting next_dagrun for example_complex to None, run_after=None
[2026-07-01T12:28:30.660+0000] {processor.py:183} INFO - Processing /home/airflow/.local/lib/python3.8/site-packages/airflow/example_dags/example_complex.py took 0.208 seconds
[2026-07-01T12:29:00.774+0000] {processor.py:161} INFO - Started process (PID=2270) to work on /home/airflow/.local/lib/python3.8/site-packages/airflow/example_dags/example_complex.py
[2026-07-01T12:29:00.777+0000] {processor.py:830} INFO - Processing file /home/airflow/.local/lib/python3.8/site-packages/airflow/example_dags/example_complex.py for tasks to queue
[2026-07-01T12:29:00.783+0000] {logging_mixin.py:188} INFO - [2026-07-01T12:29:00.782+0000] {dagbag.py:538} INFO - Filling up the DagBag from /home/airflow/.local/lib/python3.8/site-packages/airflow/example_dags/example_complex.py
[2026-07-01T12:29:00.808+0000] {processor.py:840} INFO - DAG(s) 'example_complex' retrieved from /home/airflow/.local/lib/python3.8/site-packages/airflow/example_dags/example_complex.py
[2026-07-01T12:29:00.867+0000] {logging_mixin.py:188} INFO - [2026-07-01T12:29:00.867+0000] {dag.py:3036} INFO - Sync 1 DAGs
[2026-07-01T12:29:00.894+0000] {logging_mixin.py:188} INFO - [2026-07-01T12:29:00.894+0000] {dag.py:3823} INFO - Setting next_dagrun for example_complex to None, run_after=None
[2026-07-01T12:29:00.932+0000] {processor.py:183} INFO - Processing /home/airflow/.local/lib/python3.8/site-packages/airflow/example_dags/example_complex.py took 0.166 seconds
[2026-07-01T12:29:31.148+0000] {processor.py:161} INFO - Started process (PID=2327) to work on /home/airflow/.local/lib/python3.8/site-packages/airflow/example_dags/example_complex.py
[2026-07-01T12:29:31.152+0000] {processor.py:830} INFO - Processing file /home/airflow/.local/lib/python3.8/site-packages/airflow/example_dags/example_complex.py for tasks to queue
[2026-07-01T12:29:31.158+0000] {logging_mixin.py:188} INFO - [2026-07-01T12:29:31.157+0000] {dagbag.py:538} INFO - Filling up the DagBag from /home/airflow/.local/lib/python3.8/site-packages/airflow/example_dags/example_complex.py
[2026-07-01T12:29:31.191+0000] {processor.py:840} INFO - DAG(s) 'example_complex' retrieved from /home/airflow/.local/lib/python3.8/site-packages/airflow/example_dags/example_complex.py
[2026-07-01T12:29:31.259+0000] {logging_mixin.py:188} INFO - [2026-07-01T12:29:31.258+0000] {dag.py:3036} INFO - Sync 1 DAGs
[2026-07-01T12:29:31.287+0000] {logging_mixin.py:188} INFO - [2026-07-01T12:29:31.287+0000] {dag.py:3823} INFO - Setting next_dagrun for example_complex to None, run_after=None
[2026-07-01T12:29:31.326+0000] {processor.py:183} INFO - Processing /home/airflow/.local/lib/python3.8/site-packages/airflow/example_dags/example_complex.py took 0.187 seconds
