[2026-07-01T11:58:43.898+0000] {processor.py:161} INFO - Started process (PID=130) to work on /home/airflow/.local/lib/python3.8/site-packages/airflow/example_dags/example_bash_operator.py
[2026-07-01T11:58:43.938+0000] {processor.py:830} INFO - Processing file /home/airflow/.local/lib/python3.8/site-packages/airflow/example_dags/example_bash_operator.py for tasks to queue
[2026-07-01T11:58:43.947+0000] {logging_mixin.py:188} INFO - [2026-07-01T11:58:43.946+0000] {dagbag.py:538} INFO - Filling up the DagBag from /home/airflow/.local/lib/python3.8/site-packages/airflow/example_dags/example_bash_operator.py
[2026-07-01T11:58:43.992+0000] {processor.py:840} INFO - DAG(s) 'example_bash_operator' retrieved from /home/airflow/.local/lib/python3.8/site-packages/airflow/example_dags/example_bash_operator.py
[2026-07-01T11:58:44.379+0000] {logging_mixin.py:188} INFO - [2026-07-01T11:58:44.378+0000] {dag.py:3036} INFO - Sync 1 DAGs
[2026-07-01T11:58:44.447+0000] {logging_mixin.py:188} INFO - [2026-07-01T11:58:44.447+0000] {dag.py:3823} INFO - Setting next_dagrun for example_bash_operator to 2026-06-30 00:00:00+00:00, run_after=2026-07-01 00:00:00+00:00
[2026-07-01T11:58:44.502+0000] {processor.py:183} INFO - Processing /home/airflow/.local/lib/python3.8/site-packages/airflow/example_dags/example_bash_operator.py took 0.620 seconds
[2026-07-01T11:59:14.574+0000] {processor.py:161} INFO - Started process (PID=185) to work on /home/airflow/.local/lib/python3.8/site-packages/airflow/example_dags/example_bash_operator.py
[2026-07-01T11:59:14.577+0000] {processor.py:830} INFO - Processing file /home/airflow/.local/lib/python3.8/site-packages/airflow/example_dags/example_bash_operator.py for tasks to queue
[2026-07-01T11:59:14.583+0000] {logging_mixin.py:188} INFO - [2026-07-01T11:59:14.582+0000] {dagbag.py:538} INFO - Filling up the DagBag from /home/airflow/.local/lib/python3.8/site-packages/airflow/example_dags/example_bash_operator.py
[2026-07-01T11:59:14.616+0000] {processor.py:840} INFO - DAG(s) 'example_bash_operator' retrieved from /home/airflow/.local/lib/python3.8/site-packages/airflow/example_dags/example_bash_operator.py
[2026-07-01T11:59:14.696+0000] {logging_mixin.py:188} INFO - [2026-07-01T11:59:14.696+0000] {dag.py:3036} INFO - Sync 1 DAGs
[2026-07-01T11:59:14.758+0000] {logging_mixin.py:188} INFO - [2026-07-01T11:59:14.757+0000] {dag.py:3823} INFO - Setting next_dagrun for example_bash_operator to 2026-06-30 00:00:00+00:00, run_after=2026-07-01 00:00:00+00:00
[2026-07-01T11:59:14.806+0000] {processor.py:183} INFO - Processing /home/airflow/.local/lib/python3.8/site-packages/airflow/example_dags/example_bash_operator.py took 0.241 seconds
[2026-07-01T11:59:45.441+0000] {processor.py:161} INFO - Started process (PID=240) to work on /home/airflow/.local/lib/python3.8/site-packages/airflow/example_dags/example_bash_operator.py
[2026-07-01T11:59:45.444+0000] {processor.py:830} INFO - Processing file /home/airflow/.local/lib/python3.8/site-packages/airflow/example_dags/example_bash_operator.py for tasks to queue
[2026-07-01T11:59:45.451+0000] {logging_mixin.py:188} INFO - [2026-07-01T11:59:45.450+0000] {dagbag.py:538} INFO - Filling up the DagBag from /home/airflow/.local/lib/python3.8/site-packages/airflow/example_dags/example_bash_operator.py
[2026-07-01T11:59:45.494+0000] {processor.py:840} INFO - DAG(s) 'example_bash_operator' retrieved from /home/airflow/.local/lib/python3.8/site-packages/airflow/example_dags/example_bash_operator.py
[2026-07-01T11:59:45.529+0000] {logging_mixin.py:188} INFO - [2026-07-01T11:59:45.528+0000] {dag.py:3036} INFO - Sync 1 DAGs
[2026-07-01T11:59:45.610+0000] {logging_mixin.py:188} INFO - [2026-07-01T11:59:45.609+0000] {dag.py:3823} INFO - Setting next_dagrun for example_bash_operator to 2026-06-30 00:00:00+00:00, run_after=2026-07-01 00:00:00+00:00
[2026-07-01T11:59:45.693+0000] {processor.py:183} INFO - Processing /home/airflow/.local/lib/python3.8/site-packages/airflow/example_dags/example_bash_operator.py took 0.265 seconds
[2026-07-01T12:00:16.614+0000] {processor.py:161} INFO - Started process (PID=295) to work on /home/airflow/.local/lib/python3.8/site-packages/airflow/example_dags/example_bash_operator.py
[2026-07-01T12:00:16.617+0000] {processor.py:830} INFO - Processing file /home/airflow/.local/lib/python3.8/site-packages/airflow/example_dags/example_bash_operator.py for tasks to queue
[2026-07-01T12:00:16.624+0000] {logging_mixin.py:188} INFO - [2026-07-01T12:00:16.623+0000] {dagbag.py:538} INFO - Filling up the DagBag from /home/airflow/.local/lib/python3.8/site-packages/airflow/example_dags/example_bash_operator.py
[2026-07-01T12:00:16.656+0000] {processor.py:840} INFO - DAG(s) 'example_bash_operator' retrieved from /home/airflow/.local/lib/python3.8/site-packages/airflow/example_dags/example_bash_operator.py
[2026-07-01T12:00:17.019+0000] {logging_mixin.py:188} INFO - [2026-07-01T12:00:17.018+0000] {dag.py:3036} INFO - Sync 1 DAGs
[2026-07-01T12:00:17.078+0000] {logging_mixin.py:188} INFO - [2026-07-01T12:00:17.078+0000] {dag.py:3823} INFO - Setting next_dagrun for example_bash_operator to 2026-06-30 00:00:00+00:00, run_after=2026-07-01 00:00:00+00:00
[2026-07-01T12:00:17.142+0000] {processor.py:183} INFO - Processing /home/airflow/.local/lib/python3.8/site-packages/airflow/example_dags/example_bash_operator.py took 0.536 seconds
[2026-07-01T12:00:47.312+0000] {processor.py:161} INFO - Started process (PID=350) to work on /home/airflow/.local/lib/python3.8/site-packages/airflow/example_dags/example_bash_operator.py
[2026-07-01T12:00:47.316+0000] {processor.py:830} INFO - Processing file /home/airflow/.local/lib/python3.8/site-packages/airflow/example_dags/example_bash_operator.py for tasks to queue
[2026-07-01T12:00:47.324+0000] {logging_mixin.py:188} INFO - [2026-07-01T12:00:47.321+0000] {dagbag.py:538} INFO - Filling up the DagBag from /home/airflow/.local/lib/python3.8/site-packages/airflow/example_dags/example_bash_operator.py
[2026-07-01T12:00:47.356+0000] {processor.py:840} INFO - DAG(s) 'example_bash_operator' retrieved from /home/airflow/.local/lib/python3.8/site-packages/airflow/example_dags/example_bash_operator.py
[2026-07-01T12:00:47.434+0000] {logging_mixin.py:188} INFO - [2026-07-01T12:00:47.433+0000] {dag.py:3036} INFO - Sync 1 DAGs
[2026-07-01T12:00:47.502+0000] {logging_mixin.py:188} INFO - [2026-07-01T12:00:47.501+0000] {dag.py:3823} INFO - Setting next_dagrun for example_bash_operator to 2026-06-30 00:00:00+00:00, run_after=2026-07-01 00:00:00+00:00
[2026-07-01T12:00:47.557+0000] {processor.py:183} INFO - Processing /home/airflow/.local/lib/python3.8/site-packages/airflow/example_dags/example_bash_operator.py took 0.254 seconds
[2026-07-01T12:01:17.777+0000] {processor.py:161} INFO - Started process (PID=405) to work on /home/airflow/.local/lib/python3.8/site-packages/airflow/example_dags/example_bash_operator.py
[2026-07-01T12:01:17.782+0000] {processor.py:830} INFO - Processing file /home/airflow/.local/lib/python3.8/site-packages/airflow/example_dags/example_bash_operator.py for tasks to queue
[2026-07-01T12:01:17.789+0000] {logging_mixin.py:188} INFO - [2026-07-01T12:01:17.788+0000] {dagbag.py:538} INFO - Filling up the DagBag from /home/airflow/.local/lib/python3.8/site-packages/airflow/example_dags/example_bash_operator.py
[2026-07-01T12:01:17.826+0000] {processor.py:840} INFO - DAG(s) 'example_bash_operator' retrieved from /home/airflow/.local/lib/python3.8/site-packages/airflow/example_dags/example_bash_operator.py
[2026-07-01T12:01:17.910+0000] {logging_mixin.py:188} INFO - [2026-07-01T12:01:17.909+0000] {dag.py:3036} INFO - Sync 1 DAGs
[2026-07-01T12:01:17.981+0000] {logging_mixin.py:188} INFO - [2026-07-01T12:01:17.981+0000] {dag.py:3823} INFO - Setting next_dagrun for example_bash_operator to 2026-06-30 00:00:00+00:00, run_after=2026-07-01 00:00:00+00:00
[2026-07-01T12:01:18.039+0000] {processor.py:183} INFO - Processing /home/airflow/.local/lib/python3.8/site-packages/airflow/example_dags/example_bash_operator.py took 0.273 seconds
[2026-07-01T12:01:48.939+0000] {processor.py:161} INFO - Started process (PID=460) to work on /home/airflow/.local/lib/python3.8/site-packages/airflow/example_dags/example_bash_operator.py
[2026-07-01T12:01:48.944+0000] {processor.py:830} INFO - Processing file /home/airflow/.local/lib/python3.8/site-packages/airflow/example_dags/example_bash_operator.py for tasks to queue
[2026-07-01T12:01:48.950+0000] {logging_mixin.py:188} INFO - [2026-07-01T12:01:48.949+0000] {dagbag.py:538} INFO - Filling up the DagBag from /home/airflow/.local/lib/python3.8/site-packages/airflow/example_dags/example_bash_operator.py
[2026-07-01T12:01:48.987+0000] {processor.py:840} INFO - DAG(s) 'example_bash_operator' retrieved from /home/airflow/.local/lib/python3.8/site-packages/airflow/example_dags/example_bash_operator.py
[2026-07-01T12:01:49.071+0000] {logging_mixin.py:188} INFO - [2026-07-01T12:01:49.070+0000] {dag.py:3036} INFO - Sync 1 DAGs
[2026-07-01T12:01:49.135+0000] {logging_mixin.py:188} INFO - [2026-07-01T12:01:49.134+0000] {dag.py:3823} INFO - Setting next_dagrun for example_bash_operator to 2026-06-30 00:00:00+00:00, run_after=2026-07-01 00:00:00+00:00
[2026-07-01T12:01:49.211+0000] {processor.py:183} INFO - Processing /home/airflow/.local/lib/python3.8/site-packages/airflow/example_dags/example_bash_operator.py took 0.282 seconds
[2026-07-01T12:02:20.440+0000] {processor.py:161} INFO - Started process (PID=516) to work on /home/airflow/.local/lib/python3.8/site-packages/airflow/example_dags/example_bash_operator.py
[2026-07-01T12:02:20.445+0000] {processor.py:830} INFO - Processing file /home/airflow/.local/lib/python3.8/site-packages/airflow/example_dags/example_bash_operator.py for tasks to queue
[2026-07-01T12:02:20.454+0000] {logging_mixin.py:188} INFO - [2026-07-01T12:02:20.453+0000] {dagbag.py:538} INFO - Filling up the DagBag from /home/airflow/.local/lib/python3.8/site-packages/airflow/example_dags/example_bash_operator.py
[2026-07-01T12:02:20.503+0000] {processor.py:840} INFO - DAG(s) 'example_bash_operator' retrieved from /home/airflow/.local/lib/python3.8/site-packages/airflow/example_dags/example_bash_operator.py
[2026-07-01T12:02:20.599+0000] {logging_mixin.py:188} INFO - [2026-07-01T12:02:20.598+0000] {dag.py:3036} INFO - Sync 1 DAGs
[2026-07-01T12:02:20.666+0000] {logging_mixin.py:188} INFO - [2026-07-01T12:02:20.666+0000] {dag.py:3823} INFO - Setting next_dagrun for example_bash_operator to 2026-06-30 00:00:00+00:00, run_after=2026-07-01 00:00:00+00:00
[2026-07-01T12:02:20.725+0000] {processor.py:183} INFO - Processing /home/airflow/.local/lib/python3.8/site-packages/airflow/example_dags/example_bash_operator.py took 0.296 seconds
[2026-07-01T12:02:50.864+0000] {processor.py:161} INFO - Started process (PID=572) to work on /home/airflow/.local/lib/python3.8/site-packages/airflow/example_dags/example_bash_operator.py
[2026-07-01T12:02:50.868+0000] {processor.py:830} INFO - Processing file /home/airflow/.local/lib/python3.8/site-packages/airflow/example_dags/example_bash_operator.py for tasks to queue
[2026-07-01T12:02:50.877+0000] {logging_mixin.py:188} INFO - [2026-07-01T12:02:50.875+0000] {dagbag.py:538} INFO - Filling up the DagBag from /home/airflow/.local/lib/python3.8/site-packages/airflow/example_dags/example_bash_operator.py
[2026-07-01T12:02:50.918+0000] {processor.py:840} INFO - DAG(s) 'example_bash_operator' retrieved from /home/airflow/.local/lib/python3.8/site-packages/airflow/example_dags/example_bash_operator.py
[2026-07-01T12:02:51.010+0000] {logging_mixin.py:188} INFO - [2026-07-01T12:02:51.010+0000] {dag.py:3036} INFO - Sync 1 DAGs
[2026-07-01T12:02:51.086+0000] {logging_mixin.py:188} INFO - [2026-07-01T12:02:51.085+0000] {dag.py:3823} INFO - Setting next_dagrun for example_bash_operator to 2026-06-30 00:00:00+00:00, run_after=2026-07-01 00:00:00+00:00
[2026-07-01T12:02:51.144+0000] {processor.py:183} INFO - Processing /home/airflow/.local/lib/python3.8/site-packages/airflow/example_dags/example_bash_operator.py took 0.295 seconds
[2026-07-01T12:03:21.432+0000] {processor.py:161} INFO - Started process (PID=628) to work on /home/airflow/.local/lib/python3.8/site-packages/airflow/example_dags/example_bash_operator.py
[2026-07-01T12:03:21.435+0000] {processor.py:830} INFO - Processing file /home/airflow/.local/lib/python3.8/site-packages/airflow/example_dags/example_bash_operator.py for tasks to queue
[2026-07-01T12:03:21.441+0000] {logging_mixin.py:188} INFO - [2026-07-01T12:03:21.440+0000] {dagbag.py:538} INFO - Filling up the DagBag from /home/airflow/.local/lib/python3.8/site-packages/airflow/example_dags/example_bash_operator.py
[2026-07-01T12:03:21.470+0000] {processor.py:840} INFO - DAG(s) 'example_bash_operator' retrieved from /home/airflow/.local/lib/python3.8/site-packages/airflow/example_dags/example_bash_operator.py
[2026-07-01T12:03:21.540+0000] {logging_mixin.py:188} INFO - [2026-07-01T12:03:21.540+0000] {dag.py:3036} INFO - Sync 1 DAGs
[2026-07-01T12:03:21.598+0000] {logging_mixin.py:188} INFO - [2026-07-01T12:03:21.597+0000] {dag.py:3823} INFO - Setting next_dagrun for example_bash_operator to 2026-06-30 00:00:00+00:00, run_after=2026-07-01 00:00:00+00:00
[2026-07-01T12:03:21.647+0000] {processor.py:183} INFO - Processing /home/airflow/.local/lib/python3.8/site-packages/airflow/example_dags/example_bash_operator.py took 0.223 seconds
[2026-07-01T12:03:51.908+0000] {processor.py:161} INFO - Started process (PID=683) to work on /home/airflow/.local/lib/python3.8/site-packages/airflow/example_dags/example_bash_operator.py
[2026-07-01T12:03:51.915+0000] {processor.py:830} INFO - Processing file /home/airflow/.local/lib/python3.8/site-packages/airflow/example_dags/example_bash_operator.py for tasks to queue
[2026-07-01T12:03:51.930+0000] {logging_mixin.py:188} INFO - [2026-07-01T12:03:51.929+0000] {dagbag.py:538} INFO - Filling up the DagBag from /home/airflow/.local/lib/python3.8/site-packages/airflow/example_dags/example_bash_operator.py
[2026-07-01T12:03:52.007+0000] {processor.py:840} INFO - DAG(s) 'example_bash_operator' retrieved from /home/airflow/.local/lib/python3.8/site-packages/airflow/example_dags/example_bash_operator.py
[2026-07-01T12:03:52.218+0000] {logging_mixin.py:188} INFO - [2026-07-01T12:03:52.218+0000] {dag.py:3036} INFO - Sync 1 DAGs
[2026-07-01T12:03:52.346+0000] {logging_mixin.py:188} INFO - [2026-07-01T12:03:52.341+0000] {dag.py:3823} INFO - Setting next_dagrun for example_bash_operator to 2026-06-30 00:00:00+00:00, run_after=2026-07-01 00:00:00+00:00
[2026-07-01T12:03:52.411+0000] {processor.py:183} INFO - Processing /home/airflow/.local/lib/python3.8/site-packages/airflow/example_dags/example_bash_operator.py took 0.526 seconds
[2026-07-01T12:04:23.003+0000] {processor.py:161} INFO - Started process (PID=738) to work on /home/airflow/.local/lib/python3.8/site-packages/airflow/example_dags/example_bash_operator.py
[2026-07-01T12:04:23.006+0000] {processor.py:830} INFO - Processing file /home/airflow/.local/lib/python3.8/site-packages/airflow/example_dags/example_bash_operator.py for tasks to queue
[2026-07-01T12:04:23.011+0000] {logging_mixin.py:188} INFO - [2026-07-01T12:04:23.010+0000] {dagbag.py:538} INFO - Filling up the DagBag from /home/airflow/.local/lib/python3.8/site-packages/airflow/example_dags/example_bash_operator.py
[2026-07-01T12:04:23.038+0000] {processor.py:840} INFO - DAG(s) 'example_bash_operator' retrieved from /home/airflow/.local/lib/python3.8/site-packages/airflow/example_dags/example_bash_operator.py
[2026-07-01T12:04:23.110+0000] {logging_mixin.py:188} INFO - [2026-07-01T12:04:23.109+0000] {dag.py:3036} INFO - Sync 1 DAGs
[2026-07-01T12:04:23.170+0000] {logging_mixin.py:188} INFO - [2026-07-01T12:04:23.170+0000] {dag.py:3823} INFO - Setting next_dagrun for example_bash_operator to 2026-06-30 00:00:00+00:00, run_after=2026-07-01 00:00:00+00:00
[2026-07-01T12:04:23.215+0000] {processor.py:183} INFO - Processing /home/airflow/.local/lib/python3.8/site-packages/airflow/example_dags/example_bash_operator.py took 0.220 seconds
[2026-07-01T12:04:53.738+0000] {processor.py:161} INFO - Started process (PID=793) to work on /home/airflow/.local/lib/python3.8/site-packages/airflow/example_dags/example_bash_operator.py
[2026-07-01T12:04:53.741+0000] {processor.py:830} INFO - Processing file /home/airflow/.local/lib/python3.8/site-packages/airflow/example_dags/example_bash_operator.py for tasks to queue
[2026-07-01T12:04:53.748+0000] {logging_mixin.py:188} INFO - [2026-07-01T12:04:53.747+0000] {dagbag.py:538} INFO - Filling up the DagBag from /home/airflow/.local/lib/python3.8/site-packages/airflow/example_dags/example_bash_operator.py
[2026-07-01T12:04:53.775+0000] {processor.py:840} INFO - DAG(s) 'example_bash_operator' retrieved from /home/airflow/.local/lib/python3.8/site-packages/airflow/example_dags/example_bash_operator.py
[2026-07-01T12:04:53.841+0000] {logging_mixin.py:188} INFO - [2026-07-01T12:04:53.840+0000] {dag.py:3036} INFO - Sync 1 DAGs
[2026-07-01T12:04:53.894+0000] {logging_mixin.py:188} INFO - [2026-07-01T12:04:53.893+0000] {dag.py:3823} INFO - Setting next_dagrun for example_bash_operator to 2026-06-30 00:00:00+00:00, run_after=2026-07-01 00:00:00+00:00
[2026-07-01T12:04:53.943+0000] {processor.py:183} INFO - Processing /home/airflow/.local/lib/python3.8/site-packages/airflow/example_dags/example_bash_operator.py took 0.215 seconds
[2026-07-01T12:05:24.042+0000] {processor.py:161} INFO - Started process (PID=848) to work on /home/airflow/.local/lib/python3.8/site-packages/airflow/example_dags/example_bash_operator.py
[2026-07-01T12:05:24.046+0000] {processor.py:830} INFO - Processing file /home/airflow/.local/lib/python3.8/site-packages/airflow/example_dags/example_bash_operator.py for tasks to queue
[2026-07-01T12:05:24.052+0000] {logging_mixin.py:188} INFO - [2026-07-01T12:05:24.051+0000] {dagbag.py:538} INFO - Filling up the DagBag from /home/airflow/.local/lib/python3.8/site-packages/airflow/example_dags/example_bash_operator.py
[2026-07-01T12:05:24.088+0000] {processor.py:840} INFO - DAG(s) 'example_bash_operator' retrieved from /home/airflow/.local/lib/python3.8/site-packages/airflow/example_dags/example_bash_operator.py
[2026-07-01T12:05:24.181+0000] {logging_mixin.py:188} INFO - [2026-07-01T12:05:24.179+0000] {dag.py:3036} INFO - Sync 1 DAGs
[2026-07-01T12:05:24.267+0000] {logging_mixin.py:188} INFO - [2026-07-01T12:05:24.265+0000] {dag.py:3823} INFO - Setting next_dagrun for example_bash_operator to 2026-06-30 00:00:00+00:00, run_after=2026-07-01 00:00:00+00:00
[2026-07-01T12:05:24.338+0000] {processor.py:183} INFO - Processing /home/airflow/.local/lib/python3.8/site-packages/airflow/example_dags/example_bash_operator.py took 0.303 seconds
[2026-07-01T12:05:54.639+0000] {processor.py:161} INFO - Started process (PID=903) to work on /home/airflow/.local/lib/python3.8/site-packages/airflow/example_dags/example_bash_operator.py
[2026-07-01T12:05:54.646+0000] {processor.py:830} INFO - Processing file /home/airflow/.local/lib/python3.8/site-packages/airflow/example_dags/example_bash_operator.py for tasks to queue
[2026-07-01T12:05:54.654+0000] {logging_mixin.py:188} INFO - [2026-07-01T12:05:54.653+0000] {dagbag.py:538} INFO - Filling up the DagBag from /home/airflow/.local/lib/python3.8/site-packages/airflow/example_dags/example_bash_operator.py
[2026-07-01T12:05:54.706+0000] {processor.py:840} INFO - DAG(s) 'example_bash_operator' retrieved from /home/airflow/.local/lib/python3.8/site-packages/airflow/example_dags/example_bash_operator.py
[2026-07-01T12:05:54.817+0000] {logging_mixin.py:188} INFO - [2026-07-01T12:05:54.816+0000] {dag.py:3036} INFO - Sync 1 DAGs
[2026-07-01T12:05:54.898+0000] {logging_mixin.py:188} INFO - [2026-07-01T12:05:54.898+0000] {dag.py:3823} INFO - Setting next_dagrun for example_bash_operator to 2026-06-30 00:00:00+00:00, run_after=2026-07-01 00:00:00+00:00
[2026-07-01T12:05:54.959+0000] {processor.py:183} INFO - Processing /home/airflow/.local/lib/python3.8/site-packages/airflow/example_dags/example_bash_operator.py took 0.335 seconds
[2026-07-01T12:06:25.907+0000] {processor.py:161} INFO - Started process (PID=958) to work on /home/airflow/.local/lib/python3.8/site-packages/airflow/example_dags/example_bash_operator.py
[2026-07-01T12:06:25.910+0000] {processor.py:830} INFO - Processing file /home/airflow/.local/lib/python3.8/site-packages/airflow/example_dags/example_bash_operator.py for tasks to queue
[2026-07-01T12:06:25.916+0000] {logging_mixin.py:188} INFO - [2026-07-01T12:06:25.915+0000] {dagbag.py:538} INFO - Filling up the DagBag from /home/airflow/.local/lib/python3.8/site-packages/airflow/example_dags/example_bash_operator.py
[2026-07-01T12:06:25.949+0000] {processor.py:840} INFO - DAG(s) 'example_bash_operator' retrieved from /home/airflow/.local/lib/python3.8/site-packages/airflow/example_dags/example_bash_operator.py
[2026-07-01T12:06:26.018+0000] {logging_mixin.py:188} INFO - [2026-07-01T12:06:26.017+0000] {dag.py:3036} INFO - Sync 1 DAGs
[2026-07-01T12:06:26.078+0000] {logging_mixin.py:188} INFO - [2026-07-01T12:06:26.077+0000] {dag.py:3823} INFO - Setting next_dagrun for example_bash_operator to 2026-06-30 00:00:00+00:00, run_after=2026-07-01 00:00:00+00:00
[2026-07-01T12:06:26.130+0000] {processor.py:183} INFO - Processing /home/airflow/.local/lib/python3.8/site-packages/airflow/example_dags/example_bash_operator.py took 0.233 seconds
[2026-07-01T12:06:56.457+0000] {processor.py:161} INFO - Started process (PID=1014) to work on /home/airflow/.local/lib/python3.8/site-packages/airflow/example_dags/example_bash_operator.py
[2026-07-01T12:06:56.461+0000] {processor.py:830} INFO - Processing file /home/airflow/.local/lib/python3.8/site-packages/airflow/example_dags/example_bash_operator.py for tasks to queue
[2026-07-01T12:06:56.477+0000] {logging_mixin.py:188} INFO - [2026-07-01T12:06:56.476+0000] {dagbag.py:538} INFO - Filling up the DagBag from /home/airflow/.local/lib/python3.8/site-packages/airflow/example_dags/example_bash_operator.py
[2026-07-01T12:06:56.522+0000] {processor.py:840} INFO - DAG(s) 'example_bash_operator' retrieved from /home/airflow/.local/lib/python3.8/site-packages/airflow/example_dags/example_bash_operator.py
[2026-07-01T12:06:56.622+0000] {logging_mixin.py:188} INFO - [2026-07-01T12:06:56.622+0000] {dag.py:3036} INFO - Sync 1 DAGs
[2026-07-01T12:06:56.697+0000] {logging_mixin.py:188} INFO - [2026-07-01T12:06:56.696+0000] {dag.py:3823} INFO - Setting next_dagrun for example_bash_operator to 2026-06-30 00:00:00+00:00, run_after=2026-07-01 00:00:00+00:00
[2026-07-01T12:06:56.767+0000] {processor.py:183} INFO - Processing /home/airflow/.local/lib/python3.8/site-packages/airflow/example_dags/example_bash_operator.py took 0.329 seconds
[2026-07-01T12:07:26.833+0000] {processor.py:161} INFO - Started process (PID=1069) to work on /home/airflow/.local/lib/python3.8/site-packages/airflow/example_dags/example_bash_operator.py
[2026-07-01T12:07:26.837+0000] {processor.py:830} INFO - Processing file /home/airflow/.local/lib/python3.8/site-packages/airflow/example_dags/example_bash_operator.py for tasks to queue
[2026-07-01T12:07:26.844+0000] {logging_mixin.py:188} INFO - [2026-07-01T12:07:26.843+0000] {dagbag.py:538} INFO - Filling up the DagBag from /home/airflow/.local/lib/python3.8/site-packages/airflow/example_dags/example_bash_operator.py
[2026-07-01T12:07:26.882+0000] {processor.py:840} INFO - DAG(s) 'example_bash_operator' retrieved from /home/airflow/.local/lib/python3.8/site-packages/airflow/example_dags/example_bash_operator.py
[2026-07-01T12:07:26.969+0000] {logging_mixin.py:188} INFO - [2026-07-01T12:07:26.969+0000] {dag.py:3036} INFO - Sync 1 DAGs
[2026-07-01T12:07:27.045+0000] {logging_mixin.py:188} INFO - [2026-07-01T12:07:27.044+0000] {dag.py:3823} INFO - Setting next_dagrun for example_bash_operator to 2026-06-30 00:00:00+00:00, run_after=2026-07-01 00:00:00+00:00
[2026-07-01T12:07:27.108+0000] {processor.py:183} INFO - Processing /home/airflow/.local/lib/python3.8/site-packages/airflow/example_dags/example_bash_operator.py took 0.290 seconds
[2026-07-01T12:07:57.199+0000] {processor.py:161} INFO - Started process (PID=1123) to work on /home/airflow/.local/lib/python3.8/site-packages/airflow/example_dags/example_bash_operator.py
[2026-07-01T12:07:57.202+0000] {processor.py:830} INFO - Processing file /home/airflow/.local/lib/python3.8/site-packages/airflow/example_dags/example_bash_operator.py for tasks to queue
[2026-07-01T12:07:57.207+0000] {logging_mixin.py:188} INFO - [2026-07-01T12:07:57.206+0000] {dagbag.py:538} INFO - Filling up the DagBag from /home/airflow/.local/lib/python3.8/site-packages/airflow/example_dags/example_bash_operator.py
[2026-07-01T12:07:57.237+0000] {processor.py:840} INFO - DAG(s) 'example_bash_operator' retrieved from /home/airflow/.local/lib/python3.8/site-packages/airflow/example_dags/example_bash_operator.py
[2026-07-01T12:07:57.308+0000] {logging_mixin.py:188} INFO - [2026-07-01T12:07:57.307+0000] {dag.py:3036} INFO - Sync 1 DAGs
[2026-07-01T12:07:57.373+0000] {logging_mixin.py:188} INFO - [2026-07-01T12:07:57.373+0000] {dag.py:3823} INFO - Setting next_dagrun for example_bash_operator to 2026-06-30 00:00:00+00:00, run_after=2026-07-01 00:00:00+00:00
[2026-07-01T12:07:57.422+0000] {processor.py:183} INFO - Processing /home/airflow/.local/lib/python3.8/site-packages/airflow/example_dags/example_bash_operator.py took 0.232 seconds
[2026-07-01T12:08:27.654+0000] {processor.py:161} INFO - Started process (PID=1177) to work on /home/airflow/.local/lib/python3.8/site-packages/airflow/example_dags/example_bash_operator.py
[2026-07-01T12:08:27.658+0000] {processor.py:830} INFO - Processing file /home/airflow/.local/lib/python3.8/site-packages/airflow/example_dags/example_bash_operator.py for tasks to queue
[2026-07-01T12:08:27.663+0000] {logging_mixin.py:188} INFO - [2026-07-01T12:08:27.662+0000] {dagbag.py:538} INFO - Filling up the DagBag from /home/airflow/.local/lib/python3.8/site-packages/airflow/example_dags/example_bash_operator.py
[2026-07-01T12:08:27.691+0000] {processor.py:840} INFO - DAG(s) 'example_bash_operator' retrieved from /home/airflow/.local/lib/python3.8/site-packages/airflow/example_dags/example_bash_operator.py
[2026-07-01T12:08:27.756+0000] {logging_mixin.py:188} INFO - [2026-07-01T12:08:27.756+0000] {dag.py:3036} INFO - Sync 1 DAGs
[2026-07-01T12:08:27.807+0000] {logging_mixin.py:188} INFO - [2026-07-01T12:08:27.807+0000] {dag.py:3823} INFO - Setting next_dagrun for example_bash_operator to 2026-06-30 00:00:00+00:00, run_after=2026-07-01 00:00:00+00:00
[2026-07-01T12:08:27.854+0000] {processor.py:183} INFO - Processing /home/airflow/.local/lib/python3.8/site-packages/airflow/example_dags/example_bash_operator.py took 0.208 seconds
[2026-07-01T12:09:06.866+0000] {processor.py:161} INFO - Started process (PID=117) to work on /home/airflow/.local/lib/python3.8/site-packages/airflow/example_dags/example_bash_operator.py
[2026-07-01T12:09:06.870+0000] {processor.py:830} INFO - Processing file /home/airflow/.local/lib/python3.8/site-packages/airflow/example_dags/example_bash_operator.py for tasks to queue
[2026-07-01T12:09:06.879+0000] {logging_mixin.py:188} INFO - [2026-07-01T12:09:06.878+0000] {dagbag.py:538} INFO - Filling up the DagBag from /home/airflow/.local/lib/python3.8/site-packages/airflow/example_dags/example_bash_operator.py
[2026-07-01T12:09:06.929+0000] {processor.py:840} INFO - DAG(s) 'example_bash_operator' retrieved from /home/airflow/.local/lib/python3.8/site-packages/airflow/example_dags/example_bash_operator.py
[2026-07-01T12:09:07.093+0000] {logging_mixin.py:188} INFO - [2026-07-01T12:09:07.087+0000] {dag.py:3036} INFO - Sync 1 DAGs
[2026-07-01T12:09:07.217+0000] {logging_mixin.py:188} INFO - [2026-07-01T12:09:07.217+0000] {dag.py:3823} INFO - Setting next_dagrun for example_bash_operator to 2026-06-30 00:00:00+00:00, run_after=2026-07-01 00:00:00+00:00
[2026-07-01T12:09:07.348+0000] {processor.py:183} INFO - Processing /home/airflow/.local/lib/python3.8/site-packages/airflow/example_dags/example_bash_operator.py took 0.500 seconds
[2026-07-01T12:09:37.950+0000] {processor.py:161} INFO - Started process (PID=173) to work on /home/airflow/.local/lib/python3.8/site-packages/airflow/example_dags/example_bash_operator.py
[2026-07-01T12:09:37.953+0000] {processor.py:830} INFO - Processing file /home/airflow/.local/lib/python3.8/site-packages/airflow/example_dags/example_bash_operator.py for tasks to queue
[2026-07-01T12:09:37.960+0000] {logging_mixin.py:188} INFO - [2026-07-01T12:09:37.959+0000] {dagbag.py:538} INFO - Filling up the DagBag from /home/airflow/.local/lib/python3.8/site-packages/airflow/example_dags/example_bash_operator.py
[2026-07-01T12:09:37.997+0000] {processor.py:840} INFO - DAG(s) 'example_bash_operator' retrieved from /home/airflow/.local/lib/python3.8/site-packages/airflow/example_dags/example_bash_operator.py
[2026-07-01T12:09:38.119+0000] {logging_mixin.py:188} INFO - [2026-07-01T12:09:38.117+0000] {dag.py:3036} INFO - Sync 1 DAGs
[2026-07-01T12:09:38.201+0000] {logging_mixin.py:188} INFO - [2026-07-01T12:09:38.200+0000] {dag.py:3823} INFO - Setting next_dagrun for example_bash_operator to 2026-06-30 00:00:00+00:00, run_after=2026-07-01 00:00:00+00:00
[2026-07-01T12:09:38.355+0000] {processor.py:183} INFO - Processing /home/airflow/.local/lib/python3.8/site-packages/airflow/example_dags/example_bash_operator.py took 0.412 seconds
[2026-07-01T12:10:09.095+0000] {processor.py:161} INFO - Started process (PID=230) to work on /home/airflow/.local/lib/python3.8/site-packages/airflow/example_dags/example_bash_operator.py
[2026-07-01T12:10:09.099+0000] {processor.py:830} INFO - Processing file /home/airflow/.local/lib/python3.8/site-packages/airflow/example_dags/example_bash_operator.py for tasks to queue
[2026-07-01T12:10:09.107+0000] {logging_mixin.py:188} INFO - [2026-07-01T12:10:09.106+0000] {dagbag.py:538} INFO - Filling up the DagBag from /home/airflow/.local/lib/python3.8/site-packages/airflow/example_dags/example_bash_operator.py
[2026-07-01T12:10:09.143+0000] {processor.py:840} INFO - DAG(s) 'example_bash_operator' retrieved from /home/airflow/.local/lib/python3.8/site-packages/airflow/example_dags/example_bash_operator.py
[2026-07-01T12:10:09.221+0000] {logging_mixin.py:188} INFO - [2026-07-01T12:10:09.220+0000] {dag.py:3036} INFO - Sync 1 DAGs
[2026-07-01T12:10:09.283+0000] {logging_mixin.py:188} INFO - [2026-07-01T12:10:09.282+0000] {dag.py:3823} INFO - Setting next_dagrun for example_bash_operator to 2026-06-30 00:00:00+00:00, run_after=2026-07-01 00:00:00+00:00
[2026-07-01T12:10:09.337+0000] {processor.py:183} INFO - Processing /home/airflow/.local/lib/python3.8/site-packages/airflow/example_dags/example_bash_operator.py took 0.255 seconds
[2026-07-01T12:10:39.951+0000] {processor.py:161} INFO - Started process (PID=286) to work on /home/airflow/.local/lib/python3.8/site-packages/airflow/example_dags/example_bash_operator.py
[2026-07-01T12:10:39.955+0000] {processor.py:830} INFO - Processing file /home/airflow/.local/lib/python3.8/site-packages/airflow/example_dags/example_bash_operator.py for tasks to queue
[2026-07-01T12:10:39.963+0000] {logging_mixin.py:188} INFO - [2026-07-01T12:10:39.961+0000] {dagbag.py:538} INFO - Filling up the DagBag from /home/airflow/.local/lib/python3.8/site-packages/airflow/example_dags/example_bash_operator.py
[2026-07-01T12:10:40.001+0000] {processor.py:840} INFO - DAG(s) 'example_bash_operator' retrieved from /home/airflow/.local/lib/python3.8/site-packages/airflow/example_dags/example_bash_operator.py
[2026-07-01T12:10:40.077+0000] {logging_mixin.py:188} INFO - [2026-07-01T12:10:40.076+0000] {dag.py:3036} INFO - Sync 1 DAGs
[2026-07-01T12:10:40.139+0000] {logging_mixin.py:188} INFO - [2026-07-01T12:10:40.139+0000] {dag.py:3823} INFO - Setting next_dagrun for example_bash_operator to 2026-06-30 00:00:00+00:00, run_after=2026-07-01 00:00:00+00:00
[2026-07-01T12:10:40.189+0000] {processor.py:183} INFO - Processing /home/airflow/.local/lib/python3.8/site-packages/airflow/example_dags/example_bash_operator.py took 0.251 seconds
[2026-07-01T12:11:10.316+0000] {processor.py:161} INFO - Started process (PID=348) to work on /home/airflow/.local/lib/python3.8/site-packages/airflow/example_dags/example_bash_operator.py
[2026-07-01T12:11:10.319+0000] {processor.py:830} INFO - Processing file /home/airflow/.local/lib/python3.8/site-packages/airflow/example_dags/example_bash_operator.py for tasks to queue
[2026-07-01T12:11:10.325+0000] {logging_mixin.py:188} INFO - [2026-07-01T12:11:10.324+0000] {dagbag.py:538} INFO - Filling up the DagBag from /home/airflow/.local/lib/python3.8/site-packages/airflow/example_dags/example_bash_operator.py
[2026-07-01T12:11:10.352+0000] {processor.py:840} INFO - DAG(s) 'example_bash_operator' retrieved from /home/airflow/.local/lib/python3.8/site-packages/airflow/example_dags/example_bash_operator.py
[2026-07-01T12:11:10.416+0000] {logging_mixin.py:188} INFO - [2026-07-01T12:11:10.416+0000] {dag.py:3036} INFO - Sync 1 DAGs
[2026-07-01T12:11:10.468+0000] {logging_mixin.py:188} INFO - [2026-07-01T12:11:10.467+0000] {dag.py:3823} INFO - Setting next_dagrun for example_bash_operator to 2026-06-30 00:00:00+00:00, run_after=2026-07-01 00:00:00+00:00
[2026-07-01T12:11:10.511+0000] {processor.py:183} INFO - Processing /home/airflow/.local/lib/python3.8/site-packages/airflow/example_dags/example_bash_operator.py took 0.203 seconds
[2026-07-01T12:11:40.842+0000] {processor.py:161} INFO - Started process (PID=403) to work on /home/airflow/.local/lib/python3.8/site-packages/airflow/example_dags/example_bash_operator.py
[2026-07-01T12:11:40.845+0000] {processor.py:830} INFO - Processing file /home/airflow/.local/lib/python3.8/site-packages/airflow/example_dags/example_bash_operator.py for tasks to queue
[2026-07-01T12:11:40.851+0000] {logging_mixin.py:188} INFO - [2026-07-01T12:11:40.850+0000] {dagbag.py:538} INFO - Filling up the DagBag from /home/airflow/.local/lib/python3.8/site-packages/airflow/example_dags/example_bash_operator.py
[2026-07-01T12:11:40.880+0000] {processor.py:840} INFO - DAG(s) 'example_bash_operator' retrieved from /home/airflow/.local/lib/python3.8/site-packages/airflow/example_dags/example_bash_operator.py
[2026-07-01T12:11:40.951+0000] {logging_mixin.py:188} INFO - [2026-07-01T12:11:40.951+0000] {dag.py:3036} INFO - Sync 1 DAGs
[2026-07-01T12:11:41.018+0000] {logging_mixin.py:188} INFO - [2026-07-01T12:11:41.017+0000] {dag.py:3823} INFO - Setting next_dagrun for example_bash_operator to 2026-06-30 00:00:00+00:00, run_after=2026-07-01 00:00:00+00:00
[2026-07-01T12:11:41.074+0000] {processor.py:183} INFO - Processing /home/airflow/.local/lib/python3.8/site-packages/airflow/example_dags/example_bash_operator.py took 0.241 seconds
[2026-07-01T12:12:11.618+0000] {processor.py:161} INFO - Started process (PID=459) to work on /home/airflow/.local/lib/python3.8/site-packages/airflow/example_dags/example_bash_operator.py
[2026-07-01T12:12:11.621+0000] {processor.py:830} INFO - Processing file /home/airflow/.local/lib/python3.8/site-packages/airflow/example_dags/example_bash_operator.py for tasks to queue
[2026-07-01T12:12:11.625+0000] {logging_mixin.py:188} INFO - [2026-07-01T12:12:11.625+0000] {dagbag.py:538} INFO - Filling up the DagBag from /home/airflow/.local/lib/python3.8/site-packages/airflow/example_dags/example_bash_operator.py
[2026-07-01T12:12:11.649+0000] {processor.py:840} INFO - DAG(s) 'example_bash_operator' retrieved from /home/airflow/.local/lib/python3.8/site-packages/airflow/example_dags/example_bash_operator.py
[2026-07-01T12:12:11.708+0000] {logging_mixin.py:188} INFO - [2026-07-01T12:12:11.708+0000] {dag.py:3036} INFO - Sync 1 DAGs
[2026-07-01T12:12:11.766+0000] {logging_mixin.py:188} INFO - [2026-07-01T12:12:11.765+0000] {dag.py:3823} INFO - Setting next_dagrun for example_bash_operator to 2026-06-30 00:00:00+00:00, run_after=2026-07-01 00:00:00+00:00
[2026-07-01T12:12:11.816+0000] {processor.py:183} INFO - Processing /home/airflow/.local/lib/python3.8/site-packages/airflow/example_dags/example_bash_operator.py took 0.207 seconds
[2026-07-01T12:12:42.317+0000] {processor.py:161} INFO - Started process (PID=515) to work on /home/airflow/.local/lib/python3.8/site-packages/airflow/example_dags/example_bash_operator.py
[2026-07-01T12:12:42.320+0000] {processor.py:830} INFO - Processing file /home/airflow/.local/lib/python3.8/site-packages/airflow/example_dags/example_bash_operator.py for tasks to queue
[2026-07-01T12:12:42.325+0000] {logging_mixin.py:188} INFO - [2026-07-01T12:12:42.324+0000] {dagbag.py:538} INFO - Filling up the DagBag from /home/airflow/.local/lib/python3.8/site-packages/airflow/example_dags/example_bash_operator.py
[2026-07-01T12:12:42.353+0000] {processor.py:840} INFO - DAG(s) 'example_bash_operator' retrieved from /home/airflow/.local/lib/python3.8/site-packages/airflow/example_dags/example_bash_operator.py
[2026-07-01T12:12:42.422+0000] {logging_mixin.py:188} INFO - [2026-07-01T12:12:42.421+0000] {dag.py:3036} INFO - Sync 1 DAGs
[2026-07-01T12:12:42.478+0000] {logging_mixin.py:188} INFO - [2026-07-01T12:12:42.477+0000] {dag.py:3823} INFO - Setting next_dagrun for example_bash_operator to 2026-06-30 00:00:00+00:00, run_after=2026-07-01 00:00:00+00:00
[2026-07-01T12:12:42.521+0000] {processor.py:183} INFO - Processing /home/airflow/.local/lib/python3.8/site-packages/airflow/example_dags/example_bash_operator.py took 0.213 seconds
[2026-07-01T12:13:13.041+0000] {processor.py:161} INFO - Started process (PID=571) to work on /home/airflow/.local/lib/python3.8/site-packages/airflow/example_dags/example_bash_operator.py
[2026-07-01T12:13:13.044+0000] {processor.py:830} INFO - Processing file /home/airflow/.local/lib/python3.8/site-packages/airflow/example_dags/example_bash_operator.py for tasks to queue
[2026-07-01T12:13:13.051+0000] {logging_mixin.py:188} INFO - [2026-07-01T12:13:13.050+0000] {dagbag.py:538} INFO - Filling up the DagBag from /home/airflow/.local/lib/python3.8/site-packages/airflow/example_dags/example_bash_operator.py
[2026-07-01T12:13:13.085+0000] {processor.py:840} INFO - DAG(s) 'example_bash_operator' retrieved from /home/airflow/.local/lib/python3.8/site-packages/airflow/example_dags/example_bash_operator.py
[2026-07-01T12:13:13.165+0000] {logging_mixin.py:188} INFO - [2026-07-01T12:13:13.165+0000] {dag.py:3036} INFO - Sync 1 DAGs
[2026-07-01T12:13:13.229+0000] {logging_mixin.py:188} INFO - [2026-07-01T12:13:13.228+0000] {dag.py:3823} INFO - Setting next_dagrun for example_bash_operator to 2026-06-30 00:00:00+00:00, run_after=2026-07-01 00:00:00+00:00
[2026-07-01T12:13:13.283+0000] {processor.py:183} INFO - Processing /home/airflow/.local/lib/python3.8/site-packages/airflow/example_dags/example_bash_operator.py took 0.251 seconds
[2026-07-01T12:13:43.774+0000] {processor.py:161} INFO - Started process (PID=627) to work on /home/airflow/.local/lib/python3.8/site-packages/airflow/example_dags/example_bash_operator.py
[2026-07-01T12:13:43.777+0000] {processor.py:830} INFO - Processing file /home/airflow/.local/lib/python3.8/site-packages/airflow/example_dags/example_bash_operator.py for tasks to queue
[2026-07-01T12:13:43.784+0000] {logging_mixin.py:188} INFO - [2026-07-01T12:13:43.783+0000] {dagbag.py:538} INFO - Filling up the DagBag from /home/airflow/.local/lib/python3.8/site-packages/airflow/example_dags/example_bash_operator.py
[2026-07-01T12:13:43.812+0000] {processor.py:840} INFO - DAG(s) 'example_bash_operator' retrieved from /home/airflow/.local/lib/python3.8/site-packages/airflow/example_dags/example_bash_operator.py
[2026-07-01T12:13:43.890+0000] {logging_mixin.py:188} INFO - [2026-07-01T12:13:43.889+0000] {dag.py:3036} INFO - Sync 1 DAGs
[2026-07-01T12:13:43.973+0000] {logging_mixin.py:188} INFO - [2026-07-01T12:13:43.972+0000] {dag.py:3823} INFO - Setting next_dagrun for example_bash_operator to 2026-06-30 00:00:00+00:00, run_after=2026-07-01 00:00:00+00:00
[2026-07-01T12:13:44.029+0000] {processor.py:183} INFO - Processing /home/airflow/.local/lib/python3.8/site-packages/airflow/example_dags/example_bash_operator.py took 0.264 seconds
[2026-07-01T12:14:14.760+0000] {processor.py:161} INFO - Started process (PID=683) to work on /home/airflow/.local/lib/python3.8/site-packages/airflow/example_dags/example_bash_operator.py
[2026-07-01T12:14:14.774+0000] {processor.py:830} INFO - Processing file /home/airflow/.local/lib/python3.8/site-packages/airflow/example_dags/example_bash_operator.py for tasks to queue
[2026-07-01T12:14:14.786+0000] {logging_mixin.py:188} INFO - [2026-07-01T12:14:14.785+0000] {dagbag.py:538} INFO - Filling up the DagBag from /home/airflow/.local/lib/python3.8/site-packages/airflow/example_dags/example_bash_operator.py
[2026-07-01T12:14:14.868+0000] {processor.py:840} INFO - DAG(s) 'example_bash_operator' retrieved from /home/airflow/.local/lib/python3.8/site-packages/airflow/example_dags/example_bash_operator.py
[2026-07-01T12:14:15.002+0000] {logging_mixin.py:188} INFO - [2026-07-01T12:14:15.002+0000] {dag.py:3036} INFO - Sync 1 DAGs
[2026-07-01T12:14:15.084+0000] {logging_mixin.py:188} INFO - [2026-07-01T12:14:15.083+0000] {dag.py:3823} INFO - Setting next_dagrun for example_bash_operator to 2026-06-30 00:00:00+00:00, run_after=2026-07-01 00:00:00+00:00
[2026-07-01T12:14:15.143+0000] {processor.py:183} INFO - Processing /home/airflow/.local/lib/python3.8/site-packages/airflow/example_dags/example_bash_operator.py took 0.403 seconds
[2026-07-01T12:14:45.594+0000] {processor.py:161} INFO - Started process (PID=739) to work on /home/airflow/.local/lib/python3.8/site-packages/airflow/example_dags/example_bash_operator.py
[2026-07-01T12:14:45.597+0000] {processor.py:830} INFO - Processing file /home/airflow/.local/lib/python3.8/site-packages/airflow/example_dags/example_bash_operator.py for tasks to queue
[2026-07-01T12:14:45.602+0000] {logging_mixin.py:188} INFO - [2026-07-01T12:14:45.602+0000] {dagbag.py:538} INFO - Filling up the DagBag from /home/airflow/.local/lib/python3.8/site-packages/airflow/example_dags/example_bash_operator.py
[2026-07-01T12:14:45.629+0000] {processor.py:840} INFO - DAG(s) 'example_bash_operator' retrieved from /home/airflow/.local/lib/python3.8/site-packages/airflow/example_dags/example_bash_operator.py
[2026-07-01T12:14:45.704+0000] {logging_mixin.py:188} INFO - [2026-07-01T12:14:45.703+0000] {dag.py:3036} INFO - Sync 1 DAGs
[2026-07-01T12:14:45.760+0000] {logging_mixin.py:188} INFO - [2026-07-01T12:14:45.760+0000] {dag.py:3823} INFO - Setting next_dagrun for example_bash_operator to 2026-06-30 00:00:00+00:00, run_after=2026-07-01 00:00:00+00:00
[2026-07-01T12:14:45.808+0000] {processor.py:183} INFO - Processing /home/airflow/.local/lib/python3.8/site-packages/airflow/example_dags/example_bash_operator.py took 0.222 seconds
[2026-07-01T12:15:16.155+0000] {processor.py:161} INFO - Started process (PID=796) to work on /home/airflow/.local/lib/python3.8/site-packages/airflow/example_dags/example_bash_operator.py
[2026-07-01T12:15:16.158+0000] {processor.py:830} INFO - Processing file /home/airflow/.local/lib/python3.8/site-packages/airflow/example_dags/example_bash_operator.py for tasks to queue
[2026-07-01T12:15:16.163+0000] {logging_mixin.py:188} INFO - [2026-07-01T12:15:16.163+0000] {dagbag.py:538} INFO - Filling up the DagBag from /home/airflow/.local/lib/python3.8/site-packages/airflow/example_dags/example_bash_operator.py
[2026-07-01T12:15:16.192+0000] {processor.py:840} INFO - DAG(s) 'example_bash_operator' retrieved from /home/airflow/.local/lib/python3.8/site-packages/airflow/example_dags/example_bash_operator.py
[2026-07-01T12:15:16.258+0000] {logging_mixin.py:188} INFO - [2026-07-01T12:15:16.258+0000] {dag.py:3036} INFO - Sync 1 DAGs
[2026-07-01T12:15:16.315+0000] {logging_mixin.py:188} INFO - [2026-07-01T12:15:16.315+0000] {dag.py:3823} INFO - Setting next_dagrun for example_bash_operator to 2026-06-30 00:00:00+00:00, run_after=2026-07-01 00:00:00+00:00
[2026-07-01T12:15:16.363+0000] {processor.py:183} INFO - Processing /home/airflow/.local/lib/python3.8/site-packages/airflow/example_dags/example_bash_operator.py took 0.216 seconds
[2026-07-01T12:15:47.190+0000] {processor.py:161} INFO - Started process (PID=852) to work on /home/airflow/.local/lib/python3.8/site-packages/airflow/example_dags/example_bash_operator.py
[2026-07-01T12:15:47.193+0000] {processor.py:830} INFO - Processing file /home/airflow/.local/lib/python3.8/site-packages/airflow/example_dags/example_bash_operator.py for tasks to queue
[2026-07-01T12:15:47.199+0000] {logging_mixin.py:188} INFO - [2026-07-01T12:15:47.198+0000] {dagbag.py:538} INFO - Filling up the DagBag from /home/airflow/.local/lib/python3.8/site-packages/airflow/example_dags/example_bash_operator.py
[2026-07-01T12:15:47.231+0000] {processor.py:840} INFO - DAG(s) 'example_bash_operator' retrieved from /home/airflow/.local/lib/python3.8/site-packages/airflow/example_dags/example_bash_operator.py
[2026-07-01T12:15:47.304+0000] {logging_mixin.py:188} INFO - [2026-07-01T12:15:47.303+0000] {dag.py:3036} INFO - Sync 1 DAGs
[2026-07-01T12:15:47.358+0000] {logging_mixin.py:188} INFO - [2026-07-01T12:15:47.358+0000] {dag.py:3823} INFO - Setting next_dagrun for example_bash_operator to 2026-06-30 00:00:00+00:00, run_after=2026-07-01 00:00:00+00:00
[2026-07-01T12:15:47.413+0000] {processor.py:183} INFO - Processing /home/airflow/.local/lib/python3.8/site-packages/airflow/example_dags/example_bash_operator.py took 0.235 seconds
[2026-07-01T12:16:17.859+0000] {processor.py:161} INFO - Started process (PID=908) to work on /home/airflow/.local/lib/python3.8/site-packages/airflow/example_dags/example_bash_operator.py
[2026-07-01T12:16:17.862+0000] {processor.py:830} INFO - Processing file /home/airflow/.local/lib/python3.8/site-packages/airflow/example_dags/example_bash_operator.py for tasks to queue
[2026-07-01T12:16:17.867+0000] {logging_mixin.py:188} INFO - [2026-07-01T12:16:17.866+0000] {dagbag.py:538} INFO - Filling up the DagBag from /home/airflow/.local/lib/python3.8/site-packages/airflow/example_dags/example_bash_operator.py
[2026-07-01T12:16:17.893+0000] {processor.py:840} INFO - DAG(s) 'example_bash_operator' retrieved from /home/airflow/.local/lib/python3.8/site-packages/airflow/example_dags/example_bash_operator.py
[2026-07-01T12:16:17.959+0000] {logging_mixin.py:188} INFO - [2026-07-01T12:16:17.959+0000] {dag.py:3036} INFO - Sync 1 DAGs
[2026-07-01T12:16:18.015+0000] {logging_mixin.py:188} INFO - [2026-07-01T12:16:18.014+0000] {dag.py:3823} INFO - Setting next_dagrun for example_bash_operator to 2026-06-30 00:00:00+00:00, run_after=2026-07-01 00:00:00+00:00
[2026-07-01T12:16:18.058+0000] {processor.py:183} INFO - Processing /home/airflow/.local/lib/python3.8/site-packages/airflow/example_dags/example_bash_operator.py took 0.207 seconds
[2026-07-01T12:16:48.432+0000] {processor.py:161} INFO - Started process (PID=964) to work on /home/airflow/.local/lib/python3.8/site-packages/airflow/example_dags/example_bash_operator.py
[2026-07-01T12:16:48.436+0000] {processor.py:830} INFO - Processing file /home/airflow/.local/lib/python3.8/site-packages/airflow/example_dags/example_bash_operator.py for tasks to queue
[2026-07-01T12:16:48.444+0000] {logging_mixin.py:188} INFO - [2026-07-01T12:16:48.443+0000] {dagbag.py:538} INFO - Filling up the DagBag from /home/airflow/.local/lib/python3.8/site-packages/airflow/example_dags/example_bash_operator.py
[2026-07-01T12:16:48.481+0000] {processor.py:840} INFO - DAG(s) 'example_bash_operator' retrieved from /home/airflow/.local/lib/python3.8/site-packages/airflow/example_dags/example_bash_operator.py
[2026-07-01T12:16:48.549+0000] {logging_mixin.py:188} INFO - [2026-07-01T12:16:48.548+0000] {dag.py:3036} INFO - Sync 1 DAGs
[2026-07-01T12:16:48.607+0000] {logging_mixin.py:188} INFO - [2026-07-01T12:16:48.607+0000] {dag.py:3823} INFO - Setting next_dagrun for example_bash_operator to 2026-06-30 00:00:00+00:00, run_after=2026-07-01 00:00:00+00:00
[2026-07-01T12:16:48.650+0000] {processor.py:183} INFO - Processing /home/airflow/.local/lib/python3.8/site-packages/airflow/example_dags/example_bash_operator.py took 0.230 seconds
[2026-07-01T12:17:19.688+0000] {processor.py:161} INFO - Started process (PID=1020) to work on /home/airflow/.local/lib/python3.8/site-packages/airflow/example_dags/example_bash_operator.py
[2026-07-01T12:17:19.693+0000] {processor.py:830} INFO - Processing file /home/airflow/.local/lib/python3.8/site-packages/airflow/example_dags/example_bash_operator.py for tasks to queue
[2026-07-01T12:17:19.701+0000] {logging_mixin.py:188} INFO - [2026-07-01T12:17:19.699+0000] {dagbag.py:538} INFO - Filling up the DagBag from /home/airflow/.local/lib/python3.8/site-packages/airflow/example_dags/example_bash_operator.py
[2026-07-01T12:17:19.801+0000] {processor.py:840} INFO - DAG(s) 'example_bash_operator' retrieved from /home/airflow/.local/lib/python3.8/site-packages/airflow/example_dags/example_bash_operator.py
[2026-07-01T12:17:19.976+0000] {logging_mixin.py:188} INFO - [2026-07-01T12:17:19.975+0000] {dag.py:3036} INFO - Sync 1 DAGs
[2026-07-01T12:17:20.144+0000] {logging_mixin.py:188} INFO - [2026-07-01T12:17:20.143+0000] {dag.py:3823} INFO - Setting next_dagrun for example_bash_operator to 2026-06-30 00:00:00+00:00, run_after=2026-07-01 00:00:00+00:00
[2026-07-01T12:17:20.250+0000] {processor.py:183} INFO - Processing /home/airflow/.local/lib/python3.8/site-packages/airflow/example_dags/example_bash_operator.py took 0.573 seconds
[2026-07-01T12:17:51.010+0000] {processor.py:161} INFO - Started process (PID=1076) to work on /home/airflow/.local/lib/python3.8/site-packages/airflow/example_dags/example_bash_operator.py
[2026-07-01T12:17:51.013+0000] {processor.py:830} INFO - Processing file /home/airflow/.local/lib/python3.8/site-packages/airflow/example_dags/example_bash_operator.py for tasks to queue
[2026-07-01T12:17:51.018+0000] {logging_mixin.py:188} INFO - [2026-07-01T12:17:51.017+0000] {dagbag.py:538} INFO - Filling up the DagBag from /home/airflow/.local/lib/python3.8/site-packages/airflow/example_dags/example_bash_operator.py
[2026-07-01T12:17:51.045+0000] {processor.py:840} INFO - DAG(s) 'example_bash_operator' retrieved from /home/airflow/.local/lib/python3.8/site-packages/airflow/example_dags/example_bash_operator.py
[2026-07-01T12:17:51.117+0000] {logging_mixin.py:188} INFO - [2026-07-01T12:17:51.116+0000] {dag.py:3036} INFO - Sync 1 DAGs
[2026-07-01T12:17:51.177+0000] {logging_mixin.py:188} INFO - [2026-07-01T12:17:51.176+0000] {dag.py:3823} INFO - Setting next_dagrun for example_bash_operator to 2026-06-30 00:00:00+00:00, run_after=2026-07-01 00:00:00+00:00
[2026-07-01T12:17:51.223+0000] {processor.py:183} INFO - Processing /home/airflow/.local/lib/python3.8/site-packages/airflow/example_dags/example_bash_operator.py took 0.221 seconds
[2026-07-01T12:18:24.213+0000] {processor.py:161} INFO - Started process (PID=1132) to work on /home/airflow/.local/lib/python3.8/site-packages/airflow/example_dags/example_bash_operator.py
[2026-07-01T12:18:24.229+0000] {processor.py:830} INFO - Processing file /home/airflow/.local/lib/python3.8/site-packages/airflow/example_dags/example_bash_operator.py for tasks to queue
[2026-07-01T12:18:24.246+0000] {logging_mixin.py:188} INFO - [2026-07-01T12:18:24.245+0000] {dagbag.py:538} INFO - Filling up the DagBag from /home/airflow/.local/lib/python3.8/site-packages/airflow/example_dags/example_bash_operator.py
[2026-07-01T12:18:24.315+0000] {processor.py:840} INFO - DAG(s) 'example_bash_operator' retrieved from /home/airflow/.local/lib/python3.8/site-packages/airflow/example_dags/example_bash_operator.py
[2026-07-01T12:18:24.466+0000] {logging_mixin.py:188} INFO - [2026-07-01T12:18:24.465+0000] {dag.py:3036} INFO - Sync 1 DAGs
[2026-07-01T12:18:24.559+0000] {logging_mixin.py:188} INFO - [2026-07-01T12:18:24.558+0000] {dag.py:3823} INFO - Setting next_dagrun for example_bash_operator to 2026-06-30 00:00:00+00:00, run_after=2026-07-01 00:00:00+00:00
[2026-07-01T12:18:24.649+0000] {processor.py:183} INFO - Processing /home/airflow/.local/lib/python3.8/site-packages/airflow/example_dags/example_bash_operator.py took 0.458 seconds
[2026-07-01T12:18:55.272+0000] {processor.py:161} INFO - Started process (PID=1188) to work on /home/airflow/.local/lib/python3.8/site-packages/airflow/example_dags/example_bash_operator.py
[2026-07-01T12:18:55.275+0000] {processor.py:830} INFO - Processing file /home/airflow/.local/lib/python3.8/site-packages/airflow/example_dags/example_bash_operator.py for tasks to queue
[2026-07-01T12:18:55.280+0000] {logging_mixin.py:188} INFO - [2026-07-01T12:18:55.279+0000] {dagbag.py:538} INFO - Filling up the DagBag from /home/airflow/.local/lib/python3.8/site-packages/airflow/example_dags/example_bash_operator.py
[2026-07-01T12:18:55.306+0000] {processor.py:840} INFO - DAG(s) 'example_bash_operator' retrieved from /home/airflow/.local/lib/python3.8/site-packages/airflow/example_dags/example_bash_operator.py
[2026-07-01T12:18:55.395+0000] {logging_mixin.py:188} INFO - [2026-07-01T12:18:55.394+0000] {dag.py:3036} INFO - Sync 1 DAGs
[2026-07-01T12:18:55.458+0000] {logging_mixin.py:188} INFO - [2026-07-01T12:18:55.457+0000] {dag.py:3823} INFO - Setting next_dagrun for example_bash_operator to 2026-06-30 00:00:00+00:00, run_after=2026-07-01 00:00:00+00:00
[2026-07-01T12:18:55.506+0000] {processor.py:183} INFO - Processing /home/airflow/.local/lib/python3.8/site-packages/airflow/example_dags/example_bash_operator.py took 0.241 seconds
[2026-07-01T12:19:26.089+0000] {processor.py:161} INFO - Started process (PID=1244) to work on /home/airflow/.local/lib/python3.8/site-packages/airflow/example_dags/example_bash_operator.py
[2026-07-01T12:19:26.092+0000] {processor.py:830} INFO - Processing file /home/airflow/.local/lib/python3.8/site-packages/airflow/example_dags/example_bash_operator.py for tasks to queue
[2026-07-01T12:19:26.099+0000] {logging_mixin.py:188} INFO - [2026-07-01T12:19:26.098+0000] {dagbag.py:538} INFO - Filling up the DagBag from /home/airflow/.local/lib/python3.8/site-packages/airflow/example_dags/example_bash_operator.py
[2026-07-01T12:19:26.129+0000] {processor.py:840} INFO - DAG(s) 'example_bash_operator' retrieved from /home/airflow/.local/lib/python3.8/site-packages/airflow/example_dags/example_bash_operator.py
[2026-07-01T12:19:26.253+0000] {logging_mixin.py:188} INFO - [2026-07-01T12:19:26.252+0000] {dag.py:3036} INFO - Sync 1 DAGs
[2026-07-01T12:19:26.342+0000] {logging_mixin.py:188} INFO - [2026-07-01T12:19:26.342+0000] {dag.py:3823} INFO - Setting next_dagrun for example_bash_operator to 2026-06-30 00:00:00+00:00, run_after=2026-07-01 00:00:00+00:00
[2026-07-01T12:19:26.385+0000] {processor.py:183} INFO - Processing /home/airflow/.local/lib/python3.8/site-packages/airflow/example_dags/example_bash_operator.py took 0.304 seconds
[2026-07-01T12:19:59.211+0000] {processor.py:161} INFO - Started process (PID=1300) to work on /home/airflow/.local/lib/python3.8/site-packages/airflow/example_dags/example_bash_operator.py
[2026-07-01T12:19:59.215+0000] {processor.py:830} INFO - Processing file /home/airflow/.local/lib/python3.8/site-packages/airflow/example_dags/example_bash_operator.py for tasks to queue
[2026-07-01T12:19:59.222+0000] {logging_mixin.py:188} INFO - [2026-07-01T12:19:59.221+0000] {dagbag.py:538} INFO - Filling up the DagBag from /home/airflow/.local/lib/python3.8/site-packages/airflow/example_dags/example_bash_operator.py
[2026-07-01T12:19:59.275+0000] {processor.py:840} INFO - DAG(s) 'example_bash_operator' retrieved from /home/airflow/.local/lib/python3.8/site-packages/airflow/example_dags/example_bash_operator.py
[2026-07-01T12:19:59.721+0000] {logging_mixin.py:188} INFO - [2026-07-01T12:19:59.719+0000] {dag.py:3036} INFO - Sync 1 DAGs
[2026-07-01T12:19:59.864+0000] {logging_mixin.py:188} INFO - [2026-07-01T12:19:59.863+0000] {dag.py:3823} INFO - Setting next_dagrun for example_bash_operator to 2026-06-30 00:00:00+00:00, run_after=2026-07-01 00:00:00+00:00
[2026-07-01T12:20:00.036+0000] {processor.py:183} INFO - Processing /home/airflow/.local/lib/python3.8/site-packages/airflow/example_dags/example_bash_operator.py took 0.836 seconds
[2026-07-01T12:20:35.164+0000] {processor.py:161} INFO - Started process (PID=1361) to work on /home/airflow/.local/lib/python3.8/site-packages/airflow/example_dags/example_bash_operator.py
[2026-07-01T12:20:35.168+0000] {processor.py:830} INFO - Processing file /home/airflow/.local/lib/python3.8/site-packages/airflow/example_dags/example_bash_operator.py for tasks to queue
[2026-07-01T12:20:35.181+0000] {logging_mixin.py:188} INFO - [2026-07-01T12:20:35.180+0000] {dagbag.py:538} INFO - Filling up the DagBag from /home/airflow/.local/lib/python3.8/site-packages/airflow/example_dags/example_bash_operator.py
[2026-07-01T12:20:35.247+0000] {processor.py:840} INFO - DAG(s) 'example_bash_operator' retrieved from /home/airflow/.local/lib/python3.8/site-packages/airflow/example_dags/example_bash_operator.py
[2026-07-01T12:20:35.407+0000] {logging_mixin.py:188} INFO - [2026-07-01T12:20:35.406+0000] {dag.py:3036} INFO - Sync 1 DAGs
[2026-07-01T12:20:35.550+0000] {logging_mixin.py:188} INFO - [2026-07-01T12:20:35.550+0000] {dag.py:3823} INFO - Setting next_dagrun for example_bash_operator to 2026-06-30 00:00:00+00:00, run_after=2026-07-01 00:00:00+00:00
[2026-07-01T12:20:35.641+0000] {processor.py:183} INFO - Processing /home/airflow/.local/lib/python3.8/site-packages/airflow/example_dags/example_bash_operator.py took 0.534 seconds
[2026-07-01T12:21:06.494+0000] {processor.py:161} INFO - Started process (PID=1417) to work on /home/airflow/.local/lib/python3.8/site-packages/airflow/example_dags/example_bash_operator.py
[2026-07-01T12:21:06.499+0000] {processor.py:830} INFO - Processing file /home/airflow/.local/lib/python3.8/site-packages/airflow/example_dags/example_bash_operator.py for tasks to queue
[2026-07-01T12:21:06.506+0000] {logging_mixin.py:188} INFO - [2026-07-01T12:21:06.506+0000] {dagbag.py:538} INFO - Filling up the DagBag from /home/airflow/.local/lib/python3.8/site-packages/airflow/example_dags/example_bash_operator.py
[2026-07-01T12:21:06.543+0000] {processor.py:840} INFO - DAG(s) 'example_bash_operator' retrieved from /home/airflow/.local/lib/python3.8/site-packages/airflow/example_dags/example_bash_operator.py
[2026-07-01T12:21:06.621+0000] {logging_mixin.py:188} INFO - [2026-07-01T12:21:06.621+0000] {dag.py:3036} INFO - Sync 1 DAGs
[2026-07-01T12:21:06.686+0000] {logging_mixin.py:188} INFO - [2026-07-01T12:21:06.685+0000] {dag.py:3823} INFO - Setting next_dagrun for example_bash_operator to 2026-06-30 00:00:00+00:00, run_after=2026-07-01 00:00:00+00:00
[2026-07-01T12:21:06.736+0000] {processor.py:183} INFO - Processing /home/airflow/.local/lib/python3.8/site-packages/airflow/example_dags/example_bash_operator.py took 0.255 seconds
[2026-07-01T12:21:36.837+0000] {processor.py:161} INFO - Started process (PID=1473) to work on /home/airflow/.local/lib/python3.8/site-packages/airflow/example_dags/example_bash_operator.py
[2026-07-01T12:21:36.841+0000] {processor.py:830} INFO - Processing file /home/airflow/.local/lib/python3.8/site-packages/airflow/example_dags/example_bash_operator.py for tasks to queue
[2026-07-01T12:21:36.847+0000] {logging_mixin.py:188} INFO - [2026-07-01T12:21:36.846+0000] {dagbag.py:538} INFO - Filling up the DagBag from /home/airflow/.local/lib/python3.8/site-packages/airflow/example_dags/example_bash_operator.py
[2026-07-01T12:21:36.879+0000] {processor.py:840} INFO - DAG(s) 'example_bash_operator' retrieved from /home/airflow/.local/lib/python3.8/site-packages/airflow/example_dags/example_bash_operator.py
[2026-07-01T12:21:36.990+0000] {logging_mixin.py:188} INFO - [2026-07-01T12:21:36.989+0000] {dag.py:3036} INFO - Sync 1 DAGs
[2026-07-01T12:21:37.077+0000] {logging_mixin.py:188} INFO - [2026-07-01T12:21:37.075+0000] {dag.py:3823} INFO - Setting next_dagrun for example_bash_operator to 2026-06-30 00:00:00+00:00, run_after=2026-07-01 00:00:00+00:00
[2026-07-01T12:21:37.147+0000] {processor.py:183} INFO - Processing /home/airflow/.local/lib/python3.8/site-packages/airflow/example_dags/example_bash_operator.py took 0.318 seconds
[2026-07-01T12:22:07.351+0000] {processor.py:161} INFO - Started process (PID=1529) to work on /home/airflow/.local/lib/python3.8/site-packages/airflow/example_dags/example_bash_operator.py
[2026-07-01T12:22:07.354+0000] {processor.py:830} INFO - Processing file /home/airflow/.local/lib/python3.8/site-packages/airflow/example_dags/example_bash_operator.py for tasks to queue
[2026-07-01T12:22:07.359+0000] {logging_mixin.py:188} INFO - [2026-07-01T12:22:07.358+0000] {dagbag.py:538} INFO - Filling up the DagBag from /home/airflow/.local/lib/python3.8/site-packages/airflow/example_dags/example_bash_operator.py
[2026-07-01T12:22:07.385+0000] {processor.py:840} INFO - DAG(s) 'example_bash_operator' retrieved from /home/airflow/.local/lib/python3.8/site-packages/airflow/example_dags/example_bash_operator.py
[2026-07-01T12:22:07.447+0000] {logging_mixin.py:188} INFO - [2026-07-01T12:22:07.447+0000] {dag.py:3036} INFO - Sync 1 DAGs
[2026-07-01T12:22:07.496+0000] {logging_mixin.py:188} INFO - [2026-07-01T12:22:07.496+0000] {dag.py:3823} INFO - Setting next_dagrun for example_bash_operator to 2026-06-30 00:00:00+00:00, run_after=2026-07-01 00:00:00+00:00
[2026-07-01T12:22:07.538+0000] {processor.py:183} INFO - Processing /home/airflow/.local/lib/python3.8/site-packages/airflow/example_dags/example_bash_operator.py took 0.195 seconds
[2026-07-01T12:22:37.853+0000] {processor.py:161} INFO - Started process (PID=1585) to work on /home/airflow/.local/lib/python3.8/site-packages/airflow/example_dags/example_bash_operator.py
[2026-07-01T12:22:37.859+0000] {processor.py:830} INFO - Processing file /home/airflow/.local/lib/python3.8/site-packages/airflow/example_dags/example_bash_operator.py for tasks to queue
[2026-07-01T12:22:37.866+0000] {logging_mixin.py:188} INFO - [2026-07-01T12:22:37.865+0000] {dagbag.py:538} INFO - Filling up the DagBag from /home/airflow/.local/lib/python3.8/site-packages/airflow/example_dags/example_bash_operator.py
[2026-07-01T12:22:37.908+0000] {processor.py:840} INFO - DAG(s) 'example_bash_operator' retrieved from /home/airflow/.local/lib/python3.8/site-packages/airflow/example_dags/example_bash_operator.py
[2026-07-01T12:22:37.994+0000] {logging_mixin.py:188} INFO - [2026-07-01T12:22:37.993+0000] {dag.py:3036} INFO - Sync 1 DAGs
[2026-07-01T12:22:38.068+0000] {logging_mixin.py:188} INFO - [2026-07-01T12:22:38.067+0000] {dag.py:3823} INFO - Setting next_dagrun for example_bash_operator to 2026-06-30 00:00:00+00:00, run_after=2026-07-01 00:00:00+00:00
[2026-07-01T12:22:38.123+0000] {processor.py:183} INFO - Processing /home/airflow/.local/lib/python3.8/site-packages/airflow/example_dags/example_bash_operator.py took 0.282 seconds
[2026-07-01T12:23:08.524+0000] {processor.py:161} INFO - Started process (PID=1641) to work on /home/airflow/.local/lib/python3.8/site-packages/airflow/example_dags/example_bash_operator.py
[2026-07-01T12:23:08.527+0000] {processor.py:830} INFO - Processing file /home/airflow/.local/lib/python3.8/site-packages/airflow/example_dags/example_bash_operator.py for tasks to queue
[2026-07-01T12:23:08.532+0000] {logging_mixin.py:188} INFO - [2026-07-01T12:23:08.531+0000] {dagbag.py:538} INFO - Filling up the DagBag from /home/airflow/.local/lib/python3.8/site-packages/airflow/example_dags/example_bash_operator.py
[2026-07-01T12:23:08.561+0000] {processor.py:840} INFO - DAG(s) 'example_bash_operator' retrieved from /home/airflow/.local/lib/python3.8/site-packages/airflow/example_dags/example_bash_operator.py
[2026-07-01T12:23:08.632+0000] {logging_mixin.py:188} INFO - [2026-07-01T12:23:08.631+0000] {dag.py:3036} INFO - Sync 1 DAGs
[2026-07-01T12:23:08.682+0000] {logging_mixin.py:188} INFO - [2026-07-01T12:23:08.681+0000] {dag.py:3823} INFO - Setting next_dagrun for example_bash_operator to 2026-06-30 00:00:00+00:00, run_after=2026-07-01 00:00:00+00:00
[2026-07-01T12:23:08.726+0000] {processor.py:183} INFO - Processing /home/airflow/.local/lib/python3.8/site-packages/airflow/example_dags/example_bash_operator.py took 0.208 seconds
[2026-07-01T12:23:39.263+0000] {processor.py:161} INFO - Started process (PID=1697) to work on /home/airflow/.local/lib/python3.8/site-packages/airflow/example_dags/example_bash_operator.py
[2026-07-01T12:23:39.272+0000] {processor.py:830} INFO - Processing file /home/airflow/.local/lib/python3.8/site-packages/airflow/example_dags/example_bash_operator.py for tasks to queue
[2026-07-01T12:23:39.278+0000] {logging_mixin.py:188} INFO - [2026-07-01T12:23:39.277+0000] {dagbag.py:538} INFO - Filling up the DagBag from /home/airflow/.local/lib/python3.8/site-packages/airflow/example_dags/example_bash_operator.py
[2026-07-01T12:23:39.314+0000] {processor.py:840} INFO - DAG(s) 'example_bash_operator' retrieved from /home/airflow/.local/lib/python3.8/site-packages/airflow/example_dags/example_bash_operator.py
[2026-07-01T12:23:39.393+0000] {logging_mixin.py:188} INFO - [2026-07-01T12:23:39.392+0000] {dag.py:3036} INFO - Sync 1 DAGs
[2026-07-01T12:23:39.454+0000] {logging_mixin.py:188} INFO - [2026-07-01T12:23:39.454+0000] {dag.py:3823} INFO - Setting next_dagrun for example_bash_operator to 2026-06-30 00:00:00+00:00, run_after=2026-07-01 00:00:00+00:00
[2026-07-01T12:23:39.514+0000] {processor.py:183} INFO - Processing /home/airflow/.local/lib/python3.8/site-packages/airflow/example_dags/example_bash_operator.py took 0.261 seconds
[2026-07-01T12:24:09.891+0000] {processor.py:161} INFO - Started process (PID=1753) to work on /home/airflow/.local/lib/python3.8/site-packages/airflow/example_dags/example_bash_operator.py
[2026-07-01T12:24:09.894+0000] {processor.py:830} INFO - Processing file /home/airflow/.local/lib/python3.8/site-packages/airflow/example_dags/example_bash_operator.py for tasks to queue
[2026-07-01T12:24:09.901+0000] {logging_mixin.py:188} INFO - [2026-07-01T12:24:09.900+0000] {dagbag.py:538} INFO - Filling up the DagBag from /home/airflow/.local/lib/python3.8/site-packages/airflow/example_dags/example_bash_operator.py
[2026-07-01T12:24:09.942+0000] {processor.py:840} INFO - DAG(s) 'example_bash_operator' retrieved from /home/airflow/.local/lib/python3.8/site-packages/airflow/example_dags/example_bash_operator.py
[2026-07-01T12:24:10.028+0000] {logging_mixin.py:188} INFO - [2026-07-01T12:24:10.027+0000] {dag.py:3036} INFO - Sync 1 DAGs
[2026-07-01T12:24:10.097+0000] {logging_mixin.py:188} INFO - [2026-07-01T12:24:10.097+0000] {dag.py:3823} INFO - Setting next_dagrun for example_bash_operator to 2026-06-30 00:00:00+00:00, run_after=2026-07-01 00:00:00+00:00
[2026-07-01T12:24:10.147+0000] {processor.py:183} INFO - Processing /home/airflow/.local/lib/python3.8/site-packages/airflow/example_dags/example_bash_operator.py took 0.267 seconds
[2026-07-01T12:24:40.209+0000] {processor.py:161} INFO - Started process (PID=1809) to work on /home/airflow/.local/lib/python3.8/site-packages/airflow/example_dags/example_bash_operator.py
[2026-07-01T12:24:40.213+0000] {processor.py:830} INFO - Processing file /home/airflow/.local/lib/python3.8/site-packages/airflow/example_dags/example_bash_operator.py for tasks to queue
[2026-07-01T12:24:40.219+0000] {logging_mixin.py:188} INFO - [2026-07-01T12:24:40.218+0000] {dagbag.py:538} INFO - Filling up the DagBag from /home/airflow/.local/lib/python3.8/site-packages/airflow/example_dags/example_bash_operator.py
[2026-07-01T12:24:40.255+0000] {processor.py:840} INFO - DAG(s) 'example_bash_operator' retrieved from /home/airflow/.local/lib/python3.8/site-packages/airflow/example_dags/example_bash_operator.py
[2026-07-01T12:24:40.328+0000] {logging_mixin.py:188} INFO - [2026-07-01T12:24:40.327+0000] {dag.py:3036} INFO - Sync 1 DAGs
[2026-07-01T12:24:40.380+0000] {logging_mixin.py:188} INFO - [2026-07-01T12:24:40.379+0000] {dag.py:3823} INFO - Setting next_dagrun for example_bash_operator to 2026-06-30 00:00:00+00:00, run_after=2026-07-01 00:00:00+00:00
[2026-07-01T12:24:40.419+0000] {processor.py:183} INFO - Processing /home/airflow/.local/lib/python3.8/site-packages/airflow/example_dags/example_bash_operator.py took 0.219 seconds
[2026-07-01T12:25:11.309+0000] {processor.py:161} INFO - Started process (PID=1865) to work on /home/airflow/.local/lib/python3.8/site-packages/airflow/example_dags/example_bash_operator.py
[2026-07-01T12:25:11.313+0000] {processor.py:830} INFO - Processing file /home/airflow/.local/lib/python3.8/site-packages/airflow/example_dags/example_bash_operator.py for tasks to queue
[2026-07-01T12:25:11.319+0000] {logging_mixin.py:188} INFO - [2026-07-01T12:25:11.318+0000] {dagbag.py:538} INFO - Filling up the DagBag from /home/airflow/.local/lib/python3.8/site-packages/airflow/example_dags/example_bash_operator.py
[2026-07-01T12:25:11.349+0000] {processor.py:840} INFO - DAG(s) 'example_bash_operator' retrieved from /home/airflow/.local/lib/python3.8/site-packages/airflow/example_dags/example_bash_operator.py
[2026-07-01T12:25:11.419+0000] {logging_mixin.py:188} INFO - [2026-07-01T12:25:11.418+0000] {dag.py:3036} INFO - Sync 1 DAGs
[2026-07-01T12:25:11.475+0000] {logging_mixin.py:188} INFO - [2026-07-01T12:25:11.474+0000] {dag.py:3823} INFO - Setting next_dagrun for example_bash_operator to 2026-06-30 00:00:00+00:00, run_after=2026-07-01 00:00:00+00:00
[2026-07-01T12:25:11.516+0000] {processor.py:183} INFO - Processing /home/airflow/.local/lib/python3.8/site-packages/airflow/example_dags/example_bash_operator.py took 0.214 seconds
[2026-07-01T12:25:42.243+0000] {processor.py:161} INFO - Started process (PID=1921) to work on /home/airflow/.local/lib/python3.8/site-packages/airflow/example_dags/example_bash_operator.py
[2026-07-01T12:25:42.246+0000] {processor.py:830} INFO - Processing file /home/airflow/.local/lib/python3.8/site-packages/airflow/example_dags/example_bash_operator.py for tasks to queue
[2026-07-01T12:25:42.252+0000] {logging_mixin.py:188} INFO - [2026-07-01T12:25:42.251+0000] {dagbag.py:538} INFO - Filling up the DagBag from /home/airflow/.local/lib/python3.8/site-packages/airflow/example_dags/example_bash_operator.py
[2026-07-01T12:25:42.280+0000] {processor.py:840} INFO - DAG(s) 'example_bash_operator' retrieved from /home/airflow/.local/lib/python3.8/site-packages/airflow/example_dags/example_bash_operator.py
[2026-07-01T12:25:42.353+0000] {logging_mixin.py:188} INFO - [2026-07-01T12:25:42.353+0000] {dag.py:3036} INFO - Sync 1 DAGs
[2026-07-01T12:25:42.409+0000] {logging_mixin.py:188} INFO - [2026-07-01T12:25:42.409+0000] {dag.py:3823} INFO - Setting next_dagrun for example_bash_operator to 2026-06-30 00:00:00+00:00, run_after=2026-07-01 00:00:00+00:00
[2026-07-01T12:25:42.456+0000] {processor.py:183} INFO - Processing /home/airflow/.local/lib/python3.8/site-packages/airflow/example_dags/example_bash_operator.py took 0.221 seconds
[2026-07-01T12:26:13.262+0000] {processor.py:161} INFO - Started process (PID=1977) to work on /home/airflow/.local/lib/python3.8/site-packages/airflow/example_dags/example_bash_operator.py
[2026-07-01T12:26:13.267+0000] {processor.py:830} INFO - Processing file /home/airflow/.local/lib/python3.8/site-packages/airflow/example_dags/example_bash_operator.py for tasks to queue
[2026-07-01T12:26:13.274+0000] {logging_mixin.py:188} INFO - [2026-07-01T12:26:13.273+0000] {dagbag.py:538} INFO - Filling up the DagBag from /home/airflow/.local/lib/python3.8/site-packages/airflow/example_dags/example_bash_operator.py
[2026-07-01T12:26:13.317+0000] {processor.py:840} INFO - DAG(s) 'example_bash_operator' retrieved from /home/airflow/.local/lib/python3.8/site-packages/airflow/example_dags/example_bash_operator.py
[2026-07-01T12:26:13.412+0000] {logging_mixin.py:188} INFO - [2026-07-01T12:26:13.411+0000] {dag.py:3036} INFO - Sync 1 DAGs
[2026-07-01T12:26:13.490+0000] {logging_mixin.py:188} INFO - [2026-07-01T12:26:13.489+0000] {dag.py:3823} INFO - Setting next_dagrun for example_bash_operator to 2026-06-30 00:00:00+00:00, run_after=2026-07-01 00:00:00+00:00
[2026-07-01T12:26:13.557+0000] {processor.py:183} INFO - Processing /home/airflow/.local/lib/python3.8/site-packages/airflow/example_dags/example_bash_operator.py took 0.307 seconds
[2026-07-01T12:26:44.065+0000] {processor.py:161} INFO - Started process (PID=2033) to work on /home/airflow/.local/lib/python3.8/site-packages/airflow/example_dags/example_bash_operator.py
[2026-07-01T12:26:44.069+0000] {processor.py:830} INFO - Processing file /home/airflow/.local/lib/python3.8/site-packages/airflow/example_dags/example_bash_operator.py for tasks to queue
[2026-07-01T12:26:44.076+0000] {logging_mixin.py:188} INFO - [2026-07-01T12:26:44.076+0000] {dagbag.py:538} INFO - Filling up the DagBag from /home/airflow/.local/lib/python3.8/site-packages/airflow/example_dags/example_bash_operator.py
[2026-07-01T12:26:44.113+0000] {processor.py:840} INFO - DAG(s) 'example_bash_operator' retrieved from /home/airflow/.local/lib/python3.8/site-packages/airflow/example_dags/example_bash_operator.py
[2026-07-01T12:26:44.189+0000] {logging_mixin.py:188} INFO - [2026-07-01T12:26:44.189+0000] {dag.py:3036} INFO - Sync 1 DAGs
[2026-07-01T12:26:44.265+0000] {logging_mixin.py:188} INFO - [2026-07-01T12:26:44.264+0000] {dag.py:3823} INFO - Setting next_dagrun for example_bash_operator to 2026-06-30 00:00:00+00:00, run_after=2026-07-01 00:00:00+00:00
[2026-07-01T12:26:44.346+0000] {processor.py:183} INFO - Processing /home/airflow/.local/lib/python3.8/site-packages/airflow/example_dags/example_bash_operator.py took 0.290 seconds
[2026-07-01T12:27:14.884+0000] {processor.py:161} INFO - Started process (PID=2089) to work on /home/airflow/.local/lib/python3.8/site-packages/airflow/example_dags/example_bash_operator.py
[2026-07-01T12:27:14.889+0000] {processor.py:830} INFO - Processing file /home/airflow/.local/lib/python3.8/site-packages/airflow/example_dags/example_bash_operator.py for tasks to queue
[2026-07-01T12:27:14.904+0000] {logging_mixin.py:188} INFO - [2026-07-01T12:27:14.903+0000] {dagbag.py:538} INFO - Filling up the DagBag from /home/airflow/.local/lib/python3.8/site-packages/airflow/example_dags/example_bash_operator.py
[2026-07-01T12:27:14.984+0000] {processor.py:840} INFO - DAG(s) 'example_bash_operator' retrieved from /home/airflow/.local/lib/python3.8/site-packages/airflow/example_dags/example_bash_operator.py
[2026-07-01T12:27:15.101+0000] {logging_mixin.py:188} INFO - [2026-07-01T12:27:15.100+0000] {dag.py:3036} INFO - Sync 1 DAGs
[2026-07-01T12:27:15.183+0000] {logging_mixin.py:188} INFO - [2026-07-01T12:27:15.182+0000] {dag.py:3823} INFO - Setting next_dagrun for example_bash_operator to 2026-06-30 00:00:00+00:00, run_after=2026-07-01 00:00:00+00:00
[2026-07-01T12:27:15.249+0000] {processor.py:183} INFO - Processing /home/airflow/.local/lib/python3.8/site-packages/airflow/example_dags/example_bash_operator.py took 0.400 seconds
[2026-07-01T12:27:45.392+0000] {processor.py:161} INFO - Started process (PID=2143) to work on /home/airflow/.local/lib/python3.8/site-packages/airflow/example_dags/example_bash_operator.py
[2026-07-01T12:27:45.395+0000] {processor.py:830} INFO - Processing file /home/airflow/.local/lib/python3.8/site-packages/airflow/example_dags/example_bash_operator.py for tasks to queue
[2026-07-01T12:27:45.400+0000] {logging_mixin.py:188} INFO - [2026-07-01T12:27:45.400+0000] {dagbag.py:538} INFO - Filling up the DagBag from /home/airflow/.local/lib/python3.8/site-packages/airflow/example_dags/example_bash_operator.py
[2026-07-01T12:27:45.428+0000] {processor.py:840} INFO - DAG(s) 'example_bash_operator' retrieved from /home/airflow/.local/lib/python3.8/site-packages/airflow/example_dags/example_bash_operator.py
[2026-07-01T12:27:45.496+0000] {logging_mixin.py:188} INFO - [2026-07-01T12:27:45.496+0000] {dag.py:3036} INFO - Sync 1 DAGs
[2026-07-01T12:27:45.549+0000] {logging_mixin.py:188} INFO - [2026-07-01T12:27:45.549+0000] {dag.py:3823} INFO - Setting next_dagrun for example_bash_operator to 2026-06-30 00:00:00+00:00, run_after=2026-07-01 00:00:00+00:00
[2026-07-01T12:27:45.588+0000] {processor.py:183} INFO - Processing /home/airflow/.local/lib/python3.8/site-packages/airflow/example_dags/example_bash_operator.py took 0.204 seconds
[2026-07-01T12:28:15.896+0000] {processor.py:161} INFO - Started process (PID=2199) to work on /home/airflow/.local/lib/python3.8/site-packages/airflow/example_dags/example_bash_operator.py
[2026-07-01T12:28:15.900+0000] {processor.py:830} INFO - Processing file /home/airflow/.local/lib/python3.8/site-packages/airflow/example_dags/example_bash_operator.py for tasks to queue
[2026-07-01T12:28:15.906+0000] {logging_mixin.py:188} INFO - [2026-07-01T12:28:15.905+0000] {dagbag.py:538} INFO - Filling up the DagBag from /home/airflow/.local/lib/python3.8/site-packages/airflow/example_dags/example_bash_operator.py
[2026-07-01T12:28:15.933+0000] {processor.py:840} INFO - DAG(s) 'example_bash_operator' retrieved from /home/airflow/.local/lib/python3.8/site-packages/airflow/example_dags/example_bash_operator.py
[2026-07-01T12:28:15.998+0000] {logging_mixin.py:188} INFO - [2026-07-01T12:28:15.998+0000] {dag.py:3036} INFO - Sync 1 DAGs
[2026-07-01T12:28:16.047+0000] {logging_mixin.py:188} INFO - [2026-07-01T12:28:16.046+0000] {dag.py:3823} INFO - Setting next_dagrun for example_bash_operator to 2026-06-30 00:00:00+00:00, run_after=2026-07-01 00:00:00+00:00
[2026-07-01T12:28:16.089+0000] {processor.py:183} INFO - Processing /home/airflow/.local/lib/python3.8/site-packages/airflow/example_dags/example_bash_operator.py took 0.200 seconds
[2026-07-01T12:28:46.207+0000] {processor.py:161} INFO - Started process (PID=2256) to work on /home/airflow/.local/lib/python3.8/site-packages/airflow/example_dags/example_bash_operator.py
[2026-07-01T12:28:46.210+0000] {processor.py:830} INFO - Processing file /home/airflow/.local/lib/python3.8/site-packages/airflow/example_dags/example_bash_operator.py for tasks to queue
[2026-07-01T12:28:46.216+0000] {logging_mixin.py:188} INFO - [2026-07-01T12:28:46.215+0000] {dagbag.py:538} INFO - Filling up the DagBag from /home/airflow/.local/lib/python3.8/site-packages/airflow/example_dags/example_bash_operator.py
[2026-07-01T12:28:46.248+0000] {processor.py:840} INFO - DAG(s) 'example_bash_operator' retrieved from /home/airflow/.local/lib/python3.8/site-packages/airflow/example_dags/example_bash_operator.py
[2026-07-01T12:28:46.318+0000] {logging_mixin.py:188} INFO - [2026-07-01T12:28:46.317+0000] {dag.py:3036} INFO - Sync 1 DAGs
[2026-07-01T12:28:46.377+0000] {logging_mixin.py:188} INFO - [2026-07-01T12:28:46.377+0000] {dag.py:3823} INFO - Setting next_dagrun for example_bash_operator to 2026-06-30 00:00:00+00:00, run_after=2026-07-01 00:00:00+00:00
[2026-07-01T12:28:46.417+0000] {processor.py:183} INFO - Processing /home/airflow/.local/lib/python3.8/site-packages/airflow/example_dags/example_bash_operator.py took 0.221 seconds
[2026-07-01T12:29:16.868+0000] {processor.py:161} INFO - Started process (PID=2313) to work on /home/airflow/.local/lib/python3.8/site-packages/airflow/example_dags/example_bash_operator.py
[2026-07-01T12:29:16.872+0000] {processor.py:830} INFO - Processing file /home/airflow/.local/lib/python3.8/site-packages/airflow/example_dags/example_bash_operator.py for tasks to queue
[2026-07-01T12:29:16.877+0000] {logging_mixin.py:188} INFO - [2026-07-01T12:29:16.877+0000] {dagbag.py:538} INFO - Filling up the DagBag from /home/airflow/.local/lib/python3.8/site-packages/airflow/example_dags/example_bash_operator.py
[2026-07-01T12:29:16.908+0000] {processor.py:840} INFO - DAG(s) 'example_bash_operator' retrieved from /home/airflow/.local/lib/python3.8/site-packages/airflow/example_dags/example_bash_operator.py
[2026-07-01T12:29:16.971+0000] {logging_mixin.py:188} INFO - [2026-07-01T12:29:16.971+0000] {dag.py:3036} INFO - Sync 1 DAGs
[2026-07-01T12:29:17.022+0000] {logging_mixin.py:188} INFO - [2026-07-01T12:29:17.021+0000] {dag.py:3823} INFO - Setting next_dagrun for example_bash_operator to 2026-06-30 00:00:00+00:00, run_after=2026-07-01 00:00:00+00:00
[2026-07-01T12:29:17.057+0000] {processor.py:183} INFO - Processing /home/airflow/.local/lib/python3.8/site-packages/airflow/example_dags/example_bash_operator.py took 0.197 seconds
