[2026-07-01T11:58:44.259+0000] {processor.py:161} INFO - Started process (PID=131) to work on /home/airflow/.local/lib/python3.8/site-packages/airflow/example_dags/example_task_group.py
[2026-07-01T11:58:44.268+0000] {processor.py:830} INFO - Processing file /home/airflow/.local/lib/python3.8/site-packages/airflow/example_dags/example_task_group.py for tasks to queue
[2026-07-01T11:58:44.285+0000] {logging_mixin.py:188} INFO - [2026-07-01T11:58:44.275+0000] {dagbag.py:538} INFO - Filling up the DagBag from /home/airflow/.local/lib/python3.8/site-packages/airflow/example_dags/example_task_group.py
[2026-07-01T11:58:44.316+0000] {processor.py:840} INFO - DAG(s) 'example_task_group' retrieved from /home/airflow/.local/lib/python3.8/site-packages/airflow/example_dags/example_task_group.py
[2026-07-01T11:58:44.646+0000] {logging_mixin.py:188} INFO - [2026-07-01T11:58:44.645+0000] {dag.py:3036} INFO - Sync 1 DAGs
[2026-07-01T11:58:44.700+0000] {logging_mixin.py:188} INFO - [2026-07-01T11:58:44.700+0000] {dag.py:3823} INFO - Setting next_dagrun for example_task_group to 2026-06-30 00:00:00+00:00, run_after=2026-07-01 00:00:00+00:00
[2026-07-01T11:58:44.762+0000] {processor.py:183} INFO - Processing /home/airflow/.local/lib/python3.8/site-packages/airflow/example_dags/example_task_group.py took 0.512 seconds
[2026-07-01T11:59:14.884+0000] {processor.py:161} INFO - Started process (PID=186) to work on /home/airflow/.local/lib/python3.8/site-packages/airflow/example_dags/example_task_group.py
[2026-07-01T11:59:14.887+0000] {processor.py:830} INFO - Processing file /home/airflow/.local/lib/python3.8/site-packages/airflow/example_dags/example_task_group.py for tasks to queue
[2026-07-01T11:59:14.894+0000] {logging_mixin.py:188} INFO - [2026-07-01T11:59:14.893+0000] {dagbag.py:538} INFO - Filling up the DagBag from /home/airflow/.local/lib/python3.8/site-packages/airflow/example_dags/example_task_group.py
[2026-07-01T11:59:14.933+0000] {processor.py:840} INFO - DAG(s) 'example_task_group' retrieved from /home/airflow/.local/lib/python3.8/site-packages/airflow/example_dags/example_task_group.py
[2026-07-01T11:59:15.001+0000] {logging_mixin.py:188} INFO - [2026-07-01T11:59:15.001+0000] {dag.py:3036} INFO - Sync 1 DAGs
[2026-07-01T11:59:15.065+0000] {logging_mixin.py:188} INFO - [2026-07-01T11:59:15.065+0000] {dag.py:3823} INFO - Setting next_dagrun for example_task_group to 2026-06-30 00:00:00+00:00, run_after=2026-07-01 00:00:00+00:00
[2026-07-01T11:59:15.121+0000] {processor.py:183} INFO - Processing /home/airflow/.local/lib/python3.8/site-packages/airflow/example_dags/example_task_group.py took 0.247 seconds
[2026-07-01T11:59:45.689+0000] {processor.py:161} INFO - Started process (PID=241) to work on /home/airflow/.local/lib/python3.8/site-packages/airflow/example_dags/example_task_group.py
[2026-07-01T11:59:45.697+0000] {processor.py:830} INFO - Processing file /home/airflow/.local/lib/python3.8/site-packages/airflow/example_dags/example_task_group.py for tasks to queue
[2026-07-01T11:59:45.706+0000] {logging_mixin.py:188} INFO - [2026-07-01T11:59:45.704+0000] {dagbag.py:538} INFO - Filling up the DagBag from /home/airflow/.local/lib/python3.8/site-packages/airflow/example_dags/example_task_group.py
[2026-07-01T11:59:45.743+0000] {processor.py:840} INFO - DAG(s) 'example_task_group' retrieved from /home/airflow/.local/lib/python3.8/site-packages/airflow/example_dags/example_task_group.py
[2026-07-01T11:59:45.785+0000] {logging_mixin.py:188} INFO - [2026-07-01T11:59:45.784+0000] {dag.py:3036} INFO - Sync 1 DAGs
[2026-07-01T11:59:45.872+0000] {logging_mixin.py:188} INFO - [2026-07-01T11:59:45.871+0000] {dag.py:3823} INFO - Setting next_dagrun for example_task_group to 2026-06-30 00:00:00+00:00, run_after=2026-07-01 00:00:00+00:00
[2026-07-01T11:59:45.951+0000] {processor.py:183} INFO - Processing /home/airflow/.local/lib/python3.8/site-packages/airflow/example_dags/example_task_group.py took 0.280 seconds
[2026-07-01T12:00:16.877+0000] {processor.py:161} INFO - Started process (PID=296) to work on /home/airflow/.local/lib/python3.8/site-packages/airflow/example_dags/example_task_group.py
[2026-07-01T12:00:16.885+0000] {processor.py:830} INFO - Processing file /home/airflow/.local/lib/python3.8/site-packages/airflow/example_dags/example_task_group.py for tasks to queue
[2026-07-01T12:00:16.893+0000] {logging_mixin.py:188} INFO - [2026-07-01T12:00:16.892+0000] {dagbag.py:538} INFO - Filling up the DagBag from /home/airflow/.local/lib/python3.8/site-packages/airflow/example_dags/example_task_group.py
[2026-07-01T12:00:16.920+0000] {processor.py:840} INFO - DAG(s) 'example_task_group' retrieved from /home/airflow/.local/lib/python3.8/site-packages/airflow/example_dags/example_task_group.py
[2026-07-01T12:00:17.230+0000] {logging_mixin.py:188} INFO - [2026-07-01T12:00:17.230+0000] {dag.py:3036} INFO - Sync 1 DAGs
[2026-07-01T12:00:17.300+0000] {logging_mixin.py:188} INFO - [2026-07-01T12:00:17.300+0000] {dag.py:3823} INFO - Setting next_dagrun for example_task_group to 2026-06-30 00:00:00+00:00, run_after=2026-07-01 00:00:00+00:00
[2026-07-01T12:00:17.358+0000] {processor.py:183} INFO - Processing /home/airflow/.local/lib/python3.8/site-packages/airflow/example_dags/example_task_group.py took 0.490 seconds
[2026-07-01T12:00:47.514+0000] {processor.py:161} INFO - Started process (PID=351) to work on /home/airflow/.local/lib/python3.8/site-packages/airflow/example_dags/example_task_group.py
[2026-07-01T12:00:47.517+0000] {processor.py:830} INFO - Processing file /home/airflow/.local/lib/python3.8/site-packages/airflow/example_dags/example_task_group.py for tasks to queue
[2026-07-01T12:00:47.523+0000] {logging_mixin.py:188} INFO - [2026-07-01T12:00:47.522+0000] {dagbag.py:538} INFO - Filling up the DagBag from /home/airflow/.local/lib/python3.8/site-packages/airflow/example_dags/example_task_group.py
[2026-07-01T12:00:47.543+0000] {processor.py:840} INFO - DAG(s) 'example_task_group' retrieved from /home/airflow/.local/lib/python3.8/site-packages/airflow/example_dags/example_task_group.py
[2026-07-01T12:00:47.609+0000] {logging_mixin.py:188} INFO - [2026-07-01T12:00:47.607+0000] {dag.py:3036} INFO - Sync 1 DAGs
[2026-07-01T12:00:47.671+0000] {logging_mixin.py:188} INFO - [2026-07-01T12:00:47.670+0000] {dag.py:3823} INFO - Setting next_dagrun for example_task_group to 2026-06-30 00:00:00+00:00, run_after=2026-07-01 00:00:00+00:00
[2026-07-01T12:00:47.735+0000] {processor.py:183} INFO - Processing /home/airflow/.local/lib/python3.8/site-packages/airflow/example_dags/example_task_group.py took 0.230 seconds
[2026-07-01T12:01:17.996+0000] {processor.py:161} INFO - Started process (PID=406) to work on /home/airflow/.local/lib/python3.8/site-packages/airflow/example_dags/example_task_group.py
[2026-07-01T12:01:18.001+0000] {processor.py:830} INFO - Processing file /home/airflow/.local/lib/python3.8/site-packages/airflow/example_dags/example_task_group.py for tasks to queue
[2026-07-01T12:01:18.012+0000] {logging_mixin.py:188} INFO - [2026-07-01T12:01:18.011+0000] {dagbag.py:538} INFO - Filling up the DagBag from /home/airflow/.local/lib/python3.8/site-packages/airflow/example_dags/example_task_group.py
[2026-07-01T12:01:18.037+0000] {processor.py:840} INFO - DAG(s) 'example_task_group' retrieved from /home/airflow/.local/lib/python3.8/site-packages/airflow/example_dags/example_task_group.py
[2026-07-01T12:01:18.106+0000] {logging_mixin.py:188} INFO - [2026-07-01T12:01:18.105+0000] {dag.py:3036} INFO - Sync 1 DAGs
[2026-07-01T12:01:18.166+0000] {logging_mixin.py:188} INFO - [2026-07-01T12:01:18.166+0000] {dag.py:3823} INFO - Setting next_dagrun for example_task_group to 2026-06-30 00:00:00+00:00, run_after=2026-07-01 00:00:00+00:00
[2026-07-01T12:01:18.230+0000] {processor.py:183} INFO - Processing /home/airflow/.local/lib/python3.8/site-packages/airflow/example_dags/example_task_group.py took 0.242 seconds
[2026-07-01T12:01:49.156+0000] {processor.py:161} INFO - Started process (PID=461) to work on /home/airflow/.local/lib/python3.8/site-packages/airflow/example_dags/example_task_group.py
[2026-07-01T12:01:49.160+0000] {processor.py:830} INFO - Processing file /home/airflow/.local/lib/python3.8/site-packages/airflow/example_dags/example_task_group.py for tasks to queue
[2026-07-01T12:01:49.167+0000] {logging_mixin.py:188} INFO - [2026-07-01T12:01:49.166+0000] {dagbag.py:538} INFO - Filling up the DagBag from /home/airflow/.local/lib/python3.8/site-packages/airflow/example_dags/example_task_group.py
[2026-07-01T12:01:49.192+0000] {processor.py:840} INFO - DAG(s) 'example_task_group' retrieved from /home/airflow/.local/lib/python3.8/site-packages/airflow/example_dags/example_task_group.py
[2026-07-01T12:01:49.261+0000] {logging_mixin.py:188} INFO - [2026-07-01T12:01:49.260+0000] {dag.py:3036} INFO - Sync 1 DAGs
[2026-07-01T12:01:49.322+0000] {logging_mixin.py:188} INFO - [2026-07-01T12:01:49.321+0000] {dag.py:3823} INFO - Setting next_dagrun for example_task_group to 2026-06-30 00:00:00+00:00, run_after=2026-07-01 00:00:00+00:00
[2026-07-01T12:01:49.376+0000] {processor.py:183} INFO - Processing /home/airflow/.local/lib/python3.8/site-packages/airflow/example_dags/example_task_group.py took 0.232 seconds
[2026-07-01T12:02:20.446+0000] {processor.py:161} INFO - Started process (PID=517) to work on /home/airflow/.local/lib/python3.8/site-packages/airflow/example_dags/example_task_group.py
[2026-07-01T12:02:20.451+0000] {processor.py:830} INFO - Processing file /home/airflow/.local/lib/python3.8/site-packages/airflow/example_dags/example_task_group.py for tasks to queue
[2026-07-01T12:02:20.460+0000] {logging_mixin.py:188} INFO - [2026-07-01T12:02:20.459+0000] {dagbag.py:538} INFO - Filling up the DagBag from /home/airflow/.local/lib/python3.8/site-packages/airflow/example_dags/example_task_group.py
[2026-07-01T12:02:20.490+0000] {processor.py:840} INFO - DAG(s) 'example_task_group' retrieved from /home/airflow/.local/lib/python3.8/site-packages/airflow/example_dags/example_task_group.py
[2026-07-01T12:02:20.571+0000] {logging_mixin.py:188} INFO - [2026-07-01T12:02:20.571+0000] {dag.py:3036} INFO - Sync 1 DAGs
[2026-07-01T12:02:20.642+0000] {logging_mixin.py:188} INFO - [2026-07-01T12:02:20.641+0000] {dag.py:3823} INFO - Setting next_dagrun for example_task_group to 2026-06-30 00:00:00+00:00, run_after=2026-07-01 00:00:00+00:00
[2026-07-01T12:02:20.697+0000] {processor.py:183} INFO - Processing /home/airflow/.local/lib/python3.8/site-packages/airflow/example_dags/example_task_group.py took 0.264 seconds
[2026-07-01T12:02:50.863+0000] {processor.py:161} INFO - Started process (PID=573) to work on /home/airflow/.local/lib/python3.8/site-packages/airflow/example_dags/example_task_group.py
[2026-07-01T12:02:50.867+0000] {processor.py:830} INFO - Processing file /home/airflow/.local/lib/python3.8/site-packages/airflow/example_dags/example_task_group.py for tasks to queue
[2026-07-01T12:02:50.874+0000] {logging_mixin.py:188} INFO - [2026-07-01T12:02:50.873+0000] {dagbag.py:538} INFO - Filling up the DagBag from /home/airflow/.local/lib/python3.8/site-packages/airflow/example_dags/example_task_group.py
[2026-07-01T12:02:50.897+0000] {processor.py:840} INFO - DAG(s) 'example_task_group' retrieved from /home/airflow/.local/lib/python3.8/site-packages/airflow/example_dags/example_task_group.py
[2026-07-01T12:02:50.957+0000] {logging_mixin.py:188} INFO - [2026-07-01T12:02:50.956+0000] {dag.py:3036} INFO - Sync 1 DAGs
[2026-07-01T12:02:51.026+0000] {logging_mixin.py:188} INFO - [2026-07-01T12:02:51.025+0000] {dag.py:3823} INFO - Setting next_dagrun for example_task_group to 2026-06-30 00:00:00+00:00, run_after=2026-07-01 00:00:00+00:00
[2026-07-01T12:02:51.082+0000] {processor.py:183} INFO - Processing /home/airflow/.local/lib/python3.8/site-packages/airflow/example_dags/example_task_group.py took 0.229 seconds
[2026-07-01T12:03:21.203+0000] {processor.py:161} INFO - Started process (PID=627) to work on /home/airflow/.local/lib/python3.8/site-packages/airflow/example_dags/example_task_group.py
[2026-07-01T12:03:21.206+0000] {processor.py:830} INFO - Processing file /home/airflow/.local/lib/python3.8/site-packages/airflow/example_dags/example_task_group.py for tasks to queue
[2026-07-01T12:03:21.211+0000] {logging_mixin.py:188} INFO - [2026-07-01T12:03:21.211+0000] {dagbag.py:538} INFO - Filling up the DagBag from /home/airflow/.local/lib/python3.8/site-packages/airflow/example_dags/example_task_group.py
[2026-07-01T12:03:21.228+0000] {processor.py:840} INFO - DAG(s) 'example_task_group' retrieved from /home/airflow/.local/lib/python3.8/site-packages/airflow/example_dags/example_task_group.py
[2026-07-01T12:03:21.275+0000] {logging_mixin.py:188} INFO - [2026-07-01T12:03:21.275+0000] {dag.py:3036} INFO - Sync 1 DAGs
[2026-07-01T12:03:21.321+0000] {logging_mixin.py:188} INFO - [2026-07-01T12:03:21.321+0000] {dag.py:3823} INFO - Setting next_dagrun for example_task_group to 2026-06-30 00:00:00+00:00, run_after=2026-07-01 00:00:00+00:00
[2026-07-01T12:03:21.364+0000] {processor.py:183} INFO - Processing /home/airflow/.local/lib/python3.8/site-packages/airflow/example_dags/example_task_group.py took 0.168 seconds
[2026-07-01T12:03:51.921+0000] {processor.py:161} INFO - Started process (PID=684) to work on /home/airflow/.local/lib/python3.8/site-packages/airflow/example_dags/example_task_group.py
[2026-07-01T12:03:51.931+0000] {processor.py:830} INFO - Processing file /home/airflow/.local/lib/python3.8/site-packages/airflow/example_dags/example_task_group.py for tasks to queue
[2026-07-01T12:03:51.944+0000] {logging_mixin.py:188} INFO - [2026-07-01T12:03:51.942+0000] {dagbag.py:538} INFO - Filling up the DagBag from /home/airflow/.local/lib/python3.8/site-packages/airflow/example_dags/example_task_group.py
[2026-07-01T12:03:51.993+0000] {processor.py:840} INFO - DAG(s) 'example_task_group' retrieved from /home/airflow/.local/lib/python3.8/site-packages/airflow/example_dags/example_task_group.py
[2026-07-01T12:03:52.151+0000] {logging_mixin.py:188} INFO - [2026-07-01T12:03:52.141+0000] {dag.py:3036} INFO - Sync 1 DAGs
[2026-07-01T12:03:52.276+0000] {logging_mixin.py:188} INFO - [2026-07-01T12:03:52.275+0000] {dag.py:3823} INFO - Setting next_dagrun for example_task_group to 2026-06-30 00:00:00+00:00, run_after=2026-07-01 00:00:00+00:00
[2026-07-01T12:03:52.394+0000] {processor.py:183} INFO - Processing /home/airflow/.local/lib/python3.8/site-packages/airflow/example_dags/example_task_group.py took 0.489 seconds
[2026-07-01T12:04:23.005+0000] {processor.py:161} INFO - Started process (PID=739) to work on /home/airflow/.local/lib/python3.8/site-packages/airflow/example_dags/example_task_group.py
[2026-07-01T12:04:23.008+0000] {processor.py:830} INFO - Processing file /home/airflow/.local/lib/python3.8/site-packages/airflow/example_dags/example_task_group.py for tasks to queue
[2026-07-01T12:04:23.014+0000] {logging_mixin.py:188} INFO - [2026-07-01T12:04:23.013+0000] {dagbag.py:538} INFO - Filling up the DagBag from /home/airflow/.local/lib/python3.8/site-packages/airflow/example_dags/example_task_group.py
[2026-07-01T12:04:23.035+0000] {processor.py:840} INFO - DAG(s) 'example_task_group' retrieved from /home/airflow/.local/lib/python3.8/site-packages/airflow/example_dags/example_task_group.py
[2026-07-01T12:04:23.094+0000] {logging_mixin.py:188} INFO - [2026-07-01T12:04:23.094+0000] {dag.py:3036} INFO - Sync 1 DAGs
[2026-07-01T12:04:23.155+0000] {logging_mixin.py:188} INFO - [2026-07-01T12:04:23.154+0000] {dag.py:3823} INFO - Setting next_dagrun for example_task_group to 2026-06-30 00:00:00+00:00, run_after=2026-07-01 00:00:00+00:00
[2026-07-01T12:04:23.215+0000] {processor.py:183} INFO - Processing /home/airflow/.local/lib/python3.8/site-packages/airflow/example_dags/example_task_group.py took 0.217 seconds
[2026-07-01T12:04:53.740+0000] {processor.py:161} INFO - Started process (PID=794) to work on /home/airflow/.local/lib/python3.8/site-packages/airflow/example_dags/example_task_group.py
[2026-07-01T12:04:53.743+0000] {processor.py:830} INFO - Processing file /home/airflow/.local/lib/python3.8/site-packages/airflow/example_dags/example_task_group.py for tasks to queue
[2026-07-01T12:04:53.749+0000] {logging_mixin.py:188} INFO - [2026-07-01T12:04:53.748+0000] {dagbag.py:538} INFO - Filling up the DagBag from /home/airflow/.local/lib/python3.8/site-packages/airflow/example_dags/example_task_group.py
[2026-07-01T12:04:53.767+0000] {processor.py:840} INFO - DAG(s) 'example_task_group' retrieved from /home/airflow/.local/lib/python3.8/site-packages/airflow/example_dags/example_task_group.py
[2026-07-01T12:04:53.818+0000] {logging_mixin.py:188} INFO - [2026-07-01T12:04:53.818+0000] {dag.py:3036} INFO - Sync 1 DAGs
[2026-07-01T12:04:53.871+0000] {logging_mixin.py:188} INFO - [2026-07-01T12:04:53.870+0000] {dag.py:3823} INFO - Setting next_dagrun for example_task_group to 2026-06-30 00:00:00+00:00, run_after=2026-07-01 00:00:00+00:00
[2026-07-01T12:04:53.917+0000] {processor.py:183} INFO - Processing /home/airflow/.local/lib/python3.8/site-packages/airflow/example_dags/example_task_group.py took 0.185 seconds
[2026-07-01T12:05:24.044+0000] {processor.py:161} INFO - Started process (PID=849) to work on /home/airflow/.local/lib/python3.8/site-packages/airflow/example_dags/example_task_group.py
[2026-07-01T12:05:24.048+0000] {processor.py:830} INFO - Processing file /home/airflow/.local/lib/python3.8/site-packages/airflow/example_dags/example_task_group.py for tasks to queue
[2026-07-01T12:05:24.053+0000] {logging_mixin.py:188} INFO - [2026-07-01T12:05:24.052+0000] {dagbag.py:538} INFO - Filling up the DagBag from /home/airflow/.local/lib/python3.8/site-packages/airflow/example_dags/example_task_group.py
[2026-07-01T12:05:24.073+0000] {processor.py:840} INFO - DAG(s) 'example_task_group' retrieved from /home/airflow/.local/lib/python3.8/site-packages/airflow/example_dags/example_task_group.py
[2026-07-01T12:05:24.141+0000] {logging_mixin.py:188} INFO - [2026-07-01T12:05:24.141+0000] {dag.py:3036} INFO - Sync 1 DAGs
[2026-07-01T12:05:24.214+0000] {logging_mixin.py:188} INFO - [2026-07-01T12:05:24.213+0000] {dag.py:3823} INFO - Setting next_dagrun for example_task_group to 2026-06-30 00:00:00+00:00, run_after=2026-07-01 00:00:00+00:00
[2026-07-01T12:05:24.287+0000] {processor.py:183} INFO - Processing /home/airflow/.local/lib/python3.8/site-packages/airflow/example_dags/example_task_group.py took 0.251 seconds
[2026-07-01T12:05:54.648+0000] {processor.py:161} INFO - Started process (PID=904) to work on /home/airflow/.local/lib/python3.8/site-packages/airflow/example_dags/example_task_group.py
[2026-07-01T12:05:54.653+0000] {processor.py:830} INFO - Processing file /home/airflow/.local/lib/python3.8/site-packages/airflow/example_dags/example_task_group.py for tasks to queue
[2026-07-01T12:05:54.661+0000] {logging_mixin.py:188} INFO - [2026-07-01T12:05:54.660+0000] {dagbag.py:538} INFO - Filling up the DagBag from /home/airflow/.local/lib/python3.8/site-packages/airflow/example_dags/example_task_group.py
[2026-07-01T12:05:54.694+0000] {processor.py:840} INFO - DAG(s) 'example_task_group' retrieved from /home/airflow/.local/lib/python3.8/site-packages/airflow/example_dags/example_task_group.py
[2026-07-01T12:05:54.791+0000] {logging_mixin.py:188} INFO - [2026-07-01T12:05:54.789+0000] {dag.py:3036} INFO - Sync 1 DAGs
[2026-07-01T12:05:54.879+0000] {logging_mixin.py:188} INFO - [2026-07-01T12:05:54.878+0000] {dag.py:3823} INFO - Setting next_dagrun for example_task_group to 2026-06-30 00:00:00+00:00, run_after=2026-07-01 00:00:00+00:00
[2026-07-01T12:05:54.936+0000] {processor.py:183} INFO - Processing /home/airflow/.local/lib/python3.8/site-packages/airflow/example_dags/example_task_group.py took 0.302 seconds
[2026-07-01T12:06:25.907+0000] {processor.py:161} INFO - Started process (PID=959) to work on /home/airflow/.local/lib/python3.8/site-packages/airflow/example_dags/example_task_group.py
[2026-07-01T12:06:25.910+0000] {processor.py:830} INFO - Processing file /home/airflow/.local/lib/python3.8/site-packages/airflow/example_dags/example_task_group.py for tasks to queue
[2026-07-01T12:06:25.915+0000] {logging_mixin.py:188} INFO - [2026-07-01T12:06:25.914+0000] {dagbag.py:538} INFO - Filling up the DagBag from /home/airflow/.local/lib/python3.8/site-packages/airflow/example_dags/example_task_group.py
[2026-07-01T12:06:25.932+0000] {processor.py:840} INFO - DAG(s) 'example_task_group' retrieved from /home/airflow/.local/lib/python3.8/site-packages/airflow/example_dags/example_task_group.py
[2026-07-01T12:06:25.981+0000] {logging_mixin.py:188} INFO - [2026-07-01T12:06:25.981+0000] {dag.py:3036} INFO - Sync 1 DAGs
[2026-07-01T12:06:26.036+0000] {logging_mixin.py:188} INFO - [2026-07-01T12:06:26.035+0000] {dag.py:3823} INFO - Setting next_dagrun for example_task_group to 2026-06-30 00:00:00+00:00, run_after=2026-07-01 00:00:00+00:00
[2026-07-01T12:06:26.081+0000] {processor.py:183} INFO - Processing /home/airflow/.local/lib/python3.8/site-packages/airflow/example_dags/example_task_group.py took 0.182 seconds
[2026-07-01T12:06:56.149+0000] {processor.py:161} INFO - Started process (PID=1013) to work on /home/airflow/.local/lib/python3.8/site-packages/airflow/example_dags/example_task_group.py
[2026-07-01T12:06:56.153+0000] {processor.py:830} INFO - Processing file /home/airflow/.local/lib/python3.8/site-packages/airflow/example_dags/example_task_group.py for tasks to queue
[2026-07-01T12:06:56.158+0000] {logging_mixin.py:188} INFO - [2026-07-01T12:06:56.158+0000] {dagbag.py:538} INFO - Filling up the DagBag from /home/airflow/.local/lib/python3.8/site-packages/airflow/example_dags/example_task_group.py
[2026-07-01T12:06:56.179+0000] {processor.py:840} INFO - DAG(s) 'example_task_group' retrieved from /home/airflow/.local/lib/python3.8/site-packages/airflow/example_dags/example_task_group.py
[2026-07-01T12:06:56.239+0000] {logging_mixin.py:188} INFO - [2026-07-01T12:06:56.238+0000] {dag.py:3036} INFO - Sync 1 DAGs
[2026-07-01T12:06:56.304+0000] {logging_mixin.py:188} INFO - [2026-07-01T12:06:56.303+0000] {dag.py:3823} INFO - Setting next_dagrun for example_task_group to 2026-06-30 00:00:00+00:00, run_after=2026-07-01 00:00:00+00:00
[2026-07-01T12:06:56.359+0000] {processor.py:183} INFO - Processing /home/airflow/.local/lib/python3.8/site-packages/airflow/example_dags/example_task_group.py took 0.219 seconds
[2026-07-01T12:07:26.590+0000] {processor.py:161} INFO - Started process (PID=1068) to work on /home/airflow/.local/lib/python3.8/site-packages/airflow/example_dags/example_task_group.py
[2026-07-01T12:07:26.593+0000] {processor.py:830} INFO - Processing file /home/airflow/.local/lib/python3.8/site-packages/airflow/example_dags/example_task_group.py for tasks to queue
[2026-07-01T12:07:26.599+0000] {logging_mixin.py:188} INFO - [2026-07-01T12:07:26.598+0000] {dagbag.py:538} INFO - Filling up the DagBag from /home/airflow/.local/lib/python3.8/site-packages/airflow/example_dags/example_task_group.py
[2026-07-01T12:07:26.618+0000] {processor.py:840} INFO - DAG(s) 'example_task_group' retrieved from /home/airflow/.local/lib/python3.8/site-packages/airflow/example_dags/example_task_group.py
[2026-07-01T12:07:26.668+0000] {logging_mixin.py:188} INFO - [2026-07-01T12:07:26.668+0000] {dag.py:3036} INFO - Sync 1 DAGs
[2026-07-01T12:07:26.719+0000] {logging_mixin.py:188} INFO - [2026-07-01T12:07:26.719+0000] {dag.py:3823} INFO - Setting next_dagrun for example_task_group to 2026-06-30 00:00:00+00:00, run_after=2026-07-01 00:00:00+00:00
[2026-07-01T12:07:26.764+0000] {processor.py:183} INFO - Processing /home/airflow/.local/lib/python3.8/site-packages/airflow/example_dags/example_task_group.py took 0.182 seconds
[2026-07-01T12:07:56.930+0000] {processor.py:161} INFO - Started process (PID=1122) to work on /home/airflow/.local/lib/python3.8/site-packages/airflow/example_dags/example_task_group.py
[2026-07-01T12:07:56.934+0000] {processor.py:830} INFO - Processing file /home/airflow/.local/lib/python3.8/site-packages/airflow/example_dags/example_task_group.py for tasks to queue
[2026-07-01T12:07:56.941+0000] {logging_mixin.py:188} INFO - [2026-07-01T12:07:56.940+0000] {dagbag.py:538} INFO - Filling up the DagBag from /home/airflow/.local/lib/python3.8/site-packages/airflow/example_dags/example_task_group.py
[2026-07-01T12:07:56.965+0000] {processor.py:840} INFO - DAG(s) 'example_task_group' retrieved from /home/airflow/.local/lib/python3.8/site-packages/airflow/example_dags/example_task_group.py
[2026-07-01T12:07:57.025+0000] {logging_mixin.py:188} INFO - [2026-07-01T12:07:57.025+0000] {dag.py:3036} INFO - Sync 1 DAGs
[2026-07-01T12:07:57.087+0000] {logging_mixin.py:188} INFO - [2026-07-01T12:07:57.086+0000] {dag.py:3823} INFO - Setting next_dagrun for example_task_group to 2026-06-30 00:00:00+00:00, run_after=2026-07-01 00:00:00+00:00
[2026-07-01T12:07:57.139+0000] {processor.py:183} INFO - Processing /home/airflow/.local/lib/python3.8/site-packages/airflow/example_dags/example_task_group.py took 0.220 seconds
[2026-07-01T12:08:27.655+0000] {processor.py:161} INFO - Started process (PID=1178) to work on /home/airflow/.local/lib/python3.8/site-packages/airflow/example_dags/example_task_group.py
[2026-07-01T12:08:27.658+0000] {processor.py:830} INFO - Processing file /home/airflow/.local/lib/python3.8/site-packages/airflow/example_dags/example_task_group.py for tasks to queue
[2026-07-01T12:08:27.664+0000] {logging_mixin.py:188} INFO - [2026-07-01T12:08:27.662+0000] {dagbag.py:538} INFO - Filling up the DagBag from /home/airflow/.local/lib/python3.8/site-packages/airflow/example_dags/example_task_group.py
[2026-07-01T12:08:27.682+0000] {processor.py:840} INFO - DAG(s) 'example_task_group' retrieved from /home/airflow/.local/lib/python3.8/site-packages/airflow/example_dags/example_task_group.py
[2026-07-01T12:08:27.732+0000] {logging_mixin.py:188} INFO - [2026-07-01T12:08:27.732+0000] {dag.py:3036} INFO - Sync 1 DAGs
[2026-07-01T12:08:27.782+0000] {logging_mixin.py:188} INFO - [2026-07-01T12:08:27.782+0000] {dag.py:3823} INFO - Setting next_dagrun for example_task_group to 2026-06-30 00:00:00+00:00, run_after=2026-07-01 00:00:00+00:00
[2026-07-01T12:08:27.825+0000] {processor.py:183} INFO - Processing /home/airflow/.local/lib/python3.8/site-packages/airflow/example_dags/example_task_group.py took 0.178 seconds
[2026-07-01T12:09:06.873+0000] {processor.py:161} INFO - Started process (PID=118) to work on /home/airflow/.local/lib/python3.8/site-packages/airflow/example_dags/example_task_group.py
[2026-07-01T12:09:06.877+0000] {processor.py:830} INFO - Processing file /home/airflow/.local/lib/python3.8/site-packages/airflow/example_dags/example_task_group.py for tasks to queue
[2026-07-01T12:09:06.885+0000] {logging_mixin.py:188} INFO - [2026-07-01T12:09:06.885+0000] {dagbag.py:538} INFO - Filling up the DagBag from /home/airflow/.local/lib/python3.8/site-packages/airflow/example_dags/example_task_group.py
[2026-07-01T12:09:06.921+0000] {processor.py:840} INFO - DAG(s) 'example_task_group' retrieved from /home/airflow/.local/lib/python3.8/site-packages/airflow/example_dags/example_task_group.py
[2026-07-01T12:09:07.017+0000] {logging_mixin.py:188} INFO - [2026-07-01T12:09:07.011+0000] {dag.py:3036} INFO - Sync 1 DAGs
[2026-07-01T12:09:07.157+0000] {logging_mixin.py:188} INFO - [2026-07-01T12:09:07.154+0000] {dag.py:3823} INFO - Setting next_dagrun for example_task_group to 2026-06-30 00:00:00+00:00, run_after=2026-07-01 00:00:00+00:00
[2026-07-01T12:09:07.334+0000] {processor.py:183} INFO - Processing /home/airflow/.local/lib/python3.8/site-packages/airflow/example_dags/example_task_group.py took 0.481 seconds
[2026-07-01T12:09:37.959+0000] {processor.py:161} INFO - Started process (PID=174) to work on /home/airflow/.local/lib/python3.8/site-packages/airflow/example_dags/example_task_group.py
[2026-07-01T12:09:37.963+0000] {processor.py:830} INFO - Processing file /home/airflow/.local/lib/python3.8/site-packages/airflow/example_dags/example_task_group.py for tasks to queue
[2026-07-01T12:09:37.970+0000] {logging_mixin.py:188} INFO - [2026-07-01T12:09:37.969+0000] {dagbag.py:538} INFO - Filling up the DagBag from /home/airflow/.local/lib/python3.8/site-packages/airflow/example_dags/example_task_group.py
[2026-07-01T12:09:37.993+0000] {processor.py:840} INFO - DAG(s) 'example_task_group' retrieved from /home/airflow/.local/lib/python3.8/site-packages/airflow/example_dags/example_task_group.py
[2026-07-01T12:09:38.063+0000] {logging_mixin.py:188} INFO - [2026-07-01T12:09:38.062+0000] {dag.py:3036} INFO - Sync 1 DAGs
[2026-07-01T12:09:38.151+0000] {logging_mixin.py:188} INFO - [2026-07-01T12:09:38.150+0000] {dag.py:3823} INFO - Setting next_dagrun for example_task_group to 2026-06-30 00:00:00+00:00, run_after=2026-07-01 00:00:00+00:00
[2026-07-01T12:09:38.237+0000] {processor.py:183} INFO - Processing /home/airflow/.local/lib/python3.8/site-packages/airflow/example_dags/example_task_group.py took 0.288 seconds
[2026-07-01T12:10:09.093+0000] {processor.py:161} INFO - Started process (PID=231) to work on /home/airflow/.local/lib/python3.8/site-packages/airflow/example_dags/example_task_group.py
[2026-07-01T12:10:09.099+0000] {processor.py:830} INFO - Processing file /home/airflow/.local/lib/python3.8/site-packages/airflow/example_dags/example_task_group.py for tasks to queue
[2026-07-01T12:10:09.106+0000] {logging_mixin.py:188} INFO - [2026-07-01T12:10:09.106+0000] {dagbag.py:538} INFO - Filling up the DagBag from /home/airflow/.local/lib/python3.8/site-packages/airflow/example_dags/example_task_group.py
[2026-07-01T12:10:09.126+0000] {processor.py:840} INFO - DAG(s) 'example_task_group' retrieved from /home/airflow/.local/lib/python3.8/site-packages/airflow/example_dags/example_task_group.py
[2026-07-01T12:10:09.189+0000] {logging_mixin.py:188} INFO - [2026-07-01T12:10:09.188+0000] {dag.py:3036} INFO - Sync 1 DAGs
[2026-07-01T12:10:09.246+0000] {logging_mixin.py:188} INFO - [2026-07-01T12:10:09.245+0000] {dag.py:3823} INFO - Setting next_dagrun for example_task_group to 2026-06-30 00:00:00+00:00, run_after=2026-07-01 00:00:00+00:00
[2026-07-01T12:10:09.297+0000] {processor.py:183} INFO - Processing /home/airflow/.local/lib/python3.8/site-packages/airflow/example_dags/example_task_group.py took 0.213 seconds
[2026-07-01T12:10:39.956+0000] {processor.py:161} INFO - Started process (PID=287) to work on /home/airflow/.local/lib/python3.8/site-packages/airflow/example_dags/example_task_group.py
[2026-07-01T12:10:39.961+0000] {processor.py:830} INFO - Processing file /home/airflow/.local/lib/python3.8/site-packages/airflow/example_dags/example_task_group.py for tasks to queue
[2026-07-01T12:10:39.968+0000] {logging_mixin.py:188} INFO - [2026-07-01T12:10:39.967+0000] {dagbag.py:538} INFO - Filling up the DagBag from /home/airflow/.local/lib/python3.8/site-packages/airflow/example_dags/example_task_group.py
[2026-07-01T12:10:39.994+0000] {processor.py:840} INFO - DAG(s) 'example_task_group' retrieved from /home/airflow/.local/lib/python3.8/site-packages/airflow/example_dags/example_task_group.py
[2026-07-01T12:10:40.059+0000] {logging_mixin.py:188} INFO - [2026-07-01T12:10:40.058+0000] {dag.py:3036} INFO - Sync 1 DAGs
[2026-07-01T12:10:40.121+0000] {logging_mixin.py:188} INFO - [2026-07-01T12:10:40.120+0000] {dag.py:3823} INFO - Setting next_dagrun for example_task_group to 2026-06-30 00:00:00+00:00, run_after=2026-07-01 00:00:00+00:00
[2026-07-01T12:10:40.170+0000] {processor.py:183} INFO - Processing /home/airflow/.local/lib/python3.8/site-packages/airflow/example_dags/example_task_group.py took 0.228 seconds
[2026-07-01T12:11:10.255+0000] {processor.py:161} INFO - Started process (PID=347) to work on /home/airflow/.local/lib/python3.8/site-packages/airflow/example_dags/example_task_group.py
[2026-07-01T12:11:10.259+0000] {processor.py:830} INFO - Processing file /home/airflow/.local/lib/python3.8/site-packages/airflow/example_dags/example_task_group.py for tasks to queue
[2026-07-01T12:11:10.265+0000] {logging_mixin.py:188} INFO - [2026-07-01T12:11:10.264+0000] {dagbag.py:538} INFO - Filling up the DagBag from /home/airflow/.local/lib/python3.8/site-packages/airflow/example_dags/example_task_group.py
[2026-07-01T12:11:10.284+0000] {processor.py:840} INFO - DAG(s) 'example_task_group' retrieved from /home/airflow/.local/lib/python3.8/site-packages/airflow/example_dags/example_task_group.py
[2026-07-01T12:11:10.338+0000] {logging_mixin.py:188} INFO - [2026-07-01T12:11:10.338+0000] {dag.py:3036} INFO - Sync 1 DAGs
[2026-07-01T12:11:10.391+0000] {logging_mixin.py:188} INFO - [2026-07-01T12:11:10.390+0000] {dag.py:3823} INFO - Setting next_dagrun for example_task_group to 2026-06-30 00:00:00+00:00, run_after=2026-07-01 00:00:00+00:00
[2026-07-01T12:11:10.434+0000] {processor.py:183} INFO - Processing /home/airflow/.local/lib/python3.8/site-packages/airflow/example_dags/example_task_group.py took 0.186 seconds
[2026-07-01T12:11:40.844+0000] {processor.py:161} INFO - Started process (PID=404) to work on /home/airflow/.local/lib/python3.8/site-packages/airflow/example_dags/example_task_group.py
[2026-07-01T12:11:40.847+0000] {processor.py:830} INFO - Processing file /home/airflow/.local/lib/python3.8/site-packages/airflow/example_dags/example_task_group.py for tasks to queue
[2026-07-01T12:11:40.854+0000] {logging_mixin.py:188} INFO - [2026-07-01T12:11:40.853+0000] {dagbag.py:538} INFO - Filling up the DagBag from /home/airflow/.local/lib/python3.8/site-packages/airflow/example_dags/example_task_group.py
[2026-07-01T12:11:40.873+0000] {processor.py:840} INFO - DAG(s) 'example_task_group' retrieved from /home/airflow/.local/lib/python3.8/site-packages/airflow/example_dags/example_task_group.py
[2026-07-01T12:11:40.936+0000] {logging_mixin.py:188} INFO - [2026-07-01T12:11:40.936+0000] {dag.py:3036} INFO - Sync 1 DAGs
[2026-07-01T12:11:41.002+0000] {logging_mixin.py:188} INFO - [2026-07-01T12:11:41.001+0000] {dag.py:3823} INFO - Setting next_dagrun for example_task_group to 2026-06-30 00:00:00+00:00, run_after=2026-07-01 00:00:00+00:00
[2026-07-01T12:11:41.051+0000] {processor.py:183} INFO - Processing /home/airflow/.local/lib/python3.8/site-packages/airflow/example_dags/example_task_group.py took 0.215 seconds
[2026-07-01T12:12:11.898+0000] {processor.py:161} INFO - Started process (PID=460) to work on /home/airflow/.local/lib/python3.8/site-packages/airflow/example_dags/example_task_group.py
[2026-07-01T12:12:11.902+0000] {processor.py:830} INFO - Processing file /home/airflow/.local/lib/python3.8/site-packages/airflow/example_dags/example_task_group.py for tasks to queue
[2026-07-01T12:12:11.908+0000] {logging_mixin.py:188} INFO - [2026-07-01T12:12:11.907+0000] {dagbag.py:538} INFO - Filling up the DagBag from /home/airflow/.local/lib/python3.8/site-packages/airflow/example_dags/example_task_group.py
[2026-07-01T12:12:11.930+0000] {processor.py:840} INFO - DAG(s) 'example_task_group' retrieved from /home/airflow/.local/lib/python3.8/site-packages/airflow/example_dags/example_task_group.py
[2026-07-01T12:12:11.991+0000] {logging_mixin.py:188} INFO - [2026-07-01T12:12:11.990+0000] {dag.py:3036} INFO - Sync 1 DAGs
[2026-07-01T12:12:12.050+0000] {logging_mixin.py:188} INFO - [2026-07-01T12:12:12.049+0000] {dag.py:3823} INFO - Setting next_dagrun for example_task_group to 2026-06-30 00:00:00+00:00, run_after=2026-07-01 00:00:00+00:00
[2026-07-01T12:12:12.097+0000] {processor.py:183} INFO - Processing /home/airflow/.local/lib/python3.8/site-packages/airflow/example_dags/example_task_group.py took 0.211 seconds
[2026-07-01T12:12:42.452+0000] {processor.py:161} INFO - Started process (PID=517) to work on /home/airflow/.local/lib/python3.8/site-packages/airflow/example_dags/example_task_group.py
[2026-07-01T12:12:42.455+0000] {processor.py:830} INFO - Processing file /home/airflow/.local/lib/python3.8/site-packages/airflow/example_dags/example_task_group.py for tasks to queue
[2026-07-01T12:12:42.460+0000] {logging_mixin.py:188} INFO - [2026-07-01T12:12:42.460+0000] {dagbag.py:538} INFO - Filling up the DagBag from /home/airflow/.local/lib/python3.8/site-packages/airflow/example_dags/example_task_group.py
[2026-07-01T12:12:42.478+0000] {processor.py:840} INFO - DAG(s) 'example_task_group' retrieved from /home/airflow/.local/lib/python3.8/site-packages/airflow/example_dags/example_task_group.py
[2026-07-01T12:12:42.537+0000] {logging_mixin.py:188} INFO - [2026-07-01T12:12:42.537+0000] {dag.py:3036} INFO - Sync 1 DAGs
[2026-07-01T12:12:42.599+0000] {logging_mixin.py:188} INFO - [2026-07-01T12:12:42.599+0000] {dag.py:3823} INFO - Setting next_dagrun for example_task_group to 2026-06-30 00:00:00+00:00, run_after=2026-07-01 00:00:00+00:00
[2026-07-01T12:12:42.641+0000] {processor.py:183} INFO - Processing /home/airflow/.local/lib/python3.8/site-packages/airflow/example_dags/example_task_group.py took 0.198 seconds
[2026-07-01T12:13:13.302+0000] {processor.py:161} INFO - Started process (PID=572) to work on /home/airflow/.local/lib/python3.8/site-packages/airflow/example_dags/example_task_group.py
[2026-07-01T12:13:13.306+0000] {processor.py:830} INFO - Processing file /home/airflow/.local/lib/python3.8/site-packages/airflow/example_dags/example_task_group.py for tasks to queue
[2026-07-01T12:13:13.312+0000] {logging_mixin.py:188} INFO - [2026-07-01T12:13:13.311+0000] {dagbag.py:538} INFO - Filling up the DagBag from /home/airflow/.local/lib/python3.8/site-packages/airflow/example_dags/example_task_group.py
[2026-07-01T12:13:13.335+0000] {processor.py:840} INFO - DAG(s) 'example_task_group' retrieved from /home/airflow/.local/lib/python3.8/site-packages/airflow/example_dags/example_task_group.py
[2026-07-01T12:13:13.398+0000] {logging_mixin.py:188} INFO - [2026-07-01T12:13:13.397+0000] {dag.py:3036} INFO - Sync 1 DAGs
[2026-07-01T12:13:13.456+0000] {logging_mixin.py:188} INFO - [2026-07-01T12:13:13.456+0000] {dag.py:3823} INFO - Setting next_dagrun for example_task_group to 2026-06-30 00:00:00+00:00, run_after=2026-07-01 00:00:00+00:00
[2026-07-01T12:13:13.503+0000] {processor.py:183} INFO - Processing /home/airflow/.local/lib/python3.8/site-packages/airflow/example_dags/example_task_group.py took 0.211 seconds
[2026-07-01T12:13:43.932+0000] {processor.py:161} INFO - Started process (PID=628) to work on /home/airflow/.local/lib/python3.8/site-packages/airflow/example_dags/example_task_group.py
[2026-07-01T12:13:43.935+0000] {processor.py:830} INFO - Processing file /home/airflow/.local/lib/python3.8/site-packages/airflow/example_dags/example_task_group.py for tasks to queue
[2026-07-01T12:13:43.942+0000] {logging_mixin.py:188} INFO - [2026-07-01T12:13:43.941+0000] {dagbag.py:538} INFO - Filling up the DagBag from /home/airflow/.local/lib/python3.8/site-packages/airflow/example_dags/example_task_group.py
[2026-07-01T12:13:43.970+0000] {processor.py:840} INFO - DAG(s) 'example_task_group' retrieved from /home/airflow/.local/lib/python3.8/site-packages/airflow/example_dags/example_task_group.py
[2026-07-01T12:13:44.039+0000] {logging_mixin.py:188} INFO - [2026-07-01T12:13:44.038+0000] {dag.py:3036} INFO - Sync 1 DAGs
[2026-07-01T12:13:44.114+0000] {logging_mixin.py:188} INFO - [2026-07-01T12:13:44.113+0000] {dag.py:3823} INFO - Setting next_dagrun for example_task_group to 2026-06-30 00:00:00+00:00, run_after=2026-07-01 00:00:00+00:00
[2026-07-01T12:13:44.211+0000] {processor.py:183} INFO - Processing /home/airflow/.local/lib/python3.8/site-packages/airflow/example_dags/example_task_group.py took 0.295 seconds
[2026-07-01T12:14:14.935+0000] {processor.py:161} INFO - Started process (PID=684) to work on /home/airflow/.local/lib/python3.8/site-packages/airflow/example_dags/example_task_group.py
[2026-07-01T12:14:14.942+0000] {processor.py:830} INFO - Processing file /home/airflow/.local/lib/python3.8/site-packages/airflow/example_dags/example_task_group.py for tasks to queue
[2026-07-01T12:14:14.955+0000] {logging_mixin.py:188} INFO - [2026-07-01T12:14:14.954+0000] {dagbag.py:538} INFO - Filling up the DagBag from /home/airflow/.local/lib/python3.8/site-packages/airflow/example_dags/example_task_group.py
[2026-07-01T12:14:14.986+0000] {processor.py:840} INFO - DAG(s) 'example_task_group' retrieved from /home/airflow/.local/lib/python3.8/site-packages/airflow/example_dags/example_task_group.py
[2026-07-01T12:14:15.063+0000] {logging_mixin.py:188} INFO - [2026-07-01T12:14:15.063+0000] {dag.py:3036} INFO - Sync 1 DAGs
[2026-07-01T12:14:15.138+0000] {logging_mixin.py:188} INFO - [2026-07-01T12:14:15.137+0000] {dag.py:3823} INFO - Setting next_dagrun for example_task_group to 2026-06-30 00:00:00+00:00, run_after=2026-07-01 00:00:00+00:00
[2026-07-01T12:14:15.200+0000] {processor.py:183} INFO - Processing /home/airflow/.local/lib/python3.8/site-packages/airflow/example_dags/example_task_group.py took 0.284 seconds
[2026-07-01T12:14:45.697+0000] {processor.py:161} INFO - Started process (PID=740) to work on /home/airflow/.local/lib/python3.8/site-packages/airflow/example_dags/example_task_group.py
[2026-07-01T12:14:45.700+0000] {processor.py:830} INFO - Processing file /home/airflow/.local/lib/python3.8/site-packages/airflow/example_dags/example_task_group.py for tasks to queue
[2026-07-01T12:14:45.706+0000] {logging_mixin.py:188} INFO - [2026-07-01T12:14:45.705+0000] {dagbag.py:538} INFO - Filling up the DagBag from /home/airflow/.local/lib/python3.8/site-packages/airflow/example_dags/example_task_group.py
[2026-07-01T12:14:45.725+0000] {processor.py:840} INFO - DAG(s) 'example_task_group' retrieved from /home/airflow/.local/lib/python3.8/site-packages/airflow/example_dags/example_task_group.py
[2026-07-01T12:14:45.788+0000] {logging_mixin.py:188} INFO - [2026-07-01T12:14:45.787+0000] {dag.py:3036} INFO - Sync 1 DAGs
[2026-07-01T12:14:45.852+0000] {logging_mixin.py:188} INFO - [2026-07-01T12:14:45.852+0000] {dag.py:3823} INFO - Setting next_dagrun for example_task_group to 2026-06-30 00:00:00+00:00, run_after=2026-07-01 00:00:00+00:00
[2026-07-01T12:14:45.911+0000] {processor.py:183} INFO - Processing /home/airflow/.local/lib/python3.8/site-packages/airflow/example_dags/example_task_group.py took 0.222 seconds
[2026-07-01T12:15:16.233+0000] {processor.py:161} INFO - Started process (PID=797) to work on /home/airflow/.local/lib/python3.8/site-packages/airflow/example_dags/example_task_group.py
[2026-07-01T12:15:16.236+0000] {processor.py:830} INFO - Processing file /home/airflow/.local/lib/python3.8/site-packages/airflow/example_dags/example_task_group.py for tasks to queue
[2026-07-01T12:15:16.242+0000] {logging_mixin.py:188} INFO - [2026-07-01T12:15:16.241+0000] {dagbag.py:538} INFO - Filling up the DagBag from /home/airflow/.local/lib/python3.8/site-packages/airflow/example_dags/example_task_group.py
[2026-07-01T12:15:16.260+0000] {processor.py:840} INFO - DAG(s) 'example_task_group' retrieved from /home/airflow/.local/lib/python3.8/site-packages/airflow/example_dags/example_task_group.py
[2026-07-01T12:15:16.315+0000] {logging_mixin.py:188} INFO - [2026-07-01T12:15:16.314+0000] {dag.py:3036} INFO - Sync 1 DAGs
[2026-07-01T12:15:16.375+0000] {logging_mixin.py:188} INFO - [2026-07-01T12:15:16.374+0000] {dag.py:3823} INFO - Setting next_dagrun for example_task_group to 2026-06-30 00:00:00+00:00, run_after=2026-07-01 00:00:00+00:00
[2026-07-01T12:15:16.443+0000] {processor.py:183} INFO - Processing /home/airflow/.local/lib/python3.8/site-packages/airflow/example_dags/example_task_group.py took 0.217 seconds
[2026-07-01T12:15:47.530+0000] {processor.py:161} INFO - Started process (PID=853) to work on /home/airflow/.local/lib/python3.8/site-packages/airflow/example_dags/example_task_group.py
[2026-07-01T12:15:47.535+0000] {processor.py:830} INFO - Processing file /home/airflow/.local/lib/python3.8/site-packages/airflow/example_dags/example_task_group.py for tasks to queue
[2026-07-01T12:15:47.543+0000] {logging_mixin.py:188} INFO - [2026-07-01T12:15:47.542+0000] {dagbag.py:538} INFO - Filling up the DagBag from /home/airflow/.local/lib/python3.8/site-packages/airflow/example_dags/example_task_group.py
[2026-07-01T12:15:47.578+0000] {processor.py:840} INFO - DAG(s) 'example_task_group' retrieved from /home/airflow/.local/lib/python3.8/site-packages/airflow/example_dags/example_task_group.py
[2026-07-01T12:15:47.658+0000] {logging_mixin.py:188} INFO - [2026-07-01T12:15:47.657+0000] {dag.py:3036} INFO - Sync 1 DAGs
[2026-07-01T12:15:47.728+0000] {logging_mixin.py:188} INFO - [2026-07-01T12:15:47.727+0000] {dag.py:3823} INFO - Setting next_dagrun for example_task_group to 2026-06-30 00:00:00+00:00, run_after=2026-07-01 00:00:00+00:00
[2026-07-01T12:15:47.777+0000] {processor.py:183} INFO - Processing /home/airflow/.local/lib/python3.8/site-packages/airflow/example_dags/example_task_group.py took 0.263 seconds
[2026-07-01T12:16:18.001+0000] {processor.py:161} INFO - Started process (PID=909) to work on /home/airflow/.local/lib/python3.8/site-packages/airflow/example_dags/example_task_group.py
[2026-07-01T12:16:18.004+0000] {processor.py:830} INFO - Processing file /home/airflow/.local/lib/python3.8/site-packages/airflow/example_dags/example_task_group.py for tasks to queue
[2026-07-01T12:16:18.009+0000] {logging_mixin.py:188} INFO - [2026-07-01T12:16:18.009+0000] {dagbag.py:538} INFO - Filling up the DagBag from /home/airflow/.local/lib/python3.8/site-packages/airflow/example_dags/example_task_group.py
[2026-07-01T12:16:18.027+0000] {processor.py:840} INFO - DAG(s) 'example_task_group' retrieved from /home/airflow/.local/lib/python3.8/site-packages/airflow/example_dags/example_task_group.py
[2026-07-01T12:16:18.077+0000] {logging_mixin.py:188} INFO - [2026-07-01T12:16:18.076+0000] {dag.py:3036} INFO - Sync 1 DAGs
[2026-07-01T12:16:18.125+0000] {logging_mixin.py:188} INFO - [2026-07-01T12:16:18.125+0000] {dag.py:3823} INFO - Setting next_dagrun for example_task_group to 2026-06-30 00:00:00+00:00, run_after=2026-07-01 00:00:00+00:00
[2026-07-01T12:16:18.164+0000] {processor.py:183} INFO - Processing /home/airflow/.local/lib/python3.8/site-packages/airflow/example_dags/example_task_group.py took 0.172 seconds
[2026-07-01T12:16:48.507+0000] {processor.py:161} INFO - Started process (PID=965) to work on /home/airflow/.local/lib/python3.8/site-packages/airflow/example_dags/example_task_group.py
[2026-07-01T12:16:48.511+0000] {processor.py:830} INFO - Processing file /home/airflow/.local/lib/python3.8/site-packages/airflow/example_dags/example_task_group.py for tasks to queue
[2026-07-01T12:16:48.517+0000] {logging_mixin.py:188} INFO - [2026-07-01T12:16:48.517+0000] {dagbag.py:538} INFO - Filling up the DagBag from /home/airflow/.local/lib/python3.8/site-packages/airflow/example_dags/example_task_group.py
[2026-07-01T12:16:48.538+0000] {processor.py:840} INFO - DAG(s) 'example_task_group' retrieved from /home/airflow/.local/lib/python3.8/site-packages/airflow/example_dags/example_task_group.py
[2026-07-01T12:16:48.597+0000] {logging_mixin.py:188} INFO - [2026-07-01T12:16:48.596+0000] {dag.py:3036} INFO - Sync 1 DAGs
[2026-07-01T12:16:48.653+0000] {logging_mixin.py:188} INFO - [2026-07-01T12:16:48.653+0000] {dag.py:3823} INFO - Setting next_dagrun for example_task_group to 2026-06-30 00:00:00+00:00, run_after=2026-07-01 00:00:00+00:00
[2026-07-01T12:16:48.707+0000] {processor.py:183} INFO - Processing /home/airflow/.local/lib/python3.8/site-packages/airflow/example_dags/example_task_group.py took 0.211 seconds
[2026-07-01T12:17:19.972+0000] {processor.py:161} INFO - Started process (PID=1021) to work on /home/airflow/.local/lib/python3.8/site-packages/airflow/example_dags/example_task_group.py
[2026-07-01T12:17:19.979+0000] {processor.py:830} INFO - Processing file /home/airflow/.local/lib/python3.8/site-packages/airflow/example_dags/example_task_group.py for tasks to queue
[2026-07-01T12:17:19.999+0000] {logging_mixin.py:188} INFO - [2026-07-01T12:17:19.998+0000] {dagbag.py:538} INFO - Filling up the DagBag from /home/airflow/.local/lib/python3.8/site-packages/airflow/example_dags/example_task_group.py
[2026-07-01T12:17:20.038+0000] {processor.py:840} INFO - DAG(s) 'example_task_group' retrieved from /home/airflow/.local/lib/python3.8/site-packages/airflow/example_dags/example_task_group.py
[2026-07-01T12:17:20.151+0000] {logging_mixin.py:188} INFO - [2026-07-01T12:17:20.150+0000] {dag.py:3036} INFO - Sync 1 DAGs
[2026-07-01T12:17:20.273+0000] {logging_mixin.py:188} INFO - [2026-07-01T12:17:20.272+0000] {dag.py:3823} INFO - Setting next_dagrun for example_task_group to 2026-06-30 00:00:00+00:00, run_after=2026-07-01 00:00:00+00:00
[2026-07-01T12:17:20.380+0000] {processor.py:183} INFO - Processing /home/airflow/.local/lib/python3.8/site-packages/airflow/example_dags/example_task_group.py took 0.429 seconds
[2026-07-01T12:17:51.011+0000] {processor.py:161} INFO - Started process (PID=1077) to work on /home/airflow/.local/lib/python3.8/site-packages/airflow/example_dags/example_task_group.py
[2026-07-01T12:17:51.014+0000] {processor.py:830} INFO - Processing file /home/airflow/.local/lib/python3.8/site-packages/airflow/example_dags/example_task_group.py for tasks to queue
[2026-07-01T12:17:51.018+0000] {logging_mixin.py:188} INFO - [2026-07-01T12:17:51.018+0000] {dagbag.py:538} INFO - Filling up the DagBag from /home/airflow/.local/lib/python3.8/site-packages/airflow/example_dags/example_task_group.py
[2026-07-01T12:17:51.035+0000] {processor.py:840} INFO - DAG(s) 'example_task_group' retrieved from /home/airflow/.local/lib/python3.8/site-packages/airflow/example_dags/example_task_group.py
[2026-07-01T12:17:51.090+0000] {logging_mixin.py:188} INFO - [2026-07-01T12:17:51.090+0000] {dag.py:3036} INFO - Sync 1 DAGs
[2026-07-01T12:17:51.148+0000] {logging_mixin.py:188} INFO - [2026-07-01T12:17:51.148+0000] {dag.py:3823} INFO - Setting next_dagrun for example_task_group to 2026-06-30 00:00:00+00:00, run_after=2026-07-01 00:00:00+00:00
[2026-07-01T12:17:51.190+0000] {processor.py:183} INFO - Processing /home/airflow/.local/lib/python3.8/site-packages/airflow/example_dags/example_task_group.py took 0.187 seconds
[2026-07-01T12:18:24.364+0000] {processor.py:161} INFO - Started process (PID=1133) to work on /home/airflow/.local/lib/python3.8/site-packages/airflow/example_dags/example_task_group.py
[2026-07-01T12:18:24.369+0000] {processor.py:830} INFO - Processing file /home/airflow/.local/lib/python3.8/site-packages/airflow/example_dags/example_task_group.py for tasks to queue
[2026-07-01T12:18:24.382+0000] {logging_mixin.py:188} INFO - [2026-07-01T12:18:24.380+0000] {dagbag.py:538} INFO - Filling up the DagBag from /home/airflow/.local/lib/python3.8/site-packages/airflow/example_dags/example_task_group.py
[2026-07-01T12:18:24.416+0000] {processor.py:840} INFO - DAG(s) 'example_task_group' retrieved from /home/airflow/.local/lib/python3.8/site-packages/airflow/example_dags/example_task_group.py
[2026-07-01T12:18:24.565+0000] {logging_mixin.py:188} INFO - [2026-07-01T12:18:24.564+0000] {dag.py:3036} INFO - Sync 1 DAGs
[2026-07-01T12:18:24.690+0000] {logging_mixin.py:188} INFO - [2026-07-01T12:18:24.688+0000] {dag.py:3823} INFO - Setting next_dagrun for example_task_group to 2026-06-30 00:00:00+00:00, run_after=2026-07-01 00:00:00+00:00
[2026-07-01T12:18:24.776+0000] {processor.py:183} INFO - Processing /home/airflow/.local/lib/python3.8/site-packages/airflow/example_dags/example_task_group.py took 0.430 seconds
[2026-07-01T12:18:55.496+0000] {processor.py:161} INFO - Started process (PID=1189) to work on /home/airflow/.local/lib/python3.8/site-packages/airflow/example_dags/example_task_group.py
[2026-07-01T12:18:55.499+0000] {processor.py:830} INFO - Processing file /home/airflow/.local/lib/python3.8/site-packages/airflow/example_dags/example_task_group.py for tasks to queue
[2026-07-01T12:18:55.505+0000] {logging_mixin.py:188} INFO - [2026-07-01T12:18:55.504+0000] {dagbag.py:538} INFO - Filling up the DagBag from /home/airflow/.local/lib/python3.8/site-packages/airflow/example_dags/example_task_group.py
[2026-07-01T12:18:55.524+0000] {processor.py:840} INFO - DAG(s) 'example_task_group' retrieved from /home/airflow/.local/lib/python3.8/site-packages/airflow/example_dags/example_task_group.py
[2026-07-01T12:18:55.574+0000] {logging_mixin.py:188} INFO - [2026-07-01T12:18:55.573+0000] {dag.py:3036} INFO - Sync 1 DAGs
[2026-07-01T12:18:55.624+0000] {logging_mixin.py:188} INFO - [2026-07-01T12:18:55.623+0000] {dag.py:3823} INFO - Setting next_dagrun for example_task_group to 2026-06-30 00:00:00+00:00, run_after=2026-07-01 00:00:00+00:00
[2026-07-01T12:18:55.669+0000] {processor.py:183} INFO - Processing /home/airflow/.local/lib/python3.8/site-packages/airflow/example_dags/example_task_group.py took 0.180 seconds
[2026-07-01T12:19:26.188+0000] {processor.py:161} INFO - Started process (PID=1245) to work on /home/airflow/.local/lib/python3.8/site-packages/airflow/example_dags/example_task_group.py
[2026-07-01T12:19:26.191+0000] {processor.py:830} INFO - Processing file /home/airflow/.local/lib/python3.8/site-packages/airflow/example_dags/example_task_group.py for tasks to queue
[2026-07-01T12:19:26.197+0000] {logging_mixin.py:188} INFO - [2026-07-01T12:19:26.196+0000] {dagbag.py:538} INFO - Filling up the DagBag from /home/airflow/.local/lib/python3.8/site-packages/airflow/example_dags/example_task_group.py
[2026-07-01T12:19:26.216+0000] {processor.py:840} INFO - DAG(s) 'example_task_group' retrieved from /home/airflow/.local/lib/python3.8/site-packages/airflow/example_dags/example_task_group.py
[2026-07-01T12:19:26.278+0000] {logging_mixin.py:188} INFO - [2026-07-01T12:19:26.277+0000] {dag.py:3036} INFO - Sync 1 DAGs
[2026-07-01T12:19:26.337+0000] {logging_mixin.py:188} INFO - [2026-07-01T12:19:26.336+0000] {dag.py:3823} INFO - Setting next_dagrun for example_task_group to 2026-06-30 00:00:00+00:00, run_after=2026-07-01 00:00:00+00:00
[2026-07-01T12:19:26.382+0000] {processor.py:183} INFO - Processing /home/airflow/.local/lib/python3.8/site-packages/airflow/example_dags/example_task_group.py took 0.203 seconds
[2026-07-01T12:19:59.611+0000] {processor.py:161} INFO - Started process (PID=1301) to work on /home/airflow/.local/lib/python3.8/site-packages/airflow/example_dags/example_task_group.py
[2026-07-01T12:19:59.619+0000] {processor.py:830} INFO - Processing file /home/airflow/.local/lib/python3.8/site-packages/airflow/example_dags/example_task_group.py for tasks to queue
[2026-07-01T12:19:59.624+0000] {logging_mixin.py:188} INFO - [2026-07-01T12:19:59.623+0000] {dagbag.py:538} INFO - Filling up the DagBag from /home/airflow/.local/lib/python3.8/site-packages/airflow/example_dags/example_task_group.py
[2026-07-01T12:19:59.651+0000] {processor.py:840} INFO - DAG(s) 'example_task_group' retrieved from /home/airflow/.local/lib/python3.8/site-packages/airflow/example_dags/example_task_group.py
[2026-07-01T12:20:00.158+0000] {logging_mixin.py:188} INFO - [2026-07-01T12:20:00.157+0000] {dag.py:3036} INFO - Sync 1 DAGs
[2026-07-01T12:20:00.273+0000] {logging_mixin.py:188} INFO - [2026-07-01T12:20:00.272+0000] {dag.py:3823} INFO - Setting next_dagrun for example_task_group to 2026-06-30 00:00:00+00:00, run_after=2026-07-01 00:00:00+00:00
[2026-07-01T12:20:00.385+0000] {processor.py:183} INFO - Processing /home/airflow/.local/lib/python3.8/site-packages/airflow/example_dags/example_task_group.py took 0.783 seconds
[2026-07-01T12:20:35.325+0000] {processor.py:161} INFO - Started process (PID=1362) to work on /home/airflow/.local/lib/python3.8/site-packages/airflow/example_dags/example_task_group.py
[2026-07-01T12:20:35.337+0000] {processor.py:830} INFO - Processing file /home/airflow/.local/lib/python3.8/site-packages/airflow/example_dags/example_task_group.py for tasks to queue
[2026-07-01T12:20:35.363+0000] {logging_mixin.py:188} INFO - [2026-07-01T12:20:35.360+0000] {dagbag.py:538} INFO - Filling up the DagBag from /home/airflow/.local/lib/python3.8/site-packages/airflow/example_dags/example_task_group.py
[2026-07-01T12:20:35.450+0000] {processor.py:840} INFO - DAG(s) 'example_task_group' retrieved from /home/airflow/.local/lib/python3.8/site-packages/airflow/example_dags/example_task_group.py
[2026-07-01T12:20:35.602+0000] {logging_mixin.py:188} INFO - [2026-07-01T12:20:35.600+0000] {dag.py:3036} INFO - Sync 1 DAGs
[2026-07-01T12:20:35.715+0000] {logging_mixin.py:188} INFO - [2026-07-01T12:20:35.714+0000] {dag.py:3823} INFO - Setting next_dagrun for example_task_group to 2026-06-30 00:00:00+00:00, run_after=2026-07-01 00:00:00+00:00
[2026-07-01T12:20:35.989+0000] {processor.py:183} INFO - Processing /home/airflow/.local/lib/python3.8/site-packages/airflow/example_dags/example_task_group.py took 0.713 seconds
[2026-07-01T12:21:06.497+0000] {processor.py:161} INFO - Started process (PID=1418) to work on /home/airflow/.local/lib/python3.8/site-packages/airflow/example_dags/example_task_group.py
[2026-07-01T12:21:06.502+0000] {processor.py:830} INFO - Processing file /home/airflow/.local/lib/python3.8/site-packages/airflow/example_dags/example_task_group.py for tasks to queue
[2026-07-01T12:21:06.509+0000] {logging_mixin.py:188} INFO - [2026-07-01T12:21:06.508+0000] {dagbag.py:538} INFO - Filling up the DagBag from /home/airflow/.local/lib/python3.8/site-packages/airflow/example_dags/example_task_group.py
[2026-07-01T12:21:06.533+0000] {processor.py:840} INFO - DAG(s) 'example_task_group' retrieved from /home/airflow/.local/lib/python3.8/site-packages/airflow/example_dags/example_task_group.py
[2026-07-01T12:21:06.595+0000] {logging_mixin.py:188} INFO - [2026-07-01T12:21:06.594+0000] {dag.py:3036} INFO - Sync 1 DAGs
[2026-07-01T12:21:06.655+0000] {logging_mixin.py:188} INFO - [2026-07-01T12:21:06.655+0000] {dag.py:3823} INFO - Setting next_dagrun for example_task_group to 2026-06-30 00:00:00+00:00, run_after=2026-07-01 00:00:00+00:00
[2026-07-01T12:21:06.704+0000] {processor.py:183} INFO - Processing /home/airflow/.local/lib/python3.8/site-packages/airflow/example_dags/example_task_group.py took 0.220 seconds
[2026-07-01T12:21:36.841+0000] {processor.py:161} INFO - Started process (PID=1474) to work on /home/airflow/.local/lib/python3.8/site-packages/airflow/example_dags/example_task_group.py
[2026-07-01T12:21:36.845+0000] {processor.py:830} INFO - Processing file /home/airflow/.local/lib/python3.8/site-packages/airflow/example_dags/example_task_group.py for tasks to queue
[2026-07-01T12:21:36.851+0000] {logging_mixin.py:188} INFO - [2026-07-01T12:21:36.850+0000] {dagbag.py:538} INFO - Filling up the DagBag from /home/airflow/.local/lib/python3.8/site-packages/airflow/example_dags/example_task_group.py
[2026-07-01T12:21:36.871+0000] {processor.py:840} INFO - DAG(s) 'example_task_group' retrieved from /home/airflow/.local/lib/python3.8/site-packages/airflow/example_dags/example_task_group.py
[2026-07-01T12:21:36.945+0000] {logging_mixin.py:188} INFO - [2026-07-01T12:21:36.945+0000] {dag.py:3036} INFO - Sync 1 DAGs
[2026-07-01T12:21:37.017+0000] {logging_mixin.py:188} INFO - [2026-07-01T12:21:37.016+0000] {dag.py:3823} INFO - Setting next_dagrun for example_task_group to 2026-06-30 00:00:00+00:00, run_after=2026-07-01 00:00:00+00:00
[2026-07-01T12:21:37.081+0000] {processor.py:183} INFO - Processing /home/airflow/.local/lib/python3.8/site-packages/airflow/example_dags/example_task_group.py took 0.250 seconds
[2026-07-01T12:22:07.353+0000] {processor.py:161} INFO - Started process (PID=1530) to work on /home/airflow/.local/lib/python3.8/site-packages/airflow/example_dags/example_task_group.py
[2026-07-01T12:22:07.356+0000] {processor.py:830} INFO - Processing file /home/airflow/.local/lib/python3.8/site-packages/airflow/example_dags/example_task_group.py for tasks to queue
[2026-07-01T12:22:07.361+0000] {logging_mixin.py:188} INFO - [2026-07-01T12:22:07.360+0000] {dagbag.py:538} INFO - Filling up the DagBag from /home/airflow/.local/lib/python3.8/site-packages/airflow/example_dags/example_task_group.py
[2026-07-01T12:22:07.377+0000] {processor.py:840} INFO - DAG(s) 'example_task_group' retrieved from /home/airflow/.local/lib/python3.8/site-packages/airflow/example_dags/example_task_group.py
[2026-07-01T12:22:07.426+0000] {logging_mixin.py:188} INFO - [2026-07-01T12:22:07.425+0000] {dag.py:3036} INFO - Sync 1 DAGs
[2026-07-01T12:22:07.476+0000] {logging_mixin.py:188} INFO - [2026-07-01T12:22:07.475+0000] {dag.py:3823} INFO - Setting next_dagrun for example_task_group to 2026-06-30 00:00:00+00:00, run_after=2026-07-01 00:00:00+00:00
[2026-07-01T12:22:07.518+0000] {processor.py:183} INFO - Processing /home/airflow/.local/lib/python3.8/site-packages/airflow/example_dags/example_task_group.py took 0.173 seconds
[2026-07-01T12:22:37.865+0000] {processor.py:161} INFO - Started process (PID=1586) to work on /home/airflow/.local/lib/python3.8/site-packages/airflow/example_dags/example_task_group.py
[2026-07-01T12:22:37.869+0000] {processor.py:830} INFO - Processing file /home/airflow/.local/lib/python3.8/site-packages/airflow/example_dags/example_task_group.py for tasks to queue
[2026-07-01T12:22:37.876+0000] {logging_mixin.py:188} INFO - [2026-07-01T12:22:37.875+0000] {dagbag.py:538} INFO - Filling up the DagBag from /home/airflow/.local/lib/python3.8/site-packages/airflow/example_dags/example_task_group.py
[2026-07-01T12:22:37.907+0000] {processor.py:840} INFO - DAG(s) 'example_task_group' retrieved from /home/airflow/.local/lib/python3.8/site-packages/airflow/example_dags/example_task_group.py
[2026-07-01T12:22:37.971+0000] {logging_mixin.py:188} INFO - [2026-07-01T12:22:37.970+0000] {dag.py:3036} INFO - Sync 1 DAGs
[2026-07-01T12:22:38.035+0000] {logging_mixin.py:188} INFO - [2026-07-01T12:22:38.035+0000] {dag.py:3823} INFO - Setting next_dagrun for example_task_group to 2026-06-30 00:00:00+00:00, run_after=2026-07-01 00:00:00+00:00
[2026-07-01T12:22:38.084+0000] {processor.py:183} INFO - Processing /home/airflow/.local/lib/python3.8/site-packages/airflow/example_dags/example_task_group.py took 0.233 seconds
[2026-07-01T12:23:08.529+0000] {processor.py:161} INFO - Started process (PID=1642) to work on /home/airflow/.local/lib/python3.8/site-packages/airflow/example_dags/example_task_group.py
[2026-07-01T12:23:08.532+0000] {processor.py:830} INFO - Processing file /home/airflow/.local/lib/python3.8/site-packages/airflow/example_dags/example_task_group.py for tasks to queue
[2026-07-01T12:23:08.539+0000] {logging_mixin.py:188} INFO - [2026-07-01T12:23:08.538+0000] {dagbag.py:538} INFO - Filling up the DagBag from /home/airflow/.local/lib/python3.8/site-packages/airflow/example_dags/example_task_group.py
[2026-07-01T12:23:08.558+0000] {processor.py:840} INFO - DAG(s) 'example_task_group' retrieved from /home/airflow/.local/lib/python3.8/site-packages/airflow/example_dags/example_task_group.py
[2026-07-01T12:23:08.614+0000] {logging_mixin.py:188} INFO - [2026-07-01T12:23:08.613+0000] {dag.py:3036} INFO - Sync 1 DAGs
[2026-07-01T12:23:08.661+0000] {logging_mixin.py:188} INFO - [2026-07-01T12:23:08.661+0000] {dag.py:3823} INFO - Setting next_dagrun for example_task_group to 2026-06-30 00:00:00+00:00, run_after=2026-07-01 00:00:00+00:00
[2026-07-01T12:23:08.703+0000] {processor.py:183} INFO - Processing /home/airflow/.local/lib/python3.8/site-packages/airflow/example_dags/example_task_group.py took 0.181 seconds
[2026-07-01T12:23:39.337+0000] {processor.py:161} INFO - Started process (PID=1698) to work on /home/airflow/.local/lib/python3.8/site-packages/airflow/example_dags/example_task_group.py
[2026-07-01T12:23:39.341+0000] {processor.py:830} INFO - Processing file /home/airflow/.local/lib/python3.8/site-packages/airflow/example_dags/example_task_group.py for tasks to queue
[2026-07-01T12:23:39.347+0000] {logging_mixin.py:188} INFO - [2026-07-01T12:23:39.346+0000] {dagbag.py:538} INFO - Filling up the DagBag from /home/airflow/.local/lib/python3.8/site-packages/airflow/example_dags/example_task_group.py
[2026-07-01T12:23:39.368+0000] {processor.py:840} INFO - DAG(s) 'example_task_group' retrieved from /home/airflow/.local/lib/python3.8/site-packages/airflow/example_dags/example_task_group.py
[2026-07-01T12:23:39.425+0000] {logging_mixin.py:188} INFO - [2026-07-01T12:23:39.424+0000] {dag.py:3036} INFO - Sync 1 DAGs
[2026-07-01T12:23:39.480+0000] {logging_mixin.py:188} INFO - [2026-07-01T12:23:39.480+0000] {dag.py:3823} INFO - Setting next_dagrun for example_task_group to 2026-06-30 00:00:00+00:00, run_after=2026-07-01 00:00:00+00:00
[2026-07-01T12:23:39.535+0000] {processor.py:183} INFO - Processing /home/airflow/.local/lib/python3.8/site-packages/airflow/example_dags/example_task_group.py took 0.207 seconds
[2026-07-01T12:24:10.049+0000] {processor.py:161} INFO - Started process (PID=1754) to work on /home/airflow/.local/lib/python3.8/site-packages/airflow/example_dags/example_task_group.py
[2026-07-01T12:24:10.054+0000] {processor.py:830} INFO - Processing file /home/airflow/.local/lib/python3.8/site-packages/airflow/example_dags/example_task_group.py for tasks to queue
[2026-07-01T12:24:10.060+0000] {logging_mixin.py:188} INFO - [2026-07-01T12:24:10.059+0000] {dagbag.py:538} INFO - Filling up the DagBag from /home/airflow/.local/lib/python3.8/site-packages/airflow/example_dags/example_task_group.py
[2026-07-01T12:24:10.082+0000] {processor.py:840} INFO - DAG(s) 'example_task_group' retrieved from /home/airflow/.local/lib/python3.8/site-packages/airflow/example_dags/example_task_group.py
[2026-07-01T12:24:10.144+0000] {logging_mixin.py:188} INFO - [2026-07-01T12:24:10.143+0000] {dag.py:3036} INFO - Sync 1 DAGs
[2026-07-01T12:24:10.204+0000] {logging_mixin.py:188} INFO - [2026-07-01T12:24:10.204+0000] {dag.py:3823} INFO - Setting next_dagrun for example_task_group to 2026-06-30 00:00:00+00:00, run_after=2026-07-01 00:00:00+00:00
[2026-07-01T12:24:10.259+0000] {processor.py:183} INFO - Processing /home/airflow/.local/lib/python3.8/site-packages/airflow/example_dags/example_task_group.py took 0.222 seconds
[2026-07-01T12:24:40.495+0000] {processor.py:161} INFO - Started process (PID=1810) to work on /home/airflow/.local/lib/python3.8/site-packages/airflow/example_dags/example_task_group.py
[2026-07-01T12:24:40.498+0000] {processor.py:830} INFO - Processing file /home/airflow/.local/lib/python3.8/site-packages/airflow/example_dags/example_task_group.py for tasks to queue
[2026-07-01T12:24:40.504+0000] {logging_mixin.py:188} INFO - [2026-07-01T12:24:40.503+0000] {dagbag.py:538} INFO - Filling up the DagBag from /home/airflow/.local/lib/python3.8/site-packages/airflow/example_dags/example_task_group.py
[2026-07-01T12:24:40.522+0000] {processor.py:840} INFO - DAG(s) 'example_task_group' retrieved from /home/airflow/.local/lib/python3.8/site-packages/airflow/example_dags/example_task_group.py
[2026-07-01T12:24:40.582+0000] {logging_mixin.py:188} INFO - [2026-07-01T12:24:40.582+0000] {dag.py:3036} INFO - Sync 1 DAGs
[2026-07-01T12:24:40.649+0000] {logging_mixin.py:188} INFO - [2026-07-01T12:24:40.648+0000] {dag.py:3823} INFO - Setting next_dagrun for example_task_group to 2026-06-30 00:00:00+00:00, run_after=2026-07-01 00:00:00+00:00
[2026-07-01T12:24:40.698+0000] {processor.py:183} INFO - Processing /home/airflow/.local/lib/python3.8/site-packages/airflow/example_dags/example_task_group.py took 0.211 seconds
[2026-07-01T12:25:11.449+0000] {processor.py:161} INFO - Started process (PID=1866) to work on /home/airflow/.local/lib/python3.8/site-packages/airflow/example_dags/example_task_group.py
[2026-07-01T12:25:11.453+0000] {processor.py:830} INFO - Processing file /home/airflow/.local/lib/python3.8/site-packages/airflow/example_dags/example_task_group.py for tasks to queue
[2026-07-01T12:25:11.460+0000] {logging_mixin.py:188} INFO - [2026-07-01T12:25:11.459+0000] {dagbag.py:538} INFO - Filling up the DagBag from /home/airflow/.local/lib/python3.8/site-packages/airflow/example_dags/example_task_group.py
[2026-07-01T12:25:11.483+0000] {processor.py:840} INFO - DAG(s) 'example_task_group' retrieved from /home/airflow/.local/lib/python3.8/site-packages/airflow/example_dags/example_task_group.py
[2026-07-01T12:25:11.544+0000] {logging_mixin.py:188} INFO - [2026-07-01T12:25:11.543+0000] {dag.py:3036} INFO - Sync 1 DAGs
[2026-07-01T12:25:11.607+0000] {logging_mixin.py:188} INFO - [2026-07-01T12:25:11.606+0000] {dag.py:3823} INFO - Setting next_dagrun for example_task_group to 2026-06-30 00:00:00+00:00, run_after=2026-07-01 00:00:00+00:00
[2026-07-01T12:25:11.651+0000] {processor.py:183} INFO - Processing /home/airflow/.local/lib/python3.8/site-packages/airflow/example_dags/example_task_group.py took 0.214 seconds
[2026-07-01T12:25:42.246+0000] {processor.py:161} INFO - Started process (PID=1922) to work on /home/airflow/.local/lib/python3.8/site-packages/airflow/example_dags/example_task_group.py
[2026-07-01T12:25:42.249+0000] {processor.py:830} INFO - Processing file /home/airflow/.local/lib/python3.8/site-packages/airflow/example_dags/example_task_group.py for tasks to queue
[2026-07-01T12:25:42.255+0000] {logging_mixin.py:188} INFO - [2026-07-01T12:25:42.254+0000] {dagbag.py:538} INFO - Filling up the DagBag from /home/airflow/.local/lib/python3.8/site-packages/airflow/example_dags/example_task_group.py
[2026-07-01T12:25:42.274+0000] {processor.py:840} INFO - DAG(s) 'example_task_group' retrieved from /home/airflow/.local/lib/python3.8/site-packages/airflow/example_dags/example_task_group.py
[2026-07-01T12:25:42.332+0000] {logging_mixin.py:188} INFO - [2026-07-01T12:25:42.331+0000] {dag.py:3036} INFO - Sync 1 DAGs
[2026-07-01T12:25:42.388+0000] {logging_mixin.py:188} INFO - [2026-07-01T12:25:42.387+0000] {dag.py:3823} INFO - Setting next_dagrun for example_task_group to 2026-06-30 00:00:00+00:00, run_after=2026-07-01 00:00:00+00:00
[2026-07-01T12:25:42.437+0000] {processor.py:183} INFO - Processing /home/airflow/.local/lib/python3.8/site-packages/airflow/example_dags/example_task_group.py took 0.199 seconds
[2026-07-01T12:26:13.474+0000] {processor.py:161} INFO - Started process (PID=1978) to work on /home/airflow/.local/lib/python3.8/site-packages/airflow/example_dags/example_task_group.py
[2026-07-01T12:26:13.478+0000] {processor.py:830} INFO - Processing file /home/airflow/.local/lib/python3.8/site-packages/airflow/example_dags/example_task_group.py for tasks to queue
[2026-07-01T12:26:13.485+0000] {logging_mixin.py:188} INFO - [2026-07-01T12:26:13.484+0000] {dagbag.py:538} INFO - Filling up the DagBag from /home/airflow/.local/lib/python3.8/site-packages/airflow/example_dags/example_task_group.py
[2026-07-01T12:26:13.515+0000] {processor.py:840} INFO - DAG(s) 'example_task_group' retrieved from /home/airflow/.local/lib/python3.8/site-packages/airflow/example_dags/example_task_group.py
[2026-07-01T12:26:13.590+0000] {logging_mixin.py:188} INFO - [2026-07-01T12:26:13.589+0000] {dag.py:3036} INFO - Sync 1 DAGs
[2026-07-01T12:26:13.673+0000] {logging_mixin.py:188} INFO - [2026-07-01T12:26:13.672+0000] {dag.py:3823} INFO - Setting next_dagrun for example_task_group to 2026-06-30 00:00:00+00:00, run_after=2026-07-01 00:00:00+00:00
[2026-07-01T12:26:13.729+0000] {processor.py:183} INFO - Processing /home/airflow/.local/lib/python3.8/site-packages/airflow/example_dags/example_task_group.py took 0.263 seconds
[2026-07-01T12:26:44.113+0000] {processor.py:161} INFO - Started process (PID=2034) to work on /home/airflow/.local/lib/python3.8/site-packages/airflow/example_dags/example_task_group.py
[2026-07-01T12:26:44.116+0000] {processor.py:830} INFO - Processing file /home/airflow/.local/lib/python3.8/site-packages/airflow/example_dags/example_task_group.py for tasks to queue
[2026-07-01T12:26:44.123+0000] {logging_mixin.py:188} INFO - [2026-07-01T12:26:44.122+0000] {dagbag.py:538} INFO - Filling up the DagBag from /home/airflow/.local/lib/python3.8/site-packages/airflow/example_dags/example_task_group.py
[2026-07-01T12:26:44.143+0000] {processor.py:840} INFO - DAG(s) 'example_task_group' retrieved from /home/airflow/.local/lib/python3.8/site-packages/airflow/example_dags/example_task_group.py
[2026-07-01T12:26:44.198+0000] {logging_mixin.py:188} INFO - [2026-07-01T12:26:44.197+0000] {dag.py:3036} INFO - Sync 1 DAGs
[2026-07-01T12:26:44.278+0000] {logging_mixin.py:188} INFO - [2026-07-01T12:26:44.277+0000] {dag.py:3823} INFO - Setting next_dagrun for example_task_group to 2026-06-30 00:00:00+00:00, run_after=2026-07-01 00:00:00+00:00
[2026-07-01T12:26:44.360+0000] {processor.py:183} INFO - Processing /home/airflow/.local/lib/python3.8/site-packages/airflow/example_dags/example_task_group.py took 0.256 seconds
[2026-07-01T12:27:15.320+0000] {processor.py:161} INFO - Started process (PID=2090) to work on /home/airflow/.local/lib/python3.8/site-packages/airflow/example_dags/example_task_group.py
[2026-07-01T12:27:15.324+0000] {processor.py:830} INFO - Processing file /home/airflow/.local/lib/python3.8/site-packages/airflow/example_dags/example_task_group.py for tasks to queue
[2026-07-01T12:27:15.331+0000] {logging_mixin.py:188} INFO - [2026-07-01T12:27:15.330+0000] {dagbag.py:538} INFO - Filling up the DagBag from /home/airflow/.local/lib/python3.8/site-packages/airflow/example_dags/example_task_group.py
[2026-07-01T12:27:15.355+0000] {processor.py:840} INFO - DAG(s) 'example_task_group' retrieved from /home/airflow/.local/lib/python3.8/site-packages/airflow/example_dags/example_task_group.py
[2026-07-01T12:27:15.413+0000] {logging_mixin.py:188} INFO - [2026-07-01T12:27:15.412+0000] {dag.py:3036} INFO - Sync 1 DAGs
[2026-07-01T12:27:15.472+0000] {logging_mixin.py:188} INFO - [2026-07-01T12:27:15.471+0000] {dag.py:3823} INFO - Setting next_dagrun for example_task_group to 2026-06-30 00:00:00+00:00, run_after=2026-07-01 00:00:00+00:00
[2026-07-01T12:27:15.523+0000] {processor.py:183} INFO - Processing /home/airflow/.local/lib/python3.8/site-packages/airflow/example_dags/example_task_group.py took 0.210 seconds
[2026-07-01T12:27:45.697+0000] {processor.py:161} INFO - Started process (PID=2144) to work on /home/airflow/.local/lib/python3.8/site-packages/airflow/example_dags/example_task_group.py
[2026-07-01T12:27:45.701+0000] {processor.py:830} INFO - Processing file /home/airflow/.local/lib/python3.8/site-packages/airflow/example_dags/example_task_group.py for tasks to queue
[2026-07-01T12:27:45.709+0000] {logging_mixin.py:188} INFO - [2026-07-01T12:27:45.708+0000] {dagbag.py:538} INFO - Filling up the DagBag from /home/airflow/.local/lib/python3.8/site-packages/airflow/example_dags/example_task_group.py
[2026-07-01T12:27:45.738+0000] {processor.py:840} INFO - DAG(s) 'example_task_group' retrieved from /home/airflow/.local/lib/python3.8/site-packages/airflow/example_dags/example_task_group.py
[2026-07-01T12:27:45.801+0000] {logging_mixin.py:188} INFO - [2026-07-01T12:27:45.801+0000] {dag.py:3036} INFO - Sync 1 DAGs
[2026-07-01T12:27:45.866+0000] {logging_mixin.py:188} INFO - [2026-07-01T12:27:45.865+0000] {dag.py:3823} INFO - Setting next_dagrun for example_task_group to 2026-06-30 00:00:00+00:00, run_after=2026-07-01 00:00:00+00:00
[2026-07-01T12:27:45.938+0000] {processor.py:183} INFO - Processing /home/airflow/.local/lib/python3.8/site-packages/airflow/example_dags/example_task_group.py took 0.256 seconds
[2026-07-01T12:28:16.172+0000] {processor.py:161} INFO - Started process (PID=2200) to work on /home/airflow/.local/lib/python3.8/site-packages/airflow/example_dags/example_task_group.py
[2026-07-01T12:28:16.176+0000] {processor.py:830} INFO - Processing file /home/airflow/.local/lib/python3.8/site-packages/airflow/example_dags/example_task_group.py for tasks to queue
[2026-07-01T12:28:16.182+0000] {logging_mixin.py:188} INFO - [2026-07-01T12:28:16.181+0000] {dagbag.py:538} INFO - Filling up the DagBag from /home/airflow/.local/lib/python3.8/site-packages/airflow/example_dags/example_task_group.py
[2026-07-01T12:28:16.202+0000] {processor.py:840} INFO - DAG(s) 'example_task_group' retrieved from /home/airflow/.local/lib/python3.8/site-packages/airflow/example_dags/example_task_group.py
[2026-07-01T12:28:16.260+0000] {logging_mixin.py:188} INFO - [2026-07-01T12:28:16.259+0000] {dag.py:3036} INFO - Sync 1 DAGs
[2026-07-01T12:28:16.315+0000] {logging_mixin.py:188} INFO - [2026-07-01T12:28:16.315+0000] {dag.py:3823} INFO - Setting next_dagrun for example_task_group to 2026-06-30 00:00:00+00:00, run_after=2026-07-01 00:00:00+00:00
[2026-07-01T12:28:16.364+0000] {processor.py:183} INFO - Processing /home/airflow/.local/lib/python3.8/site-packages/airflow/example_dags/example_task_group.py took 0.201 seconds
[2026-07-01T12:28:46.491+0000] {processor.py:161} INFO - Started process (PID=2257) to work on /home/airflow/.local/lib/python3.8/site-packages/airflow/example_dags/example_task_group.py
[2026-07-01T12:28:46.494+0000] {processor.py:830} INFO - Processing file /home/airflow/.local/lib/python3.8/site-packages/airflow/example_dags/example_task_group.py for tasks to queue
[2026-07-01T12:28:46.501+0000] {logging_mixin.py:188} INFO - [2026-07-01T12:28:46.500+0000] {dagbag.py:538} INFO - Filling up the DagBag from /home/airflow/.local/lib/python3.8/site-packages/airflow/example_dags/example_task_group.py
[2026-07-01T12:28:46.519+0000] {processor.py:840} INFO - DAG(s) 'example_task_group' retrieved from /home/airflow/.local/lib/python3.8/site-packages/airflow/example_dags/example_task_group.py
[2026-07-01T12:28:46.596+0000] {logging_mixin.py:188} INFO - [2026-07-01T12:28:46.595+0000] {dag.py:3036} INFO - Sync 1 DAGs
[2026-07-01T12:28:46.654+0000] {logging_mixin.py:188} INFO - [2026-07-01T12:28:46.654+0000] {dag.py:3823} INFO - Setting next_dagrun for example_task_group to 2026-06-30 00:00:00+00:00, run_after=2026-07-01 00:00:00+00:00
[2026-07-01T12:28:46.698+0000] {processor.py:183} INFO - Processing /home/airflow/.local/lib/python3.8/site-packages/airflow/example_dags/example_task_group.py took 0.218 seconds
[2026-07-01T12:29:16.948+0000] {processor.py:161} INFO - Started process (PID=2314) to work on /home/airflow/.local/lib/python3.8/site-packages/airflow/example_dags/example_task_group.py
[2026-07-01T12:29:16.952+0000] {processor.py:830} INFO - Processing file /home/airflow/.local/lib/python3.8/site-packages/airflow/example_dags/example_task_group.py for tasks to queue
[2026-07-01T12:29:16.957+0000] {logging_mixin.py:188} INFO - [2026-07-01T12:29:16.956+0000] {dagbag.py:538} INFO - Filling up the DagBag from /home/airflow/.local/lib/python3.8/site-packages/airflow/example_dags/example_task_group.py
[2026-07-01T12:29:16.974+0000] {processor.py:840} INFO - DAG(s) 'example_task_group' retrieved from /home/airflow/.local/lib/python3.8/site-packages/airflow/example_dags/example_task_group.py
[2026-07-01T12:29:17.022+0000] {logging_mixin.py:188} INFO - [2026-07-01T12:29:17.022+0000] {dag.py:3036} INFO - Sync 1 DAGs
[2026-07-01T12:29:17.069+0000] {logging_mixin.py:188} INFO - [2026-07-01T12:29:17.069+0000] {dag.py:3823} INFO - Setting next_dagrun for example_task_group to 2026-06-30 00:00:00+00:00, run_after=2026-07-01 00:00:00+00:00
[2026-07-01T12:29:17.109+0000] {processor.py:183} INFO - Processing /home/airflow/.local/lib/python3.8/site-packages/airflow/example_dags/example_task_group.py took 0.169 seconds
