[2026-07-01T11:57:36.073+0000] {processor.py:161} INFO - Started process (PID=76) to work on /home/airflow/.local/lib/python3.8/site-packages/airflow/example_dags/example_sla_dag.py
[2026-07-01T11:57:36.128+0000] {processor.py:830} INFO - Processing file /home/airflow/.local/lib/python3.8/site-packages/airflow/example_dags/example_sla_dag.py for tasks to queue
[2026-07-01T11:57:36.162+0000] {logging_mixin.py:188} INFO - [2026-07-01T11:57:36.161+0000] {dagbag.py:538} INFO - Filling up the DagBag from /home/airflow/.local/lib/python3.8/site-packages/airflow/example_dags/example_sla_dag.py
[2026-07-01T11:57:36.410+0000] {processor.py:840} INFO - DAG(s) 'example_sla_dag' retrieved from /home/airflow/.local/lib/python3.8/site-packages/airflow/example_dags/example_sla_dag.py
[2026-07-01T11:57:38.657+0000] {logging_mixin.py:188} INFO - [2026-07-01T11:57:38.655+0000] {dag.py:3036} INFO - Sync 1 DAGs
[2026-07-01T11:57:39.061+0000] {logging_mixin.py:188} INFO - [2026-07-01T11:57:39.051+0000] {dag.py:3823} INFO - Setting next_dagrun for example_sla_dag to 2026-07-01 11:54:00+00:00, run_after=2026-07-01 11:56:00+00:00
[2026-07-01T11:57:39.660+0000] {processor.py:183} INFO - Processing /home/airflow/.local/lib/python3.8/site-packages/airflow/example_dags/example_sla_dag.py took 3.956 seconds
[2026-07-01T11:58:45.031+0000] {processor.py:161} INFO - Started process (PID=136) to work on /home/airflow/.local/lib/python3.8/site-packages/airflow/example_dags/example_sla_dag.py
[2026-07-01T11:58:45.038+0000] {processor.py:830} INFO - Processing file /home/airflow/.local/lib/python3.8/site-packages/airflow/example_dags/example_sla_dag.py for tasks to queue
[2026-07-01T11:58:45.045+0000] {logging_mixin.py:188} INFO - [2026-07-01T11:58:45.044+0000] {dagbag.py:538} INFO - Filling up the DagBag from /home/airflow/.local/lib/python3.8/site-packages/airflow/example_dags/example_sla_dag.py
[2026-07-01T11:58:45.074+0000] {processor.py:840} INFO - DAG(s) 'example_sla_dag' retrieved from /home/airflow/.local/lib/python3.8/site-packages/airflow/example_dags/example_sla_dag.py
[2026-07-01T11:58:45.147+0000] {logging_mixin.py:188} INFO - [2026-07-01T11:58:45.146+0000] {dag.py:3036} INFO - Sync 1 DAGs
[2026-07-01T11:58:45.238+0000] {logging_mixin.py:188} INFO - [2026-07-01T11:58:45.237+0000] {dag.py:3823} INFO - Setting next_dagrun for example_sla_dag to 2026-07-01 11:56:00+00:00, run_after=2026-07-01 11:58:00+00:00
[2026-07-01T11:58:45.307+0000] {processor.py:183} INFO - Processing /home/airflow/.local/lib/python3.8/site-packages/airflow/example_dags/example_sla_dag.py took 0.285 seconds
[2026-07-01T11:59:16.213+0000] {processor.py:161} INFO - Started process (PID=190) to work on /home/airflow/.local/lib/python3.8/site-packages/airflow/example_dags/example_sla_dag.py
[2026-07-01T11:59:16.217+0000] {processor.py:830} INFO - Processing file /home/airflow/.local/lib/python3.8/site-packages/airflow/example_dags/example_sla_dag.py for tasks to queue
[2026-07-01T11:59:16.223+0000] {logging_mixin.py:188} INFO - [2026-07-01T11:59:16.222+0000] {dagbag.py:538} INFO - Filling up the DagBag from /home/airflow/.local/lib/python3.8/site-packages/airflow/example_dags/example_sla_dag.py
[2026-07-01T11:59:16.250+0000] {processor.py:840} INFO - DAG(s) 'example_sla_dag' retrieved from /home/airflow/.local/lib/python3.8/site-packages/airflow/example_dags/example_sla_dag.py
[2026-07-01T11:59:16.299+0000] {logging_mixin.py:188} INFO - [2026-07-01T11:59:16.298+0000] {dag.py:3036} INFO - Sync 1 DAGs
[2026-07-01T11:59:16.365+0000] {logging_mixin.py:188} INFO - [2026-07-01T11:59:16.364+0000] {dag.py:3823} INFO - Setting next_dagrun for example_sla_dag to 2026-07-01 11:56:00+00:00, run_after=2026-07-01 11:58:00+00:00
[2026-07-01T11:59:16.411+0000] {processor.py:183} INFO - Processing /home/airflow/.local/lib/python3.8/site-packages/airflow/example_dags/example_sla_dag.py took 0.207 seconds
[2026-07-01T11:59:47.162+0000] {processor.py:161} INFO - Started process (PID=245) to work on /home/airflow/.local/lib/python3.8/site-packages/airflow/example_dags/example_sla_dag.py
[2026-07-01T11:59:47.166+0000] {processor.py:830} INFO - Processing file /home/airflow/.local/lib/python3.8/site-packages/airflow/example_dags/example_sla_dag.py for tasks to queue
[2026-07-01T11:59:47.176+0000] {logging_mixin.py:188} INFO - [2026-07-01T11:59:47.175+0000] {dagbag.py:538} INFO - Filling up the DagBag from /home/airflow/.local/lib/python3.8/site-packages/airflow/example_dags/example_sla_dag.py
[2026-07-01T11:59:47.216+0000] {processor.py:840} INFO - DAG(s) 'example_sla_dag' retrieved from /home/airflow/.local/lib/python3.8/site-packages/airflow/example_dags/example_sla_dag.py
[2026-07-01T11:59:47.260+0000] {logging_mixin.py:188} INFO - [2026-07-01T11:59:47.259+0000] {dag.py:3036} INFO - Sync 1 DAGs
[2026-07-01T11:59:47.369+0000] {logging_mixin.py:188} INFO - [2026-07-01T11:59:47.368+0000] {dag.py:3823} INFO - Setting next_dagrun for example_sla_dag to 2026-07-01 11:56:00+00:00, run_after=2026-07-01 11:58:00+00:00
[2026-07-01T11:59:47.444+0000] {processor.py:183} INFO - Processing /home/airflow/.local/lib/python3.8/site-packages/airflow/example_dags/example_sla_dag.py took 0.298 seconds
[2026-07-01T12:00:17.641+0000] {processor.py:161} INFO - Started process (PID=301) to work on /home/airflow/.local/lib/python3.8/site-packages/airflow/example_dags/example_sla_dag.py
[2026-07-01T12:00:17.646+0000] {processor.py:830} INFO - Processing file /home/airflow/.local/lib/python3.8/site-packages/airflow/example_dags/example_sla_dag.py for tasks to queue
[2026-07-01T12:00:17.656+0000] {logging_mixin.py:188} INFO - [2026-07-01T12:00:17.655+0000] {dagbag.py:538} INFO - Filling up the DagBag from /home/airflow/.local/lib/python3.8/site-packages/airflow/example_dags/example_sla_dag.py
[2026-07-01T12:00:17.680+0000] {processor.py:840} INFO - DAG(s) 'example_sla_dag' retrieved from /home/airflow/.local/lib/python3.8/site-packages/airflow/example_dags/example_sla_dag.py
[2026-07-01T12:00:17.964+0000] {logging_mixin.py:188} INFO - [2026-07-01T12:00:17.963+0000] {dag.py:3036} INFO - Sync 1 DAGs
[2026-07-01T12:00:18.029+0000] {logging_mixin.py:188} INFO - [2026-07-01T12:00:18.029+0000] {dag.py:3823} INFO - Setting next_dagrun for example_sla_dag to 2026-07-01 11:58:00+00:00, run_after=2026-07-01 12:00:00+00:00
[2026-07-01T12:00:18.091+0000] {processor.py:183} INFO - Processing /home/airflow/.local/lib/python3.8/site-packages/airflow/example_dags/example_sla_dag.py took 0.462 seconds
[2026-07-01T12:00:48.950+0000] {processor.py:161} INFO - Started process (PID=355) to work on /home/airflow/.local/lib/python3.8/site-packages/airflow/example_dags/example_sla_dag.py
[2026-07-01T12:00:48.955+0000] {processor.py:830} INFO - Processing file /home/airflow/.local/lib/python3.8/site-packages/airflow/example_dags/example_sla_dag.py for tasks to queue
[2026-07-01T12:00:48.968+0000] {logging_mixin.py:188} INFO - [2026-07-01T12:00:48.967+0000] {dagbag.py:538} INFO - Filling up the DagBag from /home/airflow/.local/lib/python3.8/site-packages/airflow/example_dags/example_sla_dag.py
[2026-07-01T12:00:49.007+0000] {processor.py:840} INFO - DAG(s) 'example_sla_dag' retrieved from /home/airflow/.local/lib/python3.8/site-packages/airflow/example_dags/example_sla_dag.py
[2026-07-01T12:00:49.086+0000] {logging_mixin.py:188} INFO - [2026-07-01T12:00:49.085+0000] {dag.py:3036} INFO - Sync 1 DAGs
[2026-07-01T12:00:49.212+0000] {logging_mixin.py:188} INFO - [2026-07-01T12:00:49.211+0000] {dag.py:3823} INFO - Setting next_dagrun for example_sla_dag to 2026-07-01 11:58:00+00:00, run_after=2026-07-01 12:00:00+00:00
[2026-07-01T12:00:49.298+0000] {processor.py:183} INFO - Processing /home/airflow/.local/lib/python3.8/site-packages/airflow/example_dags/example_sla_dag.py took 0.364 seconds
[2026-07-01T12:01:19.417+0000] {processor.py:161} INFO - Started process (PID=410) to work on /home/airflow/.local/lib/python3.8/site-packages/airflow/example_dags/example_sla_dag.py
[2026-07-01T12:01:19.421+0000] {processor.py:830} INFO - Processing file /home/airflow/.local/lib/python3.8/site-packages/airflow/example_dags/example_sla_dag.py for tasks to queue
[2026-07-01T12:01:19.430+0000] {logging_mixin.py:188} INFO - [2026-07-01T12:01:19.429+0000] {dagbag.py:538} INFO - Filling up the DagBag from /home/airflow/.local/lib/python3.8/site-packages/airflow/example_dags/example_sla_dag.py
[2026-07-01T12:01:19.468+0000] {processor.py:840} INFO - DAG(s) 'example_sla_dag' retrieved from /home/airflow/.local/lib/python3.8/site-packages/airflow/example_dags/example_sla_dag.py
[2026-07-01T12:01:19.541+0000] {logging_mixin.py:188} INFO - [2026-07-01T12:01:19.540+0000] {dag.py:3036} INFO - Sync 1 DAGs
[2026-07-01T12:01:19.637+0000] {logging_mixin.py:188} INFO - [2026-07-01T12:01:19.636+0000] {dag.py:3823} INFO - Setting next_dagrun for example_sla_dag to 2026-07-01 11:58:00+00:00, run_after=2026-07-01 12:00:00+00:00
[2026-07-01T12:01:19.692+0000] {processor.py:183} INFO - Processing /home/airflow/.local/lib/python3.8/site-packages/airflow/example_dags/example_sla_dag.py took 0.290 seconds
[2026-07-01T12:01:50.565+0000] {processor.py:161} INFO - Started process (PID=465) to work on /home/airflow/.local/lib/python3.8/site-packages/airflow/example_dags/example_sla_dag.py
[2026-07-01T12:01:50.568+0000] {processor.py:830} INFO - Processing file /home/airflow/.local/lib/python3.8/site-packages/airflow/example_dags/example_sla_dag.py for tasks to queue
[2026-07-01T12:01:50.573+0000] {logging_mixin.py:188} INFO - [2026-07-01T12:01:50.573+0000] {dagbag.py:538} INFO - Filling up the DagBag from /home/airflow/.local/lib/python3.8/site-packages/airflow/example_dags/example_sla_dag.py
[2026-07-01T12:01:50.598+0000] {processor.py:840} INFO - DAG(s) 'example_sla_dag' retrieved from /home/airflow/.local/lib/python3.8/site-packages/airflow/example_dags/example_sla_dag.py
[2026-07-01T12:01:50.651+0000] {logging_mixin.py:188} INFO - [2026-07-01T12:01:50.651+0000] {dag.py:3036} INFO - Sync 1 DAGs
[2026-07-01T12:01:50.722+0000] {logging_mixin.py:188} INFO - [2026-07-01T12:01:50.721+0000] {dag.py:3823} INFO - Setting next_dagrun for example_sla_dag to 2026-07-01 11:58:00+00:00, run_after=2026-07-01 12:00:00+00:00
[2026-07-01T12:01:50.788+0000] {processor.py:183} INFO - Processing /home/airflow/.local/lib/python3.8/site-packages/airflow/example_dags/example_sla_dag.py took 0.233 seconds
[2026-07-01T12:02:21.100+0000] {processor.py:161} INFO - Started process (PID=521) to work on /home/airflow/.local/lib/python3.8/site-packages/airflow/example_dags/example_sla_dag.py
[2026-07-01T12:02:21.105+0000] {processor.py:830} INFO - Processing file /home/airflow/.local/lib/python3.8/site-packages/airflow/example_dags/example_sla_dag.py for tasks to queue
[2026-07-01T12:02:21.113+0000] {logging_mixin.py:188} INFO - [2026-07-01T12:02:21.111+0000] {dagbag.py:538} INFO - Filling up the DagBag from /home/airflow/.local/lib/python3.8/site-packages/airflow/example_dags/example_sla_dag.py
[2026-07-01T12:02:21.142+0000] {processor.py:840} INFO - DAG(s) 'example_sla_dag' retrieved from /home/airflow/.local/lib/python3.8/site-packages/airflow/example_dags/example_sla_dag.py
[2026-07-01T12:02:21.203+0000] {logging_mixin.py:188} INFO - [2026-07-01T12:02:21.203+0000] {dag.py:3036} INFO - Sync 1 DAGs
[2026-07-01T12:02:21.272+0000] {logging_mixin.py:188} INFO - [2026-07-01T12:02:21.271+0000] {dag.py:3823} INFO - Setting next_dagrun for example_sla_dag to 2026-07-01 12:00:00+00:00, run_after=2026-07-01 12:02:00+00:00
[2026-07-01T12:02:21.322+0000] {processor.py:183} INFO - Processing /home/airflow/.local/lib/python3.8/site-packages/airflow/example_dags/example_sla_dag.py took 0.235 seconds
[2026-07-01T12:02:51.420+0000] {processor.py:161} INFO - Started process (PID=578) to work on /home/airflow/.local/lib/python3.8/site-packages/airflow/example_dags/example_sla_dag.py
[2026-07-01T12:02:51.423+0000] {processor.py:830} INFO - Processing file /home/airflow/.local/lib/python3.8/site-packages/airflow/example_dags/example_sla_dag.py for tasks to queue
[2026-07-01T12:02:51.428+0000] {logging_mixin.py:188} INFO - [2026-07-01T12:02:51.427+0000] {dagbag.py:538} INFO - Filling up the DagBag from /home/airflow/.local/lib/python3.8/site-packages/airflow/example_dags/example_sla_dag.py
[2026-07-01T12:02:51.450+0000] {processor.py:840} INFO - DAG(s) 'example_sla_dag' retrieved from /home/airflow/.local/lib/python3.8/site-packages/airflow/example_dags/example_sla_dag.py
[2026-07-01T12:02:51.501+0000] {logging_mixin.py:188} INFO - [2026-07-01T12:02:51.501+0000] {dag.py:3036} INFO - Sync 1 DAGs
[2026-07-01T12:02:51.567+0000] {logging_mixin.py:188} INFO - [2026-07-01T12:02:51.567+0000] {dag.py:3823} INFO - Setting next_dagrun for example_sla_dag to 2026-07-01 12:00:00+00:00, run_after=2026-07-01 12:02:00+00:00
[2026-07-01T12:02:51.615+0000] {processor.py:183} INFO - Processing /home/airflow/.local/lib/python3.8/site-packages/airflow/example_dags/example_sla_dag.py took 0.203 seconds
[2026-07-01T12:03:21.714+0000] {processor.py:161} INFO - Started process (PID=632) to work on /home/airflow/.local/lib/python3.8/site-packages/airflow/example_dags/example_sla_dag.py
[2026-07-01T12:03:21.717+0000] {processor.py:830} INFO - Processing file /home/airflow/.local/lib/python3.8/site-packages/airflow/example_dags/example_sla_dag.py for tasks to queue
[2026-07-01T12:03:21.723+0000] {logging_mixin.py:188} INFO - [2026-07-01T12:03:21.722+0000] {dagbag.py:538} INFO - Filling up the DagBag from /home/airflow/.local/lib/python3.8/site-packages/airflow/example_dags/example_sla_dag.py
[2026-07-01T12:03:21.747+0000] {processor.py:840} INFO - DAG(s) 'example_sla_dag' retrieved from /home/airflow/.local/lib/python3.8/site-packages/airflow/example_dags/example_sla_dag.py
[2026-07-01T12:03:21.793+0000] {logging_mixin.py:188} INFO - [2026-07-01T12:03:21.792+0000] {dag.py:3036} INFO - Sync 1 DAGs
[2026-07-01T12:03:21.848+0000] {logging_mixin.py:188} INFO - [2026-07-01T12:03:21.848+0000] {dag.py:3823} INFO - Setting next_dagrun for example_sla_dag to 2026-07-01 12:00:00+00:00, run_after=2026-07-01 12:02:00+00:00
[2026-07-01T12:03:21.890+0000] {processor.py:183} INFO - Processing /home/airflow/.local/lib/python3.8/site-packages/airflow/example_dags/example_sla_dag.py took 0.185 seconds
[2026-07-01T12:03:52.791+0000] {processor.py:161} INFO - Started process (PID=688) to work on /home/airflow/.local/lib/python3.8/site-packages/airflow/example_dags/example_sla_dag.py
[2026-07-01T12:03:52.795+0000] {processor.py:830} INFO - Processing file /home/airflow/.local/lib/python3.8/site-packages/airflow/example_dags/example_sla_dag.py for tasks to queue
[2026-07-01T12:03:52.801+0000] {logging_mixin.py:188} INFO - [2026-07-01T12:03:52.800+0000] {dagbag.py:538} INFO - Filling up the DagBag from /home/airflow/.local/lib/python3.8/site-packages/airflow/example_dags/example_sla_dag.py
[2026-07-01T12:03:52.828+0000] {processor.py:840} INFO - DAG(s) 'example_sla_dag' retrieved from /home/airflow/.local/lib/python3.8/site-packages/airflow/example_dags/example_sla_dag.py
[2026-07-01T12:03:52.887+0000] {logging_mixin.py:188} INFO - [2026-07-01T12:03:52.887+0000] {dag.py:3036} INFO - Sync 1 DAGs
[2026-07-01T12:03:53.015+0000] {logging_mixin.py:188} INFO - [2026-07-01T12:03:53.014+0000] {dag.py:3823} INFO - Setting next_dagrun for example_sla_dag to 2026-07-01 12:00:00+00:00, run_after=2026-07-01 12:02:00+00:00
[2026-07-01T12:03:53.127+0000] {processor.py:183} INFO - Processing /home/airflow/.local/lib/python3.8/site-packages/airflow/example_dags/example_sla_dag.py took 0.348 seconds
[2026-07-01T12:04:23.539+0000] {processor.py:161} INFO - Started process (PID=743) to work on /home/airflow/.local/lib/python3.8/site-packages/airflow/example_dags/example_sla_dag.py
[2026-07-01T12:04:23.542+0000] {processor.py:830} INFO - Processing file /home/airflow/.local/lib/python3.8/site-packages/airflow/example_dags/example_sla_dag.py for tasks to queue
[2026-07-01T12:04:23.548+0000] {logging_mixin.py:188} INFO - [2026-07-01T12:04:23.547+0000] {dagbag.py:538} INFO - Filling up the DagBag from /home/airflow/.local/lib/python3.8/site-packages/airflow/example_dags/example_sla_dag.py
[2026-07-01T12:04:23.571+0000] {processor.py:840} INFO - DAG(s) 'example_sla_dag' retrieved from /home/airflow/.local/lib/python3.8/site-packages/airflow/example_dags/example_sla_dag.py
[2026-07-01T12:04:23.628+0000] {logging_mixin.py:188} INFO - [2026-07-01T12:04:23.628+0000] {dag.py:3036} INFO - Sync 1 DAGs
[2026-07-01T12:04:23.685+0000] {logging_mixin.py:188} INFO - [2026-07-01T12:04:23.685+0000] {dag.py:3823} INFO - Setting next_dagrun for example_sla_dag to 2026-07-01 12:02:00+00:00, run_after=2026-07-01 12:04:00+00:00
[2026-07-01T12:04:23.730+0000] {processor.py:183} INFO - Processing /home/airflow/.local/lib/python3.8/site-packages/airflow/example_dags/example_sla_dag.py took 0.200 seconds
[2026-07-01T12:04:54.230+0000] {processor.py:161} INFO - Started process (PID=798) to work on /home/airflow/.local/lib/python3.8/site-packages/airflow/example_dags/example_sla_dag.py
[2026-07-01T12:04:54.243+0000] {processor.py:830} INFO - Processing file /home/airflow/.local/lib/python3.8/site-packages/airflow/example_dags/example_sla_dag.py for tasks to queue
[2026-07-01T12:04:54.259+0000] {logging_mixin.py:188} INFO - [2026-07-01T12:04:54.257+0000] {dagbag.py:538} INFO - Filling up the DagBag from /home/airflow/.local/lib/python3.8/site-packages/airflow/example_dags/example_sla_dag.py
[2026-07-01T12:04:54.318+0000] {processor.py:840} INFO - DAG(s) 'example_sla_dag' retrieved from /home/airflow/.local/lib/python3.8/site-packages/airflow/example_dags/example_sla_dag.py
[2026-07-01T12:04:54.418+0000] {logging_mixin.py:188} INFO - [2026-07-01T12:04:54.416+0000] {dag.py:3036} INFO - Sync 1 DAGs
[2026-07-01T12:04:54.534+0000] {logging_mixin.py:188} INFO - [2026-07-01T12:04:54.533+0000] {dag.py:3823} INFO - Setting next_dagrun for example_sla_dag to 2026-07-01 12:02:00+00:00, run_after=2026-07-01 12:04:00+00:00
[2026-07-01T12:04:54.623+0000] {processor.py:183} INFO - Processing /home/airflow/.local/lib/python3.8/site-packages/airflow/example_dags/example_sla_dag.py took 0.415 seconds
[2026-07-01T12:05:25.628+0000] {processor.py:161} INFO - Started process (PID=853) to work on /home/airflow/.local/lib/python3.8/site-packages/airflow/example_dags/example_sla_dag.py
[2026-07-01T12:05:25.634+0000] {processor.py:830} INFO - Processing file /home/airflow/.local/lib/python3.8/site-packages/airflow/example_dags/example_sla_dag.py for tasks to queue
[2026-07-01T12:05:25.645+0000] {logging_mixin.py:188} INFO - [2026-07-01T12:05:25.643+0000] {dagbag.py:538} INFO - Filling up the DagBag from /home/airflow/.local/lib/python3.8/site-packages/airflow/example_dags/example_sla_dag.py
[2026-07-01T12:05:25.684+0000] {processor.py:840} INFO - DAG(s) 'example_sla_dag' retrieved from /home/airflow/.local/lib/python3.8/site-packages/airflow/example_dags/example_sla_dag.py
[2026-07-01T12:05:25.753+0000] {logging_mixin.py:188} INFO - [2026-07-01T12:05:25.753+0000] {dag.py:3036} INFO - Sync 1 DAGs
[2026-07-01T12:05:25.838+0000] {logging_mixin.py:188} INFO - [2026-07-01T12:05:25.836+0000] {dag.py:3823} INFO - Setting next_dagrun for example_sla_dag to 2026-07-01 12:02:00+00:00, run_after=2026-07-01 12:04:00+00:00
[2026-07-01T12:05:25.928+0000] {processor.py:183} INFO - Processing /home/airflow/.local/lib/python3.8/site-packages/airflow/example_dags/example_sla_dag.py took 0.321 seconds
[2026-07-01T12:05:56.278+0000] {processor.py:161} INFO - Started process (PID=908) to work on /home/airflow/.local/lib/python3.8/site-packages/airflow/example_dags/example_sla_dag.py
[2026-07-01T12:05:56.282+0000] {processor.py:830} INFO - Processing file /home/airflow/.local/lib/python3.8/site-packages/airflow/example_dags/example_sla_dag.py for tasks to queue
[2026-07-01T12:05:56.290+0000] {logging_mixin.py:188} INFO - [2026-07-01T12:05:56.289+0000] {dagbag.py:538} INFO - Filling up the DagBag from /home/airflow/.local/lib/python3.8/site-packages/airflow/example_dags/example_sla_dag.py
[2026-07-01T12:05:56.331+0000] {processor.py:840} INFO - DAG(s) 'example_sla_dag' retrieved from /home/airflow/.local/lib/python3.8/site-packages/airflow/example_dags/example_sla_dag.py
[2026-07-01T12:05:56.432+0000] {logging_mixin.py:188} INFO - [2026-07-01T12:05:56.432+0000] {dag.py:3036} INFO - Sync 1 DAGs
[2026-07-01T12:05:56.538+0000] {logging_mixin.py:188} INFO - [2026-07-01T12:05:56.538+0000] {dag.py:3823} INFO - Setting next_dagrun for example_sla_dag to 2026-07-01 12:02:00+00:00, run_after=2026-07-01 12:04:00+00:00
[2026-07-01T12:05:56.602+0000] {processor.py:183} INFO - Processing /home/airflow/.local/lib/python3.8/site-packages/airflow/example_dags/example_sla_dag.py took 0.340 seconds
[2026-07-01T12:06:27.349+0000] {processor.py:161} INFO - Started process (PID=963) to work on /home/airflow/.local/lib/python3.8/site-packages/airflow/example_dags/example_sla_dag.py
[2026-07-01T12:06:27.353+0000] {processor.py:830} INFO - Processing file /home/airflow/.local/lib/python3.8/site-packages/airflow/example_dags/example_sla_dag.py for tasks to queue
[2026-07-01T12:06:27.361+0000] {logging_mixin.py:188} INFO - [2026-07-01T12:06:27.359+0000] {dagbag.py:538} INFO - Filling up the DagBag from /home/airflow/.local/lib/python3.8/site-packages/airflow/example_dags/example_sla_dag.py
[2026-07-01T12:06:27.389+0000] {processor.py:840} INFO - DAG(s) 'example_sla_dag' retrieved from /home/airflow/.local/lib/python3.8/site-packages/airflow/example_dags/example_sla_dag.py
[2026-07-01T12:06:27.446+0000] {logging_mixin.py:188} INFO - [2026-07-01T12:06:27.445+0000] {dag.py:3036} INFO - Sync 1 DAGs
[2026-07-01T12:06:27.513+0000] {logging_mixin.py:188} INFO - [2026-07-01T12:06:27.513+0000] {dag.py:3823} INFO - Setting next_dagrun for example_sla_dag to 2026-07-01 12:04:00+00:00, run_after=2026-07-01 12:06:00+00:00
[2026-07-01T12:06:27.560+0000] {processor.py:183} INFO - Processing /home/airflow/.local/lib/python3.8/site-packages/airflow/example_dags/example_sla_dag.py took 0.222 seconds
[2026-07-01T12:06:57.859+0000] {processor.py:161} INFO - Started process (PID=1018) to work on /home/airflow/.local/lib/python3.8/site-packages/airflow/example_dags/example_sla_dag.py
[2026-07-01T12:06:57.863+0000] {processor.py:830} INFO - Processing file /home/airflow/.local/lib/python3.8/site-packages/airflow/example_dags/example_sla_dag.py for tasks to queue
[2026-07-01T12:06:57.869+0000] {logging_mixin.py:188} INFO - [2026-07-01T12:06:57.868+0000] {dagbag.py:538} INFO - Filling up the DagBag from /home/airflow/.local/lib/python3.8/site-packages/airflow/example_dags/example_sla_dag.py
[2026-07-01T12:06:57.893+0000] {processor.py:840} INFO - DAG(s) 'example_sla_dag' retrieved from /home/airflow/.local/lib/python3.8/site-packages/airflow/example_dags/example_sla_dag.py
[2026-07-01T12:06:57.943+0000] {logging_mixin.py:188} INFO - [2026-07-01T12:06:57.942+0000] {dag.py:3036} INFO - Sync 1 DAGs
[2026-07-01T12:06:58.007+0000] {logging_mixin.py:188} INFO - [2026-07-01T12:06:58.006+0000] {dag.py:3823} INFO - Setting next_dagrun for example_sla_dag to 2026-07-01 12:04:00+00:00, run_after=2026-07-01 12:06:00+00:00
[2026-07-01T12:06:58.050+0000] {processor.py:183} INFO - Processing /home/airflow/.local/lib/python3.8/site-packages/airflow/example_dags/example_sla_dag.py took 0.200 seconds
[2026-07-01T12:07:28.264+0000] {processor.py:161} INFO - Started process (PID=1073) to work on /home/airflow/.local/lib/python3.8/site-packages/airflow/example_dags/example_sla_dag.py
[2026-07-01T12:07:28.268+0000] {processor.py:830} INFO - Processing file /home/airflow/.local/lib/python3.8/site-packages/airflow/example_dags/example_sla_dag.py for tasks to queue
[2026-07-01T12:07:28.276+0000] {logging_mixin.py:188} INFO - [2026-07-01T12:07:28.275+0000] {dagbag.py:538} INFO - Filling up the DagBag from /home/airflow/.local/lib/python3.8/site-packages/airflow/example_dags/example_sla_dag.py
[2026-07-01T12:07:28.302+0000] {processor.py:840} INFO - DAG(s) 'example_sla_dag' retrieved from /home/airflow/.local/lib/python3.8/site-packages/airflow/example_dags/example_sla_dag.py
[2026-07-01T12:07:28.358+0000] {logging_mixin.py:188} INFO - [2026-07-01T12:07:28.358+0000] {dag.py:3036} INFO - Sync 1 DAGs
[2026-07-01T12:07:28.423+0000] {logging_mixin.py:188} INFO - [2026-07-01T12:07:28.422+0000] {dag.py:3823} INFO - Setting next_dagrun for example_sla_dag to 2026-07-01 12:04:00+00:00, run_after=2026-07-01 12:06:00+00:00
[2026-07-01T12:07:28.536+0000] {processor.py:183} INFO - Processing /home/airflow/.local/lib/python3.8/site-packages/airflow/example_dags/example_sla_dag.py took 0.284 seconds
[2026-07-01T12:07:58.838+0000] {processor.py:161} INFO - Started process (PID=1129) to work on /home/airflow/.local/lib/python3.8/site-packages/airflow/example_dags/example_sla_dag.py
[2026-07-01T12:07:58.841+0000] {processor.py:830} INFO - Processing file /home/airflow/.local/lib/python3.8/site-packages/airflow/example_dags/example_sla_dag.py for tasks to queue
[2026-07-01T12:07:58.846+0000] {logging_mixin.py:188} INFO - [2026-07-01T12:07:58.845+0000] {dagbag.py:538} INFO - Filling up the DagBag from /home/airflow/.local/lib/python3.8/site-packages/airflow/example_dags/example_sla_dag.py
[2026-07-01T12:07:58.866+0000] {processor.py:840} INFO - DAG(s) 'example_sla_dag' retrieved from /home/airflow/.local/lib/python3.8/site-packages/airflow/example_dags/example_sla_dag.py
[2026-07-01T12:07:58.911+0000] {logging_mixin.py:188} INFO - [2026-07-01T12:07:58.911+0000] {dag.py:3036} INFO - Sync 1 DAGs
[2026-07-01T12:07:58.967+0000] {logging_mixin.py:188} INFO - [2026-07-01T12:07:58.966+0000] {dag.py:3823} INFO - Setting next_dagrun for example_sla_dag to 2026-07-01 12:04:00+00:00, run_after=2026-07-01 12:06:00+00:00
[2026-07-01T12:07:59.011+0000] {processor.py:183} INFO - Processing /home/airflow/.local/lib/python3.8/site-packages/airflow/example_dags/example_sla_dag.py took 0.181 seconds
[2026-07-01T12:08:58.136+0000] {processor.py:161} INFO - Started process (PID=69) to work on /home/airflow/.local/lib/python3.8/site-packages/airflow/example_dags/example_sla_dag.py
[2026-07-01T12:08:58.141+0000] {processor.py:830} INFO - Processing file /home/airflow/.local/lib/python3.8/site-packages/airflow/example_dags/example_sla_dag.py for tasks to queue
[2026-07-01T12:08:58.148+0000] {logging_mixin.py:188} INFO - [2026-07-01T12:08:58.147+0000] {dagbag.py:538} INFO - Filling up the DagBag from /home/airflow/.local/lib/python3.8/site-packages/airflow/example_dags/example_sla_dag.py
[2026-07-01T12:08:58.212+0000] {processor.py:840} INFO - DAG(s) 'example_sla_dag' retrieved from /home/airflow/.local/lib/python3.8/site-packages/airflow/example_dags/example_sla_dag.py
[2026-07-01T12:08:58.365+0000] {logging_mixin.py:188} INFO - [2026-07-01T12:08:58.365+0000] {dag.py:3036} INFO - Sync 1 DAGs
[2026-07-01T12:08:58.436+0000] {logging_mixin.py:188} INFO - [2026-07-01T12:08:58.436+0000] {dag.py:3823} INFO - Setting next_dagrun for example_sla_dag to 2026-07-01 12:06:00+00:00, run_after=2026-07-01 12:08:00+00:00
[2026-07-01T12:08:58.485+0000] {processor.py:183} INFO - Processing /home/airflow/.local/lib/python3.8/site-packages/airflow/example_dags/example_sla_dag.py took 0.363 seconds
[2026-07-01T12:09:29.441+0000] {processor.py:161} INFO - Started process (PID=125) to work on /home/airflow/.local/lib/python3.8/site-packages/airflow/example_dags/example_sla_dag.py
[2026-07-01T12:09:29.445+0000] {processor.py:830} INFO - Processing file /home/airflow/.local/lib/python3.8/site-packages/airflow/example_dags/example_sla_dag.py for tasks to queue
[2026-07-01T12:09:29.453+0000] {logging_mixin.py:188} INFO - [2026-07-01T12:09:29.452+0000] {dagbag.py:538} INFO - Filling up the DagBag from /home/airflow/.local/lib/python3.8/site-packages/airflow/example_dags/example_sla_dag.py
[2026-07-01T12:09:29.484+0000] {processor.py:840} INFO - DAG(s) 'example_sla_dag' retrieved from /home/airflow/.local/lib/python3.8/site-packages/airflow/example_dags/example_sla_dag.py
[2026-07-01T12:09:29.547+0000] {logging_mixin.py:188} INFO - [2026-07-01T12:09:29.547+0000] {dag.py:3036} INFO - Sync 1 DAGs
[2026-07-01T12:09:29.632+0000] {logging_mixin.py:188} INFO - [2026-07-01T12:09:29.631+0000] {dag.py:3823} INFO - Setting next_dagrun for example_sla_dag to 2026-07-01 12:06:00+00:00, run_after=2026-07-01 12:08:00+00:00
[2026-07-01T12:09:29.721+0000] {processor.py:183} INFO - Processing /home/airflow/.local/lib/python3.8/site-packages/airflow/example_dags/example_sla_dag.py took 0.292 seconds
[2026-07-01T12:10:00.112+0000] {processor.py:161} INFO - Started process (PID=181) to work on /home/airflow/.local/lib/python3.8/site-packages/airflow/example_dags/example_sla_dag.py
[2026-07-01T12:10:00.115+0000] {processor.py:830} INFO - Processing file /home/airflow/.local/lib/python3.8/site-packages/airflow/example_dags/example_sla_dag.py for tasks to queue
[2026-07-01T12:10:00.121+0000] {logging_mixin.py:188} INFO - [2026-07-01T12:10:00.120+0000] {dagbag.py:538} INFO - Filling up the DagBag from /home/airflow/.local/lib/python3.8/site-packages/airflow/example_dags/example_sla_dag.py
[2026-07-01T12:10:00.147+0000] {processor.py:840} INFO - DAG(s) 'example_sla_dag' retrieved from /home/airflow/.local/lib/python3.8/site-packages/airflow/example_dags/example_sla_dag.py
[2026-07-01T12:10:00.193+0000] {logging_mixin.py:188} INFO - [2026-07-01T12:10:00.193+0000] {dag.py:3036} INFO - Sync 1 DAGs
[2026-07-01T12:10:00.252+0000] {logging_mixin.py:188} INFO - [2026-07-01T12:10:00.251+0000] {dag.py:3823} INFO - Setting next_dagrun for example_sla_dag to 2026-07-01 12:08:00+00:00, run_after=2026-07-01 12:10:00+00:00
[2026-07-01T12:10:00.297+0000] {processor.py:183} INFO - Processing /home/airflow/.local/lib/python3.8/site-packages/airflow/example_dags/example_sla_dag.py took 0.194 seconds
[2026-07-01T12:10:30.830+0000] {processor.py:161} INFO - Started process (PID=238) to work on /home/airflow/.local/lib/python3.8/site-packages/airflow/example_dags/example_sla_dag.py
[2026-07-01T12:10:30.833+0000] {processor.py:830} INFO - Processing file /home/airflow/.local/lib/python3.8/site-packages/airflow/example_dags/example_sla_dag.py for tasks to queue
[2026-07-01T12:10:30.838+0000] {logging_mixin.py:188} INFO - [2026-07-01T12:10:30.837+0000] {dagbag.py:538} INFO - Filling up the DagBag from /home/airflow/.local/lib/python3.8/site-packages/airflow/example_dags/example_sla_dag.py
[2026-07-01T12:10:30.857+0000] {processor.py:840} INFO - DAG(s) 'example_sla_dag' retrieved from /home/airflow/.local/lib/python3.8/site-packages/airflow/example_dags/example_sla_dag.py
[2026-07-01T12:10:30.904+0000] {logging_mixin.py:188} INFO - [2026-07-01T12:10:30.903+0000] {dag.py:3036} INFO - Sync 1 DAGs
[2026-07-01T12:10:30.959+0000] {logging_mixin.py:188} INFO - [2026-07-01T12:10:30.958+0000] {dag.py:3823} INFO - Setting next_dagrun for example_sla_dag to 2026-07-01 12:08:00+00:00, run_after=2026-07-01 12:10:00+00:00
[2026-07-01T12:10:31.004+0000] {processor.py:183} INFO - Processing /home/airflow/.local/lib/python3.8/site-packages/airflow/example_dags/example_sla_dag.py took 0.181 seconds
[2026-07-01T12:11:01.701+0000] {processor.py:161} INFO - Started process (PID=305) to work on /home/airflow/.local/lib/python3.8/site-packages/airflow/example_dags/example_sla_dag.py
[2026-07-01T12:11:01.705+0000] {processor.py:830} INFO - Processing file /home/airflow/.local/lib/python3.8/site-packages/airflow/example_dags/example_sla_dag.py for tasks to queue
[2026-07-01T12:11:01.713+0000] {logging_mixin.py:188} INFO - [2026-07-01T12:11:01.712+0000] {dagbag.py:538} INFO - Filling up the DagBag from /home/airflow/.local/lib/python3.8/site-packages/airflow/example_dags/example_sla_dag.py
[2026-07-01T12:11:01.767+0000] {processor.py:840} INFO - DAG(s) 'example_sla_dag' retrieved from /home/airflow/.local/lib/python3.8/site-packages/airflow/example_dags/example_sla_dag.py
[2026-07-01T12:11:01.830+0000] {logging_mixin.py:188} INFO - [2026-07-01T12:11:01.830+0000] {dag.py:3036} INFO - Sync 1 DAGs
[2026-07-01T12:11:01.903+0000] {logging_mixin.py:188} INFO - [2026-07-01T12:11:01.902+0000] {dag.py:3823} INFO - Setting next_dagrun for example_sla_dag to 2026-07-01 12:08:00+00:00, run_after=2026-07-01 12:10:00+00:00
[2026-07-01T12:11:01.959+0000] {processor.py:183} INFO - Processing /home/airflow/.local/lib/python3.8/site-packages/airflow/example_dags/example_sla_dag.py took 0.266 seconds
[2026-07-01T12:11:32.224+0000] {processor.py:161} INFO - Started process (PID=361) to work on /home/airflow/.local/lib/python3.8/site-packages/airflow/example_dags/example_sla_dag.py
[2026-07-01T12:11:32.227+0000] {processor.py:830} INFO - Processing file /home/airflow/.local/lib/python3.8/site-packages/airflow/example_dags/example_sla_dag.py for tasks to queue
[2026-07-01T12:11:32.234+0000] {logging_mixin.py:188} INFO - [2026-07-01T12:11:32.233+0000] {dagbag.py:538} INFO - Filling up the DagBag from /home/airflow/.local/lib/python3.8/site-packages/airflow/example_dags/example_sla_dag.py
[2026-07-01T12:11:32.262+0000] {processor.py:840} INFO - DAG(s) 'example_sla_dag' retrieved from /home/airflow/.local/lib/python3.8/site-packages/airflow/example_dags/example_sla_dag.py
[2026-07-01T12:11:32.314+0000] {logging_mixin.py:188} INFO - [2026-07-01T12:11:32.314+0000] {dag.py:3036} INFO - Sync 1 DAGs
[2026-07-01T12:11:32.374+0000] {logging_mixin.py:188} INFO - [2026-07-01T12:11:32.373+0000] {dag.py:3823} INFO - Setting next_dagrun for example_sla_dag to 2026-07-01 12:08:00+00:00, run_after=2026-07-01 12:10:00+00:00
[2026-07-01T12:11:32.427+0000] {processor.py:183} INFO - Processing /home/airflow/.local/lib/python3.8/site-packages/airflow/example_dags/example_sla_dag.py took 0.215 seconds
[2026-07-01T12:12:02.754+0000] {processor.py:161} INFO - Started process (PID=417) to work on /home/airflow/.local/lib/python3.8/site-packages/airflow/example_dags/example_sla_dag.py
[2026-07-01T12:12:02.756+0000] {processor.py:830} INFO - Processing file /home/airflow/.local/lib/python3.8/site-packages/airflow/example_dags/example_sla_dag.py for tasks to queue
[2026-07-01T12:12:02.762+0000] {logging_mixin.py:188} INFO - [2026-07-01T12:12:02.761+0000] {dagbag.py:538} INFO - Filling up the DagBag from /home/airflow/.local/lib/python3.8/site-packages/airflow/example_dags/example_sla_dag.py
[2026-07-01T12:12:02.785+0000] {processor.py:840} INFO - DAG(s) 'example_sla_dag' retrieved from /home/airflow/.local/lib/python3.8/site-packages/airflow/example_dags/example_sla_dag.py
[2026-07-01T12:12:02.830+0000] {logging_mixin.py:188} INFO - [2026-07-01T12:12:02.830+0000] {dag.py:3036} INFO - Sync 1 DAGs
[2026-07-01T12:12:02.889+0000] {logging_mixin.py:188} INFO - [2026-07-01T12:12:02.889+0000] {dag.py:3823} INFO - Setting next_dagrun for example_sla_dag to 2026-07-01 12:10:00+00:00, run_after=2026-07-01 12:12:00+00:00
[2026-07-01T12:12:02.934+0000] {processor.py:183} INFO - Processing /home/airflow/.local/lib/python3.8/site-packages/airflow/example_dags/example_sla_dag.py took 0.190 seconds
[2026-07-01T12:12:33.420+0000] {processor.py:161} INFO - Started process (PID=473) to work on /home/airflow/.local/lib/python3.8/site-packages/airflow/example_dags/example_sla_dag.py
[2026-07-01T12:12:33.424+0000] {processor.py:830} INFO - Processing file /home/airflow/.local/lib/python3.8/site-packages/airflow/example_dags/example_sla_dag.py for tasks to queue
[2026-07-01T12:12:33.432+0000] {logging_mixin.py:188} INFO - [2026-07-01T12:12:33.431+0000] {dagbag.py:538} INFO - Filling up the DagBag from /home/airflow/.local/lib/python3.8/site-packages/airflow/example_dags/example_sla_dag.py
[2026-07-01T12:12:33.460+0000] {processor.py:840} INFO - DAG(s) 'example_sla_dag' retrieved from /home/airflow/.local/lib/python3.8/site-packages/airflow/example_dags/example_sla_dag.py
[2026-07-01T12:12:33.517+0000] {logging_mixin.py:188} INFO - [2026-07-01T12:12:33.516+0000] {dag.py:3036} INFO - Sync 1 DAGs
[2026-07-01T12:12:33.577+0000] {logging_mixin.py:188} INFO - [2026-07-01T12:12:33.577+0000] {dag.py:3823} INFO - Setting next_dagrun for example_sla_dag to 2026-07-01 12:10:00+00:00, run_after=2026-07-01 12:12:00+00:00
[2026-07-01T12:12:33.625+0000] {processor.py:183} INFO - Processing /home/airflow/.local/lib/python3.8/site-packages/airflow/example_dags/example_sla_dag.py took 0.215 seconds
[2026-07-01T12:13:03.995+0000] {processor.py:161} INFO - Started process (PID=529) to work on /home/airflow/.local/lib/python3.8/site-packages/airflow/example_dags/example_sla_dag.py
[2026-07-01T12:13:03.999+0000] {processor.py:830} INFO - Processing file /home/airflow/.local/lib/python3.8/site-packages/airflow/example_dags/example_sla_dag.py for tasks to queue
[2026-07-01T12:13:04.006+0000] {logging_mixin.py:188} INFO - [2026-07-01T12:13:04.004+0000] {dagbag.py:538} INFO - Filling up the DagBag from /home/airflow/.local/lib/python3.8/site-packages/airflow/example_dags/example_sla_dag.py
[2026-07-01T12:13:04.043+0000] {processor.py:840} INFO - DAG(s) 'example_sla_dag' retrieved from /home/airflow/.local/lib/python3.8/site-packages/airflow/example_dags/example_sla_dag.py
[2026-07-01T12:13:04.124+0000] {logging_mixin.py:188} INFO - [2026-07-01T12:13:04.123+0000] {dag.py:3036} INFO - Sync 1 DAGs
[2026-07-01T12:13:04.244+0000] {logging_mixin.py:188} INFO - [2026-07-01T12:13:04.242+0000] {dag.py:3823} INFO - Setting next_dagrun for example_sla_dag to 2026-07-01 12:10:00+00:00, run_after=2026-07-01 12:12:00+00:00
[2026-07-01T12:13:04.422+0000] {processor.py:183} INFO - Processing /home/airflow/.local/lib/python3.8/site-packages/airflow/example_dags/example_sla_dag.py took 0.436 seconds
[2026-07-01T12:13:34.925+0000] {processor.py:161} INFO - Started process (PID=585) to work on /home/airflow/.local/lib/python3.8/site-packages/airflow/example_dags/example_sla_dag.py
[2026-07-01T12:13:34.928+0000] {processor.py:830} INFO - Processing file /home/airflow/.local/lib/python3.8/site-packages/airflow/example_dags/example_sla_dag.py for tasks to queue
[2026-07-01T12:13:34.936+0000] {logging_mixin.py:188} INFO - [2026-07-01T12:13:34.935+0000] {dagbag.py:538} INFO - Filling up the DagBag from /home/airflow/.local/lib/python3.8/site-packages/airflow/example_dags/example_sla_dag.py
[2026-07-01T12:13:34.968+0000] {processor.py:840} INFO - DAG(s) 'example_sla_dag' retrieved from /home/airflow/.local/lib/python3.8/site-packages/airflow/example_dags/example_sla_dag.py
[2026-07-01T12:13:35.028+0000] {logging_mixin.py:188} INFO - [2026-07-01T12:13:35.028+0000] {dag.py:3036} INFO - Sync 1 DAGs
[2026-07-01T12:13:35.099+0000] {logging_mixin.py:188} INFO - [2026-07-01T12:13:35.098+0000] {dag.py:3823} INFO - Setting next_dagrun for example_sla_dag to 2026-07-01 12:10:00+00:00, run_after=2026-07-01 12:12:00+00:00
[2026-07-01T12:13:35.165+0000] {processor.py:183} INFO - Processing /home/airflow/.local/lib/python3.8/site-packages/airflow/example_dags/example_sla_dag.py took 0.254 seconds
[2026-07-01T12:14:05.262+0000] {processor.py:161} INFO - Started process (PID=641) to work on /home/airflow/.local/lib/python3.8/site-packages/airflow/example_dags/example_sla_dag.py
[2026-07-01T12:14:05.266+0000] {processor.py:830} INFO - Processing file /home/airflow/.local/lib/python3.8/site-packages/airflow/example_dags/example_sla_dag.py for tasks to queue
[2026-07-01T12:14:05.273+0000] {logging_mixin.py:188} INFO - [2026-07-01T12:14:05.272+0000] {dagbag.py:538} INFO - Filling up the DagBag from /home/airflow/.local/lib/python3.8/site-packages/airflow/example_dags/example_sla_dag.py
[2026-07-01T12:14:05.298+0000] {processor.py:840} INFO - DAG(s) 'example_sla_dag' retrieved from /home/airflow/.local/lib/python3.8/site-packages/airflow/example_dags/example_sla_dag.py
[2026-07-01T12:14:05.359+0000] {logging_mixin.py:188} INFO - [2026-07-01T12:14:05.358+0000] {dag.py:3036} INFO - Sync 1 DAGs
[2026-07-01T12:14:05.459+0000] {logging_mixin.py:188} INFO - [2026-07-01T12:14:05.458+0000] {dag.py:3823} INFO - Setting next_dagrun for example_sla_dag to 2026-07-01 12:12:00+00:00, run_after=2026-07-01 12:14:00+00:00
[2026-07-01T12:14:05.505+0000] {processor.py:183} INFO - Processing /home/airflow/.local/lib/python3.8/site-packages/airflow/example_dags/example_sla_dag.py took 0.253 seconds
[2026-07-01T12:14:35.744+0000] {processor.py:161} INFO - Started process (PID=697) to work on /home/airflow/.local/lib/python3.8/site-packages/airflow/example_dags/example_sla_dag.py
[2026-07-01T12:14:35.748+0000] {processor.py:830} INFO - Processing file /home/airflow/.local/lib/python3.8/site-packages/airflow/example_dags/example_sla_dag.py for tasks to queue
[2026-07-01T12:14:35.755+0000] {logging_mixin.py:188} INFO - [2026-07-01T12:14:35.754+0000] {dagbag.py:538} INFO - Filling up the DagBag from /home/airflow/.local/lib/python3.8/site-packages/airflow/example_dags/example_sla_dag.py
[2026-07-01T12:14:35.781+0000] {processor.py:840} INFO - DAG(s) 'example_sla_dag' retrieved from /home/airflow/.local/lib/python3.8/site-packages/airflow/example_dags/example_sla_dag.py
[2026-07-01T12:14:35.845+0000] {logging_mixin.py:188} INFO - [2026-07-01T12:14:35.844+0000] {dag.py:3036} INFO - Sync 1 DAGs
[2026-07-01T12:14:35.921+0000] {logging_mixin.py:188} INFO - [2026-07-01T12:14:35.920+0000] {dag.py:3823} INFO - Setting next_dagrun for example_sla_dag to 2026-07-01 12:12:00+00:00, run_after=2026-07-01 12:14:00+00:00
[2026-07-01T12:14:35.975+0000] {processor.py:183} INFO - Processing /home/airflow/.local/lib/python3.8/site-packages/airflow/example_dags/example_sla_dag.py took 0.242 seconds
[2026-07-01T12:15:06.392+0000] {processor.py:161} INFO - Started process (PID=754) to work on /home/airflow/.local/lib/python3.8/site-packages/airflow/example_dags/example_sla_dag.py
[2026-07-01T12:15:06.397+0000] {processor.py:830} INFO - Processing file /home/airflow/.local/lib/python3.8/site-packages/airflow/example_dags/example_sla_dag.py for tasks to queue
[2026-07-01T12:15:06.404+0000] {logging_mixin.py:188} INFO - [2026-07-01T12:15:06.403+0000] {dagbag.py:538} INFO - Filling up the DagBag from /home/airflow/.local/lib/python3.8/site-packages/airflow/example_dags/example_sla_dag.py
[2026-07-01T12:15:06.426+0000] {processor.py:840} INFO - DAG(s) 'example_sla_dag' retrieved from /home/airflow/.local/lib/python3.8/site-packages/airflow/example_dags/example_sla_dag.py
[2026-07-01T12:15:06.472+0000] {logging_mixin.py:188} INFO - [2026-07-01T12:15:06.472+0000] {dag.py:3036} INFO - Sync 1 DAGs
[2026-07-01T12:15:06.533+0000] {logging_mixin.py:188} INFO - [2026-07-01T12:15:06.533+0000] {dag.py:3823} INFO - Setting next_dagrun for example_sla_dag to 2026-07-01 12:12:00+00:00, run_after=2026-07-01 12:14:00+00:00
[2026-07-01T12:15:06.585+0000] {processor.py:183} INFO - Processing /home/airflow/.local/lib/python3.8/site-packages/airflow/example_dags/example_sla_dag.py took 0.203 seconds
[2026-07-01T12:15:36.947+0000] {processor.py:161} INFO - Started process (PID=810) to work on /home/airflow/.local/lib/python3.8/site-packages/airflow/example_dags/example_sla_dag.py
[2026-07-01T12:15:36.950+0000] {processor.py:830} INFO - Processing file /home/airflow/.local/lib/python3.8/site-packages/airflow/example_dags/example_sla_dag.py for tasks to queue
[2026-07-01T12:15:36.957+0000] {logging_mixin.py:188} INFO - [2026-07-01T12:15:36.955+0000] {dagbag.py:538} INFO - Filling up the DagBag from /home/airflow/.local/lib/python3.8/site-packages/airflow/example_dags/example_sla_dag.py
[2026-07-01T12:15:36.981+0000] {processor.py:840} INFO - DAG(s) 'example_sla_dag' retrieved from /home/airflow/.local/lib/python3.8/site-packages/airflow/example_dags/example_sla_dag.py
[2026-07-01T12:15:37.044+0000] {logging_mixin.py:188} INFO - [2026-07-01T12:15:37.044+0000] {dag.py:3036} INFO - Sync 1 DAGs
[2026-07-01T12:15:37.112+0000] {logging_mixin.py:188} INFO - [2026-07-01T12:15:37.111+0000] {dag.py:3823} INFO - Setting next_dagrun for example_sla_dag to 2026-07-01 12:12:00+00:00, run_after=2026-07-01 12:14:00+00:00
[2026-07-01T12:15:37.168+0000] {processor.py:183} INFO - Processing /home/airflow/.local/lib/python3.8/site-packages/airflow/example_dags/example_sla_dag.py took 0.230 seconds
[2026-07-01T12:16:08.077+0000] {processor.py:161} INFO - Started process (PID=866) to work on /home/airflow/.local/lib/python3.8/site-packages/airflow/example_dags/example_sla_dag.py
[2026-07-01T12:16:08.082+0000] {processor.py:830} INFO - Processing file /home/airflow/.local/lib/python3.8/site-packages/airflow/example_dags/example_sla_dag.py for tasks to queue
[2026-07-01T12:16:08.091+0000] {logging_mixin.py:188} INFO - [2026-07-01T12:16:08.090+0000] {dagbag.py:538} INFO - Filling up the DagBag from /home/airflow/.local/lib/python3.8/site-packages/airflow/example_dags/example_sla_dag.py
[2026-07-01T12:16:08.118+0000] {processor.py:840} INFO - DAG(s) 'example_sla_dag' retrieved from /home/airflow/.local/lib/python3.8/site-packages/airflow/example_dags/example_sla_dag.py
[2026-07-01T12:16:08.168+0000] {logging_mixin.py:188} INFO - [2026-07-01T12:16:08.167+0000] {dag.py:3036} INFO - Sync 1 DAGs
[2026-07-01T12:16:08.231+0000] {logging_mixin.py:188} INFO - [2026-07-01T12:16:08.231+0000] {dag.py:3823} INFO - Setting next_dagrun for example_sla_dag to 2026-07-01 12:14:00+00:00, run_after=2026-07-01 12:16:00+00:00
[2026-07-01T12:16:08.276+0000] {processor.py:183} INFO - Processing /home/airflow/.local/lib/python3.8/site-packages/airflow/example_dags/example_sla_dag.py took 0.212 seconds
[2026-07-01T12:16:38.575+0000] {processor.py:161} INFO - Started process (PID=922) to work on /home/airflow/.local/lib/python3.8/site-packages/airflow/example_dags/example_sla_dag.py
[2026-07-01T12:16:38.578+0000] {processor.py:830} INFO - Processing file /home/airflow/.local/lib/python3.8/site-packages/airflow/example_dags/example_sla_dag.py for tasks to queue
[2026-07-01T12:16:38.584+0000] {logging_mixin.py:188} INFO - [2026-07-01T12:16:38.583+0000] {dagbag.py:538} INFO - Filling up the DagBag from /home/airflow/.local/lib/python3.8/site-packages/airflow/example_dags/example_sla_dag.py
[2026-07-01T12:16:38.610+0000] {processor.py:840} INFO - DAG(s) 'example_sla_dag' retrieved from /home/airflow/.local/lib/python3.8/site-packages/airflow/example_dags/example_sla_dag.py
[2026-07-01T12:16:38.664+0000] {logging_mixin.py:188} INFO - [2026-07-01T12:16:38.663+0000] {dag.py:3036} INFO - Sync 1 DAGs
[2026-07-01T12:16:38.734+0000] {logging_mixin.py:188} INFO - [2026-07-01T12:16:38.733+0000] {dag.py:3823} INFO - Setting next_dagrun for example_sla_dag to 2026-07-01 12:14:00+00:00, run_after=2026-07-01 12:16:00+00:00
[2026-07-01T12:16:38.784+0000] {processor.py:183} INFO - Processing /home/airflow/.local/lib/python3.8/site-packages/airflow/example_dags/example_sla_dag.py took 0.217 seconds
[2026-07-01T12:17:09.103+0000] {processor.py:161} INFO - Started process (PID=978) to work on /home/airflow/.local/lib/python3.8/site-packages/airflow/example_dags/example_sla_dag.py
[2026-07-01T12:17:09.106+0000] {processor.py:830} INFO - Processing file /home/airflow/.local/lib/python3.8/site-packages/airflow/example_dags/example_sla_dag.py for tasks to queue
[2026-07-01T12:17:09.111+0000] {logging_mixin.py:188} INFO - [2026-07-01T12:17:09.110+0000] {dagbag.py:538} INFO - Filling up the DagBag from /home/airflow/.local/lib/python3.8/site-packages/airflow/example_dags/example_sla_dag.py
[2026-07-01T12:17:09.135+0000] {processor.py:840} INFO - DAG(s) 'example_sla_dag' retrieved from /home/airflow/.local/lib/python3.8/site-packages/airflow/example_dags/example_sla_dag.py
[2026-07-01T12:17:09.187+0000] {logging_mixin.py:188} INFO - [2026-07-01T12:17:09.187+0000] {dag.py:3036} INFO - Sync 1 DAGs
[2026-07-01T12:17:09.256+0000] {logging_mixin.py:188} INFO - [2026-07-01T12:17:09.255+0000] {dag.py:3823} INFO - Setting next_dagrun for example_sla_dag to 2026-07-01 12:14:00+00:00, run_after=2026-07-01 12:16:00+00:00
[2026-07-01T12:17:09.307+0000] {processor.py:183} INFO - Processing /home/airflow/.local/lib/python3.8/site-packages/airflow/example_dags/example_sla_dag.py took 0.212 seconds
[2026-07-01T12:17:39.892+0000] {processor.py:161} INFO - Started process (PID=1034) to work on /home/airflow/.local/lib/python3.8/site-packages/airflow/example_dags/example_sla_dag.py
[2026-07-01T12:17:39.894+0000] {processor.py:830} INFO - Processing file /home/airflow/.local/lib/python3.8/site-packages/airflow/example_dags/example_sla_dag.py for tasks to queue
[2026-07-01T12:17:39.899+0000] {logging_mixin.py:188} INFO - [2026-07-01T12:17:39.898+0000] {dagbag.py:538} INFO - Filling up the DagBag from /home/airflow/.local/lib/python3.8/site-packages/airflow/example_dags/example_sla_dag.py
[2026-07-01T12:17:39.922+0000] {processor.py:840} INFO - DAG(s) 'example_sla_dag' retrieved from /home/airflow/.local/lib/python3.8/site-packages/airflow/example_dags/example_sla_dag.py
[2026-07-01T12:17:39.968+0000] {logging_mixin.py:188} INFO - [2026-07-01T12:17:39.967+0000] {dag.py:3036} INFO - Sync 1 DAGs
[2026-07-01T12:17:40.025+0000] {logging_mixin.py:188} INFO - [2026-07-01T12:17:40.025+0000] {dag.py:3823} INFO - Setting next_dagrun for example_sla_dag to 2026-07-01 12:14:00+00:00, run_after=2026-07-01 12:16:00+00:00
[2026-07-01T12:17:40.071+0000] {processor.py:183} INFO - Processing /home/airflow/.local/lib/python3.8/site-packages/airflow/example_dags/example_sla_dag.py took 0.185 seconds
[2026-07-01T12:18:10.738+0000] {processor.py:161} INFO - Started process (PID=1090) to work on /home/airflow/.local/lib/python3.8/site-packages/airflow/example_dags/example_sla_dag.py
[2026-07-01T12:18:10.742+0000] {processor.py:830} INFO - Processing file /home/airflow/.local/lib/python3.8/site-packages/airflow/example_dags/example_sla_dag.py for tasks to queue
[2026-07-01T12:18:10.749+0000] {logging_mixin.py:188} INFO - [2026-07-01T12:18:10.748+0000] {dagbag.py:538} INFO - Filling up the DagBag from /home/airflow/.local/lib/python3.8/site-packages/airflow/example_dags/example_sla_dag.py
[2026-07-01T12:18:10.786+0000] {processor.py:840} INFO - DAG(s) 'example_sla_dag' retrieved from /home/airflow/.local/lib/python3.8/site-packages/airflow/example_dags/example_sla_dag.py
[2026-07-01T12:18:10.860+0000] {logging_mixin.py:188} INFO - [2026-07-01T12:18:10.859+0000] {dag.py:3036} INFO - Sync 1 DAGs
[2026-07-01T12:18:10.929+0000] {logging_mixin.py:188} INFO - [2026-07-01T12:18:10.929+0000] {dag.py:3823} INFO - Setting next_dagrun for example_sla_dag to 2026-07-01 12:16:00+00:00, run_after=2026-07-01 12:18:00+00:00
[2026-07-01T12:18:10.979+0000] {processor.py:183} INFO - Processing /home/airflow/.local/lib/python3.8/site-packages/airflow/example_dags/example_sla_dag.py took 0.249 seconds
[2026-07-01T12:18:41.214+0000] {processor.py:161} INFO - Started process (PID=1146) to work on /home/airflow/.local/lib/python3.8/site-packages/airflow/example_dags/example_sla_dag.py
[2026-07-01T12:18:41.219+0000] {processor.py:830} INFO - Processing file /home/airflow/.local/lib/python3.8/site-packages/airflow/example_dags/example_sla_dag.py for tasks to queue
[2026-07-01T12:18:41.225+0000] {logging_mixin.py:188} INFO - [2026-07-01T12:18:41.225+0000] {dagbag.py:538} INFO - Filling up the DagBag from /home/airflow/.local/lib/python3.8/site-packages/airflow/example_dags/example_sla_dag.py
[2026-07-01T12:18:41.253+0000] {processor.py:840} INFO - DAG(s) 'example_sla_dag' retrieved from /home/airflow/.local/lib/python3.8/site-packages/airflow/example_dags/example_sla_dag.py
[2026-07-01T12:18:41.306+0000] {logging_mixin.py:188} INFO - [2026-07-01T12:18:41.306+0000] {dag.py:3036} INFO - Sync 1 DAGs
[2026-07-01T12:18:41.373+0000] {logging_mixin.py:188} INFO - [2026-07-01T12:18:41.373+0000] {dag.py:3823} INFO - Setting next_dagrun for example_sla_dag to 2026-07-01 12:16:00+00:00, run_after=2026-07-01 12:18:00+00:00
[2026-07-01T12:18:41.445+0000] {processor.py:183} INFO - Processing /home/airflow/.local/lib/python3.8/site-packages/airflow/example_dags/example_sla_dag.py took 0.241 seconds
[2026-07-01T12:19:12.443+0000] {processor.py:161} INFO - Started process (PID=1202) to work on /home/airflow/.local/lib/python3.8/site-packages/airflow/example_dags/example_sla_dag.py
[2026-07-01T12:19:12.446+0000] {processor.py:830} INFO - Processing file /home/airflow/.local/lib/python3.8/site-packages/airflow/example_dags/example_sla_dag.py for tasks to queue
[2026-07-01T12:19:12.453+0000] {logging_mixin.py:188} INFO - [2026-07-01T12:19:12.452+0000] {dagbag.py:538} INFO - Filling up the DagBag from /home/airflow/.local/lib/python3.8/site-packages/airflow/example_dags/example_sla_dag.py
[2026-07-01T12:19:12.493+0000] {processor.py:840} INFO - DAG(s) 'example_sla_dag' retrieved from /home/airflow/.local/lib/python3.8/site-packages/airflow/example_dags/example_sla_dag.py
[2026-07-01T12:19:12.552+0000] {logging_mixin.py:188} INFO - [2026-07-01T12:19:12.552+0000] {dag.py:3036} INFO - Sync 1 DAGs
[2026-07-01T12:19:12.633+0000] {logging_mixin.py:188} INFO - [2026-07-01T12:19:12.633+0000] {dag.py:3823} INFO - Setting next_dagrun for example_sla_dag to 2026-07-01 12:16:00+00:00, run_after=2026-07-01 12:18:00+00:00
[2026-07-01T12:19:12.686+0000] {processor.py:183} INFO - Processing /home/airflow/.local/lib/python3.8/site-packages/airflow/example_dags/example_sla_dag.py took 0.269 seconds
[2026-07-01T12:19:42.980+0000] {processor.py:161} INFO - Started process (PID=1256) to work on /home/airflow/.local/lib/python3.8/site-packages/airflow/example_dags/example_sla_dag.py
[2026-07-01T12:19:42.984+0000] {processor.py:830} INFO - Processing file /home/airflow/.local/lib/python3.8/site-packages/airflow/example_dags/example_sla_dag.py for tasks to queue
[2026-07-01T12:19:42.990+0000] {logging_mixin.py:188} INFO - [2026-07-01T12:19:42.989+0000] {dagbag.py:538} INFO - Filling up the DagBag from /home/airflow/.local/lib/python3.8/site-packages/airflow/example_dags/example_sla_dag.py
[2026-07-01T12:19:43.014+0000] {processor.py:840} INFO - DAG(s) 'example_sla_dag' retrieved from /home/airflow/.local/lib/python3.8/site-packages/airflow/example_dags/example_sla_dag.py
[2026-07-01T12:19:43.069+0000] {logging_mixin.py:188} INFO - [2026-07-01T12:19:43.068+0000] {dag.py:3036} INFO - Sync 1 DAGs
[2026-07-01T12:19:43.200+0000] {logging_mixin.py:188} INFO - [2026-07-01T12:19:43.200+0000] {dag.py:3823} INFO - Setting next_dagrun for example_sla_dag to 2026-07-01 12:16:00+00:00, run_after=2026-07-01 12:18:00+00:00
[2026-07-01T12:19:43.278+0000] {processor.py:183} INFO - Processing /home/airflow/.local/lib/python3.8/site-packages/airflow/example_dags/example_sla_dag.py took 0.309 seconds
[2026-07-01T12:20:13.898+0000] {processor.py:161} INFO - Started process (PID=1311) to work on /home/airflow/.local/lib/python3.8/site-packages/airflow/example_dags/example_sla_dag.py
[2026-07-01T12:20:13.902+0000] {processor.py:830} INFO - Processing file /home/airflow/.local/lib/python3.8/site-packages/airflow/example_dags/example_sla_dag.py for tasks to queue
[2026-07-01T12:20:13.911+0000] {logging_mixin.py:188} INFO - [2026-07-01T12:20:13.910+0000] {dagbag.py:538} INFO - Filling up the DagBag from /home/airflow/.local/lib/python3.8/site-packages/airflow/example_dags/example_sla_dag.py
[2026-07-01T12:20:13.954+0000] {processor.py:840} INFO - DAG(s) 'example_sla_dag' retrieved from /home/airflow/.local/lib/python3.8/site-packages/airflow/example_dags/example_sla_dag.py
[2026-07-01T12:20:14.480+0000] {logging_mixin.py:188} INFO - [2026-07-01T12:20:14.479+0000] {dag.py:3036} INFO - Sync 1 DAGs
[2026-07-01T12:20:14.590+0000] {logging_mixin.py:188} INFO - [2026-07-01T12:20:14.590+0000] {dag.py:3823} INFO - Setting next_dagrun for example_sla_dag to 2026-07-01 12:18:00+00:00, run_after=2026-07-01 12:20:00+00:00
[2026-07-01T12:20:17.298+0000] {processor.py:183} INFO - Processing /home/airflow/.local/lib/python3.8/site-packages/airflow/example_dags/example_sla_dag.py took 3.411 seconds
[2026-07-01T12:20:48.457+0000] {processor.py:161} INFO - Started process (PID=1367) to work on /home/airflow/.local/lib/python3.8/site-packages/airflow/example_dags/example_sla_dag.py
[2026-07-01T12:20:48.473+0000] {processor.py:830} INFO - Processing file /home/airflow/.local/lib/python3.8/site-packages/airflow/example_dags/example_sla_dag.py for tasks to queue
[2026-07-01T12:20:48.533+0000] {logging_mixin.py:188} INFO - [2026-07-01T12:20:48.532+0000] {dagbag.py:538} INFO - Filling up the DagBag from /home/airflow/.local/lib/python3.8/site-packages/airflow/example_dags/example_sla_dag.py
[2026-07-01T12:20:48.611+0000] {processor.py:840} INFO - DAG(s) 'example_sla_dag' retrieved from /home/airflow/.local/lib/python3.8/site-packages/airflow/example_dags/example_sla_dag.py
[2026-07-01T12:20:48.746+0000] {logging_mixin.py:188} INFO - [2026-07-01T12:20:48.745+0000] {dag.py:3036} INFO - Sync 1 DAGs
[2026-07-01T12:20:48.922+0000] {logging_mixin.py:188} INFO - [2026-07-01T12:20:48.921+0000] {dag.py:3823} INFO - Setting next_dagrun for example_sla_dag to 2026-07-01 12:18:00+00:00, run_after=2026-07-01 12:20:00+00:00
[2026-07-01T12:20:49.083+0000] {processor.py:183} INFO - Processing /home/airflow/.local/lib/python3.8/site-packages/airflow/example_dags/example_sla_dag.py took 0.832 seconds
[2026-07-01T12:21:19.213+0000] {processor.py:161} INFO - Started process (PID=1423) to work on /home/airflow/.local/lib/python3.8/site-packages/airflow/example_dags/example_sla_dag.py
[2026-07-01T12:21:19.217+0000] {processor.py:830} INFO - Processing file /home/airflow/.local/lib/python3.8/site-packages/airflow/example_dags/example_sla_dag.py for tasks to queue
[2026-07-01T12:21:19.222+0000] {logging_mixin.py:188} INFO - [2026-07-01T12:21:19.221+0000] {dagbag.py:538} INFO - Filling up the DagBag from /home/airflow/.local/lib/python3.8/site-packages/airflow/example_dags/example_sla_dag.py
[2026-07-01T12:21:19.248+0000] {processor.py:840} INFO - DAG(s) 'example_sla_dag' retrieved from /home/airflow/.local/lib/python3.8/site-packages/airflow/example_dags/example_sla_dag.py
[2026-07-01T12:21:19.314+0000] {logging_mixin.py:188} INFO - [2026-07-01T12:21:19.313+0000] {dag.py:3036} INFO - Sync 1 DAGs
[2026-07-01T12:21:19.385+0000] {logging_mixin.py:188} INFO - [2026-07-01T12:21:19.384+0000] {dag.py:3823} INFO - Setting next_dagrun for example_sla_dag to 2026-07-01 12:18:00+00:00, run_after=2026-07-01 12:20:00+00:00
[2026-07-01T12:21:19.439+0000] {processor.py:183} INFO - Processing /home/airflow/.local/lib/python3.8/site-packages/airflow/example_dags/example_sla_dag.py took 0.236 seconds
[2026-07-01T12:21:49.665+0000] {processor.py:161} INFO - Started process (PID=1479) to work on /home/airflow/.local/lib/python3.8/site-packages/airflow/example_dags/example_sla_dag.py
[2026-07-01T12:21:49.668+0000] {processor.py:830} INFO - Processing file /home/airflow/.local/lib/python3.8/site-packages/airflow/example_dags/example_sla_dag.py for tasks to queue
[2026-07-01T12:21:49.675+0000] {logging_mixin.py:188} INFO - [2026-07-01T12:21:49.674+0000] {dagbag.py:538} INFO - Filling up the DagBag from /home/airflow/.local/lib/python3.8/site-packages/airflow/example_dags/example_sla_dag.py
[2026-07-01T12:21:49.702+0000] {processor.py:840} INFO - DAG(s) 'example_sla_dag' retrieved from /home/airflow/.local/lib/python3.8/site-packages/airflow/example_dags/example_sla_dag.py
[2026-07-01T12:21:49.766+0000] {logging_mixin.py:188} INFO - [2026-07-01T12:21:49.765+0000] {dag.py:3036} INFO - Sync 1 DAGs
[2026-07-01T12:21:49.837+0000] {logging_mixin.py:188} INFO - [2026-07-01T12:21:49.837+0000] {dag.py:3823} INFO - Setting next_dagrun for example_sla_dag to 2026-07-01 12:18:00+00:00, run_after=2026-07-01 12:20:00+00:00
[2026-07-01T12:21:49.895+0000] {processor.py:183} INFO - Processing /home/airflow/.local/lib/python3.8/site-packages/airflow/example_dags/example_sla_dag.py took 0.240 seconds
[2026-07-01T12:22:20.016+0000] {processor.py:161} INFO - Started process (PID=1535) to work on /home/airflow/.local/lib/python3.8/site-packages/airflow/example_dags/example_sla_dag.py
[2026-07-01T12:22:20.021+0000] {processor.py:830} INFO - Processing file /home/airflow/.local/lib/python3.8/site-packages/airflow/example_dags/example_sla_dag.py for tasks to queue
[2026-07-01T12:22:20.031+0000] {logging_mixin.py:188} INFO - [2026-07-01T12:22:20.030+0000] {dagbag.py:538} INFO - Filling up the DagBag from /home/airflow/.local/lib/python3.8/site-packages/airflow/example_dags/example_sla_dag.py
[2026-07-01T12:22:20.051+0000] {processor.py:840} INFO - DAG(s) 'example_sla_dag' retrieved from /home/airflow/.local/lib/python3.8/site-packages/airflow/example_dags/example_sla_dag.py
[2026-07-01T12:22:20.098+0000] {logging_mixin.py:188} INFO - [2026-07-01T12:22:20.098+0000] {dag.py:3036} INFO - Sync 1 DAGs
[2026-07-01T12:22:20.154+0000] {logging_mixin.py:188} INFO - [2026-07-01T12:22:20.154+0000] {dag.py:3823} INFO - Setting next_dagrun for example_sla_dag to 2026-07-01 12:20:00+00:00, run_after=2026-07-01 12:22:00+00:00
[2026-07-01T12:22:20.197+0000] {processor.py:183} INFO - Processing /home/airflow/.local/lib/python3.8/site-packages/airflow/example_dags/example_sla_dag.py took 0.195 seconds
[2026-07-01T12:22:50.527+0000] {processor.py:161} INFO - Started process (PID=1591) to work on /home/airflow/.local/lib/python3.8/site-packages/airflow/example_dags/example_sla_dag.py
[2026-07-01T12:22:50.530+0000] {processor.py:830} INFO - Processing file /home/airflow/.local/lib/python3.8/site-packages/airflow/example_dags/example_sla_dag.py for tasks to queue
[2026-07-01T12:22:50.535+0000] {logging_mixin.py:188} INFO - [2026-07-01T12:22:50.534+0000] {dagbag.py:538} INFO - Filling up the DagBag from /home/airflow/.local/lib/python3.8/site-packages/airflow/example_dags/example_sla_dag.py
[2026-07-01T12:22:50.553+0000] {processor.py:840} INFO - DAG(s) 'example_sla_dag' retrieved from /home/airflow/.local/lib/python3.8/site-packages/airflow/example_dags/example_sla_dag.py
[2026-07-01T12:22:50.600+0000] {logging_mixin.py:188} INFO - [2026-07-01T12:22:50.599+0000] {dag.py:3036} INFO - Sync 1 DAGs
[2026-07-01T12:22:50.659+0000] {logging_mixin.py:188} INFO - [2026-07-01T12:22:50.658+0000] {dag.py:3823} INFO - Setting next_dagrun for example_sla_dag to 2026-07-01 12:20:00+00:00, run_after=2026-07-01 12:22:00+00:00
[2026-07-01T12:22:50.707+0000] {processor.py:183} INFO - Processing /home/airflow/.local/lib/python3.8/site-packages/airflow/example_dags/example_sla_dag.py took 0.188 seconds
[2026-07-01T12:23:21.152+0000] {processor.py:161} INFO - Started process (PID=1647) to work on /home/airflow/.local/lib/python3.8/site-packages/airflow/example_dags/example_sla_dag.py
[2026-07-01T12:23:21.157+0000] {processor.py:830} INFO - Processing file /home/airflow/.local/lib/python3.8/site-packages/airflow/example_dags/example_sla_dag.py for tasks to queue
[2026-07-01T12:23:21.164+0000] {logging_mixin.py:188} INFO - [2026-07-01T12:23:21.163+0000] {dagbag.py:538} INFO - Filling up the DagBag from /home/airflow/.local/lib/python3.8/site-packages/airflow/example_dags/example_sla_dag.py
[2026-07-01T12:23:21.193+0000] {processor.py:840} INFO - DAG(s) 'example_sla_dag' retrieved from /home/airflow/.local/lib/python3.8/site-packages/airflow/example_dags/example_sla_dag.py
[2026-07-01T12:23:21.248+0000] {logging_mixin.py:188} INFO - [2026-07-01T12:23:21.248+0000] {dag.py:3036} INFO - Sync 1 DAGs
[2026-07-01T12:23:21.318+0000] {logging_mixin.py:188} INFO - [2026-07-01T12:23:21.318+0000] {dag.py:3823} INFO - Setting next_dagrun for example_sla_dag to 2026-07-01 12:20:00+00:00, run_after=2026-07-01 12:22:00+00:00
[2026-07-01T12:23:21.370+0000] {processor.py:183} INFO - Processing /home/airflow/.local/lib/python3.8/site-packages/airflow/example_dags/example_sla_dag.py took 0.236 seconds
[2026-07-01T12:23:52.270+0000] {processor.py:161} INFO - Started process (PID=1703) to work on /home/airflow/.local/lib/python3.8/site-packages/airflow/example_dags/example_sla_dag.py
[2026-07-01T12:23:52.285+0000] {processor.py:830} INFO - Processing file /home/airflow/.local/lib/python3.8/site-packages/airflow/example_dags/example_sla_dag.py for tasks to queue
[2026-07-01T12:23:52.331+0000] {logging_mixin.py:188} INFO - [2026-07-01T12:23:52.328+0000] {dagbag.py:538} INFO - Filling up the DagBag from /home/airflow/.local/lib/python3.8/site-packages/airflow/example_dags/example_sla_dag.py
[2026-07-01T12:23:52.399+0000] {processor.py:840} INFO - DAG(s) 'example_sla_dag' retrieved from /home/airflow/.local/lib/python3.8/site-packages/airflow/example_dags/example_sla_dag.py
[2026-07-01T12:23:52.534+0000] {logging_mixin.py:188} INFO - [2026-07-01T12:23:52.533+0000] {dag.py:3036} INFO - Sync 1 DAGs
[2026-07-01T12:23:52.648+0000] {logging_mixin.py:188} INFO - [2026-07-01T12:23:52.648+0000] {dag.py:3823} INFO - Setting next_dagrun for example_sla_dag to 2026-07-01 12:20:00+00:00, run_after=2026-07-01 12:22:00+00:00
[2026-07-01T12:23:52.727+0000] {processor.py:183} INFO - Processing /home/airflow/.local/lib/python3.8/site-packages/airflow/example_dags/example_sla_dag.py took 0.484 seconds
[2026-07-01T12:24:22.882+0000] {processor.py:161} INFO - Started process (PID=1760) to work on /home/airflow/.local/lib/python3.8/site-packages/airflow/example_dags/example_sla_dag.py
[2026-07-01T12:24:22.885+0000] {processor.py:830} INFO - Processing file /home/airflow/.local/lib/python3.8/site-packages/airflow/example_dags/example_sla_dag.py for tasks to queue
[2026-07-01T12:24:22.891+0000] {logging_mixin.py:188} INFO - [2026-07-01T12:24:22.890+0000] {dagbag.py:538} INFO - Filling up the DagBag from /home/airflow/.local/lib/python3.8/site-packages/airflow/example_dags/example_sla_dag.py
[2026-07-01T12:24:22.912+0000] {processor.py:840} INFO - DAG(s) 'example_sla_dag' retrieved from /home/airflow/.local/lib/python3.8/site-packages/airflow/example_dags/example_sla_dag.py
[2026-07-01T12:24:22.958+0000] {logging_mixin.py:188} INFO - [2026-07-01T12:24:22.958+0000] {dag.py:3036} INFO - Sync 1 DAGs
[2026-07-01T12:24:23.012+0000] {logging_mixin.py:188} INFO - [2026-07-01T12:24:23.012+0000] {dag.py:3823} INFO - Setting next_dagrun for example_sla_dag to 2026-07-01 12:22:00+00:00, run_after=2026-07-01 12:24:00+00:00
[2026-07-01T12:24:23.048+0000] {processor.py:183} INFO - Processing /home/airflow/.local/lib/python3.8/site-packages/airflow/example_dags/example_sla_dag.py took 0.175 seconds
[2026-07-01T12:24:53.194+0000] {processor.py:161} INFO - Started process (PID=1816) to work on /home/airflow/.local/lib/python3.8/site-packages/airflow/example_dags/example_sla_dag.py
[2026-07-01T12:24:53.197+0000] {processor.py:830} INFO - Processing file /home/airflow/.local/lib/python3.8/site-packages/airflow/example_dags/example_sla_dag.py for tasks to queue
[2026-07-01T12:24:53.203+0000] {logging_mixin.py:188} INFO - [2026-07-01T12:24:53.202+0000] {dagbag.py:538} INFO - Filling up the DagBag from /home/airflow/.local/lib/python3.8/site-packages/airflow/example_dags/example_sla_dag.py
[2026-07-01T12:24:53.222+0000] {processor.py:840} INFO - DAG(s) 'example_sla_dag' retrieved from /home/airflow/.local/lib/python3.8/site-packages/airflow/example_dags/example_sla_dag.py
[2026-07-01T12:24:53.277+0000] {logging_mixin.py:188} INFO - [2026-07-01T12:24:53.277+0000] {dag.py:3036} INFO - Sync 1 DAGs
[2026-07-01T12:24:53.341+0000] {logging_mixin.py:188} INFO - [2026-07-01T12:24:53.340+0000] {dag.py:3823} INFO - Setting next_dagrun for example_sla_dag to 2026-07-01 12:22:00+00:00, run_after=2026-07-01 12:24:00+00:00
[2026-07-01T12:24:53.383+0000] {processor.py:183} INFO - Processing /home/airflow/.local/lib/python3.8/site-packages/airflow/example_dags/example_sla_dag.py took 0.197 seconds
[2026-07-01T12:25:24.076+0000] {processor.py:161} INFO - Started process (PID=1871) to work on /home/airflow/.local/lib/python3.8/site-packages/airflow/example_dags/example_sla_dag.py
[2026-07-01T12:25:24.079+0000] {processor.py:830} INFO - Processing file /home/airflow/.local/lib/python3.8/site-packages/airflow/example_dags/example_sla_dag.py for tasks to queue
[2026-07-01T12:25:24.084+0000] {logging_mixin.py:188} INFO - [2026-07-01T12:25:24.083+0000] {dagbag.py:538} INFO - Filling up the DagBag from /home/airflow/.local/lib/python3.8/site-packages/airflow/example_dags/example_sla_dag.py
[2026-07-01T12:25:24.105+0000] {processor.py:840} INFO - DAG(s) 'example_sla_dag' retrieved from /home/airflow/.local/lib/python3.8/site-packages/airflow/example_dags/example_sla_dag.py
[2026-07-01T12:25:24.156+0000] {logging_mixin.py:188} INFO - [2026-07-01T12:25:24.155+0000] {dag.py:3036} INFO - Sync 1 DAGs
[2026-07-01T12:25:24.219+0000] {logging_mixin.py:188} INFO - [2026-07-01T12:25:24.219+0000] {dag.py:3823} INFO - Setting next_dagrun for example_sla_dag to 2026-07-01 12:22:00+00:00, run_after=2026-07-01 12:24:00+00:00
[2026-07-01T12:25:24.290+0000] {processor.py:183} INFO - Processing /home/airflow/.local/lib/python3.8/site-packages/airflow/example_dags/example_sla_dag.py took 0.222 seconds
[2026-07-01T12:25:54.928+0000] {processor.py:161} INFO - Started process (PID=1927) to work on /home/airflow/.local/lib/python3.8/site-packages/airflow/example_dags/example_sla_dag.py
[2026-07-01T12:25:54.933+0000] {processor.py:830} INFO - Processing file /home/airflow/.local/lib/python3.8/site-packages/airflow/example_dags/example_sla_dag.py for tasks to queue
[2026-07-01T12:25:54.941+0000] {logging_mixin.py:188} INFO - [2026-07-01T12:25:54.939+0000] {dagbag.py:538} INFO - Filling up the DagBag from /home/airflow/.local/lib/python3.8/site-packages/airflow/example_dags/example_sla_dag.py
[2026-07-01T12:25:54.969+0000] {processor.py:840} INFO - DAG(s) 'example_sla_dag' retrieved from /home/airflow/.local/lib/python3.8/site-packages/airflow/example_dags/example_sla_dag.py
[2026-07-01T12:25:55.023+0000] {logging_mixin.py:188} INFO - [2026-07-01T12:25:55.023+0000] {dag.py:3036} INFO - Sync 1 DAGs
[2026-07-01T12:25:55.086+0000] {logging_mixin.py:188} INFO - [2026-07-01T12:25:55.085+0000] {dag.py:3823} INFO - Setting next_dagrun for example_sla_dag to 2026-07-01 12:22:00+00:00, run_after=2026-07-01 12:24:00+00:00
[2026-07-01T12:25:55.133+0000] {processor.py:183} INFO - Processing /home/airflow/.local/lib/python3.8/site-packages/airflow/example_dags/example_sla_dag.py took 0.217 seconds
[2026-07-01T12:26:25.454+0000] {processor.py:161} INFO - Started process (PID=1984) to work on /home/airflow/.local/lib/python3.8/site-packages/airflow/example_dags/example_sla_dag.py
[2026-07-01T12:26:25.458+0000] {processor.py:830} INFO - Processing file /home/airflow/.local/lib/python3.8/site-packages/airflow/example_dags/example_sla_dag.py for tasks to queue
[2026-07-01T12:26:25.466+0000] {logging_mixin.py:188} INFO - [2026-07-01T12:26:25.465+0000] {dagbag.py:538} INFO - Filling up the DagBag from /home/airflow/.local/lib/python3.8/site-packages/airflow/example_dags/example_sla_dag.py
[2026-07-01T12:26:25.499+0000] {processor.py:840} INFO - DAG(s) 'example_sla_dag' retrieved from /home/airflow/.local/lib/python3.8/site-packages/airflow/example_dags/example_sla_dag.py
[2026-07-01T12:26:25.561+0000] {logging_mixin.py:188} INFO - [2026-07-01T12:26:25.561+0000] {dag.py:3036} INFO - Sync 1 DAGs
[2026-07-01T12:26:25.629+0000] {logging_mixin.py:188} INFO - [2026-07-01T12:26:25.628+0000] {dag.py:3823} INFO - Setting next_dagrun for example_sla_dag to 2026-07-01 12:24:00+00:00, run_after=2026-07-01 12:26:00+00:00
[2026-07-01T12:26:25.672+0000] {processor.py:183} INFO - Processing /home/airflow/.local/lib/python3.8/site-packages/airflow/example_dags/example_sla_dag.py took 0.230 seconds
[2026-07-01T12:26:56.006+0000] {processor.py:161} INFO - Started process (PID=2039) to work on /home/airflow/.local/lib/python3.8/site-packages/airflow/example_dags/example_sla_dag.py
[2026-07-01T12:26:56.010+0000] {processor.py:830} INFO - Processing file /home/airflow/.local/lib/python3.8/site-packages/airflow/example_dags/example_sla_dag.py for tasks to queue
[2026-07-01T12:26:56.016+0000] {logging_mixin.py:188} INFO - [2026-07-01T12:26:56.016+0000] {dagbag.py:538} INFO - Filling up the DagBag from /home/airflow/.local/lib/python3.8/site-packages/airflow/example_dags/example_sla_dag.py
[2026-07-01T12:26:56.041+0000] {processor.py:840} INFO - DAG(s) 'example_sla_dag' retrieved from /home/airflow/.local/lib/python3.8/site-packages/airflow/example_dags/example_sla_dag.py
[2026-07-01T12:26:56.092+0000] {logging_mixin.py:188} INFO - [2026-07-01T12:26:56.091+0000] {dag.py:3036} INFO - Sync 1 DAGs
[2026-07-01T12:26:56.165+0000] {logging_mixin.py:188} INFO - [2026-07-01T12:26:56.165+0000] {dag.py:3823} INFO - Setting next_dagrun for example_sla_dag to 2026-07-01 12:24:00+00:00, run_after=2026-07-01 12:26:00+00:00
[2026-07-01T12:26:56.213+0000] {processor.py:183} INFO - Processing /home/airflow/.local/lib/python3.8/site-packages/airflow/example_dags/example_sla_dag.py took 0.215 seconds
[2026-07-01T12:27:26.575+0000] {processor.py:161} INFO - Started process (PID=2095) to work on /home/airflow/.local/lib/python3.8/site-packages/airflow/example_dags/example_sla_dag.py
[2026-07-01T12:27:26.590+0000] {processor.py:830} INFO - Processing file /home/airflow/.local/lib/python3.8/site-packages/airflow/example_dags/example_sla_dag.py for tasks to queue
[2026-07-01T12:27:26.601+0000] {logging_mixin.py:188} INFO - [2026-07-01T12:27:26.600+0000] {dagbag.py:538} INFO - Filling up the DagBag from /home/airflow/.local/lib/python3.8/site-packages/airflow/example_dags/example_sla_dag.py
[2026-07-01T12:27:26.650+0000] {processor.py:840} INFO - DAG(s) 'example_sla_dag' retrieved from /home/airflow/.local/lib/python3.8/site-packages/airflow/example_dags/example_sla_dag.py
[2026-07-01T12:27:26.725+0000] {logging_mixin.py:188} INFO - [2026-07-01T12:27:26.724+0000] {dag.py:3036} INFO - Sync 1 DAGs
[2026-07-01T12:27:26.796+0000] {logging_mixin.py:188} INFO - [2026-07-01T12:27:26.795+0000] {dag.py:3823} INFO - Setting next_dagrun for example_sla_dag to 2026-07-01 12:24:00+00:00, run_after=2026-07-01 12:26:00+00:00
[2026-07-01T12:27:26.846+0000] {processor.py:183} INFO - Processing /home/airflow/.local/lib/python3.8/site-packages/airflow/example_dags/example_sla_dag.py took 0.300 seconds
[2026-07-01T12:27:57.427+0000] {processor.py:161} INFO - Started process (PID=2151) to work on /home/airflow/.local/lib/python3.8/site-packages/airflow/example_dags/example_sla_dag.py
[2026-07-01T12:27:57.430+0000] {processor.py:830} INFO - Processing file /home/airflow/.local/lib/python3.8/site-packages/airflow/example_dags/example_sla_dag.py for tasks to queue
[2026-07-01T12:27:57.435+0000] {logging_mixin.py:188} INFO - [2026-07-01T12:27:57.435+0000] {dagbag.py:538} INFO - Filling up the DagBag from /home/airflow/.local/lib/python3.8/site-packages/airflow/example_dags/example_sla_dag.py
[2026-07-01T12:27:57.459+0000] {processor.py:840} INFO - DAG(s) 'example_sla_dag' retrieved from /home/airflow/.local/lib/python3.8/site-packages/airflow/example_dags/example_sla_dag.py
[2026-07-01T12:27:57.510+0000] {logging_mixin.py:188} INFO - [2026-07-01T12:27:57.510+0000] {dag.py:3036} INFO - Sync 1 DAGs
[2026-07-01T12:27:57.574+0000] {logging_mixin.py:188} INFO - [2026-07-01T12:27:57.573+0000] {dag.py:3823} INFO - Setting next_dagrun for example_sla_dag to 2026-07-01 12:24:00+00:00, run_after=2026-07-01 12:26:00+00:00
[2026-07-01T12:27:57.617+0000] {processor.py:183} INFO - Processing /home/airflow/.local/lib/python3.8/site-packages/airflow/example_dags/example_sla_dag.py took 0.198 seconds
[2026-07-01T12:28:27.756+0000] {processor.py:161} INFO - Started process (PID=2207) to work on /home/airflow/.local/lib/python3.8/site-packages/airflow/example_dags/example_sla_dag.py
[2026-07-01T12:28:27.759+0000] {processor.py:830} INFO - Processing file /home/airflow/.local/lib/python3.8/site-packages/airflow/example_dags/example_sla_dag.py for tasks to queue
[2026-07-01T12:28:27.764+0000] {logging_mixin.py:188} INFO - [2026-07-01T12:28:27.763+0000] {dagbag.py:538} INFO - Filling up the DagBag from /home/airflow/.local/lib/python3.8/site-packages/airflow/example_dags/example_sla_dag.py
[2026-07-01T12:28:27.786+0000] {processor.py:840} INFO - DAG(s) 'example_sla_dag' retrieved from /home/airflow/.local/lib/python3.8/site-packages/airflow/example_dags/example_sla_dag.py
[2026-07-01T12:28:27.833+0000] {logging_mixin.py:188} INFO - [2026-07-01T12:28:27.832+0000] {dag.py:3036} INFO - Sync 1 DAGs
[2026-07-01T12:28:27.892+0000] {logging_mixin.py:188} INFO - [2026-07-01T12:28:27.891+0000] {dag.py:3823} INFO - Setting next_dagrun for example_sla_dag to 2026-07-01 12:26:00+00:00, run_after=2026-07-01 12:28:00+00:00
[2026-07-01T12:28:27.937+0000] {processor.py:183} INFO - Processing /home/airflow/.local/lib/python3.8/site-packages/airflow/example_dags/example_sla_dag.py took 0.190 seconds
[2026-07-01T12:28:58.115+0000] {processor.py:161} INFO - Started process (PID=2264) to work on /home/airflow/.local/lib/python3.8/site-packages/airflow/example_dags/example_sla_dag.py
[2026-07-01T12:28:58.118+0000] {processor.py:830} INFO - Processing file /home/airflow/.local/lib/python3.8/site-packages/airflow/example_dags/example_sla_dag.py for tasks to queue
[2026-07-01T12:28:58.123+0000] {logging_mixin.py:188} INFO - [2026-07-01T12:28:58.122+0000] {dagbag.py:538} INFO - Filling up the DagBag from /home/airflow/.local/lib/python3.8/site-packages/airflow/example_dags/example_sla_dag.py
[2026-07-01T12:28:58.143+0000] {processor.py:840} INFO - DAG(s) 'example_sla_dag' retrieved from /home/airflow/.local/lib/python3.8/site-packages/airflow/example_dags/example_sla_dag.py
[2026-07-01T12:28:58.194+0000] {logging_mixin.py:188} INFO - [2026-07-01T12:28:58.194+0000] {dag.py:3036} INFO - Sync 1 DAGs
[2026-07-01T12:28:58.267+0000] {logging_mixin.py:188} INFO - [2026-07-01T12:28:58.266+0000] {dag.py:3823} INFO - Setting next_dagrun for example_sla_dag to 2026-07-01 12:26:00+00:00, run_after=2026-07-01 12:28:00+00:00
[2026-07-01T12:28:58.329+0000] {processor.py:183} INFO - Processing /home/airflow/.local/lib/python3.8/site-packages/airflow/example_dags/example_sla_dag.py took 0.222 seconds
[2026-07-01T12:29:28.628+0000] {processor.py:161} INFO - Started process (PID=2321) to work on /home/airflow/.local/lib/python3.8/site-packages/airflow/example_dags/example_sla_dag.py
[2026-07-01T12:29:28.630+0000] {processor.py:830} INFO - Processing file /home/airflow/.local/lib/python3.8/site-packages/airflow/example_dags/example_sla_dag.py for tasks to queue
[2026-07-01T12:29:28.636+0000] {logging_mixin.py:188} INFO - [2026-07-01T12:29:28.635+0000] {dagbag.py:538} INFO - Filling up the DagBag from /home/airflow/.local/lib/python3.8/site-packages/airflow/example_dags/example_sla_dag.py
[2026-07-01T12:29:28.654+0000] {processor.py:840} INFO - DAG(s) 'example_sla_dag' retrieved from /home/airflow/.local/lib/python3.8/site-packages/airflow/example_dags/example_sla_dag.py
[2026-07-01T12:29:28.697+0000] {logging_mixin.py:188} INFO - [2026-07-01T12:29:28.696+0000] {dag.py:3036} INFO - Sync 1 DAGs
[2026-07-01T12:29:28.747+0000] {logging_mixin.py:188} INFO - [2026-07-01T12:29:28.746+0000] {dag.py:3823} INFO - Setting next_dagrun for example_sla_dag to 2026-07-01 12:26:00+00:00, run_after=2026-07-01 12:28:00+00:00
[2026-07-01T12:29:28.783+0000] {processor.py:183} INFO - Processing /home/airflow/.local/lib/python3.8/site-packages/airflow/example_dags/example_sla_dag.py took 0.163 seconds
