[2026-07-01T11:57:55.569+0000] {processor.py:161} INFO - Started process (PID=92) to work on /home/airflow/.local/lib/python3.8/site-packages/airflow/example_dags/example_dag_decorator.py
[2026-07-01T11:57:55.584+0000] {processor.py:830} INFO - Processing file /home/airflow/.local/lib/python3.8/site-packages/airflow/example_dags/example_dag_decorator.py for tasks to queue
[2026-07-01T11:57:55.816+0000] {logging_mixin.py:188} INFO - [2026-07-01T11:57:55.806+0000] {dagbag.py:538} INFO - Filling up the DagBag from /home/airflow/.local/lib/python3.8/site-packages/airflow/example_dags/example_dag_decorator.py
[2026-07-01T11:58:02.079+0000] {processor.py:840} INFO - DAG(s) 'example_dag_decorator' retrieved from /home/airflow/.local/lib/python3.8/site-packages/airflow/example_dags/example_dag_decorator.py
[2026-07-01T11:58:04.489+0000] {logging_mixin.py:188} INFO - [2026-07-01T11:58:04.488+0000] {dag.py:3036} INFO - Sync 1 DAGs
[2026-07-01T11:58:04.697+0000] {logging_mixin.py:188} INFO - [2026-07-01T11:58:04.696+0000] {dag.py:3823} INFO - Setting next_dagrun for example_dag_decorator to None, run_after=None
[2026-07-01T11:58:05.000+0000] {processor.py:183} INFO - Processing /home/airflow/.local/lib/python3.8/site-packages/airflow/example_dags/example_dag_decorator.py took 9.693 seconds
[2026-07-01T11:58:48.506+0000] {processor.py:161} INFO - Started process (PID=147) to work on /home/airflow/.local/lib/python3.8/site-packages/airflow/example_dags/example_dag_decorator.py
[2026-07-01T11:58:48.512+0000] {processor.py:830} INFO - Processing file /home/airflow/.local/lib/python3.8/site-packages/airflow/example_dags/example_dag_decorator.py for tasks to queue
[2026-07-01T11:58:48.521+0000] {logging_mixin.py:188} INFO - [2026-07-01T11:58:48.518+0000] {dagbag.py:538} INFO - Filling up the DagBag from /home/airflow/.local/lib/python3.8/site-packages/airflow/example_dags/example_dag_decorator.py
[2026-07-01T11:58:48.996+0000] {processor.py:840} INFO - DAG(s) 'example_dag_decorator' retrieved from /home/airflow/.local/lib/python3.8/site-packages/airflow/example_dags/example_dag_decorator.py
[2026-07-01T11:58:49.340+0000] {logging_mixin.py:188} INFO - [2026-07-01T11:58:49.339+0000] {dag.py:3036} INFO - Sync 1 DAGs
[2026-07-01T11:58:49.371+0000] {logging_mixin.py:188} INFO - [2026-07-01T11:58:49.370+0000] {dag.py:3823} INFO - Setting next_dagrun for example_dag_decorator to None, run_after=None
[2026-07-01T11:58:49.434+0000] {processor.py:183} INFO - Processing /home/airflow/.local/lib/python3.8/site-packages/airflow/example_dags/example_dag_decorator.py took 0.944 seconds
[2026-07-01T11:59:19.797+0000] {processor.py:161} INFO - Started process (PID=200) to work on /home/airflow/.local/lib/python3.8/site-packages/airflow/example_dags/example_dag_decorator.py
[2026-07-01T11:59:19.801+0000] {processor.py:830} INFO - Processing file /home/airflow/.local/lib/python3.8/site-packages/airflow/example_dags/example_dag_decorator.py for tasks to queue
[2026-07-01T11:59:19.809+0000] {logging_mixin.py:188} INFO - [2026-07-01T11:59:19.808+0000] {dagbag.py:538} INFO - Filling up the DagBag from /home/airflow/.local/lib/python3.8/site-packages/airflow/example_dags/example_dag_decorator.py
[2026-07-01T11:59:20.064+0000] {processor.py:840} INFO - DAG(s) 'example_dag_decorator' retrieved from /home/airflow/.local/lib/python3.8/site-packages/airflow/example_dags/example_dag_decorator.py
[2026-07-01T11:59:20.399+0000] {logging_mixin.py:188} INFO - [2026-07-01T11:59:20.398+0000] {dag.py:3036} INFO - Sync 1 DAGs
[2026-07-01T11:59:20.423+0000] {logging_mixin.py:188} INFO - [2026-07-01T11:59:20.422+0000] {dag.py:3823} INFO - Setting next_dagrun for example_dag_decorator to None, run_after=None
[2026-07-01T11:59:20.470+0000] {processor.py:183} INFO - Processing /home/airflow/.local/lib/python3.8/site-packages/airflow/example_dags/example_dag_decorator.py took 0.685 seconds
[2026-07-01T11:59:50.600+0000] {processor.py:161} INFO - Started process (PID=256) to work on /home/airflow/.local/lib/python3.8/site-packages/airflow/example_dags/example_dag_decorator.py
[2026-07-01T11:59:50.604+0000] {processor.py:830} INFO - Processing file /home/airflow/.local/lib/python3.8/site-packages/airflow/example_dags/example_dag_decorator.py for tasks to queue
[2026-07-01T11:59:50.612+0000] {logging_mixin.py:188} INFO - [2026-07-01T11:59:50.611+0000] {dagbag.py:538} INFO - Filling up the DagBag from /home/airflow/.local/lib/python3.8/site-packages/airflow/example_dags/example_dag_decorator.py
[2026-07-01T11:59:50.868+0000] {processor.py:840} INFO - DAG(s) 'example_dag_decorator' retrieved from /home/airflow/.local/lib/python3.8/site-packages/airflow/example_dags/example_dag_decorator.py
[2026-07-01T11:59:50.899+0000] {logging_mixin.py:188} INFO - [2026-07-01T11:59:50.898+0000] {dag.py:3036} INFO - Sync 1 DAGs
[2026-07-01T11:59:50.943+0000] {logging_mixin.py:188} INFO - [2026-07-01T11:59:50.942+0000] {dag.py:3823} INFO - Setting next_dagrun for example_dag_decorator to None, run_after=None
[2026-07-01T11:59:50.994+0000] {processor.py:183} INFO - Processing /home/airflow/.local/lib/python3.8/site-packages/airflow/example_dags/example_dag_decorator.py took 0.404 seconds
[2026-07-01T12:00:21.233+0000] {processor.py:161} INFO - Started process (PID=310) to work on /home/airflow/.local/lib/python3.8/site-packages/airflow/example_dags/example_dag_decorator.py
[2026-07-01T12:00:21.237+0000] {processor.py:830} INFO - Processing file /home/airflow/.local/lib/python3.8/site-packages/airflow/example_dags/example_dag_decorator.py for tasks to queue
[2026-07-01T12:00:21.244+0000] {logging_mixin.py:188} INFO - [2026-07-01T12:00:21.243+0000] {dagbag.py:538} INFO - Filling up the DagBag from /home/airflow/.local/lib/python3.8/site-packages/airflow/example_dags/example_dag_decorator.py
[2026-07-01T12:00:21.517+0000] {processor.py:840} INFO - DAG(s) 'example_dag_decorator' retrieved from /home/airflow/.local/lib/python3.8/site-packages/airflow/example_dags/example_dag_decorator.py
[2026-07-01T12:00:21.901+0000] {logging_mixin.py:188} INFO - [2026-07-01T12:00:21.900+0000] {dag.py:3036} INFO - Sync 1 DAGs
[2026-07-01T12:00:21.948+0000] {logging_mixin.py:188} INFO - [2026-07-01T12:00:21.947+0000] {dag.py:3823} INFO - Setting next_dagrun for example_dag_decorator to None, run_after=None
[2026-07-01T12:00:22.070+0000] {processor.py:183} INFO - Processing /home/airflow/.local/lib/python3.8/site-packages/airflow/example_dags/example_dag_decorator.py took 0.850 seconds
[2026-07-01T12:00:52.370+0000] {processor.py:161} INFO - Started process (PID=365) to work on /home/airflow/.local/lib/python3.8/site-packages/airflow/example_dags/example_dag_decorator.py
[2026-07-01T12:00:52.413+0000] {processor.py:830} INFO - Processing file /home/airflow/.local/lib/python3.8/site-packages/airflow/example_dags/example_dag_decorator.py for tasks to queue
[2026-07-01T12:00:52.419+0000] {logging_mixin.py:188} INFO - [2026-07-01T12:00:52.418+0000] {dagbag.py:538} INFO - Filling up the DagBag from /home/airflow/.local/lib/python3.8/site-packages/airflow/example_dags/example_dag_decorator.py
[2026-07-01T12:00:52.709+0000] {processor.py:840} INFO - DAG(s) 'example_dag_decorator' retrieved from /home/airflow/.local/lib/python3.8/site-packages/airflow/example_dags/example_dag_decorator.py
[2026-07-01T12:00:53.407+0000] {logging_mixin.py:188} INFO - [2026-07-01T12:00:53.406+0000] {dag.py:3036} INFO - Sync 1 DAGs
[2026-07-01T12:00:53.440+0000] {logging_mixin.py:188} INFO - [2026-07-01T12:00:53.439+0000] {dag.py:3823} INFO - Setting next_dagrun for example_dag_decorator to None, run_after=None
[2026-07-01T12:00:54.259+0000] {processor.py:183} INFO - Processing /home/airflow/.local/lib/python3.8/site-packages/airflow/example_dags/example_dag_decorator.py took 1.898 seconds
[2026-07-01T12:01:24.575+0000] {processor.py:161} INFO - Started process (PID=421) to work on /home/airflow/.local/lib/python3.8/site-packages/airflow/example_dags/example_dag_decorator.py
[2026-07-01T12:01:24.580+0000] {processor.py:830} INFO - Processing file /home/airflow/.local/lib/python3.8/site-packages/airflow/example_dags/example_dag_decorator.py for tasks to queue
[2026-07-01T12:01:24.587+0000] {logging_mixin.py:188} INFO - [2026-07-01T12:01:24.586+0000] {dagbag.py:538} INFO - Filling up the DagBag from /home/airflow/.local/lib/python3.8/site-packages/airflow/example_dags/example_dag_decorator.py
[2026-07-01T12:01:24.963+0000] {processor.py:840} INFO - DAG(s) 'example_dag_decorator' retrieved from /home/airflow/.local/lib/python3.8/site-packages/airflow/example_dags/example_dag_decorator.py
[2026-07-01T12:01:25.247+0000] {logging_mixin.py:188} INFO - [2026-07-01T12:01:25.247+0000] {dag.py:3036} INFO - Sync 1 DAGs
[2026-07-01T12:01:25.274+0000] {logging_mixin.py:188} INFO - [2026-07-01T12:01:25.274+0000] {dag.py:3823} INFO - Setting next_dagrun for example_dag_decorator to None, run_after=None
[2026-07-01T12:01:25.336+0000] {processor.py:183} INFO - Processing /home/airflow/.local/lib/python3.8/site-packages/airflow/example_dags/example_dag_decorator.py took 0.774 seconds
[2026-07-01T12:01:55.739+0000] {processor.py:161} INFO - Started process (PID=476) to work on /home/airflow/.local/lib/python3.8/site-packages/airflow/example_dags/example_dag_decorator.py
[2026-07-01T12:01:55.743+0000] {processor.py:830} INFO - Processing file /home/airflow/.local/lib/python3.8/site-packages/airflow/example_dags/example_dag_decorator.py for tasks to queue
[2026-07-01T12:01:55.750+0000] {logging_mixin.py:188} INFO - [2026-07-01T12:01:55.749+0000] {dagbag.py:538} INFO - Filling up the DagBag from /home/airflow/.local/lib/python3.8/site-packages/airflow/example_dags/example_dag_decorator.py
[2026-07-01T12:01:55.972+0000] {processor.py:840} INFO - DAG(s) 'example_dag_decorator' retrieved from /home/airflow/.local/lib/python3.8/site-packages/airflow/example_dags/example_dag_decorator.py
[2026-07-01T12:01:56.215+0000] {logging_mixin.py:188} INFO - [2026-07-01T12:01:56.215+0000] {dag.py:3036} INFO - Sync 1 DAGs
[2026-07-01T12:01:56.245+0000] {logging_mixin.py:188} INFO - [2026-07-01T12:01:56.244+0000] {dag.py:3823} INFO - Setting next_dagrun for example_dag_decorator to None, run_after=None
[2026-07-01T12:01:56.288+0000] {processor.py:183} INFO - Processing /home/airflow/.local/lib/python3.8/site-packages/airflow/example_dags/example_dag_decorator.py took 0.560 seconds
[2026-07-01T12:02:26.882+0000] {processor.py:161} INFO - Started process (PID=532) to work on /home/airflow/.local/lib/python3.8/site-packages/airflow/example_dags/example_dag_decorator.py
[2026-07-01T12:02:26.885+0000] {processor.py:830} INFO - Processing file /home/airflow/.local/lib/python3.8/site-packages/airflow/example_dags/example_dag_decorator.py for tasks to queue
[2026-07-01T12:02:26.890+0000] {logging_mixin.py:188} INFO - [2026-07-01T12:02:26.889+0000] {dagbag.py:538} INFO - Filling up the DagBag from /home/airflow/.local/lib/python3.8/site-packages/airflow/example_dags/example_dag_decorator.py
[2026-07-01T12:02:27.116+0000] {processor.py:840} INFO - DAG(s) 'example_dag_decorator' retrieved from /home/airflow/.local/lib/python3.8/site-packages/airflow/example_dags/example_dag_decorator.py
[2026-07-01T12:02:27.170+0000] {logging_mixin.py:188} INFO - [2026-07-01T12:02:27.169+0000] {dag.py:3036} INFO - Sync 1 DAGs
[2026-07-01T12:02:27.198+0000] {logging_mixin.py:188} INFO - [2026-07-01T12:02:27.198+0000] {dag.py:3823} INFO - Setting next_dagrun for example_dag_decorator to None, run_after=None
[2026-07-01T12:02:27.244+0000] {processor.py:183} INFO - Processing /home/airflow/.local/lib/python3.8/site-packages/airflow/example_dags/example_dag_decorator.py took 0.373 seconds
[2026-07-01T12:02:57.404+0000] {processor.py:161} INFO - Started process (PID=588) to work on /home/airflow/.local/lib/python3.8/site-packages/airflow/example_dags/example_dag_decorator.py
[2026-07-01T12:02:57.407+0000] {processor.py:830} INFO - Processing file /home/airflow/.local/lib/python3.8/site-packages/airflow/example_dags/example_dag_decorator.py for tasks to queue
[2026-07-01T12:02:57.413+0000] {logging_mixin.py:188} INFO - [2026-07-01T12:02:57.412+0000] {dagbag.py:538} INFO - Filling up the DagBag from /home/airflow/.local/lib/python3.8/site-packages/airflow/example_dags/example_dag_decorator.py
[2026-07-01T12:02:57.669+0000] {processor.py:840} INFO - DAG(s) 'example_dag_decorator' retrieved from /home/airflow/.local/lib/python3.8/site-packages/airflow/example_dags/example_dag_decorator.py
[2026-07-01T12:02:57.961+0000] {logging_mixin.py:188} INFO - [2026-07-01T12:02:57.960+0000] {dag.py:3036} INFO - Sync 1 DAGs
[2026-07-01T12:02:57.984+0000] {logging_mixin.py:188} INFO - [2026-07-01T12:02:57.984+0000] {dag.py:3823} INFO - Setting next_dagrun for example_dag_decorator to None, run_after=None
[2026-07-01T12:02:58.026+0000] {processor.py:183} INFO - Processing /home/airflow/.local/lib/python3.8/site-packages/airflow/example_dags/example_dag_decorator.py took 0.630 seconds
[2026-07-01T12:03:28.209+0000] {processor.py:161} INFO - Started process (PID=643) to work on /home/airflow/.local/lib/python3.8/site-packages/airflow/example_dags/example_dag_decorator.py
[2026-07-01T12:03:28.212+0000] {processor.py:830} INFO - Processing file /home/airflow/.local/lib/python3.8/site-packages/airflow/example_dags/example_dag_decorator.py for tasks to queue
[2026-07-01T12:03:28.217+0000] {logging_mixin.py:188} INFO - [2026-07-01T12:03:28.217+0000] {dagbag.py:538} INFO - Filling up the DagBag from /home/airflow/.local/lib/python3.8/site-packages/airflow/example_dags/example_dag_decorator.py
[2026-07-01T12:03:28.410+0000] {processor.py:840} INFO - DAG(s) 'example_dag_decorator' retrieved from /home/airflow/.local/lib/python3.8/site-packages/airflow/example_dags/example_dag_decorator.py
[2026-07-01T12:03:28.759+0000] {logging_mixin.py:188} INFO - [2026-07-01T12:03:28.758+0000] {dag.py:3036} INFO - Sync 1 DAGs
[2026-07-01T12:03:28.803+0000] {logging_mixin.py:188} INFO - [2026-07-01T12:03:28.802+0000] {dag.py:3823} INFO - Setting next_dagrun for example_dag_decorator to None, run_after=None
[2026-07-01T12:03:28.923+0000] {processor.py:183} INFO - Processing /home/airflow/.local/lib/python3.8/site-packages/airflow/example_dags/example_dag_decorator.py took 0.721 seconds
[2026-07-01T12:03:59.019+0000] {processor.py:161} INFO - Started process (PID=699) to work on /home/airflow/.local/lib/python3.8/site-packages/airflow/example_dags/example_dag_decorator.py
[2026-07-01T12:03:59.023+0000] {processor.py:830} INFO - Processing file /home/airflow/.local/lib/python3.8/site-packages/airflow/example_dags/example_dag_decorator.py for tasks to queue
[2026-07-01T12:03:59.029+0000] {logging_mixin.py:188} INFO - [2026-07-01T12:03:59.028+0000] {dagbag.py:538} INFO - Filling up the DagBag from /home/airflow/.local/lib/python3.8/site-packages/airflow/example_dags/example_dag_decorator.py
[2026-07-01T12:03:59.220+0000] {processor.py:840} INFO - DAG(s) 'example_dag_decorator' retrieved from /home/airflow/.local/lib/python3.8/site-packages/airflow/example_dags/example_dag_decorator.py
[2026-07-01T12:03:59.429+0000] {logging_mixin.py:188} INFO - [2026-07-01T12:03:59.429+0000] {dag.py:3036} INFO - Sync 1 DAGs
[2026-07-01T12:03:59.452+0000] {logging_mixin.py:188} INFO - [2026-07-01T12:03:59.452+0000] {dag.py:3823} INFO - Setting next_dagrun for example_dag_decorator to None, run_after=None
[2026-07-01T12:03:59.496+0000] {processor.py:183} INFO - Processing /home/airflow/.local/lib/python3.8/site-packages/airflow/example_dags/example_dag_decorator.py took 0.486 seconds
[2026-07-01T12:04:30.415+0000] {processor.py:161} INFO - Started process (PID=754) to work on /home/airflow/.local/lib/python3.8/site-packages/airflow/example_dags/example_dag_decorator.py
[2026-07-01T12:04:30.418+0000] {processor.py:830} INFO - Processing file /home/airflow/.local/lib/python3.8/site-packages/airflow/example_dags/example_dag_decorator.py for tasks to queue
[2026-07-01T12:04:30.423+0000] {logging_mixin.py:188} INFO - [2026-07-01T12:04:30.423+0000] {dagbag.py:538} INFO - Filling up the DagBag from /home/airflow/.local/lib/python3.8/site-packages/airflow/example_dags/example_dag_decorator.py
[2026-07-01T12:04:30.617+0000] {processor.py:840} INFO - DAG(s) 'example_dag_decorator' retrieved from /home/airflow/.local/lib/python3.8/site-packages/airflow/example_dags/example_dag_decorator.py
[2026-07-01T12:04:30.867+0000] {logging_mixin.py:188} INFO - [2026-07-01T12:04:30.866+0000] {dag.py:3036} INFO - Sync 1 DAGs
[2026-07-01T12:04:30.893+0000] {logging_mixin.py:188} INFO - [2026-07-01T12:04:30.892+0000] {dag.py:3823} INFO - Setting next_dagrun for example_dag_decorator to None, run_after=None
[2026-07-01T12:04:30.936+0000] {processor.py:183} INFO - Processing /home/airflow/.local/lib/python3.8/site-packages/airflow/example_dags/example_dag_decorator.py took 0.530 seconds
[2026-07-01T12:05:01.065+0000] {processor.py:161} INFO - Started process (PID=809) to work on /home/airflow/.local/lib/python3.8/site-packages/airflow/example_dags/example_dag_decorator.py
[2026-07-01T12:05:01.070+0000] {processor.py:830} INFO - Processing file /home/airflow/.local/lib/python3.8/site-packages/airflow/example_dags/example_dag_decorator.py for tasks to queue
[2026-07-01T12:05:01.077+0000] {logging_mixin.py:188} INFO - [2026-07-01T12:05:01.076+0000] {dagbag.py:538} INFO - Filling up the DagBag from /home/airflow/.local/lib/python3.8/site-packages/airflow/example_dags/example_dag_decorator.py
[2026-07-01T12:05:01.270+0000] {processor.py:840} INFO - DAG(s) 'example_dag_decorator' retrieved from /home/airflow/.local/lib/python3.8/site-packages/airflow/example_dags/example_dag_decorator.py
[2026-07-01T12:05:01.485+0000] {logging_mixin.py:188} INFO - [2026-07-01T12:05:01.484+0000] {dag.py:3036} INFO - Sync 1 DAGs
[2026-07-01T12:05:01.510+0000] {logging_mixin.py:188} INFO - [2026-07-01T12:05:01.510+0000] {dag.py:3823} INFO - Setting next_dagrun for example_dag_decorator to None, run_after=None
[2026-07-01T12:05:01.557+0000] {processor.py:183} INFO - Processing /home/airflow/.local/lib/python3.8/site-packages/airflow/example_dags/example_dag_decorator.py took 0.502 seconds
[2026-07-01T12:05:32.465+0000] {processor.py:161} INFO - Started process (PID=864) to work on /home/airflow/.local/lib/python3.8/site-packages/airflow/example_dags/example_dag_decorator.py
[2026-07-01T12:05:32.468+0000] {processor.py:830} INFO - Processing file /home/airflow/.local/lib/python3.8/site-packages/airflow/example_dags/example_dag_decorator.py for tasks to queue
[2026-07-01T12:05:32.474+0000] {logging_mixin.py:188} INFO - [2026-07-01T12:05:32.473+0000] {dagbag.py:538} INFO - Filling up the DagBag from /home/airflow/.local/lib/python3.8/site-packages/airflow/example_dags/example_dag_decorator.py
[2026-07-01T12:05:32.663+0000] {processor.py:840} INFO - DAG(s) 'example_dag_decorator' retrieved from /home/airflow/.local/lib/python3.8/site-packages/airflow/example_dags/example_dag_decorator.py
[2026-07-01T12:05:32.868+0000] {logging_mixin.py:188} INFO - [2026-07-01T12:05:32.867+0000] {dag.py:3036} INFO - Sync 1 DAGs
[2026-07-01T12:05:32.892+0000] {logging_mixin.py:188} INFO - [2026-07-01T12:05:32.892+0000] {dag.py:3823} INFO - Setting next_dagrun for example_dag_decorator to None, run_after=None
[2026-07-01T12:05:32.940+0000] {processor.py:183} INFO - Processing /home/airflow/.local/lib/python3.8/site-packages/airflow/example_dags/example_dag_decorator.py took 0.483 seconds
[2026-07-01T12:06:03.099+0000] {processor.py:161} INFO - Started process (PID=919) to work on /home/airflow/.local/lib/python3.8/site-packages/airflow/example_dags/example_dag_decorator.py
[2026-07-01T12:06:03.103+0000] {processor.py:830} INFO - Processing file /home/airflow/.local/lib/python3.8/site-packages/airflow/example_dags/example_dag_decorator.py for tasks to queue
[2026-07-01T12:06:03.110+0000] {logging_mixin.py:188} INFO - [2026-07-01T12:06:03.109+0000] {dagbag.py:538} INFO - Filling up the DagBag from /home/airflow/.local/lib/python3.8/site-packages/airflow/example_dags/example_dag_decorator.py
[2026-07-01T12:06:03.309+0000] {processor.py:840} INFO - DAG(s) 'example_dag_decorator' retrieved from /home/airflow/.local/lib/python3.8/site-packages/airflow/example_dags/example_dag_decorator.py
[2026-07-01T12:06:03.539+0000] {logging_mixin.py:188} INFO - [2026-07-01T12:06:03.539+0000] {dag.py:3036} INFO - Sync 1 DAGs
[2026-07-01T12:06:03.571+0000] {logging_mixin.py:188} INFO - [2026-07-01T12:06:03.571+0000] {dag.py:3823} INFO - Setting next_dagrun for example_dag_decorator to None, run_after=None
[2026-07-01T12:06:03.621+0000] {processor.py:183} INFO - Processing /home/airflow/.local/lib/python3.8/site-packages/airflow/example_dags/example_dag_decorator.py took 0.532 seconds
[2026-07-01T12:06:34.006+0000] {processor.py:161} INFO - Started process (PID=974) to work on /home/airflow/.local/lib/python3.8/site-packages/airflow/example_dags/example_dag_decorator.py
[2026-07-01T12:06:34.009+0000] {processor.py:830} INFO - Processing file /home/airflow/.local/lib/python3.8/site-packages/airflow/example_dags/example_dag_decorator.py for tasks to queue
[2026-07-01T12:06:34.016+0000] {logging_mixin.py:188} INFO - [2026-07-01T12:06:34.015+0000] {dagbag.py:538} INFO - Filling up the DagBag from /home/airflow/.local/lib/python3.8/site-packages/airflow/example_dags/example_dag_decorator.py
[2026-07-01T12:06:34.321+0000] {processor.py:840} INFO - DAG(s) 'example_dag_decorator' retrieved from /home/airflow/.local/lib/python3.8/site-packages/airflow/example_dags/example_dag_decorator.py
[2026-07-01T12:06:34.694+0000] {logging_mixin.py:188} INFO - [2026-07-01T12:06:34.694+0000] {dag.py:3036} INFO - Sync 1 DAGs
[2026-07-01T12:06:34.740+0000] {logging_mixin.py:188} INFO - [2026-07-01T12:06:34.740+0000] {dag.py:3823} INFO - Setting next_dagrun for example_dag_decorator to None, run_after=None
[2026-07-01T12:06:34.798+0000] {processor.py:183} INFO - Processing /home/airflow/.local/lib/python3.8/site-packages/airflow/example_dags/example_dag_decorator.py took 0.802 seconds
[2026-07-01T12:07:05.622+0000] {processor.py:161} INFO - Started process (PID=1035) to work on /home/airflow/.local/lib/python3.8/site-packages/airflow/example_dags/example_dag_decorator.py
[2026-07-01T12:07:05.627+0000] {processor.py:830} INFO - Processing file /home/airflow/.local/lib/python3.8/site-packages/airflow/example_dags/example_dag_decorator.py for tasks to queue
[2026-07-01T12:07:05.636+0000] {logging_mixin.py:188} INFO - [2026-07-01T12:07:05.635+0000] {dagbag.py:538} INFO - Filling up the DagBag from /home/airflow/.local/lib/python3.8/site-packages/airflow/example_dags/example_dag_decorator.py
[2026-07-01T12:07:05.895+0000] {processor.py:840} INFO - DAG(s) 'example_dag_decorator' retrieved from /home/airflow/.local/lib/python3.8/site-packages/airflow/example_dags/example_dag_decorator.py
[2026-07-01T12:07:06.201+0000] {logging_mixin.py:188} INFO - [2026-07-01T12:07:06.201+0000] {dag.py:3036} INFO - Sync 1 DAGs
[2026-07-01T12:07:06.236+0000] {logging_mixin.py:188} INFO - [2026-07-01T12:07:06.236+0000] {dag.py:3823} INFO - Setting next_dagrun for example_dag_decorator to None, run_after=None
[2026-07-01T12:07:06.724+0000] {processor.py:183} INFO - Processing /home/airflow/.local/lib/python3.8/site-packages/airflow/example_dags/example_dag_decorator.py took 1.115 seconds
[2026-07-01T12:07:36.970+0000] {processor.py:161} INFO - Started process (PID=1091) to work on /home/airflow/.local/lib/python3.8/site-packages/airflow/example_dags/example_dag_decorator.py
[2026-07-01T12:07:36.973+0000] {processor.py:830} INFO - Processing file /home/airflow/.local/lib/python3.8/site-packages/airflow/example_dags/example_dag_decorator.py for tasks to queue
[2026-07-01T12:07:36.981+0000] {logging_mixin.py:188} INFO - [2026-07-01T12:07:36.980+0000] {dagbag.py:538} INFO - Filling up the DagBag from /home/airflow/.local/lib/python3.8/site-packages/airflow/example_dags/example_dag_decorator.py
[2026-07-01T12:07:37.190+0000] {processor.py:840} INFO - DAG(s) 'example_dag_decorator' retrieved from /home/airflow/.local/lib/python3.8/site-packages/airflow/example_dags/example_dag_decorator.py
[2026-07-01T12:07:37.404+0000] {logging_mixin.py:188} INFO - [2026-07-01T12:07:37.404+0000] {dag.py:3036} INFO - Sync 1 DAGs
[2026-07-01T12:07:37.428+0000] {logging_mixin.py:188} INFO - [2026-07-01T12:07:37.427+0000] {dag.py:3823} INFO - Setting next_dagrun for example_dag_decorator to None, run_after=None
[2026-07-01T12:07:37.739+0000] {processor.py:183} INFO - Processing /home/airflow/.local/lib/python3.8/site-packages/airflow/example_dags/example_dag_decorator.py took 0.778 seconds
[2026-07-01T12:08:08.029+0000] {processor.py:161} INFO - Started process (PID=1146) to work on /home/airflow/.local/lib/python3.8/site-packages/airflow/example_dags/example_dag_decorator.py
[2026-07-01T12:08:08.032+0000] {processor.py:830} INFO - Processing file /home/airflow/.local/lib/python3.8/site-packages/airflow/example_dags/example_dag_decorator.py for tasks to queue
[2026-07-01T12:08:08.036+0000] {logging_mixin.py:188} INFO - [2026-07-01T12:08:08.036+0000] {dagbag.py:538} INFO - Filling up the DagBag from /home/airflow/.local/lib/python3.8/site-packages/airflow/example_dags/example_dag_decorator.py
[2026-07-01T12:08:08.226+0000] {processor.py:840} INFO - DAG(s) 'example_dag_decorator' retrieved from /home/airflow/.local/lib/python3.8/site-packages/airflow/example_dags/example_dag_decorator.py
[2026-07-01T12:08:08.461+0000] {logging_mixin.py:188} INFO - [2026-07-01T12:08:08.461+0000] {dag.py:3036} INFO - Sync 1 DAGs
[2026-07-01T12:08:08.486+0000] {logging_mixin.py:188} INFO - [2026-07-01T12:08:08.485+0000] {dag.py:3823} INFO - Setting next_dagrun for example_dag_decorator to None, run_after=None
[2026-07-01T12:08:08.530+0000] {processor.py:183} INFO - Processing /home/airflow/.local/lib/python3.8/site-packages/airflow/example_dags/example_dag_decorator.py took 0.510 seconds
[2026-07-01T12:09:00.364+0000] {processor.py:161} INFO - Started process (PID=79) to work on /home/airflow/.local/lib/python3.8/site-packages/airflow/example_dags/example_dag_decorator.py
[2026-07-01T12:09:00.368+0000] {processor.py:830} INFO - Processing file /home/airflow/.local/lib/python3.8/site-packages/airflow/example_dags/example_dag_decorator.py for tasks to queue
[2026-07-01T12:09:00.374+0000] {logging_mixin.py:188} INFO - [2026-07-01T12:09:00.373+0000] {dagbag.py:538} INFO - Filling up the DagBag from /home/airflow/.local/lib/python3.8/site-packages/airflow/example_dags/example_dag_decorator.py
[2026-07-01T12:09:00.630+0000] {processor.py:840} INFO - DAG(s) 'example_dag_decorator' retrieved from /home/airflow/.local/lib/python3.8/site-packages/airflow/example_dags/example_dag_decorator.py
[2026-07-01T12:09:00.916+0000] {logging_mixin.py:188} INFO - [2026-07-01T12:09:00.915+0000] {dag.py:3036} INFO - Sync 1 DAGs
[2026-07-01T12:09:00.946+0000] {logging_mixin.py:188} INFO - [2026-07-01T12:09:00.946+0000] {dag.py:3823} INFO - Setting next_dagrun for example_dag_decorator to None, run_after=None
[2026-07-01T12:09:00.994+0000] {processor.py:183} INFO - Processing /home/airflow/.local/lib/python3.8/site-packages/airflow/example_dags/example_dag_decorator.py took 0.640 seconds
[2026-07-01T12:09:31.169+0000] {processor.py:161} INFO - Started process (PID=135) to work on /home/airflow/.local/lib/python3.8/site-packages/airflow/example_dags/example_dag_decorator.py
[2026-07-01T12:09:31.176+0000] {processor.py:830} INFO - Processing file /home/airflow/.local/lib/python3.8/site-packages/airflow/example_dags/example_dag_decorator.py for tasks to queue
[2026-07-01T12:09:31.183+0000] {logging_mixin.py:188} INFO - [2026-07-01T12:09:31.183+0000] {dagbag.py:538} INFO - Filling up the DagBag from /home/airflow/.local/lib/python3.8/site-packages/airflow/example_dags/example_dag_decorator.py
[2026-07-01T12:09:31.472+0000] {processor.py:840} INFO - DAG(s) 'example_dag_decorator' retrieved from /home/airflow/.local/lib/python3.8/site-packages/airflow/example_dags/example_dag_decorator.py
[2026-07-01T12:09:31.738+0000] {logging_mixin.py:188} INFO - [2026-07-01T12:09:31.737+0000] {dag.py:3036} INFO - Sync 1 DAGs
[2026-07-01T12:09:31.766+0000] {logging_mixin.py:188} INFO - [2026-07-01T12:09:31.765+0000] {dag.py:3823} INFO - Setting next_dagrun for example_dag_decorator to None, run_after=None
[2026-07-01T12:09:31.816+0000] {processor.py:183} INFO - Processing /home/airflow/.local/lib/python3.8/site-packages/airflow/example_dags/example_dag_decorator.py took 0.664 seconds
[2026-07-01T12:10:01.966+0000] {processor.py:161} INFO - Started process (PID=198) to work on /home/airflow/.local/lib/python3.8/site-packages/airflow/example_dags/example_dag_decorator.py
[2026-07-01T12:10:01.969+0000] {processor.py:830} INFO - Processing file /home/airflow/.local/lib/python3.8/site-packages/airflow/example_dags/example_dag_decorator.py for tasks to queue
[2026-07-01T12:10:01.976+0000] {logging_mixin.py:188} INFO - [2026-07-01T12:10:01.975+0000] {dagbag.py:538} INFO - Filling up the DagBag from /home/airflow/.local/lib/python3.8/site-packages/airflow/example_dags/example_dag_decorator.py
[2026-07-01T12:10:02.202+0000] {processor.py:840} INFO - DAG(s) 'example_dag_decorator' retrieved from /home/airflow/.local/lib/python3.8/site-packages/airflow/example_dags/example_dag_decorator.py
[2026-07-01T12:10:02.490+0000] {logging_mixin.py:188} INFO - [2026-07-01T12:10:02.489+0000] {dag.py:3036} INFO - Sync 1 DAGs
[2026-07-01T12:10:02.520+0000] {logging_mixin.py:188} INFO - [2026-07-01T12:10:02.520+0000] {dag.py:3823} INFO - Setting next_dagrun for example_dag_decorator to None, run_after=None
[2026-07-01T12:10:02.605+0000] {processor.py:183} INFO - Processing /home/airflow/.local/lib/python3.8/site-packages/airflow/example_dags/example_dag_decorator.py took 0.648 seconds
[2026-07-01T12:10:32.681+0000] {processor.py:161} INFO - Started process (PID=254) to work on /home/airflow/.local/lib/python3.8/site-packages/airflow/example_dags/example_dag_decorator.py
[2026-07-01T12:10:32.685+0000] {processor.py:830} INFO - Processing file /home/airflow/.local/lib/python3.8/site-packages/airflow/example_dags/example_dag_decorator.py for tasks to queue
[2026-07-01T12:10:32.691+0000] {logging_mixin.py:188} INFO - [2026-07-01T12:10:32.690+0000] {dagbag.py:538} INFO - Filling up the DagBag from /home/airflow/.local/lib/python3.8/site-packages/airflow/example_dags/example_dag_decorator.py
[2026-07-01T12:10:32.898+0000] {processor.py:840} INFO - DAG(s) 'example_dag_decorator' retrieved from /home/airflow/.local/lib/python3.8/site-packages/airflow/example_dags/example_dag_decorator.py
[2026-07-01T12:10:33.126+0000] {logging_mixin.py:188} INFO - [2026-07-01T12:10:33.125+0000] {dag.py:3036} INFO - Sync 1 DAGs
[2026-07-01T12:10:33.151+0000] {logging_mixin.py:188} INFO - [2026-07-01T12:10:33.151+0000] {dag.py:3823} INFO - Setting next_dagrun for example_dag_decorator to None, run_after=None
[2026-07-01T12:10:33.197+0000] {processor.py:183} INFO - Processing /home/airflow/.local/lib/python3.8/site-packages/airflow/example_dags/example_dag_decorator.py took 0.524 seconds
[2026-07-01T12:11:03.345+0000] {processor.py:161} INFO - Started process (PID=315) to work on /home/airflow/.local/lib/python3.8/site-packages/airflow/example_dags/example_dag_decorator.py
[2026-07-01T12:11:03.352+0000] {processor.py:830} INFO - Processing file /home/airflow/.local/lib/python3.8/site-packages/airflow/example_dags/example_dag_decorator.py for tasks to queue
[2026-07-01T12:11:03.359+0000] {logging_mixin.py:188} INFO - [2026-07-01T12:11:03.358+0000] {dagbag.py:538} INFO - Filling up the DagBag from /home/airflow/.local/lib/python3.8/site-packages/airflow/example_dags/example_dag_decorator.py
[2026-07-01T12:11:03.845+0000] {processor.py:840} INFO - DAG(s) 'example_dag_decorator' retrieved from /home/airflow/.local/lib/python3.8/site-packages/airflow/example_dags/example_dag_decorator.py
[2026-07-01T12:11:04.482+0000] {logging_mixin.py:188} INFO - [2026-07-01T12:11:04.482+0000] {dag.py:3036} INFO - Sync 1 DAGs
[2026-07-01T12:11:04.521+0000] {logging_mixin.py:188} INFO - [2026-07-01T12:11:04.520+0000] {dag.py:3823} INFO - Setting next_dagrun for example_dag_decorator to None, run_after=None
[2026-07-01T12:11:04.593+0000] {processor.py:183} INFO - Processing /home/airflow/.local/lib/python3.8/site-packages/airflow/example_dags/example_dag_decorator.py took 1.257 seconds
[2026-07-01T12:11:34.908+0000] {processor.py:161} INFO - Started process (PID=371) to work on /home/airflow/.local/lib/python3.8/site-packages/airflow/example_dags/example_dag_decorator.py
[2026-07-01T12:11:34.911+0000] {processor.py:830} INFO - Processing file /home/airflow/.local/lib/python3.8/site-packages/airflow/example_dags/example_dag_decorator.py for tasks to queue
[2026-07-01T12:11:34.918+0000] {logging_mixin.py:188} INFO - [2026-07-01T12:11:34.917+0000] {dagbag.py:538} INFO - Filling up the DagBag from /home/airflow/.local/lib/python3.8/site-packages/airflow/example_dags/example_dag_decorator.py
[2026-07-01T12:11:35.131+0000] {processor.py:840} INFO - DAG(s) 'example_dag_decorator' retrieved from /home/airflow/.local/lib/python3.8/site-packages/airflow/example_dags/example_dag_decorator.py
[2026-07-01T12:11:35.396+0000] {logging_mixin.py:188} INFO - [2026-07-01T12:11:35.395+0000] {dag.py:3036} INFO - Sync 1 DAGs
[2026-07-01T12:11:35.427+0000] {logging_mixin.py:188} INFO - [2026-07-01T12:11:35.427+0000] {dag.py:3823} INFO - Setting next_dagrun for example_dag_decorator to None, run_after=None
[2026-07-01T12:11:35.523+0000] {processor.py:183} INFO - Processing /home/airflow/.local/lib/python3.8/site-packages/airflow/example_dags/example_dag_decorator.py took 0.626 seconds
[2026-07-01T12:12:05.871+0000] {processor.py:161} INFO - Started process (PID=429) to work on /home/airflow/.local/lib/python3.8/site-packages/airflow/example_dags/example_dag_decorator.py
[2026-07-01T12:12:05.874+0000] {processor.py:830} INFO - Processing file /home/airflow/.local/lib/python3.8/site-packages/airflow/example_dags/example_dag_decorator.py for tasks to queue
[2026-07-01T12:12:05.879+0000] {logging_mixin.py:188} INFO - [2026-07-01T12:12:05.878+0000] {dagbag.py:538} INFO - Filling up the DagBag from /home/airflow/.local/lib/python3.8/site-packages/airflow/example_dags/example_dag_decorator.py
[2026-07-01T12:12:06.062+0000] {processor.py:840} INFO - DAG(s) 'example_dag_decorator' retrieved from /home/airflow/.local/lib/python3.8/site-packages/airflow/example_dags/example_dag_decorator.py
[2026-07-01T12:12:06.260+0000] {logging_mixin.py:188} INFO - [2026-07-01T12:12:06.259+0000] {dag.py:3036} INFO - Sync 1 DAGs
[2026-07-01T12:12:06.282+0000] {logging_mixin.py:188} INFO - [2026-07-01T12:12:06.282+0000] {dag.py:3823} INFO - Setting next_dagrun for example_dag_decorator to None, run_after=None
[2026-07-01T12:12:06.322+0000] {processor.py:183} INFO - Processing /home/airflow/.local/lib/python3.8/site-packages/airflow/example_dags/example_dag_decorator.py took 0.460 seconds
[2026-07-01T12:12:37.148+0000] {processor.py:161} INFO - Started process (PID=485) to work on /home/airflow/.local/lib/python3.8/site-packages/airflow/example_dags/example_dag_decorator.py
[2026-07-01T12:12:37.152+0000] {processor.py:830} INFO - Processing file /home/airflow/.local/lib/python3.8/site-packages/airflow/example_dags/example_dag_decorator.py for tasks to queue
[2026-07-01T12:12:37.159+0000] {logging_mixin.py:188} INFO - [2026-07-01T12:12:37.159+0000] {dagbag.py:538} INFO - Filling up the DagBag from /home/airflow/.local/lib/python3.8/site-packages/airflow/example_dags/example_dag_decorator.py
[2026-07-01T12:12:37.420+0000] {processor.py:840} INFO - DAG(s) 'example_dag_decorator' retrieved from /home/airflow/.local/lib/python3.8/site-packages/airflow/example_dags/example_dag_decorator.py
[2026-07-01T12:12:37.709+0000] {logging_mixin.py:188} INFO - [2026-07-01T12:12:37.709+0000] {dag.py:3036} INFO - Sync 1 DAGs
[2026-07-01T12:12:37.735+0000] {logging_mixin.py:188} INFO - [2026-07-01T12:12:37.735+0000] {dag.py:3823} INFO - Setting next_dagrun for example_dag_decorator to None, run_after=None
[2026-07-01T12:12:37.780+0000] {processor.py:183} INFO - Processing /home/airflow/.local/lib/python3.8/site-packages/airflow/example_dags/example_dag_decorator.py took 0.643 seconds
[2026-07-01T12:13:08.431+0000] {processor.py:161} INFO - Started process (PID=541) to work on /home/airflow/.local/lib/python3.8/site-packages/airflow/example_dags/example_dag_decorator.py
[2026-07-01T12:13:08.435+0000] {processor.py:830} INFO - Processing file /home/airflow/.local/lib/python3.8/site-packages/airflow/example_dags/example_dag_decorator.py for tasks to queue
[2026-07-01T12:13:08.441+0000] {logging_mixin.py:188} INFO - [2026-07-01T12:13:08.440+0000] {dagbag.py:538} INFO - Filling up the DagBag from /home/airflow/.local/lib/python3.8/site-packages/airflow/example_dags/example_dag_decorator.py
[2026-07-01T12:13:08.642+0000] {processor.py:840} INFO - DAG(s) 'example_dag_decorator' retrieved from /home/airflow/.local/lib/python3.8/site-packages/airflow/example_dags/example_dag_decorator.py
[2026-07-01T12:13:08.704+0000] {logging_mixin.py:188} INFO - [2026-07-01T12:13:08.703+0000] {dag.py:3036} INFO - Sync 1 DAGs
[2026-07-01T12:13:08.735+0000] {logging_mixin.py:188} INFO - [2026-07-01T12:13:08.735+0000] {dag.py:3823} INFO - Setting next_dagrun for example_dag_decorator to None, run_after=None
[2026-07-01T12:13:08.779+0000] {processor.py:183} INFO - Processing /home/airflow/.local/lib/python3.8/site-packages/airflow/example_dags/example_dag_decorator.py took 0.357 seconds
[2026-07-01T12:13:39.051+0000] {processor.py:161} INFO - Started process (PID=598) to work on /home/airflow/.local/lib/python3.8/site-packages/airflow/example_dags/example_dag_decorator.py
[2026-07-01T12:13:39.054+0000] {processor.py:830} INFO - Processing file /home/airflow/.local/lib/python3.8/site-packages/airflow/example_dags/example_dag_decorator.py for tasks to queue
[2026-07-01T12:13:39.060+0000] {logging_mixin.py:188} INFO - [2026-07-01T12:13:39.059+0000] {dagbag.py:538} INFO - Filling up the DagBag from /home/airflow/.local/lib/python3.8/site-packages/airflow/example_dags/example_dag_decorator.py
[2026-07-01T12:13:39.257+0000] {processor.py:840} INFO - DAG(s) 'example_dag_decorator' retrieved from /home/airflow/.local/lib/python3.8/site-packages/airflow/example_dags/example_dag_decorator.py
[2026-07-01T12:13:39.552+0000] {logging_mixin.py:188} INFO - [2026-07-01T12:13:39.552+0000] {dag.py:3036} INFO - Sync 1 DAGs
[2026-07-01T12:13:39.580+0000] {logging_mixin.py:188} INFO - [2026-07-01T12:13:39.580+0000] {dag.py:3823} INFO - Setting next_dagrun for example_dag_decorator to None, run_after=None
[2026-07-01T12:13:39.628+0000] {processor.py:183} INFO - Processing /home/airflow/.local/lib/python3.8/site-packages/airflow/example_dags/example_dag_decorator.py took 0.586 seconds
[2026-07-01T12:14:09.755+0000] {processor.py:161} INFO - Started process (PID=656) to work on /home/airflow/.local/lib/python3.8/site-packages/airflow/example_dags/example_dag_decorator.py
[2026-07-01T12:14:09.758+0000] {processor.py:830} INFO - Processing file /home/airflow/.local/lib/python3.8/site-packages/airflow/example_dags/example_dag_decorator.py for tasks to queue
[2026-07-01T12:14:09.765+0000] {logging_mixin.py:188} INFO - [2026-07-01T12:14:09.764+0000] {dagbag.py:538} INFO - Filling up the DagBag from /home/airflow/.local/lib/python3.8/site-packages/airflow/example_dags/example_dag_decorator.py
[2026-07-01T12:14:09.974+0000] {processor.py:840} INFO - DAG(s) 'example_dag_decorator' retrieved from /home/airflow/.local/lib/python3.8/site-packages/airflow/example_dags/example_dag_decorator.py
[2026-07-01T12:14:10.280+0000] {logging_mixin.py:188} INFO - [2026-07-01T12:14:10.280+0000] {dag.py:3036} INFO - Sync 1 DAGs
[2026-07-01T12:14:10.331+0000] {logging_mixin.py:188} INFO - [2026-07-01T12:14:10.331+0000] {dag.py:3823} INFO - Setting next_dagrun for example_dag_decorator to None, run_after=None
[2026-07-01T12:14:10.395+0000] {processor.py:183} INFO - Processing /home/airflow/.local/lib/python3.8/site-packages/airflow/example_dags/example_dag_decorator.py took 0.649 seconds
[2026-07-01T12:14:40.462+0000] {processor.py:161} INFO - Started process (PID=712) to work on /home/airflow/.local/lib/python3.8/site-packages/airflow/example_dags/example_dag_decorator.py
[2026-07-01T12:14:40.465+0000] {processor.py:830} INFO - Processing file /home/airflow/.local/lib/python3.8/site-packages/airflow/example_dags/example_dag_decorator.py for tasks to queue
[2026-07-01T12:14:40.470+0000] {logging_mixin.py:188} INFO - [2026-07-01T12:14:40.469+0000] {dagbag.py:538} INFO - Filling up the DagBag from /home/airflow/.local/lib/python3.8/site-packages/airflow/example_dags/example_dag_decorator.py
[2026-07-01T12:14:40.667+0000] {processor.py:840} INFO - DAG(s) 'example_dag_decorator' retrieved from /home/airflow/.local/lib/python3.8/site-packages/airflow/example_dags/example_dag_decorator.py
[2026-07-01T12:14:40.890+0000] {logging_mixin.py:188} INFO - [2026-07-01T12:14:40.890+0000] {dag.py:3036} INFO - Sync 1 DAGs
[2026-07-01T12:14:40.919+0000] {logging_mixin.py:188} INFO - [2026-07-01T12:14:40.918+0000] {dag.py:3823} INFO - Setting next_dagrun for example_dag_decorator to None, run_after=None
[2026-07-01T12:14:40.970+0000] {processor.py:183} INFO - Processing /home/airflow/.local/lib/python3.8/site-packages/airflow/example_dags/example_dag_decorator.py took 0.517 seconds
[2026-07-01T12:15:11.120+0000] {processor.py:161} INFO - Started process (PID=769) to work on /home/airflow/.local/lib/python3.8/site-packages/airflow/example_dags/example_dag_decorator.py
[2026-07-01T12:15:11.123+0000] {processor.py:830} INFO - Processing file /home/airflow/.local/lib/python3.8/site-packages/airflow/example_dags/example_dag_decorator.py for tasks to queue
[2026-07-01T12:15:11.128+0000] {logging_mixin.py:188} INFO - [2026-07-01T12:15:11.128+0000] {dagbag.py:538} INFO - Filling up the DagBag from /home/airflow/.local/lib/python3.8/site-packages/airflow/example_dags/example_dag_decorator.py
[2026-07-01T12:15:11.328+0000] {processor.py:840} INFO - DAG(s) 'example_dag_decorator' retrieved from /home/airflow/.local/lib/python3.8/site-packages/airflow/example_dags/example_dag_decorator.py
[2026-07-01T12:15:11.600+0000] {logging_mixin.py:188} INFO - [2026-07-01T12:15:11.599+0000] {dag.py:3036} INFO - Sync 1 DAGs
[2026-07-01T12:15:11.629+0000] {logging_mixin.py:188} INFO - [2026-07-01T12:15:11.629+0000] {dag.py:3823} INFO - Setting next_dagrun for example_dag_decorator to None, run_after=None
[2026-07-01T12:15:11.676+0000] {processor.py:183} INFO - Processing /home/airflow/.local/lib/python3.8/site-packages/airflow/example_dags/example_dag_decorator.py took 0.566 seconds
[2026-07-01T12:15:41.781+0000] {processor.py:161} INFO - Started process (PID=825) to work on /home/airflow/.local/lib/python3.8/site-packages/airflow/example_dags/example_dag_decorator.py
[2026-07-01T12:15:41.790+0000] {processor.py:830} INFO - Processing file /home/airflow/.local/lib/python3.8/site-packages/airflow/example_dags/example_dag_decorator.py for tasks to queue
[2026-07-01T12:15:41.803+0000] {logging_mixin.py:188} INFO - [2026-07-01T12:15:41.802+0000] {dagbag.py:538} INFO - Filling up the DagBag from /home/airflow/.local/lib/python3.8/site-packages/airflow/example_dags/example_dag_decorator.py
[2026-07-01T12:15:42.026+0000] {processor.py:840} INFO - DAG(s) 'example_dag_decorator' retrieved from /home/airflow/.local/lib/python3.8/site-packages/airflow/example_dags/example_dag_decorator.py
[2026-07-01T12:15:42.257+0000] {logging_mixin.py:188} INFO - [2026-07-01T12:15:42.257+0000] {dag.py:3036} INFO - Sync 1 DAGs
[2026-07-01T12:15:42.284+0000] {logging_mixin.py:188} INFO - [2026-07-01T12:15:42.284+0000] {dag.py:3823} INFO - Setting next_dagrun for example_dag_decorator to None, run_after=None
[2026-07-01T12:15:42.330+0000] {processor.py:183} INFO - Processing /home/airflow/.local/lib/python3.8/site-packages/airflow/example_dags/example_dag_decorator.py took 0.566 seconds
[2026-07-01T12:16:12.918+0000] {processor.py:161} INFO - Started process (PID=881) to work on /home/airflow/.local/lib/python3.8/site-packages/airflow/example_dags/example_dag_decorator.py
[2026-07-01T12:16:12.921+0000] {processor.py:830} INFO - Processing file /home/airflow/.local/lib/python3.8/site-packages/airflow/example_dags/example_dag_decorator.py for tasks to queue
[2026-07-01T12:16:12.927+0000] {logging_mixin.py:188} INFO - [2026-07-01T12:16:12.926+0000] {dagbag.py:538} INFO - Filling up the DagBag from /home/airflow/.local/lib/python3.8/site-packages/airflow/example_dags/example_dag_decorator.py
[2026-07-01T12:16:13.104+0000] {processor.py:840} INFO - DAG(s) 'example_dag_decorator' retrieved from /home/airflow/.local/lib/python3.8/site-packages/airflow/example_dags/example_dag_decorator.py
[2026-07-01T12:16:13.325+0000] {logging_mixin.py:188} INFO - [2026-07-01T12:16:13.325+0000] {dag.py:3036} INFO - Sync 1 DAGs
[2026-07-01T12:16:13.349+0000] {logging_mixin.py:188} INFO - [2026-07-01T12:16:13.349+0000] {dag.py:3823} INFO - Setting next_dagrun for example_dag_decorator to None, run_after=None
[2026-07-01T12:16:13.389+0000] {processor.py:183} INFO - Processing /home/airflow/.local/lib/python3.8/site-packages/airflow/example_dags/example_dag_decorator.py took 0.479 seconds
[2026-07-01T12:16:43.628+0000] {processor.py:161} INFO - Started process (PID=938) to work on /home/airflow/.local/lib/python3.8/site-packages/airflow/example_dags/example_dag_decorator.py
[2026-07-01T12:16:43.631+0000] {processor.py:830} INFO - Processing file /home/airflow/.local/lib/python3.8/site-packages/airflow/example_dags/example_dag_decorator.py for tasks to queue
[2026-07-01T12:16:43.638+0000] {logging_mixin.py:188} INFO - [2026-07-01T12:16:43.637+0000] {dagbag.py:538} INFO - Filling up the DagBag from /home/airflow/.local/lib/python3.8/site-packages/airflow/example_dags/example_dag_decorator.py
[2026-07-01T12:16:43.890+0000] {processor.py:840} INFO - DAG(s) 'example_dag_decorator' retrieved from /home/airflow/.local/lib/python3.8/site-packages/airflow/example_dags/example_dag_decorator.py
[2026-07-01T12:16:44.447+0000] {logging_mixin.py:188} INFO - [2026-07-01T12:16:44.447+0000] {dag.py:3036} INFO - Sync 1 DAGs
[2026-07-01T12:16:44.497+0000] {logging_mixin.py:188} INFO - [2026-07-01T12:16:44.496+0000] {dag.py:3823} INFO - Setting next_dagrun for example_dag_decorator to None, run_after=None
[2026-07-01T12:16:44.588+0000] {processor.py:183} INFO - Processing /home/airflow/.local/lib/python3.8/site-packages/airflow/example_dags/example_dag_decorator.py took 0.973 seconds
[2026-07-01T12:17:15.052+0000] {processor.py:161} INFO - Started process (PID=995) to work on /home/airflow/.local/lib/python3.8/site-packages/airflow/example_dags/example_dag_decorator.py
[2026-07-01T12:17:15.056+0000] {processor.py:830} INFO - Processing file /home/airflow/.local/lib/python3.8/site-packages/airflow/example_dags/example_dag_decorator.py for tasks to queue
[2026-07-01T12:17:15.061+0000] {logging_mixin.py:188} INFO - [2026-07-01T12:17:15.061+0000] {dagbag.py:538} INFO - Filling up the DagBag from /home/airflow/.local/lib/python3.8/site-packages/airflow/example_dags/example_dag_decorator.py
[2026-07-01T12:17:15.252+0000] {processor.py:840} INFO - DAG(s) 'example_dag_decorator' retrieved from /home/airflow/.local/lib/python3.8/site-packages/airflow/example_dags/example_dag_decorator.py
[2026-07-01T12:17:15.476+0000] {logging_mixin.py:188} INFO - [2026-07-01T12:17:15.475+0000] {dag.py:3036} INFO - Sync 1 DAGs
[2026-07-01T12:17:15.500+0000] {logging_mixin.py:188} INFO - [2026-07-01T12:17:15.500+0000] {dag.py:3823} INFO - Setting next_dagrun for example_dag_decorator to None, run_after=None
[2026-07-01T12:17:15.552+0000] {processor.py:183} INFO - Processing /home/airflow/.local/lib/python3.8/site-packages/airflow/example_dags/example_dag_decorator.py took 0.508 seconds
[2026-07-01T12:17:45.738+0000] {processor.py:161} INFO - Started process (PID=1052) to work on /home/airflow/.local/lib/python3.8/site-packages/airflow/example_dags/example_dag_decorator.py
[2026-07-01T12:17:45.742+0000] {processor.py:830} INFO - Processing file /home/airflow/.local/lib/python3.8/site-packages/airflow/example_dags/example_dag_decorator.py for tasks to queue
[2026-07-01T12:17:45.749+0000] {logging_mixin.py:188} INFO - [2026-07-01T12:17:45.748+0000] {dagbag.py:538} INFO - Filling up the DagBag from /home/airflow/.local/lib/python3.8/site-packages/airflow/example_dags/example_dag_decorator.py
[2026-07-01T12:17:46.052+0000] {processor.py:840} INFO - DAG(s) 'example_dag_decorator' retrieved from /home/airflow/.local/lib/python3.8/site-packages/airflow/example_dags/example_dag_decorator.py
[2026-07-01T12:17:46.373+0000] {logging_mixin.py:188} INFO - [2026-07-01T12:17:46.373+0000] {dag.py:3036} INFO - Sync 1 DAGs
[2026-07-01T12:17:46.419+0000] {logging_mixin.py:188} INFO - [2026-07-01T12:17:46.418+0000] {dag.py:3823} INFO - Setting next_dagrun for example_dag_decorator to None, run_after=None
[2026-07-01T12:17:46.811+0000] {processor.py:183} INFO - Processing /home/airflow/.local/lib/python3.8/site-packages/airflow/example_dags/example_dag_decorator.py took 1.088 seconds
[2026-07-01T12:18:16.919+0000] {processor.py:161} INFO - Started process (PID=1110) to work on /home/airflow/.local/lib/python3.8/site-packages/airflow/example_dags/example_dag_decorator.py
[2026-07-01T12:18:16.923+0000] {processor.py:830} INFO - Processing file /home/airflow/.local/lib/python3.8/site-packages/airflow/example_dags/example_dag_decorator.py for tasks to queue
[2026-07-01T12:18:16.931+0000] {logging_mixin.py:188} INFO - [2026-07-01T12:18:16.930+0000] {dagbag.py:538} INFO - Filling up the DagBag from /home/airflow/.local/lib/python3.8/site-packages/airflow/example_dags/example_dag_decorator.py
[2026-07-01T12:18:17.294+0000] {processor.py:840} INFO - DAG(s) 'example_dag_decorator' retrieved from /home/airflow/.local/lib/python3.8/site-packages/airflow/example_dags/example_dag_decorator.py
[2026-07-01T12:18:17.579+0000] {logging_mixin.py:188} INFO - [2026-07-01T12:18:17.578+0000] {dag.py:3036} INFO - Sync 1 DAGs
[2026-07-01T12:18:17.607+0000] {logging_mixin.py:188} INFO - [2026-07-01T12:18:17.607+0000] {dag.py:3823} INFO - Setting next_dagrun for example_dag_decorator to None, run_after=None
[2026-07-01T12:18:17.703+0000] {processor.py:183} INFO - Processing /home/airflow/.local/lib/python3.8/site-packages/airflow/example_dags/example_dag_decorator.py took 0.798 seconds
[2026-07-01T12:18:48.040+0000] {processor.py:161} INFO - Started process (PID=1166) to work on /home/airflow/.local/lib/python3.8/site-packages/airflow/example_dags/example_dag_decorator.py
[2026-07-01T12:18:48.043+0000] {processor.py:830} INFO - Processing file /home/airflow/.local/lib/python3.8/site-packages/airflow/example_dags/example_dag_decorator.py for tasks to queue
[2026-07-01T12:18:48.050+0000] {logging_mixin.py:188} INFO - [2026-07-01T12:18:48.049+0000] {dagbag.py:538} INFO - Filling up the DagBag from /home/airflow/.local/lib/python3.8/site-packages/airflow/example_dags/example_dag_decorator.py
[2026-07-01T12:18:48.283+0000] {processor.py:840} INFO - DAG(s) 'example_dag_decorator' retrieved from /home/airflow/.local/lib/python3.8/site-packages/airflow/example_dags/example_dag_decorator.py
[2026-07-01T12:18:48.564+0000] {logging_mixin.py:188} INFO - [2026-07-01T12:18:48.563+0000] {dag.py:3036} INFO - Sync 1 DAGs
[2026-07-01T12:18:48.595+0000] {logging_mixin.py:188} INFO - [2026-07-01T12:18:48.594+0000] {dag.py:3823} INFO - Setting next_dagrun for example_dag_decorator to None, run_after=None
[2026-07-01T12:18:48.646+0000] {processor.py:183} INFO - Processing /home/airflow/.local/lib/python3.8/site-packages/airflow/example_dags/example_dag_decorator.py took 0.615 seconds
[2026-07-01T12:19:18.763+0000] {processor.py:161} INFO - Started process (PID=1223) to work on /home/airflow/.local/lib/python3.8/site-packages/airflow/example_dags/example_dag_decorator.py
[2026-07-01T12:19:18.767+0000] {processor.py:830} INFO - Processing file /home/airflow/.local/lib/python3.8/site-packages/airflow/example_dags/example_dag_decorator.py for tasks to queue
[2026-07-01T12:19:18.775+0000] {logging_mixin.py:188} INFO - [2026-07-01T12:19:18.774+0000] {dagbag.py:538} INFO - Filling up the DagBag from /home/airflow/.local/lib/python3.8/site-packages/airflow/example_dags/example_dag_decorator.py
[2026-07-01T12:19:19.007+0000] {processor.py:840} INFO - DAG(s) 'example_dag_decorator' retrieved from /home/airflow/.local/lib/python3.8/site-packages/airflow/example_dags/example_dag_decorator.py
[2026-07-01T12:19:19.262+0000] {logging_mixin.py:188} INFO - [2026-07-01T12:19:19.261+0000] {dag.py:3036} INFO - Sync 1 DAGs
[2026-07-01T12:19:19.286+0000] {logging_mixin.py:188} INFO - [2026-07-01T12:19:19.286+0000] {dag.py:3823} INFO - Setting next_dagrun for example_dag_decorator to None, run_after=None
[2026-07-01T12:19:19.333+0000] {processor.py:183} INFO - Processing /home/airflow/.local/lib/python3.8/site-packages/airflow/example_dags/example_dag_decorator.py took 0.580 seconds
[2026-07-01T12:19:51.932+0000] {processor.py:161} INFO - Started process (PID=1275) to work on /home/airflow/.local/lib/python3.8/site-packages/airflow/example_dags/example_dag_decorator.py
[2026-07-01T12:19:51.948+0000] {processor.py:830} INFO - Processing file /home/airflow/.local/lib/python3.8/site-packages/airflow/example_dags/example_dag_decorator.py for tasks to queue
[2026-07-01T12:19:51.976+0000] {logging_mixin.py:188} INFO - [2026-07-01T12:19:51.975+0000] {dagbag.py:538} INFO - Filling up the DagBag from /home/airflow/.local/lib/python3.8/site-packages/airflow/example_dags/example_dag_decorator.py
[2026-07-01T12:19:52.606+0000] {processor.py:840} INFO - DAG(s) 'example_dag_decorator' retrieved from /home/airflow/.local/lib/python3.8/site-packages/airflow/example_dags/example_dag_decorator.py
[2026-07-01T12:19:52.694+0000] {logging_mixin.py:188} INFO - [2026-07-01T12:19:52.693+0000] {dag.py:3036} INFO - Sync 1 DAGs
[2026-07-01T12:19:52.788+0000] {logging_mixin.py:188} INFO - [2026-07-01T12:19:52.787+0000] {dag.py:3823} INFO - Setting next_dagrun for example_dag_decorator to None, run_after=None
[2026-07-01T12:19:52.992+0000] {processor.py:183} INFO - Processing /home/airflow/.local/lib/python3.8/site-packages/airflow/example_dags/example_dag_decorator.py took 1.083 seconds
[2026-07-01T12:20:23.336+0000] {processor.py:161} INFO - Started process (PID=1330) to work on /home/airflow/.local/lib/python3.8/site-packages/airflow/example_dags/example_dag_decorator.py
[2026-07-01T12:20:23.342+0000] {processor.py:830} INFO - Processing file /home/airflow/.local/lib/python3.8/site-packages/airflow/example_dags/example_dag_decorator.py for tasks to queue
[2026-07-01T12:20:23.347+0000] {logging_mixin.py:188} INFO - [2026-07-01T12:20:23.347+0000] {dagbag.py:538} INFO - Filling up the DagBag from /home/airflow/.local/lib/python3.8/site-packages/airflow/example_dags/example_dag_decorator.py
[2026-07-01T12:20:23.658+0000] {processor.py:840} INFO - DAG(s) 'example_dag_decorator' retrieved from /home/airflow/.local/lib/python3.8/site-packages/airflow/example_dags/example_dag_decorator.py
[2026-07-01T12:20:23.703+0000] {logging_mixin.py:188} INFO - [2026-07-01T12:20:23.702+0000] {dag.py:3036} INFO - Sync 1 DAGs
[2026-07-01T12:20:23.753+0000] {logging_mixin.py:188} INFO - [2026-07-01T12:20:23.753+0000] {dag.py:3823} INFO - Setting next_dagrun for example_dag_decorator to None, run_after=None
[2026-07-01T12:20:23.813+0000] {processor.py:183} INFO - Processing /home/airflow/.local/lib/python3.8/site-packages/airflow/example_dags/example_dag_decorator.py took 0.487 seconds
[2026-07-01T12:20:55.439+0000] {processor.py:161} INFO - Started process (PID=1384) to work on /home/airflow/.local/lib/python3.8/site-packages/airflow/example_dags/example_dag_decorator.py
[2026-07-01T12:20:55.443+0000] {processor.py:830} INFO - Processing file /home/airflow/.local/lib/python3.8/site-packages/airflow/example_dags/example_dag_decorator.py for tasks to queue
[2026-07-01T12:20:55.451+0000] {logging_mixin.py:188} INFO - [2026-07-01T12:20:55.450+0000] {dagbag.py:538} INFO - Filling up the DagBag from /home/airflow/.local/lib/python3.8/site-packages/airflow/example_dags/example_dag_decorator.py
[2026-07-01T12:20:55.738+0000] {processor.py:840} INFO - DAG(s) 'example_dag_decorator' retrieved from /home/airflow/.local/lib/python3.8/site-packages/airflow/example_dags/example_dag_decorator.py
[2026-07-01T12:20:56.135+0000] {logging_mixin.py:188} INFO - [2026-07-01T12:20:56.134+0000] {dag.py:3036} INFO - Sync 1 DAGs
[2026-07-01T12:20:56.171+0000] {logging_mixin.py:188} INFO - [2026-07-01T12:20:56.170+0000] {dag.py:3823} INFO - Setting next_dagrun for example_dag_decorator to None, run_after=None
[2026-07-01T12:20:56.228+0000] {processor.py:183} INFO - Processing /home/airflow/.local/lib/python3.8/site-packages/airflow/example_dags/example_dag_decorator.py took 0.801 seconds
[2026-07-01T12:21:26.566+0000] {processor.py:161} INFO - Started process (PID=1438) to work on /home/airflow/.local/lib/python3.8/site-packages/airflow/example_dags/example_dag_decorator.py
[2026-07-01T12:21:26.570+0000] {processor.py:830} INFO - Processing file /home/airflow/.local/lib/python3.8/site-packages/airflow/example_dags/example_dag_decorator.py for tasks to queue
[2026-07-01T12:21:26.580+0000] {logging_mixin.py:188} INFO - [2026-07-01T12:21:26.577+0000] {dagbag.py:538} INFO - Filling up the DagBag from /home/airflow/.local/lib/python3.8/site-packages/airflow/example_dags/example_dag_decorator.py
[2026-07-01T12:21:26.885+0000] {processor.py:840} INFO - DAG(s) 'example_dag_decorator' retrieved from /home/airflow/.local/lib/python3.8/site-packages/airflow/example_dags/example_dag_decorator.py
[2026-07-01T12:21:27.288+0000] {logging_mixin.py:188} INFO - [2026-07-01T12:21:27.288+0000] {dag.py:3036} INFO - Sync 1 DAGs
[2026-07-01T12:21:27.320+0000] {logging_mixin.py:188} INFO - [2026-07-01T12:21:27.320+0000] {dag.py:3823} INFO - Setting next_dagrun for example_dag_decorator to None, run_after=None
[2026-07-01T12:21:27.408+0000] {processor.py:183} INFO - Processing /home/airflow/.local/lib/python3.8/site-packages/airflow/example_dags/example_dag_decorator.py took 0.858 seconds
[2026-07-01T12:21:58.092+0000] {processor.py:161} INFO - Started process (PID=1495) to work on /home/airflow/.local/lib/python3.8/site-packages/airflow/example_dags/example_dag_decorator.py
[2026-07-01T12:21:58.096+0000] {processor.py:830} INFO - Processing file /home/airflow/.local/lib/python3.8/site-packages/airflow/example_dags/example_dag_decorator.py for tasks to queue
[2026-07-01T12:21:58.102+0000] {logging_mixin.py:188} INFO - [2026-07-01T12:21:58.101+0000] {dagbag.py:538} INFO - Filling up the DagBag from /home/airflow/.local/lib/python3.8/site-packages/airflow/example_dags/example_dag_decorator.py
[2026-07-01T12:21:58.285+0000] {processor.py:840} INFO - DAG(s) 'example_dag_decorator' retrieved from /home/airflow/.local/lib/python3.8/site-packages/airflow/example_dags/example_dag_decorator.py
[2026-07-01T12:21:58.848+0000] {logging_mixin.py:188} INFO - [2026-07-01T12:21:58.847+0000] {dag.py:3036} INFO - Sync 1 DAGs
[2026-07-01T12:21:58.872+0000] {logging_mixin.py:188} INFO - [2026-07-01T12:21:58.871+0000] {dag.py:3823} INFO - Setting next_dagrun for example_dag_decorator to None, run_after=None
[2026-07-01T12:21:58.925+0000] {processor.py:183} INFO - Processing /home/airflow/.local/lib/python3.8/site-packages/airflow/example_dags/example_dag_decorator.py took 0.841 seconds
[2026-07-01T12:22:29.224+0000] {processor.py:161} INFO - Started process (PID=1554) to work on /home/airflow/.local/lib/python3.8/site-packages/airflow/example_dags/example_dag_decorator.py
[2026-07-01T12:22:29.228+0000] {processor.py:830} INFO - Processing file /home/airflow/.local/lib/python3.8/site-packages/airflow/example_dags/example_dag_decorator.py for tasks to queue
[2026-07-01T12:22:29.233+0000] {logging_mixin.py:188} INFO - [2026-07-01T12:22:29.233+0000] {dagbag.py:538} INFO - Filling up the DagBag from /home/airflow/.local/lib/python3.8/site-packages/airflow/example_dags/example_dag_decorator.py
[2026-07-01T12:22:29.504+0000] {processor.py:840} INFO - DAG(s) 'example_dag_decorator' retrieved from /home/airflow/.local/lib/python3.8/site-packages/airflow/example_dags/example_dag_decorator.py
[2026-07-01T12:22:30.017+0000] {logging_mixin.py:188} INFO - [2026-07-01T12:22:30.017+0000] {dag.py:3036} INFO - Sync 1 DAGs
[2026-07-01T12:22:30.042+0000] {logging_mixin.py:188} INFO - [2026-07-01T12:22:30.041+0000] {dag.py:3823} INFO - Setting next_dagrun for example_dag_decorator to None, run_after=None
[2026-07-01T12:22:30.089+0000] {processor.py:183} INFO - Processing /home/airflow/.local/lib/python3.8/site-packages/airflow/example_dags/example_dag_decorator.py took 0.873 seconds
[2026-07-01T12:23:00.299+0000] {processor.py:161} INFO - Started process (PID=1610) to work on /home/airflow/.local/lib/python3.8/site-packages/airflow/example_dags/example_dag_decorator.py
[2026-07-01T12:23:00.302+0000] {processor.py:830} INFO - Processing file /home/airflow/.local/lib/python3.8/site-packages/airflow/example_dags/example_dag_decorator.py for tasks to queue
[2026-07-01T12:23:00.308+0000] {logging_mixin.py:188} INFO - [2026-07-01T12:23:00.307+0000] {dagbag.py:538} INFO - Filling up the DagBag from /home/airflow/.local/lib/python3.8/site-packages/airflow/example_dags/example_dag_decorator.py
[2026-07-01T12:23:00.497+0000] {processor.py:840} INFO - DAG(s) 'example_dag_decorator' retrieved from /home/airflow/.local/lib/python3.8/site-packages/airflow/example_dags/example_dag_decorator.py
[2026-07-01T12:23:00.964+0000] {logging_mixin.py:188} INFO - [2026-07-01T12:23:00.964+0000] {dag.py:3036} INFO - Sync 1 DAGs
[2026-07-01T12:23:00.984+0000] {logging_mixin.py:188} INFO - [2026-07-01T12:23:00.983+0000] {dag.py:3823} INFO - Setting next_dagrun for example_dag_decorator to None, run_after=None
[2026-07-01T12:23:01.023+0000] {processor.py:183} INFO - Processing /home/airflow/.local/lib/python3.8/site-packages/airflow/example_dags/example_dag_decorator.py took 0.732 seconds
[2026-07-01T12:23:31.226+0000] {processor.py:161} INFO - Started process (PID=1668) to work on /home/airflow/.local/lib/python3.8/site-packages/airflow/example_dags/example_dag_decorator.py
[2026-07-01T12:23:31.230+0000] {processor.py:830} INFO - Processing file /home/airflow/.local/lib/python3.8/site-packages/airflow/example_dags/example_dag_decorator.py for tasks to queue
[2026-07-01T12:23:31.240+0000] {logging_mixin.py:188} INFO - [2026-07-01T12:23:31.238+0000] {dagbag.py:538} INFO - Filling up the DagBag from /home/airflow/.local/lib/python3.8/site-packages/airflow/example_dags/example_dag_decorator.py
[2026-07-01T12:23:31.480+0000] {processor.py:840} INFO - DAG(s) 'example_dag_decorator' retrieved from /home/airflow/.local/lib/python3.8/site-packages/airflow/example_dags/example_dag_decorator.py
[2026-07-01T12:23:31.743+0000] {logging_mixin.py:188} INFO - [2026-07-01T12:23:31.743+0000] {dag.py:3036} INFO - Sync 1 DAGs
[2026-07-01T12:23:32.029+0000] {logging_mixin.py:188} INFO - [2026-07-01T12:23:32.029+0000] {dag.py:3823} INFO - Setting next_dagrun for example_dag_decorator to None, run_after=None
[2026-07-01T12:23:32.074+0000] {processor.py:183} INFO - Processing /home/airflow/.local/lib/python3.8/site-packages/airflow/example_dags/example_dag_decorator.py took 0.862 seconds
[2026-07-01T12:24:02.794+0000] {processor.py:161} INFO - Started process (PID=1726) to work on /home/airflow/.local/lib/python3.8/site-packages/airflow/example_dags/example_dag_decorator.py
[2026-07-01T12:24:02.799+0000] {processor.py:830} INFO - Processing file /home/airflow/.local/lib/python3.8/site-packages/airflow/example_dags/example_dag_decorator.py for tasks to queue
[2026-07-01T12:24:02.806+0000] {logging_mixin.py:188} INFO - [2026-07-01T12:24:02.805+0000] {dagbag.py:538} INFO - Filling up the DagBag from /home/airflow/.local/lib/python3.8/site-packages/airflow/example_dags/example_dag_decorator.py
[2026-07-01T12:24:03.072+0000] {processor.py:840} INFO - DAG(s) 'example_dag_decorator' retrieved from /home/airflow/.local/lib/python3.8/site-packages/airflow/example_dags/example_dag_decorator.py
[2026-07-01T12:24:03.391+0000] {logging_mixin.py:188} INFO - [2026-07-01T12:24:03.391+0000] {dag.py:3036} INFO - Sync 1 DAGs
[2026-07-01T12:24:04.004+0000] {logging_mixin.py:188} INFO - [2026-07-01T12:24:04.003+0000] {dag.py:3823} INFO - Setting next_dagrun for example_dag_decorator to None, run_after=None
[2026-07-01T12:24:04.061+0000] {processor.py:183} INFO - Processing /home/airflow/.local/lib/python3.8/site-packages/airflow/example_dags/example_dag_decorator.py took 1.276 seconds
[2026-07-01T12:24:34.648+0000] {processor.py:161} INFO - Started process (PID=1784) to work on /home/airflow/.local/lib/python3.8/site-packages/airflow/example_dags/example_dag_decorator.py
[2026-07-01T12:24:34.655+0000] {processor.py:830} INFO - Processing file /home/airflow/.local/lib/python3.8/site-packages/airflow/example_dags/example_dag_decorator.py for tasks to queue
[2026-07-01T12:24:34.666+0000] {logging_mixin.py:188} INFO - [2026-07-01T12:24:34.662+0000] {dagbag.py:538} INFO - Filling up the DagBag from /home/airflow/.local/lib/python3.8/site-packages/airflow/example_dags/example_dag_decorator.py
[2026-07-01T12:24:34.960+0000] {processor.py:840} INFO - DAG(s) 'example_dag_decorator' retrieved from /home/airflow/.local/lib/python3.8/site-packages/airflow/example_dags/example_dag_decorator.py
[2026-07-01T12:24:35.215+0000] {logging_mixin.py:188} INFO - [2026-07-01T12:24:35.214+0000] {dag.py:3036} INFO - Sync 1 DAGs
[2026-07-01T12:24:35.582+0000] {logging_mixin.py:188} INFO - [2026-07-01T12:24:35.582+0000] {dag.py:3823} INFO - Setting next_dagrun for example_dag_decorator to None, run_after=None
[2026-07-01T12:24:35.627+0000] {processor.py:183} INFO - Processing /home/airflow/.local/lib/python3.8/site-packages/airflow/example_dags/example_dag_decorator.py took 1.000 seconds
[2026-07-01T12:25:05.735+0000] {processor.py:161} INFO - Started process (PID=1840) to work on /home/airflow/.local/lib/python3.8/site-packages/airflow/example_dags/example_dag_decorator.py
[2026-07-01T12:25:05.738+0000] {processor.py:830} INFO - Processing file /home/airflow/.local/lib/python3.8/site-packages/airflow/example_dags/example_dag_decorator.py for tasks to queue
[2026-07-01T12:25:05.744+0000] {logging_mixin.py:188} INFO - [2026-07-01T12:25:05.743+0000] {dagbag.py:538} INFO - Filling up the DagBag from /home/airflow/.local/lib/python3.8/site-packages/airflow/example_dags/example_dag_decorator.py
[2026-07-01T12:25:05.955+0000] {processor.py:840} INFO - DAG(s) 'example_dag_decorator' retrieved from /home/airflow/.local/lib/python3.8/site-packages/airflow/example_dags/example_dag_decorator.py
[2026-07-01T12:25:06.555+0000] {logging_mixin.py:188} INFO - [2026-07-01T12:25:06.554+0000] {dag.py:3036} INFO - Sync 1 DAGs
[2026-07-01T12:25:06.581+0000] {logging_mixin.py:188} INFO - [2026-07-01T12:25:06.580+0000] {dag.py:3823} INFO - Setting next_dagrun for example_dag_decorator to None, run_after=None
[2026-07-01T12:25:06.625+0000] {processor.py:183} INFO - Processing /home/airflow/.local/lib/python3.8/site-packages/airflow/example_dags/example_dag_decorator.py took 0.898 seconds
[2026-07-01T12:25:37.012+0000] {processor.py:161} INFO - Started process (PID=1905) to work on /home/airflow/.local/lib/python3.8/site-packages/airflow/example_dags/example_dag_decorator.py
[2026-07-01T12:25:37.016+0000] {processor.py:830} INFO - Processing file /home/airflow/.local/lib/python3.8/site-packages/airflow/example_dags/example_dag_decorator.py for tasks to queue
[2026-07-01T12:25:37.023+0000] {logging_mixin.py:188} INFO - [2026-07-01T12:25:37.022+0000] {dagbag.py:538} INFO - Filling up the DagBag from /home/airflow/.local/lib/python3.8/site-packages/airflow/example_dags/example_dag_decorator.py
[2026-07-01T12:25:37.330+0000] {processor.py:840} INFO - DAG(s) 'example_dag_decorator' retrieved from /home/airflow/.local/lib/python3.8/site-packages/airflow/example_dags/example_dag_decorator.py
[2026-07-01T12:25:38.043+0000] {logging_mixin.py:188} INFO - [2026-07-01T12:25:38.042+0000] {dag.py:3036} INFO - Sync 1 DAGs
[2026-07-01T12:25:38.066+0000] {logging_mixin.py:188} INFO - [2026-07-01T12:25:38.066+0000] {dag.py:3823} INFO - Setting next_dagrun for example_dag_decorator to None, run_after=None
[2026-07-01T12:25:38.145+0000] {processor.py:183} INFO - Processing /home/airflow/.local/lib/python3.8/site-packages/airflow/example_dags/example_dag_decorator.py took 1.145 seconds
[2026-07-01T12:26:08.303+0000] {processor.py:161} INFO - Started process (PID=1961) to work on /home/airflow/.local/lib/python3.8/site-packages/airflow/example_dags/example_dag_decorator.py
[2026-07-01T12:26:08.306+0000] {processor.py:830} INFO - Processing file /home/airflow/.local/lib/python3.8/site-packages/airflow/example_dags/example_dag_decorator.py for tasks to queue
[2026-07-01T12:26:08.313+0000] {logging_mixin.py:188} INFO - [2026-07-01T12:26:08.312+0000] {dagbag.py:538} INFO - Filling up the DagBag from /home/airflow/.local/lib/python3.8/site-packages/airflow/example_dags/example_dag_decorator.py
[2026-07-01T12:26:08.497+0000] {processor.py:840} INFO - DAG(s) 'example_dag_decorator' retrieved from /home/airflow/.local/lib/python3.8/site-packages/airflow/example_dags/example_dag_decorator.py
[2026-07-01T12:26:08.975+0000] {logging_mixin.py:188} INFO - [2026-07-01T12:26:08.974+0000] {dag.py:3036} INFO - Sync 1 DAGs
[2026-07-01T12:26:09.004+0000] {logging_mixin.py:188} INFO - [2026-07-01T12:26:09.003+0000] {dag.py:3823} INFO - Setting next_dagrun for example_dag_decorator to None, run_after=None
[2026-07-01T12:26:09.054+0000] {processor.py:183} INFO - Processing /home/airflow/.local/lib/python3.8/site-packages/airflow/example_dags/example_dag_decorator.py took 0.759 seconds
[2026-07-01T12:26:39.550+0000] {processor.py:161} INFO - Started process (PID=2020) to work on /home/airflow/.local/lib/python3.8/site-packages/airflow/example_dags/example_dag_decorator.py
[2026-07-01T12:26:39.553+0000] {processor.py:830} INFO - Processing file /home/airflow/.local/lib/python3.8/site-packages/airflow/example_dags/example_dag_decorator.py for tasks to queue
[2026-07-01T12:26:39.558+0000] {logging_mixin.py:188} INFO - [2026-07-01T12:26:39.557+0000] {dagbag.py:538} INFO - Filling up the DagBag from /home/airflow/.local/lib/python3.8/site-packages/airflow/example_dags/example_dag_decorator.py
[2026-07-01T12:26:39.756+0000] {processor.py:840} INFO - DAG(s) 'example_dag_decorator' retrieved from /home/airflow/.local/lib/python3.8/site-packages/airflow/example_dags/example_dag_decorator.py
[2026-07-01T12:26:40.299+0000] {logging_mixin.py:188} INFO - [2026-07-01T12:26:40.298+0000] {dag.py:3036} INFO - Sync 1 DAGs
[2026-07-01T12:26:40.321+0000] {logging_mixin.py:188} INFO - [2026-07-01T12:26:40.321+0000] {dag.py:3823} INFO - Setting next_dagrun for example_dag_decorator to None, run_after=None
[2026-07-01T12:26:40.361+0000] {processor.py:183} INFO - Processing /home/airflow/.local/lib/python3.8/site-packages/airflow/example_dags/example_dag_decorator.py took 0.819 seconds
[2026-07-01T12:27:10.874+0000] {processor.py:161} INFO - Started process (PID=2077) to work on /home/airflow/.local/lib/python3.8/site-packages/airflow/example_dags/example_dag_decorator.py
[2026-07-01T12:27:10.877+0000] {processor.py:830} INFO - Processing file /home/airflow/.local/lib/python3.8/site-packages/airflow/example_dags/example_dag_decorator.py for tasks to queue
[2026-07-01T12:27:10.883+0000] {logging_mixin.py:188} INFO - [2026-07-01T12:27:10.882+0000] {dagbag.py:538} INFO - Filling up the DagBag from /home/airflow/.local/lib/python3.8/site-packages/airflow/example_dags/example_dag_decorator.py
[2026-07-01T12:27:11.067+0000] {processor.py:840} INFO - DAG(s) 'example_dag_decorator' retrieved from /home/airflow/.local/lib/python3.8/site-packages/airflow/example_dags/example_dag_decorator.py
[2026-07-01T12:27:11.486+0000] {logging_mixin.py:188} INFO - [2026-07-01T12:27:11.485+0000] {dag.py:3036} INFO - Sync 1 DAGs
[2026-07-01T12:27:11.510+0000] {logging_mixin.py:188} INFO - [2026-07-01T12:27:11.509+0000] {dag.py:3823} INFO - Setting next_dagrun for example_dag_decorator to None, run_after=None
[2026-07-01T12:27:11.553+0000] {processor.py:183} INFO - Processing /home/airflow/.local/lib/python3.8/site-packages/airflow/example_dags/example_dag_decorator.py took 0.688 seconds
[2026-07-01T12:27:41.713+0000] {processor.py:161} INFO - Started process (PID=2135) to work on /home/airflow/.local/lib/python3.8/site-packages/airflow/example_dags/example_dag_decorator.py
[2026-07-01T12:27:41.717+0000] {processor.py:830} INFO - Processing file /home/airflow/.local/lib/python3.8/site-packages/airflow/example_dags/example_dag_decorator.py for tasks to queue
[2026-07-01T12:27:41.722+0000] {logging_mixin.py:188} INFO - [2026-07-01T12:27:41.721+0000] {dagbag.py:538} INFO - Filling up the DagBag from /home/airflow/.local/lib/python3.8/site-packages/airflow/example_dags/example_dag_decorator.py
[2026-07-01T12:27:41.903+0000] {processor.py:840} INFO - DAG(s) 'example_dag_decorator' retrieved from /home/airflow/.local/lib/python3.8/site-packages/airflow/example_dags/example_dag_decorator.py
[2026-07-01T12:27:42.293+0000] {logging_mixin.py:188} INFO - [2026-07-01T12:27:42.293+0000] {dag.py:3036} INFO - Sync 1 DAGs
[2026-07-01T12:27:42.311+0000] {logging_mixin.py:188} INFO - [2026-07-01T12:27:42.311+0000] {dag.py:3823} INFO - Setting next_dagrun for example_dag_decorator to None, run_after=None
[2026-07-01T12:27:42.346+0000] {processor.py:183} INFO - Processing /home/airflow/.local/lib/python3.8/site-packages/airflow/example_dags/example_dag_decorator.py took 0.641 seconds
[2026-07-01T12:28:13.118+0000] {processor.py:161} INFO - Started process (PID=2191) to work on /home/airflow/.local/lib/python3.8/site-packages/airflow/example_dags/example_dag_decorator.py
[2026-07-01T12:28:13.122+0000] {processor.py:830} INFO - Processing file /home/airflow/.local/lib/python3.8/site-packages/airflow/example_dags/example_dag_decorator.py for tasks to queue
[2026-07-01T12:28:13.127+0000] {logging_mixin.py:188} INFO - [2026-07-01T12:28:13.126+0000] {dagbag.py:538} INFO - Filling up the DagBag from /home/airflow/.local/lib/python3.8/site-packages/airflow/example_dags/example_dag_decorator.py
[2026-07-01T12:28:13.302+0000] {processor.py:840} INFO - DAG(s) 'example_dag_decorator' retrieved from /home/airflow/.local/lib/python3.8/site-packages/airflow/example_dags/example_dag_decorator.py
[2026-07-01T12:28:13.763+0000] {logging_mixin.py:188} INFO - [2026-07-01T12:28:13.762+0000] {dag.py:3036} INFO - Sync 1 DAGs
[2026-07-01T12:28:13.788+0000] {logging_mixin.py:188} INFO - [2026-07-01T12:28:13.787+0000] {dag.py:3823} INFO - Setting next_dagrun for example_dag_decorator to None, run_after=None
[2026-07-01T12:28:13.831+0000] {processor.py:183} INFO - Processing /home/airflow/.local/lib/python3.8/site-packages/airflow/example_dags/example_dag_decorator.py took 0.721 seconds
[2026-07-01T12:28:44.789+0000] {processor.py:161} INFO - Started process (PID=2248) to work on /home/airflow/.local/lib/python3.8/site-packages/airflow/example_dags/example_dag_decorator.py
[2026-07-01T12:28:44.794+0000] {processor.py:830} INFO - Processing file /home/airflow/.local/lib/python3.8/site-packages/airflow/example_dags/example_dag_decorator.py for tasks to queue
[2026-07-01T12:28:44.809+0000] {logging_mixin.py:188} INFO - [2026-07-01T12:28:44.808+0000] {dagbag.py:538} INFO - Filling up the DagBag from /home/airflow/.local/lib/python3.8/site-packages/airflow/example_dags/example_dag_decorator.py
[2026-07-01T12:28:45.113+0000] {processor.py:840} INFO - DAG(s) 'example_dag_decorator' retrieved from /home/airflow/.local/lib/python3.8/site-packages/airflow/example_dags/example_dag_decorator.py
[2026-07-01T12:28:45.643+0000] {logging_mixin.py:188} INFO - [2026-07-01T12:28:45.642+0000] {dag.py:3036} INFO - Sync 1 DAGs
[2026-07-01T12:28:45.663+0000] {logging_mixin.py:188} INFO - [2026-07-01T12:28:45.663+0000] {dag.py:3823} INFO - Setting next_dagrun for example_dag_decorator to None, run_after=None
[2026-07-01T12:28:45.706+0000] {processor.py:183} INFO - Processing /home/airflow/.local/lib/python3.8/site-packages/airflow/example_dags/example_dag_decorator.py took 0.939 seconds
[2026-07-01T12:29:15.880+0000] {processor.py:161} INFO - Started process (PID=2307) to work on /home/airflow/.local/lib/python3.8/site-packages/airflow/example_dags/example_dag_decorator.py
[2026-07-01T12:29:15.884+0000] {processor.py:830} INFO - Processing file /home/airflow/.local/lib/python3.8/site-packages/airflow/example_dags/example_dag_decorator.py for tasks to queue
[2026-07-01T12:29:15.890+0000] {logging_mixin.py:188} INFO - [2026-07-01T12:29:15.889+0000] {dagbag.py:538} INFO - Filling up the DagBag from /home/airflow/.local/lib/python3.8/site-packages/airflow/example_dags/example_dag_decorator.py
[2026-07-01T12:29:16.094+0000] {processor.py:840} INFO - DAG(s) 'example_dag_decorator' retrieved from /home/airflow/.local/lib/python3.8/site-packages/airflow/example_dags/example_dag_decorator.py
[2026-07-01T12:29:16.558+0000] {logging_mixin.py:188} INFO - [2026-07-01T12:29:16.558+0000] {dag.py:3036} INFO - Sync 1 DAGs
[2026-07-01T12:29:16.596+0000] {logging_mixin.py:188} INFO - [2026-07-01T12:29:16.594+0000] {dag.py:3823} INFO - Setting next_dagrun for example_dag_decorator to None, run_after=None
[2026-07-01T12:29:16.644+0000] {processor.py:183} INFO - Processing /home/airflow/.local/lib/python3.8/site-packages/airflow/example_dags/example_dag_decorator.py took 0.772 seconds
[2026-07-01T12:29:46.824+0000] {processor.py:161} INFO - Started process (PID=2364) to work on /home/airflow/.local/lib/python3.8/site-packages/airflow/example_dags/example_dag_decorator.py
[2026-07-01T12:29:46.827+0000] {processor.py:830} INFO - Processing file /home/airflow/.local/lib/python3.8/site-packages/airflow/example_dags/example_dag_decorator.py for tasks to queue
[2026-07-01T12:29:46.833+0000] {logging_mixin.py:188} INFO - [2026-07-01T12:29:46.832+0000] {dagbag.py:538} INFO - Filling up the DagBag from /home/airflow/.local/lib/python3.8/site-packages/airflow/example_dags/example_dag_decorator.py
