[2026-07-01T11:58:42.659+0000] {processor.py:161} INFO - Started process (PID=127) to work on /home/airflow/.local/lib/python3.8/site-packages/airflow/example_dags/example_python_operator.py
[2026-07-01T11:58:42.663+0000] {processor.py:830} INFO - Processing file /home/airflow/.local/lib/python3.8/site-packages/airflow/example_dags/example_python_operator.py for tasks to queue
[2026-07-01T11:58:42.673+0000] {logging_mixin.py:188} INFO - [2026-07-01T11:58:42.672+0000] {dagbag.py:538} INFO - Filling up the DagBag from /home/airflow/.local/lib/python3.8/site-packages/airflow/example_dags/example_python_operator.py
[2026-07-01T11:58:42.747+0000] {processor.py:840} INFO - DAG(s) 'example_python_operator' retrieved from /home/airflow/.local/lib/python3.8/site-packages/airflow/example_dags/example_python_operator.py
[2026-07-01T11:58:43.236+0000] {logging_mixin.py:188} INFO - [2026-07-01T11:58:43.236+0000] {dag.py:3036} INFO - Sync 1 DAGs
[2026-07-01T11:58:43.278+0000] {logging_mixin.py:188} INFO - [2026-07-01T11:58:43.277+0000] {dag.py:3823} INFO - Setting next_dagrun for example_python_operator to None, run_after=None
[2026-07-01T11:58:43.372+0000] {processor.py:183} INFO - Processing /home/airflow/.local/lib/python3.8/site-packages/airflow/example_dags/example_python_operator.py took 0.729 seconds
[2026-07-01T11:59:13.774+0000] {processor.py:161} INFO - Started process (PID=182) to work on /home/airflow/.local/lib/python3.8/site-packages/airflow/example_dags/example_python_operator.py
[2026-07-01T11:59:13.786+0000] {processor.py:830} INFO - Processing file /home/airflow/.local/lib/python3.8/site-packages/airflow/example_dags/example_python_operator.py for tasks to queue
[2026-07-01T11:59:13.792+0000] {logging_mixin.py:188} INFO - [2026-07-01T11:59:13.791+0000] {dagbag.py:538} INFO - Filling up the DagBag from /home/airflow/.local/lib/python3.8/site-packages/airflow/example_dags/example_python_operator.py
[2026-07-01T11:59:13.832+0000] {processor.py:840} INFO - DAG(s) 'example_python_operator' retrieved from /home/airflow/.local/lib/python3.8/site-packages/airflow/example_dags/example_python_operator.py
[2026-07-01T11:59:13.916+0000] {logging_mixin.py:188} INFO - [2026-07-01T11:59:13.915+0000] {dag.py:3036} INFO - Sync 1 DAGs
[2026-07-01T11:59:13.962+0000] {logging_mixin.py:188} INFO - [2026-07-01T11:59:13.962+0000] {dag.py:3823} INFO - Setting next_dagrun for example_python_operator to None, run_after=None
[2026-07-01T11:59:14.048+0000] {processor.py:183} INFO - Processing /home/airflow/.local/lib/python3.8/site-packages/airflow/example_dags/example_python_operator.py took 0.292 seconds
[2026-07-01T11:59:44.996+0000] {processor.py:161} INFO - Started process (PID=237) to work on /home/airflow/.local/lib/python3.8/site-packages/airflow/example_dags/example_python_operator.py
[2026-07-01T11:59:45.003+0000] {processor.py:830} INFO - Processing file /home/airflow/.local/lib/python3.8/site-packages/airflow/example_dags/example_python_operator.py for tasks to queue
[2026-07-01T11:59:45.010+0000] {logging_mixin.py:188} INFO - [2026-07-01T11:59:45.009+0000] {dagbag.py:538} INFO - Filling up the DagBag from /home/airflow/.local/lib/python3.8/site-packages/airflow/example_dags/example_python_operator.py
[2026-07-01T11:59:45.053+0000] {processor.py:840} INFO - DAG(s) 'example_python_operator' retrieved from /home/airflow/.local/lib/python3.8/site-packages/airflow/example_dags/example_python_operator.py
[2026-07-01T11:59:45.107+0000] {logging_mixin.py:188} INFO - [2026-07-01T11:59:45.106+0000] {dag.py:3036} INFO - Sync 1 DAGs
[2026-07-01T11:59:45.164+0000] {logging_mixin.py:188} INFO - [2026-07-01T11:59:45.163+0000] {dag.py:3823} INFO - Setting next_dagrun for example_python_operator to None, run_after=None
[2026-07-01T11:59:45.281+0000] {processor.py:183} INFO - Processing /home/airflow/.local/lib/python3.8/site-packages/airflow/example_dags/example_python_operator.py took 0.293 seconds
[2026-07-01T12:00:15.518+0000] {processor.py:161} INFO - Started process (PID=292) to work on /home/airflow/.local/lib/python3.8/site-packages/airflow/example_dags/example_python_operator.py
[2026-07-01T12:00:15.521+0000] {processor.py:830} INFO - Processing file /home/airflow/.local/lib/python3.8/site-packages/airflow/example_dags/example_python_operator.py for tasks to queue
[2026-07-01T12:00:15.526+0000] {logging_mixin.py:188} INFO - [2026-07-01T12:00:15.525+0000] {dagbag.py:538} INFO - Filling up the DagBag from /home/airflow/.local/lib/python3.8/site-packages/airflow/example_dags/example_python_operator.py
[2026-07-01T12:00:15.552+0000] {processor.py:840} INFO - DAG(s) 'example_python_operator' retrieved from /home/airflow/.local/lib/python3.8/site-packages/airflow/example_dags/example_python_operator.py
[2026-07-01T12:00:15.821+0000] {logging_mixin.py:188} INFO - [2026-07-01T12:00:15.820+0000] {dag.py:3036} INFO - Sync 1 DAGs
[2026-07-01T12:00:15.846+0000] {logging_mixin.py:188} INFO - [2026-07-01T12:00:15.846+0000] {dag.py:3823} INFO - Setting next_dagrun for example_python_operator to None, run_after=None
[2026-07-01T12:00:16.125+0000] {processor.py:183} INFO - Processing /home/airflow/.local/lib/python3.8/site-packages/airflow/example_dags/example_python_operator.py took 0.615 seconds
[2026-07-01T12:00:47.010+0000] {processor.py:161} INFO - Started process (PID=347) to work on /home/airflow/.local/lib/python3.8/site-packages/airflow/example_dags/example_python_operator.py
[2026-07-01T12:00:47.014+0000] {processor.py:830} INFO - Processing file /home/airflow/.local/lib/python3.8/site-packages/airflow/example_dags/example_python_operator.py for tasks to queue
[2026-07-01T12:00:47.021+0000] {logging_mixin.py:188} INFO - [2026-07-01T12:00:47.020+0000] {dagbag.py:538} INFO - Filling up the DagBag from /home/airflow/.local/lib/python3.8/site-packages/airflow/example_dags/example_python_operator.py
[2026-07-01T12:00:47.054+0000] {processor.py:840} INFO - DAG(s) 'example_python_operator' retrieved from /home/airflow/.local/lib/python3.8/site-packages/airflow/example_dags/example_python_operator.py
[2026-07-01T12:00:47.110+0000] {logging_mixin.py:188} INFO - [2026-07-01T12:00:47.109+0000] {dag.py:3036} INFO - Sync 1 DAGs
[2026-07-01T12:00:47.142+0000] {logging_mixin.py:188} INFO - [2026-07-01T12:00:47.141+0000] {dag.py:3823} INFO - Setting next_dagrun for example_python_operator to None, run_after=None
[2026-07-01T12:00:47.199+0000] {processor.py:183} INFO - Processing /home/airflow/.local/lib/python3.8/site-packages/airflow/example_dags/example_python_operator.py took 0.199 seconds
[2026-07-01T12:01:17.395+0000] {processor.py:161} INFO - Started process (PID=402) to work on /home/airflow/.local/lib/python3.8/site-packages/airflow/example_dags/example_python_operator.py
[2026-07-01T12:01:17.423+0000] {processor.py:830} INFO - Processing file /home/airflow/.local/lib/python3.8/site-packages/airflow/example_dags/example_python_operator.py for tasks to queue
[2026-07-01T12:01:17.428+0000] {logging_mixin.py:188} INFO - [2026-07-01T12:01:17.428+0000] {dagbag.py:538} INFO - Filling up the DagBag from /home/airflow/.local/lib/python3.8/site-packages/airflow/example_dags/example_python_operator.py
[2026-07-01T12:01:17.461+0000] {processor.py:840} INFO - DAG(s) 'example_python_operator' retrieved from /home/airflow/.local/lib/python3.8/site-packages/airflow/example_dags/example_python_operator.py
[2026-07-01T12:01:17.539+0000] {logging_mixin.py:188} INFO - [2026-07-01T12:01:17.539+0000] {dag.py:3036} INFO - Sync 1 DAGs
[2026-07-01T12:01:17.577+0000] {logging_mixin.py:188} INFO - [2026-07-01T12:01:17.577+0000] {dag.py:3823} INFO - Setting next_dagrun for example_python_operator to None, run_after=None
[2026-07-01T12:01:17.645+0000] {processor.py:183} INFO - Processing /home/airflow/.local/lib/python3.8/site-packages/airflow/example_dags/example_python_operator.py took 0.260 seconds
[2026-07-01T12:01:48.513+0000] {processor.py:161} INFO - Started process (PID=457) to work on /home/airflow/.local/lib/python3.8/site-packages/airflow/example_dags/example_python_operator.py
[2026-07-01T12:01:48.519+0000] {processor.py:830} INFO - Processing file /home/airflow/.local/lib/python3.8/site-packages/airflow/example_dags/example_python_operator.py for tasks to queue
[2026-07-01T12:01:48.531+0000] {logging_mixin.py:188} INFO - [2026-07-01T12:01:48.530+0000] {dagbag.py:538} INFO - Filling up the DagBag from /home/airflow/.local/lib/python3.8/site-packages/airflow/example_dags/example_python_operator.py
[2026-07-01T12:01:48.569+0000] {processor.py:840} INFO - DAG(s) 'example_python_operator' retrieved from /home/airflow/.local/lib/python3.8/site-packages/airflow/example_dags/example_python_operator.py
[2026-07-01T12:01:48.683+0000] {logging_mixin.py:188} INFO - [2026-07-01T12:01:48.683+0000] {dag.py:3036} INFO - Sync 1 DAGs
[2026-07-01T12:01:48.745+0000] {logging_mixin.py:188} INFO - [2026-07-01T12:01:48.744+0000] {dag.py:3823} INFO - Setting next_dagrun for example_python_operator to None, run_after=None
[2026-07-01T12:01:48.815+0000] {processor.py:183} INFO - Processing /home/airflow/.local/lib/python3.8/site-packages/airflow/example_dags/example_python_operator.py took 0.318 seconds
[2026-07-01T12:02:19.828+0000] {processor.py:161} INFO - Started process (PID=513) to work on /home/airflow/.local/lib/python3.8/site-packages/airflow/example_dags/example_python_operator.py
[2026-07-01T12:02:19.835+0000] {processor.py:830} INFO - Processing file /home/airflow/.local/lib/python3.8/site-packages/airflow/example_dags/example_python_operator.py for tasks to queue
[2026-07-01T12:02:19.843+0000] {logging_mixin.py:188} INFO - [2026-07-01T12:02:19.842+0000] {dagbag.py:538} INFO - Filling up the DagBag from /home/airflow/.local/lib/python3.8/site-packages/airflow/example_dags/example_python_operator.py
[2026-07-01T12:02:19.885+0000] {processor.py:840} INFO - DAG(s) 'example_python_operator' retrieved from /home/airflow/.local/lib/python3.8/site-packages/airflow/example_dags/example_python_operator.py
[2026-07-01T12:02:19.958+0000] {logging_mixin.py:188} INFO - [2026-07-01T12:02:19.957+0000] {dag.py:3036} INFO - Sync 1 DAGs
[2026-07-01T12:02:19.996+0000] {logging_mixin.py:188} INFO - [2026-07-01T12:02:19.995+0000] {dag.py:3823} INFO - Setting next_dagrun for example_python_operator to None, run_after=None
[2026-07-01T12:02:20.055+0000] {processor.py:183} INFO - Processing /home/airflow/.local/lib/python3.8/site-packages/airflow/example_dags/example_python_operator.py took 0.245 seconds
[2026-07-01T12:02:50.311+0000] {processor.py:161} INFO - Started process (PID=569) to work on /home/airflow/.local/lib/python3.8/site-packages/airflow/example_dags/example_python_operator.py
[2026-07-01T12:02:50.315+0000] {processor.py:830} INFO - Processing file /home/airflow/.local/lib/python3.8/site-packages/airflow/example_dags/example_python_operator.py for tasks to queue
[2026-07-01T12:02:50.320+0000] {logging_mixin.py:188} INFO - [2026-07-01T12:02:50.319+0000] {dagbag.py:538} INFO - Filling up the DagBag from /home/airflow/.local/lib/python3.8/site-packages/airflow/example_dags/example_python_operator.py
[2026-07-01T12:02:50.346+0000] {processor.py:840} INFO - DAG(s) 'example_python_operator' retrieved from /home/airflow/.local/lib/python3.8/site-packages/airflow/example_dags/example_python_operator.py
[2026-07-01T12:02:50.402+0000] {logging_mixin.py:188} INFO - [2026-07-01T12:02:50.402+0000] {dag.py:3036} INFO - Sync 1 DAGs
[2026-07-01T12:02:50.433+0000] {logging_mixin.py:188} INFO - [2026-07-01T12:02:50.432+0000] {dag.py:3823} INFO - Setting next_dagrun for example_python_operator to None, run_after=None
[2026-07-01T12:02:50.488+0000] {processor.py:183} INFO - Processing /home/airflow/.local/lib/python3.8/site-packages/airflow/example_dags/example_python_operator.py took 0.184 seconds
[2026-07-01T12:03:20.723+0000] {processor.py:161} INFO - Started process (PID=624) to work on /home/airflow/.local/lib/python3.8/site-packages/airflow/example_dags/example_python_operator.py
[2026-07-01T12:03:20.726+0000] {processor.py:830} INFO - Processing file /home/airflow/.local/lib/python3.8/site-packages/airflow/example_dags/example_python_operator.py for tasks to queue
[2026-07-01T12:03:20.731+0000] {logging_mixin.py:188} INFO - [2026-07-01T12:03:20.730+0000] {dagbag.py:538} INFO - Filling up the DagBag from /home/airflow/.local/lib/python3.8/site-packages/airflow/example_dags/example_python_operator.py
[2026-07-01T12:03:20.757+0000] {processor.py:840} INFO - DAG(s) 'example_python_operator' retrieved from /home/airflow/.local/lib/python3.8/site-packages/airflow/example_dags/example_python_operator.py
[2026-07-01T12:03:20.810+0000] {logging_mixin.py:188} INFO - [2026-07-01T12:03:20.810+0000] {dag.py:3036} INFO - Sync 1 DAGs
[2026-07-01T12:03:20.839+0000] {logging_mixin.py:188} INFO - [2026-07-01T12:03:20.838+0000] {dag.py:3823} INFO - Setting next_dagrun for example_python_operator to None, run_after=None
[2026-07-01T12:03:20.886+0000] {processor.py:183} INFO - Processing /home/airflow/.local/lib/python3.8/site-packages/airflow/example_dags/example_python_operator.py took 0.173 seconds
[2026-07-01T12:03:51.253+0000] {processor.py:161} INFO - Started process (PID=680) to work on /home/airflow/.local/lib/python3.8/site-packages/airflow/example_dags/example_python_operator.py
[2026-07-01T12:03:51.257+0000] {processor.py:830} INFO - Processing file /home/airflow/.local/lib/python3.8/site-packages/airflow/example_dags/example_python_operator.py for tasks to queue
[2026-07-01T12:03:51.264+0000] {logging_mixin.py:188} INFO - [2026-07-01T12:03:51.263+0000] {dagbag.py:538} INFO - Filling up the DagBag from /home/airflow/.local/lib/python3.8/site-packages/airflow/example_dags/example_python_operator.py
[2026-07-01T12:03:51.296+0000] {processor.py:840} INFO - DAG(s) 'example_python_operator' retrieved from /home/airflow/.local/lib/python3.8/site-packages/airflow/example_dags/example_python_operator.py
[2026-07-01T12:03:51.353+0000] {logging_mixin.py:188} INFO - [2026-07-01T12:03:51.352+0000] {dag.py:3036} INFO - Sync 1 DAGs
[2026-07-01T12:03:51.387+0000] {logging_mixin.py:188} INFO - [2026-07-01T12:03:51.387+0000] {dag.py:3823} INFO - Setting next_dagrun for example_python_operator to None, run_after=None
[2026-07-01T12:03:51.439+0000] {processor.py:183} INFO - Processing /home/airflow/.local/lib/python3.8/site-packages/airflow/example_dags/example_python_operator.py took 0.198 seconds
[2026-07-01T12:04:21.748+0000] {processor.py:161} INFO - Started process (PID=735) to work on /home/airflow/.local/lib/python3.8/site-packages/airflow/example_dags/example_python_operator.py
[2026-07-01T12:04:21.752+0000] {processor.py:830} INFO - Processing file /home/airflow/.local/lib/python3.8/site-packages/airflow/example_dags/example_python_operator.py for tasks to queue
[2026-07-01T12:04:21.759+0000] {logging_mixin.py:188} INFO - [2026-07-01T12:04:21.758+0000] {dagbag.py:538} INFO - Filling up the DagBag from /home/airflow/.local/lib/python3.8/site-packages/airflow/example_dags/example_python_operator.py
[2026-07-01T12:04:21.788+0000] {processor.py:840} INFO - DAG(s) 'example_python_operator' retrieved from /home/airflow/.local/lib/python3.8/site-packages/airflow/example_dags/example_python_operator.py
[2026-07-01T12:04:21.844+0000] {logging_mixin.py:188} INFO - [2026-07-01T12:04:21.844+0000] {dag.py:3036} INFO - Sync 1 DAGs
[2026-07-01T12:04:21.876+0000] {logging_mixin.py:188} INFO - [2026-07-01T12:04:21.876+0000] {dag.py:3823} INFO - Setting next_dagrun for example_python_operator to None, run_after=None
[2026-07-01T12:04:21.921+0000] {processor.py:183} INFO - Processing /home/airflow/.local/lib/python3.8/site-packages/airflow/example_dags/example_python_operator.py took 0.183 seconds
[2026-07-01T12:04:52.471+0000] {processor.py:161} INFO - Started process (PID=790) to work on /home/airflow/.local/lib/python3.8/site-packages/airflow/example_dags/example_python_operator.py
[2026-07-01T12:04:52.475+0000] {processor.py:830} INFO - Processing file /home/airflow/.local/lib/python3.8/site-packages/airflow/example_dags/example_python_operator.py for tasks to queue
[2026-07-01T12:04:52.481+0000] {logging_mixin.py:188} INFO - [2026-07-01T12:04:52.480+0000] {dagbag.py:538} INFO - Filling up the DagBag from /home/airflow/.local/lib/python3.8/site-packages/airflow/example_dags/example_python_operator.py
[2026-07-01T12:04:52.510+0000] {processor.py:840} INFO - DAG(s) 'example_python_operator' retrieved from /home/airflow/.local/lib/python3.8/site-packages/airflow/example_dags/example_python_operator.py
[2026-07-01T12:04:52.567+0000] {logging_mixin.py:188} INFO - [2026-07-01T12:04:52.566+0000] {dag.py:3036} INFO - Sync 1 DAGs
[2026-07-01T12:04:52.600+0000] {logging_mixin.py:188} INFO - [2026-07-01T12:04:52.599+0000] {dag.py:3823} INFO - Setting next_dagrun for example_python_operator to None, run_after=None
[2026-07-01T12:04:52.648+0000] {processor.py:183} INFO - Processing /home/airflow/.local/lib/python3.8/site-packages/airflow/example_dags/example_python_operator.py took 0.188 seconds
[2026-07-01T12:05:22.734+0000] {processor.py:161} INFO - Started process (PID=845) to work on /home/airflow/.local/lib/python3.8/site-packages/airflow/example_dags/example_python_operator.py
[2026-07-01T12:05:22.739+0000] {processor.py:830} INFO - Processing file /home/airflow/.local/lib/python3.8/site-packages/airflow/example_dags/example_python_operator.py for tasks to queue
[2026-07-01T12:05:22.745+0000] {logging_mixin.py:188} INFO - [2026-07-01T12:05:22.744+0000] {dagbag.py:538} INFO - Filling up the DagBag from /home/airflow/.local/lib/python3.8/site-packages/airflow/example_dags/example_python_operator.py
[2026-07-01T12:05:22.775+0000] {processor.py:840} INFO - DAG(s) 'example_python_operator' retrieved from /home/airflow/.local/lib/python3.8/site-packages/airflow/example_dags/example_python_operator.py
[2026-07-01T12:05:22.838+0000] {logging_mixin.py:188} INFO - [2026-07-01T12:05:22.837+0000] {dag.py:3036} INFO - Sync 1 DAGs
[2026-07-01T12:05:22.877+0000] {logging_mixin.py:188} INFO - [2026-07-01T12:05:22.876+0000] {dag.py:3823} INFO - Setting next_dagrun for example_python_operator to None, run_after=None
[2026-07-01T12:05:22.941+0000] {processor.py:183} INFO - Processing /home/airflow/.local/lib/python3.8/site-packages/airflow/example_dags/example_python_operator.py took 0.214 seconds
[2026-07-01T12:05:53.028+0000] {processor.py:161} INFO - Started process (PID=900) to work on /home/airflow/.local/lib/python3.8/site-packages/airflow/example_dags/example_python_operator.py
[2026-07-01T12:05:53.032+0000] {processor.py:830} INFO - Processing file /home/airflow/.local/lib/python3.8/site-packages/airflow/example_dags/example_python_operator.py for tasks to queue
[2026-07-01T12:05:53.039+0000] {logging_mixin.py:188} INFO - [2026-07-01T12:05:53.039+0000] {dagbag.py:538} INFO - Filling up the DagBag from /home/airflow/.local/lib/python3.8/site-packages/airflow/example_dags/example_python_operator.py
[2026-07-01T12:05:53.072+0000] {processor.py:840} INFO - DAG(s) 'example_python_operator' retrieved from /home/airflow/.local/lib/python3.8/site-packages/airflow/example_dags/example_python_operator.py
[2026-07-01T12:05:53.130+0000] {logging_mixin.py:188} INFO - [2026-07-01T12:05:53.129+0000] {dag.py:3036} INFO - Sync 1 DAGs
[2026-07-01T12:05:53.165+0000] {logging_mixin.py:188} INFO - [2026-07-01T12:05:53.164+0000] {dag.py:3823} INFO - Setting next_dagrun for example_python_operator to None, run_after=None
[2026-07-01T12:05:53.223+0000] {processor.py:183} INFO - Processing /home/airflow/.local/lib/python3.8/site-packages/airflow/example_dags/example_python_operator.py took 0.204 seconds
[2026-07-01T12:06:23.293+0000] {processor.py:161} INFO - Started process (PID=955) to work on /home/airflow/.local/lib/python3.8/site-packages/airflow/example_dags/example_python_operator.py
[2026-07-01T12:06:23.297+0000] {processor.py:830} INFO - Processing file /home/airflow/.local/lib/python3.8/site-packages/airflow/example_dags/example_python_operator.py for tasks to queue
[2026-07-01T12:06:23.305+0000] {logging_mixin.py:188} INFO - [2026-07-01T12:06:23.304+0000] {dagbag.py:538} INFO - Filling up the DagBag from /home/airflow/.local/lib/python3.8/site-packages/airflow/example_dags/example_python_operator.py
[2026-07-01T12:06:23.343+0000] {processor.py:840} INFO - DAG(s) 'example_python_operator' retrieved from /home/airflow/.local/lib/python3.8/site-packages/airflow/example_dags/example_python_operator.py
[2026-07-01T12:06:23.424+0000] {logging_mixin.py:188} INFO - [2026-07-01T12:06:23.423+0000] {dag.py:3036} INFO - Sync 1 DAGs
[2026-07-01T12:06:23.461+0000] {logging_mixin.py:188} INFO - [2026-07-01T12:06:23.461+0000] {dag.py:3823} INFO - Setting next_dagrun for example_python_operator to None, run_after=None
[2026-07-01T12:06:23.526+0000] {processor.py:183} INFO - Processing /home/airflow/.local/lib/python3.8/site-packages/airflow/example_dags/example_python_operator.py took 0.245 seconds
[2026-07-01T12:06:53.623+0000] {processor.py:161} INFO - Started process (PID=1008) to work on /home/airflow/.local/lib/python3.8/site-packages/airflow/example_dags/example_python_operator.py
[2026-07-01T12:06:53.627+0000] {processor.py:830} INFO - Processing file /home/airflow/.local/lib/python3.8/site-packages/airflow/example_dags/example_python_operator.py for tasks to queue
[2026-07-01T12:06:53.634+0000] {logging_mixin.py:188} INFO - [2026-07-01T12:06:53.633+0000] {dagbag.py:538} INFO - Filling up the DagBag from /home/airflow/.local/lib/python3.8/site-packages/airflow/example_dags/example_python_operator.py
[2026-07-01T12:06:53.667+0000] {processor.py:840} INFO - DAG(s) 'example_python_operator' retrieved from /home/airflow/.local/lib/python3.8/site-packages/airflow/example_dags/example_python_operator.py
[2026-07-01T12:06:53.725+0000] {logging_mixin.py:188} INFO - [2026-07-01T12:06:53.725+0000] {dag.py:3036} INFO - Sync 1 DAGs
[2026-07-01T12:06:53.766+0000] {logging_mixin.py:188} INFO - [2026-07-01T12:06:53.765+0000] {dag.py:3823} INFO - Setting next_dagrun for example_python_operator to None, run_after=None
[2026-07-01T12:06:53.836+0000] {processor.py:183} INFO - Processing /home/airflow/.local/lib/python3.8/site-packages/airflow/example_dags/example_python_operator.py took 0.225 seconds
[2026-07-01T12:07:23.907+0000] {processor.py:161} INFO - Started process (PID=1063) to work on /home/airflow/.local/lib/python3.8/site-packages/airflow/example_dags/example_python_operator.py
[2026-07-01T12:07:23.910+0000] {processor.py:830} INFO - Processing file /home/airflow/.local/lib/python3.8/site-packages/airflow/example_dags/example_python_operator.py for tasks to queue
[2026-07-01T12:07:23.916+0000] {logging_mixin.py:188} INFO - [2026-07-01T12:07:23.915+0000] {dagbag.py:538} INFO - Filling up the DagBag from /home/airflow/.local/lib/python3.8/site-packages/airflow/example_dags/example_python_operator.py
[2026-07-01T12:07:23.945+0000] {processor.py:840} INFO - DAG(s) 'example_python_operator' retrieved from /home/airflow/.local/lib/python3.8/site-packages/airflow/example_dags/example_python_operator.py
[2026-07-01T12:07:23.995+0000] {logging_mixin.py:188} INFO - [2026-07-01T12:07:23.994+0000] {dag.py:3036} INFO - Sync 1 DAGs
[2026-07-01T12:07:24.029+0000] {logging_mixin.py:188} INFO - [2026-07-01T12:07:24.029+0000] {dag.py:3823} INFO - Setting next_dagrun for example_python_operator to None, run_after=None
[2026-07-01T12:07:24.077+0000] {processor.py:183} INFO - Processing /home/airflow/.local/lib/python3.8/site-packages/airflow/example_dags/example_python_operator.py took 0.180 seconds
[2026-07-01T12:07:54.552+0000] {processor.py:161} INFO - Started process (PID=1119) to work on /home/airflow/.local/lib/python3.8/site-packages/airflow/example_dags/example_python_operator.py
[2026-07-01T12:07:54.561+0000] {processor.py:830} INFO - Processing file /home/airflow/.local/lib/python3.8/site-packages/airflow/example_dags/example_python_operator.py for tasks to queue
[2026-07-01T12:07:54.572+0000] {logging_mixin.py:188} INFO - [2026-07-01T12:07:54.571+0000] {dagbag.py:538} INFO - Filling up the DagBag from /home/airflow/.local/lib/python3.8/site-packages/airflow/example_dags/example_python_operator.py
[2026-07-01T12:07:54.635+0000] {processor.py:840} INFO - DAG(s) 'example_python_operator' retrieved from /home/airflow/.local/lib/python3.8/site-packages/airflow/example_dags/example_python_operator.py
[2026-07-01T12:07:54.721+0000] {logging_mixin.py:188} INFO - [2026-07-01T12:07:54.720+0000] {dag.py:3036} INFO - Sync 1 DAGs
[2026-07-01T12:07:54.761+0000] {logging_mixin.py:188} INFO - [2026-07-01T12:07:54.760+0000] {dag.py:3823} INFO - Setting next_dagrun for example_python_operator to None, run_after=None
[2026-07-01T12:07:54.811+0000] {processor.py:183} INFO - Processing /home/airflow/.local/lib/python3.8/site-packages/airflow/example_dags/example_python_operator.py took 0.280 seconds
[2026-07-01T12:08:25.266+0000] {processor.py:161} INFO - Started process (PID=1174) to work on /home/airflow/.local/lib/python3.8/site-packages/airflow/example_dags/example_python_operator.py
[2026-07-01T12:08:25.269+0000] {processor.py:830} INFO - Processing file /home/airflow/.local/lib/python3.8/site-packages/airflow/example_dags/example_python_operator.py for tasks to queue
[2026-07-01T12:08:25.275+0000] {logging_mixin.py:188} INFO - [2026-07-01T12:08:25.274+0000] {dagbag.py:538} INFO - Filling up the DagBag from /home/airflow/.local/lib/python3.8/site-packages/airflow/example_dags/example_python_operator.py
[2026-07-01T12:08:25.302+0000] {processor.py:840} INFO - DAG(s) 'example_python_operator' retrieved from /home/airflow/.local/lib/python3.8/site-packages/airflow/example_dags/example_python_operator.py
[2026-07-01T12:08:25.356+0000] {logging_mixin.py:188} INFO - [2026-07-01T12:08:25.356+0000] {dag.py:3036} INFO - Sync 1 DAGs
[2026-07-01T12:08:25.387+0000] {logging_mixin.py:188} INFO - [2026-07-01T12:08:25.387+0000] {dag.py:3823} INFO - Setting next_dagrun for example_python_operator to None, run_after=None
[2026-07-01T12:08:25.442+0000] {processor.py:183} INFO - Processing /home/airflow/.local/lib/python3.8/site-packages/airflow/example_dags/example_python_operator.py took 0.185 seconds
[2026-07-01T12:09:05.991+0000] {processor.py:161} INFO - Started process (PID=114) to work on /home/airflow/.local/lib/python3.8/site-packages/airflow/example_dags/example_python_operator.py
[2026-07-01T12:09:05.994+0000] {processor.py:830} INFO - Processing file /home/airflow/.local/lib/python3.8/site-packages/airflow/example_dags/example_python_operator.py for tasks to queue
[2026-07-01T12:09:06.000+0000] {logging_mixin.py:188} INFO - [2026-07-01T12:09:05.999+0000] {dagbag.py:538} INFO - Filling up the DagBag from /home/airflow/.local/lib/python3.8/site-packages/airflow/example_dags/example_python_operator.py
[2026-07-01T12:09:06.034+0000] {processor.py:840} INFO - DAG(s) 'example_python_operator' retrieved from /home/airflow/.local/lib/python3.8/site-packages/airflow/example_dags/example_python_operator.py
[2026-07-01T12:09:06.287+0000] {logging_mixin.py:188} INFO - [2026-07-01T12:09:06.287+0000] {dag.py:3036} INFO - Sync 1 DAGs
[2026-07-01T12:09:06.316+0000] {logging_mixin.py:188} INFO - [2026-07-01T12:09:06.315+0000] {dag.py:3823} INFO - Setting next_dagrun for example_python_operator to None, run_after=None
[2026-07-01T12:09:06.364+0000] {processor.py:183} INFO - Processing /home/airflow/.local/lib/python3.8/site-packages/airflow/example_dags/example_python_operator.py took 0.382 seconds
[2026-07-01T12:09:37.284+0000] {processor.py:161} INFO - Started process (PID=170) to work on /home/airflow/.local/lib/python3.8/site-packages/airflow/example_dags/example_python_operator.py
[2026-07-01T12:09:37.288+0000] {processor.py:830} INFO - Processing file /home/airflow/.local/lib/python3.8/site-packages/airflow/example_dags/example_python_operator.py for tasks to queue
[2026-07-01T12:09:37.297+0000] {logging_mixin.py:188} INFO - [2026-07-01T12:09:37.295+0000] {dagbag.py:538} INFO - Filling up the DagBag from /home/airflow/.local/lib/python3.8/site-packages/airflow/example_dags/example_python_operator.py
[2026-07-01T12:09:37.338+0000] {processor.py:840} INFO - DAG(s) 'example_python_operator' retrieved from /home/airflow/.local/lib/python3.8/site-packages/airflow/example_dags/example_python_operator.py
[2026-07-01T12:09:37.410+0000] {logging_mixin.py:188} INFO - [2026-07-01T12:09:37.409+0000] {dag.py:3036} INFO - Sync 1 DAGs
[2026-07-01T12:09:37.450+0000] {logging_mixin.py:188} INFO - [2026-07-01T12:09:37.449+0000] {dag.py:3823} INFO - Setting next_dagrun for example_python_operator to None, run_after=None
[2026-07-01T12:09:37.517+0000] {processor.py:183} INFO - Processing /home/airflow/.local/lib/python3.8/site-packages/airflow/example_dags/example_python_operator.py took 0.245 seconds
[2026-07-01T12:10:07.658+0000] {processor.py:161} INFO - Started process (PID=227) to work on /home/airflow/.local/lib/python3.8/site-packages/airflow/example_dags/example_python_operator.py
[2026-07-01T12:10:07.663+0000] {processor.py:830} INFO - Processing file /home/airflow/.local/lib/python3.8/site-packages/airflow/example_dags/example_python_operator.py for tasks to queue
[2026-07-01T12:10:07.671+0000] {logging_mixin.py:188} INFO - [2026-07-01T12:10:07.670+0000] {dagbag.py:538} INFO - Filling up the DagBag from /home/airflow/.local/lib/python3.8/site-packages/airflow/example_dags/example_python_operator.py
[2026-07-01T12:10:07.707+0000] {processor.py:840} INFO - DAG(s) 'example_python_operator' retrieved from /home/airflow/.local/lib/python3.8/site-packages/airflow/example_dags/example_python_operator.py
[2026-07-01T12:10:07.772+0000] {logging_mixin.py:188} INFO - [2026-07-01T12:10:07.772+0000] {dag.py:3036} INFO - Sync 1 DAGs
[2026-07-01T12:10:07.811+0000] {logging_mixin.py:188} INFO - [2026-07-01T12:10:07.811+0000] {dag.py:3823} INFO - Setting next_dagrun for example_python_operator to None, run_after=None
[2026-07-01T12:10:07.864+0000] {processor.py:183} INFO - Processing /home/airflow/.local/lib/python3.8/site-packages/airflow/example_dags/example_python_operator.py took 0.218 seconds
[2026-07-01T12:10:38.516+0000] {processor.py:161} INFO - Started process (PID=283) to work on /home/airflow/.local/lib/python3.8/site-packages/airflow/example_dags/example_python_operator.py
[2026-07-01T12:10:38.520+0000] {processor.py:830} INFO - Processing file /home/airflow/.local/lib/python3.8/site-packages/airflow/example_dags/example_python_operator.py for tasks to queue
[2026-07-01T12:10:38.527+0000] {logging_mixin.py:188} INFO - [2026-07-01T12:10:38.526+0000] {dagbag.py:538} INFO - Filling up the DagBag from /home/airflow/.local/lib/python3.8/site-packages/airflow/example_dags/example_python_operator.py
[2026-07-01T12:10:38.555+0000] {processor.py:840} INFO - DAG(s) 'example_python_operator' retrieved from /home/airflow/.local/lib/python3.8/site-packages/airflow/example_dags/example_python_operator.py
[2026-07-01T12:10:38.621+0000] {logging_mixin.py:188} INFO - [2026-07-01T12:10:38.620+0000] {dag.py:3036} INFO - Sync 1 DAGs
[2026-07-01T12:10:38.655+0000] {logging_mixin.py:188} INFO - [2026-07-01T12:10:38.654+0000] {dag.py:3823} INFO - Setting next_dagrun for example_python_operator to None, run_after=None
[2026-07-01T12:10:38.706+0000] {processor.py:183} INFO - Processing /home/airflow/.local/lib/python3.8/site-packages/airflow/example_dags/example_python_operator.py took 0.199 seconds
[2026-07-01T12:11:08.811+0000] {processor.py:161} INFO - Started process (PID=344) to work on /home/airflow/.local/lib/python3.8/site-packages/airflow/example_dags/example_python_operator.py
[2026-07-01T12:11:08.814+0000] {processor.py:830} INFO - Processing file /home/airflow/.local/lib/python3.8/site-packages/airflow/example_dags/example_python_operator.py for tasks to queue
[2026-07-01T12:11:08.820+0000] {logging_mixin.py:188} INFO - [2026-07-01T12:11:08.819+0000] {dagbag.py:538} INFO - Filling up the DagBag from /home/airflow/.local/lib/python3.8/site-packages/airflow/example_dags/example_python_operator.py
[2026-07-01T12:11:08.852+0000] {processor.py:840} INFO - DAG(s) 'example_python_operator' retrieved from /home/airflow/.local/lib/python3.8/site-packages/airflow/example_dags/example_python_operator.py
[2026-07-01T12:11:08.917+0000] {logging_mixin.py:188} INFO - [2026-07-01T12:11:08.916+0000] {dag.py:3036} INFO - Sync 1 DAGs
[2026-07-01T12:11:08.952+0000] {logging_mixin.py:188} INFO - [2026-07-01T12:11:08.952+0000] {dag.py:3823} INFO - Setting next_dagrun for example_python_operator to None, run_after=None
[2026-07-01T12:11:09.001+0000] {processor.py:183} INFO - Processing /home/airflow/.local/lib/python3.8/site-packages/airflow/example_dags/example_python_operator.py took 0.198 seconds
[2026-07-01T12:11:39.949+0000] {processor.py:161} INFO - Started process (PID=400) to work on /home/airflow/.local/lib/python3.8/site-packages/airflow/example_dags/example_python_operator.py
[2026-07-01T12:11:39.954+0000] {processor.py:830} INFO - Processing file /home/airflow/.local/lib/python3.8/site-packages/airflow/example_dags/example_python_operator.py for tasks to queue
[2026-07-01T12:11:39.960+0000] {logging_mixin.py:188} INFO - [2026-07-01T12:11:39.959+0000] {dagbag.py:538} INFO - Filling up the DagBag from /home/airflow/.local/lib/python3.8/site-packages/airflow/example_dags/example_python_operator.py
[2026-07-01T12:11:39.993+0000] {processor.py:840} INFO - DAG(s) 'example_python_operator' retrieved from /home/airflow/.local/lib/python3.8/site-packages/airflow/example_dags/example_python_operator.py
[2026-07-01T12:11:40.059+0000] {logging_mixin.py:188} INFO - [2026-07-01T12:11:40.058+0000] {dag.py:3036} INFO - Sync 1 DAGs
[2026-07-01T12:11:40.092+0000] {logging_mixin.py:188} INFO - [2026-07-01T12:11:40.091+0000] {dag.py:3823} INFO - Setting next_dagrun for example_python_operator to None, run_after=None
[2026-07-01T12:11:40.141+0000] {processor.py:183} INFO - Processing /home/airflow/.local/lib/python3.8/site-packages/airflow/example_dags/example_python_operator.py took 0.204 seconds
[2026-07-01T12:12:10.333+0000] {processor.py:161} INFO - Started process (PID=456) to work on /home/airflow/.local/lib/python3.8/site-packages/airflow/example_dags/example_python_operator.py
[2026-07-01T12:12:10.336+0000] {processor.py:830} INFO - Processing file /home/airflow/.local/lib/python3.8/site-packages/airflow/example_dags/example_python_operator.py for tasks to queue
[2026-07-01T12:12:10.340+0000] {logging_mixin.py:188} INFO - [2026-07-01T12:12:10.340+0000] {dagbag.py:538} INFO - Filling up the DagBag from /home/airflow/.local/lib/python3.8/site-packages/airflow/example_dags/example_python_operator.py
[2026-07-01T12:12:10.364+0000] {processor.py:840} INFO - DAG(s) 'example_python_operator' retrieved from /home/airflow/.local/lib/python3.8/site-packages/airflow/example_dags/example_python_operator.py
[2026-07-01T12:12:10.419+0000] {logging_mixin.py:188} INFO - [2026-07-01T12:12:10.418+0000] {dag.py:3036} INFO - Sync 1 DAGs
[2026-07-01T12:12:10.448+0000] {logging_mixin.py:188} INFO - [2026-07-01T12:12:10.447+0000] {dag.py:3823} INFO - Setting next_dagrun for example_python_operator to None, run_after=None
[2026-07-01T12:12:10.492+0000] {processor.py:183} INFO - Processing /home/airflow/.local/lib/python3.8/site-packages/airflow/example_dags/example_python_operator.py took 0.168 seconds
[2026-07-01T12:12:41.066+0000] {processor.py:161} INFO - Started process (PID=512) to work on /home/airflow/.local/lib/python3.8/site-packages/airflow/example_dags/example_python_operator.py
[2026-07-01T12:12:41.069+0000] {processor.py:830} INFO - Processing file /home/airflow/.local/lib/python3.8/site-packages/airflow/example_dags/example_python_operator.py for tasks to queue
[2026-07-01T12:12:41.073+0000] {logging_mixin.py:188} INFO - [2026-07-01T12:12:41.073+0000] {dagbag.py:538} INFO - Filling up the DagBag from /home/airflow/.local/lib/python3.8/site-packages/airflow/example_dags/example_python_operator.py
[2026-07-01T12:12:41.097+0000] {processor.py:840} INFO - DAG(s) 'example_python_operator' retrieved from /home/airflow/.local/lib/python3.8/site-packages/airflow/example_dags/example_python_operator.py
[2026-07-01T12:12:41.145+0000] {logging_mixin.py:188} INFO - [2026-07-01T12:12:41.145+0000] {dag.py:3036} INFO - Sync 1 DAGs
[2026-07-01T12:12:41.172+0000] {logging_mixin.py:188} INFO - [2026-07-01T12:12:41.171+0000] {dag.py:3823} INFO - Setting next_dagrun for example_python_operator to None, run_after=None
[2026-07-01T12:12:41.209+0000] {processor.py:183} INFO - Processing /home/airflow/.local/lib/python3.8/site-packages/airflow/example_dags/example_python_operator.py took 0.152 seconds
[2026-07-01T12:13:12.538+0000] {processor.py:161} INFO - Started process (PID=568) to work on /home/airflow/.local/lib/python3.8/site-packages/airflow/example_dags/example_python_operator.py
[2026-07-01T12:13:12.541+0000] {processor.py:830} INFO - Processing file /home/airflow/.local/lib/python3.8/site-packages/airflow/example_dags/example_python_operator.py for tasks to queue
[2026-07-01T12:13:12.547+0000] {logging_mixin.py:188} INFO - [2026-07-01T12:13:12.546+0000] {dagbag.py:538} INFO - Filling up the DagBag from /home/airflow/.local/lib/python3.8/site-packages/airflow/example_dags/example_python_operator.py
[2026-07-01T12:13:12.572+0000] {processor.py:840} INFO - DAG(s) 'example_python_operator' retrieved from /home/airflow/.local/lib/python3.8/site-packages/airflow/example_dags/example_python_operator.py
[2026-07-01T12:13:12.625+0000] {logging_mixin.py:188} INFO - [2026-07-01T12:13:12.625+0000] {dag.py:3036} INFO - Sync 1 DAGs
[2026-07-01T12:13:12.655+0000] {logging_mixin.py:188} INFO - [2026-07-01T12:13:12.655+0000] {dag.py:3823} INFO - Setting next_dagrun for example_python_operator to None, run_after=None
[2026-07-01T12:13:12.701+0000] {processor.py:183} INFO - Processing /home/airflow/.local/lib/python3.8/site-packages/airflow/example_dags/example_python_operator.py took 0.171 seconds
[2026-07-01T12:13:43.339+0000] {processor.py:161} INFO - Started process (PID=624) to work on /home/airflow/.local/lib/python3.8/site-packages/airflow/example_dags/example_python_operator.py
[2026-07-01T12:13:43.343+0000] {processor.py:830} INFO - Processing file /home/airflow/.local/lib/python3.8/site-packages/airflow/example_dags/example_python_operator.py for tasks to queue
[2026-07-01T12:13:43.350+0000] {logging_mixin.py:188} INFO - [2026-07-01T12:13:43.349+0000] {dagbag.py:538} INFO - Filling up the DagBag from /home/airflow/.local/lib/python3.8/site-packages/airflow/example_dags/example_python_operator.py
[2026-07-01T12:13:43.388+0000] {processor.py:840} INFO - DAG(s) 'example_python_operator' retrieved from /home/airflow/.local/lib/python3.8/site-packages/airflow/example_dags/example_python_operator.py
[2026-07-01T12:13:43.454+0000] {logging_mixin.py:188} INFO - [2026-07-01T12:13:43.454+0000] {dag.py:3036} INFO - Sync 1 DAGs
[2026-07-01T12:13:43.492+0000] {logging_mixin.py:188} INFO - [2026-07-01T12:13:43.492+0000] {dag.py:3823} INFO - Setting next_dagrun for example_python_operator to None, run_after=None
[2026-07-01T12:13:43.543+0000] {processor.py:183} INFO - Processing /home/airflow/.local/lib/python3.8/site-packages/airflow/example_dags/example_python_operator.py took 0.216 seconds
[2026-07-01T12:14:13.977+0000] {processor.py:161} INFO - Started process (PID=680) to work on /home/airflow/.local/lib/python3.8/site-packages/airflow/example_dags/example_python_operator.py
[2026-07-01T12:14:13.980+0000] {processor.py:830} INFO - Processing file /home/airflow/.local/lib/python3.8/site-packages/airflow/example_dags/example_python_operator.py for tasks to queue
[2026-07-01T12:14:13.987+0000] {logging_mixin.py:188} INFO - [2026-07-01T12:14:13.986+0000] {dagbag.py:538} INFO - Filling up the DagBag from /home/airflow/.local/lib/python3.8/site-packages/airflow/example_dags/example_python_operator.py
[2026-07-01T12:14:14.018+0000] {processor.py:840} INFO - DAG(s) 'example_python_operator' retrieved from /home/airflow/.local/lib/python3.8/site-packages/airflow/example_dags/example_python_operator.py
[2026-07-01T12:14:14.081+0000] {logging_mixin.py:188} INFO - [2026-07-01T12:14:14.081+0000] {dag.py:3036} INFO - Sync 1 DAGs
[2026-07-01T12:14:14.118+0000] {logging_mixin.py:188} INFO - [2026-07-01T12:14:14.117+0000] {dag.py:3823} INFO - Setting next_dagrun for example_python_operator to None, run_after=None
[2026-07-01T12:14:14.191+0000] {processor.py:183} INFO - Processing /home/airflow/.local/lib/python3.8/site-packages/airflow/example_dags/example_python_operator.py took 0.224 seconds
[2026-07-01T12:14:45.212+0000] {processor.py:161} INFO - Started process (PID=736) to work on /home/airflow/.local/lib/python3.8/site-packages/airflow/example_dags/example_python_operator.py
[2026-07-01T12:14:45.215+0000] {processor.py:830} INFO - Processing file /home/airflow/.local/lib/python3.8/site-packages/airflow/example_dags/example_python_operator.py for tasks to queue
[2026-07-01T12:14:45.221+0000] {logging_mixin.py:188} INFO - [2026-07-01T12:14:45.220+0000] {dagbag.py:538} INFO - Filling up the DagBag from /home/airflow/.local/lib/python3.8/site-packages/airflow/example_dags/example_python_operator.py
[2026-07-01T12:14:45.248+0000] {processor.py:840} INFO - DAG(s) 'example_python_operator' retrieved from /home/airflow/.local/lib/python3.8/site-packages/airflow/example_dags/example_python_operator.py
[2026-07-01T12:14:45.304+0000] {logging_mixin.py:188} INFO - [2026-07-01T12:14:45.303+0000] {dag.py:3036} INFO - Sync 1 DAGs
[2026-07-01T12:14:45.333+0000] {logging_mixin.py:188} INFO - [2026-07-01T12:14:45.332+0000] {dag.py:3823} INFO - Setting next_dagrun for example_python_operator to None, run_after=None
[2026-07-01T12:14:45.398+0000] {processor.py:183} INFO - Processing /home/airflow/.local/lib/python3.8/site-packages/airflow/example_dags/example_python_operator.py took 0.195 seconds
[2026-07-01T12:15:15.773+0000] {processor.py:161} INFO - Started process (PID=793) to work on /home/airflow/.local/lib/python3.8/site-packages/airflow/example_dags/example_python_operator.py
[2026-07-01T12:15:15.776+0000] {processor.py:830} INFO - Processing file /home/airflow/.local/lib/python3.8/site-packages/airflow/example_dags/example_python_operator.py for tasks to queue
[2026-07-01T12:15:15.782+0000] {logging_mixin.py:188} INFO - [2026-07-01T12:15:15.781+0000] {dagbag.py:538} INFO - Filling up the DagBag from /home/airflow/.local/lib/python3.8/site-packages/airflow/example_dags/example_python_operator.py
[2026-07-01T12:15:15.809+0000] {processor.py:840} INFO - DAG(s) 'example_python_operator' retrieved from /home/airflow/.local/lib/python3.8/site-packages/airflow/example_dags/example_python_operator.py
[2026-07-01T12:15:15.861+0000] {logging_mixin.py:188} INFO - [2026-07-01T12:15:15.860+0000] {dag.py:3036} INFO - Sync 1 DAGs
[2026-07-01T12:15:15.893+0000] {logging_mixin.py:188} INFO - [2026-07-01T12:15:15.892+0000] {dag.py:3823} INFO - Setting next_dagrun for example_python_operator to None, run_after=None
[2026-07-01T12:15:15.938+0000] {processor.py:183} INFO - Processing /home/airflow/.local/lib/python3.8/site-packages/airflow/example_dags/example_python_operator.py took 0.173 seconds
[2026-07-01T12:15:46.622+0000] {processor.py:161} INFO - Started process (PID=849) to work on /home/airflow/.local/lib/python3.8/site-packages/airflow/example_dags/example_python_operator.py
[2026-07-01T12:15:46.626+0000] {processor.py:830} INFO - Processing file /home/airflow/.local/lib/python3.8/site-packages/airflow/example_dags/example_python_operator.py for tasks to queue
[2026-07-01T12:15:46.640+0000] {logging_mixin.py:188} INFO - [2026-07-01T12:15:46.639+0000] {dagbag.py:538} INFO - Filling up the DagBag from /home/airflow/.local/lib/python3.8/site-packages/airflow/example_dags/example_python_operator.py
[2026-07-01T12:15:46.681+0000] {processor.py:840} INFO - DAG(s) 'example_python_operator' retrieved from /home/airflow/.local/lib/python3.8/site-packages/airflow/example_dags/example_python_operator.py
[2026-07-01T12:15:46.740+0000] {logging_mixin.py:188} INFO - [2026-07-01T12:15:46.740+0000] {dag.py:3036} INFO - Sync 1 DAGs
[2026-07-01T12:15:46.771+0000] {logging_mixin.py:188} INFO - [2026-07-01T12:15:46.770+0000] {dag.py:3823} INFO - Setting next_dagrun for example_python_operator to None, run_after=None
[2026-07-01T12:15:46.827+0000] {processor.py:183} INFO - Processing /home/airflow/.local/lib/python3.8/site-packages/airflow/example_dags/example_python_operator.py took 0.226 seconds
[2026-07-01T12:16:17.566+0000] {processor.py:161} INFO - Started process (PID=905) to work on /home/airflow/.local/lib/python3.8/site-packages/airflow/example_dags/example_python_operator.py
[2026-07-01T12:16:17.569+0000] {processor.py:830} INFO - Processing file /home/airflow/.local/lib/python3.8/site-packages/airflow/example_dags/example_python_operator.py for tasks to queue
[2026-07-01T12:16:17.576+0000] {logging_mixin.py:188} INFO - [2026-07-01T12:16:17.575+0000] {dagbag.py:538} INFO - Filling up the DagBag from /home/airflow/.local/lib/python3.8/site-packages/airflow/example_dags/example_python_operator.py
[2026-07-01T12:16:17.606+0000] {processor.py:840} INFO - DAG(s) 'example_python_operator' retrieved from /home/airflow/.local/lib/python3.8/site-packages/airflow/example_dags/example_python_operator.py
[2026-07-01T12:16:17.656+0000] {logging_mixin.py:188} INFO - [2026-07-01T12:16:17.656+0000] {dag.py:3036} INFO - Sync 1 DAGs
[2026-07-01T12:16:17.684+0000] {logging_mixin.py:188} INFO - [2026-07-01T12:16:17.683+0000] {dag.py:3823} INFO - Setting next_dagrun for example_python_operator to None, run_after=None
[2026-07-01T12:16:17.722+0000] {processor.py:183} INFO - Processing /home/airflow/.local/lib/python3.8/site-packages/airflow/example_dags/example_python_operator.py took 0.165 seconds
[2026-07-01T12:16:47.978+0000] {processor.py:161} INFO - Started process (PID=961) to work on /home/airflow/.local/lib/python3.8/site-packages/airflow/example_dags/example_python_operator.py
[2026-07-01T12:16:47.981+0000] {processor.py:830} INFO - Processing file /home/airflow/.local/lib/python3.8/site-packages/airflow/example_dags/example_python_operator.py for tasks to queue
[2026-07-01T12:16:47.986+0000] {logging_mixin.py:188} INFO - [2026-07-01T12:16:47.986+0000] {dagbag.py:538} INFO - Filling up the DagBag from /home/airflow/.local/lib/python3.8/site-packages/airflow/example_dags/example_python_operator.py
[2026-07-01T12:16:48.011+0000] {processor.py:840} INFO - DAG(s) 'example_python_operator' retrieved from /home/airflow/.local/lib/python3.8/site-packages/airflow/example_dags/example_python_operator.py
[2026-07-01T12:16:48.065+0000] {logging_mixin.py:188} INFO - [2026-07-01T12:16:48.064+0000] {dag.py:3036} INFO - Sync 1 DAGs
[2026-07-01T12:16:48.099+0000] {logging_mixin.py:188} INFO - [2026-07-01T12:16:48.099+0000] {dag.py:3823} INFO - Setting next_dagrun for example_python_operator to None, run_after=None
[2026-07-01T12:16:48.150+0000] {processor.py:183} INFO - Processing /home/airflow/.local/lib/python3.8/site-packages/airflow/example_dags/example_python_operator.py took 0.179 seconds
[2026-07-01T12:17:18.836+0000] {processor.py:161} INFO - Started process (PID=1017) to work on /home/airflow/.local/lib/python3.8/site-packages/airflow/example_dags/example_python_operator.py
[2026-07-01T12:17:18.842+0000] {processor.py:830} INFO - Processing file /home/airflow/.local/lib/python3.8/site-packages/airflow/example_dags/example_python_operator.py for tasks to queue
[2026-07-01T12:17:18.852+0000] {logging_mixin.py:188} INFO - [2026-07-01T12:17:18.850+0000] {dagbag.py:538} INFO - Filling up the DagBag from /home/airflow/.local/lib/python3.8/site-packages/airflow/example_dags/example_python_operator.py
[2026-07-01T12:17:18.907+0000] {processor.py:840} INFO - DAG(s) 'example_python_operator' retrieved from /home/airflow/.local/lib/python3.8/site-packages/airflow/example_dags/example_python_operator.py
[2026-07-01T12:17:18.995+0000] {logging_mixin.py:188} INFO - [2026-07-01T12:17:18.995+0000] {dag.py:3036} INFO - Sync 1 DAGs
[2026-07-01T12:17:19.108+0000] {logging_mixin.py:188} INFO - [2026-07-01T12:17:19.107+0000] {dag.py:3823} INFO - Setting next_dagrun for example_python_operator to None, run_after=None
[2026-07-01T12:17:19.186+0000] {processor.py:183} INFO - Processing /home/airflow/.local/lib/python3.8/site-packages/airflow/example_dags/example_python_operator.py took 0.372 seconds
[2026-07-01T12:17:50.520+0000] {processor.py:161} INFO - Started process (PID=1073) to work on /home/airflow/.local/lib/python3.8/site-packages/airflow/example_dags/example_python_operator.py
[2026-07-01T12:17:50.523+0000] {processor.py:830} INFO - Processing file /home/airflow/.local/lib/python3.8/site-packages/airflow/example_dags/example_python_operator.py for tasks to queue
[2026-07-01T12:17:50.529+0000] {logging_mixin.py:188} INFO - [2026-07-01T12:17:50.529+0000] {dagbag.py:538} INFO - Filling up the DagBag from /home/airflow/.local/lib/python3.8/site-packages/airflow/example_dags/example_python_operator.py
[2026-07-01T12:17:50.563+0000] {processor.py:840} INFO - DAG(s) 'example_python_operator' retrieved from /home/airflow/.local/lib/python3.8/site-packages/airflow/example_dags/example_python_operator.py
[2026-07-01T12:17:50.639+0000] {logging_mixin.py:188} INFO - [2026-07-01T12:17:50.638+0000] {dag.py:3036} INFO - Sync 1 DAGs
[2026-07-01T12:17:50.671+0000] {logging_mixin.py:188} INFO - [2026-07-01T12:17:50.671+0000] {dag.py:3823} INFO - Setting next_dagrun for example_python_operator to None, run_after=None
[2026-07-01T12:17:50.714+0000] {processor.py:183} INFO - Processing /home/airflow/.local/lib/python3.8/site-packages/airflow/example_dags/example_python_operator.py took 0.206 seconds
[2026-07-01T12:18:23.594+0000] {processor.py:161} INFO - Started process (PID=1129) to work on /home/airflow/.local/lib/python3.8/site-packages/airflow/example_dags/example_python_operator.py
[2026-07-01T12:18:23.597+0000] {processor.py:830} INFO - Processing file /home/airflow/.local/lib/python3.8/site-packages/airflow/example_dags/example_python_operator.py for tasks to queue
[2026-07-01T12:18:23.604+0000] {logging_mixin.py:188} INFO - [2026-07-01T12:18:23.603+0000] {dagbag.py:538} INFO - Filling up the DagBag from /home/airflow/.local/lib/python3.8/site-packages/airflow/example_dags/example_python_operator.py
[2026-07-01T12:18:23.641+0000] {processor.py:840} INFO - DAG(s) 'example_python_operator' retrieved from /home/airflow/.local/lib/python3.8/site-packages/airflow/example_dags/example_python_operator.py
[2026-07-01T12:18:23.698+0000] {logging_mixin.py:188} INFO - [2026-07-01T12:18:23.697+0000] {dag.py:3036} INFO - Sync 1 DAGs
[2026-07-01T12:18:23.735+0000] {logging_mixin.py:188} INFO - [2026-07-01T12:18:23.734+0000] {dag.py:3823} INFO - Setting next_dagrun for example_python_operator to None, run_after=None
[2026-07-01T12:18:23.787+0000] {processor.py:183} INFO - Processing /home/airflow/.local/lib/python3.8/site-packages/airflow/example_dags/example_python_operator.py took 0.202 seconds
[2026-07-01T12:18:54.793+0000] {processor.py:161} INFO - Started process (PID=1185) to work on /home/airflow/.local/lib/python3.8/site-packages/airflow/example_dags/example_python_operator.py
[2026-07-01T12:18:54.796+0000] {processor.py:830} INFO - Processing file /home/airflow/.local/lib/python3.8/site-packages/airflow/example_dags/example_python_operator.py for tasks to queue
[2026-07-01T12:18:54.801+0000] {logging_mixin.py:188} INFO - [2026-07-01T12:18:54.800+0000] {dagbag.py:538} INFO - Filling up the DagBag from /home/airflow/.local/lib/python3.8/site-packages/airflow/example_dags/example_python_operator.py
[2026-07-01T12:18:54.826+0000] {processor.py:840} INFO - DAG(s) 'example_python_operator' retrieved from /home/airflow/.local/lib/python3.8/site-packages/airflow/example_dags/example_python_operator.py
[2026-07-01T12:18:54.883+0000] {logging_mixin.py:188} INFO - [2026-07-01T12:18:54.882+0000] {dag.py:3036} INFO - Sync 1 DAGs
[2026-07-01T12:18:54.913+0000] {logging_mixin.py:188} INFO - [2026-07-01T12:18:54.913+0000] {dag.py:3823} INFO - Setting next_dagrun for example_python_operator to None, run_after=None
[2026-07-01T12:18:54.956+0000] {processor.py:183} INFO - Processing /home/airflow/.local/lib/python3.8/site-packages/airflow/example_dags/example_python_operator.py took 0.171 seconds
[2026-07-01T12:19:25.451+0000] {processor.py:161} INFO - Started process (PID=1241) to work on /home/airflow/.local/lib/python3.8/site-packages/airflow/example_dags/example_python_operator.py
[2026-07-01T12:19:25.454+0000] {processor.py:830} INFO - Processing file /home/airflow/.local/lib/python3.8/site-packages/airflow/example_dags/example_python_operator.py for tasks to queue
[2026-07-01T12:19:25.462+0000] {logging_mixin.py:188} INFO - [2026-07-01T12:19:25.462+0000] {dagbag.py:538} INFO - Filling up the DagBag from /home/airflow/.local/lib/python3.8/site-packages/airflow/example_dags/example_python_operator.py
[2026-07-01T12:19:25.498+0000] {processor.py:840} INFO - DAG(s) 'example_python_operator' retrieved from /home/airflow/.local/lib/python3.8/site-packages/airflow/example_dags/example_python_operator.py
[2026-07-01T12:19:25.567+0000] {logging_mixin.py:188} INFO - [2026-07-01T12:19:25.566+0000] {dag.py:3036} INFO - Sync 1 DAGs
[2026-07-01T12:19:25.606+0000] {logging_mixin.py:188} INFO - [2026-07-01T12:19:25.606+0000] {dag.py:3823} INFO - Setting next_dagrun for example_python_operator to None, run_after=None
[2026-07-01T12:19:25.663+0000] {processor.py:183} INFO - Processing /home/airflow/.local/lib/python3.8/site-packages/airflow/example_dags/example_python_operator.py took 0.220 seconds
[2026-07-01T12:19:58.015+0000] {processor.py:161} INFO - Started process (PID=1297) to work on /home/airflow/.local/lib/python3.8/site-packages/airflow/example_dags/example_python_operator.py
[2026-07-01T12:19:58.020+0000] {processor.py:830} INFO - Processing file /home/airflow/.local/lib/python3.8/site-packages/airflow/example_dags/example_python_operator.py for tasks to queue
[2026-07-01T12:19:58.031+0000] {logging_mixin.py:188} INFO - [2026-07-01T12:19:58.029+0000] {dagbag.py:538} INFO - Filling up the DagBag from /home/airflow/.local/lib/python3.8/site-packages/airflow/example_dags/example_python_operator.py
[2026-07-01T12:19:58.092+0000] {processor.py:840} INFO - DAG(s) 'example_python_operator' retrieved from /home/airflow/.local/lib/python3.8/site-packages/airflow/example_dags/example_python_operator.py
[2026-07-01T12:19:58.562+0000] {logging_mixin.py:188} INFO - [2026-07-01T12:19:58.562+0000] {dag.py:3036} INFO - Sync 1 DAGs
[2026-07-01T12:19:58.609+0000] {logging_mixin.py:188} INFO - [2026-07-01T12:19:58.608+0000] {dag.py:3823} INFO - Setting next_dagrun for example_python_operator to None, run_after=None
[2026-07-01T12:19:58.698+0000] {processor.py:183} INFO - Processing /home/airflow/.local/lib/python3.8/site-packages/airflow/example_dags/example_python_operator.py took 0.701 seconds
[2026-07-01T12:20:33.790+0000] {processor.py:161} INFO - Started process (PID=1352) to work on /home/airflow/.local/lib/python3.8/site-packages/airflow/example_dags/example_python_operator.py
[2026-07-01T12:20:33.795+0000] {processor.py:830} INFO - Processing file /home/airflow/.local/lib/python3.8/site-packages/airflow/example_dags/example_python_operator.py for tasks to queue
[2026-07-01T12:20:33.804+0000] {logging_mixin.py:188} INFO - [2026-07-01T12:20:33.803+0000] {dagbag.py:538} INFO - Filling up the DagBag from /home/airflow/.local/lib/python3.8/site-packages/airflow/example_dags/example_python_operator.py
[2026-07-01T12:20:33.862+0000] {processor.py:840} INFO - DAG(s) 'example_python_operator' retrieved from /home/airflow/.local/lib/python3.8/site-packages/airflow/example_dags/example_python_operator.py
[2026-07-01T12:20:33.965+0000] {logging_mixin.py:188} INFO - [2026-07-01T12:20:33.964+0000] {dag.py:3036} INFO - Sync 1 DAGs
[2026-07-01T12:20:34.096+0000] {logging_mixin.py:188} INFO - [2026-07-01T12:20:34.095+0000] {dag.py:3823} INFO - Setting next_dagrun for example_python_operator to None, run_after=None
[2026-07-01T12:20:34.237+0000] {processor.py:183} INFO - Processing /home/airflow/.local/lib/python3.8/site-packages/airflow/example_dags/example_python_operator.py took 0.462 seconds
[2026-07-01T12:21:04.473+0000] {processor.py:161} INFO - Started process (PID=1407) to work on /home/airflow/.local/lib/python3.8/site-packages/airflow/example_dags/example_python_operator.py
[2026-07-01T12:21:04.479+0000] {processor.py:830} INFO - Processing file /home/airflow/.local/lib/python3.8/site-packages/airflow/example_dags/example_python_operator.py for tasks to queue
[2026-07-01T12:21:04.492+0000] {logging_mixin.py:188} INFO - [2026-07-01T12:21:04.491+0000] {dagbag.py:538} INFO - Filling up the DagBag from /home/airflow/.local/lib/python3.8/site-packages/airflow/example_dags/example_python_operator.py
[2026-07-01T12:21:04.546+0000] {processor.py:840} INFO - DAG(s) 'example_python_operator' retrieved from /home/airflow/.local/lib/python3.8/site-packages/airflow/example_dags/example_python_operator.py
[2026-07-01T12:21:04.644+0000] {logging_mixin.py:188} INFO - [2026-07-01T12:21:04.644+0000] {dag.py:3036} INFO - Sync 1 DAGs
[2026-07-01T12:21:04.705+0000] {logging_mixin.py:188} INFO - [2026-07-01T12:21:04.704+0000] {dag.py:3823} INFO - Setting next_dagrun for example_python_operator to None, run_after=None
[2026-07-01T12:21:04.772+0000] {processor.py:183} INFO - Processing /home/airflow/.local/lib/python3.8/site-packages/airflow/example_dags/example_python_operator.py took 0.322 seconds
[2026-07-01T12:21:34.948+0000] {processor.py:161} INFO - Started process (PID=1463) to work on /home/airflow/.local/lib/python3.8/site-packages/airflow/example_dags/example_python_operator.py
[2026-07-01T12:21:34.952+0000] {processor.py:830} INFO - Processing file /home/airflow/.local/lib/python3.8/site-packages/airflow/example_dags/example_python_operator.py for tasks to queue
[2026-07-01T12:21:34.958+0000] {logging_mixin.py:188} INFO - [2026-07-01T12:21:34.958+0000] {dagbag.py:538} INFO - Filling up the DagBag from /home/airflow/.local/lib/python3.8/site-packages/airflow/example_dags/example_python_operator.py
[2026-07-01T12:21:34.990+0000] {processor.py:840} INFO - DAG(s) 'example_python_operator' retrieved from /home/airflow/.local/lib/python3.8/site-packages/airflow/example_dags/example_python_operator.py
[2026-07-01T12:21:35.044+0000] {logging_mixin.py:188} INFO - [2026-07-01T12:21:35.044+0000] {dag.py:3036} INFO - Sync 1 DAGs
[2026-07-01T12:21:35.076+0000] {logging_mixin.py:188} INFO - [2026-07-01T12:21:35.075+0000] {dag.py:3823} INFO - Setting next_dagrun for example_python_operator to None, run_after=None
[2026-07-01T12:21:35.127+0000] {processor.py:183} INFO - Processing /home/airflow/.local/lib/python3.8/site-packages/airflow/example_dags/example_python_operator.py took 0.192 seconds
[2026-07-01T12:22:05.385+0000] {processor.py:161} INFO - Started process (PID=1525) to work on /home/airflow/.local/lib/python3.8/site-packages/airflow/example_dags/example_python_operator.py
[2026-07-01T12:22:05.390+0000] {processor.py:830} INFO - Processing file /home/airflow/.local/lib/python3.8/site-packages/airflow/example_dags/example_python_operator.py for tasks to queue
[2026-07-01T12:22:05.398+0000] {logging_mixin.py:188} INFO - [2026-07-01T12:22:05.397+0000] {dagbag.py:538} INFO - Filling up the DagBag from /home/airflow/.local/lib/python3.8/site-packages/airflow/example_dags/example_python_operator.py
[2026-07-01T12:22:05.436+0000] {processor.py:840} INFO - DAG(s) 'example_python_operator' retrieved from /home/airflow/.local/lib/python3.8/site-packages/airflow/example_dags/example_python_operator.py
[2026-07-01T12:22:05.489+0000] {logging_mixin.py:188} INFO - [2026-07-01T12:22:05.489+0000] {dag.py:3036} INFO - Sync 1 DAGs
[2026-07-01T12:22:05.518+0000] {logging_mixin.py:188} INFO - [2026-07-01T12:22:05.517+0000] {dag.py:3823} INFO - Setting next_dagrun for example_python_operator to None, run_after=None
[2026-07-01T12:22:05.556+0000] {processor.py:183} INFO - Processing /home/airflow/.local/lib/python3.8/site-packages/airflow/example_dags/example_python_operator.py took 0.185 seconds
[2026-07-01T12:22:35.944+0000] {processor.py:161} INFO - Started process (PID=1581) to work on /home/airflow/.local/lib/python3.8/site-packages/airflow/example_dags/example_python_operator.py
[2026-07-01T12:22:35.948+0000] {processor.py:830} INFO - Processing file /home/airflow/.local/lib/python3.8/site-packages/airflow/example_dags/example_python_operator.py for tasks to queue
[2026-07-01T12:22:35.955+0000] {logging_mixin.py:188} INFO - [2026-07-01T12:22:35.953+0000] {dagbag.py:538} INFO - Filling up the DagBag from /home/airflow/.local/lib/python3.8/site-packages/airflow/example_dags/example_python_operator.py
[2026-07-01T12:22:35.986+0000] {processor.py:840} INFO - DAG(s) 'example_python_operator' retrieved from /home/airflow/.local/lib/python3.8/site-packages/airflow/example_dags/example_python_operator.py
[2026-07-01T12:22:36.049+0000] {logging_mixin.py:188} INFO - [2026-07-01T12:22:36.048+0000] {dag.py:3036} INFO - Sync 1 DAGs
[2026-07-01T12:22:36.090+0000] {logging_mixin.py:188} INFO - [2026-07-01T12:22:36.089+0000] {dag.py:3823} INFO - Setting next_dagrun for example_python_operator to None, run_after=None
[2026-07-01T12:22:36.143+0000] {processor.py:183} INFO - Processing /home/airflow/.local/lib/python3.8/site-packages/airflow/example_dags/example_python_operator.py took 0.209 seconds
[2026-07-01T12:23:06.940+0000] {processor.py:161} INFO - Started process (PID=1638) to work on /home/airflow/.local/lib/python3.8/site-packages/airflow/example_dags/example_python_operator.py
[2026-07-01T12:23:06.944+0000] {processor.py:830} INFO - Processing file /home/airflow/.local/lib/python3.8/site-packages/airflow/example_dags/example_python_operator.py for tasks to queue
[2026-07-01T12:23:06.950+0000] {logging_mixin.py:188} INFO - [2026-07-01T12:23:06.949+0000] {dagbag.py:538} INFO - Filling up the DagBag from /home/airflow/.local/lib/python3.8/site-packages/airflow/example_dags/example_python_operator.py
[2026-07-01T12:23:06.975+0000] {processor.py:840} INFO - DAG(s) 'example_python_operator' retrieved from /home/airflow/.local/lib/python3.8/site-packages/airflow/example_dags/example_python_operator.py
[2026-07-01T12:23:07.028+0000] {logging_mixin.py:188} INFO - [2026-07-01T12:23:07.028+0000] {dag.py:3036} INFO - Sync 1 DAGs
[2026-07-01T12:23:07.069+0000] {logging_mixin.py:188} INFO - [2026-07-01T12:23:07.068+0000] {dag.py:3823} INFO - Setting next_dagrun for example_python_operator to None, run_after=None
[2026-07-01T12:23:07.137+0000] {processor.py:183} INFO - Processing /home/airflow/.local/lib/python3.8/site-packages/airflow/example_dags/example_python_operator.py took 0.205 seconds
[2026-07-01T12:23:38.659+0000] {processor.py:161} INFO - Started process (PID=1694) to work on /home/airflow/.local/lib/python3.8/site-packages/airflow/example_dags/example_python_operator.py
[2026-07-01T12:23:38.663+0000] {processor.py:830} INFO - Processing file /home/airflow/.local/lib/python3.8/site-packages/airflow/example_dags/example_python_operator.py for tasks to queue
[2026-07-01T12:23:38.675+0000] {logging_mixin.py:188} INFO - [2026-07-01T12:23:38.674+0000] {dagbag.py:538} INFO - Filling up the DagBag from /home/airflow/.local/lib/python3.8/site-packages/airflow/example_dags/example_python_operator.py
[2026-07-01T12:23:38.711+0000] {processor.py:840} INFO - DAG(s) 'example_python_operator' retrieved from /home/airflow/.local/lib/python3.8/site-packages/airflow/example_dags/example_python_operator.py
[2026-07-01T12:23:38.777+0000] {logging_mixin.py:188} INFO - [2026-07-01T12:23:38.776+0000] {dag.py:3036} INFO - Sync 1 DAGs
[2026-07-01T12:23:38.814+0000] {logging_mixin.py:188} INFO - [2026-07-01T12:23:38.813+0000] {dag.py:3823} INFO - Setting next_dagrun for example_python_operator to None, run_after=None
[2026-07-01T12:23:38.876+0000] {processor.py:183} INFO - Processing /home/airflow/.local/lib/python3.8/site-packages/airflow/example_dags/example_python_operator.py took 0.226 seconds
[2026-07-01T12:24:09.432+0000] {processor.py:161} INFO - Started process (PID=1750) to work on /home/airflow/.local/lib/python3.8/site-packages/airflow/example_dags/example_python_operator.py
[2026-07-01T12:24:09.447+0000] {processor.py:830} INFO - Processing file /home/airflow/.local/lib/python3.8/site-packages/airflow/example_dags/example_python_operator.py for tasks to queue
[2026-07-01T12:24:09.457+0000] {logging_mixin.py:188} INFO - [2026-07-01T12:24:09.454+0000] {dagbag.py:538} INFO - Filling up the DagBag from /home/airflow/.local/lib/python3.8/site-packages/airflow/example_dags/example_python_operator.py
[2026-07-01T12:24:09.499+0000] {processor.py:840} INFO - DAG(s) 'example_python_operator' retrieved from /home/airflow/.local/lib/python3.8/site-packages/airflow/example_dags/example_python_operator.py
[2026-07-01T12:24:09.591+0000] {logging_mixin.py:188} INFO - [2026-07-01T12:24:09.590+0000] {dag.py:3036} INFO - Sync 1 DAGs
[2026-07-01T12:24:09.629+0000] {logging_mixin.py:188} INFO - [2026-07-01T12:24:09.628+0000] {dag.py:3823} INFO - Setting next_dagrun for example_python_operator to None, run_after=None
[2026-07-01T12:24:09.686+0000] {processor.py:183} INFO - Processing /home/airflow/.local/lib/python3.8/site-packages/airflow/example_dags/example_python_operator.py took 0.262 seconds
[2026-07-01T12:24:39.812+0000] {processor.py:161} INFO - Started process (PID=1806) to work on /home/airflow/.local/lib/python3.8/site-packages/airflow/example_dags/example_python_operator.py
[2026-07-01T12:24:39.816+0000] {processor.py:830} INFO - Processing file /home/airflow/.local/lib/python3.8/site-packages/airflow/example_dags/example_python_operator.py for tasks to queue
[2026-07-01T12:24:39.821+0000] {logging_mixin.py:188} INFO - [2026-07-01T12:24:39.820+0000] {dagbag.py:538} INFO - Filling up the DagBag from /home/airflow/.local/lib/python3.8/site-packages/airflow/example_dags/example_python_operator.py
[2026-07-01T12:24:39.849+0000] {processor.py:840} INFO - DAG(s) 'example_python_operator' retrieved from /home/airflow/.local/lib/python3.8/site-packages/airflow/example_dags/example_python_operator.py
[2026-07-01T12:24:39.913+0000] {logging_mixin.py:188} INFO - [2026-07-01T12:24:39.912+0000] {dag.py:3036} INFO - Sync 1 DAGs
[2026-07-01T12:24:39.949+0000] {logging_mixin.py:188} INFO - [2026-07-01T12:24:39.948+0000] {dag.py:3823} INFO - Setting next_dagrun for example_python_operator to None, run_after=None
[2026-07-01T12:24:39.997+0000] {processor.py:183} INFO - Processing /home/airflow/.local/lib/python3.8/site-packages/airflow/example_dags/example_python_operator.py took 0.194 seconds
[2026-07-01T12:25:10.959+0000] {processor.py:161} INFO - Started process (PID=1862) to work on /home/airflow/.local/lib/python3.8/site-packages/airflow/example_dags/example_python_operator.py
[2026-07-01T12:25:10.963+0000] {processor.py:830} INFO - Processing file /home/airflow/.local/lib/python3.8/site-packages/airflow/example_dags/example_python_operator.py for tasks to queue
[2026-07-01T12:25:10.970+0000] {logging_mixin.py:188} INFO - [2026-07-01T12:25:10.969+0000] {dagbag.py:538} INFO - Filling up the DagBag from /home/airflow/.local/lib/python3.8/site-packages/airflow/example_dags/example_python_operator.py
[2026-07-01T12:25:11.003+0000] {processor.py:840} INFO - DAG(s) 'example_python_operator' retrieved from /home/airflow/.local/lib/python3.8/site-packages/airflow/example_dags/example_python_operator.py
[2026-07-01T12:25:11.059+0000] {logging_mixin.py:188} INFO - [2026-07-01T12:25:11.059+0000] {dag.py:3036} INFO - Sync 1 DAGs
[2026-07-01T12:25:11.095+0000] {logging_mixin.py:188} INFO - [2026-07-01T12:25:11.094+0000] {dag.py:3823} INFO - Setting next_dagrun for example_python_operator to None, run_after=None
[2026-07-01T12:25:11.141+0000] {processor.py:183} INFO - Processing /home/airflow/.local/lib/python3.8/site-packages/airflow/example_dags/example_python_operator.py took 0.193 seconds
[2026-07-01T12:25:41.778+0000] {processor.py:161} INFO - Started process (PID=1918) to work on /home/airflow/.local/lib/python3.8/site-packages/airflow/example_dags/example_python_operator.py
[2026-07-01T12:25:41.781+0000] {processor.py:830} INFO - Processing file /home/airflow/.local/lib/python3.8/site-packages/airflow/example_dags/example_python_operator.py for tasks to queue
[2026-07-01T12:25:41.788+0000] {logging_mixin.py:188} INFO - [2026-07-01T12:25:41.787+0000] {dagbag.py:538} INFO - Filling up the DagBag from /home/airflow/.local/lib/python3.8/site-packages/airflow/example_dags/example_python_operator.py
[2026-07-01T12:25:41.818+0000] {processor.py:840} INFO - DAG(s) 'example_python_operator' retrieved from /home/airflow/.local/lib/python3.8/site-packages/airflow/example_dags/example_python_operator.py
[2026-07-01T12:25:41.875+0000] {logging_mixin.py:188} INFO - [2026-07-01T12:25:41.875+0000] {dag.py:3036} INFO - Sync 1 DAGs
[2026-07-01T12:25:41.907+0000] {logging_mixin.py:188} INFO - [2026-07-01T12:25:41.907+0000] {dag.py:3823} INFO - Setting next_dagrun for example_python_operator to None, run_after=None
[2026-07-01T12:25:41.953+0000] {processor.py:183} INFO - Processing /home/airflow/.local/lib/python3.8/site-packages/airflow/example_dags/example_python_operator.py took 0.186 seconds
[2026-07-01T12:26:12.883+0000] {processor.py:161} INFO - Started process (PID=1974) to work on /home/airflow/.local/lib/python3.8/site-packages/airflow/example_dags/example_python_operator.py
[2026-07-01T12:26:12.887+0000] {processor.py:830} INFO - Processing file /home/airflow/.local/lib/python3.8/site-packages/airflow/example_dags/example_python_operator.py for tasks to queue
[2026-07-01T12:26:12.897+0000] {logging_mixin.py:188} INFO - [2026-07-01T12:26:12.896+0000] {dagbag.py:538} INFO - Filling up the DagBag from /home/airflow/.local/lib/python3.8/site-packages/airflow/example_dags/example_python_operator.py
[2026-07-01T12:26:12.940+0000] {processor.py:840} INFO - DAG(s) 'example_python_operator' retrieved from /home/airflow/.local/lib/python3.8/site-packages/airflow/example_dags/example_python_operator.py
[2026-07-01T12:26:13.021+0000] {logging_mixin.py:188} INFO - [2026-07-01T12:26:13.021+0000] {dag.py:3036} INFO - Sync 1 DAGs
[2026-07-01T12:26:13.062+0000] {logging_mixin.py:188} INFO - [2026-07-01T12:26:13.061+0000] {dag.py:3823} INFO - Setting next_dagrun for example_python_operator to None, run_after=None
[2026-07-01T12:26:13.114+0000] {processor.py:183} INFO - Processing /home/airflow/.local/lib/python3.8/site-packages/airflow/example_dags/example_python_operator.py took 0.244 seconds
[2026-07-01T12:26:43.256+0000] {processor.py:161} INFO - Started process (PID=2030) to work on /home/airflow/.local/lib/python3.8/site-packages/airflow/example_dags/example_python_operator.py
[2026-07-01T12:26:43.261+0000] {processor.py:830} INFO - Processing file /home/airflow/.local/lib/python3.8/site-packages/airflow/example_dags/example_python_operator.py for tasks to queue
[2026-07-01T12:26:43.268+0000] {logging_mixin.py:188} INFO - [2026-07-01T12:26:43.267+0000] {dagbag.py:538} INFO - Filling up the DagBag from /home/airflow/.local/lib/python3.8/site-packages/airflow/example_dags/example_python_operator.py
[2026-07-01T12:26:43.314+0000] {processor.py:840} INFO - DAG(s) 'example_python_operator' retrieved from /home/airflow/.local/lib/python3.8/site-packages/airflow/example_dags/example_python_operator.py
[2026-07-01T12:26:43.376+0000] {logging_mixin.py:188} INFO - [2026-07-01T12:26:43.375+0000] {dag.py:3036} INFO - Sync 1 DAGs
[2026-07-01T12:26:43.409+0000] {logging_mixin.py:188} INFO - [2026-07-01T12:26:43.408+0000] {dag.py:3823} INFO - Setting next_dagrun for example_python_operator to None, run_after=None
[2026-07-01T12:26:43.472+0000] {processor.py:183} INFO - Processing /home/airflow/.local/lib/python3.8/site-packages/airflow/example_dags/example_python_operator.py took 0.226 seconds
[2026-07-01T12:27:13.954+0000] {processor.py:161} INFO - Started process (PID=2084) to work on /home/airflow/.local/lib/python3.8/site-packages/airflow/example_dags/example_python_operator.py
[2026-07-01T12:27:13.958+0000] {processor.py:830} INFO - Processing file /home/airflow/.local/lib/python3.8/site-packages/airflow/example_dags/example_python_operator.py for tasks to queue
[2026-07-01T12:27:13.965+0000] {logging_mixin.py:188} INFO - [2026-07-01T12:27:13.964+0000] {dagbag.py:538} INFO - Filling up the DagBag from /home/airflow/.local/lib/python3.8/site-packages/airflow/example_dags/example_python_operator.py
[2026-07-01T12:27:13.998+0000] {processor.py:840} INFO - DAG(s) 'example_python_operator' retrieved from /home/airflow/.local/lib/python3.8/site-packages/airflow/example_dags/example_python_operator.py
[2026-07-01T12:27:14.060+0000] {logging_mixin.py:188} INFO - [2026-07-01T12:27:14.059+0000] {dag.py:3036} INFO - Sync 1 DAGs
[2026-07-01T12:27:14.097+0000] {logging_mixin.py:188} INFO - [2026-07-01T12:27:14.096+0000] {dag.py:3823} INFO - Setting next_dagrun for example_python_operator to None, run_after=None
[2026-07-01T12:27:14.169+0000] {processor.py:183} INFO - Processing /home/airflow/.local/lib/python3.8/site-packages/airflow/example_dags/example_python_operator.py took 0.227 seconds
[2026-07-01T12:27:44.801+0000] {processor.py:161} INFO - Started process (PID=2140) to work on /home/airflow/.local/lib/python3.8/site-packages/airflow/example_dags/example_python_operator.py
[2026-07-01T12:27:44.806+0000] {processor.py:830} INFO - Processing file /home/airflow/.local/lib/python3.8/site-packages/airflow/example_dags/example_python_operator.py for tasks to queue
[2026-07-01T12:27:44.817+0000] {logging_mixin.py:188} INFO - [2026-07-01T12:27:44.816+0000] {dagbag.py:538} INFO - Filling up the DagBag from /home/airflow/.local/lib/python3.8/site-packages/airflow/example_dags/example_python_operator.py
[2026-07-01T12:27:44.861+0000] {processor.py:840} INFO - DAG(s) 'example_python_operator' retrieved from /home/airflow/.local/lib/python3.8/site-packages/airflow/example_dags/example_python_operator.py
[2026-07-01T12:27:44.964+0000] {logging_mixin.py:188} INFO - [2026-07-01T12:27:44.963+0000] {dag.py:3036} INFO - Sync 1 DAGs
[2026-07-01T12:27:45.013+0000] {logging_mixin.py:188} INFO - [2026-07-01T12:27:45.013+0000] {dag.py:3823} INFO - Setting next_dagrun for example_python_operator to None, run_after=None
[2026-07-01T12:27:45.064+0000] {processor.py:183} INFO - Processing /home/airflow/.local/lib/python3.8/site-packages/airflow/example_dags/example_python_operator.py took 0.275 seconds
[2026-07-01T12:28:15.404+0000] {processor.py:161} INFO - Started process (PID=2196) to work on /home/airflow/.local/lib/python3.8/site-packages/airflow/example_dags/example_python_operator.py
[2026-07-01T12:28:15.408+0000] {processor.py:830} INFO - Processing file /home/airflow/.local/lib/python3.8/site-packages/airflow/example_dags/example_python_operator.py for tasks to queue
[2026-07-01T12:28:15.414+0000] {logging_mixin.py:188} INFO - [2026-07-01T12:28:15.413+0000] {dagbag.py:538} INFO - Filling up the DagBag from /home/airflow/.local/lib/python3.8/site-packages/airflow/example_dags/example_python_operator.py
[2026-07-01T12:28:15.446+0000] {processor.py:840} INFO - DAG(s) 'example_python_operator' retrieved from /home/airflow/.local/lib/python3.8/site-packages/airflow/example_dags/example_python_operator.py
[2026-07-01T12:28:15.503+0000] {logging_mixin.py:188} INFO - [2026-07-01T12:28:15.502+0000] {dag.py:3036} INFO - Sync 1 DAGs
[2026-07-01T12:28:15.542+0000] {logging_mixin.py:188} INFO - [2026-07-01T12:28:15.541+0000] {dag.py:3823} INFO - Setting next_dagrun for example_python_operator to None, run_after=None
[2026-07-01T12:28:15.589+0000] {processor.py:183} INFO - Processing /home/airflow/.local/lib/python3.8/site-packages/airflow/example_dags/example_python_operator.py took 0.195 seconds
[2026-07-01T12:28:45.790+0000] {processor.py:161} INFO - Started process (PID=2253) to work on /home/airflow/.local/lib/python3.8/site-packages/airflow/example_dags/example_python_operator.py
[2026-07-01T12:28:45.794+0000] {processor.py:830} INFO - Processing file /home/airflow/.local/lib/python3.8/site-packages/airflow/example_dags/example_python_operator.py for tasks to queue
[2026-07-01T12:28:45.801+0000] {logging_mixin.py:188} INFO - [2026-07-01T12:28:45.800+0000] {dagbag.py:538} INFO - Filling up the DagBag from /home/airflow/.local/lib/python3.8/site-packages/airflow/example_dags/example_python_operator.py
[2026-07-01T12:28:45.833+0000] {processor.py:840} INFO - DAG(s) 'example_python_operator' retrieved from /home/airflow/.local/lib/python3.8/site-packages/airflow/example_dags/example_python_operator.py
[2026-07-01T12:28:45.892+0000] {logging_mixin.py:188} INFO - [2026-07-01T12:28:45.891+0000] {dag.py:3036} INFO - Sync 1 DAGs
[2026-07-01T12:28:45.926+0000] {logging_mixin.py:188} INFO - [2026-07-01T12:28:45.925+0000] {dag.py:3823} INFO - Setting next_dagrun for example_python_operator to None, run_after=None
[2026-07-01T12:28:45.971+0000] {processor.py:183} INFO - Processing /home/airflow/.local/lib/python3.8/site-packages/airflow/example_dags/example_python_operator.py took 0.192 seconds
[2026-07-01T12:29:16.363+0000] {processor.py:161} INFO - Started process (PID=2310) to work on /home/airflow/.local/lib/python3.8/site-packages/airflow/example_dags/example_python_operator.py
[2026-07-01T12:29:16.367+0000] {processor.py:830} INFO - Processing file /home/airflow/.local/lib/python3.8/site-packages/airflow/example_dags/example_python_operator.py for tasks to queue
[2026-07-01T12:29:16.373+0000] {logging_mixin.py:188} INFO - [2026-07-01T12:29:16.372+0000] {dagbag.py:538} INFO - Filling up the DagBag from /home/airflow/.local/lib/python3.8/site-packages/airflow/example_dags/example_python_operator.py
[2026-07-01T12:29:16.401+0000] {processor.py:840} INFO - DAG(s) 'example_python_operator' retrieved from /home/airflow/.local/lib/python3.8/site-packages/airflow/example_dags/example_python_operator.py
[2026-07-01T12:29:16.457+0000] {logging_mixin.py:188} INFO - [2026-07-01T12:29:16.456+0000] {dag.py:3036} INFO - Sync 1 DAGs
[2026-07-01T12:29:16.485+0000] {logging_mixin.py:188} INFO - [2026-07-01T12:29:16.485+0000] {dag.py:3823} INFO - Setting next_dagrun for example_python_operator to None, run_after=None
[2026-07-01T12:29:16.526+0000] {processor.py:183} INFO - Processing /home/airflow/.local/lib/python3.8/site-packages/airflow/example_dags/example_python_operator.py took 0.171 seconds
