[2026-07-01T11:58:40.658+0000] {processor.py:161} INFO - Started process (PID=122) to work on /home/airflow/.local/lib/python3.8/site-packages/airflow/example_dags/example_branch_labels.py
[2026-07-01T11:58:40.663+0000] {processor.py:830} INFO - Processing file /home/airflow/.local/lib/python3.8/site-packages/airflow/example_dags/example_branch_labels.py for tasks to queue
[2026-07-01T11:58:40.677+0000] {logging_mixin.py:188} INFO - [2026-07-01T11:58:40.676+0000] {dagbag.py:538} INFO - Filling up the DagBag from /home/airflow/.local/lib/python3.8/site-packages/airflow/example_dags/example_branch_labels.py
[2026-07-01T11:58:40.717+0000] {processor.py:840} INFO - DAG(s) 'example_branch_labels' retrieved from /home/airflow/.local/lib/python3.8/site-packages/airflow/example_dags/example_branch_labels.py
[2026-07-01T11:58:41.119+0000] {logging_mixin.py:188} INFO - [2026-07-01T11:58:41.119+0000] {dag.py:3036} INFO - Sync 1 DAGs
[2026-07-01T11:58:41.216+0000] {logging_mixin.py:188} INFO - [2026-07-01T11:58:41.216+0000] {dag.py:3823} INFO - Setting next_dagrun for example_branch_labels to 2026-06-30 00:00:00+00:00, run_after=2026-07-01 00:00:00+00:00
[2026-07-01T11:58:41.308+0000] {processor.py:183} INFO - Processing /home/airflow/.local/lib/python3.8/site-packages/airflow/example_dags/example_branch_labels.py took 0.660 seconds
[2026-07-01T11:59:11.518+0000] {processor.py:161} INFO - Started process (PID=177) to work on /home/airflow/.local/lib/python3.8/site-packages/airflow/example_dags/example_branch_labels.py
[2026-07-01T11:59:11.522+0000] {processor.py:830} INFO - Processing file /home/airflow/.local/lib/python3.8/site-packages/airflow/example_dags/example_branch_labels.py for tasks to queue
[2026-07-01T11:59:11.530+0000] {logging_mixin.py:188} INFO - [2026-07-01T11:59:11.529+0000] {dagbag.py:538} INFO - Filling up the DagBag from /home/airflow/.local/lib/python3.8/site-packages/airflow/example_dags/example_branch_labels.py
[2026-07-01T11:59:11.581+0000] {processor.py:840} INFO - DAG(s) 'example_branch_labels' retrieved from /home/airflow/.local/lib/python3.8/site-packages/airflow/example_dags/example_branch_labels.py
[2026-07-01T11:59:11.645+0000] {logging_mixin.py:188} INFO - [2026-07-01T11:59:11.645+0000] {dag.py:3036} INFO - Sync 1 DAGs
[2026-07-01T11:59:11.728+0000] {logging_mixin.py:188} INFO - [2026-07-01T11:59:11.727+0000] {dag.py:3823} INFO - Setting next_dagrun for example_branch_labels to 2026-06-30 00:00:00+00:00, run_after=2026-07-01 00:00:00+00:00
[2026-07-01T11:59:11.803+0000] {processor.py:183} INFO - Processing /home/airflow/.local/lib/python3.8/site-packages/airflow/example_dags/example_branch_labels.py took 0.293 seconds
[2026-07-01T11:59:42.044+0000] {processor.py:161} INFO - Started process (PID=232) to work on /home/airflow/.local/lib/python3.8/site-packages/airflow/example_dags/example_branch_labels.py
[2026-07-01T11:59:42.048+0000] {processor.py:830} INFO - Processing file /home/airflow/.local/lib/python3.8/site-packages/airflow/example_dags/example_branch_labels.py for tasks to queue
[2026-07-01T11:59:42.053+0000] {logging_mixin.py:188} INFO - [2026-07-01T11:59:42.052+0000] {dagbag.py:538} INFO - Filling up the DagBag from /home/airflow/.local/lib/python3.8/site-packages/airflow/example_dags/example_branch_labels.py
[2026-07-01T11:59:42.075+0000] {processor.py:840} INFO - DAG(s) 'example_branch_labels' retrieved from /home/airflow/.local/lib/python3.8/site-packages/airflow/example_dags/example_branch_labels.py
[2026-07-01T11:59:42.126+0000] {logging_mixin.py:188} INFO - [2026-07-01T11:59:42.125+0000] {dag.py:3036} INFO - Sync 1 DAGs
[2026-07-01T11:59:42.180+0000] {logging_mixin.py:188} INFO - [2026-07-01T11:59:42.179+0000] {dag.py:3823} INFO - Setting next_dagrun for example_branch_labels to 2026-06-30 00:00:00+00:00, run_after=2026-07-01 00:00:00+00:00
[2026-07-01T11:59:42.231+0000] {processor.py:183} INFO - Processing /home/airflow/.local/lib/python3.8/site-packages/airflow/example_dags/example_branch_labels.py took 0.196 seconds
[2026-07-01T12:00:12.713+0000] {processor.py:161} INFO - Started process (PID=287) to work on /home/airflow/.local/lib/python3.8/site-packages/airflow/example_dags/example_branch_labels.py
[2026-07-01T12:00:12.717+0000] {processor.py:830} INFO - Processing file /home/airflow/.local/lib/python3.8/site-packages/airflow/example_dags/example_branch_labels.py for tasks to queue
[2026-07-01T12:00:12.723+0000] {logging_mixin.py:188} INFO - [2026-07-01T12:00:12.722+0000] {dagbag.py:538} INFO - Filling up the DagBag from /home/airflow/.local/lib/python3.8/site-packages/airflow/example_dags/example_branch_labels.py
[2026-07-01T12:00:12.744+0000] {processor.py:840} INFO - DAG(s) 'example_branch_labels' retrieved from /home/airflow/.local/lib/python3.8/site-packages/airflow/example_dags/example_branch_labels.py
[2026-07-01T12:00:12.775+0000] {logging_mixin.py:188} INFO - [2026-07-01T12:00:12.774+0000] {dag.py:3036} INFO - Sync 1 DAGs
[2026-07-01T12:00:12.834+0000] {logging_mixin.py:188} INFO - [2026-07-01T12:00:12.833+0000] {dag.py:3823} INFO - Setting next_dagrun for example_branch_labels to 2026-06-30 00:00:00+00:00, run_after=2026-07-01 00:00:00+00:00
[2026-07-01T12:00:12.884+0000] {processor.py:183} INFO - Processing /home/airflow/.local/lib/python3.8/site-packages/airflow/example_dags/example_branch_labels.py took 0.178 seconds
[2026-07-01T12:00:43.709+0000] {processor.py:161} INFO - Started process (PID=342) to work on /home/airflow/.local/lib/python3.8/site-packages/airflow/example_dags/example_branch_labels.py
[2026-07-01T12:00:43.713+0000] {processor.py:830} INFO - Processing file /home/airflow/.local/lib/python3.8/site-packages/airflow/example_dags/example_branch_labels.py for tasks to queue
[2026-07-01T12:00:43.720+0000] {logging_mixin.py:188} INFO - [2026-07-01T12:00:43.719+0000] {dagbag.py:538} INFO - Filling up the DagBag from /home/airflow/.local/lib/python3.8/site-packages/airflow/example_dags/example_branch_labels.py
[2026-07-01T12:00:43.741+0000] {processor.py:840} INFO - DAG(s) 'example_branch_labels' retrieved from /home/airflow/.local/lib/python3.8/site-packages/airflow/example_dags/example_branch_labels.py
[2026-07-01T12:00:43.989+0000] {logging_mixin.py:188} INFO - [2026-07-01T12:00:43.987+0000] {dag.py:3036} INFO - Sync 1 DAGs
[2026-07-01T12:00:44.057+0000] {logging_mixin.py:188} INFO - [2026-07-01T12:00:44.056+0000] {dag.py:3823} INFO - Setting next_dagrun for example_branch_labels to 2026-06-30 00:00:00+00:00, run_after=2026-07-01 00:00:00+00:00
[2026-07-01T12:00:44.124+0000] {processor.py:183} INFO - Processing /home/airflow/.local/lib/python3.8/site-packages/airflow/example_dags/example_branch_labels.py took 0.424 seconds
[2026-07-01T12:01:14.486+0000] {processor.py:161} INFO - Started process (PID=397) to work on /home/airflow/.local/lib/python3.8/site-packages/airflow/example_dags/example_branch_labels.py
[2026-07-01T12:01:14.493+0000] {processor.py:830} INFO - Processing file /home/airflow/.local/lib/python3.8/site-packages/airflow/example_dags/example_branch_labels.py for tasks to queue
[2026-07-01T12:01:14.502+0000] {logging_mixin.py:188} INFO - [2026-07-01T12:01:14.501+0000] {dagbag.py:538} INFO - Filling up the DagBag from /home/airflow/.local/lib/python3.8/site-packages/airflow/example_dags/example_branch_labels.py
[2026-07-01T12:01:14.542+0000] {processor.py:840} INFO - DAG(s) 'example_branch_labels' retrieved from /home/airflow/.local/lib/python3.8/site-packages/airflow/example_dags/example_branch_labels.py
[2026-07-01T12:01:14.622+0000] {logging_mixin.py:188} INFO - [2026-07-01T12:01:14.621+0000] {dag.py:3036} INFO - Sync 1 DAGs
[2026-07-01T12:01:14.699+0000] {logging_mixin.py:188} INFO - [2026-07-01T12:01:14.699+0000] {dag.py:3823} INFO - Setting next_dagrun for example_branch_labels to 2026-06-30 00:00:00+00:00, run_after=2026-07-01 00:00:00+00:00
[2026-07-01T12:01:14.745+0000] {processor.py:183} INFO - Processing /home/airflow/.local/lib/python3.8/site-packages/airflow/example_dags/example_branch_labels.py took 0.285 seconds
[2026-07-01T12:01:45.532+0000] {processor.py:161} INFO - Started process (PID=452) to work on /home/airflow/.local/lib/python3.8/site-packages/airflow/example_dags/example_branch_labels.py
[2026-07-01T12:01:45.538+0000] {processor.py:830} INFO - Processing file /home/airflow/.local/lib/python3.8/site-packages/airflow/example_dags/example_branch_labels.py for tasks to queue
[2026-07-01T12:01:45.545+0000] {logging_mixin.py:188} INFO - [2026-07-01T12:01:45.544+0000] {dagbag.py:538} INFO - Filling up the DagBag from /home/airflow/.local/lib/python3.8/site-packages/airflow/example_dags/example_branch_labels.py
[2026-07-01T12:01:45.578+0000] {processor.py:840} INFO - DAG(s) 'example_branch_labels' retrieved from /home/airflow/.local/lib/python3.8/site-packages/airflow/example_dags/example_branch_labels.py
[2026-07-01T12:01:45.669+0000] {logging_mixin.py:188} INFO - [2026-07-01T12:01:45.669+0000] {dag.py:3036} INFO - Sync 1 DAGs
[2026-07-01T12:01:45.752+0000] {logging_mixin.py:188} INFO - [2026-07-01T12:01:45.751+0000] {dag.py:3823} INFO - Setting next_dagrun for example_branch_labels to 2026-06-30 00:00:00+00:00, run_after=2026-07-01 00:00:00+00:00
[2026-07-01T12:01:45.810+0000] {processor.py:183} INFO - Processing /home/airflow/.local/lib/python3.8/site-packages/airflow/example_dags/example_branch_labels.py took 0.289 seconds
[2026-07-01T12:02:16.196+0000] {processor.py:161} INFO - Started process (PID=508) to work on /home/airflow/.local/lib/python3.8/site-packages/airflow/example_dags/example_branch_labels.py
[2026-07-01T12:02:16.200+0000] {processor.py:830} INFO - Processing file /home/airflow/.local/lib/python3.8/site-packages/airflow/example_dags/example_branch_labels.py for tasks to queue
[2026-07-01T12:02:16.207+0000] {logging_mixin.py:188} INFO - [2026-07-01T12:02:16.206+0000] {dagbag.py:538} INFO - Filling up the DagBag from /home/airflow/.local/lib/python3.8/site-packages/airflow/example_dags/example_branch_labels.py
[2026-07-01T12:02:16.233+0000] {processor.py:840} INFO - DAG(s) 'example_branch_labels' retrieved from /home/airflow/.local/lib/python3.8/site-packages/airflow/example_dags/example_branch_labels.py
[2026-07-01T12:02:16.292+0000] {logging_mixin.py:188} INFO - [2026-07-01T12:02:16.291+0000] {dag.py:3036} INFO - Sync 1 DAGs
[2026-07-01T12:02:16.354+0000] {logging_mixin.py:188} INFO - [2026-07-01T12:02:16.353+0000] {dag.py:3823} INFO - Setting next_dagrun for example_branch_labels to 2026-06-30 00:00:00+00:00, run_after=2026-07-01 00:00:00+00:00
[2026-07-01T12:02:16.412+0000] {processor.py:183} INFO - Processing /home/airflow/.local/lib/python3.8/site-packages/airflow/example_dags/example_branch_labels.py took 0.229 seconds
[2026-07-01T12:02:46.544+0000] {processor.py:161} INFO - Started process (PID=564) to work on /home/airflow/.local/lib/python3.8/site-packages/airflow/example_dags/example_branch_labels.py
[2026-07-01T12:02:46.547+0000] {processor.py:830} INFO - Processing file /home/airflow/.local/lib/python3.8/site-packages/airflow/example_dags/example_branch_labels.py for tasks to queue
[2026-07-01T12:02:46.555+0000] {logging_mixin.py:188} INFO - [2026-07-01T12:02:46.555+0000] {dagbag.py:538} INFO - Filling up the DagBag from /home/airflow/.local/lib/python3.8/site-packages/airflow/example_dags/example_branch_labels.py
[2026-07-01T12:02:46.588+0000] {processor.py:840} INFO - DAG(s) 'example_branch_labels' retrieved from /home/airflow/.local/lib/python3.8/site-packages/airflow/example_dags/example_branch_labels.py
[2026-07-01T12:02:46.661+0000] {logging_mixin.py:188} INFO - [2026-07-01T12:02:46.661+0000] {dag.py:3036} INFO - Sync 1 DAGs
[2026-07-01T12:02:46.763+0000] {logging_mixin.py:188} INFO - [2026-07-01T12:02:46.762+0000] {dag.py:3823} INFO - Setting next_dagrun for example_branch_labels to 2026-06-30 00:00:00+00:00, run_after=2026-07-01 00:00:00+00:00
[2026-07-01T12:02:46.840+0000] {processor.py:183} INFO - Processing /home/airflow/.local/lib/python3.8/site-packages/airflow/example_dags/example_branch_labels.py took 0.304 seconds
[2026-07-01T12:03:16.979+0000] {processor.py:161} INFO - Started process (PID=619) to work on /home/airflow/.local/lib/python3.8/site-packages/airflow/example_dags/example_branch_labels.py
[2026-07-01T12:03:16.982+0000] {processor.py:830} INFO - Processing file /home/airflow/.local/lib/python3.8/site-packages/airflow/example_dags/example_branch_labels.py for tasks to queue
[2026-07-01T12:03:16.988+0000] {logging_mixin.py:188} INFO - [2026-07-01T12:03:16.987+0000] {dagbag.py:538} INFO - Filling up the DagBag from /home/airflow/.local/lib/python3.8/site-packages/airflow/example_dags/example_branch_labels.py
[2026-07-01T12:03:17.007+0000] {processor.py:840} INFO - DAG(s) 'example_branch_labels' retrieved from /home/airflow/.local/lib/python3.8/site-packages/airflow/example_dags/example_branch_labels.py
[2026-07-01T12:03:17.056+0000] {logging_mixin.py:188} INFO - [2026-07-01T12:03:17.056+0000] {dag.py:3036} INFO - Sync 1 DAGs
[2026-07-01T12:03:17.106+0000] {logging_mixin.py:188} INFO - [2026-07-01T12:03:17.106+0000] {dag.py:3823} INFO - Setting next_dagrun for example_branch_labels to 2026-06-30 00:00:00+00:00, run_after=2026-07-01 00:00:00+00:00
[2026-07-01T12:03:17.146+0000] {processor.py:183} INFO - Processing /home/airflow/.local/lib/python3.8/site-packages/airflow/example_dags/example_branch_labels.py took 0.175 seconds
[2026-07-01T12:03:47.547+0000] {processor.py:161} INFO - Started process (PID=675) to work on /home/airflow/.local/lib/python3.8/site-packages/airflow/example_dags/example_branch_labels.py
[2026-07-01T12:03:47.550+0000] {processor.py:830} INFO - Processing file /home/airflow/.local/lib/python3.8/site-packages/airflow/example_dags/example_branch_labels.py for tasks to queue
[2026-07-01T12:03:47.557+0000] {logging_mixin.py:188} INFO - [2026-07-01T12:03:47.556+0000] {dagbag.py:538} INFO - Filling up the DagBag from /home/airflow/.local/lib/python3.8/site-packages/airflow/example_dags/example_branch_labels.py
[2026-07-01T12:03:47.591+0000] {processor.py:840} INFO - DAG(s) 'example_branch_labels' retrieved from /home/airflow/.local/lib/python3.8/site-packages/airflow/example_dags/example_branch_labels.py
[2026-07-01T12:03:47.662+0000] {logging_mixin.py:188} INFO - [2026-07-01T12:03:47.662+0000] {dag.py:3036} INFO - Sync 1 DAGs
[2026-07-01T12:03:47.737+0000] {logging_mixin.py:188} INFO - [2026-07-01T12:03:47.736+0000] {dag.py:3823} INFO - Setting next_dagrun for example_branch_labels to 2026-06-30 00:00:00+00:00, run_after=2026-07-01 00:00:00+00:00
[2026-07-01T12:03:47.795+0000] {processor.py:183} INFO - Processing /home/airflow/.local/lib/python3.8/site-packages/airflow/example_dags/example_branch_labels.py took 0.258 seconds
[2026-07-01T12:04:18.146+0000] {processor.py:161} INFO - Started process (PID=730) to work on /home/airflow/.local/lib/python3.8/site-packages/airflow/example_dags/example_branch_labels.py
[2026-07-01T12:04:18.153+0000] {processor.py:830} INFO - Processing file /home/airflow/.local/lib/python3.8/site-packages/airflow/example_dags/example_branch_labels.py for tasks to queue
[2026-07-01T12:04:18.168+0000] {logging_mixin.py:188} INFO - [2026-07-01T12:04:18.167+0000] {dagbag.py:538} INFO - Filling up the DagBag from /home/airflow/.local/lib/python3.8/site-packages/airflow/example_dags/example_branch_labels.py
[2026-07-01T12:04:18.208+0000] {processor.py:840} INFO - DAG(s) 'example_branch_labels' retrieved from /home/airflow/.local/lib/python3.8/site-packages/airflow/example_dags/example_branch_labels.py
[2026-07-01T12:04:18.350+0000] {logging_mixin.py:188} INFO - [2026-07-01T12:04:18.348+0000] {dag.py:3036} INFO - Sync 1 DAGs
[2026-07-01T12:04:18.443+0000] {logging_mixin.py:188} INFO - [2026-07-01T12:04:18.443+0000] {dag.py:3823} INFO - Setting next_dagrun for example_branch_labels to 2026-06-30 00:00:00+00:00, run_after=2026-07-01 00:00:00+00:00
[2026-07-01T12:04:18.503+0000] {processor.py:183} INFO - Processing /home/airflow/.local/lib/python3.8/site-packages/airflow/example_dags/example_branch_labels.py took 0.377 seconds
[2026-07-01T12:04:49.044+0000] {processor.py:161} INFO - Started process (PID=785) to work on /home/airflow/.local/lib/python3.8/site-packages/airflow/example_dags/example_branch_labels.py
[2026-07-01T12:04:49.049+0000] {processor.py:830} INFO - Processing file /home/airflow/.local/lib/python3.8/site-packages/airflow/example_dags/example_branch_labels.py for tasks to queue
[2026-07-01T12:04:49.055+0000] {logging_mixin.py:188} INFO - [2026-07-01T12:04:49.054+0000] {dagbag.py:538} INFO - Filling up the DagBag from /home/airflow/.local/lib/python3.8/site-packages/airflow/example_dags/example_branch_labels.py
[2026-07-01T12:04:49.082+0000] {processor.py:840} INFO - DAG(s) 'example_branch_labels' retrieved from /home/airflow/.local/lib/python3.8/site-packages/airflow/example_dags/example_branch_labels.py
[2026-07-01T12:04:49.141+0000] {logging_mixin.py:188} INFO - [2026-07-01T12:04:49.140+0000] {dag.py:3036} INFO - Sync 1 DAGs
[2026-07-01T12:04:49.201+0000] {logging_mixin.py:188} INFO - [2026-07-01T12:04:49.200+0000] {dag.py:3823} INFO - Setting next_dagrun for example_branch_labels to 2026-06-30 00:00:00+00:00, run_after=2026-07-01 00:00:00+00:00
[2026-07-01T12:04:49.246+0000] {processor.py:183} INFO - Processing /home/airflow/.local/lib/python3.8/site-packages/airflow/example_dags/example_branch_labels.py took 0.210 seconds
[2026-07-01T12:05:19.800+0000] {processor.py:161} INFO - Started process (PID=840) to work on /home/airflow/.local/lib/python3.8/site-packages/airflow/example_dags/example_branch_labels.py
[2026-07-01T12:05:19.805+0000] {processor.py:830} INFO - Processing file /home/airflow/.local/lib/python3.8/site-packages/airflow/example_dags/example_branch_labels.py for tasks to queue
[2026-07-01T12:05:19.813+0000] {logging_mixin.py:188} INFO - [2026-07-01T12:05:19.811+0000] {dagbag.py:538} INFO - Filling up the DagBag from /home/airflow/.local/lib/python3.8/site-packages/airflow/example_dags/example_branch_labels.py
[2026-07-01T12:05:19.839+0000] {processor.py:840} INFO - DAG(s) 'example_branch_labels' retrieved from /home/airflow/.local/lib/python3.8/site-packages/airflow/example_dags/example_branch_labels.py
[2026-07-01T12:05:19.909+0000] {logging_mixin.py:188} INFO - [2026-07-01T12:05:19.908+0000] {dag.py:3036} INFO - Sync 1 DAGs
[2026-07-01T12:05:20.022+0000] {logging_mixin.py:188} INFO - [2026-07-01T12:05:20.021+0000] {dag.py:3823} INFO - Setting next_dagrun for example_branch_labels to 2026-06-30 00:00:00+00:00, run_after=2026-07-01 00:00:00+00:00
[2026-07-01T12:05:20.121+0000] {processor.py:183} INFO - Processing /home/airflow/.local/lib/python3.8/site-packages/airflow/example_dags/example_branch_labels.py took 0.332 seconds
[2026-07-01T12:05:51.045+0000] {processor.py:161} INFO - Started process (PID=895) to work on /home/airflow/.local/lib/python3.8/site-packages/airflow/example_dags/example_branch_labels.py
[2026-07-01T12:05:51.048+0000] {processor.py:830} INFO - Processing file /home/airflow/.local/lib/python3.8/site-packages/airflow/example_dags/example_branch_labels.py for tasks to queue
[2026-07-01T12:05:51.054+0000] {logging_mixin.py:188} INFO - [2026-07-01T12:05:51.053+0000] {dagbag.py:538} INFO - Filling up the DagBag from /home/airflow/.local/lib/python3.8/site-packages/airflow/example_dags/example_branch_labels.py
[2026-07-01T12:05:51.078+0000] {processor.py:840} INFO - DAG(s) 'example_branch_labels' retrieved from /home/airflow/.local/lib/python3.8/site-packages/airflow/example_dags/example_branch_labels.py
[2026-07-01T12:05:51.141+0000] {logging_mixin.py:188} INFO - [2026-07-01T12:05:51.141+0000] {dag.py:3036} INFO - Sync 1 DAGs
[2026-07-01T12:05:51.207+0000] {logging_mixin.py:188} INFO - [2026-07-01T12:05:51.207+0000] {dag.py:3823} INFO - Setting next_dagrun for example_branch_labels to 2026-06-30 00:00:00+00:00, run_after=2026-07-01 00:00:00+00:00
[2026-07-01T12:05:51.257+0000] {processor.py:183} INFO - Processing /home/airflow/.local/lib/python3.8/site-packages/airflow/example_dags/example_branch_labels.py took 0.220 seconds
[2026-07-01T12:06:21.871+0000] {processor.py:161} INFO - Started process (PID=948) to work on /home/airflow/.local/lib/python3.8/site-packages/airflow/example_dags/example_branch_labels.py
[2026-07-01T12:06:21.874+0000] {processor.py:830} INFO - Processing file /home/airflow/.local/lib/python3.8/site-packages/airflow/example_dags/example_branch_labels.py for tasks to queue
[2026-07-01T12:06:21.880+0000] {logging_mixin.py:188} INFO - [2026-07-01T12:06:21.879+0000] {dagbag.py:538} INFO - Filling up the DagBag from /home/airflow/.local/lib/python3.8/site-packages/airflow/example_dags/example_branch_labels.py
[2026-07-01T12:06:21.903+0000] {processor.py:840} INFO - DAG(s) 'example_branch_labels' retrieved from /home/airflow/.local/lib/python3.8/site-packages/airflow/example_dags/example_branch_labels.py
[2026-07-01T12:06:21.959+0000] {logging_mixin.py:188} INFO - [2026-07-01T12:06:21.959+0000] {dag.py:3036} INFO - Sync 1 DAGs
[2026-07-01T12:06:22.020+0000] {logging_mixin.py:188} INFO - [2026-07-01T12:06:22.019+0000] {dag.py:3823} INFO - Setting next_dagrun for example_branch_labels to 2026-06-30 00:00:00+00:00, run_after=2026-07-01 00:00:00+00:00
[2026-07-01T12:06:22.074+0000] {processor.py:183} INFO - Processing /home/airflow/.local/lib/python3.8/site-packages/airflow/example_dags/example_branch_labels.py took 0.212 seconds
[2026-07-01T12:06:52.339+0000] {processor.py:161} INFO - Started process (PID=1003) to work on /home/airflow/.local/lib/python3.8/site-packages/airflow/example_dags/example_branch_labels.py
[2026-07-01T12:06:52.342+0000] {processor.py:830} INFO - Processing file /home/airflow/.local/lib/python3.8/site-packages/airflow/example_dags/example_branch_labels.py for tasks to queue
[2026-07-01T12:06:52.349+0000] {logging_mixin.py:188} INFO - [2026-07-01T12:06:52.348+0000] {dagbag.py:538} INFO - Filling up the DagBag from /home/airflow/.local/lib/python3.8/site-packages/airflow/example_dags/example_branch_labels.py
[2026-07-01T12:06:52.370+0000] {processor.py:840} INFO - DAG(s) 'example_branch_labels' retrieved from /home/airflow/.local/lib/python3.8/site-packages/airflow/example_dags/example_branch_labels.py
[2026-07-01T12:06:52.430+0000] {logging_mixin.py:188} INFO - [2026-07-01T12:06:52.429+0000] {dag.py:3036} INFO - Sync 1 DAGs
[2026-07-01T12:06:52.505+0000] {logging_mixin.py:188} INFO - [2026-07-01T12:06:52.504+0000] {dag.py:3823} INFO - Setting next_dagrun for example_branch_labels to 2026-06-30 00:00:00+00:00, run_after=2026-07-01 00:00:00+00:00
[2026-07-01T12:06:52.551+0000] {processor.py:183} INFO - Processing /home/airflow/.local/lib/python3.8/site-packages/airflow/example_dags/example_branch_labels.py took 0.221 seconds
[2026-07-01T12:07:22.945+0000] {processor.py:161} INFO - Started process (PID=1058) to work on /home/airflow/.local/lib/python3.8/site-packages/airflow/example_dags/example_branch_labels.py
[2026-07-01T12:07:22.948+0000] {processor.py:830} INFO - Processing file /home/airflow/.local/lib/python3.8/site-packages/airflow/example_dags/example_branch_labels.py for tasks to queue
[2026-07-01T12:07:22.953+0000] {logging_mixin.py:188} INFO - [2026-07-01T12:07:22.953+0000] {dagbag.py:538} INFO - Filling up the DagBag from /home/airflow/.local/lib/python3.8/site-packages/airflow/example_dags/example_branch_labels.py
[2026-07-01T12:07:22.973+0000] {processor.py:840} INFO - DAG(s) 'example_branch_labels' retrieved from /home/airflow/.local/lib/python3.8/site-packages/airflow/example_dags/example_branch_labels.py
[2026-07-01T12:07:23.031+0000] {logging_mixin.py:188} INFO - [2026-07-01T12:07:23.030+0000] {dag.py:3036} INFO - Sync 1 DAGs
[2026-07-01T12:07:23.093+0000] {logging_mixin.py:188} INFO - [2026-07-01T12:07:23.092+0000] {dag.py:3823} INFO - Setting next_dagrun for example_branch_labels to 2026-06-30 00:00:00+00:00, run_after=2026-07-01 00:00:00+00:00
[2026-07-01T12:07:23.145+0000] {processor.py:183} INFO - Processing /home/airflow/.local/lib/python3.8/site-packages/airflow/example_dags/example_branch_labels.py took 0.207 seconds
[2026-07-01T12:07:53.316+0000] {processor.py:161} INFO - Started process (PID=1114) to work on /home/airflow/.local/lib/python3.8/site-packages/airflow/example_dags/example_branch_labels.py
[2026-07-01T12:07:53.320+0000] {processor.py:830} INFO - Processing file /home/airflow/.local/lib/python3.8/site-packages/airflow/example_dags/example_branch_labels.py for tasks to queue
[2026-07-01T12:07:53.325+0000] {logging_mixin.py:188} INFO - [2026-07-01T12:07:53.324+0000] {dagbag.py:538} INFO - Filling up the DagBag from /home/airflow/.local/lib/python3.8/site-packages/airflow/example_dags/example_branch_labels.py
[2026-07-01T12:07:53.346+0000] {processor.py:840} INFO - DAG(s) 'example_branch_labels' retrieved from /home/airflow/.local/lib/python3.8/site-packages/airflow/example_dags/example_branch_labels.py
[2026-07-01T12:07:53.395+0000] {logging_mixin.py:188} INFO - [2026-07-01T12:07:53.394+0000] {dag.py:3036} INFO - Sync 1 DAGs
[2026-07-01T12:07:53.445+0000] {logging_mixin.py:188} INFO - [2026-07-01T12:07:53.444+0000] {dag.py:3823} INFO - Setting next_dagrun for example_branch_labels to 2026-06-30 00:00:00+00:00, run_after=2026-07-01 00:00:00+00:00
[2026-07-01T12:07:53.487+0000] {processor.py:183} INFO - Processing /home/airflow/.local/lib/python3.8/site-packages/airflow/example_dags/example_branch_labels.py took 0.178 seconds
[2026-07-01T12:08:24.270+0000] {processor.py:161} INFO - Started process (PID=1169) to work on /home/airflow/.local/lib/python3.8/site-packages/airflow/example_dags/example_branch_labels.py
[2026-07-01T12:08:24.275+0000] {processor.py:830} INFO - Processing file /home/airflow/.local/lib/python3.8/site-packages/airflow/example_dags/example_branch_labels.py for tasks to queue
[2026-07-01T12:08:24.284+0000] {logging_mixin.py:188} INFO - [2026-07-01T12:08:24.283+0000] {dagbag.py:538} INFO - Filling up the DagBag from /home/airflow/.local/lib/python3.8/site-packages/airflow/example_dags/example_branch_labels.py
[2026-07-01T12:08:24.318+0000] {processor.py:840} INFO - DAG(s) 'example_branch_labels' retrieved from /home/airflow/.local/lib/python3.8/site-packages/airflow/example_dags/example_branch_labels.py
[2026-07-01T12:08:24.404+0000] {logging_mixin.py:188} INFO - [2026-07-01T12:08:24.403+0000] {dag.py:3036} INFO - Sync 1 DAGs
[2026-07-01T12:08:24.512+0000] {logging_mixin.py:188} INFO - [2026-07-01T12:08:24.511+0000] {dag.py:3823} INFO - Setting next_dagrun for example_branch_labels to 2026-06-30 00:00:00+00:00, run_after=2026-07-01 00:00:00+00:00
[2026-07-01T12:08:24.624+0000] {processor.py:183} INFO - Processing /home/airflow/.local/lib/python3.8/site-packages/airflow/example_dags/example_branch_labels.py took 0.365 seconds
[2026-07-01T12:09:05.099+0000] {processor.py:161} INFO - Started process (PID=109) to work on /home/airflow/.local/lib/python3.8/site-packages/airflow/example_dags/example_branch_labels.py
[2026-07-01T12:09:05.103+0000] {processor.py:830} INFO - Processing file /home/airflow/.local/lib/python3.8/site-packages/airflow/example_dags/example_branch_labels.py for tasks to queue
[2026-07-01T12:09:05.109+0000] {logging_mixin.py:188} INFO - [2026-07-01T12:09:05.108+0000] {dagbag.py:538} INFO - Filling up the DagBag from /home/airflow/.local/lib/python3.8/site-packages/airflow/example_dags/example_branch_labels.py
[2026-07-01T12:09:05.129+0000] {processor.py:840} INFO - DAG(s) 'example_branch_labels' retrieved from /home/airflow/.local/lib/python3.8/site-packages/airflow/example_dags/example_branch_labels.py
[2026-07-01T12:09:05.195+0000] {logging_mixin.py:188} INFO - [2026-07-01T12:09:05.194+0000] {dag.py:3036} INFO - Sync 1 DAGs
[2026-07-01T12:09:05.245+0000] {logging_mixin.py:188} INFO - [2026-07-01T12:09:05.245+0000] {dag.py:3823} INFO - Setting next_dagrun for example_branch_labels to 2026-06-30 00:00:00+00:00, run_after=2026-07-01 00:00:00+00:00
[2026-07-01T12:09:05.294+0000] {processor.py:183} INFO - Processing /home/airflow/.local/lib/python3.8/site-packages/airflow/example_dags/example_branch_labels.py took 0.203 seconds
[2026-07-01T12:09:36.229+0000] {processor.py:161} INFO - Started process (PID=165) to work on /home/airflow/.local/lib/python3.8/site-packages/airflow/example_dags/example_branch_labels.py
[2026-07-01T12:09:36.234+0000] {processor.py:830} INFO - Processing file /home/airflow/.local/lib/python3.8/site-packages/airflow/example_dags/example_branch_labels.py for tasks to queue
[2026-07-01T12:09:36.242+0000] {logging_mixin.py:188} INFO - [2026-07-01T12:09:36.241+0000] {dagbag.py:538} INFO - Filling up the DagBag from /home/airflow/.local/lib/python3.8/site-packages/airflow/example_dags/example_branch_labels.py
[2026-07-01T12:09:36.270+0000] {processor.py:840} INFO - DAG(s) 'example_branch_labels' retrieved from /home/airflow/.local/lib/python3.8/site-packages/airflow/example_dags/example_branch_labels.py
[2026-07-01T12:09:36.331+0000] {logging_mixin.py:188} INFO - [2026-07-01T12:09:36.330+0000] {dag.py:3036} INFO - Sync 1 DAGs
[2026-07-01T12:09:36.400+0000] {logging_mixin.py:188} INFO - [2026-07-01T12:09:36.400+0000] {dag.py:3823} INFO - Setting next_dagrun for example_branch_labels to 2026-06-30 00:00:00+00:00, run_after=2026-07-01 00:00:00+00:00
[2026-07-01T12:09:36.457+0000] {processor.py:183} INFO - Processing /home/airflow/.local/lib/python3.8/site-packages/airflow/example_dags/example_branch_labels.py took 0.238 seconds
[2026-07-01T12:10:06.597+0000] {processor.py:161} INFO - Started process (PID=222) to work on /home/airflow/.local/lib/python3.8/site-packages/airflow/example_dags/example_branch_labels.py
[2026-07-01T12:10:06.601+0000] {processor.py:830} INFO - Processing file /home/airflow/.local/lib/python3.8/site-packages/airflow/example_dags/example_branch_labels.py for tasks to queue
[2026-07-01T12:10:06.610+0000] {logging_mixin.py:188} INFO - [2026-07-01T12:10:06.609+0000] {dagbag.py:538} INFO - Filling up the DagBag from /home/airflow/.local/lib/python3.8/site-packages/airflow/example_dags/example_branch_labels.py
[2026-07-01T12:10:06.641+0000] {processor.py:840} INFO - DAG(s) 'example_branch_labels' retrieved from /home/airflow/.local/lib/python3.8/site-packages/airflow/example_dags/example_branch_labels.py
[2026-07-01T12:10:06.711+0000] {logging_mixin.py:188} INFO - [2026-07-01T12:10:06.711+0000] {dag.py:3036} INFO - Sync 1 DAGs
[2026-07-01T12:10:06.781+0000] {logging_mixin.py:188} INFO - [2026-07-01T12:10:06.781+0000] {dag.py:3823} INFO - Setting next_dagrun for example_branch_labels to 2026-06-30 00:00:00+00:00, run_after=2026-07-01 00:00:00+00:00
[2026-07-01T12:10:06.836+0000] {processor.py:183} INFO - Processing /home/airflow/.local/lib/python3.8/site-packages/airflow/example_dags/example_branch_labels.py took 0.261 seconds
[2026-07-01T12:10:37.719+0000] {processor.py:161} INFO - Started process (PID=278) to work on /home/airflow/.local/lib/python3.8/site-packages/airflow/example_dags/example_branch_labels.py
[2026-07-01T12:10:37.724+0000] {processor.py:830} INFO - Processing file /home/airflow/.local/lib/python3.8/site-packages/airflow/example_dags/example_branch_labels.py for tasks to queue
[2026-07-01T12:10:37.730+0000] {logging_mixin.py:188} INFO - [2026-07-01T12:10:37.729+0000] {dagbag.py:538} INFO - Filling up the DagBag from /home/airflow/.local/lib/python3.8/site-packages/airflow/example_dags/example_branch_labels.py
[2026-07-01T12:10:37.754+0000] {processor.py:840} INFO - DAG(s) 'example_branch_labels' retrieved from /home/airflow/.local/lib/python3.8/site-packages/airflow/example_dags/example_branch_labels.py
[2026-07-01T12:10:37.815+0000] {logging_mixin.py:188} INFO - [2026-07-01T12:10:37.815+0000] {dag.py:3036} INFO - Sync 1 DAGs
[2026-07-01T12:10:37.878+0000] {logging_mixin.py:188} INFO - [2026-07-01T12:10:37.878+0000] {dag.py:3823} INFO - Setting next_dagrun for example_branch_labels to 2026-06-30 00:00:00+00:00, run_after=2026-07-01 00:00:00+00:00
[2026-07-01T12:10:37.929+0000] {processor.py:183} INFO - Processing /home/airflow/.local/lib/python3.8/site-packages/airflow/example_dags/example_branch_labels.py took 0.220 seconds
[2026-07-01T12:11:08.023+0000] {processor.py:161} INFO - Started process (PID=338) to work on /home/airflow/.local/lib/python3.8/site-packages/airflow/example_dags/example_branch_labels.py
[2026-07-01T12:11:08.026+0000] {processor.py:830} INFO - Processing file /home/airflow/.local/lib/python3.8/site-packages/airflow/example_dags/example_branch_labels.py for tasks to queue
[2026-07-01T12:11:08.031+0000] {logging_mixin.py:188} INFO - [2026-07-01T12:11:08.030+0000] {dagbag.py:538} INFO - Filling up the DagBag from /home/airflow/.local/lib/python3.8/site-packages/airflow/example_dags/example_branch_labels.py
[2026-07-01T12:11:08.050+0000] {processor.py:840} INFO - DAG(s) 'example_branch_labels' retrieved from /home/airflow/.local/lib/python3.8/site-packages/airflow/example_dags/example_branch_labels.py
[2026-07-01T12:11:08.096+0000] {logging_mixin.py:188} INFO - [2026-07-01T12:11:08.095+0000] {dag.py:3036} INFO - Sync 1 DAGs
[2026-07-01T12:11:08.143+0000] {logging_mixin.py:188} INFO - [2026-07-01T12:11:08.143+0000] {dag.py:3823} INFO - Setting next_dagrun for example_branch_labels to 2026-06-30 00:00:00+00:00, run_after=2026-07-01 00:00:00+00:00
[2026-07-01T12:11:08.183+0000] {processor.py:183} INFO - Processing /home/airflow/.local/lib/python3.8/site-packages/airflow/example_dags/example_branch_labels.py took 0.168 seconds
[2026-07-01T12:11:38.775+0000] {processor.py:161} INFO - Started process (PID=394) to work on /home/airflow/.local/lib/python3.8/site-packages/airflow/example_dags/example_branch_labels.py
[2026-07-01T12:11:38.779+0000] {processor.py:830} INFO - Processing file /home/airflow/.local/lib/python3.8/site-packages/airflow/example_dags/example_branch_labels.py for tasks to queue
[2026-07-01T12:11:38.787+0000] {logging_mixin.py:188} INFO - [2026-07-01T12:11:38.786+0000] {dagbag.py:538} INFO - Filling up the DagBag from /home/airflow/.local/lib/python3.8/site-packages/airflow/example_dags/example_branch_labels.py
[2026-07-01T12:11:38.813+0000] {processor.py:840} INFO - DAG(s) 'example_branch_labels' retrieved from /home/airflow/.local/lib/python3.8/site-packages/airflow/example_dags/example_branch_labels.py
[2026-07-01T12:11:38.880+0000] {logging_mixin.py:188} INFO - [2026-07-01T12:11:38.880+0000] {dag.py:3036} INFO - Sync 1 DAGs
[2026-07-01T12:11:38.953+0000] {logging_mixin.py:188} INFO - [2026-07-01T12:11:38.952+0000] {dag.py:3823} INFO - Setting next_dagrun for example_branch_labels to 2026-06-30 00:00:00+00:00, run_after=2026-07-01 00:00:00+00:00
[2026-07-01T12:11:39.002+0000] {processor.py:183} INFO - Processing /home/airflow/.local/lib/python3.8/site-packages/airflow/example_dags/example_branch_labels.py took 0.239 seconds
[2026-07-01T12:12:09.337+0000] {processor.py:161} INFO - Started process (PID=450) to work on /home/airflow/.local/lib/python3.8/site-packages/airflow/example_dags/example_branch_labels.py
[2026-07-01T12:12:09.340+0000] {processor.py:830} INFO - Processing file /home/airflow/.local/lib/python3.8/site-packages/airflow/example_dags/example_branch_labels.py for tasks to queue
[2026-07-01T12:12:09.346+0000] {logging_mixin.py:188} INFO - [2026-07-01T12:12:09.345+0000] {dagbag.py:538} INFO - Filling up the DagBag from /home/airflow/.local/lib/python3.8/site-packages/airflow/example_dags/example_branch_labels.py
[2026-07-01T12:12:09.367+0000] {processor.py:840} INFO - DAG(s) 'example_branch_labels' retrieved from /home/airflow/.local/lib/python3.8/site-packages/airflow/example_dags/example_branch_labels.py
[2026-07-01T12:12:09.422+0000] {logging_mixin.py:188} INFO - [2026-07-01T12:12:09.422+0000] {dag.py:3036} INFO - Sync 1 DAGs
[2026-07-01T12:12:09.478+0000] {logging_mixin.py:188} INFO - [2026-07-01T12:12:09.477+0000] {dag.py:3823} INFO - Setting next_dagrun for example_branch_labels to 2026-06-30 00:00:00+00:00, run_after=2026-07-01 00:00:00+00:00
[2026-07-01T12:12:09.518+0000] {processor.py:183} INFO - Processing /home/airflow/.local/lib/python3.8/site-packages/airflow/example_dags/example_branch_labels.py took 0.188 seconds
[2026-07-01T12:12:40.002+0000] {processor.py:161} INFO - Started process (PID=506) to work on /home/airflow/.local/lib/python3.8/site-packages/airflow/example_dags/example_branch_labels.py
[2026-07-01T12:12:40.005+0000] {processor.py:830} INFO - Processing file /home/airflow/.local/lib/python3.8/site-packages/airflow/example_dags/example_branch_labels.py for tasks to queue
[2026-07-01T12:12:40.012+0000] {logging_mixin.py:188} INFO - [2026-07-01T12:12:40.011+0000] {dagbag.py:538} INFO - Filling up the DagBag from /home/airflow/.local/lib/python3.8/site-packages/airflow/example_dags/example_branch_labels.py
[2026-07-01T12:12:40.035+0000] {processor.py:840} INFO - DAG(s) 'example_branch_labels' retrieved from /home/airflow/.local/lib/python3.8/site-packages/airflow/example_dags/example_branch_labels.py
[2026-07-01T12:12:40.090+0000] {logging_mixin.py:188} INFO - [2026-07-01T12:12:40.090+0000] {dag.py:3036} INFO - Sync 1 DAGs
[2026-07-01T12:12:40.151+0000] {logging_mixin.py:188} INFO - [2026-07-01T12:12:40.150+0000] {dag.py:3823} INFO - Setting next_dagrun for example_branch_labels to 2026-06-30 00:00:00+00:00, run_after=2026-07-01 00:00:00+00:00
[2026-07-01T12:12:40.201+0000] {processor.py:183} INFO - Processing /home/airflow/.local/lib/python3.8/site-packages/airflow/example_dags/example_branch_labels.py took 0.207 seconds
[2026-07-01T12:13:11.732+0000] {processor.py:161} INFO - Started process (PID=563) to work on /home/airflow/.local/lib/python3.8/site-packages/airflow/example_dags/example_branch_labels.py
[2026-07-01T12:13:11.735+0000] {processor.py:830} INFO - Processing file /home/airflow/.local/lib/python3.8/site-packages/airflow/example_dags/example_branch_labels.py for tasks to queue
[2026-07-01T12:13:11.740+0000] {logging_mixin.py:188} INFO - [2026-07-01T12:13:11.740+0000] {dagbag.py:538} INFO - Filling up the DagBag from /home/airflow/.local/lib/python3.8/site-packages/airflow/example_dags/example_branch_labels.py
[2026-07-01T12:13:11.760+0000] {processor.py:840} INFO - DAG(s) 'example_branch_labels' retrieved from /home/airflow/.local/lib/python3.8/site-packages/airflow/example_dags/example_branch_labels.py
[2026-07-01T12:13:11.811+0000] {logging_mixin.py:188} INFO - [2026-07-01T12:13:11.810+0000] {dag.py:3036} INFO - Sync 1 DAGs
[2026-07-01T12:13:11.865+0000] {logging_mixin.py:188} INFO - [2026-07-01T12:13:11.865+0000] {dag.py:3823} INFO - Setting next_dagrun for example_branch_labels to 2026-06-30 00:00:00+00:00, run_after=2026-07-01 00:00:00+00:00
[2026-07-01T12:13:11.914+0000] {processor.py:183} INFO - Processing /home/airflow/.local/lib/python3.8/site-packages/airflow/example_dags/example_branch_labels.py took 0.189 seconds
[2026-07-01T12:13:42.567+0000] {processor.py:161} INFO - Started process (PID=619) to work on /home/airflow/.local/lib/python3.8/site-packages/airflow/example_dags/example_branch_labels.py
[2026-07-01T12:13:42.571+0000] {processor.py:830} INFO - Processing file /home/airflow/.local/lib/python3.8/site-packages/airflow/example_dags/example_branch_labels.py for tasks to queue
[2026-07-01T12:13:42.578+0000] {logging_mixin.py:188} INFO - [2026-07-01T12:13:42.577+0000] {dagbag.py:538} INFO - Filling up the DagBag from /home/airflow/.local/lib/python3.8/site-packages/airflow/example_dags/example_branch_labels.py
[2026-07-01T12:13:42.603+0000] {processor.py:840} INFO - DAG(s) 'example_branch_labels' retrieved from /home/airflow/.local/lib/python3.8/site-packages/airflow/example_dags/example_branch_labels.py
[2026-07-01T12:13:42.674+0000] {logging_mixin.py:188} INFO - [2026-07-01T12:13:42.673+0000] {dag.py:3036} INFO - Sync 1 DAGs
[2026-07-01T12:13:42.739+0000] {logging_mixin.py:188} INFO - [2026-07-01T12:13:42.738+0000] {dag.py:3823} INFO - Setting next_dagrun for example_branch_labels to 2026-06-30 00:00:00+00:00, run_after=2026-07-01 00:00:00+00:00
[2026-07-01T12:13:42.803+0000] {processor.py:183} INFO - Processing /home/airflow/.local/lib/python3.8/site-packages/airflow/example_dags/example_branch_labels.py took 0.244 seconds
[2026-07-01T12:14:13.236+0000] {processor.py:161} INFO - Started process (PID=675) to work on /home/airflow/.local/lib/python3.8/site-packages/airflow/example_dags/example_branch_labels.py
[2026-07-01T12:14:13.246+0000] {processor.py:830} INFO - Processing file /home/airflow/.local/lib/python3.8/site-packages/airflow/example_dags/example_branch_labels.py for tasks to queue
[2026-07-01T12:14:13.259+0000] {logging_mixin.py:188} INFO - [2026-07-01T12:14:13.258+0000] {dagbag.py:538} INFO - Filling up the DagBag from /home/airflow/.local/lib/python3.8/site-packages/airflow/example_dags/example_branch_labels.py
[2026-07-01T12:14:13.293+0000] {processor.py:840} INFO - DAG(s) 'example_branch_labels' retrieved from /home/airflow/.local/lib/python3.8/site-packages/airflow/example_dags/example_branch_labels.py
[2026-07-01T12:14:13.372+0000] {logging_mixin.py:188} INFO - [2026-07-01T12:14:13.371+0000] {dag.py:3036} INFO - Sync 1 DAGs
[2026-07-01T12:14:13.438+0000] {logging_mixin.py:188} INFO - [2026-07-01T12:14:13.437+0000] {dag.py:3823} INFO - Setting next_dagrun for example_branch_labels to 2026-06-30 00:00:00+00:00, run_after=2026-07-01 00:00:00+00:00
[2026-07-01T12:14:13.495+0000] {processor.py:183} INFO - Processing /home/airflow/.local/lib/python3.8/site-packages/airflow/example_dags/example_branch_labels.py took 0.273 seconds
[2026-07-01T12:14:44.300+0000] {processor.py:161} INFO - Started process (PID=731) to work on /home/airflow/.local/lib/python3.8/site-packages/airflow/example_dags/example_branch_labels.py
[2026-07-01T12:14:44.305+0000] {processor.py:830} INFO - Processing file /home/airflow/.local/lib/python3.8/site-packages/airflow/example_dags/example_branch_labels.py for tasks to queue
[2026-07-01T12:14:44.316+0000] {logging_mixin.py:188} INFO - [2026-07-01T12:14:44.315+0000] {dagbag.py:538} INFO - Filling up the DagBag from /home/airflow/.local/lib/python3.8/site-packages/airflow/example_dags/example_branch_labels.py
[2026-07-01T12:14:44.354+0000] {processor.py:840} INFO - DAG(s) 'example_branch_labels' retrieved from /home/airflow/.local/lib/python3.8/site-packages/airflow/example_dags/example_branch_labels.py
[2026-07-01T12:14:44.443+0000] {logging_mixin.py:188} INFO - [2026-07-01T12:14:44.442+0000] {dag.py:3036} INFO - Sync 1 DAGs
[2026-07-01T12:14:44.545+0000] {logging_mixin.py:188} INFO - [2026-07-01T12:14:44.542+0000] {dag.py:3823} INFO - Setting next_dagrun for example_branch_labels to 2026-06-30 00:00:00+00:00, run_after=2026-07-01 00:00:00+00:00
[2026-07-01T12:14:44.622+0000] {processor.py:183} INFO - Processing /home/airflow/.local/lib/python3.8/site-packages/airflow/example_dags/example_branch_labels.py took 0.343 seconds
[2026-07-01T12:15:15.116+0000] {processor.py:161} INFO - Started process (PID=788) to work on /home/airflow/.local/lib/python3.8/site-packages/airflow/example_dags/example_branch_labels.py
[2026-07-01T12:15:15.119+0000] {processor.py:830} INFO - Processing file /home/airflow/.local/lib/python3.8/site-packages/airflow/example_dags/example_branch_labels.py for tasks to queue
[2026-07-01T12:15:15.128+0000] {logging_mixin.py:188} INFO - [2026-07-01T12:15:15.127+0000] {dagbag.py:538} INFO - Filling up the DagBag from /home/airflow/.local/lib/python3.8/site-packages/airflow/example_dags/example_branch_labels.py
[2026-07-01T12:15:15.151+0000] {processor.py:840} INFO - DAG(s) 'example_branch_labels' retrieved from /home/airflow/.local/lib/python3.8/site-packages/airflow/example_dags/example_branch_labels.py
[2026-07-01T12:15:15.210+0000] {logging_mixin.py:188} INFO - [2026-07-01T12:15:15.209+0000] {dag.py:3036} INFO - Sync 1 DAGs
[2026-07-01T12:15:15.276+0000] {logging_mixin.py:188} INFO - [2026-07-01T12:15:15.276+0000] {dag.py:3823} INFO - Setting next_dagrun for example_branch_labels to 2026-06-30 00:00:00+00:00, run_after=2026-07-01 00:00:00+00:00
[2026-07-01T12:15:15.323+0000] {processor.py:183} INFO - Processing /home/airflow/.local/lib/python3.8/site-packages/airflow/example_dags/example_branch_labels.py took 0.217 seconds
[2026-07-01T12:15:45.782+0000] {processor.py:161} INFO - Started process (PID=844) to work on /home/airflow/.local/lib/python3.8/site-packages/airflow/example_dags/example_branch_labels.py
[2026-07-01T12:15:45.785+0000] {processor.py:830} INFO - Processing file /home/airflow/.local/lib/python3.8/site-packages/airflow/example_dags/example_branch_labels.py for tasks to queue
[2026-07-01T12:15:45.790+0000] {logging_mixin.py:188} INFO - [2026-07-01T12:15:45.789+0000] {dagbag.py:538} INFO - Filling up the DagBag from /home/airflow/.local/lib/python3.8/site-packages/airflow/example_dags/example_branch_labels.py
[2026-07-01T12:15:45.808+0000] {processor.py:840} INFO - DAG(s) 'example_branch_labels' retrieved from /home/airflow/.local/lib/python3.8/site-packages/airflow/example_dags/example_branch_labels.py
[2026-07-01T12:15:45.864+0000] {logging_mixin.py:188} INFO - [2026-07-01T12:15:45.863+0000] {dag.py:3036} INFO - Sync 1 DAGs
[2026-07-01T12:15:45.920+0000] {logging_mixin.py:188} INFO - [2026-07-01T12:15:45.919+0000] {dag.py:3823} INFO - Setting next_dagrun for example_branch_labels to 2026-06-30 00:00:00+00:00, run_after=2026-07-01 00:00:00+00:00
[2026-07-01T12:15:45.965+0000] {processor.py:183} INFO - Processing /home/airflow/.local/lib/python3.8/site-packages/airflow/example_dags/example_branch_labels.py took 0.191 seconds
[2026-07-01T12:16:16.044+0000] {processor.py:161} INFO - Started process (PID=900) to work on /home/airflow/.local/lib/python3.8/site-packages/airflow/example_dags/example_branch_labels.py
[2026-07-01T12:16:16.047+0000] {processor.py:830} INFO - Processing file /home/airflow/.local/lib/python3.8/site-packages/airflow/example_dags/example_branch_labels.py for tasks to queue
[2026-07-01T12:16:16.051+0000] {logging_mixin.py:188} INFO - [2026-07-01T12:16:16.051+0000] {dagbag.py:538} INFO - Filling up the DagBag from /home/airflow/.local/lib/python3.8/site-packages/airflow/example_dags/example_branch_labels.py
[2026-07-01T12:16:16.069+0000] {processor.py:840} INFO - DAG(s) 'example_branch_labels' retrieved from /home/airflow/.local/lib/python3.8/site-packages/airflow/example_dags/example_branch_labels.py
[2026-07-01T12:16:16.116+0000] {logging_mixin.py:188} INFO - [2026-07-01T12:16:16.115+0000] {dag.py:3036} INFO - Sync 1 DAGs
[2026-07-01T12:16:16.163+0000] {logging_mixin.py:188} INFO - [2026-07-01T12:16:16.162+0000] {dag.py:3823} INFO - Setting next_dagrun for example_branch_labels to 2026-06-30 00:00:00+00:00, run_after=2026-07-01 00:00:00+00:00
[2026-07-01T12:16:16.200+0000] {processor.py:183} INFO - Processing /home/airflow/.local/lib/python3.8/site-packages/airflow/example_dags/example_branch_labels.py took 0.163 seconds
[2026-07-01T12:16:47.358+0000] {processor.py:161} INFO - Started process (PID=956) to work on /home/airflow/.local/lib/python3.8/site-packages/airflow/example_dags/example_branch_labels.py
[2026-07-01T12:16:47.361+0000] {processor.py:830} INFO - Processing file /home/airflow/.local/lib/python3.8/site-packages/airflow/example_dags/example_branch_labels.py for tasks to queue
[2026-07-01T12:16:47.367+0000] {logging_mixin.py:188} INFO - [2026-07-01T12:16:47.366+0000] {dagbag.py:538} INFO - Filling up the DagBag from /home/airflow/.local/lib/python3.8/site-packages/airflow/example_dags/example_branch_labels.py
[2026-07-01T12:16:47.392+0000] {processor.py:840} INFO - DAG(s) 'example_branch_labels' retrieved from /home/airflow/.local/lib/python3.8/site-packages/airflow/example_dags/example_branch_labels.py
[2026-07-01T12:16:47.451+0000] {logging_mixin.py:188} INFO - [2026-07-01T12:16:47.450+0000] {dag.py:3036} INFO - Sync 1 DAGs
[2026-07-01T12:16:47.503+0000] {logging_mixin.py:188} INFO - [2026-07-01T12:16:47.502+0000] {dag.py:3823} INFO - Setting next_dagrun for example_branch_labels to 2026-06-30 00:00:00+00:00, run_after=2026-07-01 00:00:00+00:00
[2026-07-01T12:16:47.552+0000] {processor.py:183} INFO - Processing /home/airflow/.local/lib/python3.8/site-packages/airflow/example_dags/example_branch_labels.py took 0.202 seconds
[2026-07-01T12:17:17.997+0000] {processor.py:161} INFO - Started process (PID=1012) to work on /home/airflow/.local/lib/python3.8/site-packages/airflow/example_dags/example_branch_labels.py
[2026-07-01T12:17:18.000+0000] {processor.py:830} INFO - Processing file /home/airflow/.local/lib/python3.8/site-packages/airflow/example_dags/example_branch_labels.py for tasks to queue
[2026-07-01T12:17:18.005+0000] {logging_mixin.py:188} INFO - [2026-07-01T12:17:18.005+0000] {dagbag.py:538} INFO - Filling up the DagBag from /home/airflow/.local/lib/python3.8/site-packages/airflow/example_dags/example_branch_labels.py
[2026-07-01T12:17:18.024+0000] {processor.py:840} INFO - DAG(s) 'example_branch_labels' retrieved from /home/airflow/.local/lib/python3.8/site-packages/airflow/example_dags/example_branch_labels.py
[2026-07-01T12:17:18.079+0000] {logging_mixin.py:188} INFO - [2026-07-01T12:17:18.078+0000] {dag.py:3036} INFO - Sync 1 DAGs
[2026-07-01T12:17:18.133+0000] {logging_mixin.py:188} INFO - [2026-07-01T12:17:18.133+0000] {dag.py:3823} INFO - Setting next_dagrun for example_branch_labels to 2026-06-30 00:00:00+00:00, run_after=2026-07-01 00:00:00+00:00
[2026-07-01T12:17:18.175+0000] {processor.py:183} INFO - Processing /home/airflow/.local/lib/python3.8/site-packages/airflow/example_dags/example_branch_labels.py took 0.186 seconds
[2026-07-01T12:17:49.530+0000] {processor.py:161} INFO - Started process (PID=1068) to work on /home/airflow/.local/lib/python3.8/site-packages/airflow/example_dags/example_branch_labels.py
[2026-07-01T12:17:49.533+0000] {processor.py:830} INFO - Processing file /home/airflow/.local/lib/python3.8/site-packages/airflow/example_dags/example_branch_labels.py for tasks to queue
[2026-07-01T12:17:49.540+0000] {logging_mixin.py:188} INFO - [2026-07-01T12:17:49.539+0000] {dagbag.py:538} INFO - Filling up the DagBag from /home/airflow/.local/lib/python3.8/site-packages/airflow/example_dags/example_branch_labels.py
[2026-07-01T12:17:49.567+0000] {processor.py:840} INFO - DAG(s) 'example_branch_labels' retrieved from /home/airflow/.local/lib/python3.8/site-packages/airflow/example_dags/example_branch_labels.py
[2026-07-01T12:17:49.652+0000] {logging_mixin.py:188} INFO - [2026-07-01T12:17:49.652+0000] {dag.py:3036} INFO - Sync 1 DAGs
[2026-07-01T12:17:49.715+0000] {logging_mixin.py:188} INFO - [2026-07-01T12:17:49.715+0000] {dag.py:3823} INFO - Setting next_dagrun for example_branch_labels to 2026-06-30 00:00:00+00:00, run_after=2026-07-01 00:00:00+00:00
[2026-07-01T12:17:49.765+0000] {processor.py:183} INFO - Processing /home/airflow/.local/lib/python3.8/site-packages/airflow/example_dags/example_branch_labels.py took 0.249 seconds
[2026-07-01T12:18:22.563+0000] {processor.py:161} INFO - Started process (PID=1124) to work on /home/airflow/.local/lib/python3.8/site-packages/airflow/example_dags/example_branch_labels.py
[2026-07-01T12:18:22.568+0000] {processor.py:830} INFO - Processing file /home/airflow/.local/lib/python3.8/site-packages/airflow/example_dags/example_branch_labels.py for tasks to queue
[2026-07-01T12:18:22.574+0000] {logging_mixin.py:188} INFO - [2026-07-01T12:18:22.573+0000] {dagbag.py:538} INFO - Filling up the DagBag from /home/airflow/.local/lib/python3.8/site-packages/airflow/example_dags/example_branch_labels.py
[2026-07-01T12:18:22.598+0000] {processor.py:840} INFO - DAG(s) 'example_branch_labels' retrieved from /home/airflow/.local/lib/python3.8/site-packages/airflow/example_dags/example_branch_labels.py
[2026-07-01T12:18:22.704+0000] {logging_mixin.py:188} INFO - [2026-07-01T12:18:22.703+0000] {dag.py:3036} INFO - Sync 1 DAGs
[2026-07-01T12:18:22.845+0000] {logging_mixin.py:188} INFO - [2026-07-01T12:18:22.844+0000] {dag.py:3823} INFO - Setting next_dagrun for example_branch_labels to 2026-06-30 00:00:00+00:00, run_after=2026-07-01 00:00:00+00:00
[2026-07-01T12:18:22.893+0000] {processor.py:183} INFO - Processing /home/airflow/.local/lib/python3.8/site-packages/airflow/example_dags/example_branch_labels.py took 0.338 seconds
[2026-07-01T12:18:53.769+0000] {processor.py:161} INFO - Started process (PID=1180) to work on /home/airflow/.local/lib/python3.8/site-packages/airflow/example_dags/example_branch_labels.py
[2026-07-01T12:18:53.773+0000] {processor.py:830} INFO - Processing file /home/airflow/.local/lib/python3.8/site-packages/airflow/example_dags/example_branch_labels.py for tasks to queue
[2026-07-01T12:18:53.779+0000] {logging_mixin.py:188} INFO - [2026-07-01T12:18:53.778+0000] {dagbag.py:538} INFO - Filling up the DagBag from /home/airflow/.local/lib/python3.8/site-packages/airflow/example_dags/example_branch_labels.py
[2026-07-01T12:18:53.799+0000] {processor.py:840} INFO - DAG(s) 'example_branch_labels' retrieved from /home/airflow/.local/lib/python3.8/site-packages/airflow/example_dags/example_branch_labels.py
[2026-07-01T12:18:53.857+0000] {logging_mixin.py:188} INFO - [2026-07-01T12:18:53.856+0000] {dag.py:3036} INFO - Sync 1 DAGs
[2026-07-01T12:18:53.906+0000] {logging_mixin.py:188} INFO - [2026-07-01T12:18:53.906+0000] {dag.py:3823} INFO - Setting next_dagrun for example_branch_labels to 2026-06-30 00:00:00+00:00, run_after=2026-07-01 00:00:00+00:00
[2026-07-01T12:18:53.949+0000] {processor.py:183} INFO - Processing /home/airflow/.local/lib/python3.8/site-packages/airflow/example_dags/example_branch_labels.py took 0.189 seconds
[2026-07-01T12:19:24.389+0000] {processor.py:161} INFO - Started process (PID=1236) to work on /home/airflow/.local/lib/python3.8/site-packages/airflow/example_dags/example_branch_labels.py
[2026-07-01T12:19:24.393+0000] {processor.py:830} INFO - Processing file /home/airflow/.local/lib/python3.8/site-packages/airflow/example_dags/example_branch_labels.py for tasks to queue
[2026-07-01T12:19:24.405+0000] {logging_mixin.py:188} INFO - [2026-07-01T12:19:24.403+0000] {dagbag.py:538} INFO - Filling up the DagBag from /home/airflow/.local/lib/python3.8/site-packages/airflow/example_dags/example_branch_labels.py
[2026-07-01T12:19:24.450+0000] {processor.py:840} INFO - DAG(s) 'example_branch_labels' retrieved from /home/airflow/.local/lib/python3.8/site-packages/airflow/example_dags/example_branch_labels.py
[2026-07-01T12:19:24.570+0000] {logging_mixin.py:188} INFO - [2026-07-01T12:19:24.569+0000] {dag.py:3036} INFO - Sync 1 DAGs
[2026-07-01T12:19:24.666+0000] {logging_mixin.py:188} INFO - [2026-07-01T12:19:24.666+0000] {dag.py:3823} INFO - Setting next_dagrun for example_branch_labels to 2026-06-30 00:00:00+00:00, run_after=2026-07-01 00:00:00+00:00
[2026-07-01T12:19:24.754+0000] {processor.py:183} INFO - Processing /home/airflow/.local/lib/python3.8/site-packages/airflow/example_dags/example_branch_labels.py took 0.418 seconds
[2026-07-01T12:19:56.858+0000] {processor.py:161} INFO - Started process (PID=1292) to work on /home/airflow/.local/lib/python3.8/site-packages/airflow/example_dags/example_branch_labels.py
[2026-07-01T12:19:56.862+0000] {processor.py:830} INFO - Processing file /home/airflow/.local/lib/python3.8/site-packages/airflow/example_dags/example_branch_labels.py for tasks to queue
[2026-07-01T12:19:56.869+0000] {logging_mixin.py:188} INFO - [2026-07-01T12:19:56.868+0000] {dagbag.py:538} INFO - Filling up the DagBag from /home/airflow/.local/lib/python3.8/site-packages/airflow/example_dags/example_branch_labels.py
[2026-07-01T12:19:56.899+0000] {processor.py:840} INFO - DAG(s) 'example_branch_labels' retrieved from /home/airflow/.local/lib/python3.8/site-packages/airflow/example_dags/example_branch_labels.py
[2026-07-01T12:19:56.956+0000] {logging_mixin.py:188} INFO - [2026-07-01T12:19:56.955+0000] {dag.py:3036} INFO - Sync 1 DAGs
[2026-07-01T12:19:57.084+0000] {logging_mixin.py:188} INFO - [2026-07-01T12:19:57.083+0000] {dag.py:3823} INFO - Setting next_dagrun for example_branch_labels to 2026-06-30 00:00:00+00:00, run_after=2026-07-01 00:00:00+00:00
[2026-07-01T12:19:57.260+0000] {processor.py:183} INFO - Processing /home/airflow/.local/lib/python3.8/site-packages/airflow/example_dags/example_branch_labels.py took 0.428 seconds
[2026-07-01T12:20:30.906+0000] {processor.py:161} INFO - Started process (PID=1347) to work on /home/airflow/.local/lib/python3.8/site-packages/airflow/example_dags/example_branch_labels.py
[2026-07-01T12:20:30.912+0000] {processor.py:830} INFO - Processing file /home/airflow/.local/lib/python3.8/site-packages/airflow/example_dags/example_branch_labels.py for tasks to queue
[2026-07-01T12:20:30.921+0000] {logging_mixin.py:188} INFO - [2026-07-01T12:20:30.919+0000] {dagbag.py:538} INFO - Filling up the DagBag from /home/airflow/.local/lib/python3.8/site-packages/airflow/example_dags/example_branch_labels.py
[2026-07-01T12:20:30.967+0000] {processor.py:840} INFO - DAG(s) 'example_branch_labels' retrieved from /home/airflow/.local/lib/python3.8/site-packages/airflow/example_dags/example_branch_labels.py
[2026-07-01T12:20:31.387+0000] {logging_mixin.py:188} INFO - [2026-07-01T12:20:31.386+0000] {dag.py:3036} INFO - Sync 1 DAGs
[2026-07-01T12:20:31.466+0000] {logging_mixin.py:188} INFO - [2026-07-01T12:20:31.465+0000] {dag.py:3823} INFO - Setting next_dagrun for example_branch_labels to 2026-06-30 00:00:00+00:00, run_after=2026-07-01 00:00:00+00:00
[2026-07-01T12:20:31.534+0000] {processor.py:183} INFO - Processing /home/airflow/.local/lib/python3.8/site-packages/airflow/example_dags/example_branch_labels.py took 0.643 seconds
[2026-07-01T12:21:01.617+0000] {processor.py:161} INFO - Started process (PID=1403) to work on /home/airflow/.local/lib/python3.8/site-packages/airflow/example_dags/example_branch_labels.py
[2026-07-01T12:21:01.620+0000] {processor.py:830} INFO - Processing file /home/airflow/.local/lib/python3.8/site-packages/airflow/example_dags/example_branch_labels.py for tasks to queue
[2026-07-01T12:21:01.626+0000] {logging_mixin.py:188} INFO - [2026-07-01T12:21:01.625+0000] {dagbag.py:538} INFO - Filling up the DagBag from /home/airflow/.local/lib/python3.8/site-packages/airflow/example_dags/example_branch_labels.py
[2026-07-01T12:21:01.647+0000] {processor.py:840} INFO - DAG(s) 'example_branch_labels' retrieved from /home/airflow/.local/lib/python3.8/site-packages/airflow/example_dags/example_branch_labels.py
[2026-07-01T12:21:01.729+0000] {logging_mixin.py:188} INFO - [2026-07-01T12:21:01.728+0000] {dag.py:3036} INFO - Sync 1 DAGs
[2026-07-01T12:21:01.817+0000] {logging_mixin.py:188} INFO - [2026-07-01T12:21:01.817+0000] {dag.py:3823} INFO - Setting next_dagrun for example_branch_labels to 2026-06-30 00:00:00+00:00, run_after=2026-07-01 00:00:00+00:00
[2026-07-01T12:21:01.893+0000] {processor.py:183} INFO - Processing /home/airflow/.local/lib/python3.8/site-packages/airflow/example_dags/example_branch_labels.py took 0.286 seconds
[2026-07-01T12:21:32.253+0000] {processor.py:161} INFO - Started process (PID=1459) to work on /home/airflow/.local/lib/python3.8/site-packages/airflow/example_dags/example_branch_labels.py
[2026-07-01T12:21:32.257+0000] {processor.py:830} INFO - Processing file /home/airflow/.local/lib/python3.8/site-packages/airflow/example_dags/example_branch_labels.py for tasks to queue
[2026-07-01T12:21:32.263+0000] {logging_mixin.py:188} INFO - [2026-07-01T12:21:32.263+0000] {dagbag.py:538} INFO - Filling up the DagBag from /home/airflow/.local/lib/python3.8/site-packages/airflow/example_dags/example_branch_labels.py
[2026-07-01T12:21:32.290+0000] {processor.py:840} INFO - DAG(s) 'example_branch_labels' retrieved from /home/airflow/.local/lib/python3.8/site-packages/airflow/example_dags/example_branch_labels.py
[2026-07-01T12:21:32.352+0000] {logging_mixin.py:188} INFO - [2026-07-01T12:21:32.352+0000] {dag.py:3036} INFO - Sync 1 DAGs
[2026-07-01T12:21:32.415+0000] {logging_mixin.py:188} INFO - [2026-07-01T12:21:32.415+0000] {dag.py:3823} INFO - Setting next_dagrun for example_branch_labels to 2026-06-30 00:00:00+00:00, run_after=2026-07-01 00:00:00+00:00
[2026-07-01T12:21:32.468+0000] {processor.py:183} INFO - Processing /home/airflow/.local/lib/python3.8/site-packages/airflow/example_dags/example_branch_labels.py took 0.227 seconds
[2026-07-01T12:22:02.754+0000] {processor.py:161} INFO - Started process (PID=1515) to work on /home/airflow/.local/lib/python3.8/site-packages/airflow/example_dags/example_branch_labels.py
[2026-07-01T12:22:02.761+0000] {processor.py:830} INFO - Processing file /home/airflow/.local/lib/python3.8/site-packages/airflow/example_dags/example_branch_labels.py for tasks to queue
[2026-07-01T12:22:02.767+0000] {logging_mixin.py:188} INFO - [2026-07-01T12:22:02.766+0000] {dagbag.py:538} INFO - Filling up the DagBag from /home/airflow/.local/lib/python3.8/site-packages/airflow/example_dags/example_branch_labels.py
[2026-07-01T12:22:02.792+0000] {processor.py:840} INFO - DAG(s) 'example_branch_labels' retrieved from /home/airflow/.local/lib/python3.8/site-packages/airflow/example_dags/example_branch_labels.py
[2026-07-01T12:22:02.868+0000] {logging_mixin.py:188} INFO - [2026-07-01T12:22:02.867+0000] {dag.py:3036} INFO - Sync 1 DAGs
[2026-07-01T12:22:02.955+0000] {logging_mixin.py:188} INFO - [2026-07-01T12:22:02.954+0000] {dag.py:3823} INFO - Setting next_dagrun for example_branch_labels to 2026-06-30 00:00:00+00:00, run_after=2026-07-01 00:00:00+00:00
[2026-07-01T12:22:03.018+0000] {processor.py:183} INFO - Processing /home/airflow/.local/lib/python3.8/site-packages/airflow/example_dags/example_branch_labels.py took 0.274 seconds
[2026-07-01T12:22:33.379+0000] {processor.py:161} INFO - Started process (PID=1571) to work on /home/airflow/.local/lib/python3.8/site-packages/airflow/example_dags/example_branch_labels.py
[2026-07-01T12:22:33.382+0000] {processor.py:830} INFO - Processing file /home/airflow/.local/lib/python3.8/site-packages/airflow/example_dags/example_branch_labels.py for tasks to queue
[2026-07-01T12:22:33.388+0000] {logging_mixin.py:188} INFO - [2026-07-01T12:22:33.387+0000] {dagbag.py:538} INFO - Filling up the DagBag from /home/airflow/.local/lib/python3.8/site-packages/airflow/example_dags/example_branch_labels.py
[2026-07-01T12:22:33.408+0000] {processor.py:840} INFO - DAG(s) 'example_branch_labels' retrieved from /home/airflow/.local/lib/python3.8/site-packages/airflow/example_dags/example_branch_labels.py
[2026-07-01T12:22:33.460+0000] {logging_mixin.py:188} INFO - [2026-07-01T12:22:33.460+0000] {dag.py:3036} INFO - Sync 1 DAGs
[2026-07-01T12:22:33.513+0000] {logging_mixin.py:188} INFO - [2026-07-01T12:22:33.513+0000] {dag.py:3823} INFO - Setting next_dagrun for example_branch_labels to 2026-06-30 00:00:00+00:00, run_after=2026-07-01 00:00:00+00:00
[2026-07-01T12:22:33.569+0000] {processor.py:183} INFO - Processing /home/airflow/.local/lib/python3.8/site-packages/airflow/example_dags/example_branch_labels.py took 0.199 seconds
[2026-07-01T12:23:04.414+0000] {processor.py:161} INFO - Started process (PID=1627) to work on /home/airflow/.local/lib/python3.8/site-packages/airflow/example_dags/example_branch_labels.py
[2026-07-01T12:23:04.418+0000] {processor.py:830} INFO - Processing file /home/airflow/.local/lib/python3.8/site-packages/airflow/example_dags/example_branch_labels.py for tasks to queue
[2026-07-01T12:23:04.427+0000] {logging_mixin.py:188} INFO - [2026-07-01T12:23:04.426+0000] {dagbag.py:538} INFO - Filling up the DagBag from /home/airflow/.local/lib/python3.8/site-packages/airflow/example_dags/example_branch_labels.py
[2026-07-01T12:23:04.466+0000] {processor.py:840} INFO - DAG(s) 'example_branch_labels' retrieved from /home/airflow/.local/lib/python3.8/site-packages/airflow/example_dags/example_branch_labels.py
[2026-07-01T12:23:04.580+0000] {logging_mixin.py:188} INFO - [2026-07-01T12:23:04.580+0000] {dag.py:3036} INFO - Sync 1 DAGs
[2026-07-01T12:23:04.679+0000] {logging_mixin.py:188} INFO - [2026-07-01T12:23:04.679+0000] {dag.py:3823} INFO - Setting next_dagrun for example_branch_labels to 2026-06-30 00:00:00+00:00, run_after=2026-07-01 00:00:00+00:00
[2026-07-01T12:23:04.742+0000] {processor.py:183} INFO - Processing /home/airflow/.local/lib/python3.8/site-packages/airflow/example_dags/example_branch_labels.py took 0.350 seconds
[2026-07-01T12:23:35.280+0000] {processor.py:161} INFO - Started process (PID=1683) to work on /home/airflow/.local/lib/python3.8/site-packages/airflow/example_dags/example_branch_labels.py
[2026-07-01T12:23:35.288+0000] {processor.py:830} INFO - Processing file /home/airflow/.local/lib/python3.8/site-packages/airflow/example_dags/example_branch_labels.py for tasks to queue
[2026-07-01T12:23:35.302+0000] {logging_mixin.py:188} INFO - [2026-07-01T12:23:35.298+0000] {dagbag.py:538} INFO - Filling up the DagBag from /home/airflow/.local/lib/python3.8/site-packages/airflow/example_dags/example_branch_labels.py
[2026-07-01T12:23:35.360+0000] {processor.py:840} INFO - DAG(s) 'example_branch_labels' retrieved from /home/airflow/.local/lib/python3.8/site-packages/airflow/example_dags/example_branch_labels.py
[2026-07-01T12:23:35.491+0000] {logging_mixin.py:188} INFO - [2026-07-01T12:23:35.489+0000] {dag.py:3036} INFO - Sync 1 DAGs
[2026-07-01T12:23:35.646+0000] {logging_mixin.py:188} INFO - [2026-07-01T12:23:35.645+0000] {dag.py:3823} INFO - Setting next_dagrun for example_branch_labels to 2026-06-30 00:00:00+00:00, run_after=2026-07-01 00:00:00+00:00
[2026-07-01T12:23:35.730+0000] {processor.py:183} INFO - Processing /home/airflow/.local/lib/python3.8/site-packages/airflow/example_dags/example_branch_labels.py took 0.472 seconds
[2026-07-01T12:24:06.302+0000] {processor.py:161} INFO - Started process (PID=1745) to work on /home/airflow/.local/lib/python3.8/site-packages/airflow/example_dags/example_branch_labels.py
[2026-07-01T12:24:06.306+0000] {processor.py:830} INFO - Processing file /home/airflow/.local/lib/python3.8/site-packages/airflow/example_dags/example_branch_labels.py for tasks to queue
[2026-07-01T12:24:06.312+0000] {logging_mixin.py:188} INFO - [2026-07-01T12:24:06.311+0000] {dagbag.py:538} INFO - Filling up the DagBag from /home/airflow/.local/lib/python3.8/site-packages/airflow/example_dags/example_branch_labels.py
[2026-07-01T12:24:06.339+0000] {processor.py:840} INFO - DAG(s) 'example_branch_labels' retrieved from /home/airflow/.local/lib/python3.8/site-packages/airflow/example_dags/example_branch_labels.py
[2026-07-01T12:24:06.401+0000] {logging_mixin.py:188} INFO - [2026-07-01T12:24:06.401+0000] {dag.py:3036} INFO - Sync 1 DAGs
[2026-07-01T12:24:06.467+0000] {logging_mixin.py:188} INFO - [2026-07-01T12:24:06.466+0000] {dag.py:3823} INFO - Setting next_dagrun for example_branch_labels to 2026-06-30 00:00:00+00:00, run_after=2026-07-01 00:00:00+00:00
[2026-07-01T12:24:06.523+0000] {processor.py:183} INFO - Processing /home/airflow/.local/lib/python3.8/site-packages/airflow/example_dags/example_branch_labels.py took 0.231 seconds
[2026-07-01T12:24:37.180+0000] {processor.py:161} INFO - Started process (PID=1799) to work on /home/airflow/.local/lib/python3.8/site-packages/airflow/example_dags/example_branch_labels.py
[2026-07-01T12:24:37.183+0000] {processor.py:830} INFO - Processing file /home/airflow/.local/lib/python3.8/site-packages/airflow/example_dags/example_branch_labels.py for tasks to queue
[2026-07-01T12:24:37.188+0000] {logging_mixin.py:188} INFO - [2026-07-01T12:24:37.188+0000] {dagbag.py:538} INFO - Filling up the DagBag from /home/airflow/.local/lib/python3.8/site-packages/airflow/example_dags/example_branch_labels.py
[2026-07-01T12:24:37.208+0000] {processor.py:840} INFO - DAG(s) 'example_branch_labels' retrieved from /home/airflow/.local/lib/python3.8/site-packages/airflow/example_dags/example_branch_labels.py
[2026-07-01T12:24:37.271+0000] {logging_mixin.py:188} INFO - [2026-07-01T12:24:37.270+0000] {dag.py:3036} INFO - Sync 1 DAGs
[2026-07-01T12:24:37.330+0000] {logging_mixin.py:188} INFO - [2026-07-01T12:24:37.330+0000] {dag.py:3823} INFO - Setting next_dagrun for example_branch_labels to 2026-06-30 00:00:00+00:00, run_after=2026-07-01 00:00:00+00:00
[2026-07-01T12:24:37.375+0000] {processor.py:183} INFO - Processing /home/airflow/.local/lib/python3.8/site-packages/airflow/example_dags/example_branch_labels.py took 0.203 seconds
[2026-07-01T12:25:08.133+0000] {processor.py:161} INFO - Started process (PID=1855) to work on /home/airflow/.local/lib/python3.8/site-packages/airflow/example_dags/example_branch_labels.py
[2026-07-01T12:25:08.137+0000] {processor.py:830} INFO - Processing file /home/airflow/.local/lib/python3.8/site-packages/airflow/example_dags/example_branch_labels.py for tasks to queue
[2026-07-01T12:25:08.143+0000] {logging_mixin.py:188} INFO - [2026-07-01T12:25:08.142+0000] {dagbag.py:538} INFO - Filling up the DagBag from /home/airflow/.local/lib/python3.8/site-packages/airflow/example_dags/example_branch_labels.py
[2026-07-01T12:25:08.167+0000] {processor.py:840} INFO - DAG(s) 'example_branch_labels' retrieved from /home/airflow/.local/lib/python3.8/site-packages/airflow/example_dags/example_branch_labels.py
[2026-07-01T12:25:08.228+0000] {logging_mixin.py:188} INFO - [2026-07-01T12:25:08.227+0000] {dag.py:3036} INFO - Sync 1 DAGs
[2026-07-01T12:25:08.294+0000] {logging_mixin.py:188} INFO - [2026-07-01T12:25:08.293+0000] {dag.py:3823} INFO - Setting next_dagrun for example_branch_labels to 2026-06-30 00:00:00+00:00, run_after=2026-07-01 00:00:00+00:00
[2026-07-01T12:25:08.340+0000] {processor.py:183} INFO - Processing /home/airflow/.local/lib/python3.8/site-packages/airflow/example_dags/example_branch_labels.py took 0.216 seconds
[2026-07-01T12:25:38.520+0000] {processor.py:161} INFO - Started process (PID=1911) to work on /home/airflow/.local/lib/python3.8/site-packages/airflow/example_dags/example_branch_labels.py
[2026-07-01T12:25:38.525+0000] {processor.py:830} INFO - Processing file /home/airflow/.local/lib/python3.8/site-packages/airflow/example_dags/example_branch_labels.py for tasks to queue
[2026-07-01T12:25:38.534+0000] {logging_mixin.py:188} INFO - [2026-07-01T12:25:38.533+0000] {dagbag.py:538} INFO - Filling up the DagBag from /home/airflow/.local/lib/python3.8/site-packages/airflow/example_dags/example_branch_labels.py
[2026-07-01T12:25:38.569+0000] {processor.py:840} INFO - DAG(s) 'example_branch_labels' retrieved from /home/airflow/.local/lib/python3.8/site-packages/airflow/example_dags/example_branch_labels.py
[2026-07-01T12:25:38.660+0000] {logging_mixin.py:188} INFO - [2026-07-01T12:25:38.659+0000] {dag.py:3036} INFO - Sync 1 DAGs
[2026-07-01T12:25:38.746+0000] {logging_mixin.py:188} INFO - [2026-07-01T12:25:38.745+0000] {dag.py:3823} INFO - Setting next_dagrun for example_branch_labels to 2026-06-30 00:00:00+00:00, run_after=2026-07-01 00:00:00+00:00
[2026-07-01T12:25:38.807+0000] {processor.py:183} INFO - Processing /home/airflow/.local/lib/python3.8/site-packages/airflow/example_dags/example_branch_labels.py took 0.302 seconds
[2026-07-01T12:26:09.375+0000] {processor.py:161} INFO - Started process (PID=1967) to work on /home/airflow/.local/lib/python3.8/site-packages/airflow/example_dags/example_branch_labels.py
[2026-07-01T12:26:09.379+0000] {processor.py:830} INFO - Processing file /home/airflow/.local/lib/python3.8/site-packages/airflow/example_dags/example_branch_labels.py for tasks to queue
[2026-07-01T12:26:09.384+0000] {logging_mixin.py:188} INFO - [2026-07-01T12:26:09.383+0000] {dagbag.py:538} INFO - Filling up the DagBag from /home/airflow/.local/lib/python3.8/site-packages/airflow/example_dags/example_branch_labels.py
[2026-07-01T12:26:09.405+0000] {processor.py:840} INFO - DAG(s) 'example_branch_labels' retrieved from /home/airflow/.local/lib/python3.8/site-packages/airflow/example_dags/example_branch_labels.py
[2026-07-01T12:26:09.458+0000] {logging_mixin.py:188} INFO - [2026-07-01T12:26:09.458+0000] {dag.py:3036} INFO - Sync 1 DAGs
[2026-07-01T12:26:09.528+0000] {logging_mixin.py:188} INFO - [2026-07-01T12:26:09.528+0000] {dag.py:3823} INFO - Setting next_dagrun for example_branch_labels to 2026-06-30 00:00:00+00:00, run_after=2026-07-01 00:00:00+00:00
[2026-07-01T12:26:09.565+0000] {processor.py:183} INFO - Processing /home/airflow/.local/lib/python3.8/site-packages/airflow/example_dags/example_branch_labels.py took 0.199 seconds
[2026-07-01T12:26:40.111+0000] {processor.py:161} INFO - Started process (PID=2023) to work on /home/airflow/.local/lib/python3.8/site-packages/airflow/example_dags/example_branch_labels.py
[2026-07-01T12:26:40.114+0000] {processor.py:830} INFO - Processing file /home/airflow/.local/lib/python3.8/site-packages/airflow/example_dags/example_branch_labels.py for tasks to queue
[2026-07-01T12:26:40.121+0000] {logging_mixin.py:188} INFO - [2026-07-01T12:26:40.120+0000] {dagbag.py:538} INFO - Filling up the DagBag from /home/airflow/.local/lib/python3.8/site-packages/airflow/example_dags/example_branch_labels.py
[2026-07-01T12:26:40.144+0000] {processor.py:840} INFO - DAG(s) 'example_branch_labels' retrieved from /home/airflow/.local/lib/python3.8/site-packages/airflow/example_dags/example_branch_labels.py
[2026-07-01T12:26:40.203+0000] {logging_mixin.py:188} INFO - [2026-07-01T12:26:40.203+0000] {dag.py:3036} INFO - Sync 1 DAGs
[2026-07-01T12:26:40.261+0000] {logging_mixin.py:188} INFO - [2026-07-01T12:26:40.261+0000] {dag.py:3823} INFO - Setting next_dagrun for example_branch_labels to 2026-06-30 00:00:00+00:00, run_after=2026-07-01 00:00:00+00:00
[2026-07-01T12:26:40.305+0000] {processor.py:183} INFO - Processing /home/airflow/.local/lib/python3.8/site-packages/airflow/example_dags/example_branch_labels.py took 0.206 seconds
[2026-07-01T12:27:11.096+0000] {processor.py:161} INFO - Started process (PID=2079) to work on /home/airflow/.local/lib/python3.8/site-packages/airflow/example_dags/example_branch_labels.py
[2026-07-01T12:27:11.099+0000] {processor.py:830} INFO - Processing file /home/airflow/.local/lib/python3.8/site-packages/airflow/example_dags/example_branch_labels.py for tasks to queue
[2026-07-01T12:27:11.106+0000] {logging_mixin.py:188} INFO - [2026-07-01T12:27:11.105+0000] {dagbag.py:538} INFO - Filling up the DagBag from /home/airflow/.local/lib/python3.8/site-packages/airflow/example_dags/example_branch_labels.py
[2026-07-01T12:27:11.129+0000] {processor.py:840} INFO - DAG(s) 'example_branch_labels' retrieved from /home/airflow/.local/lib/python3.8/site-packages/airflow/example_dags/example_branch_labels.py
[2026-07-01T12:27:11.185+0000] {logging_mixin.py:188} INFO - [2026-07-01T12:27:11.185+0000] {dag.py:3036} INFO - Sync 1 DAGs
[2026-07-01T12:27:11.238+0000] {logging_mixin.py:188} INFO - [2026-07-01T12:27:11.237+0000] {dag.py:3823} INFO - Setting next_dagrun for example_branch_labels to 2026-06-30 00:00:00+00:00, run_after=2026-07-01 00:00:00+00:00
[2026-07-01T12:27:11.278+0000] {processor.py:183} INFO - Processing /home/airflow/.local/lib/python3.8/site-packages/airflow/example_dags/example_branch_labels.py took 0.193 seconds
[2026-07-01T12:27:41.656+0000] {processor.py:161} INFO - Started process (PID=2134) to work on /home/airflow/.local/lib/python3.8/site-packages/airflow/example_dags/example_branch_labels.py
[2026-07-01T12:27:41.659+0000] {processor.py:830} INFO - Processing file /home/airflow/.local/lib/python3.8/site-packages/airflow/example_dags/example_branch_labels.py for tasks to queue
[2026-07-01T12:27:41.665+0000] {logging_mixin.py:188} INFO - [2026-07-01T12:27:41.664+0000] {dagbag.py:538} INFO - Filling up the DagBag from /home/airflow/.local/lib/python3.8/site-packages/airflow/example_dags/example_branch_labels.py
[2026-07-01T12:27:41.685+0000] {processor.py:840} INFO - DAG(s) 'example_branch_labels' retrieved from /home/airflow/.local/lib/python3.8/site-packages/airflow/example_dags/example_branch_labels.py
[2026-07-01T12:27:41.732+0000] {logging_mixin.py:188} INFO - [2026-07-01T12:27:41.732+0000] {dag.py:3036} INFO - Sync 1 DAGs
[2026-07-01T12:27:41.782+0000] {logging_mixin.py:188} INFO - [2026-07-01T12:27:41.782+0000] {dag.py:3823} INFO - Setting next_dagrun for example_branch_labels to 2026-06-30 00:00:00+00:00, run_after=2026-07-01 00:00:00+00:00
[2026-07-01T12:27:41.821+0000] {processor.py:183} INFO - Processing /home/airflow/.local/lib/python3.8/site-packages/airflow/example_dags/example_branch_labels.py took 0.174 seconds
[2026-07-01T12:28:12.010+0000] {processor.py:161} INFO - Started process (PID=2190) to work on /home/airflow/.local/lib/python3.8/site-packages/airflow/example_dags/example_branch_labels.py
[2026-07-01T12:28:12.013+0000] {processor.py:830} INFO - Processing file /home/airflow/.local/lib/python3.8/site-packages/airflow/example_dags/example_branch_labels.py for tasks to queue
[2026-07-01T12:28:12.021+0000] {logging_mixin.py:188} INFO - [2026-07-01T12:28:12.020+0000] {dagbag.py:538} INFO - Filling up the DagBag from /home/airflow/.local/lib/python3.8/site-packages/airflow/example_dags/example_branch_labels.py
[2026-07-01T12:28:12.047+0000] {processor.py:840} INFO - DAG(s) 'example_branch_labels' retrieved from /home/airflow/.local/lib/python3.8/site-packages/airflow/example_dags/example_branch_labels.py
[2026-07-01T12:28:12.100+0000] {logging_mixin.py:188} INFO - [2026-07-01T12:28:12.100+0000] {dag.py:3036} INFO - Sync 1 DAGs
[2026-07-01T12:28:12.156+0000] {logging_mixin.py:188} INFO - [2026-07-01T12:28:12.156+0000] {dag.py:3823} INFO - Setting next_dagrun for example_branch_labels to 2026-06-30 00:00:00+00:00, run_after=2026-07-01 00:00:00+00:00
[2026-07-01T12:28:12.196+0000] {processor.py:183} INFO - Processing /home/airflow/.local/lib/python3.8/site-packages/airflow/example_dags/example_branch_labels.py took 0.197 seconds
[2026-07-01T12:28:42.611+0000] {processor.py:161} INFO - Started process (PID=2247) to work on /home/airflow/.local/lib/python3.8/site-packages/airflow/example_dags/example_branch_labels.py
[2026-07-01T12:28:42.615+0000] {processor.py:830} INFO - Processing file /home/airflow/.local/lib/python3.8/site-packages/airflow/example_dags/example_branch_labels.py for tasks to queue
[2026-07-01T12:28:42.622+0000] {logging_mixin.py:188} INFO - [2026-07-01T12:28:42.621+0000] {dagbag.py:538} INFO - Filling up the DagBag from /home/airflow/.local/lib/python3.8/site-packages/airflow/example_dags/example_branch_labels.py
[2026-07-01T12:28:42.648+0000] {processor.py:840} INFO - DAG(s) 'example_branch_labels' retrieved from /home/airflow/.local/lib/python3.8/site-packages/airflow/example_dags/example_branch_labels.py
[2026-07-01T12:28:42.704+0000] {logging_mixin.py:188} INFO - [2026-07-01T12:28:42.703+0000] {dag.py:3036} INFO - Sync 1 DAGs
[2026-07-01T12:28:42.761+0000] {logging_mixin.py:188} INFO - [2026-07-01T12:28:42.760+0000] {dag.py:3823} INFO - Setting next_dagrun for example_branch_labels to 2026-06-30 00:00:00+00:00, run_after=2026-07-01 00:00:00+00:00
[2026-07-01T12:28:42.801+0000] {processor.py:183} INFO - Processing /home/airflow/.local/lib/python3.8/site-packages/airflow/example_dags/example_branch_labels.py took 0.203 seconds
[2026-07-01T12:29:13.257+0000] {processor.py:161} INFO - Started process (PID=2304) to work on /home/airflow/.local/lib/python3.8/site-packages/airflow/example_dags/example_branch_labels.py
[2026-07-01T12:29:13.260+0000] {processor.py:830} INFO - Processing file /home/airflow/.local/lib/python3.8/site-packages/airflow/example_dags/example_branch_labels.py for tasks to queue
[2026-07-01T12:29:13.266+0000] {logging_mixin.py:188} INFO - [2026-07-01T12:29:13.265+0000] {dagbag.py:538} INFO - Filling up the DagBag from /home/airflow/.local/lib/python3.8/site-packages/airflow/example_dags/example_branch_labels.py
[2026-07-01T12:29:13.301+0000] {processor.py:840} INFO - DAG(s) 'example_branch_labels' retrieved from /home/airflow/.local/lib/python3.8/site-packages/airflow/example_dags/example_branch_labels.py
[2026-07-01T12:29:13.365+0000] {logging_mixin.py:188} INFO - [2026-07-01T12:29:13.365+0000] {dag.py:3036} INFO - Sync 1 DAGs
[2026-07-01T12:29:13.438+0000] {logging_mixin.py:188} INFO - [2026-07-01T12:29:13.437+0000] {dag.py:3823} INFO - Setting next_dagrun for example_branch_labels to 2026-06-30 00:00:00+00:00, run_after=2026-07-01 00:00:00+00:00
[2026-07-01T12:29:13.490+0000] {processor.py:183} INFO - Processing /home/airflow/.local/lib/python3.8/site-packages/airflow/example_dags/example_branch_labels.py took 0.243 seconds
[2026-07-01T12:29:43.789+0000] {processor.py:161} INFO - Started process (PID=2360) to work on /home/airflow/.local/lib/python3.8/site-packages/airflow/example_dags/example_branch_labels.py
[2026-07-01T12:29:43.792+0000] {processor.py:830} INFO - Processing file /home/airflow/.local/lib/python3.8/site-packages/airflow/example_dags/example_branch_labels.py for tasks to queue
[2026-07-01T12:29:43.798+0000] {logging_mixin.py:188} INFO - [2026-07-01T12:29:43.797+0000] {dagbag.py:538} INFO - Filling up the DagBag from /home/airflow/.local/lib/python3.8/site-packages/airflow/example_dags/example_branch_labels.py
[2026-07-01T12:29:43.820+0000] {processor.py:840} INFO - DAG(s) 'example_branch_labels' retrieved from /home/airflow/.local/lib/python3.8/site-packages/airflow/example_dags/example_branch_labels.py
[2026-07-01T12:29:43.885+0000] {logging_mixin.py:188} INFO - [2026-07-01T12:29:43.884+0000] {dag.py:3036} INFO - Sync 1 DAGs
[2026-07-01T12:29:43.961+0000] {logging_mixin.py:188} INFO - [2026-07-01T12:29:43.960+0000] {dag.py:3823} INFO - Setting next_dagrun for example_branch_labels to 2026-06-30 00:00:00+00:00, run_after=2026-07-01 00:00:00+00:00
[2026-07-01T12:29:44.014+0000] {processor.py:183} INFO - Processing /home/airflow/.local/lib/python3.8/site-packages/airflow/example_dags/example_branch_labels.py took 0.234 seconds
