[2026-07-01T11:58:37.327+0000] {processor.py:161} INFO - Started process (PID=116) to work on /home/airflow/.local/lib/python3.8/site-packages/airflow/example_dags/example_latest_only_with_trigger.py
[2026-07-01T11:58:37.331+0000] {processor.py:830} INFO - Processing file /home/airflow/.local/lib/python3.8/site-packages/airflow/example_dags/example_latest_only_with_trigger.py for tasks to queue
[2026-07-01T11:58:37.338+0000] {logging_mixin.py:188} INFO - [2026-07-01T11:58:37.337+0000] {dagbag.py:538} INFO - Filling up the DagBag from /home/airflow/.local/lib/python3.8/site-packages/airflow/example_dags/example_latest_only_with_trigger.py
[2026-07-01T11:58:37.370+0000] {processor.py:840} INFO - DAG(s) 'latest_only_with_trigger' retrieved from /home/airflow/.local/lib/python3.8/site-packages/airflow/example_dags/example_latest_only_with_trigger.py
[2026-07-01T11:58:37.899+0000] {logging_mixin.py:188} INFO - [2026-07-01T11:58:37.898+0000] {dag.py:3036} INFO - Sync 1 DAGs
[2026-07-01T11:58:37.986+0000] {logging_mixin.py:188} INFO - [2026-07-01T11:58:37.985+0000] {dag.py:3823} INFO - Setting next_dagrun for latest_only_with_trigger to 2026-07-01 04:00:00+00:00, run_after=2026-07-01 08:00:00+00:00
[2026-07-01T11:58:38.101+0000] {processor.py:183} INFO - Processing /home/airflow/.local/lib/python3.8/site-packages/airflow/example_dags/example_latest_only_with_trigger.py took 0.785 seconds
[2026-07-01T11:59:08.342+0000] {processor.py:161} INFO - Started process (PID=171) to work on /home/airflow/.local/lib/python3.8/site-packages/airflow/example_dags/example_latest_only_with_trigger.py
[2026-07-01T11:59:08.346+0000] {processor.py:830} INFO - Processing file /home/airflow/.local/lib/python3.8/site-packages/airflow/example_dags/example_latest_only_with_trigger.py for tasks to queue
[2026-07-01T11:59:08.351+0000] {logging_mixin.py:188} INFO - [2026-07-01T11:59:08.350+0000] {dagbag.py:538} INFO - Filling up the DagBag from /home/airflow/.local/lib/python3.8/site-packages/airflow/example_dags/example_latest_only_with_trigger.py
[2026-07-01T11:59:08.376+0000] {processor.py:840} INFO - DAG(s) 'latest_only_with_trigger' retrieved from /home/airflow/.local/lib/python3.8/site-packages/airflow/example_dags/example_latest_only_with_trigger.py
[2026-07-01T11:59:08.443+0000] {logging_mixin.py:188} INFO - [2026-07-01T11:59:08.443+0000] {dag.py:3036} INFO - Sync 1 DAGs
[2026-07-01T11:59:08.521+0000] {logging_mixin.py:188} INFO - [2026-07-01T11:59:08.520+0000] {dag.py:3823} INFO - Setting next_dagrun for latest_only_with_trigger to 2026-07-01 04:00:00+00:00, run_after=2026-07-01 08:00:00+00:00
[2026-07-01T11:59:08.603+0000] {processor.py:183} INFO - Processing /home/airflow/.local/lib/python3.8/site-packages/airflow/example_dags/example_latest_only_with_trigger.py took 0.269 seconds
[2026-07-01T11:59:38.760+0000] {processor.py:161} INFO - Started process (PID=226) to work on /home/airflow/.local/lib/python3.8/site-packages/airflow/example_dags/example_latest_only_with_trigger.py
[2026-07-01T11:59:38.763+0000] {processor.py:830} INFO - Processing file /home/airflow/.local/lib/python3.8/site-packages/airflow/example_dags/example_latest_only_with_trigger.py for tasks to queue
[2026-07-01T11:59:38.768+0000] {logging_mixin.py:188} INFO - [2026-07-01T11:59:38.767+0000] {dagbag.py:538} INFO - Filling up the DagBag from /home/airflow/.local/lib/python3.8/site-packages/airflow/example_dags/example_latest_only_with_trigger.py
[2026-07-01T11:59:38.783+0000] {processor.py:840} INFO - DAG(s) 'latest_only_with_trigger' retrieved from /home/airflow/.local/lib/python3.8/site-packages/airflow/example_dags/example_latest_only_with_trigger.py
[2026-07-01T11:59:38.832+0000] {logging_mixin.py:188} INFO - [2026-07-01T11:59:38.832+0000] {dag.py:3036} INFO - Sync 1 DAGs
[2026-07-01T11:59:38.886+0000] {logging_mixin.py:188} INFO - [2026-07-01T11:59:38.885+0000] {dag.py:3823} INFO - Setting next_dagrun for latest_only_with_trigger to 2026-07-01 04:00:00+00:00, run_after=2026-07-01 08:00:00+00:00
[2026-07-01T11:59:38.941+0000] {processor.py:183} INFO - Processing /home/airflow/.local/lib/python3.8/site-packages/airflow/example_dags/example_latest_only_with_trigger.py took 0.189 seconds
[2026-07-01T12:00:09.195+0000] {processor.py:161} INFO - Started process (PID=281) to work on /home/airflow/.local/lib/python3.8/site-packages/airflow/example_dags/example_latest_only_with_trigger.py
[2026-07-01T12:00:09.200+0000] {processor.py:830} INFO - Processing file /home/airflow/.local/lib/python3.8/site-packages/airflow/example_dags/example_latest_only_with_trigger.py for tasks to queue
[2026-07-01T12:00:09.211+0000] {logging_mixin.py:188} INFO - [2026-07-01T12:00:09.210+0000] {dagbag.py:538} INFO - Filling up the DagBag from /home/airflow/.local/lib/python3.8/site-packages/airflow/example_dags/example_latest_only_with_trigger.py
[2026-07-01T12:00:09.246+0000] {processor.py:840} INFO - DAG(s) 'latest_only_with_trigger' retrieved from /home/airflow/.local/lib/python3.8/site-packages/airflow/example_dags/example_latest_only_with_trigger.py
[2026-07-01T12:00:09.303+0000] {logging_mixin.py:188} INFO - [2026-07-01T12:00:09.301+0000] {dag.py:3036} INFO - Sync 1 DAGs
[2026-07-01T12:00:09.391+0000] {logging_mixin.py:188} INFO - [2026-07-01T12:00:09.390+0000] {dag.py:3823} INFO - Setting next_dagrun for latest_only_with_trigger to 2026-07-01 08:00:00+00:00, run_after=2026-07-01 12:00:00+00:00
[2026-07-01T12:00:09.476+0000] {processor.py:183} INFO - Processing /home/airflow/.local/lib/python3.8/site-packages/airflow/example_dags/example_latest_only_with_trigger.py took 0.301 seconds
[2026-07-01T12:00:40.203+0000] {processor.py:161} INFO - Started process (PID=336) to work on /home/airflow/.local/lib/python3.8/site-packages/airflow/example_dags/example_latest_only_with_trigger.py
[2026-07-01T12:00:40.209+0000] {processor.py:830} INFO - Processing file /home/airflow/.local/lib/python3.8/site-packages/airflow/example_dags/example_latest_only_with_trigger.py for tasks to queue
[2026-07-01T12:00:40.217+0000] {logging_mixin.py:188} INFO - [2026-07-01T12:00:40.216+0000] {dagbag.py:538} INFO - Filling up the DagBag from /home/airflow/.local/lib/python3.8/site-packages/airflow/example_dags/example_latest_only_with_trigger.py
[2026-07-01T12:00:40.235+0000] {processor.py:840} INFO - DAG(s) 'latest_only_with_trigger' retrieved from /home/airflow/.local/lib/python3.8/site-packages/airflow/example_dags/example_latest_only_with_trigger.py
[2026-07-01T12:00:40.497+0000] {logging_mixin.py:188} INFO - [2026-07-01T12:00:40.496+0000] {dag.py:3036} INFO - Sync 1 DAGs
[2026-07-01T12:00:40.556+0000] {logging_mixin.py:188} INFO - [2026-07-01T12:00:40.556+0000] {dag.py:3823} INFO - Setting next_dagrun for latest_only_with_trigger to 2026-07-01 08:00:00+00:00, run_after=2026-07-01 12:00:00+00:00
[2026-07-01T12:00:40.608+0000] {processor.py:183} INFO - Processing /home/airflow/.local/lib/python3.8/site-packages/airflow/example_dags/example_latest_only_with_trigger.py took 0.414 seconds
[2026-07-01T12:01:10.740+0000] {processor.py:161} INFO - Started process (PID=391) to work on /home/airflow/.local/lib/python3.8/site-packages/airflow/example_dags/example_latest_only_with_trigger.py
[2026-07-01T12:01:10.744+0000] {processor.py:830} INFO - Processing file /home/airflow/.local/lib/python3.8/site-packages/airflow/example_dags/example_latest_only_with_trigger.py for tasks to queue
[2026-07-01T12:01:10.750+0000] {logging_mixin.py:188} INFO - [2026-07-01T12:01:10.749+0000] {dagbag.py:538} INFO - Filling up the DagBag from /home/airflow/.local/lib/python3.8/site-packages/airflow/example_dags/example_latest_only_with_trigger.py
[2026-07-01T12:01:10.765+0000] {processor.py:840} INFO - DAG(s) 'latest_only_with_trigger' retrieved from /home/airflow/.local/lib/python3.8/site-packages/airflow/example_dags/example_latest_only_with_trigger.py
[2026-07-01T12:01:10.813+0000] {logging_mixin.py:188} INFO - [2026-07-01T12:01:10.812+0000] {dag.py:3036} INFO - Sync 1 DAGs
[2026-07-01T12:01:10.860+0000] {logging_mixin.py:188} INFO - [2026-07-01T12:01:10.859+0000] {dag.py:3823} INFO - Setting next_dagrun for latest_only_with_trigger to 2026-07-01 08:00:00+00:00, run_after=2026-07-01 12:00:00+00:00
[2026-07-01T12:01:10.903+0000] {processor.py:183} INFO - Processing /home/airflow/.local/lib/python3.8/site-packages/airflow/example_dags/example_latest_only_with_trigger.py took 0.172 seconds
[2026-07-01T12:01:41.532+0000] {processor.py:161} INFO - Started process (PID=446) to work on /home/airflow/.local/lib/python3.8/site-packages/airflow/example_dags/example_latest_only_with_trigger.py
[2026-07-01T12:01:41.537+0000] {processor.py:830} INFO - Processing file /home/airflow/.local/lib/python3.8/site-packages/airflow/example_dags/example_latest_only_with_trigger.py for tasks to queue
[2026-07-01T12:01:41.552+0000] {logging_mixin.py:188} INFO - [2026-07-01T12:01:41.550+0000] {dagbag.py:538} INFO - Filling up the DagBag from /home/airflow/.local/lib/python3.8/site-packages/airflow/example_dags/example_latest_only_with_trigger.py
[2026-07-01T12:01:41.594+0000] {processor.py:840} INFO - DAG(s) 'latest_only_with_trigger' retrieved from /home/airflow/.local/lib/python3.8/site-packages/airflow/example_dags/example_latest_only_with_trigger.py
[2026-07-01T12:01:41.743+0000] {logging_mixin.py:188} INFO - [2026-07-01T12:01:41.742+0000] {dag.py:3036} INFO - Sync 1 DAGs
[2026-07-01T12:01:41.894+0000] {logging_mixin.py:188} INFO - [2026-07-01T12:01:41.894+0000] {dag.py:3823} INFO - Setting next_dagrun for latest_only_with_trigger to 2026-07-01 08:00:00+00:00, run_after=2026-07-01 12:00:00+00:00
[2026-07-01T12:01:42.289+0000] {processor.py:183} INFO - Processing /home/airflow/.local/lib/python3.8/site-packages/airflow/example_dags/example_latest_only_with_trigger.py took 0.774 seconds
[2026-07-01T12:02:12.673+0000] {processor.py:161} INFO - Started process (PID=502) to work on /home/airflow/.local/lib/python3.8/site-packages/airflow/example_dags/example_latest_only_with_trigger.py
[2026-07-01T12:02:12.676+0000] {processor.py:830} INFO - Processing file /home/airflow/.local/lib/python3.8/site-packages/airflow/example_dags/example_latest_only_with_trigger.py for tasks to queue
[2026-07-01T12:02:12.682+0000] {logging_mixin.py:188} INFO - [2026-07-01T12:02:12.681+0000] {dagbag.py:538} INFO - Filling up the DagBag from /home/airflow/.local/lib/python3.8/site-packages/airflow/example_dags/example_latest_only_with_trigger.py
[2026-07-01T12:02:12.699+0000] {processor.py:840} INFO - DAG(s) 'latest_only_with_trigger' retrieved from /home/airflow/.local/lib/python3.8/site-packages/airflow/example_dags/example_latest_only_with_trigger.py
[2026-07-01T12:02:12.761+0000] {logging_mixin.py:188} INFO - [2026-07-01T12:02:12.760+0000] {dag.py:3036} INFO - Sync 1 DAGs
[2026-07-01T12:02:12.817+0000] {logging_mixin.py:188} INFO - [2026-07-01T12:02:12.817+0000] {dag.py:3823} INFO - Setting next_dagrun for latest_only_with_trigger to 2026-07-01 08:00:00+00:00, run_after=2026-07-01 12:00:00+00:00
[2026-07-01T12:02:12.867+0000] {processor.py:183} INFO - Processing /home/airflow/.local/lib/python3.8/site-packages/airflow/example_dags/example_latest_only_with_trigger.py took 0.205 seconds
[2026-07-01T12:02:43.381+0000] {processor.py:161} INFO - Started process (PID=558) to work on /home/airflow/.local/lib/python3.8/site-packages/airflow/example_dags/example_latest_only_with_trigger.py
[2026-07-01T12:02:43.384+0000] {processor.py:830} INFO - Processing file /home/airflow/.local/lib/python3.8/site-packages/airflow/example_dags/example_latest_only_with_trigger.py for tasks to queue
[2026-07-01T12:02:43.391+0000] {logging_mixin.py:188} INFO - [2026-07-01T12:02:43.390+0000] {dagbag.py:538} INFO - Filling up the DagBag from /home/airflow/.local/lib/python3.8/site-packages/airflow/example_dags/example_latest_only_with_trigger.py
[2026-07-01T12:02:43.410+0000] {processor.py:840} INFO - DAG(s) 'latest_only_with_trigger' retrieved from /home/airflow/.local/lib/python3.8/site-packages/airflow/example_dags/example_latest_only_with_trigger.py
[2026-07-01T12:02:43.471+0000] {logging_mixin.py:188} INFO - [2026-07-01T12:02:43.470+0000] {dag.py:3036} INFO - Sync 1 DAGs
[2026-07-01T12:02:43.533+0000] {logging_mixin.py:188} INFO - [2026-07-01T12:02:43.533+0000] {dag.py:3823} INFO - Setting next_dagrun for latest_only_with_trigger to 2026-07-01 08:00:00+00:00, run_after=2026-07-01 12:00:00+00:00
[2026-07-01T12:02:43.583+0000] {processor.py:183} INFO - Processing /home/airflow/.local/lib/python3.8/site-packages/airflow/example_dags/example_latest_only_with_trigger.py took 0.214 seconds
[2026-07-01T12:03:14.075+0000] {processor.py:161} INFO - Started process (PID=613) to work on /home/airflow/.local/lib/python3.8/site-packages/airflow/example_dags/example_latest_only_with_trigger.py
[2026-07-01T12:03:14.079+0000] {processor.py:830} INFO - Processing file /home/airflow/.local/lib/python3.8/site-packages/airflow/example_dags/example_latest_only_with_trigger.py for tasks to queue
[2026-07-01T12:03:14.085+0000] {logging_mixin.py:188} INFO - [2026-07-01T12:03:14.084+0000] {dagbag.py:538} INFO - Filling up the DagBag from /home/airflow/.local/lib/python3.8/site-packages/airflow/example_dags/example_latest_only_with_trigger.py
[2026-07-01T12:03:14.101+0000] {processor.py:840} INFO - DAG(s) 'latest_only_with_trigger' retrieved from /home/airflow/.local/lib/python3.8/site-packages/airflow/example_dags/example_latest_only_with_trigger.py
[2026-07-01T12:03:14.179+0000] {logging_mixin.py:188} INFO - [2026-07-01T12:03:14.178+0000] {dag.py:3036} INFO - Sync 1 DAGs
[2026-07-01T12:03:14.272+0000] {logging_mixin.py:188} INFO - [2026-07-01T12:03:14.271+0000] {dag.py:3823} INFO - Setting next_dagrun for latest_only_with_trigger to 2026-07-01 08:00:00+00:00, run_after=2026-07-01 12:00:00+00:00
[2026-07-01T12:03:14.348+0000] {processor.py:183} INFO - Processing /home/airflow/.local/lib/python3.8/site-packages/airflow/example_dags/example_latest_only_with_trigger.py took 0.282 seconds
[2026-07-01T12:03:44.457+0000] {processor.py:161} INFO - Started process (PID=668) to work on /home/airflow/.local/lib/python3.8/site-packages/airflow/example_dags/example_latest_only_with_trigger.py
[2026-07-01T12:03:44.463+0000] {processor.py:830} INFO - Processing file /home/airflow/.local/lib/python3.8/site-packages/airflow/example_dags/example_latest_only_with_trigger.py for tasks to queue
[2026-07-01T12:03:44.473+0000] {logging_mixin.py:188} INFO - [2026-07-01T12:03:44.471+0000] {dagbag.py:538} INFO - Filling up the DagBag from /home/airflow/.local/lib/python3.8/site-packages/airflow/example_dags/example_latest_only_with_trigger.py
[2026-07-01T12:03:44.497+0000] {processor.py:840} INFO - DAG(s) 'latest_only_with_trigger' retrieved from /home/airflow/.local/lib/python3.8/site-packages/airflow/example_dags/example_latest_only_with_trigger.py
[2026-07-01T12:03:44.568+0000] {logging_mixin.py:188} INFO - [2026-07-01T12:03:44.567+0000] {dag.py:3036} INFO - Sync 1 DAGs
[2026-07-01T12:03:44.655+0000] {logging_mixin.py:188} INFO - [2026-07-01T12:03:44.654+0000] {dag.py:3823} INFO - Setting next_dagrun for latest_only_with_trigger to 2026-07-01 08:00:00+00:00, run_after=2026-07-01 12:00:00+00:00
[2026-07-01T12:03:44.723+0000] {processor.py:183} INFO - Processing /home/airflow/.local/lib/python3.8/site-packages/airflow/example_dags/example_latest_only_with_trigger.py took 0.280 seconds
[2026-07-01T12:04:14.945+0000] {processor.py:161} INFO - Started process (PID=723) to work on /home/airflow/.local/lib/python3.8/site-packages/airflow/example_dags/example_latest_only_with_trigger.py
[2026-07-01T12:04:14.949+0000] {processor.py:830} INFO - Processing file /home/airflow/.local/lib/python3.8/site-packages/airflow/example_dags/example_latest_only_with_trigger.py for tasks to queue
[2026-07-01T12:04:14.956+0000] {logging_mixin.py:188} INFO - [2026-07-01T12:04:14.955+0000] {dagbag.py:538} INFO - Filling up the DagBag from /home/airflow/.local/lib/python3.8/site-packages/airflow/example_dags/example_latest_only_with_trigger.py
[2026-07-01T12:04:14.974+0000] {processor.py:840} INFO - DAG(s) 'latest_only_with_trigger' retrieved from /home/airflow/.local/lib/python3.8/site-packages/airflow/example_dags/example_latest_only_with_trigger.py
[2026-07-01T12:04:15.028+0000] {logging_mixin.py:188} INFO - [2026-07-01T12:04:15.028+0000] {dag.py:3036} INFO - Sync 1 DAGs
[2026-07-01T12:04:15.091+0000] {logging_mixin.py:188} INFO - [2026-07-01T12:04:15.090+0000] {dag.py:3823} INFO - Setting next_dagrun for latest_only_with_trigger to 2026-07-01 08:00:00+00:00, run_after=2026-07-01 12:00:00+00:00
[2026-07-01T12:04:15.144+0000] {processor.py:183} INFO - Processing /home/airflow/.local/lib/python3.8/site-packages/airflow/example_dags/example_latest_only_with_trigger.py took 0.209 seconds
[2026-07-01T12:04:46.108+0000] {processor.py:161} INFO - Started process (PID=777) to work on /home/airflow/.local/lib/python3.8/site-packages/airflow/example_dags/example_latest_only_with_trigger.py
[2026-07-01T12:04:46.112+0000] {processor.py:830} INFO - Processing file /home/airflow/.local/lib/python3.8/site-packages/airflow/example_dags/example_latest_only_with_trigger.py for tasks to queue
[2026-07-01T12:04:46.118+0000] {logging_mixin.py:188} INFO - [2026-07-01T12:04:46.117+0000] {dagbag.py:538} INFO - Filling up the DagBag from /home/airflow/.local/lib/python3.8/site-packages/airflow/example_dags/example_latest_only_with_trigger.py
[2026-07-01T12:04:46.135+0000] {processor.py:840} INFO - DAG(s) 'latest_only_with_trigger' retrieved from /home/airflow/.local/lib/python3.8/site-packages/airflow/example_dags/example_latest_only_with_trigger.py
[2026-07-01T12:04:46.193+0000] {logging_mixin.py:188} INFO - [2026-07-01T12:04:46.192+0000] {dag.py:3036} INFO - Sync 1 DAGs
[2026-07-01T12:04:46.249+0000] {logging_mixin.py:188} INFO - [2026-07-01T12:04:46.248+0000] {dag.py:3823} INFO - Setting next_dagrun for latest_only_with_trigger to 2026-07-01 08:00:00+00:00, run_after=2026-07-01 12:00:00+00:00
[2026-07-01T12:04:46.299+0000] {processor.py:183} INFO - Processing /home/airflow/.local/lib/python3.8/site-packages/airflow/example_dags/example_latest_only_with_trigger.py took 0.200 seconds
[2026-07-01T12:05:16.609+0000] {processor.py:161} INFO - Started process (PID=832) to work on /home/airflow/.local/lib/python3.8/site-packages/airflow/example_dags/example_latest_only_with_trigger.py
[2026-07-01T12:05:16.613+0000] {processor.py:830} INFO - Processing file /home/airflow/.local/lib/python3.8/site-packages/airflow/example_dags/example_latest_only_with_trigger.py for tasks to queue
[2026-07-01T12:05:16.618+0000] {logging_mixin.py:188} INFO - [2026-07-01T12:05:16.617+0000] {dagbag.py:538} INFO - Filling up the DagBag from /home/airflow/.local/lib/python3.8/site-packages/airflow/example_dags/example_latest_only_with_trigger.py
[2026-07-01T12:05:16.632+0000] {processor.py:840} INFO - DAG(s) 'latest_only_with_trigger' retrieved from /home/airflow/.local/lib/python3.8/site-packages/airflow/example_dags/example_latest_only_with_trigger.py
[2026-07-01T12:05:16.683+0000] {logging_mixin.py:188} INFO - [2026-07-01T12:05:16.683+0000] {dag.py:3036} INFO - Sync 1 DAGs
[2026-07-01T12:05:16.740+0000] {logging_mixin.py:188} INFO - [2026-07-01T12:05:16.740+0000] {dag.py:3823} INFO - Setting next_dagrun for latest_only_with_trigger to 2026-07-01 08:00:00+00:00, run_after=2026-07-01 12:00:00+00:00
[2026-07-01T12:05:16.787+0000] {processor.py:183} INFO - Processing /home/airflow/.local/lib/python3.8/site-packages/airflow/example_dags/example_latest_only_with_trigger.py took 0.186 seconds
[2026-07-01T12:05:47.029+0000] {processor.py:161} INFO - Started process (PID=887) to work on /home/airflow/.local/lib/python3.8/site-packages/airflow/example_dags/example_latest_only_with_trigger.py
[2026-07-01T12:05:47.032+0000] {processor.py:830} INFO - Processing file /home/airflow/.local/lib/python3.8/site-packages/airflow/example_dags/example_latest_only_with_trigger.py for tasks to queue
[2026-07-01T12:05:47.039+0000] {logging_mixin.py:188} INFO - [2026-07-01T12:05:47.038+0000] {dagbag.py:538} INFO - Filling up the DagBag from /home/airflow/.local/lib/python3.8/site-packages/airflow/example_dags/example_latest_only_with_trigger.py
[2026-07-01T12:05:47.055+0000] {processor.py:840} INFO - DAG(s) 'latest_only_with_trigger' retrieved from /home/airflow/.local/lib/python3.8/site-packages/airflow/example_dags/example_latest_only_with_trigger.py
[2026-07-01T12:05:47.117+0000] {logging_mixin.py:188} INFO - [2026-07-01T12:05:47.116+0000] {dag.py:3036} INFO - Sync 1 DAGs
[2026-07-01T12:05:47.181+0000] {logging_mixin.py:188} INFO - [2026-07-01T12:05:47.180+0000] {dag.py:3823} INFO - Setting next_dagrun for latest_only_with_trigger to 2026-07-01 08:00:00+00:00, run_after=2026-07-01 12:00:00+00:00
[2026-07-01T12:05:47.237+0000] {processor.py:183} INFO - Processing /home/airflow/.local/lib/python3.8/site-packages/airflow/example_dags/example_latest_only_with_trigger.py took 0.215 seconds
[2026-07-01T12:06:17.909+0000] {processor.py:161} INFO - Started process (PID=942) to work on /home/airflow/.local/lib/python3.8/site-packages/airflow/example_dags/example_latest_only_with_trigger.py
[2026-07-01T12:06:17.912+0000] {processor.py:830} INFO - Processing file /home/airflow/.local/lib/python3.8/site-packages/airflow/example_dags/example_latest_only_with_trigger.py for tasks to queue
[2026-07-01T12:06:17.921+0000] {logging_mixin.py:188} INFO - [2026-07-01T12:06:17.920+0000] {dagbag.py:538} INFO - Filling up the DagBag from /home/airflow/.local/lib/python3.8/site-packages/airflow/example_dags/example_latest_only_with_trigger.py
[2026-07-01T12:06:17.939+0000] {processor.py:840} INFO - DAG(s) 'latest_only_with_trigger' retrieved from /home/airflow/.local/lib/python3.8/site-packages/airflow/example_dags/example_latest_only_with_trigger.py
[2026-07-01T12:06:17.995+0000] {logging_mixin.py:188} INFO - [2026-07-01T12:06:17.995+0000] {dag.py:3036} INFO - Sync 1 DAGs
[2026-07-01T12:06:18.058+0000] {logging_mixin.py:188} INFO - [2026-07-01T12:06:18.057+0000] {dag.py:3823} INFO - Setting next_dagrun for latest_only_with_trigger to 2026-07-01 08:00:00+00:00, run_after=2026-07-01 12:00:00+00:00
[2026-07-01T12:06:18.119+0000] {processor.py:183} INFO - Processing /home/airflow/.local/lib/python3.8/site-packages/airflow/example_dags/example_latest_only_with_trigger.py took 0.220 seconds
[2026-07-01T12:06:48.453+0000] {processor.py:161} INFO - Started process (PID=997) to work on /home/airflow/.local/lib/python3.8/site-packages/airflow/example_dags/example_latest_only_with_trigger.py
[2026-07-01T12:06:48.456+0000] {processor.py:830} INFO - Processing file /home/airflow/.local/lib/python3.8/site-packages/airflow/example_dags/example_latest_only_with_trigger.py for tasks to queue
[2026-07-01T12:06:48.462+0000] {logging_mixin.py:188} INFO - [2026-07-01T12:06:48.461+0000] {dagbag.py:538} INFO - Filling up the DagBag from /home/airflow/.local/lib/python3.8/site-packages/airflow/example_dags/example_latest_only_with_trigger.py
[2026-07-01T12:06:48.478+0000] {processor.py:840} INFO - DAG(s) 'latest_only_with_trigger' retrieved from /home/airflow/.local/lib/python3.8/site-packages/airflow/example_dags/example_latest_only_with_trigger.py
[2026-07-01T12:06:48.536+0000] {logging_mixin.py:188} INFO - [2026-07-01T12:06:48.536+0000] {dag.py:3036} INFO - Sync 1 DAGs
[2026-07-01T12:06:48.594+0000] {logging_mixin.py:188} INFO - [2026-07-01T12:06:48.594+0000] {dag.py:3823} INFO - Setting next_dagrun for latest_only_with_trigger to 2026-07-01 08:00:00+00:00, run_after=2026-07-01 12:00:00+00:00
[2026-07-01T12:06:48.655+0000] {processor.py:183} INFO - Processing /home/airflow/.local/lib/python3.8/site-packages/airflow/example_dags/example_latest_only_with_trigger.py took 0.209 seconds
[2026-07-01T12:07:18.852+0000] {processor.py:161} INFO - Started process (PID=1052) to work on /home/airflow/.local/lib/python3.8/site-packages/airflow/example_dags/example_latest_only_with_trigger.py
[2026-07-01T12:07:18.856+0000] {processor.py:830} INFO - Processing file /home/airflow/.local/lib/python3.8/site-packages/airflow/example_dags/example_latest_only_with_trigger.py for tasks to queue
[2026-07-01T12:07:18.866+0000] {logging_mixin.py:188} INFO - [2026-07-01T12:07:18.864+0000] {dagbag.py:538} INFO - Filling up the DagBag from /home/airflow/.local/lib/python3.8/site-packages/airflow/example_dags/example_latest_only_with_trigger.py
[2026-07-01T12:07:18.884+0000] {processor.py:840} INFO - DAG(s) 'latest_only_with_trigger' retrieved from /home/airflow/.local/lib/python3.8/site-packages/airflow/example_dags/example_latest_only_with_trigger.py
[2026-07-01T12:07:18.977+0000] {logging_mixin.py:188} INFO - [2026-07-01T12:07:18.967+0000] {dag.py:3036} INFO - Sync 1 DAGs
[2026-07-01T12:07:19.086+0000] {logging_mixin.py:188} INFO - [2026-07-01T12:07:19.085+0000] {dag.py:3823} INFO - Setting next_dagrun for latest_only_with_trigger to 2026-07-01 08:00:00+00:00, run_after=2026-07-01 12:00:00+00:00
[2026-07-01T12:07:19.183+0000] {processor.py:183} INFO - Processing /home/airflow/.local/lib/python3.8/site-packages/airflow/example_dags/example_latest_only_with_trigger.py took 0.341 seconds
[2026-07-01T12:07:49.533+0000] {processor.py:161} INFO - Started process (PID=1108) to work on /home/airflow/.local/lib/python3.8/site-packages/airflow/example_dags/example_latest_only_with_trigger.py
[2026-07-01T12:07:49.536+0000] {processor.py:830} INFO - Processing file /home/airflow/.local/lib/python3.8/site-packages/airflow/example_dags/example_latest_only_with_trigger.py for tasks to queue
[2026-07-01T12:07:49.541+0000] {logging_mixin.py:188} INFO - [2026-07-01T12:07:49.540+0000] {dagbag.py:538} INFO - Filling up the DagBag from /home/airflow/.local/lib/python3.8/site-packages/airflow/example_dags/example_latest_only_with_trigger.py
[2026-07-01T12:07:49.557+0000] {processor.py:840} INFO - DAG(s) 'latest_only_with_trigger' retrieved from /home/airflow/.local/lib/python3.8/site-packages/airflow/example_dags/example_latest_only_with_trigger.py
[2026-07-01T12:07:49.608+0000] {logging_mixin.py:188} INFO - [2026-07-01T12:07:49.607+0000] {dag.py:3036} INFO - Sync 1 DAGs
[2026-07-01T12:07:49.663+0000] {logging_mixin.py:188} INFO - [2026-07-01T12:07:49.662+0000] {dag.py:3823} INFO - Setting next_dagrun for latest_only_with_trigger to 2026-07-01 08:00:00+00:00, run_after=2026-07-01 12:00:00+00:00
[2026-07-01T12:07:49.711+0000] {processor.py:183} INFO - Processing /home/airflow/.local/lib/python3.8/site-packages/airflow/example_dags/example_latest_only_with_trigger.py took 0.186 seconds
[2026-07-01T12:08:20.444+0000] {processor.py:161} INFO - Started process (PID=1163) to work on /home/airflow/.local/lib/python3.8/site-packages/airflow/example_dags/example_latest_only_with_trigger.py
[2026-07-01T12:08:20.456+0000] {processor.py:830} INFO - Processing file /home/airflow/.local/lib/python3.8/site-packages/airflow/example_dags/example_latest_only_with_trigger.py for tasks to queue
[2026-07-01T12:08:20.471+0000] {logging_mixin.py:188} INFO - [2026-07-01T12:08:20.469+0000] {dagbag.py:538} INFO - Filling up the DagBag from /home/airflow/.local/lib/python3.8/site-packages/airflow/example_dags/example_latest_only_with_trigger.py
[2026-07-01T12:08:20.495+0000] {processor.py:840} INFO - DAG(s) 'latest_only_with_trigger' retrieved from /home/airflow/.local/lib/python3.8/site-packages/airflow/example_dags/example_latest_only_with_trigger.py
[2026-07-01T12:08:20.628+0000] {logging_mixin.py:188} INFO - [2026-07-01T12:08:20.627+0000] {dag.py:3036} INFO - Sync 1 DAGs
[2026-07-01T12:08:20.693+0000] {logging_mixin.py:188} INFO - [2026-07-01T12:08:20.693+0000] {dag.py:3823} INFO - Setting next_dagrun for latest_only_with_trigger to 2026-07-01 08:00:00+00:00, run_after=2026-07-01 12:00:00+00:00
[2026-07-01T12:08:20.749+0000] {processor.py:183} INFO - Processing /home/airflow/.local/lib/python3.8/site-packages/airflow/example_dags/example_latest_only_with_trigger.py took 0.318 seconds
[2026-07-01T12:09:03.966+0000] {processor.py:161} INFO - Started process (PID=103) to work on /home/airflow/.local/lib/python3.8/site-packages/airflow/example_dags/example_latest_only_with_trigger.py
[2026-07-01T12:09:03.969+0000] {processor.py:830} INFO - Processing file /home/airflow/.local/lib/python3.8/site-packages/airflow/example_dags/example_latest_only_with_trigger.py for tasks to queue
[2026-07-01T12:09:03.976+0000] {logging_mixin.py:188} INFO - [2026-07-01T12:09:03.975+0000] {dagbag.py:538} INFO - Filling up the DagBag from /home/airflow/.local/lib/python3.8/site-packages/airflow/example_dags/example_latest_only_with_trigger.py
[2026-07-01T12:09:03.991+0000] {processor.py:840} INFO - DAG(s) 'latest_only_with_trigger' retrieved from /home/airflow/.local/lib/python3.8/site-packages/airflow/example_dags/example_latest_only_with_trigger.py
[2026-07-01T12:09:04.063+0000] {logging_mixin.py:188} INFO - [2026-07-01T12:09:04.062+0000] {dag.py:3036} INFO - Sync 1 DAGs
[2026-07-01T12:09:04.149+0000] {logging_mixin.py:188} INFO - [2026-07-01T12:09:04.149+0000] {dag.py:3823} INFO - Setting next_dagrun for latest_only_with_trigger to 2026-07-01 08:00:00+00:00, run_after=2026-07-01 12:00:00+00:00
[2026-07-01T12:09:04.229+0000] {processor.py:183} INFO - Processing /home/airflow/.local/lib/python3.8/site-packages/airflow/example_dags/example_latest_only_with_trigger.py took 0.271 seconds
[2026-07-01T12:09:35.094+0000] {processor.py:161} INFO - Started process (PID=159) to work on /home/airflow/.local/lib/python3.8/site-packages/airflow/example_dags/example_latest_only_with_trigger.py
[2026-07-01T12:09:35.097+0000] {processor.py:830} INFO - Processing file /home/airflow/.local/lib/python3.8/site-packages/airflow/example_dags/example_latest_only_with_trigger.py for tasks to queue
[2026-07-01T12:09:35.102+0000] {logging_mixin.py:188} INFO - [2026-07-01T12:09:35.101+0000] {dagbag.py:538} INFO - Filling up the DagBag from /home/airflow/.local/lib/python3.8/site-packages/airflow/example_dags/example_latest_only_with_trigger.py
[2026-07-01T12:09:35.117+0000] {processor.py:840} INFO - DAG(s) 'latest_only_with_trigger' retrieved from /home/airflow/.local/lib/python3.8/site-packages/airflow/example_dags/example_latest_only_with_trigger.py
[2026-07-01T12:09:35.168+0000] {logging_mixin.py:188} INFO - [2026-07-01T12:09:35.167+0000] {dag.py:3036} INFO - Sync 1 DAGs
[2026-07-01T12:09:35.220+0000] {logging_mixin.py:188} INFO - [2026-07-01T12:09:35.220+0000] {dag.py:3823} INFO - Setting next_dagrun for latest_only_with_trigger to 2026-07-01 08:00:00+00:00, run_after=2026-07-01 12:00:00+00:00
[2026-07-01T12:09:35.268+0000] {processor.py:183} INFO - Processing /home/airflow/.local/lib/python3.8/site-packages/airflow/example_dags/example_latest_only_with_trigger.py took 0.183 seconds
[2026-07-01T12:10:05.435+0000] {processor.py:161} INFO - Started process (PID=216) to work on /home/airflow/.local/lib/python3.8/site-packages/airflow/example_dags/example_latest_only_with_trigger.py
[2026-07-01T12:10:05.439+0000] {processor.py:830} INFO - Processing file /home/airflow/.local/lib/python3.8/site-packages/airflow/example_dags/example_latest_only_with_trigger.py for tasks to queue
[2026-07-01T12:10:05.446+0000] {logging_mixin.py:188} INFO - [2026-07-01T12:10:05.445+0000] {dagbag.py:538} INFO - Filling up the DagBag from /home/airflow/.local/lib/python3.8/site-packages/airflow/example_dags/example_latest_only_with_trigger.py
[2026-07-01T12:10:05.464+0000] {processor.py:840} INFO - DAG(s) 'latest_only_with_trigger' retrieved from /home/airflow/.local/lib/python3.8/site-packages/airflow/example_dags/example_latest_only_with_trigger.py
[2026-07-01T12:10:05.540+0000] {logging_mixin.py:188} INFO - [2026-07-01T12:10:05.540+0000] {dag.py:3036} INFO - Sync 1 DAGs
[2026-07-01T12:10:05.601+0000] {logging_mixin.py:188} INFO - [2026-07-01T12:10:05.601+0000] {dag.py:3823} INFO - Setting next_dagrun for latest_only_with_trigger to 2026-07-01 08:00:00+00:00, run_after=2026-07-01 12:00:00+00:00
[2026-07-01T12:10:05.651+0000] {processor.py:183} INFO - Processing /home/airflow/.local/lib/python3.8/site-packages/airflow/example_dags/example_latest_only_with_trigger.py took 0.227 seconds
[2026-07-01T12:10:35.930+0000] {processor.py:161} INFO - Started process (PID=272) to work on /home/airflow/.local/lib/python3.8/site-packages/airflow/example_dags/example_latest_only_with_trigger.py
[2026-07-01T12:10:35.933+0000] {processor.py:830} INFO - Processing file /home/airflow/.local/lib/python3.8/site-packages/airflow/example_dags/example_latest_only_with_trigger.py for tasks to queue
[2026-07-01T12:10:35.938+0000] {logging_mixin.py:188} INFO - [2026-07-01T12:10:35.937+0000] {dagbag.py:538} INFO - Filling up the DagBag from /home/airflow/.local/lib/python3.8/site-packages/airflow/example_dags/example_latest_only_with_trigger.py
[2026-07-01T12:10:35.951+0000] {processor.py:840} INFO - DAG(s) 'latest_only_with_trigger' retrieved from /home/airflow/.local/lib/python3.8/site-packages/airflow/example_dags/example_latest_only_with_trigger.py
[2026-07-01T12:10:36.005+0000] {logging_mixin.py:188} INFO - [2026-07-01T12:10:36.004+0000] {dag.py:3036} INFO - Sync 1 DAGs
[2026-07-01T12:10:36.059+0000] {logging_mixin.py:188} INFO - [2026-07-01T12:10:36.059+0000] {dag.py:3823} INFO - Setting next_dagrun for latest_only_with_trigger to 2026-07-01 08:00:00+00:00, run_after=2026-07-01 12:00:00+00:00
[2026-07-01T12:10:36.111+0000] {processor.py:183} INFO - Processing /home/airflow/.local/lib/python3.8/site-packages/airflow/example_dags/example_latest_only_with_trigger.py took 0.189 seconds
[2026-07-01T12:11:07.237+0000] {processor.py:161} INFO - Started process (PID=333) to work on /home/airflow/.local/lib/python3.8/site-packages/airflow/example_dags/example_latest_only_with_trigger.py
[2026-07-01T12:11:07.240+0000] {processor.py:830} INFO - Processing file /home/airflow/.local/lib/python3.8/site-packages/airflow/example_dags/example_latest_only_with_trigger.py for tasks to queue
[2026-07-01T12:11:07.246+0000] {logging_mixin.py:188} INFO - [2026-07-01T12:11:07.245+0000] {dagbag.py:538} INFO - Filling up the DagBag from /home/airflow/.local/lib/python3.8/site-packages/airflow/example_dags/example_latest_only_with_trigger.py
[2026-07-01T12:11:07.260+0000] {processor.py:840} INFO - DAG(s) 'latest_only_with_trigger' retrieved from /home/airflow/.local/lib/python3.8/site-packages/airflow/example_dags/example_latest_only_with_trigger.py
[2026-07-01T12:11:07.309+0000] {logging_mixin.py:188} INFO - [2026-07-01T12:11:07.308+0000] {dag.py:3036} INFO - Sync 1 DAGs
[2026-07-01T12:11:07.358+0000] {logging_mixin.py:188} INFO - [2026-07-01T12:11:07.357+0000] {dag.py:3823} INFO - Setting next_dagrun for latest_only_with_trigger to 2026-07-01 08:00:00+00:00, run_after=2026-07-01 12:00:00+00:00
[2026-07-01T12:11:07.395+0000] {processor.py:183} INFO - Processing /home/airflow/.local/lib/python3.8/site-packages/airflow/example_dags/example_latest_only_with_trigger.py took 0.167 seconds
[2026-07-01T12:11:38.196+0000] {processor.py:161} INFO - Started process (PID=389) to work on /home/airflow/.local/lib/python3.8/site-packages/airflow/example_dags/example_latest_only_with_trigger.py
[2026-07-01T12:11:38.201+0000] {processor.py:830} INFO - Processing file /home/airflow/.local/lib/python3.8/site-packages/airflow/example_dags/example_latest_only_with_trigger.py for tasks to queue
[2026-07-01T12:11:38.207+0000] {logging_mixin.py:188} INFO - [2026-07-01T12:11:38.206+0000] {dagbag.py:538} INFO - Filling up the DagBag from /home/airflow/.local/lib/python3.8/site-packages/airflow/example_dags/example_latest_only_with_trigger.py
[2026-07-01T12:11:38.225+0000] {processor.py:840} INFO - DAG(s) 'latest_only_with_trigger' retrieved from /home/airflow/.local/lib/python3.8/site-packages/airflow/example_dags/example_latest_only_with_trigger.py
[2026-07-01T12:11:38.279+0000] {logging_mixin.py:188} INFO - [2026-07-01T12:11:38.279+0000] {dag.py:3036} INFO - Sync 1 DAGs
[2026-07-01T12:11:38.334+0000] {logging_mixin.py:188} INFO - [2026-07-01T12:11:38.334+0000] {dag.py:3823} INFO - Setting next_dagrun for latest_only_with_trigger to 2026-07-01 08:00:00+00:00, run_after=2026-07-01 12:00:00+00:00
[2026-07-01T12:11:38.378+0000] {processor.py:183} INFO - Processing /home/airflow/.local/lib/python3.8/site-packages/airflow/example_dags/example_latest_only_with_trigger.py took 0.191 seconds
[2026-07-01T12:12:08.662+0000] {processor.py:161} INFO - Started process (PID=445) to work on /home/airflow/.local/lib/python3.8/site-packages/airflow/example_dags/example_latest_only_with_trigger.py
[2026-07-01T12:12:08.666+0000] {processor.py:830} INFO - Processing file /home/airflow/.local/lib/python3.8/site-packages/airflow/example_dags/example_latest_only_with_trigger.py for tasks to queue
[2026-07-01T12:12:08.672+0000] {logging_mixin.py:188} INFO - [2026-07-01T12:12:08.672+0000] {dagbag.py:538} INFO - Filling up the DagBag from /home/airflow/.local/lib/python3.8/site-packages/airflow/example_dags/example_latest_only_with_trigger.py
[2026-07-01T12:12:08.689+0000] {processor.py:840} INFO - DAG(s) 'latest_only_with_trigger' retrieved from /home/airflow/.local/lib/python3.8/site-packages/airflow/example_dags/example_latest_only_with_trigger.py
[2026-07-01T12:12:08.741+0000] {logging_mixin.py:188} INFO - [2026-07-01T12:12:08.740+0000] {dag.py:3036} INFO - Sync 1 DAGs
[2026-07-01T12:12:08.792+0000] {logging_mixin.py:188} INFO - [2026-07-01T12:12:08.792+0000] {dag.py:3823} INFO - Setting next_dagrun for latest_only_with_trigger to 2026-07-01 08:00:00+00:00, run_after=2026-07-01 12:00:00+00:00
[2026-07-01T12:12:08.833+0000] {processor.py:183} INFO - Processing /home/airflow/.local/lib/python3.8/site-packages/airflow/example_dags/example_latest_only_with_trigger.py took 0.182 seconds
[2026-07-01T12:12:39.502+0000] {processor.py:161} INFO - Started process (PID=501) to work on /home/airflow/.local/lib/python3.8/site-packages/airflow/example_dags/example_latest_only_with_trigger.py
[2026-07-01T12:12:39.505+0000] {processor.py:830} INFO - Processing file /home/airflow/.local/lib/python3.8/site-packages/airflow/example_dags/example_latest_only_with_trigger.py for tasks to queue
[2026-07-01T12:12:39.518+0000] {logging_mixin.py:188} INFO - [2026-07-01T12:12:39.516+0000] {dagbag.py:538} INFO - Filling up the DagBag from /home/airflow/.local/lib/python3.8/site-packages/airflow/example_dags/example_latest_only_with_trigger.py
[2026-07-01T12:12:39.534+0000] {processor.py:840} INFO - DAG(s) 'latest_only_with_trigger' retrieved from /home/airflow/.local/lib/python3.8/site-packages/airflow/example_dags/example_latest_only_with_trigger.py
[2026-07-01T12:12:39.583+0000] {logging_mixin.py:188} INFO - [2026-07-01T12:12:39.582+0000] {dag.py:3036} INFO - Sync 1 DAGs
[2026-07-01T12:12:39.632+0000] {logging_mixin.py:188} INFO - [2026-07-01T12:12:39.631+0000] {dag.py:3823} INFO - Setting next_dagrun for latest_only_with_trigger to 2026-07-01 08:00:00+00:00, run_after=2026-07-01 12:00:00+00:00
[2026-07-01T12:12:39.675+0000] {processor.py:183} INFO - Processing /home/airflow/.local/lib/python3.8/site-packages/airflow/example_dags/example_latest_only_with_trigger.py took 0.183 seconds
[2026-07-01T12:13:10.918+0000] {processor.py:161} INFO - Started process (PID=557) to work on /home/airflow/.local/lib/python3.8/site-packages/airflow/example_dags/example_latest_only_with_trigger.py
[2026-07-01T12:13:10.921+0000] {processor.py:830} INFO - Processing file /home/airflow/.local/lib/python3.8/site-packages/airflow/example_dags/example_latest_only_with_trigger.py for tasks to queue
[2026-07-01T12:13:10.928+0000] {logging_mixin.py:188} INFO - [2026-07-01T12:13:10.927+0000] {dagbag.py:538} INFO - Filling up the DagBag from /home/airflow/.local/lib/python3.8/site-packages/airflow/example_dags/example_latest_only_with_trigger.py
[2026-07-01T12:13:10.943+0000] {processor.py:840} INFO - DAG(s) 'latest_only_with_trigger' retrieved from /home/airflow/.local/lib/python3.8/site-packages/airflow/example_dags/example_latest_only_with_trigger.py
[2026-07-01T12:13:10.995+0000] {logging_mixin.py:188} INFO - [2026-07-01T12:13:10.995+0000] {dag.py:3036} INFO - Sync 1 DAGs
[2026-07-01T12:13:11.051+0000] {logging_mixin.py:188} INFO - [2026-07-01T12:13:11.050+0000] {dag.py:3823} INFO - Setting next_dagrun for latest_only_with_trigger to 2026-07-01 08:00:00+00:00, run_after=2026-07-01 12:00:00+00:00
[2026-07-01T12:13:11.099+0000] {processor.py:183} INFO - Processing /home/airflow/.local/lib/python3.8/site-packages/airflow/example_dags/example_latest_only_with_trigger.py took 0.190 seconds
[2026-07-01T12:13:41.545+0000] {processor.py:161} INFO - Started process (PID=613) to work on /home/airflow/.local/lib/python3.8/site-packages/airflow/example_dags/example_latest_only_with_trigger.py
[2026-07-01T12:13:41.550+0000] {processor.py:830} INFO - Processing file /home/airflow/.local/lib/python3.8/site-packages/airflow/example_dags/example_latest_only_with_trigger.py for tasks to queue
[2026-07-01T12:13:41.560+0000] {logging_mixin.py:188} INFO - [2026-07-01T12:13:41.558+0000] {dagbag.py:538} INFO - Filling up the DagBag from /home/airflow/.local/lib/python3.8/site-packages/airflow/example_dags/example_latest_only_with_trigger.py
[2026-07-01T12:13:41.584+0000] {processor.py:840} INFO - DAG(s) 'latest_only_with_trigger' retrieved from /home/airflow/.local/lib/python3.8/site-packages/airflow/example_dags/example_latest_only_with_trigger.py
[2026-07-01T12:13:41.657+0000] {logging_mixin.py:188} INFO - [2026-07-01T12:13:41.657+0000] {dag.py:3036} INFO - Sync 1 DAGs
[2026-07-01T12:13:41.718+0000] {logging_mixin.py:188} INFO - [2026-07-01T12:13:41.717+0000] {dag.py:3823} INFO - Setting next_dagrun for latest_only_with_trigger to 2026-07-01 08:00:00+00:00, run_after=2026-07-01 12:00:00+00:00
[2026-07-01T12:13:41.786+0000] {processor.py:183} INFO - Processing /home/airflow/.local/lib/python3.8/site-packages/airflow/example_dags/example_latest_only_with_trigger.py took 0.254 seconds
[2026-07-01T12:14:12.049+0000] {processor.py:161} INFO - Started process (PID=669) to work on /home/airflow/.local/lib/python3.8/site-packages/airflow/example_dags/example_latest_only_with_trigger.py
[2026-07-01T12:14:12.053+0000] {processor.py:830} INFO - Processing file /home/airflow/.local/lib/python3.8/site-packages/airflow/example_dags/example_latest_only_with_trigger.py for tasks to queue
[2026-07-01T12:14:12.059+0000] {logging_mixin.py:188} INFO - [2026-07-01T12:14:12.058+0000] {dagbag.py:538} INFO - Filling up the DagBag from /home/airflow/.local/lib/python3.8/site-packages/airflow/example_dags/example_latest_only_with_trigger.py
[2026-07-01T12:14:12.076+0000] {processor.py:840} INFO - DAG(s) 'latest_only_with_trigger' retrieved from /home/airflow/.local/lib/python3.8/site-packages/airflow/example_dags/example_latest_only_with_trigger.py
[2026-07-01T12:14:12.136+0000] {logging_mixin.py:188} INFO - [2026-07-01T12:14:12.136+0000] {dag.py:3036} INFO - Sync 1 DAGs
[2026-07-01T12:14:12.195+0000] {logging_mixin.py:188} INFO - [2026-07-01T12:14:12.194+0000] {dag.py:3823} INFO - Setting next_dagrun for latest_only_with_trigger to 2026-07-01 08:00:00+00:00, run_after=2026-07-01 12:00:00+00:00
[2026-07-01T12:14:12.239+0000] {processor.py:183} INFO - Processing /home/airflow/.local/lib/python3.8/site-packages/airflow/example_dags/example_latest_only_with_trigger.py took 0.199 seconds
[2026-07-01T12:14:42.388+0000] {processor.py:161} INFO - Started process (PID=725) to work on /home/airflow/.local/lib/python3.8/site-packages/airflow/example_dags/example_latest_only_with_trigger.py
[2026-07-01T12:14:42.391+0000] {processor.py:830} INFO - Processing file /home/airflow/.local/lib/python3.8/site-packages/airflow/example_dags/example_latest_only_with_trigger.py for tasks to queue
[2026-07-01T12:14:42.397+0000] {logging_mixin.py:188} INFO - [2026-07-01T12:14:42.397+0000] {dagbag.py:538} INFO - Filling up the DagBag from /home/airflow/.local/lib/python3.8/site-packages/airflow/example_dags/example_latest_only_with_trigger.py
[2026-07-01T12:14:42.412+0000] {processor.py:840} INFO - DAG(s) 'latest_only_with_trigger' retrieved from /home/airflow/.local/lib/python3.8/site-packages/airflow/example_dags/example_latest_only_with_trigger.py
[2026-07-01T12:14:42.468+0000] {logging_mixin.py:188} INFO - [2026-07-01T12:14:42.467+0000] {dag.py:3036} INFO - Sync 1 DAGs
[2026-07-01T12:14:42.524+0000] {logging_mixin.py:188} INFO - [2026-07-01T12:14:42.524+0000] {dag.py:3823} INFO - Setting next_dagrun for latest_only_with_trigger to 2026-07-01 08:00:00+00:00, run_after=2026-07-01 12:00:00+00:00
[2026-07-01T12:14:42.572+0000] {processor.py:183} INFO - Processing /home/airflow/.local/lib/python3.8/site-packages/airflow/example_dags/example_latest_only_with_trigger.py took 0.192 seconds
[2026-07-01T12:15:13.435+0000] {processor.py:161} INFO - Started process (PID=782) to work on /home/airflow/.local/lib/python3.8/site-packages/airflow/example_dags/example_latest_only_with_trigger.py
[2026-07-01T12:15:13.438+0000] {processor.py:830} INFO - Processing file /home/airflow/.local/lib/python3.8/site-packages/airflow/example_dags/example_latest_only_with_trigger.py for tasks to queue
[2026-07-01T12:15:13.445+0000] {logging_mixin.py:188} INFO - [2026-07-01T12:15:13.444+0000] {dagbag.py:538} INFO - Filling up the DagBag from /home/airflow/.local/lib/python3.8/site-packages/airflow/example_dags/example_latest_only_with_trigger.py
[2026-07-01T12:15:13.463+0000] {processor.py:840} INFO - DAG(s) 'latest_only_with_trigger' retrieved from /home/airflow/.local/lib/python3.8/site-packages/airflow/example_dags/example_latest_only_with_trigger.py
[2026-07-01T12:15:13.527+0000] {logging_mixin.py:188} INFO - [2026-07-01T12:15:13.526+0000] {dag.py:3036} INFO - Sync 1 DAGs
[2026-07-01T12:15:13.583+0000] {logging_mixin.py:188} INFO - [2026-07-01T12:15:13.583+0000] {dag.py:3823} INFO - Setting next_dagrun for latest_only_with_trigger to 2026-07-01 08:00:00+00:00, run_after=2026-07-01 12:00:00+00:00
[2026-07-01T12:15:13.630+0000] {processor.py:183} INFO - Processing /home/airflow/.local/lib/python3.8/site-packages/airflow/example_dags/example_latest_only_with_trigger.py took 0.205 seconds
[2026-07-01T12:15:44.293+0000] {processor.py:161} INFO - Started process (PID=838) to work on /home/airflow/.local/lib/python3.8/site-packages/airflow/example_dags/example_latest_only_with_trigger.py
[2026-07-01T12:15:44.303+0000] {processor.py:830} INFO - Processing file /home/airflow/.local/lib/python3.8/site-packages/airflow/example_dags/example_latest_only_with_trigger.py for tasks to queue
[2026-07-01T12:15:44.321+0000] {logging_mixin.py:188} INFO - [2026-07-01T12:15:44.317+0000] {dagbag.py:538} INFO - Filling up the DagBag from /home/airflow/.local/lib/python3.8/site-packages/airflow/example_dags/example_latest_only_with_trigger.py
[2026-07-01T12:15:44.357+0000] {processor.py:840} INFO - DAG(s) 'latest_only_with_trigger' retrieved from /home/airflow/.local/lib/python3.8/site-packages/airflow/example_dags/example_latest_only_with_trigger.py
[2026-07-01T12:15:44.437+0000] {logging_mixin.py:188} INFO - [2026-07-01T12:15:44.436+0000] {dag.py:3036} INFO - Sync 1 DAGs
[2026-07-01T12:15:44.603+0000] {logging_mixin.py:188} INFO - [2026-07-01T12:15:44.602+0000] {dag.py:3823} INFO - Setting next_dagrun for latest_only_with_trigger to 2026-07-01 08:00:00+00:00, run_after=2026-07-01 12:00:00+00:00
[2026-07-01T12:15:44.713+0000] {processor.py:183} INFO - Processing /home/airflow/.local/lib/python3.8/site-packages/airflow/example_dags/example_latest_only_with_trigger.py took 0.453 seconds
[2026-07-01T12:16:15.078+0000] {processor.py:161} INFO - Started process (PID=894) to work on /home/airflow/.local/lib/python3.8/site-packages/airflow/example_dags/example_latest_only_with_trigger.py
[2026-07-01T12:16:15.082+0000] {processor.py:830} INFO - Processing file /home/airflow/.local/lib/python3.8/site-packages/airflow/example_dags/example_latest_only_with_trigger.py for tasks to queue
[2026-07-01T12:16:15.088+0000] {logging_mixin.py:188} INFO - [2026-07-01T12:16:15.087+0000] {dagbag.py:538} INFO - Filling up the DagBag from /home/airflow/.local/lib/python3.8/site-packages/airflow/example_dags/example_latest_only_with_trigger.py
[2026-07-01T12:16:15.106+0000] {processor.py:840} INFO - DAG(s) 'latest_only_with_trigger' retrieved from /home/airflow/.local/lib/python3.8/site-packages/airflow/example_dags/example_latest_only_with_trigger.py
[2026-07-01T12:16:15.165+0000] {logging_mixin.py:188} INFO - [2026-07-01T12:16:15.164+0000] {dag.py:3036} INFO - Sync 1 DAGs
[2026-07-01T12:16:15.217+0000] {logging_mixin.py:188} INFO - [2026-07-01T12:16:15.217+0000] {dag.py:3823} INFO - Setting next_dagrun for latest_only_with_trigger to 2026-07-01 08:00:00+00:00, run_after=2026-07-01 12:00:00+00:00
[2026-07-01T12:16:15.257+0000] {processor.py:183} INFO - Processing /home/airflow/.local/lib/python3.8/site-packages/airflow/example_dags/example_latest_only_with_trigger.py took 0.190 seconds
[2026-07-01T12:16:46.254+0000] {processor.py:161} INFO - Started process (PID=950) to work on /home/airflow/.local/lib/python3.8/site-packages/airflow/example_dags/example_latest_only_with_trigger.py
[2026-07-01T12:16:46.257+0000] {processor.py:830} INFO - Processing file /home/airflow/.local/lib/python3.8/site-packages/airflow/example_dags/example_latest_only_with_trigger.py for tasks to queue
[2026-07-01T12:16:46.263+0000] {logging_mixin.py:188} INFO - [2026-07-01T12:16:46.262+0000] {dagbag.py:538} INFO - Filling up the DagBag from /home/airflow/.local/lib/python3.8/site-packages/airflow/example_dags/example_latest_only_with_trigger.py
[2026-07-01T12:16:46.277+0000] {processor.py:840} INFO - DAG(s) 'latest_only_with_trigger' retrieved from /home/airflow/.local/lib/python3.8/site-packages/airflow/example_dags/example_latest_only_with_trigger.py
[2026-07-01T12:16:46.338+0000] {logging_mixin.py:188} INFO - [2026-07-01T12:16:46.337+0000] {dag.py:3036} INFO - Sync 1 DAGs
[2026-07-01T12:16:46.413+0000] {logging_mixin.py:188} INFO - [2026-07-01T12:16:46.412+0000] {dag.py:3823} INFO - Setting next_dagrun for latest_only_with_trigger to 2026-07-01 08:00:00+00:00, run_after=2026-07-01 12:00:00+00:00
[2026-07-01T12:16:46.457+0000] {processor.py:183} INFO - Processing /home/airflow/.local/lib/python3.8/site-packages/airflow/example_dags/example_latest_only_with_trigger.py took 0.211 seconds
[2026-07-01T12:17:16.917+0000] {processor.py:161} INFO - Started process (PID=1006) to work on /home/airflow/.local/lib/python3.8/site-packages/airflow/example_dags/example_latest_only_with_trigger.py
[2026-07-01T12:17:16.921+0000] {processor.py:830} INFO - Processing file /home/airflow/.local/lib/python3.8/site-packages/airflow/example_dags/example_latest_only_with_trigger.py for tasks to queue
[2026-07-01T12:17:16.932+0000] {logging_mixin.py:188} INFO - [2026-07-01T12:17:16.932+0000] {dagbag.py:538} INFO - Filling up the DagBag from /home/airflow/.local/lib/python3.8/site-packages/airflow/example_dags/example_latest_only_with_trigger.py
[2026-07-01T12:17:16.946+0000] {processor.py:840} INFO - DAG(s) 'latest_only_with_trigger' retrieved from /home/airflow/.local/lib/python3.8/site-packages/airflow/example_dags/example_latest_only_with_trigger.py
[2026-07-01T12:17:16.998+0000] {logging_mixin.py:188} INFO - [2026-07-01T12:17:16.998+0000] {dag.py:3036} INFO - Sync 1 DAGs
[2026-07-01T12:17:17.049+0000] {logging_mixin.py:188} INFO - [2026-07-01T12:17:17.048+0000] {dag.py:3823} INFO - Setting next_dagrun for latest_only_with_trigger to 2026-07-01 08:00:00+00:00, run_after=2026-07-01 12:00:00+00:00
[2026-07-01T12:17:17.093+0000] {processor.py:183} INFO - Processing /home/airflow/.local/lib/python3.8/site-packages/airflow/example_dags/example_latest_only_with_trigger.py took 0.185 seconds
[2026-07-01T12:17:48.035+0000] {processor.py:161} INFO - Started process (PID=1062) to work on /home/airflow/.local/lib/python3.8/site-packages/airflow/example_dags/example_latest_only_with_trigger.py
[2026-07-01T12:17:48.038+0000] {processor.py:830} INFO - Processing file /home/airflow/.local/lib/python3.8/site-packages/airflow/example_dags/example_latest_only_with_trigger.py for tasks to queue
[2026-07-01T12:17:48.045+0000] {logging_mixin.py:188} INFO - [2026-07-01T12:17:48.044+0000] {dagbag.py:538} INFO - Filling up the DagBag from /home/airflow/.local/lib/python3.8/site-packages/airflow/example_dags/example_latest_only_with_trigger.py
[2026-07-01T12:17:48.063+0000] {processor.py:840} INFO - DAG(s) 'latest_only_with_trigger' retrieved from /home/airflow/.local/lib/python3.8/site-packages/airflow/example_dags/example_latest_only_with_trigger.py
[2026-07-01T12:17:48.128+0000] {logging_mixin.py:188} INFO - [2026-07-01T12:17:48.128+0000] {dag.py:3036} INFO - Sync 1 DAGs
[2026-07-01T12:17:48.192+0000] {logging_mixin.py:188} INFO - [2026-07-01T12:17:48.191+0000] {dag.py:3823} INFO - Setting next_dagrun for latest_only_with_trigger to 2026-07-01 08:00:00+00:00, run_after=2026-07-01 12:00:00+00:00
[2026-07-01T12:17:48.263+0000] {processor.py:183} INFO - Processing /home/airflow/.local/lib/python3.8/site-packages/airflow/example_dags/example_latest_only_with_trigger.py took 0.238 seconds
[2026-07-01T12:18:19.870+0000] {processor.py:161} INFO - Started process (PID=1118) to work on /home/airflow/.local/lib/python3.8/site-packages/airflow/example_dags/example_latest_only_with_trigger.py
[2026-07-01T12:18:19.875+0000] {processor.py:830} INFO - Processing file /home/airflow/.local/lib/python3.8/site-packages/airflow/example_dags/example_latest_only_with_trigger.py for tasks to queue
[2026-07-01T12:18:20.055+0000] {logging_mixin.py:188} INFO - [2026-07-01T12:18:20.052+0000] {dagbag.py:538} INFO - Filling up the DagBag from /home/airflow/.local/lib/python3.8/site-packages/airflow/example_dags/example_latest_only_with_trigger.py
[2026-07-01T12:18:20.138+0000] {processor.py:840} INFO - DAG(s) 'latest_only_with_trigger' retrieved from /home/airflow/.local/lib/python3.8/site-packages/airflow/example_dags/example_latest_only_with_trigger.py
[2026-07-01T12:18:20.405+0000] {logging_mixin.py:188} INFO - [2026-07-01T12:18:20.404+0000] {dag.py:3036} INFO - Sync 1 DAGs
[2026-07-01T12:18:20.588+0000] {logging_mixin.py:188} INFO - [2026-07-01T12:18:20.588+0000] {dag.py:3823} INFO - Setting next_dagrun for latest_only_with_trigger to 2026-07-01 08:00:00+00:00, run_after=2026-07-01 12:00:00+00:00
[2026-07-01T12:18:20.777+0000] {processor.py:183} INFO - Processing /home/airflow/.local/lib/python3.8/site-packages/airflow/example_dags/example_latest_only_with_trigger.py took 0.938 seconds
[2026-07-01T12:18:51.620+0000] {processor.py:161} INFO - Started process (PID=1174) to work on /home/airflow/.local/lib/python3.8/site-packages/airflow/example_dags/example_latest_only_with_trigger.py
[2026-07-01T12:18:51.624+0000] {processor.py:830} INFO - Processing file /home/airflow/.local/lib/python3.8/site-packages/airflow/example_dags/example_latest_only_with_trigger.py for tasks to queue
[2026-07-01T12:18:51.629+0000] {logging_mixin.py:188} INFO - [2026-07-01T12:18:51.628+0000] {dagbag.py:538} INFO - Filling up the DagBag from /home/airflow/.local/lib/python3.8/site-packages/airflow/example_dags/example_latest_only_with_trigger.py
[2026-07-01T12:18:51.643+0000] {processor.py:840} INFO - DAG(s) 'latest_only_with_trigger' retrieved from /home/airflow/.local/lib/python3.8/site-packages/airflow/example_dags/example_latest_only_with_trigger.py
[2026-07-01T12:18:51.694+0000] {logging_mixin.py:188} INFO - [2026-07-01T12:18:51.693+0000] {dag.py:3036} INFO - Sync 1 DAGs
[2026-07-01T12:18:51.747+0000] {logging_mixin.py:188} INFO - [2026-07-01T12:18:51.746+0000] {dag.py:3823} INFO - Setting next_dagrun for latest_only_with_trigger to 2026-07-01 08:00:00+00:00, run_after=2026-07-01 12:00:00+00:00
[2026-07-01T12:18:51.815+0000] {processor.py:183} INFO - Processing /home/airflow/.local/lib/python3.8/site-packages/airflow/example_dags/example_latest_only_with_trigger.py took 0.204 seconds
[2026-07-01T12:19:22.180+0000] {processor.py:161} INFO - Started process (PID=1230) to work on /home/airflow/.local/lib/python3.8/site-packages/airflow/example_dags/example_latest_only_with_trigger.py
[2026-07-01T12:19:22.184+0000] {processor.py:830} INFO - Processing file /home/airflow/.local/lib/python3.8/site-packages/airflow/example_dags/example_latest_only_with_trigger.py for tasks to queue
[2026-07-01T12:19:22.190+0000] {logging_mixin.py:188} INFO - [2026-07-01T12:19:22.190+0000] {dagbag.py:538} INFO - Filling up the DagBag from /home/airflow/.local/lib/python3.8/site-packages/airflow/example_dags/example_latest_only_with_trigger.py
[2026-07-01T12:19:22.207+0000] {processor.py:840} INFO - DAG(s) 'latest_only_with_trigger' retrieved from /home/airflow/.local/lib/python3.8/site-packages/airflow/example_dags/example_latest_only_with_trigger.py
[2026-07-01T12:19:22.261+0000] {logging_mixin.py:188} INFO - [2026-07-01T12:19:22.260+0000] {dag.py:3036} INFO - Sync 1 DAGs
[2026-07-01T12:19:22.322+0000] {logging_mixin.py:188} INFO - [2026-07-01T12:19:22.321+0000] {dag.py:3823} INFO - Setting next_dagrun for latest_only_with_trigger to 2026-07-01 08:00:00+00:00, run_after=2026-07-01 12:00:00+00:00
[2026-07-01T12:19:22.372+0000] {processor.py:183} INFO - Processing /home/airflow/.local/lib/python3.8/site-packages/airflow/example_dags/example_latest_only_with_trigger.py took 0.204 seconds
[2026-07-01T12:19:55.692+0000] {processor.py:161} INFO - Started process (PID=1286) to work on /home/airflow/.local/lib/python3.8/site-packages/airflow/example_dags/example_latest_only_with_trigger.py
[2026-07-01T12:19:55.696+0000] {processor.py:830} INFO - Processing file /home/airflow/.local/lib/python3.8/site-packages/airflow/example_dags/example_latest_only_with_trigger.py for tasks to queue
[2026-07-01T12:19:55.713+0000] {logging_mixin.py:188} INFO - [2026-07-01T12:19:55.712+0000] {dagbag.py:538} INFO - Filling up the DagBag from /home/airflow/.local/lib/python3.8/site-packages/airflow/example_dags/example_latest_only_with_trigger.py
[2026-07-01T12:19:55.741+0000] {processor.py:840} INFO - DAG(s) 'latest_only_with_trigger' retrieved from /home/airflow/.local/lib/python3.8/site-packages/airflow/example_dags/example_latest_only_with_trigger.py
[2026-07-01T12:19:55.795+0000] {logging_mixin.py:188} INFO - [2026-07-01T12:19:55.794+0000] {dag.py:3036} INFO - Sync 1 DAGs
[2026-07-01T12:19:55.872+0000] {logging_mixin.py:188} INFO - [2026-07-01T12:19:55.871+0000] {dag.py:3823} INFO - Setting next_dagrun for latest_only_with_trigger to 2026-07-01 08:00:00+00:00, run_after=2026-07-01 12:00:00+00:00
[2026-07-01T12:19:55.940+0000] {processor.py:183} INFO - Processing /home/airflow/.local/lib/python3.8/site-packages/airflow/example_dags/example_latest_only_with_trigger.py took 0.267 seconds
[2026-07-01T12:20:27.561+0000] {processor.py:161} INFO - Started process (PID=1341) to work on /home/airflow/.local/lib/python3.8/site-packages/airflow/example_dags/example_latest_only_with_trigger.py
[2026-07-01T12:20:27.569+0000] {processor.py:830} INFO - Processing file /home/airflow/.local/lib/python3.8/site-packages/airflow/example_dags/example_latest_only_with_trigger.py for tasks to queue
[2026-07-01T12:20:27.587+0000] {logging_mixin.py:188} INFO - [2026-07-01T12:20:27.585+0000] {dagbag.py:538} INFO - Filling up the DagBag from /home/airflow/.local/lib/python3.8/site-packages/airflow/example_dags/example_latest_only_with_trigger.py
[2026-07-01T12:20:27.628+0000] {processor.py:840} INFO - DAG(s) 'latest_only_with_trigger' retrieved from /home/airflow/.local/lib/python3.8/site-packages/airflow/example_dags/example_latest_only_with_trigger.py
[2026-07-01T12:20:28.145+0000] {logging_mixin.py:188} INFO - [2026-07-01T12:20:28.144+0000] {dag.py:3036} INFO - Sync 1 DAGs
[2026-07-01T12:20:28.309+0000] {logging_mixin.py:188} INFO - [2026-07-01T12:20:28.308+0000] {dag.py:3823} INFO - Setting next_dagrun for latest_only_with_trigger to 2026-07-01 08:00:00+00:00, run_after=2026-07-01 12:00:00+00:00
[2026-07-01T12:20:28.441+0000] {processor.py:183} INFO - Processing /home/airflow/.local/lib/python3.8/site-packages/airflow/example_dags/example_latest_only_with_trigger.py took 0.901 seconds
[2026-07-01T12:20:58.620+0000] {processor.py:161} INFO - Started process (PID=1397) to work on /home/airflow/.local/lib/python3.8/site-packages/airflow/example_dags/example_latest_only_with_trigger.py
[2026-07-01T12:20:58.627+0000] {processor.py:830} INFO - Processing file /home/airflow/.local/lib/python3.8/site-packages/airflow/example_dags/example_latest_only_with_trigger.py for tasks to queue
[2026-07-01T12:20:58.634+0000] {logging_mixin.py:188} INFO - [2026-07-01T12:20:58.633+0000] {dagbag.py:538} INFO - Filling up the DagBag from /home/airflow/.local/lib/python3.8/site-packages/airflow/example_dags/example_latest_only_with_trigger.py
[2026-07-01T12:20:58.654+0000] {processor.py:840} INFO - DAG(s) 'latest_only_with_trigger' retrieved from /home/airflow/.local/lib/python3.8/site-packages/airflow/example_dags/example_latest_only_with_trigger.py
[2026-07-01T12:20:58.736+0000] {logging_mixin.py:188} INFO - [2026-07-01T12:20:58.735+0000] {dag.py:3036} INFO - Sync 1 DAGs
[2026-07-01T12:20:58.853+0000] {logging_mixin.py:188} INFO - [2026-07-01T12:20:58.853+0000] {dag.py:3823} INFO - Setting next_dagrun for latest_only_with_trigger to 2026-07-01 08:00:00+00:00, run_after=2026-07-01 12:00:00+00:00
[2026-07-01T12:20:58.905+0000] {processor.py:183} INFO - Processing /home/airflow/.local/lib/python3.8/site-packages/airflow/example_dags/example_latest_only_with_trigger.py took 0.296 seconds
[2026-07-01T12:21:30.128+0000] {processor.py:161} INFO - Started process (PID=1453) to work on /home/airflow/.local/lib/python3.8/site-packages/airflow/example_dags/example_latest_only_with_trigger.py
[2026-07-01T12:21:30.131+0000] {processor.py:830} INFO - Processing file /home/airflow/.local/lib/python3.8/site-packages/airflow/example_dags/example_latest_only_with_trigger.py for tasks to queue
[2026-07-01T12:21:30.137+0000] {logging_mixin.py:188} INFO - [2026-07-01T12:21:30.137+0000] {dagbag.py:538} INFO - Filling up the DagBag from /home/airflow/.local/lib/python3.8/site-packages/airflow/example_dags/example_latest_only_with_trigger.py
[2026-07-01T12:21:30.155+0000] {processor.py:840} INFO - DAG(s) 'latest_only_with_trigger' retrieved from /home/airflow/.local/lib/python3.8/site-packages/airflow/example_dags/example_latest_only_with_trigger.py
[2026-07-01T12:21:30.207+0000] {logging_mixin.py:188} INFO - [2026-07-01T12:21:30.206+0000] {dag.py:3036} INFO - Sync 1 DAGs
[2026-07-01T12:21:30.260+0000] {logging_mixin.py:188} INFO - [2026-07-01T12:21:30.260+0000] {dag.py:3823} INFO - Setting next_dagrun for latest_only_with_trigger to 2026-07-01 08:00:00+00:00, run_after=2026-07-01 12:00:00+00:00
[2026-07-01T12:21:30.304+0000] {processor.py:183} INFO - Processing /home/airflow/.local/lib/python3.8/site-packages/airflow/example_dags/example_latest_only_with_trigger.py took 0.186 seconds
[2026-07-01T12:22:00.900+0000] {processor.py:161} INFO - Started process (PID=1509) to work on /home/airflow/.local/lib/python3.8/site-packages/airflow/example_dags/example_latest_only_with_trigger.py
[2026-07-01T12:22:00.903+0000] {processor.py:830} INFO - Processing file /home/airflow/.local/lib/python3.8/site-packages/airflow/example_dags/example_latest_only_with_trigger.py for tasks to queue
[2026-07-01T12:22:00.911+0000] {logging_mixin.py:188} INFO - [2026-07-01T12:22:00.910+0000] {dagbag.py:538} INFO - Filling up the DagBag from /home/airflow/.local/lib/python3.8/site-packages/airflow/example_dags/example_latest_only_with_trigger.py
[2026-07-01T12:22:00.931+0000] {processor.py:840} INFO - DAG(s) 'latest_only_with_trigger' retrieved from /home/airflow/.local/lib/python3.8/site-packages/airflow/example_dags/example_latest_only_with_trigger.py
[2026-07-01T12:22:00.994+0000] {logging_mixin.py:188} INFO - [2026-07-01T12:22:00.993+0000] {dag.py:3036} INFO - Sync 1 DAGs
[2026-07-01T12:22:01.059+0000] {logging_mixin.py:188} INFO - [2026-07-01T12:22:01.059+0000] {dag.py:3823} INFO - Setting next_dagrun for latest_only_with_trigger to 2026-07-01 08:00:00+00:00, run_after=2026-07-01 12:00:00+00:00
[2026-07-01T12:22:01.122+0000] {processor.py:183} INFO - Processing /home/airflow/.local/lib/python3.8/site-packages/airflow/example_dags/example_latest_only_with_trigger.py took 0.233 seconds
[2026-07-01T12:22:31.660+0000] {processor.py:161} INFO - Started process (PID=1565) to work on /home/airflow/.local/lib/python3.8/site-packages/airflow/example_dags/example_latest_only_with_trigger.py
[2026-07-01T12:22:31.663+0000] {processor.py:830} INFO - Processing file /home/airflow/.local/lib/python3.8/site-packages/airflow/example_dags/example_latest_only_with_trigger.py for tasks to queue
[2026-07-01T12:22:31.668+0000] {logging_mixin.py:188} INFO - [2026-07-01T12:22:31.667+0000] {dagbag.py:538} INFO - Filling up the DagBag from /home/airflow/.local/lib/python3.8/site-packages/airflow/example_dags/example_latest_only_with_trigger.py
[2026-07-01T12:22:31.682+0000] {processor.py:840} INFO - DAG(s) 'latest_only_with_trigger' retrieved from /home/airflow/.local/lib/python3.8/site-packages/airflow/example_dags/example_latest_only_with_trigger.py
[2026-07-01T12:22:31.732+0000] {logging_mixin.py:188} INFO - [2026-07-01T12:22:31.732+0000] {dag.py:3036} INFO - Sync 1 DAGs
[2026-07-01T12:22:31.779+0000] {logging_mixin.py:188} INFO - [2026-07-01T12:22:31.779+0000] {dag.py:3823} INFO - Setting next_dagrun for latest_only_with_trigger to 2026-07-01 08:00:00+00:00, run_after=2026-07-01 12:00:00+00:00
[2026-07-01T12:22:31.817+0000] {processor.py:183} INFO - Processing /home/airflow/.local/lib/python3.8/site-packages/airflow/example_dags/example_latest_only_with_trigger.py took 0.165 seconds
[2026-07-01T12:23:02.115+0000] {processor.py:161} INFO - Started process (PID=1621) to work on /home/airflow/.local/lib/python3.8/site-packages/airflow/example_dags/example_latest_only_with_trigger.py
[2026-07-01T12:23:02.121+0000] {processor.py:830} INFO - Processing file /home/airflow/.local/lib/python3.8/site-packages/airflow/example_dags/example_latest_only_with_trigger.py for tasks to queue
[2026-07-01T12:23:02.126+0000] {logging_mixin.py:188} INFO - [2026-07-01T12:23:02.126+0000] {dagbag.py:538} INFO - Filling up the DagBag from /home/airflow/.local/lib/python3.8/site-packages/airflow/example_dags/example_latest_only_with_trigger.py
[2026-07-01T12:23:02.142+0000] {processor.py:840} INFO - DAG(s) 'latest_only_with_trigger' retrieved from /home/airflow/.local/lib/python3.8/site-packages/airflow/example_dags/example_latest_only_with_trigger.py
[2026-07-01T12:23:02.195+0000] {logging_mixin.py:188} INFO - [2026-07-01T12:23:02.194+0000] {dag.py:3036} INFO - Sync 1 DAGs
[2026-07-01T12:23:02.248+0000] {logging_mixin.py:188} INFO - [2026-07-01T12:23:02.248+0000] {dag.py:3823} INFO - Setting next_dagrun for latest_only_with_trigger to 2026-07-01 08:00:00+00:00, run_after=2026-07-01 12:00:00+00:00
[2026-07-01T12:23:02.300+0000] {processor.py:183} INFO - Processing /home/airflow/.local/lib/python3.8/site-packages/airflow/example_dags/example_latest_only_with_trigger.py took 0.193 seconds
[2026-07-01T12:23:32.709+0000] {processor.py:161} INFO - Started process (PID=1675) to work on /home/airflow/.local/lib/python3.8/site-packages/airflow/example_dags/example_latest_only_with_trigger.py
[2026-07-01T12:23:32.711+0000] {processor.py:830} INFO - Processing file /home/airflow/.local/lib/python3.8/site-packages/airflow/example_dags/example_latest_only_with_trigger.py for tasks to queue
[2026-07-01T12:23:32.717+0000] {logging_mixin.py:188} INFO - [2026-07-01T12:23:32.716+0000] {dagbag.py:538} INFO - Filling up the DagBag from /home/airflow/.local/lib/python3.8/site-packages/airflow/example_dags/example_latest_only_with_trigger.py
[2026-07-01T12:23:32.731+0000] {processor.py:840} INFO - DAG(s) 'latest_only_with_trigger' retrieved from /home/airflow/.local/lib/python3.8/site-packages/airflow/example_dags/example_latest_only_with_trigger.py
[2026-07-01T12:23:32.787+0000] {logging_mixin.py:188} INFO - [2026-07-01T12:23:32.787+0000] {dag.py:3036} INFO - Sync 1 DAGs
[2026-07-01T12:23:32.823+0000] {logging_mixin.py:188} INFO - [2026-07-01T12:23:32.822+0000] {dag.py:3823} INFO - Setting next_dagrun for latest_only_with_trigger to 2026-07-01 08:00:00+00:00, run_after=2026-07-01 12:00:00+00:00
[2026-07-01T12:23:32.852+0000] {processor.py:183} INFO - Processing /home/airflow/.local/lib/python3.8/site-packages/airflow/example_dags/example_latest_only_with_trigger.py took 0.151 seconds
[2026-07-01T12:24:04.164+0000] {processor.py:161} INFO - Started process (PID=1731) to work on /home/airflow/.local/lib/python3.8/site-packages/airflow/example_dags/example_latest_only_with_trigger.py
[2026-07-01T12:24:04.171+0000] {processor.py:830} INFO - Processing file /home/airflow/.local/lib/python3.8/site-packages/airflow/example_dags/example_latest_only_with_trigger.py for tasks to queue
[2026-07-01T12:24:04.185+0000] {logging_mixin.py:188} INFO - [2026-07-01T12:24:04.183+0000] {dagbag.py:538} INFO - Filling up the DagBag from /home/airflow/.local/lib/python3.8/site-packages/airflow/example_dags/example_latest_only_with_trigger.py
[2026-07-01T12:24:04.219+0000] {processor.py:840} INFO - DAG(s) 'latest_only_with_trigger' retrieved from /home/airflow/.local/lib/python3.8/site-packages/airflow/example_dags/example_latest_only_with_trigger.py
[2026-07-01T12:24:04.350+0000] {logging_mixin.py:188} INFO - [2026-07-01T12:24:04.350+0000] {dag.py:3036} INFO - Sync 1 DAGs
[2026-07-01T12:24:04.474+0000] {logging_mixin.py:188} INFO - [2026-07-01T12:24:04.473+0000] {dag.py:3823} INFO - Setting next_dagrun for latest_only_with_trigger to 2026-07-01 08:00:00+00:00, run_after=2026-07-01 12:00:00+00:00
[2026-07-01T12:24:04.582+0000] {processor.py:183} INFO - Processing /home/airflow/.local/lib/python3.8/site-packages/airflow/example_dags/example_latest_only_with_trigger.py took 0.434 seconds
[2026-07-01T12:24:35.304+0000] {processor.py:161} INFO - Started process (PID=1787) to work on /home/airflow/.local/lib/python3.8/site-packages/airflow/example_dags/example_latest_only_with_trigger.py
[2026-07-01T12:24:35.308+0000] {processor.py:830} INFO - Processing file /home/airflow/.local/lib/python3.8/site-packages/airflow/example_dags/example_latest_only_with_trigger.py for tasks to queue
[2026-07-01T12:24:35.315+0000] {logging_mixin.py:188} INFO - [2026-07-01T12:24:35.314+0000] {dagbag.py:538} INFO - Filling up the DagBag from /home/airflow/.local/lib/python3.8/site-packages/airflow/example_dags/example_latest_only_with_trigger.py
[2026-07-01T12:24:35.335+0000] {processor.py:840} INFO - DAG(s) 'latest_only_with_trigger' retrieved from /home/airflow/.local/lib/python3.8/site-packages/airflow/example_dags/example_latest_only_with_trigger.py
[2026-07-01T12:24:35.399+0000] {logging_mixin.py:188} INFO - [2026-07-01T12:24:35.399+0000] {dag.py:3036} INFO - Sync 1 DAGs
[2026-07-01T12:24:35.480+0000] {logging_mixin.py:188} INFO - [2026-07-01T12:24:35.479+0000] {dag.py:3823} INFO - Setting next_dagrun for latest_only_with_trigger to 2026-07-01 08:00:00+00:00, run_after=2026-07-01 12:00:00+00:00
[2026-07-01T12:24:35.534+0000] {processor.py:183} INFO - Processing /home/airflow/.local/lib/python3.8/site-packages/airflow/example_dags/example_latest_only_with_trigger.py took 0.241 seconds
[2026-07-01T12:25:06.315+0000] {processor.py:161} INFO - Started process (PID=1849) to work on /home/airflow/.local/lib/python3.8/site-packages/airflow/example_dags/example_latest_only_with_trigger.py
[2026-07-01T12:25:06.319+0000] {processor.py:830} INFO - Processing file /home/airflow/.local/lib/python3.8/site-packages/airflow/example_dags/example_latest_only_with_trigger.py for tasks to queue
[2026-07-01T12:25:06.325+0000] {logging_mixin.py:188} INFO - [2026-07-01T12:25:06.324+0000] {dagbag.py:538} INFO - Filling up the DagBag from /home/airflow/.local/lib/python3.8/site-packages/airflow/example_dags/example_latest_only_with_trigger.py
[2026-07-01T12:25:06.340+0000] {processor.py:840} INFO - DAG(s) 'latest_only_with_trigger' retrieved from /home/airflow/.local/lib/python3.8/site-packages/airflow/example_dags/example_latest_only_with_trigger.py
[2026-07-01T12:25:06.398+0000] {logging_mixin.py:188} INFO - [2026-07-01T12:25:06.397+0000] {dag.py:3036} INFO - Sync 1 DAGs
[2026-07-01T12:25:06.461+0000] {logging_mixin.py:188} INFO - [2026-07-01T12:25:06.460+0000] {dag.py:3823} INFO - Setting next_dagrun for latest_only_with_trigger to 2026-07-01 08:00:00+00:00, run_after=2026-07-01 12:00:00+00:00
[2026-07-01T12:25:06.538+0000] {processor.py:183} INFO - Processing /home/airflow/.local/lib/python3.8/site-packages/airflow/example_dags/example_latest_only_with_trigger.py took 0.234 seconds
[2026-07-01T12:25:36.963+0000] {processor.py:161} INFO - Started process (PID=1904) to work on /home/airflow/.local/lib/python3.8/site-packages/airflow/example_dags/example_latest_only_with_trigger.py
[2026-07-01T12:25:36.966+0000] {processor.py:830} INFO - Processing file /home/airflow/.local/lib/python3.8/site-packages/airflow/example_dags/example_latest_only_with_trigger.py for tasks to queue
[2026-07-01T12:25:36.972+0000] {logging_mixin.py:188} INFO - [2026-07-01T12:25:36.971+0000] {dagbag.py:538} INFO - Filling up the DagBag from /home/airflow/.local/lib/python3.8/site-packages/airflow/example_dags/example_latest_only_with_trigger.py
[2026-07-01T12:25:36.988+0000] {processor.py:840} INFO - DAG(s) 'latest_only_with_trigger' retrieved from /home/airflow/.local/lib/python3.8/site-packages/airflow/example_dags/example_latest_only_with_trigger.py
[2026-07-01T12:25:37.042+0000] {logging_mixin.py:188} INFO - [2026-07-01T12:25:37.041+0000] {dag.py:3036} INFO - Sync 1 DAGs
[2026-07-01T12:25:37.110+0000] {logging_mixin.py:188} INFO - [2026-07-01T12:25:37.109+0000] {dag.py:3823} INFO - Setting next_dagrun for latest_only_with_trigger to 2026-07-01 08:00:00+00:00, run_after=2026-07-01 12:00:00+00:00
[2026-07-01T12:25:37.182+0000] {processor.py:183} INFO - Processing /home/airflow/.local/lib/python3.8/site-packages/airflow/example_dags/example_latest_only_with_trigger.py took 0.229 seconds
[2026-07-01T12:26:07.283+0000] {processor.py:161} INFO - Started process (PID=1960) to work on /home/airflow/.local/lib/python3.8/site-packages/airflow/example_dags/example_latest_only_with_trigger.py
[2026-07-01T12:26:07.287+0000] {processor.py:830} INFO - Processing file /home/airflow/.local/lib/python3.8/site-packages/airflow/example_dags/example_latest_only_with_trigger.py for tasks to queue
[2026-07-01T12:26:07.293+0000] {logging_mixin.py:188} INFO - [2026-07-01T12:26:07.292+0000] {dagbag.py:538} INFO - Filling up the DagBag from /home/airflow/.local/lib/python3.8/site-packages/airflow/example_dags/example_latest_only_with_trigger.py
[2026-07-01T12:26:07.310+0000] {processor.py:840} INFO - DAG(s) 'latest_only_with_trigger' retrieved from /home/airflow/.local/lib/python3.8/site-packages/airflow/example_dags/example_latest_only_with_trigger.py
[2026-07-01T12:26:07.363+0000] {logging_mixin.py:188} INFO - [2026-07-01T12:26:07.362+0000] {dag.py:3036} INFO - Sync 1 DAGs
[2026-07-01T12:26:07.410+0000] {logging_mixin.py:188} INFO - [2026-07-01T12:26:07.409+0000] {dag.py:3823} INFO - Setting next_dagrun for latest_only_with_trigger to 2026-07-01 08:00:00+00:00, run_after=2026-07-01 12:00:00+00:00
[2026-07-01T12:26:07.447+0000] {processor.py:183} INFO - Processing /home/airflow/.local/lib/python3.8/site-packages/airflow/example_dags/example_latest_only_with_trigger.py took 0.176 seconds
[2026-07-01T12:26:37.998+0000] {processor.py:161} INFO - Started process (PID=2016) to work on /home/airflow/.local/lib/python3.8/site-packages/airflow/example_dags/example_latest_only_with_trigger.py
[2026-07-01T12:26:38.001+0000] {processor.py:830} INFO - Processing file /home/airflow/.local/lib/python3.8/site-packages/airflow/example_dags/example_latest_only_with_trigger.py for tasks to queue
[2026-07-01T12:26:38.006+0000] {logging_mixin.py:188} INFO - [2026-07-01T12:26:38.006+0000] {dagbag.py:538} INFO - Filling up the DagBag from /home/airflow/.local/lib/python3.8/site-packages/airflow/example_dags/example_latest_only_with_trigger.py
[2026-07-01T12:26:38.022+0000] {processor.py:840} INFO - DAG(s) 'latest_only_with_trigger' retrieved from /home/airflow/.local/lib/python3.8/site-packages/airflow/example_dags/example_latest_only_with_trigger.py
[2026-07-01T12:26:38.067+0000] {logging_mixin.py:188} INFO - [2026-07-01T12:26:38.066+0000] {dag.py:3036} INFO - Sync 1 DAGs
[2026-07-01T12:26:38.111+0000] {logging_mixin.py:188} INFO - [2026-07-01T12:26:38.111+0000] {dag.py:3823} INFO - Setting next_dagrun for latest_only_with_trigger to 2026-07-01 08:00:00+00:00, run_after=2026-07-01 12:00:00+00:00
[2026-07-01T12:26:38.148+0000] {processor.py:183} INFO - Processing /home/airflow/.local/lib/python3.8/site-packages/airflow/example_dags/example_latest_only_with_trigger.py took 0.158 seconds
[2026-07-01T12:27:08.995+0000] {processor.py:161} INFO - Started process (PID=2072) to work on /home/airflow/.local/lib/python3.8/site-packages/airflow/example_dags/example_latest_only_with_trigger.py
[2026-07-01T12:27:08.998+0000] {processor.py:830} INFO - Processing file /home/airflow/.local/lib/python3.8/site-packages/airflow/example_dags/example_latest_only_with_trigger.py for tasks to queue
[2026-07-01T12:27:09.005+0000] {logging_mixin.py:188} INFO - [2026-07-01T12:27:09.003+0000] {dagbag.py:538} INFO - Filling up the DagBag from /home/airflow/.local/lib/python3.8/site-packages/airflow/example_dags/example_latest_only_with_trigger.py
[2026-07-01T12:27:09.022+0000] {processor.py:840} INFO - DAG(s) 'latest_only_with_trigger' retrieved from /home/airflow/.local/lib/python3.8/site-packages/airflow/example_dags/example_latest_only_with_trigger.py
[2026-07-01T12:27:09.076+0000] {logging_mixin.py:188} INFO - [2026-07-01T12:27:09.076+0000] {dag.py:3036} INFO - Sync 1 DAGs
[2026-07-01T12:27:09.134+0000] {logging_mixin.py:188} INFO - [2026-07-01T12:27:09.134+0000] {dag.py:3823} INFO - Setting next_dagrun for latest_only_with_trigger to 2026-07-01 08:00:00+00:00, run_after=2026-07-01 12:00:00+00:00
[2026-07-01T12:27:09.188+0000] {processor.py:183} INFO - Processing /home/airflow/.local/lib/python3.8/site-packages/airflow/example_dags/example_latest_only_with_trigger.py took 0.199 seconds
[2026-07-01T12:27:39.715+0000] {processor.py:161} INFO - Started process (PID=2128) to work on /home/airflow/.local/lib/python3.8/site-packages/airflow/example_dags/example_latest_only_with_trigger.py
[2026-07-01T12:27:39.718+0000] {processor.py:830} INFO - Processing file /home/airflow/.local/lib/python3.8/site-packages/airflow/example_dags/example_latest_only_with_trigger.py for tasks to queue
[2026-07-01T12:27:39.724+0000] {logging_mixin.py:188} INFO - [2026-07-01T12:27:39.723+0000] {dagbag.py:538} INFO - Filling up the DagBag from /home/airflow/.local/lib/python3.8/site-packages/airflow/example_dags/example_latest_only_with_trigger.py
[2026-07-01T12:27:39.743+0000] {processor.py:840} INFO - DAG(s) 'latest_only_with_trigger' retrieved from /home/airflow/.local/lib/python3.8/site-packages/airflow/example_dags/example_latest_only_with_trigger.py
[2026-07-01T12:27:39.812+0000] {logging_mixin.py:188} INFO - [2026-07-01T12:27:39.811+0000] {dag.py:3036} INFO - Sync 1 DAGs
[2026-07-01T12:27:39.870+0000] {logging_mixin.py:188} INFO - [2026-07-01T12:27:39.869+0000] {dag.py:3823} INFO - Setting next_dagrun for latest_only_with_trigger to 2026-07-01 08:00:00+00:00, run_after=2026-07-01 12:00:00+00:00
[2026-07-01T12:27:39.910+0000] {processor.py:183} INFO - Processing /home/airflow/.local/lib/python3.8/site-packages/airflow/example_dags/example_latest_only_with_trigger.py took 0.203 seconds
[2026-07-01T12:28:10.254+0000] {processor.py:161} INFO - Started process (PID=2184) to work on /home/airflow/.local/lib/python3.8/site-packages/airflow/example_dags/example_latest_only_with_trigger.py
[2026-07-01T12:28:10.258+0000] {processor.py:830} INFO - Processing file /home/airflow/.local/lib/python3.8/site-packages/airflow/example_dags/example_latest_only_with_trigger.py for tasks to queue
[2026-07-01T12:28:10.266+0000] {logging_mixin.py:188} INFO - [2026-07-01T12:28:10.265+0000] {dagbag.py:538} INFO - Filling up the DagBag from /home/airflow/.local/lib/python3.8/site-packages/airflow/example_dags/example_latest_only_with_trigger.py
[2026-07-01T12:28:10.290+0000] {processor.py:840} INFO - DAG(s) 'latest_only_with_trigger' retrieved from /home/airflow/.local/lib/python3.8/site-packages/airflow/example_dags/example_latest_only_with_trigger.py
[2026-07-01T12:28:10.366+0000] {logging_mixin.py:188} INFO - [2026-07-01T12:28:10.365+0000] {dag.py:3036} INFO - Sync 1 DAGs
[2026-07-01T12:28:10.441+0000] {logging_mixin.py:188} INFO - [2026-07-01T12:28:10.441+0000] {dag.py:3823} INFO - Setting next_dagrun for latest_only_with_trigger to 2026-07-01 08:00:00+00:00, run_after=2026-07-01 12:00:00+00:00
[2026-07-01T12:28:10.493+0000] {processor.py:183} INFO - Processing /home/airflow/.local/lib/python3.8/site-packages/airflow/example_dags/example_latest_only_with_trigger.py took 0.252 seconds
[2026-07-01T12:28:40.805+0000] {processor.py:161} INFO - Started process (PID=2241) to work on /home/airflow/.local/lib/python3.8/site-packages/airflow/example_dags/example_latest_only_with_trigger.py
[2026-07-01T12:28:40.809+0000] {processor.py:830} INFO - Processing file /home/airflow/.local/lib/python3.8/site-packages/airflow/example_dags/example_latest_only_with_trigger.py for tasks to queue
[2026-07-01T12:28:40.814+0000] {logging_mixin.py:188} INFO - [2026-07-01T12:28:40.813+0000] {dagbag.py:538} INFO - Filling up the DagBag from /home/airflow/.local/lib/python3.8/site-packages/airflow/example_dags/example_latest_only_with_trigger.py
[2026-07-01T12:28:40.828+0000] {processor.py:840} INFO - DAG(s) 'latest_only_with_trigger' retrieved from /home/airflow/.local/lib/python3.8/site-packages/airflow/example_dags/example_latest_only_with_trigger.py
[2026-07-01T12:28:40.887+0000] {logging_mixin.py:188} INFO - [2026-07-01T12:28:40.886+0000] {dag.py:3036} INFO - Sync 1 DAGs
[2026-07-01T12:28:40.947+0000] {logging_mixin.py:188} INFO - [2026-07-01T12:28:40.947+0000] {dag.py:3823} INFO - Setting next_dagrun for latest_only_with_trigger to 2026-07-01 08:00:00+00:00, run_after=2026-07-01 12:00:00+00:00
[2026-07-01T12:28:40.994+0000] {processor.py:183} INFO - Processing /home/airflow/.local/lib/python3.8/site-packages/airflow/example_dags/example_latest_only_with_trigger.py took 0.197 seconds
[2026-07-01T12:29:11.244+0000] {processor.py:161} INFO - Started process (PID=2298) to work on /home/airflow/.local/lib/python3.8/site-packages/airflow/example_dags/example_latest_only_with_trigger.py
[2026-07-01T12:29:11.248+0000] {processor.py:830} INFO - Processing file /home/airflow/.local/lib/python3.8/site-packages/airflow/example_dags/example_latest_only_with_trigger.py for tasks to queue
[2026-07-01T12:29:11.254+0000] {logging_mixin.py:188} INFO - [2026-07-01T12:29:11.254+0000] {dagbag.py:538} INFO - Filling up the DagBag from /home/airflow/.local/lib/python3.8/site-packages/airflow/example_dags/example_latest_only_with_trigger.py
[2026-07-01T12:29:11.271+0000] {processor.py:840} INFO - DAG(s) 'latest_only_with_trigger' retrieved from /home/airflow/.local/lib/python3.8/site-packages/airflow/example_dags/example_latest_only_with_trigger.py
[2026-07-01T12:29:11.323+0000] {logging_mixin.py:188} INFO - [2026-07-01T12:29:11.322+0000] {dag.py:3036} INFO - Sync 1 DAGs
[2026-07-01T12:29:11.378+0000] {logging_mixin.py:188} INFO - [2026-07-01T12:29:11.378+0000] {dag.py:3823} INFO - Setting next_dagrun for latest_only_with_trigger to 2026-07-01 08:00:00+00:00, run_after=2026-07-01 12:00:00+00:00
[2026-07-01T12:29:11.429+0000] {processor.py:183} INFO - Processing /home/airflow/.local/lib/python3.8/site-packages/airflow/example_dags/example_latest_only_with_trigger.py took 0.195 seconds
[2026-07-01T12:29:41.819+0000] {processor.py:161} INFO - Started process (PID=2354) to work on /home/airflow/.local/lib/python3.8/site-packages/airflow/example_dags/example_latest_only_with_trigger.py
[2026-07-01T12:29:41.823+0000] {processor.py:830} INFO - Processing file /home/airflow/.local/lib/python3.8/site-packages/airflow/example_dags/example_latest_only_with_trigger.py for tasks to queue
[2026-07-01T12:29:41.828+0000] {logging_mixin.py:188} INFO - [2026-07-01T12:29:41.827+0000] {dagbag.py:538} INFO - Filling up the DagBag from /home/airflow/.local/lib/python3.8/site-packages/airflow/example_dags/example_latest_only_with_trigger.py
[2026-07-01T12:29:41.842+0000] {processor.py:840} INFO - DAG(s) 'latest_only_with_trigger' retrieved from /home/airflow/.local/lib/python3.8/site-packages/airflow/example_dags/example_latest_only_with_trigger.py
[2026-07-01T12:29:41.900+0000] {logging_mixin.py:188} INFO - [2026-07-01T12:29:41.899+0000] {dag.py:3036} INFO - Sync 1 DAGs
[2026-07-01T12:29:41.964+0000] {logging_mixin.py:188} INFO - [2026-07-01T12:29:41.963+0000] {dag.py:3823} INFO - Setting next_dagrun for latest_only_with_trigger to 2026-07-01 08:00:00+00:00, run_after=2026-07-01 12:00:00+00:00
[2026-07-01T12:29:42.028+0000] {processor.py:183} INFO - Processing /home/airflow/.local/lib/python3.8/site-packages/airflow/example_dags/example_latest_only_with_trigger.py took 0.217 seconds
