[2026-07-01T11:58:41.945+0000] {processor.py:161} INFO - Started process (PID=125) to work on /home/airflow/.local/lib/python3.8/site-packages/airflow/example_dags/example_short_circuit_operator.py
[2026-07-01T11:58:41.949+0000] {processor.py:830} INFO - Processing file /home/airflow/.local/lib/python3.8/site-packages/airflow/example_dags/example_short_circuit_operator.py for tasks to queue
[2026-07-01T11:58:41.960+0000] {logging_mixin.py:188} INFO - [2026-07-01T11:58:41.959+0000] {dagbag.py:538} INFO - Filling up the DagBag from /home/airflow/.local/lib/python3.8/site-packages/airflow/example_dags/example_short_circuit_operator.py
[2026-07-01T11:58:42.004+0000] {processor.py:840} INFO - DAG(s) 'example_short_circuit_operator' retrieved from /home/airflow/.local/lib/python3.8/site-packages/airflow/example_dags/example_short_circuit_operator.py
[2026-07-01T11:58:42.414+0000] {logging_mixin.py:188} INFO - [2026-07-01T11:58:42.413+0000] {dag.py:3036} INFO - Sync 1 DAGs
[2026-07-01T11:58:42.480+0000] {logging_mixin.py:188} INFO - [2026-07-01T11:58:42.480+0000] {dag.py:3823} INFO - Setting next_dagrun for example_short_circuit_operator to 2026-06-30 00:00:00+00:00, run_after=2026-07-01 00:00:00+00:00
[2026-07-01T11:58:42.561+0000] {processor.py:183} INFO - Processing /home/airflow/.local/lib/python3.8/site-packages/airflow/example_dags/example_short_circuit_operator.py took 0.626 seconds
[2026-07-01T11:59:13.014+0000] {processor.py:161} INFO - Started process (PID=180) to work on /home/airflow/.local/lib/python3.8/site-packages/airflow/example_dags/example_short_circuit_operator.py
[2026-07-01T11:59:13.045+0000] {processor.py:830} INFO - Processing file /home/airflow/.local/lib/python3.8/site-packages/airflow/example_dags/example_short_circuit_operator.py for tasks to queue
[2026-07-01T11:59:13.053+0000] {logging_mixin.py:188} INFO - [2026-07-01T11:59:13.052+0000] {dagbag.py:538} INFO - Filling up the DagBag from /home/airflow/.local/lib/python3.8/site-packages/airflow/example_dags/example_short_circuit_operator.py
[2026-07-01T11:59:13.115+0000] {processor.py:840} INFO - DAG(s) 'example_short_circuit_operator' retrieved from /home/airflow/.local/lib/python3.8/site-packages/airflow/example_dags/example_short_circuit_operator.py
[2026-07-01T11:59:13.314+0000] {logging_mixin.py:188} INFO - [2026-07-01T11:59:13.314+0000] {dag.py:3036} INFO - Sync 1 DAGs
[2026-07-01T11:59:13.477+0000] {logging_mixin.py:188} INFO - [2026-07-01T11:59:13.475+0000] {dag.py:3823} INFO - Setting next_dagrun for example_short_circuit_operator to 2026-06-30 00:00:00+00:00, run_after=2026-07-01 00:00:00+00:00
[2026-07-01T11:59:13.632+0000] {processor.py:183} INFO - Processing /home/airflow/.local/lib/python3.8/site-packages/airflow/example_dags/example_short_circuit_operator.py took 0.633 seconds
[2026-07-01T11:59:44.399+0000] {processor.py:161} INFO - Started process (PID=235) to work on /home/airflow/.local/lib/python3.8/site-packages/airflow/example_dags/example_short_circuit_operator.py
[2026-07-01T11:59:44.403+0000] {processor.py:830} INFO - Processing file /home/airflow/.local/lib/python3.8/site-packages/airflow/example_dags/example_short_circuit_operator.py for tasks to queue
[2026-07-01T11:59:44.412+0000] {logging_mixin.py:188} INFO - [2026-07-01T11:59:44.410+0000] {dagbag.py:538} INFO - Filling up the DagBag from /home/airflow/.local/lib/python3.8/site-packages/airflow/example_dags/example_short_circuit_operator.py
[2026-07-01T11:59:44.445+0000] {processor.py:840} INFO - DAG(s) 'example_short_circuit_operator' retrieved from /home/airflow/.local/lib/python3.8/site-packages/airflow/example_dags/example_short_circuit_operator.py
[2026-07-01T11:59:44.521+0000] {logging_mixin.py:188} INFO - [2026-07-01T11:59:44.521+0000] {dag.py:3036} INFO - Sync 1 DAGs
[2026-07-01T11:59:44.851+0000] {logging_mixin.py:188} INFO - [2026-07-01T11:59:44.850+0000] {dag.py:3823} INFO - Setting next_dagrun for example_short_circuit_operator to 2026-06-30 00:00:00+00:00, run_after=2026-07-01 00:00:00+00:00
[2026-07-01T11:59:44.941+0000] {processor.py:183} INFO - Processing /home/airflow/.local/lib/python3.8/site-packages/airflow/example_dags/example_short_circuit_operator.py took 0.560 seconds
[2026-07-01T12:00:15.036+0000] {processor.py:161} INFO - Started process (PID=291) to work on /home/airflow/.local/lib/python3.8/site-packages/airflow/example_dags/example_short_circuit_operator.py
[2026-07-01T12:00:15.039+0000] {processor.py:830} INFO - Processing file /home/airflow/.local/lib/python3.8/site-packages/airflow/example_dags/example_short_circuit_operator.py for tasks to queue
[2026-07-01T12:00:15.045+0000] {logging_mixin.py:188} INFO - [2026-07-01T12:00:15.045+0000] {dagbag.py:538} INFO - Filling up the DagBag from /home/airflow/.local/lib/python3.8/site-packages/airflow/example_dags/example_short_circuit_operator.py
[2026-07-01T12:00:15.067+0000] {processor.py:840} INFO - DAG(s) 'example_short_circuit_operator' retrieved from /home/airflow/.local/lib/python3.8/site-packages/airflow/example_dags/example_short_circuit_operator.py
[2026-07-01T12:00:15.346+0000] {logging_mixin.py:188} INFO - [2026-07-01T12:00:15.346+0000] {dag.py:3036} INFO - Sync 1 DAGs
[2026-07-01T12:00:15.390+0000] {logging_mixin.py:188} INFO - [2026-07-01T12:00:15.389+0000] {dag.py:3823} INFO - Setting next_dagrun for example_short_circuit_operator to 2026-06-30 00:00:00+00:00, run_after=2026-07-01 00:00:00+00:00
[2026-07-01T12:00:15.442+0000] {processor.py:183} INFO - Processing /home/airflow/.local/lib/python3.8/site-packages/airflow/example_dags/example_short_circuit_operator.py took 0.414 seconds
[2026-07-01T12:00:45.687+0000] {processor.py:161} INFO - Started process (PID=345) to work on /home/airflow/.local/lib/python3.8/site-packages/airflow/example_dags/example_short_circuit_operator.py
[2026-07-01T12:00:45.691+0000] {processor.py:830} INFO - Processing file /home/airflow/.local/lib/python3.8/site-packages/airflow/example_dags/example_short_circuit_operator.py for tasks to queue
[2026-07-01T12:00:45.699+0000] {logging_mixin.py:188} INFO - [2026-07-01T12:00:45.698+0000] {dagbag.py:538} INFO - Filling up the DagBag from /home/airflow/.local/lib/python3.8/site-packages/airflow/example_dags/example_short_circuit_operator.py
[2026-07-01T12:00:45.726+0000] {processor.py:840} INFO - DAG(s) 'example_short_circuit_operator' retrieved from /home/airflow/.local/lib/python3.8/site-packages/airflow/example_dags/example_short_circuit_operator.py
[2026-07-01T12:00:45.811+0000] {logging_mixin.py:188} INFO - [2026-07-01T12:00:45.810+0000] {dag.py:3036} INFO - Sync 1 DAGs
[2026-07-01T12:00:45.885+0000] {logging_mixin.py:188} INFO - [2026-07-01T12:00:45.884+0000] {dag.py:3823} INFO - Setting next_dagrun for example_short_circuit_operator to 2026-06-30 00:00:00+00:00, run_after=2026-07-01 00:00:00+00:00
[2026-07-01T12:00:45.950+0000] {processor.py:183} INFO - Processing /home/airflow/.local/lib/python3.8/site-packages/airflow/example_dags/example_short_circuit_operator.py took 0.275 seconds
[2026-07-01T12:01:16.083+0000] {processor.py:161} INFO - Started process (PID=400) to work on /home/airflow/.local/lib/python3.8/site-packages/airflow/example_dags/example_short_circuit_operator.py
[2026-07-01T12:01:16.087+0000] {processor.py:830} INFO - Processing file /home/airflow/.local/lib/python3.8/site-packages/airflow/example_dags/example_short_circuit_operator.py for tasks to queue
[2026-07-01T12:01:16.092+0000] {logging_mixin.py:188} INFO - [2026-07-01T12:01:16.091+0000] {dagbag.py:538} INFO - Filling up the DagBag from /home/airflow/.local/lib/python3.8/site-packages/airflow/example_dags/example_short_circuit_operator.py
[2026-07-01T12:01:16.111+0000] {processor.py:840} INFO - DAG(s) 'example_short_circuit_operator' retrieved from /home/airflow/.local/lib/python3.8/site-packages/airflow/example_dags/example_short_circuit_operator.py
[2026-07-01T12:01:16.164+0000] {logging_mixin.py:188} INFO - [2026-07-01T12:01:16.163+0000] {dag.py:3036} INFO - Sync 1 DAGs
[2026-07-01T12:01:16.225+0000] {logging_mixin.py:188} INFO - [2026-07-01T12:01:16.222+0000] {dag.py:3823} INFO - Setting next_dagrun for example_short_circuit_operator to 2026-06-30 00:00:00+00:00, run_after=2026-07-01 00:00:00+00:00
[2026-07-01T12:01:16.286+0000] {processor.py:183} INFO - Processing /home/airflow/.local/lib/python3.8/site-packages/airflow/example_dags/example_short_circuit_operator.py took 0.212 seconds
[2026-07-01T12:01:47.073+0000] {processor.py:161} INFO - Started process (PID=455) to work on /home/airflow/.local/lib/python3.8/site-packages/airflow/example_dags/example_short_circuit_operator.py
[2026-07-01T12:01:47.087+0000] {processor.py:830} INFO - Processing file /home/airflow/.local/lib/python3.8/site-packages/airflow/example_dags/example_short_circuit_operator.py for tasks to queue
[2026-07-01T12:01:47.096+0000] {logging_mixin.py:188} INFO - [2026-07-01T12:01:47.094+0000] {dagbag.py:538} INFO - Filling up the DagBag from /home/airflow/.local/lib/python3.8/site-packages/airflow/example_dags/example_short_circuit_operator.py
[2026-07-01T12:01:47.146+0000] {processor.py:840} INFO - DAG(s) 'example_short_circuit_operator' retrieved from /home/airflow/.local/lib/python3.8/site-packages/airflow/example_dags/example_short_circuit_operator.py
[2026-07-01T12:01:47.241+0000] {logging_mixin.py:188} INFO - [2026-07-01T12:01:47.240+0000] {dag.py:3036} INFO - Sync 1 DAGs
[2026-07-01T12:01:47.331+0000] {logging_mixin.py:188} INFO - [2026-07-01T12:01:47.330+0000] {dag.py:3823} INFO - Setting next_dagrun for example_short_circuit_operator to 2026-06-30 00:00:00+00:00, run_after=2026-07-01 00:00:00+00:00
[2026-07-01T12:01:47.413+0000] {processor.py:183} INFO - Processing /home/airflow/.local/lib/python3.8/site-packages/airflow/example_dags/example_short_circuit_operator.py took 0.357 seconds
[2026-07-01T12:02:17.528+0000] {processor.py:161} INFO - Started process (PID=511) to work on /home/airflow/.local/lib/python3.8/site-packages/airflow/example_dags/example_short_circuit_operator.py
[2026-07-01T12:02:17.533+0000] {processor.py:830} INFO - Processing file /home/airflow/.local/lib/python3.8/site-packages/airflow/example_dags/example_short_circuit_operator.py for tasks to queue
[2026-07-01T12:02:17.540+0000] {logging_mixin.py:188} INFO - [2026-07-01T12:02:17.539+0000] {dagbag.py:538} INFO - Filling up the DagBag from /home/airflow/.local/lib/python3.8/site-packages/airflow/example_dags/example_short_circuit_operator.py
[2026-07-01T12:02:17.564+0000] {processor.py:840} INFO - DAG(s) 'example_short_circuit_operator' retrieved from /home/airflow/.local/lib/python3.8/site-packages/airflow/example_dags/example_short_circuit_operator.py
[2026-07-01T12:02:17.630+0000] {logging_mixin.py:188} INFO - [2026-07-01T12:02:17.630+0000] {dag.py:3036} INFO - Sync 1 DAGs
[2026-07-01T12:02:17.693+0000] {logging_mixin.py:188} INFO - [2026-07-01T12:02:17.692+0000] {dag.py:3823} INFO - Setting next_dagrun for example_short_circuit_operator to 2026-06-30 00:00:00+00:00, run_after=2026-07-01 00:00:00+00:00
[2026-07-01T12:02:17.746+0000] {processor.py:183} INFO - Processing /home/airflow/.local/lib/python3.8/site-packages/airflow/example_dags/example_short_circuit_operator.py took 0.229 seconds
[2026-07-01T12:02:48.029+0000] {processor.py:161} INFO - Started process (PID=567) to work on /home/airflow/.local/lib/python3.8/site-packages/airflow/example_dags/example_short_circuit_operator.py
[2026-07-01T12:02:48.034+0000] {processor.py:830} INFO - Processing file /home/airflow/.local/lib/python3.8/site-packages/airflow/example_dags/example_short_circuit_operator.py for tasks to queue
[2026-07-01T12:02:48.040+0000] {logging_mixin.py:188} INFO - [2026-07-01T12:02:48.039+0000] {dagbag.py:538} INFO - Filling up the DagBag from /home/airflow/.local/lib/python3.8/site-packages/airflow/example_dags/example_short_circuit_operator.py
[2026-07-01T12:02:48.070+0000] {processor.py:840} INFO - DAG(s) 'example_short_circuit_operator' retrieved from /home/airflow/.local/lib/python3.8/site-packages/airflow/example_dags/example_short_circuit_operator.py
[2026-07-01T12:02:48.127+0000] {logging_mixin.py:188} INFO - [2026-07-01T12:02:48.126+0000] {dag.py:3036} INFO - Sync 1 DAGs
[2026-07-01T12:02:48.179+0000] {logging_mixin.py:188} INFO - [2026-07-01T12:02:48.178+0000] {dag.py:3823} INFO - Setting next_dagrun for example_short_circuit_operator to 2026-06-30 00:00:00+00:00, run_after=2026-07-01 00:00:00+00:00
[2026-07-01T12:02:48.224+0000] {processor.py:183} INFO - Processing /home/airflow/.local/lib/python3.8/site-packages/airflow/example_dags/example_short_circuit_operator.py took 0.205 seconds
[2026-07-01T12:03:18.470+0000] {processor.py:161} INFO - Started process (PID=622) to work on /home/airflow/.local/lib/python3.8/site-packages/airflow/example_dags/example_short_circuit_operator.py
[2026-07-01T12:03:18.474+0000] {processor.py:830} INFO - Processing file /home/airflow/.local/lib/python3.8/site-packages/airflow/example_dags/example_short_circuit_operator.py for tasks to queue
[2026-07-01T12:03:18.479+0000] {logging_mixin.py:188} INFO - [2026-07-01T12:03:18.478+0000] {dagbag.py:538} INFO - Filling up the DagBag from /home/airflow/.local/lib/python3.8/site-packages/airflow/example_dags/example_short_circuit_operator.py
[2026-07-01T12:03:18.497+0000] {processor.py:840} INFO - DAG(s) 'example_short_circuit_operator' retrieved from /home/airflow/.local/lib/python3.8/site-packages/airflow/example_dags/example_short_circuit_operator.py
[2026-07-01T12:03:18.549+0000] {logging_mixin.py:188} INFO - [2026-07-01T12:03:18.549+0000] {dag.py:3036} INFO - Sync 1 DAGs
[2026-07-01T12:03:18.596+0000] {logging_mixin.py:188} INFO - [2026-07-01T12:03:18.595+0000] {dag.py:3823} INFO - Setting next_dagrun for example_short_circuit_operator to 2026-06-30 00:00:00+00:00, run_after=2026-07-01 00:00:00+00:00
[2026-07-01T12:03:18.638+0000] {processor.py:183} INFO - Processing /home/airflow/.local/lib/python3.8/site-packages/airflow/example_dags/example_short_circuit_operator.py took 0.176 seconds
[2026-07-01T12:03:48.993+0000] {processor.py:161} INFO - Started process (PID=678) to work on /home/airflow/.local/lib/python3.8/site-packages/airflow/example_dags/example_short_circuit_operator.py
[2026-07-01T12:03:48.996+0000] {processor.py:830} INFO - Processing file /home/airflow/.local/lib/python3.8/site-packages/airflow/example_dags/example_short_circuit_operator.py for tasks to queue
[2026-07-01T12:03:49.001+0000] {logging_mixin.py:188} INFO - [2026-07-01T12:03:49.001+0000] {dagbag.py:538} INFO - Filling up the DagBag from /home/airflow/.local/lib/python3.8/site-packages/airflow/example_dags/example_short_circuit_operator.py
[2026-07-01T12:03:49.022+0000] {processor.py:840} INFO - DAG(s) 'example_short_circuit_operator' retrieved from /home/airflow/.local/lib/python3.8/site-packages/airflow/example_dags/example_short_circuit_operator.py
[2026-07-01T12:03:49.078+0000] {logging_mixin.py:188} INFO - [2026-07-01T12:03:49.077+0000] {dag.py:3036} INFO - Sync 1 DAGs
[2026-07-01T12:03:49.153+0000] {logging_mixin.py:188} INFO - [2026-07-01T12:03:49.153+0000] {dag.py:3823} INFO - Setting next_dagrun for example_short_circuit_operator to 2026-06-30 00:00:00+00:00, run_after=2026-07-01 00:00:00+00:00
[2026-07-01T12:03:49.200+0000] {processor.py:183} INFO - Processing /home/airflow/.local/lib/python3.8/site-packages/airflow/example_dags/example_short_circuit_operator.py took 0.216 seconds
[2026-07-01T12:04:19.702+0000] {processor.py:161} INFO - Started process (PID=733) to work on /home/airflow/.local/lib/python3.8/site-packages/airflow/example_dags/example_short_circuit_operator.py
[2026-07-01T12:04:19.706+0000] {processor.py:830} INFO - Processing file /home/airflow/.local/lib/python3.8/site-packages/airflow/example_dags/example_short_circuit_operator.py for tasks to queue
[2026-07-01T12:04:19.712+0000] {logging_mixin.py:188} INFO - [2026-07-01T12:04:19.711+0000] {dagbag.py:538} INFO - Filling up the DagBag from /home/airflow/.local/lib/python3.8/site-packages/airflow/example_dags/example_short_circuit_operator.py
[2026-07-01T12:04:19.734+0000] {processor.py:840} INFO - DAG(s) 'example_short_circuit_operator' retrieved from /home/airflow/.local/lib/python3.8/site-packages/airflow/example_dags/example_short_circuit_operator.py
[2026-07-01T12:04:19.798+0000] {logging_mixin.py:188} INFO - [2026-07-01T12:04:19.797+0000] {dag.py:3036} INFO - Sync 1 DAGs
[2026-07-01T12:04:19.854+0000] {logging_mixin.py:188} INFO - [2026-07-01T12:04:19.854+0000] {dag.py:3823} INFO - Setting next_dagrun for example_short_circuit_operator to 2026-06-30 00:00:00+00:00, run_after=2026-07-01 00:00:00+00:00
[2026-07-01T12:04:19.902+0000] {processor.py:183} INFO - Processing /home/airflow/.local/lib/python3.8/site-packages/airflow/example_dags/example_short_circuit_operator.py took 0.210 seconds
[2026-07-01T12:04:50.428+0000] {processor.py:161} INFO - Started process (PID=788) to work on /home/airflow/.local/lib/python3.8/site-packages/airflow/example_dags/example_short_circuit_operator.py
[2026-07-01T12:04:50.431+0000] {processor.py:830} INFO - Processing file /home/airflow/.local/lib/python3.8/site-packages/airflow/example_dags/example_short_circuit_operator.py for tasks to queue
[2026-07-01T12:04:50.438+0000] {logging_mixin.py:188} INFO - [2026-07-01T12:04:50.437+0000] {dagbag.py:538} INFO - Filling up the DagBag from /home/airflow/.local/lib/python3.8/site-packages/airflow/example_dags/example_short_circuit_operator.py
[2026-07-01T12:04:50.457+0000] {processor.py:840} INFO - DAG(s) 'example_short_circuit_operator' retrieved from /home/airflow/.local/lib/python3.8/site-packages/airflow/example_dags/example_short_circuit_operator.py
[2026-07-01T12:04:50.512+0000] {logging_mixin.py:188} INFO - [2026-07-01T12:04:50.512+0000] {dag.py:3036} INFO - Sync 1 DAGs
[2026-07-01T12:04:50.565+0000] {logging_mixin.py:188} INFO - [2026-07-01T12:04:50.565+0000] {dag.py:3823} INFO - Setting next_dagrun for example_short_circuit_operator to 2026-06-30 00:00:00+00:00, run_after=2026-07-01 00:00:00+00:00
[2026-07-01T12:04:50.609+0000] {processor.py:183} INFO - Processing /home/airflow/.local/lib/python3.8/site-packages/airflow/example_dags/example_short_circuit_operator.py took 0.188 seconds
[2026-07-01T12:05:21.458+0000] {processor.py:161} INFO - Started process (PID=843) to work on /home/airflow/.local/lib/python3.8/site-packages/airflow/example_dags/example_short_circuit_operator.py
[2026-07-01T12:05:21.461+0000] {processor.py:830} INFO - Processing file /home/airflow/.local/lib/python3.8/site-packages/airflow/example_dags/example_short_circuit_operator.py for tasks to queue
[2026-07-01T12:05:21.467+0000] {logging_mixin.py:188} INFO - [2026-07-01T12:05:21.467+0000] {dagbag.py:538} INFO - Filling up the DagBag from /home/airflow/.local/lib/python3.8/site-packages/airflow/example_dags/example_short_circuit_operator.py
[2026-07-01T12:05:21.492+0000] {processor.py:840} INFO - DAG(s) 'example_short_circuit_operator' retrieved from /home/airflow/.local/lib/python3.8/site-packages/airflow/example_dags/example_short_circuit_operator.py
[2026-07-01T12:05:21.558+0000] {logging_mixin.py:188} INFO - [2026-07-01T12:05:21.558+0000] {dag.py:3036} INFO - Sync 1 DAGs
[2026-07-01T12:05:21.620+0000] {logging_mixin.py:188} INFO - [2026-07-01T12:05:21.619+0000] {dag.py:3823} INFO - Setting next_dagrun for example_short_circuit_operator to 2026-06-30 00:00:00+00:00, run_after=2026-07-01 00:00:00+00:00
[2026-07-01T12:05:21.670+0000] {processor.py:183} INFO - Processing /home/airflow/.local/lib/python3.8/site-packages/airflow/example_dags/example_short_circuit_operator.py took 0.224 seconds
[2026-07-01T12:05:52.030+0000] {processor.py:161} INFO - Started process (PID=898) to work on /home/airflow/.local/lib/python3.8/site-packages/airflow/example_dags/example_short_circuit_operator.py
[2026-07-01T12:05:52.036+0000] {processor.py:830} INFO - Processing file /home/airflow/.local/lib/python3.8/site-packages/airflow/example_dags/example_short_circuit_operator.py for tasks to queue
[2026-07-01T12:05:52.047+0000] {logging_mixin.py:188} INFO - [2026-07-01T12:05:52.046+0000] {dagbag.py:538} INFO - Filling up the DagBag from /home/airflow/.local/lib/python3.8/site-packages/airflow/example_dags/example_short_circuit_operator.py
[2026-07-01T12:05:52.082+0000] {processor.py:840} INFO - DAG(s) 'example_short_circuit_operator' retrieved from /home/airflow/.local/lib/python3.8/site-packages/airflow/example_dags/example_short_circuit_operator.py
[2026-07-01T12:05:52.187+0000] {logging_mixin.py:188} INFO - [2026-07-01T12:05:52.187+0000] {dag.py:3036} INFO - Sync 1 DAGs
[2026-07-01T12:05:52.275+0000] {logging_mixin.py:188} INFO - [2026-07-01T12:05:52.275+0000] {dag.py:3823} INFO - Setting next_dagrun for example_short_circuit_operator to 2026-06-30 00:00:00+00:00, run_after=2026-07-01 00:00:00+00:00
[2026-07-01T12:05:52.361+0000] {processor.py:183} INFO - Processing /home/airflow/.local/lib/python3.8/site-packages/airflow/example_dags/example_short_circuit_operator.py took 0.352 seconds
[2026-07-01T12:06:22.670+0000] {processor.py:161} INFO - Started process (PID=953) to work on /home/airflow/.local/lib/python3.8/site-packages/airflow/example_dags/example_short_circuit_operator.py
[2026-07-01T12:06:22.674+0000] {processor.py:830} INFO - Processing file /home/airflow/.local/lib/python3.8/site-packages/airflow/example_dags/example_short_circuit_operator.py for tasks to queue
[2026-07-01T12:06:22.680+0000] {logging_mixin.py:188} INFO - [2026-07-01T12:06:22.679+0000] {dagbag.py:538} INFO - Filling up the DagBag from /home/airflow/.local/lib/python3.8/site-packages/airflow/example_dags/example_short_circuit_operator.py
[2026-07-01T12:06:22.709+0000] {processor.py:840} INFO - DAG(s) 'example_short_circuit_operator' retrieved from /home/airflow/.local/lib/python3.8/site-packages/airflow/example_dags/example_short_circuit_operator.py
[2026-07-01T12:06:22.781+0000] {logging_mixin.py:188} INFO - [2026-07-01T12:06:22.780+0000] {dag.py:3036} INFO - Sync 1 DAGs
[2026-07-01T12:06:22.847+0000] {logging_mixin.py:188} INFO - [2026-07-01T12:06:22.846+0000] {dag.py:3823} INFO - Setting next_dagrun for example_short_circuit_operator to 2026-06-30 00:00:00+00:00, run_after=2026-07-01 00:00:00+00:00
[2026-07-01T12:06:22.914+0000] {processor.py:183} INFO - Processing /home/airflow/.local/lib/python3.8/site-packages/airflow/example_dags/example_short_circuit_operator.py took 0.255 seconds
[2026-07-01T12:06:53.103+0000] {processor.py:161} INFO - Started process (PID=1006) to work on /home/airflow/.local/lib/python3.8/site-packages/airflow/example_dags/example_short_circuit_operator.py
[2026-07-01T12:06:53.106+0000] {processor.py:830} INFO - Processing file /home/airflow/.local/lib/python3.8/site-packages/airflow/example_dags/example_short_circuit_operator.py for tasks to queue
[2026-07-01T12:06:53.112+0000] {logging_mixin.py:188} INFO - [2026-07-01T12:06:53.111+0000] {dagbag.py:538} INFO - Filling up the DagBag from /home/airflow/.local/lib/python3.8/site-packages/airflow/example_dags/example_short_circuit_operator.py
[2026-07-01T12:06:53.131+0000] {processor.py:840} INFO - DAG(s) 'example_short_circuit_operator' retrieved from /home/airflow/.local/lib/python3.8/site-packages/airflow/example_dags/example_short_circuit_operator.py
[2026-07-01T12:06:53.185+0000] {logging_mixin.py:188} INFO - [2026-07-01T12:06:53.185+0000] {dag.py:3036} INFO - Sync 1 DAGs
[2026-07-01T12:06:53.240+0000] {logging_mixin.py:188} INFO - [2026-07-01T12:06:53.240+0000] {dag.py:3823} INFO - Setting next_dagrun for example_short_circuit_operator to 2026-06-30 00:00:00+00:00, run_after=2026-07-01 00:00:00+00:00
[2026-07-01T12:06:53.287+0000] {processor.py:183} INFO - Processing /home/airflow/.local/lib/python3.8/site-packages/airflow/example_dags/example_short_circuit_operator.py took 0.192 seconds
[2026-07-01T12:07:23.403+0000] {processor.py:161} INFO - Started process (PID=1061) to work on /home/airflow/.local/lib/python3.8/site-packages/airflow/example_dags/example_short_circuit_operator.py
[2026-07-01T12:07:23.406+0000] {processor.py:830} INFO - Processing file /home/airflow/.local/lib/python3.8/site-packages/airflow/example_dags/example_short_circuit_operator.py for tasks to queue
[2026-07-01T12:07:23.412+0000] {logging_mixin.py:188} INFO - [2026-07-01T12:07:23.411+0000] {dagbag.py:538} INFO - Filling up the DagBag from /home/airflow/.local/lib/python3.8/site-packages/airflow/example_dags/example_short_circuit_operator.py
[2026-07-01T12:07:23.432+0000] {processor.py:840} INFO - DAG(s) 'example_short_circuit_operator' retrieved from /home/airflow/.local/lib/python3.8/site-packages/airflow/example_dags/example_short_circuit_operator.py
[2026-07-01T12:07:23.486+0000] {logging_mixin.py:188} INFO - [2026-07-01T12:07:23.485+0000] {dag.py:3036} INFO - Sync 1 DAGs
[2026-07-01T12:07:23.533+0000] {logging_mixin.py:188} INFO - [2026-07-01T12:07:23.532+0000] {dag.py:3823} INFO - Setting next_dagrun for example_short_circuit_operator to 2026-06-30 00:00:00+00:00, run_after=2026-07-01 00:00:00+00:00
[2026-07-01T12:07:23.577+0000] {processor.py:183} INFO - Processing /home/airflow/.local/lib/python3.8/site-packages/airflow/example_dags/example_short_circuit_operator.py took 0.182 seconds
[2026-07-01T12:07:54.122+0000] {processor.py:161} INFO - Started process (PID=1117) to work on /home/airflow/.local/lib/python3.8/site-packages/airflow/example_dags/example_short_circuit_operator.py
[2026-07-01T12:07:54.128+0000] {processor.py:830} INFO - Processing file /home/airflow/.local/lib/python3.8/site-packages/airflow/example_dags/example_short_circuit_operator.py for tasks to queue
[2026-07-01T12:07:54.137+0000] {logging_mixin.py:188} INFO - [2026-07-01T12:07:54.135+0000] {dagbag.py:538} INFO - Filling up the DagBag from /home/airflow/.local/lib/python3.8/site-packages/airflow/example_dags/example_short_circuit_operator.py
[2026-07-01T12:07:54.165+0000] {processor.py:840} INFO - DAG(s) 'example_short_circuit_operator' retrieved from /home/airflow/.local/lib/python3.8/site-packages/airflow/example_dags/example_short_circuit_operator.py
[2026-07-01T12:07:54.259+0000] {logging_mixin.py:188} INFO - [2026-07-01T12:07:54.259+0000] {dag.py:3036} INFO - Sync 1 DAGs
[2026-07-01T12:07:54.347+0000] {logging_mixin.py:188} INFO - [2026-07-01T12:07:54.346+0000] {dag.py:3823} INFO - Setting next_dagrun for example_short_circuit_operator to 2026-06-30 00:00:00+00:00, run_after=2026-07-01 00:00:00+00:00
[2026-07-01T12:07:54.425+0000] {processor.py:183} INFO - Processing /home/airflow/.local/lib/python3.8/site-packages/airflow/example_dags/example_short_circuit_operator.py took 0.318 seconds
[2026-07-01T12:08:25.006+0000] {processor.py:161} INFO - Started process (PID=1172) to work on /home/airflow/.local/lib/python3.8/site-packages/airflow/example_dags/example_short_circuit_operator.py
[2026-07-01T12:08:25.009+0000] {processor.py:830} INFO - Processing file /home/airflow/.local/lib/python3.8/site-packages/airflow/example_dags/example_short_circuit_operator.py for tasks to queue
[2026-07-01T12:08:25.014+0000] {logging_mixin.py:188} INFO - [2026-07-01T12:08:25.014+0000] {dagbag.py:538} INFO - Filling up the DagBag from /home/airflow/.local/lib/python3.8/site-packages/airflow/example_dags/example_short_circuit_operator.py
[2026-07-01T12:08:25.032+0000] {processor.py:840} INFO - DAG(s) 'example_short_circuit_operator' retrieved from /home/airflow/.local/lib/python3.8/site-packages/airflow/example_dags/example_short_circuit_operator.py
[2026-07-01T12:08:25.096+0000] {logging_mixin.py:188} INFO - [2026-07-01T12:08:25.096+0000] {dag.py:3036} INFO - Sync 1 DAGs
[2026-07-01T12:08:25.155+0000] {logging_mixin.py:188} INFO - [2026-07-01T12:08:25.154+0000] {dag.py:3823} INFO - Setting next_dagrun for example_short_circuit_operator to 2026-06-30 00:00:00+00:00, run_after=2026-07-01 00:00:00+00:00
[2026-07-01T12:08:25.204+0000] {processor.py:183} INFO - Processing /home/airflow/.local/lib/python3.8/site-packages/airflow/example_dags/example_short_circuit_operator.py took 0.207 seconds
[2026-07-01T12:09:05.662+0000] {processor.py:161} INFO - Started process (PID=112) to work on /home/airflow/.local/lib/python3.8/site-packages/airflow/example_dags/example_short_circuit_operator.py
[2026-07-01T12:09:05.666+0000] {processor.py:830} INFO - Processing file /home/airflow/.local/lib/python3.8/site-packages/airflow/example_dags/example_short_circuit_operator.py for tasks to queue
[2026-07-01T12:09:05.673+0000] {logging_mixin.py:188} INFO - [2026-07-01T12:09:05.672+0000] {dagbag.py:538} INFO - Filling up the DagBag from /home/airflow/.local/lib/python3.8/site-packages/airflow/example_dags/example_short_circuit_operator.py
[2026-07-01T12:09:05.694+0000] {processor.py:840} INFO - DAG(s) 'example_short_circuit_operator' retrieved from /home/airflow/.local/lib/python3.8/site-packages/airflow/example_dags/example_short_circuit_operator.py
[2026-07-01T12:09:05.764+0000] {logging_mixin.py:188} INFO - [2026-07-01T12:09:05.763+0000] {dag.py:3036} INFO - Sync 1 DAGs
[2026-07-01T12:09:05.820+0000] {logging_mixin.py:188} INFO - [2026-07-01T12:09:05.819+0000] {dag.py:3823} INFO - Setting next_dagrun for example_short_circuit_operator to 2026-06-30 00:00:00+00:00, run_after=2026-07-01 00:00:00+00:00
[2026-07-01T12:09:05.875+0000] {processor.py:183} INFO - Processing /home/airflow/.local/lib/python3.8/site-packages/airflow/example_dags/example_short_circuit_operator.py took 0.223 seconds
[2026-07-01T12:09:36.620+0000] {processor.py:161} INFO - Started process (PID=168) to work on /home/airflow/.local/lib/python3.8/site-packages/airflow/example_dags/example_short_circuit_operator.py
[2026-07-01T12:09:36.624+0000] {processor.py:830} INFO - Processing file /home/airflow/.local/lib/python3.8/site-packages/airflow/example_dags/example_short_circuit_operator.py for tasks to queue
[2026-07-01T12:09:36.633+0000] {logging_mixin.py:188} INFO - [2026-07-01T12:09:36.632+0000] {dagbag.py:538} INFO - Filling up the DagBag from /home/airflow/.local/lib/python3.8/site-packages/airflow/example_dags/example_short_circuit_operator.py
[2026-07-01T12:09:36.665+0000] {processor.py:840} INFO - DAG(s) 'example_short_circuit_operator' retrieved from /home/airflow/.local/lib/python3.8/site-packages/airflow/example_dags/example_short_circuit_operator.py
[2026-07-01T12:09:36.753+0000] {logging_mixin.py:188} INFO - [2026-07-01T12:09:36.753+0000] {dag.py:3036} INFO - Sync 1 DAGs
[2026-07-01T12:09:36.817+0000] {logging_mixin.py:188} INFO - [2026-07-01T12:09:36.816+0000] {dag.py:3823} INFO - Setting next_dagrun for example_short_circuit_operator to 2026-06-30 00:00:00+00:00, run_after=2026-07-01 00:00:00+00:00
[2026-07-01T12:09:36.869+0000] {processor.py:183} INFO - Processing /home/airflow/.local/lib/python3.8/site-packages/airflow/example_dags/example_short_circuit_operator.py took 0.265 seconds
[2026-07-01T12:10:07.293+0000] {processor.py:161} INFO - Started process (PID=225) to work on /home/airflow/.local/lib/python3.8/site-packages/airflow/example_dags/example_short_circuit_operator.py
[2026-07-01T12:10:07.298+0000] {processor.py:830} INFO - Processing file /home/airflow/.local/lib/python3.8/site-packages/airflow/example_dags/example_short_circuit_operator.py for tasks to queue
[2026-07-01T12:10:07.307+0000] {logging_mixin.py:188} INFO - [2026-07-01T12:10:07.306+0000] {dagbag.py:538} INFO - Filling up the DagBag from /home/airflow/.local/lib/python3.8/site-packages/airflow/example_dags/example_short_circuit_operator.py
[2026-07-01T12:10:07.340+0000] {processor.py:840} INFO - DAG(s) 'example_short_circuit_operator' retrieved from /home/airflow/.local/lib/python3.8/site-packages/airflow/example_dags/example_short_circuit_operator.py
[2026-07-01T12:10:07.426+0000] {logging_mixin.py:188} INFO - [2026-07-01T12:10:07.425+0000] {dag.py:3036} INFO - Sync 1 DAGs
[2026-07-01T12:10:07.510+0000] {logging_mixin.py:188} INFO - [2026-07-01T12:10:07.509+0000] {dag.py:3823} INFO - Setting next_dagrun for example_short_circuit_operator to 2026-06-30 00:00:00+00:00, run_after=2026-07-01 00:00:00+00:00
[2026-07-01T12:10:07.574+0000] {processor.py:183} INFO - Processing /home/airflow/.local/lib/python3.8/site-packages/airflow/example_dags/example_short_circuit_operator.py took 0.297 seconds
[2026-07-01T12:10:38.246+0000] {processor.py:161} INFO - Started process (PID=281) to work on /home/airflow/.local/lib/python3.8/site-packages/airflow/example_dags/example_short_circuit_operator.py
[2026-07-01T12:10:38.252+0000] {processor.py:830} INFO - Processing file /home/airflow/.local/lib/python3.8/site-packages/airflow/example_dags/example_short_circuit_operator.py for tasks to queue
[2026-07-01T12:10:38.257+0000] {logging_mixin.py:188} INFO - [2026-07-01T12:10:38.256+0000] {dagbag.py:538} INFO - Filling up the DagBag from /home/airflow/.local/lib/python3.8/site-packages/airflow/example_dags/example_short_circuit_operator.py
[2026-07-01T12:10:38.277+0000] {processor.py:840} INFO - DAG(s) 'example_short_circuit_operator' retrieved from /home/airflow/.local/lib/python3.8/site-packages/airflow/example_dags/example_short_circuit_operator.py
[2026-07-01T12:10:38.336+0000] {logging_mixin.py:188} INFO - [2026-07-01T12:10:38.335+0000] {dag.py:3036} INFO - Sync 1 DAGs
[2026-07-01T12:10:38.390+0000] {logging_mixin.py:188} INFO - [2026-07-01T12:10:38.390+0000] {dag.py:3823} INFO - Setting next_dagrun for example_short_circuit_operator to 2026-06-30 00:00:00+00:00, run_after=2026-07-01 00:00:00+00:00
[2026-07-01T12:10:38.441+0000] {processor.py:183} INFO - Processing /home/airflow/.local/lib/python3.8/site-packages/airflow/example_dags/example_short_circuit_operator.py took 0.204 seconds
[2026-07-01T12:11:08.556+0000] {processor.py:161} INFO - Started process (PID=342) to work on /home/airflow/.local/lib/python3.8/site-packages/airflow/example_dags/example_short_circuit_operator.py
[2026-07-01T12:11:08.560+0000] {processor.py:830} INFO - Processing file /home/airflow/.local/lib/python3.8/site-packages/airflow/example_dags/example_short_circuit_operator.py for tasks to queue
[2026-07-01T12:11:08.566+0000] {logging_mixin.py:188} INFO - [2026-07-01T12:11:08.565+0000] {dagbag.py:538} INFO - Filling up the DagBag from /home/airflow/.local/lib/python3.8/site-packages/airflow/example_dags/example_short_circuit_operator.py
[2026-07-01T12:11:08.585+0000] {processor.py:840} INFO - DAG(s) 'example_short_circuit_operator' retrieved from /home/airflow/.local/lib/python3.8/site-packages/airflow/example_dags/example_short_circuit_operator.py
[2026-07-01T12:11:08.636+0000] {logging_mixin.py:188} INFO - [2026-07-01T12:11:08.636+0000] {dag.py:3036} INFO - Sync 1 DAGs
[2026-07-01T12:11:08.688+0000] {logging_mixin.py:188} INFO - [2026-07-01T12:11:08.688+0000] {dag.py:3823} INFO - Setting next_dagrun for example_short_circuit_operator to 2026-06-30 00:00:00+00:00, run_after=2026-07-01 00:00:00+00:00
[2026-07-01T12:11:08.733+0000] {processor.py:183} INFO - Processing /home/airflow/.local/lib/python3.8/site-packages/airflow/example_dags/example_short_circuit_operator.py took 0.185 seconds
[2026-07-01T12:11:39.638+0000] {processor.py:161} INFO - Started process (PID=398) to work on /home/airflow/.local/lib/python3.8/site-packages/airflow/example_dags/example_short_circuit_operator.py
[2026-07-01T12:11:39.642+0000] {processor.py:830} INFO - Processing file /home/airflow/.local/lib/python3.8/site-packages/airflow/example_dags/example_short_circuit_operator.py for tasks to queue
[2026-07-01T12:11:39.651+0000] {logging_mixin.py:188} INFO - [2026-07-01T12:11:39.650+0000] {dagbag.py:538} INFO - Filling up the DagBag from /home/airflow/.local/lib/python3.8/site-packages/airflow/example_dags/example_short_circuit_operator.py
[2026-07-01T12:11:39.678+0000] {processor.py:840} INFO - DAG(s) 'example_short_circuit_operator' retrieved from /home/airflow/.local/lib/python3.8/site-packages/airflow/example_dags/example_short_circuit_operator.py
[2026-07-01T12:11:39.749+0000] {logging_mixin.py:188} INFO - [2026-07-01T12:11:39.749+0000] {dag.py:3036} INFO - Sync 1 DAGs
[2026-07-01T12:11:39.808+0000] {logging_mixin.py:188} INFO - [2026-07-01T12:11:39.807+0000] {dag.py:3823} INFO - Setting next_dagrun for example_short_circuit_operator to 2026-06-30 00:00:00+00:00, run_after=2026-07-01 00:00:00+00:00
[2026-07-01T12:11:39.854+0000] {processor.py:183} INFO - Processing /home/airflow/.local/lib/python3.8/site-packages/airflow/example_dags/example_short_circuit_operator.py took 0.226 seconds
[2026-07-01T12:12:10.077+0000] {processor.py:161} INFO - Started process (PID=454) to work on /home/airflow/.local/lib/python3.8/site-packages/airflow/example_dags/example_short_circuit_operator.py
[2026-07-01T12:12:10.081+0000] {processor.py:830} INFO - Processing file /home/airflow/.local/lib/python3.8/site-packages/airflow/example_dags/example_short_circuit_operator.py for tasks to queue
[2026-07-01T12:12:10.087+0000] {logging_mixin.py:188} INFO - [2026-07-01T12:12:10.086+0000] {dagbag.py:538} INFO - Filling up the DagBag from /home/airflow/.local/lib/python3.8/site-packages/airflow/example_dags/example_short_circuit_operator.py
[2026-07-01T12:12:10.107+0000] {processor.py:840} INFO - DAG(s) 'example_short_circuit_operator' retrieved from /home/airflow/.local/lib/python3.8/site-packages/airflow/example_dags/example_short_circuit_operator.py
[2026-07-01T12:12:10.161+0000] {logging_mixin.py:188} INFO - [2026-07-01T12:12:10.161+0000] {dag.py:3036} INFO - Sync 1 DAGs
[2026-07-01T12:12:10.210+0000] {logging_mixin.py:188} INFO - [2026-07-01T12:12:10.209+0000] {dag.py:3823} INFO - Setting next_dagrun for example_short_circuit_operator to 2026-06-30 00:00:00+00:00, run_after=2026-07-01 00:00:00+00:00
[2026-07-01T12:12:10.250+0000] {processor.py:183} INFO - Processing /home/airflow/.local/lib/python3.8/site-packages/airflow/example_dags/example_short_circuit_operator.py took 0.183 seconds
[2026-07-01T12:12:40.808+0000] {processor.py:161} INFO - Started process (PID=510) to work on /home/airflow/.local/lib/python3.8/site-packages/airflow/example_dags/example_short_circuit_operator.py
[2026-07-01T12:12:40.811+0000] {processor.py:830} INFO - Processing file /home/airflow/.local/lib/python3.8/site-packages/airflow/example_dags/example_short_circuit_operator.py for tasks to queue
[2026-07-01T12:12:40.818+0000] {logging_mixin.py:188} INFO - [2026-07-01T12:12:40.817+0000] {dagbag.py:538} INFO - Filling up the DagBag from /home/airflow/.local/lib/python3.8/site-packages/airflow/example_dags/example_short_circuit_operator.py
[2026-07-01T12:12:40.839+0000] {processor.py:840} INFO - DAG(s) 'example_short_circuit_operator' retrieved from /home/airflow/.local/lib/python3.8/site-packages/airflow/example_dags/example_short_circuit_operator.py
[2026-07-01T12:12:40.901+0000] {logging_mixin.py:188} INFO - [2026-07-01T12:12:40.900+0000] {dag.py:3036} INFO - Sync 1 DAGs
[2026-07-01T12:12:40.957+0000] {logging_mixin.py:188} INFO - [2026-07-01T12:12:40.956+0000] {dag.py:3823} INFO - Setting next_dagrun for example_short_circuit_operator to 2026-06-30 00:00:00+00:00, run_after=2026-07-01 00:00:00+00:00
[2026-07-01T12:12:41.014+0000] {processor.py:183} INFO - Processing /home/airflow/.local/lib/python3.8/site-packages/airflow/example_dags/example_short_circuit_operator.py took 0.216 seconds
[2026-07-01T12:13:12.229+0000] {processor.py:161} INFO - Started process (PID=566) to work on /home/airflow/.local/lib/python3.8/site-packages/airflow/example_dags/example_short_circuit_operator.py
[2026-07-01T12:13:12.232+0000] {processor.py:830} INFO - Processing file /home/airflow/.local/lib/python3.8/site-packages/airflow/example_dags/example_short_circuit_operator.py for tasks to queue
[2026-07-01T12:13:12.237+0000] {logging_mixin.py:188} INFO - [2026-07-01T12:13:12.237+0000] {dagbag.py:538} INFO - Filling up the DagBag from /home/airflow/.local/lib/python3.8/site-packages/airflow/example_dags/example_short_circuit_operator.py
[2026-07-01T12:13:12.257+0000] {processor.py:840} INFO - DAG(s) 'example_short_circuit_operator' retrieved from /home/airflow/.local/lib/python3.8/site-packages/airflow/example_dags/example_short_circuit_operator.py
[2026-07-01T12:13:12.319+0000] {logging_mixin.py:188} INFO - [2026-07-01T12:13:12.318+0000] {dag.py:3036} INFO - Sync 1 DAGs
[2026-07-01T12:13:12.382+0000] {logging_mixin.py:188} INFO - [2026-07-01T12:13:12.381+0000] {dag.py:3823} INFO - Setting next_dagrun for example_short_circuit_operator to 2026-06-30 00:00:00+00:00, run_after=2026-07-01 00:00:00+00:00
[2026-07-01T12:13:12.432+0000] {processor.py:183} INFO - Processing /home/airflow/.local/lib/python3.8/site-packages/airflow/example_dags/example_short_circuit_operator.py took 0.211 seconds
[2026-07-01T12:13:43.070+0000] {processor.py:161} INFO - Started process (PID=622) to work on /home/airflow/.local/lib/python3.8/site-packages/airflow/example_dags/example_short_circuit_operator.py
[2026-07-01T12:13:43.075+0000] {processor.py:830} INFO - Processing file /home/airflow/.local/lib/python3.8/site-packages/airflow/example_dags/example_short_circuit_operator.py for tasks to queue
[2026-07-01T12:13:43.082+0000] {logging_mixin.py:188} INFO - [2026-07-01T12:13:43.081+0000] {dagbag.py:538} INFO - Filling up the DagBag from /home/airflow/.local/lib/python3.8/site-packages/airflow/example_dags/example_short_circuit_operator.py
[2026-07-01T12:13:43.104+0000] {processor.py:840} INFO - DAG(s) 'example_short_circuit_operator' retrieved from /home/airflow/.local/lib/python3.8/site-packages/airflow/example_dags/example_short_circuit_operator.py
[2026-07-01T12:13:43.169+0000] {logging_mixin.py:188} INFO - [2026-07-01T12:13:43.169+0000] {dag.py:3036} INFO - Sync 1 DAGs
[2026-07-01T12:13:43.222+0000] {logging_mixin.py:188} INFO - [2026-07-01T12:13:43.221+0000] {dag.py:3823} INFO - Setting next_dagrun for example_short_circuit_operator to 2026-06-30 00:00:00+00:00, run_after=2026-07-01 00:00:00+00:00
[2026-07-01T12:13:43.271+0000] {processor.py:183} INFO - Processing /home/airflow/.local/lib/python3.8/site-packages/airflow/example_dags/example_short_circuit_operator.py took 0.214 seconds
[2026-07-01T12:14:13.700+0000] {processor.py:161} INFO - Started process (PID=678) to work on /home/airflow/.local/lib/python3.8/site-packages/airflow/example_dags/example_short_circuit_operator.py
[2026-07-01T12:14:13.705+0000] {processor.py:830} INFO - Processing file /home/airflow/.local/lib/python3.8/site-packages/airflow/example_dags/example_short_circuit_operator.py for tasks to queue
[2026-07-01T12:14:13.711+0000] {logging_mixin.py:188} INFO - [2026-07-01T12:14:13.710+0000] {dagbag.py:538} INFO - Filling up the DagBag from /home/airflow/.local/lib/python3.8/site-packages/airflow/example_dags/example_short_circuit_operator.py
[2026-07-01T12:14:13.732+0000] {processor.py:840} INFO - DAG(s) 'example_short_circuit_operator' retrieved from /home/airflow/.local/lib/python3.8/site-packages/airflow/example_dags/example_short_circuit_operator.py
[2026-07-01T12:14:13.789+0000] {logging_mixin.py:188} INFO - [2026-07-01T12:14:13.788+0000] {dag.py:3036} INFO - Sync 1 DAGs
[2026-07-01T12:14:13.850+0000] {logging_mixin.py:188} INFO - [2026-07-01T12:14:13.849+0000] {dag.py:3823} INFO - Setting next_dagrun for example_short_circuit_operator to 2026-06-30 00:00:00+00:00, run_after=2026-07-01 00:00:00+00:00
[2026-07-01T12:14:13.899+0000] {processor.py:183} INFO - Processing /home/airflow/.local/lib/python3.8/site-packages/airflow/example_dags/example_short_circuit_operator.py took 0.208 seconds
[2026-07-01T12:14:44.963+0000] {processor.py:161} INFO - Started process (PID=734) to work on /home/airflow/.local/lib/python3.8/site-packages/airflow/example_dags/example_short_circuit_operator.py
[2026-07-01T12:14:44.966+0000] {processor.py:830} INFO - Processing file /home/airflow/.local/lib/python3.8/site-packages/airflow/example_dags/example_short_circuit_operator.py for tasks to queue
[2026-07-01T12:14:44.971+0000] {logging_mixin.py:188} INFO - [2026-07-01T12:14:44.971+0000] {dagbag.py:538} INFO - Filling up the DagBag from /home/airflow/.local/lib/python3.8/site-packages/airflow/example_dags/example_short_circuit_operator.py
[2026-07-01T12:14:44.991+0000] {processor.py:840} INFO - DAG(s) 'example_short_circuit_operator' retrieved from /home/airflow/.local/lib/python3.8/site-packages/airflow/example_dags/example_short_circuit_operator.py
[2026-07-01T12:14:45.048+0000] {logging_mixin.py:188} INFO - [2026-07-01T12:14:45.048+0000] {dag.py:3036} INFO - Sync 1 DAGs
[2026-07-01T12:14:45.102+0000] {logging_mixin.py:188} INFO - [2026-07-01T12:14:45.101+0000] {dag.py:3823} INFO - Setting next_dagrun for example_short_circuit_operator to 2026-06-30 00:00:00+00:00, run_after=2026-07-01 00:00:00+00:00
[2026-07-01T12:14:45.147+0000] {processor.py:183} INFO - Processing /home/airflow/.local/lib/python3.8/site-packages/airflow/example_dags/example_short_circuit_operator.py took 0.193 seconds
[2026-07-01T12:15:15.531+0000] {processor.py:161} INFO - Started process (PID=791) to work on /home/airflow/.local/lib/python3.8/site-packages/airflow/example_dags/example_short_circuit_operator.py
[2026-07-01T12:15:15.534+0000] {processor.py:830} INFO - Processing file /home/airflow/.local/lib/python3.8/site-packages/airflow/example_dags/example_short_circuit_operator.py for tasks to queue
[2026-07-01T12:15:15.539+0000] {logging_mixin.py:188} INFO - [2026-07-01T12:15:15.538+0000] {dagbag.py:538} INFO - Filling up the DagBag from /home/airflow/.local/lib/python3.8/site-packages/airflow/example_dags/example_short_circuit_operator.py
[2026-07-01T12:15:15.556+0000] {processor.py:840} INFO - DAG(s) 'example_short_circuit_operator' retrieved from /home/airflow/.local/lib/python3.8/site-packages/airflow/example_dags/example_short_circuit_operator.py
[2026-07-01T12:15:15.609+0000] {logging_mixin.py:188} INFO - [2026-07-01T12:15:15.608+0000] {dag.py:3036} INFO - Sync 1 DAGs
[2026-07-01T12:15:15.666+0000] {logging_mixin.py:188} INFO - [2026-07-01T12:15:15.665+0000] {dag.py:3823} INFO - Setting next_dagrun for example_short_circuit_operator to 2026-06-30 00:00:00+00:00, run_after=2026-07-01 00:00:00+00:00
[2026-07-01T12:15:15.706+0000] {processor.py:183} INFO - Processing /home/airflow/.local/lib/python3.8/site-packages/airflow/example_dags/example_short_circuit_operator.py took 0.184 seconds
[2026-07-01T12:15:46.282+0000] {processor.py:161} INFO - Started process (PID=847) to work on /home/airflow/.local/lib/python3.8/site-packages/airflow/example_dags/example_short_circuit_operator.py
[2026-07-01T12:15:46.287+0000] {processor.py:830} INFO - Processing file /home/airflow/.local/lib/python3.8/site-packages/airflow/example_dags/example_short_circuit_operator.py for tasks to queue
[2026-07-01T12:15:46.293+0000] {logging_mixin.py:188} INFO - [2026-07-01T12:15:46.292+0000] {dagbag.py:538} INFO - Filling up the DagBag from /home/airflow/.local/lib/python3.8/site-packages/airflow/example_dags/example_short_circuit_operator.py
[2026-07-01T12:15:46.319+0000] {processor.py:840} INFO - DAG(s) 'example_short_circuit_operator' retrieved from /home/airflow/.local/lib/python3.8/site-packages/airflow/example_dags/example_short_circuit_operator.py
[2026-07-01T12:15:46.384+0000] {logging_mixin.py:188} INFO - [2026-07-01T12:15:46.384+0000] {dag.py:3036} INFO - Sync 1 DAGs
[2026-07-01T12:15:46.448+0000] {logging_mixin.py:188} INFO - [2026-07-01T12:15:46.448+0000] {dag.py:3823} INFO - Setting next_dagrun for example_short_circuit_operator to 2026-06-30 00:00:00+00:00, run_after=2026-07-01 00:00:00+00:00
[2026-07-01T12:15:46.533+0000] {processor.py:183} INFO - Processing /home/airflow/.local/lib/python3.8/site-packages/airflow/example_dags/example_short_circuit_operator.py took 0.261 seconds
[2026-07-01T12:16:17.318+0000] {processor.py:161} INFO - Started process (PID=903) to work on /home/airflow/.local/lib/python3.8/site-packages/airflow/example_dags/example_short_circuit_operator.py
[2026-07-01T12:16:17.321+0000] {processor.py:830} INFO - Processing file /home/airflow/.local/lib/python3.8/site-packages/airflow/example_dags/example_short_circuit_operator.py for tasks to queue
[2026-07-01T12:16:17.327+0000] {logging_mixin.py:188} INFO - [2026-07-01T12:16:17.326+0000] {dagbag.py:538} INFO - Filling up the DagBag from /home/airflow/.local/lib/python3.8/site-packages/airflow/example_dags/example_short_circuit_operator.py
[2026-07-01T12:16:17.345+0000] {processor.py:840} INFO - DAG(s) 'example_short_circuit_operator' retrieved from /home/airflow/.local/lib/python3.8/site-packages/airflow/example_dags/example_short_circuit_operator.py
[2026-07-01T12:16:17.394+0000] {logging_mixin.py:188} INFO - [2026-07-01T12:16:17.394+0000] {dag.py:3036} INFO - Sync 1 DAGs
[2026-07-01T12:16:17.449+0000] {logging_mixin.py:188} INFO - [2026-07-01T12:16:17.449+0000] {dag.py:3823} INFO - Setting next_dagrun for example_short_circuit_operator to 2026-06-30 00:00:00+00:00, run_after=2026-07-01 00:00:00+00:00
[2026-07-01T12:16:17.497+0000] {processor.py:183} INFO - Processing /home/airflow/.local/lib/python3.8/site-packages/airflow/example_dags/example_short_circuit_operator.py took 0.187 seconds
[2026-07-01T12:16:47.726+0000] {processor.py:161} INFO - Started process (PID=959) to work on /home/airflow/.local/lib/python3.8/site-packages/airflow/example_dags/example_short_circuit_operator.py
[2026-07-01T12:16:47.730+0000] {processor.py:830} INFO - Processing file /home/airflow/.local/lib/python3.8/site-packages/airflow/example_dags/example_short_circuit_operator.py for tasks to queue
[2026-07-01T12:16:47.736+0000] {logging_mixin.py:188} INFO - [2026-07-01T12:16:47.735+0000] {dagbag.py:538} INFO - Filling up the DagBag from /home/airflow/.local/lib/python3.8/site-packages/airflow/example_dags/example_short_circuit_operator.py
[2026-07-01T12:16:47.757+0000] {processor.py:840} INFO - DAG(s) 'example_short_circuit_operator' retrieved from /home/airflow/.local/lib/python3.8/site-packages/airflow/example_dags/example_short_circuit_operator.py
[2026-07-01T12:16:47.810+0000] {logging_mixin.py:188} INFO - [2026-07-01T12:16:47.809+0000] {dag.py:3036} INFO - Sync 1 DAGs
[2026-07-01T12:16:47.863+0000] {logging_mixin.py:188} INFO - [2026-07-01T12:16:47.862+0000] {dag.py:3823} INFO - Setting next_dagrun for example_short_circuit_operator to 2026-06-30 00:00:00+00:00, run_after=2026-07-01 00:00:00+00:00
[2026-07-01T12:16:47.907+0000] {processor.py:183} INFO - Processing /home/airflow/.local/lib/python3.8/site-packages/airflow/example_dags/example_short_circuit_operator.py took 0.190 seconds
[2026-07-01T12:17:18.492+0000] {processor.py:161} INFO - Started process (PID=1015) to work on /home/airflow/.local/lib/python3.8/site-packages/airflow/example_dags/example_short_circuit_operator.py
[2026-07-01T12:17:18.495+0000] {processor.py:830} INFO - Processing file /home/airflow/.local/lib/python3.8/site-packages/airflow/example_dags/example_short_circuit_operator.py for tasks to queue
[2026-07-01T12:17:18.502+0000] {logging_mixin.py:188} INFO - [2026-07-01T12:17:18.501+0000] {dagbag.py:538} INFO - Filling up the DagBag from /home/airflow/.local/lib/python3.8/site-packages/airflow/example_dags/example_short_circuit_operator.py
[2026-07-01T12:17:18.522+0000] {processor.py:840} INFO - DAG(s) 'example_short_circuit_operator' retrieved from /home/airflow/.local/lib/python3.8/site-packages/airflow/example_dags/example_short_circuit_operator.py
[2026-07-01T12:17:18.579+0000] {logging_mixin.py:188} INFO - [2026-07-01T12:17:18.578+0000] {dag.py:3036} INFO - Sync 1 DAGs
[2026-07-01T12:17:18.638+0000] {logging_mixin.py:188} INFO - [2026-07-01T12:17:18.637+0000] {dag.py:3823} INFO - Setting next_dagrun for example_short_circuit_operator to 2026-06-30 00:00:00+00:00, run_after=2026-07-01 00:00:00+00:00
[2026-07-01T12:17:18.691+0000] {processor.py:183} INFO - Processing /home/airflow/.local/lib/python3.8/site-packages/airflow/example_dags/example_short_circuit_operator.py took 0.208 seconds
[2026-07-01T12:17:49.845+0000] {processor.py:161} INFO - Started process (PID=1071) to work on /home/airflow/.local/lib/python3.8/site-packages/airflow/example_dags/example_short_circuit_operator.py
[2026-07-01T12:17:49.848+0000] {processor.py:830} INFO - Processing file /home/airflow/.local/lib/python3.8/site-packages/airflow/example_dags/example_short_circuit_operator.py for tasks to queue
[2026-07-01T12:17:49.856+0000] {logging_mixin.py:188} INFO - [2026-07-01T12:17:49.855+0000] {dagbag.py:538} INFO - Filling up the DagBag from /home/airflow/.local/lib/python3.8/site-packages/airflow/example_dags/example_short_circuit_operator.py
[2026-07-01T12:17:49.878+0000] {processor.py:840} INFO - DAG(s) 'example_short_circuit_operator' retrieved from /home/airflow/.local/lib/python3.8/site-packages/airflow/example_dags/example_short_circuit_operator.py
[2026-07-01T12:17:49.953+0000] {logging_mixin.py:188} INFO - [2026-07-01T12:17:49.952+0000] {dag.py:3036} INFO - Sync 1 DAGs
[2026-07-01T12:17:50.029+0000] {logging_mixin.py:188} INFO - [2026-07-01T12:17:50.028+0000] {dag.py:3823} INFO - Setting next_dagrun for example_short_circuit_operator to 2026-06-30 00:00:00+00:00, run_after=2026-07-01 00:00:00+00:00
[2026-07-01T12:17:50.092+0000] {processor.py:183} INFO - Processing /home/airflow/.local/lib/python3.8/site-packages/airflow/example_dags/example_short_circuit_operator.py took 0.254 seconds
[2026-07-01T12:18:22.962+0000] {processor.py:161} INFO - Started process (PID=1126) to work on /home/airflow/.local/lib/python3.8/site-packages/airflow/example_dags/example_short_circuit_operator.py
[2026-07-01T12:18:22.974+0000] {processor.py:830} INFO - Processing file /home/airflow/.local/lib/python3.8/site-packages/airflow/example_dags/example_short_circuit_operator.py for tasks to queue
[2026-07-01T12:18:22.981+0000] {logging_mixin.py:188} INFO - [2026-07-01T12:18:22.980+0000] {dagbag.py:538} INFO - Filling up the DagBag from /home/airflow/.local/lib/python3.8/site-packages/airflow/example_dags/example_short_circuit_operator.py
[2026-07-01T12:18:23.000+0000] {processor.py:840} INFO - DAG(s) 'example_short_circuit_operator' retrieved from /home/airflow/.local/lib/python3.8/site-packages/airflow/example_dags/example_short_circuit_operator.py
[2026-07-01T12:18:23.056+0000] {logging_mixin.py:188} INFO - [2026-07-01T12:18:23.055+0000] {dag.py:3036} INFO - Sync 1 DAGs
[2026-07-01T12:18:23.152+0000] {logging_mixin.py:188} INFO - [2026-07-01T12:18:23.151+0000] {dag.py:3823} INFO - Setting next_dagrun for example_short_circuit_operator to 2026-06-30 00:00:00+00:00, run_after=2026-07-01 00:00:00+00:00
[2026-07-01T12:18:23.215+0000] {processor.py:183} INFO - Processing /home/airflow/.local/lib/python3.8/site-packages/airflow/example_dags/example_short_circuit_operator.py took 0.264 seconds
[2026-07-01T12:18:54.410+0000] {processor.py:161} INFO - Started process (PID=1183) to work on /home/airflow/.local/lib/python3.8/site-packages/airflow/example_dags/example_short_circuit_operator.py
[2026-07-01T12:18:54.417+0000] {processor.py:830} INFO - Processing file /home/airflow/.local/lib/python3.8/site-packages/airflow/example_dags/example_short_circuit_operator.py for tasks to queue
[2026-07-01T12:18:54.431+0000] {logging_mixin.py:188} INFO - [2026-07-01T12:18:54.428+0000] {dagbag.py:538} INFO - Filling up the DagBag from /home/airflow/.local/lib/python3.8/site-packages/airflow/example_dags/example_short_circuit_operator.py
[2026-07-01T12:18:54.463+0000] {processor.py:840} INFO - DAG(s) 'example_short_circuit_operator' retrieved from /home/airflow/.local/lib/python3.8/site-packages/airflow/example_dags/example_short_circuit_operator.py
[2026-07-01T12:18:54.549+0000] {logging_mixin.py:188} INFO - [2026-07-01T12:18:54.549+0000] {dag.py:3036} INFO - Sync 1 DAGs
[2026-07-01T12:18:54.636+0000] {logging_mixin.py:188} INFO - [2026-07-01T12:18:54.635+0000] {dag.py:3823} INFO - Setting next_dagrun for example_short_circuit_operator to 2026-06-30 00:00:00+00:00, run_after=2026-07-01 00:00:00+00:00
[2026-07-01T12:18:54.694+0000] {processor.py:183} INFO - Processing /home/airflow/.local/lib/python3.8/site-packages/airflow/example_dags/example_short_circuit_operator.py took 0.302 seconds
[2026-07-01T12:19:25.193+0000] {processor.py:161} INFO - Started process (PID=1239) to work on /home/airflow/.local/lib/python3.8/site-packages/airflow/example_dags/example_short_circuit_operator.py
[2026-07-01T12:19:25.197+0000] {processor.py:830} INFO - Processing file /home/airflow/.local/lib/python3.8/site-packages/airflow/example_dags/example_short_circuit_operator.py for tasks to queue
[2026-07-01T12:19:25.202+0000] {logging_mixin.py:188} INFO - [2026-07-01T12:19:25.202+0000] {dagbag.py:538} INFO - Filling up the DagBag from /home/airflow/.local/lib/python3.8/site-packages/airflow/example_dags/example_short_circuit_operator.py
[2026-07-01T12:19:25.221+0000] {processor.py:840} INFO - DAG(s) 'example_short_circuit_operator' retrieved from /home/airflow/.local/lib/python3.8/site-packages/airflow/example_dags/example_short_circuit_operator.py
[2026-07-01T12:19:25.273+0000] {logging_mixin.py:188} INFO - [2026-07-01T12:19:25.272+0000] {dag.py:3036} INFO - Sync 1 DAGs
[2026-07-01T12:19:25.321+0000] {logging_mixin.py:188} INFO - [2026-07-01T12:19:25.320+0000] {dag.py:3823} INFO - Setting next_dagrun for example_short_circuit_operator to 2026-06-30 00:00:00+00:00, run_after=2026-07-01 00:00:00+00:00
[2026-07-01T12:19:25.367+0000] {processor.py:183} INFO - Processing /home/airflow/.local/lib/python3.8/site-packages/airflow/example_dags/example_short_circuit_operator.py took 0.181 seconds
[2026-07-01T12:19:57.483+0000] {processor.py:161} INFO - Started process (PID=1295) to work on /home/airflow/.local/lib/python3.8/site-packages/airflow/example_dags/example_short_circuit_operator.py
[2026-07-01T12:19:57.493+0000] {processor.py:830} INFO - Processing file /home/airflow/.local/lib/python3.8/site-packages/airflow/example_dags/example_short_circuit_operator.py for tasks to queue
[2026-07-01T12:19:57.501+0000] {logging_mixin.py:188} INFO - [2026-07-01T12:19:57.500+0000] {dagbag.py:538} INFO - Filling up the DagBag from /home/airflow/.local/lib/python3.8/site-packages/airflow/example_dags/example_short_circuit_operator.py
[2026-07-01T12:19:57.565+0000] {processor.py:840} INFO - DAG(s) 'example_short_circuit_operator' retrieved from /home/airflow/.local/lib/python3.8/site-packages/airflow/example_dags/example_short_circuit_operator.py
[2026-07-01T12:19:57.631+0000] {logging_mixin.py:188} INFO - [2026-07-01T12:19:57.630+0000] {dag.py:3036} INFO - Sync 1 DAGs
[2026-07-01T12:19:57.747+0000] {logging_mixin.py:188} INFO - [2026-07-01T12:19:57.746+0000] {dag.py:3823} INFO - Setting next_dagrun for example_short_circuit_operator to 2026-06-30 00:00:00+00:00, run_after=2026-07-01 00:00:00+00:00
[2026-07-01T12:19:57.860+0000] {processor.py:183} INFO - Processing /home/airflow/.local/lib/python3.8/site-packages/airflow/example_dags/example_short_circuit_operator.py took 0.394 seconds
[2026-07-01T12:20:32.762+0000] {processor.py:161} INFO - Started process (PID=1350) to work on /home/airflow/.local/lib/python3.8/site-packages/airflow/example_dags/example_short_circuit_operator.py
[2026-07-01T12:20:32.767+0000] {processor.py:830} INFO - Processing file /home/airflow/.local/lib/python3.8/site-packages/airflow/example_dags/example_short_circuit_operator.py for tasks to queue
[2026-07-01T12:20:32.776+0000] {logging_mixin.py:188} INFO - [2026-07-01T12:20:32.774+0000] {dagbag.py:538} INFO - Filling up the DagBag from /home/airflow/.local/lib/python3.8/site-packages/airflow/example_dags/example_short_circuit_operator.py
[2026-07-01T12:20:32.808+0000] {processor.py:840} INFO - DAG(s) 'example_short_circuit_operator' retrieved from /home/airflow/.local/lib/python3.8/site-packages/airflow/example_dags/example_short_circuit_operator.py
[2026-07-01T12:20:33.467+0000] {logging_mixin.py:188} INFO - [2026-07-01T12:20:33.466+0000] {dag.py:3036} INFO - Sync 1 DAGs
[2026-07-01T12:20:33.573+0000] {logging_mixin.py:188} INFO - [2026-07-01T12:20:33.573+0000] {dag.py:3823} INFO - Setting next_dagrun for example_short_circuit_operator to 2026-06-30 00:00:00+00:00, run_after=2026-07-01 00:00:00+00:00
[2026-07-01T12:20:33.659+0000] {processor.py:183} INFO - Processing /home/airflow/.local/lib/python3.8/site-packages/airflow/example_dags/example_short_circuit_operator.py took 0.912 seconds
[2026-07-01T12:21:04.005+0000] {processor.py:161} INFO - Started process (PID=1406) to work on /home/airflow/.local/lib/python3.8/site-packages/airflow/example_dags/example_short_circuit_operator.py
[2026-07-01T12:21:04.008+0000] {processor.py:830} INFO - Processing file /home/airflow/.local/lib/python3.8/site-packages/airflow/example_dags/example_short_circuit_operator.py for tasks to queue
[2026-07-01T12:21:04.014+0000] {logging_mixin.py:188} INFO - [2026-07-01T12:21:04.013+0000] {dagbag.py:538} INFO - Filling up the DagBag from /home/airflow/.local/lib/python3.8/site-packages/airflow/example_dags/example_short_circuit_operator.py
[2026-07-01T12:21:04.034+0000] {processor.py:840} INFO - DAG(s) 'example_short_circuit_operator' retrieved from /home/airflow/.local/lib/python3.8/site-packages/airflow/example_dags/example_short_circuit_operator.py
[2026-07-01T12:21:04.094+0000] {logging_mixin.py:188} INFO - [2026-07-01T12:21:04.094+0000] {dag.py:3036} INFO - Sync 1 DAGs
[2026-07-01T12:21:04.157+0000] {logging_mixin.py:188} INFO - [2026-07-01T12:21:04.156+0000] {dag.py:3823} INFO - Setting next_dagrun for example_short_circuit_operator to 2026-06-30 00:00:00+00:00, run_after=2026-07-01 00:00:00+00:00
[2026-07-01T12:21:04.228+0000] {processor.py:183} INFO - Processing /home/airflow/.local/lib/python3.8/site-packages/airflow/example_dags/example_short_circuit_operator.py took 0.232 seconds
[2026-07-01T12:21:34.581+0000] {processor.py:161} INFO - Started process (PID=1462) to work on /home/airflow/.local/lib/python3.8/site-packages/airflow/example_dags/example_short_circuit_operator.py
[2026-07-01T12:21:34.587+0000] {processor.py:830} INFO - Processing file /home/airflow/.local/lib/python3.8/site-packages/airflow/example_dags/example_short_circuit_operator.py for tasks to queue
[2026-07-01T12:21:34.595+0000] {logging_mixin.py:188} INFO - [2026-07-01T12:21:34.594+0000] {dagbag.py:538} INFO - Filling up the DagBag from /home/airflow/.local/lib/python3.8/site-packages/airflow/example_dags/example_short_circuit_operator.py
[2026-07-01T12:21:34.628+0000] {processor.py:840} INFO - DAG(s) 'example_short_circuit_operator' retrieved from /home/airflow/.local/lib/python3.8/site-packages/airflow/example_dags/example_short_circuit_operator.py
[2026-07-01T12:21:34.724+0000] {logging_mixin.py:188} INFO - [2026-07-01T12:21:34.723+0000] {dag.py:3036} INFO - Sync 1 DAGs
[2026-07-01T12:21:34.808+0000] {logging_mixin.py:188} INFO - [2026-07-01T12:21:34.807+0000] {dag.py:3823} INFO - Setting next_dagrun for example_short_circuit_operator to 2026-06-30 00:00:00+00:00, run_after=2026-07-01 00:00:00+00:00
[2026-07-01T12:21:34.865+0000] {processor.py:183} INFO - Processing /home/airflow/.local/lib/python3.8/site-packages/airflow/example_dags/example_short_circuit_operator.py took 0.301 seconds
[2026-07-01T12:22:05.122+0000] {processor.py:161} INFO - Started process (PID=1518) to work on /home/airflow/.local/lib/python3.8/site-packages/airflow/example_dags/example_short_circuit_operator.py
[2026-07-01T12:22:05.125+0000] {processor.py:830} INFO - Processing file /home/airflow/.local/lib/python3.8/site-packages/airflow/example_dags/example_short_circuit_operator.py for tasks to queue
[2026-07-01T12:22:05.130+0000] {logging_mixin.py:188} INFO - [2026-07-01T12:22:05.129+0000] {dagbag.py:538} INFO - Filling up the DagBag from /home/airflow/.local/lib/python3.8/site-packages/airflow/example_dags/example_short_circuit_operator.py
[2026-07-01T12:22:05.148+0000] {processor.py:840} INFO - DAG(s) 'example_short_circuit_operator' retrieved from /home/airflow/.local/lib/python3.8/site-packages/airflow/example_dags/example_short_circuit_operator.py
[2026-07-01T12:22:05.202+0000] {logging_mixin.py:188} INFO - [2026-07-01T12:22:05.202+0000] {dag.py:3036} INFO - Sync 1 DAGs
[2026-07-01T12:22:05.267+0000] {logging_mixin.py:188} INFO - [2026-07-01T12:22:05.266+0000] {dag.py:3823} INFO - Setting next_dagrun for example_short_circuit_operator to 2026-06-30 00:00:00+00:00, run_after=2026-07-01 00:00:00+00:00
[2026-07-01T12:22:05.315+0000] {processor.py:183} INFO - Processing /home/airflow/.local/lib/python3.8/site-packages/airflow/example_dags/example_short_circuit_operator.py took 0.201 seconds
[2026-07-01T12:22:35.684+0000] {processor.py:161} INFO - Started process (PID=1580) to work on /home/airflow/.local/lib/python3.8/site-packages/airflow/example_dags/example_short_circuit_operator.py
[2026-07-01T12:22:35.688+0000] {processor.py:830} INFO - Processing file /home/airflow/.local/lib/python3.8/site-packages/airflow/example_dags/example_short_circuit_operator.py for tasks to queue
[2026-07-01T12:22:35.693+0000] {logging_mixin.py:188} INFO - [2026-07-01T12:22:35.693+0000] {dagbag.py:538} INFO - Filling up the DagBag from /home/airflow/.local/lib/python3.8/site-packages/airflow/example_dags/example_short_circuit_operator.py
[2026-07-01T12:22:35.713+0000] {processor.py:840} INFO - DAG(s) 'example_short_circuit_operator' retrieved from /home/airflow/.local/lib/python3.8/site-packages/airflow/example_dags/example_short_circuit_operator.py
[2026-07-01T12:22:35.771+0000] {logging_mixin.py:188} INFO - [2026-07-01T12:22:35.771+0000] {dag.py:3036} INFO - Sync 1 DAGs
[2026-07-01T12:22:35.828+0000] {logging_mixin.py:188} INFO - [2026-07-01T12:22:35.828+0000] {dag.py:3823} INFO - Setting next_dagrun for example_short_circuit_operator to 2026-06-30 00:00:00+00:00, run_after=2026-07-01 00:00:00+00:00
[2026-07-01T12:22:35.879+0000] {processor.py:183} INFO - Processing /home/airflow/.local/lib/python3.8/site-packages/airflow/example_dags/example_short_circuit_operator.py took 0.203 seconds
[2026-07-01T12:23:06.641+0000] {processor.py:161} INFO - Started process (PID=1636) to work on /home/airflow/.local/lib/python3.8/site-packages/airflow/example_dags/example_short_circuit_operator.py
[2026-07-01T12:23:06.644+0000] {processor.py:830} INFO - Processing file /home/airflow/.local/lib/python3.8/site-packages/airflow/example_dags/example_short_circuit_operator.py for tasks to queue
[2026-07-01T12:23:06.650+0000] {logging_mixin.py:188} INFO - [2026-07-01T12:23:06.649+0000] {dagbag.py:538} INFO - Filling up the DagBag from /home/airflow/.local/lib/python3.8/site-packages/airflow/example_dags/example_short_circuit_operator.py
[2026-07-01T12:23:06.669+0000] {processor.py:840} INFO - DAG(s) 'example_short_circuit_operator' retrieved from /home/airflow/.local/lib/python3.8/site-packages/airflow/example_dags/example_short_circuit_operator.py
[2026-07-01T12:23:06.727+0000] {logging_mixin.py:188} INFO - [2026-07-01T12:23:06.727+0000] {dag.py:3036} INFO - Sync 1 DAGs
[2026-07-01T12:23:06.786+0000] {logging_mixin.py:188} INFO - [2026-07-01T12:23:06.785+0000] {dag.py:3823} INFO - Setting next_dagrun for example_short_circuit_operator to 2026-06-30 00:00:00+00:00, run_after=2026-07-01 00:00:00+00:00
[2026-07-01T12:23:06.835+0000] {processor.py:183} INFO - Processing /home/airflow/.local/lib/python3.8/site-packages/airflow/example_dags/example_short_circuit_operator.py took 0.201 seconds
[2026-07-01T12:23:38.332+0000] {processor.py:161} INFO - Started process (PID=1692) to work on /home/airflow/.local/lib/python3.8/site-packages/airflow/example_dags/example_short_circuit_operator.py
[2026-07-01T12:23:38.336+0000] {processor.py:830} INFO - Processing file /home/airflow/.local/lib/python3.8/site-packages/airflow/example_dags/example_short_circuit_operator.py for tasks to queue
[2026-07-01T12:23:38.342+0000] {logging_mixin.py:188} INFO - [2026-07-01T12:23:38.341+0000] {dagbag.py:538} INFO - Filling up the DagBag from /home/airflow/.local/lib/python3.8/site-packages/airflow/example_dags/example_short_circuit_operator.py
[2026-07-01T12:23:38.364+0000] {processor.py:840} INFO - DAG(s) 'example_short_circuit_operator' retrieved from /home/airflow/.local/lib/python3.8/site-packages/airflow/example_dags/example_short_circuit_operator.py
[2026-07-01T12:23:38.434+0000] {logging_mixin.py:188} INFO - [2026-07-01T12:23:38.433+0000] {dag.py:3036} INFO - Sync 1 DAGs
[2026-07-01T12:23:38.499+0000] {logging_mixin.py:188} INFO - [2026-07-01T12:23:38.498+0000] {dag.py:3823} INFO - Setting next_dagrun for example_short_circuit_operator to 2026-06-30 00:00:00+00:00, run_after=2026-07-01 00:00:00+00:00
[2026-07-01T12:23:38.557+0000] {processor.py:183} INFO - Processing /home/airflow/.local/lib/python3.8/site-packages/airflow/example_dags/example_short_circuit_operator.py took 0.236 seconds
[2026-07-01T12:24:09.008+0000] {processor.py:161} INFO - Started process (PID=1748) to work on /home/airflow/.local/lib/python3.8/site-packages/airflow/example_dags/example_short_circuit_operator.py
[2026-07-01T12:24:09.014+0000] {processor.py:830} INFO - Processing file /home/airflow/.local/lib/python3.8/site-packages/airflow/example_dags/example_short_circuit_operator.py for tasks to queue
[2026-07-01T12:24:09.024+0000] {logging_mixin.py:188} INFO - [2026-07-01T12:24:09.022+0000] {dagbag.py:538} INFO - Filling up the DagBag from /home/airflow/.local/lib/python3.8/site-packages/airflow/example_dags/example_short_circuit_operator.py
[2026-07-01T12:24:09.083+0000] {processor.py:840} INFO - DAG(s) 'example_short_circuit_operator' retrieved from /home/airflow/.local/lib/python3.8/site-packages/airflow/example_dags/example_short_circuit_operator.py
[2026-07-01T12:24:09.181+0000] {logging_mixin.py:188} INFO - [2026-07-01T12:24:09.181+0000] {dag.py:3036} INFO - Sync 1 DAGs
[2026-07-01T12:24:09.267+0000] {logging_mixin.py:188} INFO - [2026-07-01T12:24:09.266+0000] {dag.py:3823} INFO - Setting next_dagrun for example_short_circuit_operator to 2026-06-30 00:00:00+00:00, run_after=2026-07-01 00:00:00+00:00
[2026-07-01T12:24:09.347+0000] {processor.py:183} INFO - Processing /home/airflow/.local/lib/python3.8/site-packages/airflow/example_dags/example_short_circuit_operator.py took 0.350 seconds
[2026-07-01T12:24:39.559+0000] {processor.py:161} INFO - Started process (PID=1804) to work on /home/airflow/.local/lib/python3.8/site-packages/airflow/example_dags/example_short_circuit_operator.py
[2026-07-01T12:24:39.562+0000] {processor.py:830} INFO - Processing file /home/airflow/.local/lib/python3.8/site-packages/airflow/example_dags/example_short_circuit_operator.py for tasks to queue
[2026-07-01T12:24:39.567+0000] {logging_mixin.py:188} INFO - [2026-07-01T12:24:39.566+0000] {dagbag.py:538} INFO - Filling up the DagBag from /home/airflow/.local/lib/python3.8/site-packages/airflow/example_dags/example_short_circuit_operator.py
[2026-07-01T12:24:39.588+0000] {processor.py:840} INFO - DAG(s) 'example_short_circuit_operator' retrieved from /home/airflow/.local/lib/python3.8/site-packages/airflow/example_dags/example_short_circuit_operator.py
[2026-07-01T12:24:39.648+0000] {logging_mixin.py:188} INFO - [2026-07-01T12:24:39.648+0000] {dag.py:3036} INFO - Sync 1 DAGs
[2026-07-01T12:24:39.699+0000] {logging_mixin.py:188} INFO - [2026-07-01T12:24:39.699+0000] {dag.py:3823} INFO - Setting next_dagrun for example_short_circuit_operator to 2026-06-30 00:00:00+00:00, run_after=2026-07-01 00:00:00+00:00
[2026-07-01T12:24:39.742+0000] {processor.py:183} INFO - Processing /home/airflow/.local/lib/python3.8/site-packages/airflow/example_dags/example_short_circuit_operator.py took 0.191 seconds
[2026-07-01T12:25:10.695+0000] {processor.py:161} INFO - Started process (PID=1860) to work on /home/airflow/.local/lib/python3.8/site-packages/airflow/example_dags/example_short_circuit_operator.py
[2026-07-01T12:25:10.699+0000] {processor.py:830} INFO - Processing file /home/airflow/.local/lib/python3.8/site-packages/airflow/example_dags/example_short_circuit_operator.py for tasks to queue
[2026-07-01T12:25:10.706+0000] {logging_mixin.py:188} INFO - [2026-07-01T12:25:10.705+0000] {dagbag.py:538} INFO - Filling up the DagBag from /home/airflow/.local/lib/python3.8/site-packages/airflow/example_dags/example_short_circuit_operator.py
[2026-07-01T12:25:10.727+0000] {processor.py:840} INFO - DAG(s) 'example_short_circuit_operator' retrieved from /home/airflow/.local/lib/python3.8/site-packages/airflow/example_dags/example_short_circuit_operator.py
[2026-07-01T12:25:10.791+0000] {logging_mixin.py:188} INFO - [2026-07-01T12:25:10.791+0000] {dag.py:3036} INFO - Sync 1 DAGs
[2026-07-01T12:25:10.847+0000] {logging_mixin.py:188} INFO - [2026-07-01T12:25:10.846+0000] {dag.py:3823} INFO - Setting next_dagrun for example_short_circuit_operator to 2026-06-30 00:00:00+00:00, run_after=2026-07-01 00:00:00+00:00
[2026-07-01T12:25:10.891+0000] {processor.py:183} INFO - Processing /home/airflow/.local/lib/python3.8/site-packages/airflow/example_dags/example_short_circuit_operator.py took 0.205 seconds
[2026-07-01T12:25:41.509+0000] {processor.py:161} INFO - Started process (PID=1916) to work on /home/airflow/.local/lib/python3.8/site-packages/airflow/example_dags/example_short_circuit_operator.py
[2026-07-01T12:25:41.513+0000] {processor.py:830} INFO - Processing file /home/airflow/.local/lib/python3.8/site-packages/airflow/example_dags/example_short_circuit_operator.py for tasks to queue
[2026-07-01T12:25:41.520+0000] {logging_mixin.py:188} INFO - [2026-07-01T12:25:41.519+0000] {dagbag.py:538} INFO - Filling up the DagBag from /home/airflow/.local/lib/python3.8/site-packages/airflow/example_dags/example_short_circuit_operator.py
[2026-07-01T12:25:41.543+0000] {processor.py:840} INFO - DAG(s) 'example_short_circuit_operator' retrieved from /home/airflow/.local/lib/python3.8/site-packages/airflow/example_dags/example_short_circuit_operator.py
[2026-07-01T12:25:41.604+0000] {logging_mixin.py:188} INFO - [2026-07-01T12:25:41.604+0000] {dag.py:3036} INFO - Sync 1 DAGs
[2026-07-01T12:25:41.658+0000] {logging_mixin.py:188} INFO - [2026-07-01T12:25:41.657+0000] {dag.py:3823} INFO - Setting next_dagrun for example_short_circuit_operator to 2026-06-30 00:00:00+00:00, run_after=2026-07-01 00:00:00+00:00
[2026-07-01T12:25:41.700+0000] {processor.py:183} INFO - Processing /home/airflow/.local/lib/python3.8/site-packages/airflow/example_dags/example_short_circuit_operator.py took 0.202 seconds
[2026-07-01T12:26:12.071+0000] {processor.py:161} INFO - Started process (PID=1972) to work on /home/airflow/.local/lib/python3.8/site-packages/airflow/example_dags/example_short_circuit_operator.py
[2026-07-01T12:26:12.075+0000] {processor.py:830} INFO - Processing file /home/airflow/.local/lib/python3.8/site-packages/airflow/example_dags/example_short_circuit_operator.py for tasks to queue
[2026-07-01T12:26:12.082+0000] {logging_mixin.py:188} INFO - [2026-07-01T12:26:12.081+0000] {dagbag.py:538} INFO - Filling up the DagBag from /home/airflow/.local/lib/python3.8/site-packages/airflow/example_dags/example_short_circuit_operator.py
[2026-07-01T12:26:12.103+0000] {processor.py:840} INFO - DAG(s) 'example_short_circuit_operator' retrieved from /home/airflow/.local/lib/python3.8/site-packages/airflow/example_dags/example_short_circuit_operator.py
[2026-07-01T12:26:12.171+0000] {logging_mixin.py:188} INFO - [2026-07-01T12:26:12.171+0000] {dag.py:3036} INFO - Sync 1 DAGs
[2026-07-01T12:26:12.241+0000] {logging_mixin.py:188} INFO - [2026-07-01T12:26:12.240+0000] {dag.py:3823} INFO - Setting next_dagrun for example_short_circuit_operator to 2026-06-30 00:00:00+00:00, run_after=2026-07-01 00:00:00+00:00
[2026-07-01T12:26:12.331+0000] {processor.py:183} INFO - Processing /home/airflow/.local/lib/python3.8/site-packages/airflow/example_dags/example_short_circuit_operator.py took 0.269 seconds
[2026-07-01T12:26:42.689+0000] {processor.py:161} INFO - Started process (PID=2026) to work on /home/airflow/.local/lib/python3.8/site-packages/airflow/example_dags/example_short_circuit_operator.py
[2026-07-01T12:26:42.693+0000] {processor.py:830} INFO - Processing file /home/airflow/.local/lib/python3.8/site-packages/airflow/example_dags/example_short_circuit_operator.py for tasks to queue
[2026-07-01T12:26:42.699+0000] {logging_mixin.py:188} INFO - [2026-07-01T12:26:42.698+0000] {dagbag.py:538} INFO - Filling up the DagBag from /home/airflow/.local/lib/python3.8/site-packages/airflow/example_dags/example_short_circuit_operator.py
[2026-07-01T12:26:42.719+0000] {processor.py:840} INFO - DAG(s) 'example_short_circuit_operator' retrieved from /home/airflow/.local/lib/python3.8/site-packages/airflow/example_dags/example_short_circuit_operator.py
[2026-07-01T12:26:42.785+0000] {logging_mixin.py:188} INFO - [2026-07-01T12:26:42.785+0000] {dag.py:3036} INFO - Sync 1 DAGs
[2026-07-01T12:26:42.833+0000] {logging_mixin.py:188} INFO - [2026-07-01T12:26:42.832+0000] {dag.py:3823} INFO - Setting next_dagrun for example_short_circuit_operator to 2026-06-30 00:00:00+00:00, run_after=2026-07-01 00:00:00+00:00
[2026-07-01T12:26:42.870+0000] {processor.py:183} INFO - Processing /home/airflow/.local/lib/python3.8/site-packages/airflow/example_dags/example_short_circuit_operator.py took 0.189 seconds
[2026-07-01T12:27:13.632+0000] {processor.py:161} INFO - Started process (PID=2082) to work on /home/airflow/.local/lib/python3.8/site-packages/airflow/example_dags/example_short_circuit_operator.py
[2026-07-01T12:27:13.636+0000] {processor.py:830} INFO - Processing file /home/airflow/.local/lib/python3.8/site-packages/airflow/example_dags/example_short_circuit_operator.py for tasks to queue
[2026-07-01T12:27:13.643+0000] {logging_mixin.py:188} INFO - [2026-07-01T12:27:13.642+0000] {dagbag.py:538} INFO - Filling up the DagBag from /home/airflow/.local/lib/python3.8/site-packages/airflow/example_dags/example_short_circuit_operator.py
[2026-07-01T12:27:13.674+0000] {processor.py:840} INFO - DAG(s) 'example_short_circuit_operator' retrieved from /home/airflow/.local/lib/python3.8/site-packages/airflow/example_dags/example_short_circuit_operator.py
[2026-07-01T12:27:13.736+0000] {logging_mixin.py:188} INFO - [2026-07-01T12:27:13.736+0000] {dag.py:3036} INFO - Sync 1 DAGs
[2026-07-01T12:27:13.801+0000] {logging_mixin.py:188} INFO - [2026-07-01T12:27:13.800+0000] {dag.py:3823} INFO - Setting next_dagrun for example_short_circuit_operator to 2026-06-30 00:00:00+00:00, run_after=2026-07-01 00:00:00+00:00
[2026-07-01T12:27:13.854+0000] {processor.py:183} INFO - Processing /home/airflow/.local/lib/python3.8/site-packages/airflow/example_dags/example_short_circuit_operator.py took 0.235 seconds
[2026-07-01T12:27:44.208+0000] {processor.py:161} INFO - Started process (PID=2138) to work on /home/airflow/.local/lib/python3.8/site-packages/airflow/example_dags/example_short_circuit_operator.py
[2026-07-01T12:27:44.213+0000] {processor.py:830} INFO - Processing file /home/airflow/.local/lib/python3.8/site-packages/airflow/example_dags/example_short_circuit_operator.py for tasks to queue
[2026-07-01T12:27:44.219+0000] {logging_mixin.py:188} INFO - [2026-07-01T12:27:44.218+0000] {dagbag.py:538} INFO - Filling up the DagBag from /home/airflow/.local/lib/python3.8/site-packages/airflow/example_dags/example_short_circuit_operator.py
[2026-07-01T12:27:44.240+0000] {processor.py:840} INFO - DAG(s) 'example_short_circuit_operator' retrieved from /home/airflow/.local/lib/python3.8/site-packages/airflow/example_dags/example_short_circuit_operator.py
[2026-07-01T12:27:44.367+0000] {logging_mixin.py:188} INFO - [2026-07-01T12:27:44.367+0000] {dag.py:3036} INFO - Sync 1 DAGs
[2026-07-01T12:27:44.532+0000] {logging_mixin.py:188} INFO - [2026-07-01T12:27:44.529+0000] {dag.py:3823} INFO - Setting next_dagrun for example_short_circuit_operator to 2026-06-30 00:00:00+00:00, run_after=2026-07-01 00:00:00+00:00
[2026-07-01T12:27:44.670+0000] {processor.py:183} INFO - Processing /home/airflow/.local/lib/python3.8/site-packages/airflow/example_dags/example_short_circuit_operator.py took 0.471 seconds
[2026-07-01T12:28:14.799+0000] {processor.py:161} INFO - Started process (PID=2194) to work on /home/airflow/.local/lib/python3.8/site-packages/airflow/example_dags/example_short_circuit_operator.py
[2026-07-01T12:28:14.806+0000] {processor.py:830} INFO - Processing file /home/airflow/.local/lib/python3.8/site-packages/airflow/example_dags/example_short_circuit_operator.py for tasks to queue
[2026-07-01T12:28:14.815+0000] {logging_mixin.py:188} INFO - [2026-07-01T12:28:14.814+0000] {dagbag.py:538} INFO - Filling up the DagBag from /home/airflow/.local/lib/python3.8/site-packages/airflow/example_dags/example_short_circuit_operator.py
[2026-07-01T12:28:14.851+0000] {processor.py:840} INFO - DAG(s) 'example_short_circuit_operator' retrieved from /home/airflow/.local/lib/python3.8/site-packages/airflow/example_dags/example_short_circuit_operator.py
[2026-07-01T12:28:14.932+0000] {logging_mixin.py:188} INFO - [2026-07-01T12:28:14.930+0000] {dag.py:3036} INFO - Sync 1 DAGs
[2026-07-01T12:28:14.996+0000] {logging_mixin.py:188} INFO - [2026-07-01T12:28:14.995+0000] {dag.py:3823} INFO - Setting next_dagrun for example_short_circuit_operator to 2026-06-30 00:00:00+00:00, run_after=2026-07-01 00:00:00+00:00
[2026-07-01T12:28:15.047+0000] {processor.py:183} INFO - Processing /home/airflow/.local/lib/python3.8/site-packages/airflow/example_dags/example_short_circuit_operator.py took 0.263 seconds
[2026-07-01T12:28:45.471+0000] {processor.py:161} INFO - Started process (PID=2251) to work on /home/airflow/.local/lib/python3.8/site-packages/airflow/example_dags/example_short_circuit_operator.py
[2026-07-01T12:28:45.474+0000] {processor.py:830} INFO - Processing file /home/airflow/.local/lib/python3.8/site-packages/airflow/example_dags/example_short_circuit_operator.py for tasks to queue
[2026-07-01T12:28:45.480+0000] {logging_mixin.py:188} INFO - [2026-07-01T12:28:45.479+0000] {dagbag.py:538} INFO - Filling up the DagBag from /home/airflow/.local/lib/python3.8/site-packages/airflow/example_dags/example_short_circuit_operator.py
[2026-07-01T12:28:45.499+0000] {processor.py:840} INFO - DAG(s) 'example_short_circuit_operator' retrieved from /home/airflow/.local/lib/python3.8/site-packages/airflow/example_dags/example_short_circuit_operator.py
[2026-07-01T12:28:45.564+0000] {logging_mixin.py:188} INFO - [2026-07-01T12:28:45.563+0000] {dag.py:3036} INFO - Sync 1 DAGs
[2026-07-01T12:28:45.619+0000] {logging_mixin.py:188} INFO - [2026-07-01T12:28:45.618+0000] {dag.py:3823} INFO - Setting next_dagrun for example_short_circuit_operator to 2026-06-30 00:00:00+00:00, run_after=2026-07-01 00:00:00+00:00
[2026-07-01T12:28:45.660+0000] {processor.py:183} INFO - Processing /home/airflow/.local/lib/python3.8/site-packages/airflow/example_dags/example_short_circuit_operator.py took 0.199 seconds
[2026-07-01T12:29:15.886+0000] {processor.py:161} INFO - Started process (PID=2308) to work on /home/airflow/.local/lib/python3.8/site-packages/airflow/example_dags/example_short_circuit_operator.py
[2026-07-01T12:29:15.890+0000] {processor.py:830} INFO - Processing file /home/airflow/.local/lib/python3.8/site-packages/airflow/example_dags/example_short_circuit_operator.py for tasks to queue
[2026-07-01T12:29:15.898+0000] {logging_mixin.py:188} INFO - [2026-07-01T12:29:15.897+0000] {dagbag.py:538} INFO - Filling up the DagBag from /home/airflow/.local/lib/python3.8/site-packages/airflow/example_dags/example_short_circuit_operator.py
[2026-07-01T12:29:15.923+0000] {processor.py:840} INFO - DAG(s) 'example_short_circuit_operator' retrieved from /home/airflow/.local/lib/python3.8/site-packages/airflow/example_dags/example_short_circuit_operator.py
[2026-07-01T12:29:15.978+0000] {logging_mixin.py:188} INFO - [2026-07-01T12:29:15.978+0000] {dag.py:3036} INFO - Sync 1 DAGs
[2026-07-01T12:29:16.030+0000] {logging_mixin.py:188} INFO - [2026-07-01T12:29:16.029+0000] {dag.py:3823} INFO - Setting next_dagrun for example_short_circuit_operator to 2026-06-30 00:00:00+00:00, run_after=2026-07-01 00:00:00+00:00
[2026-07-01T12:29:16.070+0000] {processor.py:183} INFO - Processing /home/airflow/.local/lib/python3.8/site-packages/airflow/example_dags/example_short_circuit_operator.py took 0.196 seconds
[2026-07-01T12:29:46.744+0000] {processor.py:161} INFO - Started process (PID=2363) to work on /home/airflow/.local/lib/python3.8/site-packages/airflow/example_dags/example_short_circuit_operator.py
[2026-07-01T12:29:46.747+0000] {processor.py:830} INFO - Processing file /home/airflow/.local/lib/python3.8/site-packages/airflow/example_dags/example_short_circuit_operator.py for tasks to queue
[2026-07-01T12:29:46.753+0000] {logging_mixin.py:188} INFO - [2026-07-01T12:29:46.752+0000] {dagbag.py:538} INFO - Filling up the DagBag from /home/airflow/.local/lib/python3.8/site-packages/airflow/example_dags/example_short_circuit_operator.py
[2026-07-01T12:29:46.773+0000] {processor.py:840} INFO - DAG(s) 'example_short_circuit_operator' retrieved from /home/airflow/.local/lib/python3.8/site-packages/airflow/example_dags/example_short_circuit_operator.py
[2026-07-01T12:29:46.833+0000] {logging_mixin.py:188} INFO - [2026-07-01T12:29:46.832+0000] {dag.py:3036} INFO - Sync 1 DAGs
