[2026-07-01T11:57:39.431+0000] {processor.py:161} INFO - Started process (PID=84) to work on /home/airflow/.local/lib/python3.8/site-packages/airflow/example_dags/example_python_decorator.py
[2026-07-01T11:57:39.436+0000] {processor.py:830} INFO - Processing file /home/airflow/.local/lib/python3.8/site-packages/airflow/example_dags/example_python_decorator.py for tasks to queue
[2026-07-01T11:57:39.447+0000] {logging_mixin.py:188} INFO - [2026-07-01T11:57:39.445+0000] {dagbag.py:538} INFO - Filling up the DagBag from /home/airflow/.local/lib/python3.8/site-packages/airflow/example_dags/example_python_decorator.py
[2026-07-01T11:57:39.924+0000] {processor.py:840} INFO - DAG(s) 'example_python_decorator' retrieved from /home/airflow/.local/lib/python3.8/site-packages/airflow/example_dags/example_python_decorator.py
[2026-07-01T11:57:41.506+0000] {logging_mixin.py:188} INFO - [2026-07-01T11:57:41.505+0000] {dag.py:3036} INFO - Sync 1 DAGs
[2026-07-01T11:57:41.605+0000] {logging_mixin.py:188} INFO - [2026-07-01T11:57:41.604+0000] {dag.py:3823} INFO - Setting next_dagrun for example_python_decorator to None, run_after=None
[2026-07-01T11:57:41.776+0000] {processor.py:183} INFO - Processing /home/airflow/.local/lib/python3.8/site-packages/airflow/example_dags/example_python_decorator.py took 2.391 seconds
[2026-07-01T11:58:45.676+0000] {processor.py:161} INFO - Started process (PID=139) to work on /home/airflow/.local/lib/python3.8/site-packages/airflow/example_dags/example_python_decorator.py
[2026-07-01T11:58:45.681+0000] {processor.py:830} INFO - Processing file /home/airflow/.local/lib/python3.8/site-packages/airflow/example_dags/example_python_decorator.py for tasks to queue
[2026-07-01T11:58:45.689+0000] {logging_mixin.py:188} INFO - [2026-07-01T11:58:45.688+0000] {dagbag.py:538} INFO - Filling up the DagBag from /home/airflow/.local/lib/python3.8/site-packages/airflow/example_dags/example_python_decorator.py
[2026-07-01T11:58:45.737+0000] {processor.py:840} INFO - DAG(s) 'example_python_decorator' retrieved from /home/airflow/.local/lib/python3.8/site-packages/airflow/example_dags/example_python_decorator.py
[2026-07-01T11:58:45.814+0000] {logging_mixin.py:188} INFO - [2026-07-01T11:58:45.814+0000] {dag.py:3036} INFO - Sync 1 DAGs
[2026-07-01T11:58:45.852+0000] {logging_mixin.py:188} INFO - [2026-07-01T11:58:45.852+0000] {dag.py:3823} INFO - Setting next_dagrun for example_python_decorator to None, run_after=None
[2026-07-01T11:58:45.904+0000] {processor.py:183} INFO - Processing /home/airflow/.local/lib/python3.8/site-packages/airflow/example_dags/example_python_decorator.py took 0.238 seconds
[2026-07-01T11:59:16.476+0000] {processor.py:161} INFO - Started process (PID=192) to work on /home/airflow/.local/lib/python3.8/site-packages/airflow/example_dags/example_python_decorator.py
[2026-07-01T11:59:16.479+0000] {processor.py:830} INFO - Processing file /home/airflow/.local/lib/python3.8/site-packages/airflow/example_dags/example_python_decorator.py for tasks to queue
[2026-07-01T11:59:16.484+0000] {logging_mixin.py:188} INFO - [2026-07-01T11:59:16.484+0000] {dagbag.py:538} INFO - Filling up the DagBag from /home/airflow/.local/lib/python3.8/site-packages/airflow/example_dags/example_python_decorator.py
[2026-07-01T11:59:16.519+0000] {processor.py:840} INFO - DAG(s) 'example_python_decorator' retrieved from /home/airflow/.local/lib/python3.8/site-packages/airflow/example_dags/example_python_decorator.py
[2026-07-01T11:59:16.575+0000] {logging_mixin.py:188} INFO - [2026-07-01T11:59:16.574+0000] {dag.py:3036} INFO - Sync 1 DAGs
[2026-07-01T11:59:16.607+0000] {logging_mixin.py:188} INFO - [2026-07-01T11:59:16.606+0000] {dag.py:3823} INFO - Setting next_dagrun for example_python_decorator to None, run_after=None
[2026-07-01T11:59:16.693+0000] {processor.py:183} INFO - Processing /home/airflow/.local/lib/python3.8/site-packages/airflow/example_dags/example_python_decorator.py took 0.226 seconds
[2026-07-01T11:59:47.523+0000] {processor.py:161} INFO - Started process (PID=247) to work on /home/airflow/.local/lib/python3.8/site-packages/airflow/example_dags/example_python_decorator.py
[2026-07-01T11:59:47.526+0000] {processor.py:830} INFO - Processing file /home/airflow/.local/lib/python3.8/site-packages/airflow/example_dags/example_python_decorator.py for tasks to queue
[2026-07-01T11:59:47.532+0000] {logging_mixin.py:188} INFO - [2026-07-01T11:59:47.531+0000] {dagbag.py:538} INFO - Filling up the DagBag from /home/airflow/.local/lib/python3.8/site-packages/airflow/example_dags/example_python_decorator.py
[2026-07-01T11:59:47.598+0000] {processor.py:840} INFO - DAG(s) 'example_python_decorator' retrieved from /home/airflow/.local/lib/python3.8/site-packages/airflow/example_dags/example_python_decorator.py
[2026-07-01T11:59:47.646+0000] {logging_mixin.py:188} INFO - [2026-07-01T11:59:47.645+0000] {dag.py:3036} INFO - Sync 1 DAGs
[2026-07-01T11:59:47.703+0000] {logging_mixin.py:188} INFO - [2026-07-01T11:59:47.702+0000] {dag.py:3823} INFO - Setting next_dagrun for example_python_decorator to None, run_after=None
[2026-07-01T11:59:47.768+0000] {processor.py:183} INFO - Processing /home/airflow/.local/lib/python3.8/site-packages/airflow/example_dags/example_python_decorator.py took 0.258 seconds
[2026-07-01T12:00:18.129+0000] {processor.py:161} INFO - Started process (PID=302) to work on /home/airflow/.local/lib/python3.8/site-packages/airflow/example_dags/example_python_decorator.py
[2026-07-01T12:00:18.134+0000] {processor.py:830} INFO - Processing file /home/airflow/.local/lib/python3.8/site-packages/airflow/example_dags/example_python_decorator.py for tasks to queue
[2026-07-01T12:00:18.141+0000] {logging_mixin.py:188} INFO - [2026-07-01T12:00:18.140+0000] {dagbag.py:538} INFO - Filling up the DagBag from /home/airflow/.local/lib/python3.8/site-packages/airflow/example_dags/example_python_decorator.py
[2026-07-01T12:00:18.187+0000] {processor.py:840} INFO - DAG(s) 'example_python_decorator' retrieved from /home/airflow/.local/lib/python3.8/site-packages/airflow/example_dags/example_python_decorator.py
[2026-07-01T12:00:18.461+0000] {logging_mixin.py:188} INFO - [2026-07-01T12:00:18.460+0000] {dag.py:3036} INFO - Sync 1 DAGs
[2026-07-01T12:00:18.489+0000] {logging_mixin.py:188} INFO - [2026-07-01T12:00:18.489+0000] {dag.py:3823} INFO - Setting next_dagrun for example_python_decorator to None, run_after=None
[2026-07-01T12:00:18.540+0000] {processor.py:183} INFO - Processing /home/airflow/.local/lib/python3.8/site-packages/airflow/example_dags/example_python_decorator.py took 0.422 seconds
[2026-07-01T12:00:49.399+0000] {processor.py:161} INFO - Started process (PID=357) to work on /home/airflow/.local/lib/python3.8/site-packages/airflow/example_dags/example_python_decorator.py
[2026-07-01T12:00:49.437+0000] {processor.py:830} INFO - Processing file /home/airflow/.local/lib/python3.8/site-packages/airflow/example_dags/example_python_decorator.py for tasks to queue
[2026-07-01T12:00:49.445+0000] {logging_mixin.py:188} INFO - [2026-07-01T12:00:49.444+0000] {dagbag.py:538} INFO - Filling up the DagBag from /home/airflow/.local/lib/python3.8/site-packages/airflow/example_dags/example_python_decorator.py
[2026-07-01T12:00:49.501+0000] {processor.py:840} INFO - DAG(s) 'example_python_decorator' retrieved from /home/airflow/.local/lib/python3.8/site-packages/airflow/example_dags/example_python_decorator.py
[2026-07-01T12:00:49.566+0000] {logging_mixin.py:188} INFO - [2026-07-01T12:00:49.566+0000] {dag.py:3036} INFO - Sync 1 DAGs
[2026-07-01T12:00:49.601+0000] {logging_mixin.py:188} INFO - [2026-07-01T12:00:49.600+0000] {dag.py:3823} INFO - Setting next_dagrun for example_python_decorator to None, run_after=None
[2026-07-01T12:00:50.715+0000] {processor.py:183} INFO - Processing /home/airflow/.local/lib/python3.8/site-packages/airflow/example_dags/example_python_decorator.py took 1.332 seconds
[2026-07-01T12:01:21.487+0000] {processor.py:161} INFO - Started process (PID=412) to work on /home/airflow/.local/lib/python3.8/site-packages/airflow/example_dags/example_python_decorator.py
[2026-07-01T12:01:21.491+0000] {processor.py:830} INFO - Processing file /home/airflow/.local/lib/python3.8/site-packages/airflow/example_dags/example_python_decorator.py for tasks to queue
[2026-07-01T12:01:21.499+0000] {logging_mixin.py:188} INFO - [2026-07-01T12:01:21.498+0000] {dagbag.py:538} INFO - Filling up the DagBag from /home/airflow/.local/lib/python3.8/site-packages/airflow/example_dags/example_python_decorator.py
[2026-07-01T12:01:21.541+0000] {processor.py:840} INFO - DAG(s) 'example_python_decorator' retrieved from /home/airflow/.local/lib/python3.8/site-packages/airflow/example_dags/example_python_decorator.py
[2026-07-01T12:01:21.608+0000] {logging_mixin.py:188} INFO - [2026-07-01T12:01:21.608+0000] {dag.py:3036} INFO - Sync 1 DAGs
[2026-07-01T12:01:21.644+0000] {logging_mixin.py:188} INFO - [2026-07-01T12:01:21.643+0000] {dag.py:3823} INFO - Setting next_dagrun for example_python_decorator to None, run_after=None
[2026-07-01T12:01:21.699+0000] {processor.py:183} INFO - Processing /home/airflow/.local/lib/python3.8/site-packages/airflow/example_dags/example_python_decorator.py took 0.227 seconds
[2026-07-01T12:01:51.902+0000] {processor.py:161} INFO - Started process (PID=467) to work on /home/airflow/.local/lib/python3.8/site-packages/airflow/example_dags/example_python_decorator.py
[2026-07-01T12:01:51.907+0000] {processor.py:830} INFO - Processing file /home/airflow/.local/lib/python3.8/site-packages/airflow/example_dags/example_python_decorator.py for tasks to queue
[2026-07-01T12:01:51.918+0000] {logging_mixin.py:188} INFO - [2026-07-01T12:01:51.916+0000] {dagbag.py:538} INFO - Filling up the DagBag from /home/airflow/.local/lib/python3.8/site-packages/airflow/example_dags/example_python_decorator.py
[2026-07-01T12:01:51.977+0000] {processor.py:840} INFO - DAG(s) 'example_python_decorator' retrieved from /home/airflow/.local/lib/python3.8/site-packages/airflow/example_dags/example_python_decorator.py
[2026-07-01T12:01:52.077+0000] {logging_mixin.py:188} INFO - [2026-07-01T12:01:52.076+0000] {dag.py:3036} INFO - Sync 1 DAGs
[2026-07-01T12:01:52.153+0000] {logging_mixin.py:188} INFO - [2026-07-01T12:01:52.153+0000] {dag.py:3823} INFO - Setting next_dagrun for example_python_decorator to None, run_after=None
[2026-07-01T12:01:52.235+0000] {processor.py:183} INFO - Processing /home/airflow/.local/lib/python3.8/site-packages/airflow/example_dags/example_python_decorator.py took 0.352 seconds
[2026-07-01T12:02:22.388+0000] {processor.py:161} INFO - Started process (PID=523) to work on /home/airflow/.local/lib/python3.8/site-packages/airflow/example_dags/example_python_decorator.py
[2026-07-01T12:02:22.392+0000] {processor.py:830} INFO - Processing file /home/airflow/.local/lib/python3.8/site-packages/airflow/example_dags/example_python_decorator.py for tasks to queue
[2026-07-01T12:02:22.397+0000] {logging_mixin.py:188} INFO - [2026-07-01T12:02:22.397+0000] {dagbag.py:538} INFO - Filling up the DagBag from /home/airflow/.local/lib/python3.8/site-packages/airflow/example_dags/example_python_decorator.py
[2026-07-01T12:02:22.429+0000] {processor.py:840} INFO - DAG(s) 'example_python_decorator' retrieved from /home/airflow/.local/lib/python3.8/site-packages/airflow/example_dags/example_python_decorator.py
[2026-07-01T12:02:22.480+0000] {logging_mixin.py:188} INFO - [2026-07-01T12:02:22.479+0000] {dag.py:3036} INFO - Sync 1 DAGs
[2026-07-01T12:02:22.513+0000] {logging_mixin.py:188} INFO - [2026-07-01T12:02:22.512+0000] {dag.py:3823} INFO - Setting next_dagrun for example_python_decorator to None, run_after=None
[2026-07-01T12:02:22.565+0000] {processor.py:183} INFO - Processing /home/airflow/.local/lib/python3.8/site-packages/airflow/example_dags/example_python_decorator.py took 0.186 seconds
[2026-07-01T12:02:52.638+0000] {processor.py:161} INFO - Started process (PID=579) to work on /home/airflow/.local/lib/python3.8/site-packages/airflow/example_dags/example_python_decorator.py
[2026-07-01T12:02:52.642+0000] {processor.py:830} INFO - Processing file /home/airflow/.local/lib/python3.8/site-packages/airflow/example_dags/example_python_decorator.py for tasks to queue
[2026-07-01T12:02:52.648+0000] {logging_mixin.py:188} INFO - [2026-07-01T12:02:52.647+0000] {dagbag.py:538} INFO - Filling up the DagBag from /home/airflow/.local/lib/python3.8/site-packages/airflow/example_dags/example_python_decorator.py
[2026-07-01T12:02:52.683+0000] {processor.py:840} INFO - DAG(s) 'example_python_decorator' retrieved from /home/airflow/.local/lib/python3.8/site-packages/airflow/example_dags/example_python_decorator.py
[2026-07-01T12:02:52.739+0000] {logging_mixin.py:188} INFO - [2026-07-01T12:02:52.739+0000] {dag.py:3036} INFO - Sync 1 DAGs
[2026-07-01T12:02:52.774+0000] {logging_mixin.py:188} INFO - [2026-07-01T12:02:52.774+0000] {dag.py:3823} INFO - Setting next_dagrun for example_python_decorator to None, run_after=None
[2026-07-01T12:02:52.830+0000] {processor.py:183} INFO - Processing /home/airflow/.local/lib/python3.8/site-packages/airflow/example_dags/example_python_decorator.py took 0.201 seconds
[2026-07-01T12:03:22.976+0000] {processor.py:161} INFO - Started process (PID=634) to work on /home/airflow/.local/lib/python3.8/site-packages/airflow/example_dags/example_python_decorator.py
[2026-07-01T12:03:22.980+0000] {processor.py:830} INFO - Processing file /home/airflow/.local/lib/python3.8/site-packages/airflow/example_dags/example_python_decorator.py for tasks to queue
[2026-07-01T12:03:22.987+0000] {logging_mixin.py:188} INFO - [2026-07-01T12:03:22.986+0000] {dagbag.py:538} INFO - Filling up the DagBag from /home/airflow/.local/lib/python3.8/site-packages/airflow/example_dags/example_python_decorator.py
[2026-07-01T12:03:23.025+0000] {processor.py:840} INFO - DAG(s) 'example_python_decorator' retrieved from /home/airflow/.local/lib/python3.8/site-packages/airflow/example_dags/example_python_decorator.py
[2026-07-01T12:03:23.080+0000] {logging_mixin.py:188} INFO - [2026-07-01T12:03:23.080+0000] {dag.py:3036} INFO - Sync 1 DAGs
[2026-07-01T12:03:23.115+0000] {logging_mixin.py:188} INFO - [2026-07-01T12:03:23.114+0000] {dag.py:3823} INFO - Setting next_dagrun for example_python_decorator to None, run_after=None
[2026-07-01T12:03:23.171+0000] {processor.py:183} INFO - Processing /home/airflow/.local/lib/python3.8/site-packages/airflow/example_dags/example_python_decorator.py took 0.206 seconds
[2026-07-01T12:03:53.693+0000] {processor.py:161} INFO - Started process (PID=690) to work on /home/airflow/.local/lib/python3.8/site-packages/airflow/example_dags/example_python_decorator.py
[2026-07-01T12:03:53.697+0000] {processor.py:830} INFO - Processing file /home/airflow/.local/lib/python3.8/site-packages/airflow/example_dags/example_python_decorator.py for tasks to queue
[2026-07-01T12:03:53.707+0000] {logging_mixin.py:188} INFO - [2026-07-01T12:03:53.705+0000] {dagbag.py:538} INFO - Filling up the DagBag from /home/airflow/.local/lib/python3.8/site-packages/airflow/example_dags/example_python_decorator.py
[2026-07-01T12:03:53.778+0000] {processor.py:840} INFO - DAG(s) 'example_python_decorator' retrieved from /home/airflow/.local/lib/python3.8/site-packages/airflow/example_dags/example_python_decorator.py
[2026-07-01T12:03:53.851+0000] {logging_mixin.py:188} INFO - [2026-07-01T12:03:53.850+0000] {dag.py:3036} INFO - Sync 1 DAGs
[2026-07-01T12:03:53.895+0000] {logging_mixin.py:188} INFO - [2026-07-01T12:03:53.894+0000] {dag.py:3823} INFO - Setting next_dagrun for example_python_decorator to None, run_after=None
[2026-07-01T12:03:53.964+0000] {processor.py:183} INFO - Processing /home/airflow/.local/lib/python3.8/site-packages/airflow/example_dags/example_python_decorator.py took 0.288 seconds
[2026-07-01T12:04:24.064+0000] {processor.py:161} INFO - Started process (PID=745) to work on /home/airflow/.local/lib/python3.8/site-packages/airflow/example_dags/example_python_decorator.py
[2026-07-01T12:04:24.067+0000] {processor.py:830} INFO - Processing file /home/airflow/.local/lib/python3.8/site-packages/airflow/example_dags/example_python_decorator.py for tasks to queue
[2026-07-01T12:04:24.073+0000] {logging_mixin.py:188} INFO - [2026-07-01T12:04:24.072+0000] {dagbag.py:538} INFO - Filling up the DagBag from /home/airflow/.local/lib/python3.8/site-packages/airflow/example_dags/example_python_decorator.py
[2026-07-01T12:04:24.111+0000] {processor.py:840} INFO - DAG(s) 'example_python_decorator' retrieved from /home/airflow/.local/lib/python3.8/site-packages/airflow/example_dags/example_python_decorator.py
[2026-07-01T12:04:24.197+0000] {logging_mixin.py:188} INFO - [2026-07-01T12:04:24.197+0000] {dag.py:3036} INFO - Sync 1 DAGs
[2026-07-01T12:04:24.252+0000] {logging_mixin.py:188} INFO - [2026-07-01T12:04:24.252+0000] {dag.py:3823} INFO - Setting next_dagrun for example_python_decorator to None, run_after=None
[2026-07-01T12:04:24.322+0000] {processor.py:183} INFO - Processing /home/airflow/.local/lib/python3.8/site-packages/airflow/example_dags/example_python_decorator.py took 0.267 seconds
[2026-07-01T12:04:54.758+0000] {processor.py:161} INFO - Started process (PID=800) to work on /home/airflow/.local/lib/python3.8/site-packages/airflow/example_dags/example_python_decorator.py
[2026-07-01T12:04:54.762+0000] {processor.py:830} INFO - Processing file /home/airflow/.local/lib/python3.8/site-packages/airflow/example_dags/example_python_decorator.py for tasks to queue
[2026-07-01T12:04:54.775+0000] {logging_mixin.py:188} INFO - [2026-07-01T12:04:54.771+0000] {dagbag.py:538} INFO - Filling up the DagBag from /home/airflow/.local/lib/python3.8/site-packages/airflow/example_dags/example_python_decorator.py
[2026-07-01T12:04:54.836+0000] {processor.py:840} INFO - DAG(s) 'example_python_decorator' retrieved from /home/airflow/.local/lib/python3.8/site-packages/airflow/example_dags/example_python_decorator.py
[2026-07-01T12:04:54.913+0000] {logging_mixin.py:188} INFO - [2026-07-01T12:04:54.912+0000] {dag.py:3036} INFO - Sync 1 DAGs
[2026-07-01T12:04:54.955+0000] {logging_mixin.py:188} INFO - [2026-07-01T12:04:54.954+0000] {dag.py:3823} INFO - Setting next_dagrun for example_python_decorator to None, run_after=None
[2026-07-01T12:04:55.002+0000] {processor.py:183} INFO - Processing /home/airflow/.local/lib/python3.8/site-packages/airflow/example_dags/example_python_decorator.py took 0.265 seconds
[2026-07-01T12:05:25.988+0000] {processor.py:161} INFO - Started process (PID=855) to work on /home/airflow/.local/lib/python3.8/site-packages/airflow/example_dags/example_python_decorator.py
[2026-07-01T12:05:25.991+0000] {processor.py:830} INFO - Processing file /home/airflow/.local/lib/python3.8/site-packages/airflow/example_dags/example_python_decorator.py for tasks to queue
[2026-07-01T12:05:25.996+0000] {logging_mixin.py:188} INFO - [2026-07-01T12:05:25.996+0000] {dagbag.py:538} INFO - Filling up the DagBag from /home/airflow/.local/lib/python3.8/site-packages/airflow/example_dags/example_python_decorator.py
[2026-07-01T12:05:26.036+0000] {processor.py:840} INFO - DAG(s) 'example_python_decorator' retrieved from /home/airflow/.local/lib/python3.8/site-packages/airflow/example_dags/example_python_decorator.py
[2026-07-01T12:05:26.108+0000] {logging_mixin.py:188} INFO - [2026-07-01T12:05:26.108+0000] {dag.py:3036} INFO - Sync 1 DAGs
[2026-07-01T12:05:26.151+0000] {logging_mixin.py:188} INFO - [2026-07-01T12:05:26.150+0000] {dag.py:3823} INFO - Setting next_dagrun for example_python_decorator to None, run_after=None
[2026-07-01T12:05:26.209+0000] {processor.py:183} INFO - Processing /home/airflow/.local/lib/python3.8/site-packages/airflow/example_dags/example_python_decorator.py took 0.229 seconds
[2026-07-01T12:05:56.676+0000] {processor.py:161} INFO - Started process (PID=910) to work on /home/airflow/.local/lib/python3.8/site-packages/airflow/example_dags/example_python_decorator.py
[2026-07-01T12:05:56.681+0000] {processor.py:830} INFO - Processing file /home/airflow/.local/lib/python3.8/site-packages/airflow/example_dags/example_python_decorator.py for tasks to queue
[2026-07-01T12:05:56.688+0000] {logging_mixin.py:188} INFO - [2026-07-01T12:05:56.687+0000] {dagbag.py:538} INFO - Filling up the DagBag from /home/airflow/.local/lib/python3.8/site-packages/airflow/example_dags/example_python_decorator.py
[2026-07-01T12:05:56.731+0000] {processor.py:840} INFO - DAG(s) 'example_python_decorator' retrieved from /home/airflow/.local/lib/python3.8/site-packages/airflow/example_dags/example_python_decorator.py
[2026-07-01T12:05:56.783+0000] {logging_mixin.py:188} INFO - [2026-07-01T12:05:56.783+0000] {dag.py:3036} INFO - Sync 1 DAGs
[2026-07-01T12:05:56.813+0000] {logging_mixin.py:188} INFO - [2026-07-01T12:05:56.813+0000] {dag.py:3823} INFO - Setting next_dagrun for example_python_decorator to None, run_after=None
[2026-07-01T12:05:56.860+0000] {processor.py:183} INFO - Processing /home/airflow/.local/lib/python3.8/site-packages/airflow/example_dags/example_python_decorator.py took 0.194 seconds
[2026-07-01T12:06:27.625+0000] {processor.py:161} INFO - Started process (PID=965) to work on /home/airflow/.local/lib/python3.8/site-packages/airflow/example_dags/example_python_decorator.py
[2026-07-01T12:06:27.629+0000] {processor.py:830} INFO - Processing file /home/airflow/.local/lib/python3.8/site-packages/airflow/example_dags/example_python_decorator.py for tasks to queue
[2026-07-01T12:06:27.635+0000] {logging_mixin.py:188} INFO - [2026-07-01T12:06:27.634+0000] {dagbag.py:538} INFO - Filling up the DagBag from /home/airflow/.local/lib/python3.8/site-packages/airflow/example_dags/example_python_decorator.py
[2026-07-01T12:06:27.669+0000] {processor.py:840} INFO - DAG(s) 'example_python_decorator' retrieved from /home/airflow/.local/lib/python3.8/site-packages/airflow/example_dags/example_python_decorator.py
[2026-07-01T12:06:27.724+0000] {logging_mixin.py:188} INFO - [2026-07-01T12:06:27.724+0000] {dag.py:3036} INFO - Sync 1 DAGs
[2026-07-01T12:06:27.758+0000] {logging_mixin.py:188} INFO - [2026-07-01T12:06:27.757+0000] {dag.py:3823} INFO - Setting next_dagrun for example_python_decorator to None, run_after=None
[2026-07-01T12:06:27.810+0000] {processor.py:183} INFO - Processing /home/airflow/.local/lib/python3.8/site-packages/airflow/example_dags/example_python_decorator.py took 0.193 seconds
[2026-07-01T12:06:58.116+0000] {processor.py:161} INFO - Started process (PID=1020) to work on /home/airflow/.local/lib/python3.8/site-packages/airflow/example_dags/example_python_decorator.py
[2026-07-01T12:06:58.120+0000] {processor.py:830} INFO - Processing file /home/airflow/.local/lib/python3.8/site-packages/airflow/example_dags/example_python_decorator.py for tasks to queue
[2026-07-01T12:06:58.125+0000] {logging_mixin.py:188} INFO - [2026-07-01T12:06:58.124+0000] {dagbag.py:538} INFO - Filling up the DagBag from /home/airflow/.local/lib/python3.8/site-packages/airflow/example_dags/example_python_decorator.py
[2026-07-01T12:06:58.159+0000] {processor.py:840} INFO - DAG(s) 'example_python_decorator' retrieved from /home/airflow/.local/lib/python3.8/site-packages/airflow/example_dags/example_python_decorator.py
[2026-07-01T12:06:58.221+0000] {logging_mixin.py:188} INFO - [2026-07-01T12:06:58.220+0000] {dag.py:3036} INFO - Sync 1 DAGs
[2026-07-01T12:06:58.257+0000] {logging_mixin.py:188} INFO - [2026-07-01T12:06:58.256+0000] {dag.py:3823} INFO - Setting next_dagrun for example_python_decorator to None, run_after=None
[2026-07-01T12:06:58.313+0000] {processor.py:183} INFO - Processing /home/airflow/.local/lib/python3.8/site-packages/airflow/example_dags/example_python_decorator.py took 0.207 seconds
[2026-07-01T12:07:28.613+0000] {processor.py:161} INFO - Started process (PID=1075) to work on /home/airflow/.local/lib/python3.8/site-packages/airflow/example_dags/example_python_decorator.py
[2026-07-01T12:07:28.617+0000] {processor.py:830} INFO - Processing file /home/airflow/.local/lib/python3.8/site-packages/airflow/example_dags/example_python_decorator.py for tasks to queue
[2026-07-01T12:07:28.622+0000] {logging_mixin.py:188} INFO - [2026-07-01T12:07:28.622+0000] {dagbag.py:538} INFO - Filling up the DagBag from /home/airflow/.local/lib/python3.8/site-packages/airflow/example_dags/example_python_decorator.py
[2026-07-01T12:07:28.664+0000] {processor.py:840} INFO - DAG(s) 'example_python_decorator' retrieved from /home/airflow/.local/lib/python3.8/site-packages/airflow/example_dags/example_python_decorator.py
[2026-07-01T12:07:28.731+0000] {logging_mixin.py:188} INFO - [2026-07-01T12:07:28.731+0000] {dag.py:3036} INFO - Sync 1 DAGs
[2026-07-01T12:07:28.766+0000] {logging_mixin.py:188} INFO - [2026-07-01T12:07:28.765+0000] {dag.py:3823} INFO - Setting next_dagrun for example_python_decorator to None, run_after=None
[2026-07-01T12:07:28.811+0000] {processor.py:183} INFO - Processing /home/airflow/.local/lib/python3.8/site-packages/airflow/example_dags/example_python_decorator.py took 0.208 seconds
[2026-07-01T12:07:59.088+0000] {processor.py:161} INFO - Started process (PID=1131) to work on /home/airflow/.local/lib/python3.8/site-packages/airflow/example_dags/example_python_decorator.py
[2026-07-01T12:07:59.091+0000] {processor.py:830} INFO - Processing file /home/airflow/.local/lib/python3.8/site-packages/airflow/example_dags/example_python_decorator.py for tasks to queue
[2026-07-01T12:07:59.097+0000] {logging_mixin.py:188} INFO - [2026-07-01T12:07:59.096+0000] {dagbag.py:538} INFO - Filling up the DagBag from /home/airflow/.local/lib/python3.8/site-packages/airflow/example_dags/example_python_decorator.py
[2026-07-01T12:07:59.126+0000] {processor.py:840} INFO - DAG(s) 'example_python_decorator' retrieved from /home/airflow/.local/lib/python3.8/site-packages/airflow/example_dags/example_python_decorator.py
[2026-07-01T12:07:59.174+0000] {logging_mixin.py:188} INFO - [2026-07-01T12:07:59.173+0000] {dag.py:3036} INFO - Sync 1 DAGs
[2026-07-01T12:07:59.201+0000] {logging_mixin.py:188} INFO - [2026-07-01T12:07:59.200+0000] {dag.py:3823} INFO - Setting next_dagrun for example_python_decorator to None, run_after=None
[2026-07-01T12:07:59.239+0000] {processor.py:183} INFO - Processing /home/airflow/.local/lib/python3.8/site-packages/airflow/example_dags/example_python_decorator.py took 0.159 seconds
[2026-07-01T12:08:58.881+0000] {processor.py:161} INFO - Started process (PID=71) to work on /home/airflow/.local/lib/python3.8/site-packages/airflow/example_dags/example_python_decorator.py
[2026-07-01T12:08:58.886+0000] {processor.py:830} INFO - Processing file /home/airflow/.local/lib/python3.8/site-packages/airflow/example_dags/example_python_decorator.py for tasks to queue
[2026-07-01T12:08:58.896+0000] {logging_mixin.py:188} INFO - [2026-07-01T12:08:58.894+0000] {dagbag.py:538} INFO - Filling up the DagBag from /home/airflow/.local/lib/python3.8/site-packages/airflow/example_dags/example_python_decorator.py
[2026-07-01T12:08:58.951+0000] {processor.py:840} INFO - DAG(s) 'example_python_decorator' retrieved from /home/airflow/.local/lib/python3.8/site-packages/airflow/example_dags/example_python_decorator.py
[2026-07-01T12:08:59.318+0000] {logging_mixin.py:188} INFO - [2026-07-01T12:08:59.318+0000] {dag.py:3036} INFO - Sync 1 DAGs
[2026-07-01T12:08:59.351+0000] {logging_mixin.py:188} INFO - [2026-07-01T12:08:59.350+0000] {dag.py:3823} INFO - Setting next_dagrun for example_python_decorator to None, run_after=None
[2026-07-01T12:08:59.410+0000] {processor.py:183} INFO - Processing /home/airflow/.local/lib/python3.8/site-packages/airflow/example_dags/example_python_decorator.py took 0.545 seconds
[2026-07-01T12:09:30.028+0000] {processor.py:161} INFO - Started process (PID=128) to work on /home/airflow/.local/lib/python3.8/site-packages/airflow/example_dags/example_python_decorator.py
[2026-07-01T12:09:30.032+0000] {processor.py:830} INFO - Processing file /home/airflow/.local/lib/python3.8/site-packages/airflow/example_dags/example_python_decorator.py for tasks to queue
[2026-07-01T12:09:30.038+0000] {logging_mixin.py:188} INFO - [2026-07-01T12:09:30.037+0000] {dagbag.py:538} INFO - Filling up the DagBag from /home/airflow/.local/lib/python3.8/site-packages/airflow/example_dags/example_python_decorator.py
[2026-07-01T12:09:30.073+0000] {processor.py:840} INFO - DAG(s) 'example_python_decorator' retrieved from /home/airflow/.local/lib/python3.8/site-packages/airflow/example_dags/example_python_decorator.py
[2026-07-01T12:09:30.132+0000] {logging_mixin.py:188} INFO - [2026-07-01T12:09:30.131+0000] {dag.py:3036} INFO - Sync 1 DAGs
[2026-07-01T12:09:30.178+0000] {logging_mixin.py:188} INFO - [2026-07-01T12:09:30.178+0000] {dag.py:3823} INFO - Setting next_dagrun for example_python_decorator to None, run_after=None
[2026-07-01T12:09:30.235+0000] {processor.py:183} INFO - Processing /home/airflow/.local/lib/python3.8/site-packages/airflow/example_dags/example_python_decorator.py took 0.217 seconds
[2026-07-01T12:10:00.896+0000] {processor.py:161} INFO - Started process (PID=184) to work on /home/airflow/.local/lib/python3.8/site-packages/airflow/example_dags/example_python_decorator.py
[2026-07-01T12:10:00.900+0000] {processor.py:830} INFO - Processing file /home/airflow/.local/lib/python3.8/site-packages/airflow/example_dags/example_python_decorator.py for tasks to queue
[2026-07-01T12:10:00.908+0000] {logging_mixin.py:188} INFO - [2026-07-01T12:10:00.907+0000] {dagbag.py:538} INFO - Filling up the DagBag from /home/airflow/.local/lib/python3.8/site-packages/airflow/example_dags/example_python_decorator.py
[2026-07-01T12:10:00.962+0000] {processor.py:840} INFO - DAG(s) 'example_python_decorator' retrieved from /home/airflow/.local/lib/python3.8/site-packages/airflow/example_dags/example_python_decorator.py
[2026-07-01T12:10:01.078+0000] {logging_mixin.py:188} INFO - [2026-07-01T12:10:01.078+0000] {dag.py:3036} INFO - Sync 1 DAGs
[2026-07-01T12:10:01.115+0000] {logging_mixin.py:188} INFO - [2026-07-01T12:10:01.114+0000] {dag.py:3823} INFO - Setting next_dagrun for example_python_decorator to None, run_after=None
[2026-07-01T12:10:01.165+0000] {processor.py:183} INFO - Processing /home/airflow/.local/lib/python3.8/site-packages/airflow/example_dags/example_python_decorator.py took 0.286 seconds
[2026-07-01T12:10:31.277+0000] {processor.py:161} INFO - Started process (PID=241) to work on /home/airflow/.local/lib/python3.8/site-packages/airflow/example_dags/example_python_decorator.py
[2026-07-01T12:10:31.281+0000] {processor.py:830} INFO - Processing file /home/airflow/.local/lib/python3.8/site-packages/airflow/example_dags/example_python_decorator.py for tasks to queue
[2026-07-01T12:10:31.288+0000] {logging_mixin.py:188} INFO - [2026-07-01T12:10:31.287+0000] {dagbag.py:538} INFO - Filling up the DagBag from /home/airflow/.local/lib/python3.8/site-packages/airflow/example_dags/example_python_decorator.py
[2026-07-01T12:10:31.328+0000] {processor.py:840} INFO - DAG(s) 'example_python_decorator' retrieved from /home/airflow/.local/lib/python3.8/site-packages/airflow/example_dags/example_python_decorator.py
[2026-07-01T12:10:31.379+0000] {logging_mixin.py:188} INFO - [2026-07-01T12:10:31.378+0000] {dag.py:3036} INFO - Sync 1 DAGs
[2026-07-01T12:10:31.409+0000] {logging_mixin.py:188} INFO - [2026-07-01T12:10:31.408+0000] {dag.py:3823} INFO - Setting next_dagrun for example_python_decorator to None, run_after=None
[2026-07-01T12:10:31.457+0000] {processor.py:183} INFO - Processing /home/airflow/.local/lib/python3.8/site-packages/airflow/example_dags/example_python_decorator.py took 0.188 seconds
[2026-07-01T12:11:02.038+0000] {processor.py:161} INFO - Started process (PID=307) to work on /home/airflow/.local/lib/python3.8/site-packages/airflow/example_dags/example_python_decorator.py
[2026-07-01T12:11:02.041+0000] {processor.py:830} INFO - Processing file /home/airflow/.local/lib/python3.8/site-packages/airflow/example_dags/example_python_decorator.py for tasks to queue
[2026-07-01T12:11:02.048+0000] {logging_mixin.py:188} INFO - [2026-07-01T12:11:02.047+0000] {dagbag.py:538} INFO - Filling up the DagBag from /home/airflow/.local/lib/python3.8/site-packages/airflow/example_dags/example_python_decorator.py
[2026-07-01T12:11:02.095+0000] {processor.py:840} INFO - DAG(s) 'example_python_decorator' retrieved from /home/airflow/.local/lib/python3.8/site-packages/airflow/example_dags/example_python_decorator.py
[2026-07-01T12:11:02.166+0000] {logging_mixin.py:188} INFO - [2026-07-01T12:11:02.165+0000] {dag.py:3036} INFO - Sync 1 DAGs
[2026-07-01T12:11:02.200+0000] {logging_mixin.py:188} INFO - [2026-07-01T12:11:02.200+0000] {dag.py:3823} INFO - Setting next_dagrun for example_python_decorator to None, run_after=None
[2026-07-01T12:11:02.254+0000] {processor.py:183} INFO - Processing /home/airflow/.local/lib/python3.8/site-packages/airflow/example_dags/example_python_decorator.py took 0.224 seconds
[2026-07-01T12:11:32.744+0000] {processor.py:161} INFO - Started process (PID=363) to work on /home/airflow/.local/lib/python3.8/site-packages/airflow/example_dags/example_python_decorator.py
[2026-07-01T12:11:32.747+0000] {processor.py:830} INFO - Processing file /home/airflow/.local/lib/python3.8/site-packages/airflow/example_dags/example_python_decorator.py for tasks to queue
[2026-07-01T12:11:32.753+0000] {logging_mixin.py:188} INFO - [2026-07-01T12:11:32.752+0000] {dagbag.py:538} INFO - Filling up the DagBag from /home/airflow/.local/lib/python3.8/site-packages/airflow/example_dags/example_python_decorator.py
[2026-07-01T12:11:32.782+0000] {processor.py:840} INFO - DAG(s) 'example_python_decorator' retrieved from /home/airflow/.local/lib/python3.8/site-packages/airflow/example_dags/example_python_decorator.py
[2026-07-01T12:11:32.832+0000] {logging_mixin.py:188} INFO - [2026-07-01T12:11:32.832+0000] {dag.py:3036} INFO - Sync 1 DAGs
[2026-07-01T12:11:32.860+0000] {logging_mixin.py:188} INFO - [2026-07-01T12:11:32.859+0000] {dag.py:3823} INFO - Setting next_dagrun for example_python_decorator to None, run_after=None
[2026-07-01T12:11:32.908+0000] {processor.py:183} INFO - Processing /home/airflow/.local/lib/python3.8/site-packages/airflow/example_dags/example_python_decorator.py took 0.172 seconds
[2026-07-01T12:12:03.236+0000] {processor.py:161} INFO - Started process (PID=419) to work on /home/airflow/.local/lib/python3.8/site-packages/airflow/example_dags/example_python_decorator.py
[2026-07-01T12:12:03.239+0000] {processor.py:830} INFO - Processing file /home/airflow/.local/lib/python3.8/site-packages/airflow/example_dags/example_python_decorator.py for tasks to queue
[2026-07-01T12:12:03.244+0000] {logging_mixin.py:188} INFO - [2026-07-01T12:12:03.243+0000] {dagbag.py:538} INFO - Filling up the DagBag from /home/airflow/.local/lib/python3.8/site-packages/airflow/example_dags/example_python_decorator.py
[2026-07-01T12:12:03.274+0000] {processor.py:840} INFO - DAG(s) 'example_python_decorator' retrieved from /home/airflow/.local/lib/python3.8/site-packages/airflow/example_dags/example_python_decorator.py
[2026-07-01T12:12:03.333+0000] {logging_mixin.py:188} INFO - [2026-07-01T12:12:03.332+0000] {dag.py:3036} INFO - Sync 1 DAGs
[2026-07-01T12:12:03.366+0000] {logging_mixin.py:188} INFO - [2026-07-01T12:12:03.365+0000] {dag.py:3823} INFO - Setting next_dagrun for example_python_decorator to None, run_after=None
[2026-07-01T12:12:03.418+0000] {processor.py:183} INFO - Processing /home/airflow/.local/lib/python3.8/site-packages/airflow/example_dags/example_python_decorator.py took 0.190 seconds
[2026-07-01T12:12:33.715+0000] {processor.py:161} INFO - Started process (PID=475) to work on /home/airflow/.local/lib/python3.8/site-packages/airflow/example_dags/example_python_decorator.py
[2026-07-01T12:12:33.719+0000] {processor.py:830} INFO - Processing file /home/airflow/.local/lib/python3.8/site-packages/airflow/example_dags/example_python_decorator.py for tasks to queue
[2026-07-01T12:12:33.727+0000] {logging_mixin.py:188} INFO - [2026-07-01T12:12:33.726+0000] {dagbag.py:538} INFO - Filling up the DagBag from /home/airflow/.local/lib/python3.8/site-packages/airflow/example_dags/example_python_decorator.py
[2026-07-01T12:12:33.764+0000] {processor.py:840} INFO - DAG(s) 'example_python_decorator' retrieved from /home/airflow/.local/lib/python3.8/site-packages/airflow/example_dags/example_python_decorator.py
[2026-07-01T12:12:33.826+0000] {logging_mixin.py:188} INFO - [2026-07-01T12:12:33.825+0000] {dag.py:3036} INFO - Sync 1 DAGs
[2026-07-01T12:12:33.860+0000] {logging_mixin.py:188} INFO - [2026-07-01T12:12:33.859+0000] {dag.py:3823} INFO - Setting next_dagrun for example_python_decorator to None, run_after=None
[2026-07-01T12:12:33.909+0000] {processor.py:183} INFO - Processing /home/airflow/.local/lib/python3.8/site-packages/airflow/example_dags/example_python_decorator.py took 0.207 seconds
[2026-07-01T12:13:04.609+0000] {processor.py:161} INFO - Started process (PID=531) to work on /home/airflow/.local/lib/python3.8/site-packages/airflow/example_dags/example_python_decorator.py
[2026-07-01T12:13:04.616+0000] {processor.py:830} INFO - Processing file /home/airflow/.local/lib/python3.8/site-packages/airflow/example_dags/example_python_decorator.py for tasks to queue
[2026-07-01T12:13:04.648+0000] {logging_mixin.py:188} INFO - [2026-07-01T12:13:04.642+0000] {dagbag.py:538} INFO - Filling up the DagBag from /home/airflow/.local/lib/python3.8/site-packages/airflow/example_dags/example_python_decorator.py
[2026-07-01T12:13:04.724+0000] {processor.py:840} INFO - DAG(s) 'example_python_decorator' retrieved from /home/airflow/.local/lib/python3.8/site-packages/airflow/example_dags/example_python_decorator.py
[2026-07-01T12:13:04.833+0000] {logging_mixin.py:188} INFO - [2026-07-01T12:13:04.833+0000] {dag.py:3036} INFO - Sync 1 DAGs
[2026-07-01T12:13:04.890+0000] {logging_mixin.py:188} INFO - [2026-07-01T12:13:04.890+0000] {dag.py:3823} INFO - Setting next_dagrun for example_python_decorator to None, run_after=None
[2026-07-01T12:13:04.955+0000] {processor.py:183} INFO - Processing /home/airflow/.local/lib/python3.8/site-packages/airflow/example_dags/example_python_decorator.py took 0.376 seconds
[2026-07-01T12:13:35.250+0000] {processor.py:161} INFO - Started process (PID=587) to work on /home/airflow/.local/lib/python3.8/site-packages/airflow/example_dags/example_python_decorator.py
[2026-07-01T12:13:35.257+0000] {processor.py:830} INFO - Processing file /home/airflow/.local/lib/python3.8/site-packages/airflow/example_dags/example_python_decorator.py for tasks to queue
[2026-07-01T12:13:35.265+0000] {logging_mixin.py:188} INFO - [2026-07-01T12:13:35.264+0000] {dagbag.py:538} INFO - Filling up the DagBag from /home/airflow/.local/lib/python3.8/site-packages/airflow/example_dags/example_python_decorator.py
[2026-07-01T12:13:35.311+0000] {processor.py:840} INFO - DAG(s) 'example_python_decorator' retrieved from /home/airflow/.local/lib/python3.8/site-packages/airflow/example_dags/example_python_decorator.py
[2026-07-01T12:13:35.382+0000] {logging_mixin.py:188} INFO - [2026-07-01T12:13:35.381+0000] {dag.py:3036} INFO - Sync 1 DAGs
[2026-07-01T12:13:35.425+0000] {logging_mixin.py:188} INFO - [2026-07-01T12:13:35.425+0000] {dag.py:3823} INFO - Setting next_dagrun for example_python_decorator to None, run_after=None
[2026-07-01T12:13:35.495+0000] {processor.py:183} INFO - Processing /home/airflow/.local/lib/python3.8/site-packages/airflow/example_dags/example_python_decorator.py took 0.258 seconds
[2026-07-01T12:14:05.850+0000] {processor.py:161} INFO - Started process (PID=643) to work on /home/airflow/.local/lib/python3.8/site-packages/airflow/example_dags/example_python_decorator.py
[2026-07-01T12:14:05.853+0000] {processor.py:830} INFO - Processing file /home/airflow/.local/lib/python3.8/site-packages/airflow/example_dags/example_python_decorator.py for tasks to queue
[2026-07-01T12:14:05.858+0000] {logging_mixin.py:188} INFO - [2026-07-01T12:14:05.857+0000] {dagbag.py:538} INFO - Filling up the DagBag from /home/airflow/.local/lib/python3.8/site-packages/airflow/example_dags/example_python_decorator.py
[2026-07-01T12:14:05.892+0000] {processor.py:840} INFO - DAG(s) 'example_python_decorator' retrieved from /home/airflow/.local/lib/python3.8/site-packages/airflow/example_dags/example_python_decorator.py
[2026-07-01T12:14:05.957+0000] {logging_mixin.py:188} INFO - [2026-07-01T12:14:05.956+0000] {dag.py:3036} INFO - Sync 1 DAGs
[2026-07-01T12:14:05.999+0000] {logging_mixin.py:188} INFO - [2026-07-01T12:14:05.998+0000] {dag.py:3823} INFO - Setting next_dagrun for example_python_decorator to None, run_after=None
[2026-07-01T12:14:06.056+0000] {processor.py:183} INFO - Processing /home/airflow/.local/lib/python3.8/site-packages/airflow/example_dags/example_python_decorator.py took 0.216 seconds
[2026-07-01T12:14:36.389+0000] {processor.py:161} INFO - Started process (PID=699) to work on /home/airflow/.local/lib/python3.8/site-packages/airflow/example_dags/example_python_decorator.py
[2026-07-01T12:14:36.397+0000] {processor.py:830} INFO - Processing file /home/airflow/.local/lib/python3.8/site-packages/airflow/example_dags/example_python_decorator.py for tasks to queue
[2026-07-01T12:14:36.421+0000] {logging_mixin.py:188} INFO - [2026-07-01T12:14:36.420+0000] {dagbag.py:538} INFO - Filling up the DagBag from /home/airflow/.local/lib/python3.8/site-packages/airflow/example_dags/example_python_decorator.py
[2026-07-01T12:14:36.482+0000] {processor.py:840} INFO - DAG(s) 'example_python_decorator' retrieved from /home/airflow/.local/lib/python3.8/site-packages/airflow/example_dags/example_python_decorator.py
[2026-07-01T12:14:36.559+0000] {logging_mixin.py:188} INFO - [2026-07-01T12:14:36.558+0000] {dag.py:3036} INFO - Sync 1 DAGs
[2026-07-01T12:14:36.598+0000] {logging_mixin.py:188} INFO - [2026-07-01T12:14:36.597+0000] {dag.py:3823} INFO - Setting next_dagrun for example_python_decorator to None, run_after=None
[2026-07-01T12:14:36.656+0000] {processor.py:183} INFO - Processing /home/airflow/.local/lib/python3.8/site-packages/airflow/example_dags/example_python_decorator.py took 0.284 seconds
[2026-07-01T12:15:06.955+0000] {processor.py:161} INFO - Started process (PID=756) to work on /home/airflow/.local/lib/python3.8/site-packages/airflow/example_dags/example_python_decorator.py
[2026-07-01T12:15:06.959+0000] {processor.py:830} INFO - Processing file /home/airflow/.local/lib/python3.8/site-packages/airflow/example_dags/example_python_decorator.py for tasks to queue
[2026-07-01T12:15:06.965+0000] {logging_mixin.py:188} INFO - [2026-07-01T12:15:06.964+0000] {dagbag.py:538} INFO - Filling up the DagBag from /home/airflow/.local/lib/python3.8/site-packages/airflow/example_dags/example_python_decorator.py
[2026-07-01T12:15:06.999+0000] {processor.py:840} INFO - DAG(s) 'example_python_decorator' retrieved from /home/airflow/.local/lib/python3.8/site-packages/airflow/example_dags/example_python_decorator.py
[2026-07-01T12:15:07.059+0000] {logging_mixin.py:188} INFO - [2026-07-01T12:15:07.058+0000] {dag.py:3036} INFO - Sync 1 DAGs
[2026-07-01T12:15:07.094+0000] {logging_mixin.py:188} INFO - [2026-07-01T12:15:07.093+0000] {dag.py:3823} INFO - Setting next_dagrun for example_python_decorator to None, run_after=None
[2026-07-01T12:15:07.140+0000] {processor.py:183} INFO - Processing /home/airflow/.local/lib/python3.8/site-packages/airflow/example_dags/example_python_decorator.py took 0.196 seconds
[2026-07-01T12:15:37.248+0000] {processor.py:161} INFO - Started process (PID=812) to work on /home/airflow/.local/lib/python3.8/site-packages/airflow/example_dags/example_python_decorator.py
[2026-07-01T12:15:37.251+0000] {processor.py:830} INFO - Processing file /home/airflow/.local/lib/python3.8/site-packages/airflow/example_dags/example_python_decorator.py for tasks to queue
[2026-07-01T12:15:37.256+0000] {logging_mixin.py:188} INFO - [2026-07-01T12:15:37.256+0000] {dagbag.py:538} INFO - Filling up the DagBag from /home/airflow/.local/lib/python3.8/site-packages/airflow/example_dags/example_python_decorator.py
[2026-07-01T12:15:37.289+0000] {processor.py:840} INFO - DAG(s) 'example_python_decorator' retrieved from /home/airflow/.local/lib/python3.8/site-packages/airflow/example_dags/example_python_decorator.py
[2026-07-01T12:15:37.342+0000] {logging_mixin.py:188} INFO - [2026-07-01T12:15:37.341+0000] {dag.py:3036} INFO - Sync 1 DAGs
[2026-07-01T12:15:37.375+0000] {logging_mixin.py:188} INFO - [2026-07-01T12:15:37.374+0000] {dag.py:3823} INFO - Setting next_dagrun for example_python_decorator to None, run_after=None
[2026-07-01T12:15:37.418+0000] {processor.py:183} INFO - Processing /home/airflow/.local/lib/python3.8/site-packages/airflow/example_dags/example_python_decorator.py took 0.178 seconds
[2026-07-01T12:16:08.342+0000] {processor.py:161} INFO - Started process (PID=868) to work on /home/airflow/.local/lib/python3.8/site-packages/airflow/example_dags/example_python_decorator.py
[2026-07-01T12:16:08.346+0000] {processor.py:830} INFO - Processing file /home/airflow/.local/lib/python3.8/site-packages/airflow/example_dags/example_python_decorator.py for tasks to queue
[2026-07-01T12:16:08.351+0000] {logging_mixin.py:188} INFO - [2026-07-01T12:16:08.351+0000] {dagbag.py:538} INFO - Filling up the DagBag from /home/airflow/.local/lib/python3.8/site-packages/airflow/example_dags/example_python_decorator.py
[2026-07-01T12:16:08.391+0000] {processor.py:840} INFO - DAG(s) 'example_python_decorator' retrieved from /home/airflow/.local/lib/python3.8/site-packages/airflow/example_dags/example_python_decorator.py
[2026-07-01T12:16:08.452+0000] {logging_mixin.py:188} INFO - [2026-07-01T12:16:08.451+0000] {dag.py:3036} INFO - Sync 1 DAGs
[2026-07-01T12:16:08.488+0000] {logging_mixin.py:188} INFO - [2026-07-01T12:16:08.487+0000] {dag.py:3823} INFO - Setting next_dagrun for example_python_decorator to None, run_after=None
[2026-07-01T12:16:08.532+0000] {processor.py:183} INFO - Processing /home/airflow/.local/lib/python3.8/site-packages/airflow/example_dags/example_python_decorator.py took 0.198 seconds
[2026-07-01T12:16:39.162+0000] {processor.py:161} INFO - Started process (PID=924) to work on /home/airflow/.local/lib/python3.8/site-packages/airflow/example_dags/example_python_decorator.py
[2026-07-01T12:16:39.165+0000] {processor.py:830} INFO - Processing file /home/airflow/.local/lib/python3.8/site-packages/airflow/example_dags/example_python_decorator.py for tasks to queue
[2026-07-01T12:16:39.173+0000] {logging_mixin.py:188} INFO - [2026-07-01T12:16:39.172+0000] {dagbag.py:538} INFO - Filling up the DagBag from /home/airflow/.local/lib/python3.8/site-packages/airflow/example_dags/example_python_decorator.py
[2026-07-01T12:16:39.214+0000] {processor.py:840} INFO - DAG(s) 'example_python_decorator' retrieved from /home/airflow/.local/lib/python3.8/site-packages/airflow/example_dags/example_python_decorator.py
[2026-07-01T12:16:39.274+0000] {logging_mixin.py:188} INFO - [2026-07-01T12:16:39.273+0000] {dag.py:3036} INFO - Sync 1 DAGs
[2026-07-01T12:16:39.306+0000] {logging_mixin.py:188} INFO - [2026-07-01T12:16:39.305+0000] {dag.py:3823} INFO - Setting next_dagrun for example_python_decorator to None, run_after=None
[2026-07-01T12:16:39.348+0000] {processor.py:183} INFO - Processing /home/airflow/.local/lib/python3.8/site-packages/airflow/example_dags/example_python_decorator.py took 0.198 seconds
[2026-07-01T12:17:09.596+0000] {processor.py:161} INFO - Started process (PID=980) to work on /home/airflow/.local/lib/python3.8/site-packages/airflow/example_dags/example_python_decorator.py
[2026-07-01T12:17:09.599+0000] {processor.py:830} INFO - Processing file /home/airflow/.local/lib/python3.8/site-packages/airflow/example_dags/example_python_decorator.py for tasks to queue
[2026-07-01T12:17:09.606+0000] {logging_mixin.py:188} INFO - [2026-07-01T12:17:09.605+0000] {dagbag.py:538} INFO - Filling up the DagBag from /home/airflow/.local/lib/python3.8/site-packages/airflow/example_dags/example_python_decorator.py
[2026-07-01T12:17:09.647+0000] {processor.py:840} INFO - DAG(s) 'example_python_decorator' retrieved from /home/airflow/.local/lib/python3.8/site-packages/airflow/example_dags/example_python_decorator.py
[2026-07-01T12:17:09.712+0000] {logging_mixin.py:188} INFO - [2026-07-01T12:17:09.711+0000] {dag.py:3036} INFO - Sync 1 DAGs
[2026-07-01T12:17:09.748+0000] {logging_mixin.py:188} INFO - [2026-07-01T12:17:09.747+0000] {dag.py:3823} INFO - Setting next_dagrun for example_python_decorator to None, run_after=None
[2026-07-01T12:17:09.797+0000] {processor.py:183} INFO - Processing /home/airflow/.local/lib/python3.8/site-packages/airflow/example_dags/example_python_decorator.py took 0.212 seconds
[2026-07-01T12:17:40.383+0000] {processor.py:161} INFO - Started process (PID=1037) to work on /home/airflow/.local/lib/python3.8/site-packages/airflow/example_dags/example_python_decorator.py
[2026-07-01T12:17:40.387+0000] {processor.py:830} INFO - Processing file /home/airflow/.local/lib/python3.8/site-packages/airflow/example_dags/example_python_decorator.py for tasks to queue
[2026-07-01T12:17:40.393+0000] {logging_mixin.py:188} INFO - [2026-07-01T12:17:40.392+0000] {dagbag.py:538} INFO - Filling up the DagBag from /home/airflow/.local/lib/python3.8/site-packages/airflow/example_dags/example_python_decorator.py
[2026-07-01T12:17:40.431+0000] {processor.py:840} INFO - DAG(s) 'example_python_decorator' retrieved from /home/airflow/.local/lib/python3.8/site-packages/airflow/example_dags/example_python_decorator.py
[2026-07-01T12:17:40.483+0000] {logging_mixin.py:188} INFO - [2026-07-01T12:17:40.483+0000] {dag.py:3036} INFO - Sync 1 DAGs
[2026-07-01T12:17:40.511+0000] {logging_mixin.py:188} INFO - [2026-07-01T12:17:40.511+0000] {dag.py:3823} INFO - Setting next_dagrun for example_python_decorator to None, run_after=None
[2026-07-01T12:17:40.551+0000] {processor.py:183} INFO - Processing /home/airflow/.local/lib/python3.8/site-packages/airflow/example_dags/example_python_decorator.py took 0.176 seconds
[2026-07-01T12:18:11.340+0000] {processor.py:161} INFO - Started process (PID=1092) to work on /home/airflow/.local/lib/python3.8/site-packages/airflow/example_dags/example_python_decorator.py
[2026-07-01T12:18:11.344+0000] {processor.py:830} INFO - Processing file /home/airflow/.local/lib/python3.8/site-packages/airflow/example_dags/example_python_decorator.py for tasks to queue
[2026-07-01T12:18:11.352+0000] {logging_mixin.py:188} INFO - [2026-07-01T12:18:11.351+0000] {dagbag.py:538} INFO - Filling up the DagBag from /home/airflow/.local/lib/python3.8/site-packages/airflow/example_dags/example_python_decorator.py
[2026-07-01T12:18:11.399+0000] {processor.py:840} INFO - DAG(s) 'example_python_decorator' retrieved from /home/airflow/.local/lib/python3.8/site-packages/airflow/example_dags/example_python_decorator.py
[2026-07-01T12:18:11.476+0000] {logging_mixin.py:188} INFO - [2026-07-01T12:18:11.474+0000] {dag.py:3036} INFO - Sync 1 DAGs
[2026-07-01T12:18:11.518+0000] {logging_mixin.py:188} INFO - [2026-07-01T12:18:11.517+0000] {dag.py:3823} INFO - Setting next_dagrun for example_python_decorator to None, run_after=None
[2026-07-01T12:18:11.593+0000] {processor.py:183} INFO - Processing /home/airflow/.local/lib/python3.8/site-packages/airflow/example_dags/example_python_decorator.py took 0.263 seconds
[2026-07-01T12:18:42.002+0000] {processor.py:161} INFO - Started process (PID=1149) to work on /home/airflow/.local/lib/python3.8/site-packages/airflow/example_dags/example_python_decorator.py
[2026-07-01T12:18:42.006+0000] {processor.py:830} INFO - Processing file /home/airflow/.local/lib/python3.8/site-packages/airflow/example_dags/example_python_decorator.py for tasks to queue
[2026-07-01T12:18:42.011+0000] {logging_mixin.py:188} INFO - [2026-07-01T12:18:42.011+0000] {dagbag.py:538} INFO - Filling up the DagBag from /home/airflow/.local/lib/python3.8/site-packages/airflow/example_dags/example_python_decorator.py
[2026-07-01T12:18:42.047+0000] {processor.py:840} INFO - DAG(s) 'example_python_decorator' retrieved from /home/airflow/.local/lib/python3.8/site-packages/airflow/example_dags/example_python_decorator.py
[2026-07-01T12:18:42.104+0000] {logging_mixin.py:188} INFO - [2026-07-01T12:18:42.104+0000] {dag.py:3036} INFO - Sync 1 DAGs
[2026-07-01T12:18:42.136+0000] {logging_mixin.py:188} INFO - [2026-07-01T12:18:42.136+0000] {dag.py:3823} INFO - Setting next_dagrun for example_python_decorator to None, run_after=None
[2026-07-01T12:18:42.194+0000] {processor.py:183} INFO - Processing /home/airflow/.local/lib/python3.8/site-packages/airflow/example_dags/example_python_decorator.py took 0.201 seconds
[2026-07-01T12:19:12.903+0000] {processor.py:161} INFO - Started process (PID=1205) to work on /home/airflow/.local/lib/python3.8/site-packages/airflow/example_dags/example_python_decorator.py
[2026-07-01T12:19:12.910+0000] {processor.py:830} INFO - Processing file /home/airflow/.local/lib/python3.8/site-packages/airflow/example_dags/example_python_decorator.py for tasks to queue
[2026-07-01T12:19:12.916+0000] {logging_mixin.py:188} INFO - [2026-07-01T12:19:12.916+0000] {dagbag.py:538} INFO - Filling up the DagBag from /home/airflow/.local/lib/python3.8/site-packages/airflow/example_dags/example_python_decorator.py
[2026-07-01T12:19:12.956+0000] {processor.py:840} INFO - DAG(s) 'example_python_decorator' retrieved from /home/airflow/.local/lib/python3.8/site-packages/airflow/example_dags/example_python_decorator.py
[2026-07-01T12:19:13.042+0000] {logging_mixin.py:188} INFO - [2026-07-01T12:19:13.041+0000] {dag.py:3036} INFO - Sync 1 DAGs
[2026-07-01T12:19:13.083+0000] {logging_mixin.py:188} INFO - [2026-07-01T12:19:13.082+0000] {dag.py:3823} INFO - Setting next_dagrun for example_python_decorator to None, run_after=None
[2026-07-01T12:19:13.140+0000] {processor.py:183} INFO - Processing /home/airflow/.local/lib/python3.8/site-packages/airflow/example_dags/example_python_decorator.py took 0.246 seconds
[2026-07-01T12:19:43.895+0000] {processor.py:161} INFO - Started process (PID=1259) to work on /home/airflow/.local/lib/python3.8/site-packages/airflow/example_dags/example_python_decorator.py
[2026-07-01T12:19:43.915+0000] {processor.py:830} INFO - Processing file /home/airflow/.local/lib/python3.8/site-packages/airflow/example_dags/example_python_decorator.py for tasks to queue
[2026-07-01T12:19:43.940+0000] {logging_mixin.py:188} INFO - [2026-07-01T12:19:43.938+0000] {dagbag.py:538} INFO - Filling up the DagBag from /home/airflow/.local/lib/python3.8/site-packages/airflow/example_dags/example_python_decorator.py
[2026-07-01T12:19:44.073+0000] {processor.py:840} INFO - DAG(s) 'example_python_decorator' retrieved from /home/airflow/.local/lib/python3.8/site-packages/airflow/example_dags/example_python_decorator.py
[2026-07-01T12:19:44.210+0000] {logging_mixin.py:188} INFO - [2026-07-01T12:19:44.210+0000] {dag.py:3036} INFO - Sync 1 DAGs
[2026-07-01T12:19:44.348+0000] {logging_mixin.py:188} INFO - [2026-07-01T12:19:44.348+0000] {dag.py:3823} INFO - Setting next_dagrun for example_python_decorator to None, run_after=None
[2026-07-01T12:19:44.470+0000] {processor.py:183} INFO - Processing /home/airflow/.local/lib/python3.8/site-packages/airflow/example_dags/example_python_decorator.py took 0.621 seconds
[2026-07-01T12:20:17.399+0000] {processor.py:161} INFO - Started process (PID=1313) to work on /home/airflow/.local/lib/python3.8/site-packages/airflow/example_dags/example_python_decorator.py
[2026-07-01T12:20:17.403+0000] {processor.py:830} INFO - Processing file /home/airflow/.local/lib/python3.8/site-packages/airflow/example_dags/example_python_decorator.py for tasks to queue
[2026-07-01T12:20:17.411+0000] {logging_mixin.py:188} INFO - [2026-07-01T12:20:17.410+0000] {dagbag.py:538} INFO - Filling up the DagBag from /home/airflow/.local/lib/python3.8/site-packages/airflow/example_dags/example_python_decorator.py
[2026-07-01T12:20:17.473+0000] {processor.py:840} INFO - DAG(s) 'example_python_decorator' retrieved from /home/airflow/.local/lib/python3.8/site-packages/airflow/example_dags/example_python_decorator.py
[2026-07-01T12:20:17.779+0000] {logging_mixin.py:188} INFO - [2026-07-01T12:20:17.779+0000] {dag.py:3036} INFO - Sync 1 DAGs
[2026-07-01T12:20:17.806+0000] {logging_mixin.py:188} INFO - [2026-07-01T12:20:17.806+0000] {dag.py:3823} INFO - Setting next_dagrun for example_python_decorator to None, run_after=None
[2026-07-01T12:20:17.864+0000] {processor.py:183} INFO - Processing /home/airflow/.local/lib/python3.8/site-packages/airflow/example_dags/example_python_decorator.py took 0.478 seconds
[2026-07-01T12:20:49.184+0000] {processor.py:161} INFO - Started process (PID=1369) to work on /home/airflow/.local/lib/python3.8/site-packages/airflow/example_dags/example_python_decorator.py
[2026-07-01T12:20:49.188+0000] {processor.py:830} INFO - Processing file /home/airflow/.local/lib/python3.8/site-packages/airflow/example_dags/example_python_decorator.py for tasks to queue
[2026-07-01T12:20:49.194+0000] {logging_mixin.py:188} INFO - [2026-07-01T12:20:49.193+0000] {dagbag.py:538} INFO - Filling up the DagBag from /home/airflow/.local/lib/python3.8/site-packages/airflow/example_dags/example_python_decorator.py
[2026-07-01T12:20:49.236+0000] {processor.py:840} INFO - DAG(s) 'example_python_decorator' retrieved from /home/airflow/.local/lib/python3.8/site-packages/airflow/example_dags/example_python_decorator.py
[2026-07-01T12:20:50.150+0000] {logging_mixin.py:188} INFO - [2026-07-01T12:20:50.149+0000] {dag.py:3036} INFO - Sync 1 DAGs
[2026-07-01T12:20:50.196+0000] {logging_mixin.py:188} INFO - [2026-07-01T12:20:50.195+0000] {dag.py:3823} INFO - Setting next_dagrun for example_python_decorator to None, run_after=None
[2026-07-01T12:20:50.389+0000] {processor.py:183} INFO - Processing /home/airflow/.local/lib/python3.8/site-packages/airflow/example_dags/example_python_decorator.py took 1.225 seconds
[2026-07-01T12:21:20.518+0000] {processor.py:161} INFO - Started process (PID=1425) to work on /home/airflow/.local/lib/python3.8/site-packages/airflow/example_dags/example_python_decorator.py
[2026-07-01T12:21:20.521+0000] {processor.py:830} INFO - Processing file /home/airflow/.local/lib/python3.8/site-packages/airflow/example_dags/example_python_decorator.py for tasks to queue
[2026-07-01T12:21:20.528+0000] {logging_mixin.py:188} INFO - [2026-07-01T12:21:20.527+0000] {dagbag.py:538} INFO - Filling up the DagBag from /home/airflow/.local/lib/python3.8/site-packages/airflow/example_dags/example_python_decorator.py
[2026-07-01T12:21:20.564+0000] {processor.py:840} INFO - DAG(s) 'example_python_decorator' retrieved from /home/airflow/.local/lib/python3.8/site-packages/airflow/example_dags/example_python_decorator.py
[2026-07-01T12:21:20.619+0000] {logging_mixin.py:188} INFO - [2026-07-01T12:21:20.618+0000] {dag.py:3036} INFO - Sync 1 DAGs
[2026-07-01T12:21:20.649+0000] {logging_mixin.py:188} INFO - [2026-07-01T12:21:20.649+0000] {dag.py:3823} INFO - Setting next_dagrun for example_python_decorator to None, run_after=None
[2026-07-01T12:21:20.697+0000] {processor.py:183} INFO - Processing /home/airflow/.local/lib/python3.8/site-packages/airflow/example_dags/example_python_decorator.py took 0.189 seconds
[2026-07-01T12:21:50.964+0000] {processor.py:161} INFO - Started process (PID=1481) to work on /home/airflow/.local/lib/python3.8/site-packages/airflow/example_dags/example_python_decorator.py
[2026-07-01T12:21:50.968+0000] {processor.py:830} INFO - Processing file /home/airflow/.local/lib/python3.8/site-packages/airflow/example_dags/example_python_decorator.py for tasks to queue
[2026-07-01T12:21:50.974+0000] {logging_mixin.py:188} INFO - [2026-07-01T12:21:50.973+0000] {dagbag.py:538} INFO - Filling up the DagBag from /home/airflow/.local/lib/python3.8/site-packages/airflow/example_dags/example_python_decorator.py
[2026-07-01T12:21:51.011+0000] {processor.py:840} INFO - DAG(s) 'example_python_decorator' retrieved from /home/airflow/.local/lib/python3.8/site-packages/airflow/example_dags/example_python_decorator.py
[2026-07-01T12:21:51.064+0000] {logging_mixin.py:188} INFO - [2026-07-01T12:21:51.063+0000] {dag.py:3036} INFO - Sync 1 DAGs
[2026-07-01T12:21:51.094+0000] {logging_mixin.py:188} INFO - [2026-07-01T12:21:51.093+0000] {dag.py:3823} INFO - Setting next_dagrun for example_python_decorator to None, run_after=None
[2026-07-01T12:21:51.136+0000] {processor.py:183} INFO - Processing /home/airflow/.local/lib/python3.8/site-packages/airflow/example_dags/example_python_decorator.py took 0.182 seconds
[2026-07-01T12:22:21.282+0000] {processor.py:161} INFO - Started process (PID=1537) to work on /home/airflow/.local/lib/python3.8/site-packages/airflow/example_dags/example_python_decorator.py
[2026-07-01T12:22:21.285+0000] {processor.py:830} INFO - Processing file /home/airflow/.local/lib/python3.8/site-packages/airflow/example_dags/example_python_decorator.py for tasks to queue
[2026-07-01T12:22:21.291+0000] {logging_mixin.py:188} INFO - [2026-07-01T12:22:21.290+0000] {dagbag.py:538} INFO - Filling up the DagBag from /home/airflow/.local/lib/python3.8/site-packages/airflow/example_dags/example_python_decorator.py
[2026-07-01T12:22:21.320+0000] {processor.py:840} INFO - DAG(s) 'example_python_decorator' retrieved from /home/airflow/.local/lib/python3.8/site-packages/airflow/example_dags/example_python_decorator.py
[2026-07-01T12:22:21.367+0000] {logging_mixin.py:188} INFO - [2026-07-01T12:22:21.367+0000] {dag.py:3036} INFO - Sync 1 DAGs
[2026-07-01T12:22:21.396+0000] {logging_mixin.py:188} INFO - [2026-07-01T12:22:21.396+0000] {dag.py:3823} INFO - Setting next_dagrun for example_python_decorator to None, run_after=None
[2026-07-01T12:22:21.434+0000] {processor.py:183} INFO - Processing /home/airflow/.local/lib/python3.8/site-packages/airflow/example_dags/example_python_decorator.py took 0.160 seconds
[2026-07-01T12:22:51.765+0000] {processor.py:161} INFO - Started process (PID=1593) to work on /home/airflow/.local/lib/python3.8/site-packages/airflow/example_dags/example_python_decorator.py
[2026-07-01T12:22:51.770+0000] {processor.py:830} INFO - Processing file /home/airflow/.local/lib/python3.8/site-packages/airflow/example_dags/example_python_decorator.py for tasks to queue
[2026-07-01T12:22:51.779+0000] {logging_mixin.py:188} INFO - [2026-07-01T12:22:51.778+0000] {dagbag.py:538} INFO - Filling up the DagBag from /home/airflow/.local/lib/python3.8/site-packages/airflow/example_dags/example_python_decorator.py
[2026-07-01T12:22:51.832+0000] {processor.py:840} INFO - DAG(s) 'example_python_decorator' retrieved from /home/airflow/.local/lib/python3.8/site-packages/airflow/example_dags/example_python_decorator.py
[2026-07-01T12:22:51.915+0000] {logging_mixin.py:188} INFO - [2026-07-01T12:22:51.914+0000] {dag.py:3036} INFO - Sync 1 DAGs
[2026-07-01T12:22:51.958+0000] {logging_mixin.py:188} INFO - [2026-07-01T12:22:51.957+0000] {dag.py:3823} INFO - Setting next_dagrun for example_python_decorator to None, run_after=None
[2026-07-01T12:22:52.018+0000] {processor.py:183} INFO - Processing /home/airflow/.local/lib/python3.8/site-packages/airflow/example_dags/example_python_decorator.py took 0.265 seconds
[2026-07-01T12:23:22.380+0000] {processor.py:161} INFO - Started process (PID=1649) to work on /home/airflow/.local/lib/python3.8/site-packages/airflow/example_dags/example_python_decorator.py
[2026-07-01T12:23:22.384+0000] {processor.py:830} INFO - Processing file /home/airflow/.local/lib/python3.8/site-packages/airflow/example_dags/example_python_decorator.py for tasks to queue
[2026-07-01T12:23:22.390+0000] {logging_mixin.py:188} INFO - [2026-07-01T12:23:22.389+0000] {dagbag.py:538} INFO - Filling up the DagBag from /home/airflow/.local/lib/python3.8/site-packages/airflow/example_dags/example_python_decorator.py
[2026-07-01T12:23:22.435+0000] {processor.py:840} INFO - DAG(s) 'example_python_decorator' retrieved from /home/airflow/.local/lib/python3.8/site-packages/airflow/example_dags/example_python_decorator.py
[2026-07-01T12:23:22.511+0000] {logging_mixin.py:188} INFO - [2026-07-01T12:23:22.510+0000] {dag.py:3036} INFO - Sync 1 DAGs
[2026-07-01T12:23:22.552+0000] {logging_mixin.py:188} INFO - [2026-07-01T12:23:22.551+0000] {dag.py:3823} INFO - Setting next_dagrun for example_python_decorator to None, run_after=None
[2026-07-01T12:23:22.612+0000] {processor.py:183} INFO - Processing /home/airflow/.local/lib/python3.8/site-packages/airflow/example_dags/example_python_decorator.py took 0.245 seconds
[2026-07-01T12:23:52.746+0000] {processor.py:161} INFO - Started process (PID=1705) to work on /home/airflow/.local/lib/python3.8/site-packages/airflow/example_dags/example_python_decorator.py
[2026-07-01T12:23:52.750+0000] {processor.py:830} INFO - Processing file /home/airflow/.local/lib/python3.8/site-packages/airflow/example_dags/example_python_decorator.py for tasks to queue
[2026-07-01T12:23:52.768+0000] {logging_mixin.py:188} INFO - [2026-07-01T12:23:52.767+0000] {dagbag.py:538} INFO - Filling up the DagBag from /home/airflow/.local/lib/python3.8/site-packages/airflow/example_dags/example_python_decorator.py
[2026-07-01T12:23:52.823+0000] {processor.py:840} INFO - DAG(s) 'example_python_decorator' retrieved from /home/airflow/.local/lib/python3.8/site-packages/airflow/example_dags/example_python_decorator.py
[2026-07-01T12:23:52.904+0000] {logging_mixin.py:188} INFO - [2026-07-01T12:23:52.903+0000] {dag.py:3036} INFO - Sync 1 DAGs
[2026-07-01T12:23:52.964+0000] {logging_mixin.py:188} INFO - [2026-07-01T12:23:52.964+0000] {dag.py:3823} INFO - Setting next_dagrun for example_python_decorator to None, run_after=None
[2026-07-01T12:23:53.052+0000] {processor.py:183} INFO - Processing /home/airflow/.local/lib/python3.8/site-packages/airflow/example_dags/example_python_decorator.py took 0.313 seconds
[2026-07-01T12:24:24.004+0000] {processor.py:161} INFO - Started process (PID=1761) to work on /home/airflow/.local/lib/python3.8/site-packages/airflow/example_dags/example_python_decorator.py
[2026-07-01T12:24:24.008+0000] {processor.py:830} INFO - Processing file /home/airflow/.local/lib/python3.8/site-packages/airflow/example_dags/example_python_decorator.py for tasks to queue
[2026-07-01T12:24:24.014+0000] {logging_mixin.py:188} INFO - [2026-07-01T12:24:24.013+0000] {dagbag.py:538} INFO - Filling up the DagBag from /home/airflow/.local/lib/python3.8/site-packages/airflow/example_dags/example_python_decorator.py
[2026-07-01T12:24:24.051+0000] {processor.py:840} INFO - DAG(s) 'example_python_decorator' retrieved from /home/airflow/.local/lib/python3.8/site-packages/airflow/example_dags/example_python_decorator.py
[2026-07-01T12:24:24.115+0000] {logging_mixin.py:188} INFO - [2026-07-01T12:24:24.115+0000] {dag.py:3036} INFO - Sync 1 DAGs
[2026-07-01T12:24:24.149+0000] {logging_mixin.py:188} INFO - [2026-07-01T12:24:24.148+0000] {dag.py:3823} INFO - Setting next_dagrun for example_python_decorator to None, run_after=None
[2026-07-01T12:24:24.206+0000] {processor.py:183} INFO - Processing /home/airflow/.local/lib/python3.8/site-packages/airflow/example_dags/example_python_decorator.py took 0.211 seconds
[2026-07-01T12:24:54.341+0000] {processor.py:161} INFO - Started process (PID=1817) to work on /home/airflow/.local/lib/python3.8/site-packages/airflow/example_dags/example_python_decorator.py
[2026-07-01T12:24:54.348+0000] {processor.py:830} INFO - Processing file /home/airflow/.local/lib/python3.8/site-packages/airflow/example_dags/example_python_decorator.py for tasks to queue
[2026-07-01T12:24:54.356+0000] {logging_mixin.py:188} INFO - [2026-07-01T12:24:54.355+0000] {dagbag.py:538} INFO - Filling up the DagBag from /home/airflow/.local/lib/python3.8/site-packages/airflow/example_dags/example_python_decorator.py
[2026-07-01T12:24:54.414+0000] {processor.py:840} INFO - DAG(s) 'example_python_decorator' retrieved from /home/airflow/.local/lib/python3.8/site-packages/airflow/example_dags/example_python_decorator.py
[2026-07-01T12:24:54.503+0000] {logging_mixin.py:188} INFO - [2026-07-01T12:24:54.502+0000] {dag.py:3036} INFO - Sync 1 DAGs
[2026-07-01T12:24:54.573+0000] {logging_mixin.py:188} INFO - [2026-07-01T12:24:54.573+0000] {dag.py:3823} INFO - Setting next_dagrun for example_python_decorator to None, run_after=None
[2026-07-01T12:24:54.646+0000] {processor.py:183} INFO - Processing /home/airflow/.local/lib/python3.8/site-packages/airflow/example_dags/example_python_decorator.py took 0.320 seconds
[2026-07-01T12:25:25.285+0000] {processor.py:161} INFO - Started process (PID=1873) to work on /home/airflow/.local/lib/python3.8/site-packages/airflow/example_dags/example_python_decorator.py
[2026-07-01T12:25:25.289+0000] {processor.py:830} INFO - Processing file /home/airflow/.local/lib/python3.8/site-packages/airflow/example_dags/example_python_decorator.py for tasks to queue
[2026-07-01T12:25:25.293+0000] {logging_mixin.py:188} INFO - [2026-07-01T12:25:25.293+0000] {dagbag.py:538} INFO - Filling up the DagBag from /home/airflow/.local/lib/python3.8/site-packages/airflow/example_dags/example_python_decorator.py
[2026-07-01T12:25:25.323+0000] {processor.py:840} INFO - DAG(s) 'example_python_decorator' retrieved from /home/airflow/.local/lib/python3.8/site-packages/airflow/example_dags/example_python_decorator.py
[2026-07-01T12:25:25.378+0000] {logging_mixin.py:188} INFO - [2026-07-01T12:25:25.378+0000] {dag.py:3036} INFO - Sync 1 DAGs
[2026-07-01T12:25:25.409+0000] {logging_mixin.py:188} INFO - [2026-07-01T12:25:25.409+0000] {dag.py:3823} INFO - Setting next_dagrun for example_python_decorator to None, run_after=None
[2026-07-01T12:25:25.459+0000] {processor.py:183} INFO - Processing /home/airflow/.local/lib/python3.8/site-packages/airflow/example_dags/example_python_decorator.py took 0.182 seconds
[2026-07-01T12:25:56.209+0000] {processor.py:161} INFO - Started process (PID=1929) to work on /home/airflow/.local/lib/python3.8/site-packages/airflow/example_dags/example_python_decorator.py
[2026-07-01T12:25:56.212+0000] {processor.py:830} INFO - Processing file /home/airflow/.local/lib/python3.8/site-packages/airflow/example_dags/example_python_decorator.py for tasks to queue
[2026-07-01T12:25:56.219+0000] {logging_mixin.py:188} INFO - [2026-07-01T12:25:56.218+0000] {dagbag.py:538} INFO - Filling up the DagBag from /home/airflow/.local/lib/python3.8/site-packages/airflow/example_dags/example_python_decorator.py
[2026-07-01T12:25:56.255+0000] {processor.py:840} INFO - DAG(s) 'example_python_decorator' retrieved from /home/airflow/.local/lib/python3.8/site-packages/airflow/example_dags/example_python_decorator.py
[2026-07-01T12:25:56.308+0000] {logging_mixin.py:188} INFO - [2026-07-01T12:25:56.307+0000] {dag.py:3036} INFO - Sync 1 DAGs
[2026-07-01T12:25:56.339+0000] {logging_mixin.py:188} INFO - [2026-07-01T12:25:56.338+0000] {dag.py:3823} INFO - Setting next_dagrun for example_python_decorator to None, run_after=None
[2026-07-01T12:25:56.386+0000] {processor.py:183} INFO - Processing /home/airflow/.local/lib/python3.8/site-packages/airflow/example_dags/example_python_decorator.py took 0.187 seconds
[2026-07-01T12:26:26.500+0000] {processor.py:161} INFO - Started process (PID=1985) to work on /home/airflow/.local/lib/python3.8/site-packages/airflow/example_dags/example_python_decorator.py
[2026-07-01T12:26:26.505+0000] {processor.py:830} INFO - Processing file /home/airflow/.local/lib/python3.8/site-packages/airflow/example_dags/example_python_decorator.py for tasks to queue
[2026-07-01T12:26:26.512+0000] {logging_mixin.py:188} INFO - [2026-07-01T12:26:26.511+0000] {dagbag.py:538} INFO - Filling up the DagBag from /home/airflow/.local/lib/python3.8/site-packages/airflow/example_dags/example_python_decorator.py
[2026-07-01T12:26:26.563+0000] {processor.py:840} INFO - DAG(s) 'example_python_decorator' retrieved from /home/airflow/.local/lib/python3.8/site-packages/airflow/example_dags/example_python_decorator.py
[2026-07-01T12:26:26.638+0000] {logging_mixin.py:188} INFO - [2026-07-01T12:26:26.637+0000] {dag.py:3036} INFO - Sync 1 DAGs
[2026-07-01T12:26:26.702+0000] {logging_mixin.py:188} INFO - [2026-07-01T12:26:26.702+0000] {dag.py:3823} INFO - Setting next_dagrun for example_python_decorator to None, run_after=None
[2026-07-01T12:26:26.773+0000] {processor.py:183} INFO - Processing /home/airflow/.local/lib/python3.8/site-packages/airflow/example_dags/example_python_decorator.py took 0.286 seconds
[2026-07-01T12:26:57.169+0000] {processor.py:161} INFO - Started process (PID=2041) to work on /home/airflow/.local/lib/python3.8/site-packages/airflow/example_dags/example_python_decorator.py
[2026-07-01T12:26:57.176+0000] {processor.py:830} INFO - Processing file /home/airflow/.local/lib/python3.8/site-packages/airflow/example_dags/example_python_decorator.py for tasks to queue
[2026-07-01T12:26:57.182+0000] {logging_mixin.py:188} INFO - [2026-07-01T12:26:57.181+0000] {dagbag.py:538} INFO - Filling up the DagBag from /home/airflow/.local/lib/python3.8/site-packages/airflow/example_dags/example_python_decorator.py
[2026-07-01T12:26:57.226+0000] {processor.py:840} INFO - DAG(s) 'example_python_decorator' retrieved from /home/airflow/.local/lib/python3.8/site-packages/airflow/example_dags/example_python_decorator.py
[2026-07-01T12:26:57.298+0000] {logging_mixin.py:188} INFO - [2026-07-01T12:26:57.297+0000] {dag.py:3036} INFO - Sync 1 DAGs
[2026-07-01T12:26:57.330+0000] {logging_mixin.py:188} INFO - [2026-07-01T12:26:57.329+0000] {dag.py:3823} INFO - Setting next_dagrun for example_python_decorator to None, run_after=None
[2026-07-01T12:26:57.380+0000] {processor.py:183} INFO - Processing /home/airflow/.local/lib/python3.8/site-packages/airflow/example_dags/example_python_decorator.py took 0.227 seconds
[2026-07-01T12:27:27.971+0000] {processor.py:161} INFO - Started process (PID=2097) to work on /home/airflow/.local/lib/python3.8/site-packages/airflow/example_dags/example_python_decorator.py
[2026-07-01T12:27:27.977+0000] {processor.py:830} INFO - Processing file /home/airflow/.local/lib/python3.8/site-packages/airflow/example_dags/example_python_decorator.py for tasks to queue
[2026-07-01T12:27:27.983+0000] {logging_mixin.py:188} INFO - [2026-07-01T12:27:27.982+0000] {dagbag.py:538} INFO - Filling up the DagBag from /home/airflow/.local/lib/python3.8/site-packages/airflow/example_dags/example_python_decorator.py
[2026-07-01T12:27:28.025+0000] {processor.py:840} INFO - DAG(s) 'example_python_decorator' retrieved from /home/airflow/.local/lib/python3.8/site-packages/airflow/example_dags/example_python_decorator.py
[2026-07-01T12:27:28.093+0000] {logging_mixin.py:188} INFO - [2026-07-01T12:27:28.092+0000] {dag.py:3036} INFO - Sync 1 DAGs
[2026-07-01T12:27:28.130+0000] {logging_mixin.py:188} INFO - [2026-07-01T12:27:28.129+0000] {dag.py:3823} INFO - Setting next_dagrun for example_python_decorator to None, run_after=None
[2026-07-01T12:27:28.191+0000] {processor.py:183} INFO - Processing /home/airflow/.local/lib/python3.8/site-packages/airflow/example_dags/example_python_decorator.py took 0.229 seconds
[2026-07-01T12:27:58.694+0000] {processor.py:161} INFO - Started process (PID=2153) to work on /home/airflow/.local/lib/python3.8/site-packages/airflow/example_dags/example_python_decorator.py
[2026-07-01T12:27:58.698+0000] {processor.py:830} INFO - Processing file /home/airflow/.local/lib/python3.8/site-packages/airflow/example_dags/example_python_decorator.py for tasks to queue
[2026-07-01T12:27:58.704+0000] {logging_mixin.py:188} INFO - [2026-07-01T12:27:58.704+0000] {dagbag.py:538} INFO - Filling up the DagBag from /home/airflow/.local/lib/python3.8/site-packages/airflow/example_dags/example_python_decorator.py
[2026-07-01T12:27:58.743+0000] {processor.py:840} INFO - DAG(s) 'example_python_decorator' retrieved from /home/airflow/.local/lib/python3.8/site-packages/airflow/example_dags/example_python_decorator.py
[2026-07-01T12:27:58.803+0000] {logging_mixin.py:188} INFO - [2026-07-01T12:27:58.802+0000] {dag.py:3036} INFO - Sync 1 DAGs
[2026-07-01T12:27:58.837+0000] {logging_mixin.py:188} INFO - [2026-07-01T12:27:58.836+0000] {dag.py:3823} INFO - Setting next_dagrun for example_python_decorator to None, run_after=None
[2026-07-01T12:27:58.883+0000] {processor.py:183} INFO - Processing /home/airflow/.local/lib/python3.8/site-packages/airflow/example_dags/example_python_decorator.py took 0.200 seconds
[2026-07-01T12:28:29.020+0000] {processor.py:161} INFO - Started process (PID=2209) to work on /home/airflow/.local/lib/python3.8/site-packages/airflow/example_dags/example_python_decorator.py
[2026-07-01T12:28:29.023+0000] {processor.py:830} INFO - Processing file /home/airflow/.local/lib/python3.8/site-packages/airflow/example_dags/example_python_decorator.py for tasks to queue
[2026-07-01T12:28:29.028+0000] {logging_mixin.py:188} INFO - [2026-07-01T12:28:29.028+0000] {dagbag.py:538} INFO - Filling up the DagBag from /home/airflow/.local/lib/python3.8/site-packages/airflow/example_dags/example_python_decorator.py
[2026-07-01T12:28:29.056+0000] {processor.py:840} INFO - DAG(s) 'example_python_decorator' retrieved from /home/airflow/.local/lib/python3.8/site-packages/airflow/example_dags/example_python_decorator.py
[2026-07-01T12:28:29.100+0000] {logging_mixin.py:188} INFO - [2026-07-01T12:28:29.100+0000] {dag.py:3036} INFO - Sync 1 DAGs
[2026-07-01T12:28:29.127+0000] {logging_mixin.py:188} INFO - [2026-07-01T12:28:29.126+0000] {dag.py:3823} INFO - Setting next_dagrun for example_python_decorator to None, run_after=None
[2026-07-01T12:28:29.164+0000] {processor.py:183} INFO - Processing /home/airflow/.local/lib/python3.8/site-packages/airflow/example_dags/example_python_decorator.py took 0.152 seconds
[2026-07-01T12:28:59.494+0000] {processor.py:161} INFO - Started process (PID=2266) to work on /home/airflow/.local/lib/python3.8/site-packages/airflow/example_dags/example_python_decorator.py
[2026-07-01T12:28:59.497+0000] {processor.py:830} INFO - Processing file /home/airflow/.local/lib/python3.8/site-packages/airflow/example_dags/example_python_decorator.py for tasks to queue
[2026-07-01T12:28:59.503+0000] {logging_mixin.py:188} INFO - [2026-07-01T12:28:59.502+0000] {dagbag.py:538} INFO - Filling up the DagBag from /home/airflow/.local/lib/python3.8/site-packages/airflow/example_dags/example_python_decorator.py
[2026-07-01T12:28:59.539+0000] {processor.py:840} INFO - DAG(s) 'example_python_decorator' retrieved from /home/airflow/.local/lib/python3.8/site-packages/airflow/example_dags/example_python_decorator.py
[2026-07-01T12:28:59.590+0000] {logging_mixin.py:188} INFO - [2026-07-01T12:28:59.589+0000] {dag.py:3036} INFO - Sync 1 DAGs
[2026-07-01T12:28:59.621+0000] {logging_mixin.py:188} INFO - [2026-07-01T12:28:59.620+0000] {dag.py:3823} INFO - Setting next_dagrun for example_python_decorator to None, run_after=None
[2026-07-01T12:28:59.665+0000] {processor.py:183} INFO - Processing /home/airflow/.local/lib/python3.8/site-packages/airflow/example_dags/example_python_decorator.py took 0.181 seconds
[2026-07-01T12:29:29.793+0000] {processor.py:161} INFO - Started process (PID=2323) to work on /home/airflow/.local/lib/python3.8/site-packages/airflow/example_dags/example_python_decorator.py
[2026-07-01T12:29:29.796+0000] {processor.py:830} INFO - Processing file /home/airflow/.local/lib/python3.8/site-packages/airflow/example_dags/example_python_decorator.py for tasks to queue
[2026-07-01T12:29:29.803+0000] {logging_mixin.py:188} INFO - [2026-07-01T12:29:29.802+0000] {dagbag.py:538} INFO - Filling up the DagBag from /home/airflow/.local/lib/python3.8/site-packages/airflow/example_dags/example_python_decorator.py
[2026-07-01T12:29:29.847+0000] {processor.py:840} INFO - DAG(s) 'example_python_decorator' retrieved from /home/airflow/.local/lib/python3.8/site-packages/airflow/example_dags/example_python_decorator.py
[2026-07-01T12:29:29.910+0000] {logging_mixin.py:188} INFO - [2026-07-01T12:29:29.909+0000] {dag.py:3036} INFO - Sync 1 DAGs
[2026-07-01T12:29:29.943+0000] {logging_mixin.py:188} INFO - [2026-07-01T12:29:29.942+0000] {dag.py:3823} INFO - Setting next_dagrun for example_python_decorator to None, run_after=None
[2026-07-01T12:29:30.007+0000] {processor.py:183} INFO - Processing /home/airflow/.local/lib/python3.8/site-packages/airflow/example_dags/example_python_decorator.py took 0.226 seconds
