[2026-07-01T11:58:34.056+0000] {processor.py:161} INFO - Started process (PID=110) to work on /home/airflow/.local/lib/python3.8/site-packages/airflow/example_dags/example_params_ui_tutorial.py
[2026-07-01T11:58:34.060+0000] {processor.py:830} INFO - Processing file /home/airflow/.local/lib/python3.8/site-packages/airflow/example_dags/example_params_ui_tutorial.py for tasks to queue
[2026-07-01T11:58:34.067+0000] {logging_mixin.py:188} INFO - [2026-07-01T11:58:34.066+0000] {dagbag.py:538} INFO - Filling up the DagBag from /home/airflow/.local/lib/python3.8/site-packages/airflow/example_dags/example_params_ui_tutorial.py
[2026-07-01T11:58:34.203+0000] {processor.py:840} INFO - DAG(s) 'example_params_ui_tutorial' retrieved from /home/airflow/.local/lib/python3.8/site-packages/airflow/example_dags/example_params_ui_tutorial.py
[2026-07-01T11:58:34.823+0000] {logging_mixin.py:188} INFO - [2026-07-01T11:58:34.822+0000] {dag.py:3036} INFO - Sync 1 DAGs
[2026-07-01T11:58:34.880+0000] {logging_mixin.py:188} INFO - [2026-07-01T11:58:34.879+0000] {dag.py:3823} INFO - Setting next_dagrun for example_params_ui_tutorial to None, run_after=None
[2026-07-01T11:58:34.979+0000] {processor.py:183} INFO - Processing /home/airflow/.local/lib/python3.8/site-packages/airflow/example_dags/example_params_ui_tutorial.py took 0.941 seconds
[2026-07-01T11:59:05.156+0000] {processor.py:161} INFO - Started process (PID=165) to work on /home/airflow/.local/lib/python3.8/site-packages/airflow/example_dags/example_params_ui_tutorial.py
[2026-07-01T11:59:05.159+0000] {processor.py:830} INFO - Processing file /home/airflow/.local/lib/python3.8/site-packages/airflow/example_dags/example_params_ui_tutorial.py for tasks to queue
[2026-07-01T11:59:05.167+0000] {logging_mixin.py:188} INFO - [2026-07-01T11:59:05.166+0000] {dagbag.py:538} INFO - Filling up the DagBag from /home/airflow/.local/lib/python3.8/site-packages/airflow/example_dags/example_params_ui_tutorial.py
[2026-07-01T11:59:05.197+0000] {processor.py:840} INFO - DAG(s) 'example_params_ui_tutorial' retrieved from /home/airflow/.local/lib/python3.8/site-packages/airflow/example_dags/example_params_ui_tutorial.py
[2026-07-01T11:59:05.336+0000] {logging_mixin.py:188} INFO - [2026-07-01T11:59:05.336+0000] {dag.py:3036} INFO - Sync 1 DAGs
[2026-07-01T11:59:05.373+0000] {logging_mixin.py:188} INFO - [2026-07-01T11:59:05.372+0000] {dag.py:3823} INFO - Setting next_dagrun for example_params_ui_tutorial to None, run_after=None
[2026-07-01T11:59:05.428+0000] {processor.py:183} INFO - Processing /home/airflow/.local/lib/python3.8/site-packages/airflow/example_dags/example_params_ui_tutorial.py took 0.281 seconds
[2026-07-01T11:59:35.824+0000] {processor.py:161} INFO - Started process (PID=220) to work on /home/airflow/.local/lib/python3.8/site-packages/airflow/example_dags/example_params_ui_tutorial.py
[2026-07-01T11:59:35.826+0000] {processor.py:830} INFO - Processing file /home/airflow/.local/lib/python3.8/site-packages/airflow/example_dags/example_params_ui_tutorial.py for tasks to queue
[2026-07-01T11:59:35.831+0000] {logging_mixin.py:188} INFO - [2026-07-01T11:59:35.831+0000] {dagbag.py:538} INFO - Filling up the DagBag from /home/airflow/.local/lib/python3.8/site-packages/airflow/example_dags/example_params_ui_tutorial.py
[2026-07-01T11:59:35.860+0000] {processor.py:840} INFO - DAG(s) 'example_params_ui_tutorial' retrieved from /home/airflow/.local/lib/python3.8/site-packages/airflow/example_dags/example_params_ui_tutorial.py
[2026-07-01T11:59:36.010+0000] {logging_mixin.py:188} INFO - [2026-07-01T11:59:36.010+0000] {dag.py:3036} INFO - Sync 1 DAGs
[2026-07-01T11:59:36.041+0000] {logging_mixin.py:188} INFO - [2026-07-01T11:59:36.041+0000] {dag.py:3823} INFO - Setting next_dagrun for example_params_ui_tutorial to None, run_after=None
[2026-07-01T11:59:36.084+0000] {processor.py:183} INFO - Processing /home/airflow/.local/lib/python3.8/site-packages/airflow/example_dags/example_params_ui_tutorial.py took 0.268 seconds
[2026-07-01T12:00:06.360+0000] {processor.py:161} INFO - Started process (PID=275) to work on /home/airflow/.local/lib/python3.8/site-packages/airflow/example_dags/example_params_ui_tutorial.py
[2026-07-01T12:00:06.365+0000] {processor.py:830} INFO - Processing file /home/airflow/.local/lib/python3.8/site-packages/airflow/example_dags/example_params_ui_tutorial.py for tasks to queue
[2026-07-01T12:00:06.374+0000] {logging_mixin.py:188} INFO - [2026-07-01T12:00:06.372+0000] {dagbag.py:538} INFO - Filling up the DagBag from /home/airflow/.local/lib/python3.8/site-packages/airflow/example_dags/example_params_ui_tutorial.py
[2026-07-01T12:00:06.414+0000] {processor.py:840} INFO - DAG(s) 'example_params_ui_tutorial' retrieved from /home/airflow/.local/lib/python3.8/site-packages/airflow/example_dags/example_params_ui_tutorial.py
[2026-07-01T12:00:06.453+0000] {logging_mixin.py:188} INFO - [2026-07-01T12:00:06.453+0000] {dag.py:3036} INFO - Sync 1 DAGs
[2026-07-01T12:00:06.508+0000] {logging_mixin.py:188} INFO - [2026-07-01T12:00:06.507+0000] {dag.py:3823} INFO - Setting next_dagrun for example_params_ui_tutorial to None, run_after=None
[2026-07-01T12:00:06.571+0000] {processor.py:183} INFO - Processing /home/airflow/.local/lib/python3.8/site-packages/airflow/example_dags/example_params_ui_tutorial.py took 0.221 seconds
[2026-07-01T12:00:37.012+0000] {processor.py:161} INFO - Started process (PID=330) to work on /home/airflow/.local/lib/python3.8/site-packages/airflow/example_dags/example_params_ui_tutorial.py
[2026-07-01T12:00:37.015+0000] {processor.py:830} INFO - Processing file /home/airflow/.local/lib/python3.8/site-packages/airflow/example_dags/example_params_ui_tutorial.py for tasks to queue
[2026-07-01T12:00:37.021+0000] {logging_mixin.py:188} INFO - [2026-07-01T12:00:37.020+0000] {dagbag.py:538} INFO - Filling up the DagBag from /home/airflow/.local/lib/python3.8/site-packages/airflow/example_dags/example_params_ui_tutorial.py
[2026-07-01T12:00:37.061+0000] {processor.py:840} INFO - DAG(s) 'example_params_ui_tutorial' retrieved from /home/airflow/.local/lib/python3.8/site-packages/airflow/example_dags/example_params_ui_tutorial.py
[2026-07-01T12:00:37.377+0000] {logging_mixin.py:188} INFO - [2026-07-01T12:00:37.376+0000] {dag.py:3036} INFO - Sync 1 DAGs
[2026-07-01T12:00:37.404+0000] {logging_mixin.py:188} INFO - [2026-07-01T12:00:37.404+0000] {dag.py:3823} INFO - Setting next_dagrun for example_params_ui_tutorial to None, run_after=None
[2026-07-01T12:00:37.454+0000] {processor.py:183} INFO - Processing /home/airflow/.local/lib/python3.8/site-packages/airflow/example_dags/example_params_ui_tutorial.py took 0.453 seconds
[2026-07-01T12:01:07.555+0000] {processor.py:161} INFO - Started process (PID=385) to work on /home/airflow/.local/lib/python3.8/site-packages/airflow/example_dags/example_params_ui_tutorial.py
[2026-07-01T12:01:07.558+0000] {processor.py:830} INFO - Processing file /home/airflow/.local/lib/python3.8/site-packages/airflow/example_dags/example_params_ui_tutorial.py for tasks to queue
[2026-07-01T12:01:07.564+0000] {logging_mixin.py:188} INFO - [2026-07-01T12:01:07.563+0000] {dagbag.py:538} INFO - Filling up the DagBag from /home/airflow/.local/lib/python3.8/site-packages/airflow/example_dags/example_params_ui_tutorial.py
[2026-07-01T12:01:07.612+0000] {processor.py:840} INFO - DAG(s) 'example_params_ui_tutorial' retrieved from /home/airflow/.local/lib/python3.8/site-packages/airflow/example_dags/example_params_ui_tutorial.py
[2026-07-01T12:01:07.788+0000] {logging_mixin.py:188} INFO - [2026-07-01T12:01:07.787+0000] {dag.py:3036} INFO - Sync 1 DAGs
[2026-07-01T12:01:07.833+0000] {logging_mixin.py:188} INFO - [2026-07-01T12:01:07.832+0000] {dag.py:3823} INFO - Setting next_dagrun for example_params_ui_tutorial to None, run_after=None
[2026-07-01T12:01:07.889+0000] {processor.py:183} INFO - Processing /home/airflow/.local/lib/python3.8/site-packages/airflow/example_dags/example_params_ui_tutorial.py took 0.343 seconds
[2026-07-01T12:01:38.244+0000] {processor.py:161} INFO - Started process (PID=440) to work on /home/airflow/.local/lib/python3.8/site-packages/airflow/example_dags/example_params_ui_tutorial.py
[2026-07-01T12:01:38.251+0000] {processor.py:830} INFO - Processing file /home/airflow/.local/lib/python3.8/site-packages/airflow/example_dags/example_params_ui_tutorial.py for tasks to queue
[2026-07-01T12:01:38.265+0000] {logging_mixin.py:188} INFO - [2026-07-01T12:01:38.263+0000] {dagbag.py:538} INFO - Filling up the DagBag from /home/airflow/.local/lib/python3.8/site-packages/airflow/example_dags/example_params_ui_tutorial.py
[2026-07-01T12:01:38.351+0000] {processor.py:840} INFO - DAG(s) 'example_params_ui_tutorial' retrieved from /home/airflow/.local/lib/python3.8/site-packages/airflow/example_dags/example_params_ui_tutorial.py
[2026-07-01T12:01:38.548+0000] {logging_mixin.py:188} INFO - [2026-07-01T12:01:38.548+0000] {dag.py:3036} INFO - Sync 1 DAGs
[2026-07-01T12:01:38.593+0000] {logging_mixin.py:188} INFO - [2026-07-01T12:01:38.591+0000] {dag.py:3823} INFO - Setting next_dagrun for example_params_ui_tutorial to None, run_after=None
[2026-07-01T12:01:38.668+0000] {processor.py:183} INFO - Processing /home/airflow/.local/lib/python3.8/site-packages/airflow/example_dags/example_params_ui_tutorial.py took 0.441 seconds
[2026-07-01T12:02:08.764+0000] {processor.py:161} INFO - Started process (PID=496) to work on /home/airflow/.local/lib/python3.8/site-packages/airflow/example_dags/example_params_ui_tutorial.py
[2026-07-01T12:02:08.767+0000] {processor.py:830} INFO - Processing file /home/airflow/.local/lib/python3.8/site-packages/airflow/example_dags/example_params_ui_tutorial.py for tasks to queue
[2026-07-01T12:02:08.772+0000] {logging_mixin.py:188} INFO - [2026-07-01T12:02:08.772+0000] {dagbag.py:538} INFO - Filling up the DagBag from /home/airflow/.local/lib/python3.8/site-packages/airflow/example_dags/example_params_ui_tutorial.py
[2026-07-01T12:02:08.799+0000] {processor.py:840} INFO - DAG(s) 'example_params_ui_tutorial' retrieved from /home/airflow/.local/lib/python3.8/site-packages/airflow/example_dags/example_params_ui_tutorial.py
[2026-07-01T12:02:08.928+0000] {logging_mixin.py:188} INFO - [2026-07-01T12:02:08.927+0000] {dag.py:3036} INFO - Sync 1 DAGs
[2026-07-01T12:02:08.963+0000] {logging_mixin.py:188} INFO - [2026-07-01T12:02:08.962+0000] {dag.py:3823} INFO - Setting next_dagrun for example_params_ui_tutorial to None, run_after=None
[2026-07-01T12:02:09.015+0000] {processor.py:183} INFO - Processing /home/airflow/.local/lib/python3.8/site-packages/airflow/example_dags/example_params_ui_tutorial.py took 0.258 seconds
[2026-07-01T12:02:39.829+0000] {processor.py:161} INFO - Started process (PID=552) to work on /home/airflow/.local/lib/python3.8/site-packages/airflow/example_dags/example_params_ui_tutorial.py
[2026-07-01T12:02:39.833+0000] {processor.py:830} INFO - Processing file /home/airflow/.local/lib/python3.8/site-packages/airflow/example_dags/example_params_ui_tutorial.py for tasks to queue
[2026-07-01T12:02:39.839+0000] {logging_mixin.py:188} INFO - [2026-07-01T12:02:39.838+0000] {dagbag.py:538} INFO - Filling up the DagBag from /home/airflow/.local/lib/python3.8/site-packages/airflow/example_dags/example_params_ui_tutorial.py
[2026-07-01T12:02:39.872+0000] {processor.py:840} INFO - DAG(s) 'example_params_ui_tutorial' retrieved from /home/airflow/.local/lib/python3.8/site-packages/airflow/example_dags/example_params_ui_tutorial.py
[2026-07-01T12:02:39.999+0000] {logging_mixin.py:188} INFO - [2026-07-01T12:02:39.998+0000] {dag.py:3036} INFO - Sync 1 DAGs
[2026-07-01T12:02:40.031+0000] {logging_mixin.py:188} INFO - [2026-07-01T12:02:40.030+0000] {dag.py:3823} INFO - Setting next_dagrun for example_params_ui_tutorial to None, run_after=None
[2026-07-01T12:02:40.077+0000] {processor.py:183} INFO - Processing /home/airflow/.local/lib/python3.8/site-packages/airflow/example_dags/example_params_ui_tutorial.py took 0.258 seconds
[2026-07-01T12:03:10.279+0000] {processor.py:161} INFO - Started process (PID=607) to work on /home/airflow/.local/lib/python3.8/site-packages/airflow/example_dags/example_params_ui_tutorial.py
[2026-07-01T12:03:10.283+0000] {processor.py:830} INFO - Processing file /home/airflow/.local/lib/python3.8/site-packages/airflow/example_dags/example_params_ui_tutorial.py for tasks to queue
[2026-07-01T12:03:10.288+0000] {logging_mixin.py:188} INFO - [2026-07-01T12:03:10.287+0000] {dagbag.py:538} INFO - Filling up the DagBag from /home/airflow/.local/lib/python3.8/site-packages/airflow/example_dags/example_params_ui_tutorial.py
[2026-07-01T12:03:10.315+0000] {processor.py:840} INFO - DAG(s) 'example_params_ui_tutorial' retrieved from /home/airflow/.local/lib/python3.8/site-packages/airflow/example_dags/example_params_ui_tutorial.py
[2026-07-01T12:03:10.433+0000] {logging_mixin.py:188} INFO - [2026-07-01T12:03:10.432+0000] {dag.py:3036} INFO - Sync 1 DAGs
[2026-07-01T12:03:10.461+0000] {logging_mixin.py:188} INFO - [2026-07-01T12:03:10.461+0000] {dag.py:3823} INFO - Setting next_dagrun for example_params_ui_tutorial to None, run_after=None
[2026-07-01T12:03:10.503+0000] {processor.py:183} INFO - Processing /home/airflow/.local/lib/python3.8/site-packages/airflow/example_dags/example_params_ui_tutorial.py took 0.232 seconds
[2026-07-01T12:03:40.635+0000] {processor.py:161} INFO - Started process (PID=661) to work on /home/airflow/.local/lib/python3.8/site-packages/airflow/example_dags/example_params_ui_tutorial.py
[2026-07-01T12:03:40.638+0000] {processor.py:830} INFO - Processing file /home/airflow/.local/lib/python3.8/site-packages/airflow/example_dags/example_params_ui_tutorial.py for tasks to queue
[2026-07-01T12:03:40.643+0000] {logging_mixin.py:188} INFO - [2026-07-01T12:03:40.643+0000] {dagbag.py:538} INFO - Filling up the DagBag from /home/airflow/.local/lib/python3.8/site-packages/airflow/example_dags/example_params_ui_tutorial.py
[2026-07-01T12:03:40.670+0000] {processor.py:840} INFO - DAG(s) 'example_params_ui_tutorial' retrieved from /home/airflow/.local/lib/python3.8/site-packages/airflow/example_dags/example_params_ui_tutorial.py
[2026-07-01T12:03:40.780+0000] {logging_mixin.py:188} INFO - [2026-07-01T12:03:40.779+0000] {dag.py:3036} INFO - Sync 1 DAGs
[2026-07-01T12:03:40.805+0000] {logging_mixin.py:188} INFO - [2026-07-01T12:03:40.804+0000] {dag.py:3823} INFO - Setting next_dagrun for example_params_ui_tutorial to None, run_after=None
[2026-07-01T12:03:40.843+0000] {processor.py:183} INFO - Processing /home/airflow/.local/lib/python3.8/site-packages/airflow/example_dags/example_params_ui_tutorial.py took 0.216 seconds
[2026-07-01T12:04:11.122+0000] {processor.py:161} INFO - Started process (PID=716) to work on /home/airflow/.local/lib/python3.8/site-packages/airflow/example_dags/example_params_ui_tutorial.py
[2026-07-01T12:04:11.126+0000] {processor.py:830} INFO - Processing file /home/airflow/.local/lib/python3.8/site-packages/airflow/example_dags/example_params_ui_tutorial.py for tasks to queue
[2026-07-01T12:04:11.131+0000] {logging_mixin.py:188} INFO - [2026-07-01T12:04:11.130+0000] {dagbag.py:538} INFO - Filling up the DagBag from /home/airflow/.local/lib/python3.8/site-packages/airflow/example_dags/example_params_ui_tutorial.py
[2026-07-01T12:04:11.160+0000] {processor.py:840} INFO - DAG(s) 'example_params_ui_tutorial' retrieved from /home/airflow/.local/lib/python3.8/site-packages/airflow/example_dags/example_params_ui_tutorial.py
[2026-07-01T12:04:11.287+0000] {logging_mixin.py:188} INFO - [2026-07-01T12:04:11.287+0000] {dag.py:3036} INFO - Sync 1 DAGs
[2026-07-01T12:04:11.316+0000] {logging_mixin.py:188} INFO - [2026-07-01T12:04:11.315+0000] {dag.py:3823} INFO - Setting next_dagrun for example_params_ui_tutorial to None, run_after=None
[2026-07-01T12:04:11.361+0000] {processor.py:183} INFO - Processing /home/airflow/.local/lib/python3.8/site-packages/airflow/example_dags/example_params_ui_tutorial.py took 0.246 seconds
[2026-07-01T12:04:41.980+0000] {processor.py:161} INFO - Started process (PID=771) to work on /home/airflow/.local/lib/python3.8/site-packages/airflow/example_dags/example_params_ui_tutorial.py
[2026-07-01T12:04:41.985+0000] {processor.py:830} INFO - Processing file /home/airflow/.local/lib/python3.8/site-packages/airflow/example_dags/example_params_ui_tutorial.py for tasks to queue
[2026-07-01T12:04:41.991+0000] {logging_mixin.py:188} INFO - [2026-07-01T12:04:41.990+0000] {dagbag.py:538} INFO - Filling up the DagBag from /home/airflow/.local/lib/python3.8/site-packages/airflow/example_dags/example_params_ui_tutorial.py
[2026-07-01T12:04:42.026+0000] {processor.py:840} INFO - DAG(s) 'example_params_ui_tutorial' retrieved from /home/airflow/.local/lib/python3.8/site-packages/airflow/example_dags/example_params_ui_tutorial.py
[2026-07-01T12:04:42.182+0000] {logging_mixin.py:188} INFO - [2026-07-01T12:04:42.182+0000] {dag.py:3036} INFO - Sync 1 DAGs
[2026-07-01T12:04:42.221+0000] {logging_mixin.py:188} INFO - [2026-07-01T12:04:42.220+0000] {dag.py:3823} INFO - Setting next_dagrun for example_params_ui_tutorial to None, run_after=None
[2026-07-01T12:04:42.270+0000] {processor.py:183} INFO - Processing /home/airflow/.local/lib/python3.8/site-packages/airflow/example_dags/example_params_ui_tutorial.py took 0.299 seconds
[2026-07-01T12:05:12.730+0000] {processor.py:161} INFO - Started process (PID=826) to work on /home/airflow/.local/lib/python3.8/site-packages/airflow/example_dags/example_params_ui_tutorial.py
[2026-07-01T12:05:12.734+0000] {processor.py:830} INFO - Processing file /home/airflow/.local/lib/python3.8/site-packages/airflow/example_dags/example_params_ui_tutorial.py for tasks to queue
[2026-07-01T12:05:12.743+0000] {logging_mixin.py:188} INFO - [2026-07-01T12:05:12.742+0000] {dagbag.py:538} INFO - Filling up the DagBag from /home/airflow/.local/lib/python3.8/site-packages/airflow/example_dags/example_params_ui_tutorial.py
[2026-07-01T12:05:12.777+0000] {processor.py:840} INFO - DAG(s) 'example_params_ui_tutorial' retrieved from /home/airflow/.local/lib/python3.8/site-packages/airflow/example_dags/example_params_ui_tutorial.py
[2026-07-01T12:05:12.911+0000] {logging_mixin.py:188} INFO - [2026-07-01T12:05:12.910+0000] {dag.py:3036} INFO - Sync 1 DAGs
[2026-07-01T12:05:12.942+0000] {logging_mixin.py:188} INFO - [2026-07-01T12:05:12.942+0000] {dag.py:3823} INFO - Setting next_dagrun for example_params_ui_tutorial to None, run_after=None
[2026-07-01T12:05:12.989+0000] {processor.py:183} INFO - Processing /home/airflow/.local/lib/python3.8/site-packages/airflow/example_dags/example_params_ui_tutorial.py took 0.268 seconds
[2026-07-01T12:05:43.195+0000] {processor.py:161} INFO - Started process (PID=881) to work on /home/airflow/.local/lib/python3.8/site-packages/airflow/example_dags/example_params_ui_tutorial.py
[2026-07-01T12:05:43.198+0000] {processor.py:830} INFO - Processing file /home/airflow/.local/lib/python3.8/site-packages/airflow/example_dags/example_params_ui_tutorial.py for tasks to queue
[2026-07-01T12:05:43.203+0000] {logging_mixin.py:188} INFO - [2026-07-01T12:05:43.203+0000] {dagbag.py:538} INFO - Filling up the DagBag from /home/airflow/.local/lib/python3.8/site-packages/airflow/example_dags/example_params_ui_tutorial.py
[2026-07-01T12:05:43.231+0000] {processor.py:840} INFO - DAG(s) 'example_params_ui_tutorial' retrieved from /home/airflow/.local/lib/python3.8/site-packages/airflow/example_dags/example_params_ui_tutorial.py
[2026-07-01T12:05:43.357+0000] {logging_mixin.py:188} INFO - [2026-07-01T12:05:43.357+0000] {dag.py:3036} INFO - Sync 1 DAGs
[2026-07-01T12:05:43.387+0000] {logging_mixin.py:188} INFO - [2026-07-01T12:05:43.386+0000] {dag.py:3823} INFO - Setting next_dagrun for example_params_ui_tutorial to None, run_after=None
[2026-07-01T12:05:43.430+0000] {processor.py:183} INFO - Processing /home/airflow/.local/lib/python3.8/site-packages/airflow/example_dags/example_params_ui_tutorial.py took 0.242 seconds
[2026-07-01T12:06:13.943+0000] {processor.py:161} INFO - Started process (PID=936) to work on /home/airflow/.local/lib/python3.8/site-packages/airflow/example_dags/example_params_ui_tutorial.py
[2026-07-01T12:06:13.946+0000] {processor.py:830} INFO - Processing file /home/airflow/.local/lib/python3.8/site-packages/airflow/example_dags/example_params_ui_tutorial.py for tasks to queue
[2026-07-01T12:06:13.954+0000] {logging_mixin.py:188} INFO - [2026-07-01T12:06:13.952+0000] {dagbag.py:538} INFO - Filling up the DagBag from /home/airflow/.local/lib/python3.8/site-packages/airflow/example_dags/example_params_ui_tutorial.py
[2026-07-01T12:06:13.989+0000] {processor.py:840} INFO - DAG(s) 'example_params_ui_tutorial' retrieved from /home/airflow/.local/lib/python3.8/site-packages/airflow/example_dags/example_params_ui_tutorial.py
[2026-07-01T12:06:14.161+0000] {logging_mixin.py:188} INFO - [2026-07-01T12:06:14.160+0000] {dag.py:3036} INFO - Sync 1 DAGs
[2026-07-01T12:06:14.217+0000] {logging_mixin.py:188} INFO - [2026-07-01T12:06:14.214+0000] {dag.py:3823} INFO - Setting next_dagrun for example_params_ui_tutorial to None, run_after=None
[2026-07-01T12:06:14.326+0000] {processor.py:183} INFO - Processing /home/airflow/.local/lib/python3.8/site-packages/airflow/example_dags/example_params_ui_tutorial.py took 0.392 seconds
[2026-07-01T12:06:44.541+0000] {processor.py:161} INFO - Started process (PID=991) to work on /home/airflow/.local/lib/python3.8/site-packages/airflow/example_dags/example_params_ui_tutorial.py
[2026-07-01T12:06:44.547+0000] {processor.py:830} INFO - Processing file /home/airflow/.local/lib/python3.8/site-packages/airflow/example_dags/example_params_ui_tutorial.py for tasks to queue
[2026-07-01T12:06:44.558+0000] {logging_mixin.py:188} INFO - [2026-07-01T12:06:44.557+0000] {dagbag.py:538} INFO - Filling up the DagBag from /home/airflow/.local/lib/python3.8/site-packages/airflow/example_dags/example_params_ui_tutorial.py
[2026-07-01T12:06:44.619+0000] {processor.py:840} INFO - DAG(s) 'example_params_ui_tutorial' retrieved from /home/airflow/.local/lib/python3.8/site-packages/airflow/example_dags/example_params_ui_tutorial.py
[2026-07-01T12:06:44.820+0000] {logging_mixin.py:188} INFO - [2026-07-01T12:06:44.819+0000] {dag.py:3036} INFO - Sync 1 DAGs
[2026-07-01T12:06:44.858+0000] {logging_mixin.py:188} INFO - [2026-07-01T12:06:44.858+0000] {dag.py:3823} INFO - Setting next_dagrun for example_params_ui_tutorial to None, run_after=None
[2026-07-01T12:06:44.924+0000] {processor.py:183} INFO - Processing /home/airflow/.local/lib/python3.8/site-packages/airflow/example_dags/example_params_ui_tutorial.py took 0.402 seconds
[2026-07-01T12:07:15.226+0000] {processor.py:161} INFO - Started process (PID=1046) to work on /home/airflow/.local/lib/python3.8/site-packages/airflow/example_dags/example_params_ui_tutorial.py
[2026-07-01T12:07:15.231+0000] {processor.py:830} INFO - Processing file /home/airflow/.local/lib/python3.8/site-packages/airflow/example_dags/example_params_ui_tutorial.py for tasks to queue
[2026-07-01T12:07:15.239+0000] {logging_mixin.py:188} INFO - [2026-07-01T12:07:15.238+0000] {dagbag.py:538} INFO - Filling up the DagBag from /home/airflow/.local/lib/python3.8/site-packages/airflow/example_dags/example_params_ui_tutorial.py
[2026-07-01T12:07:15.281+0000] {processor.py:840} INFO - DAG(s) 'example_params_ui_tutorial' retrieved from /home/airflow/.local/lib/python3.8/site-packages/airflow/example_dags/example_params_ui_tutorial.py
[2026-07-01T12:07:15.446+0000] {logging_mixin.py:188} INFO - [2026-07-01T12:07:15.445+0000] {dag.py:3036} INFO - Sync 1 DAGs
[2026-07-01T12:07:15.486+0000] {logging_mixin.py:188} INFO - [2026-07-01T12:07:15.486+0000] {dag.py:3823} INFO - Setting next_dagrun for example_params_ui_tutorial to None, run_after=None
[2026-07-01T12:07:15.541+0000] {processor.py:183} INFO - Processing /home/airflow/.local/lib/python3.8/site-packages/airflow/example_dags/example_params_ui_tutorial.py took 0.326 seconds
[2026-07-01T12:07:45.654+0000] {processor.py:161} INFO - Started process (PID=1102) to work on /home/airflow/.local/lib/python3.8/site-packages/airflow/example_dags/example_params_ui_tutorial.py
[2026-07-01T12:07:45.658+0000] {processor.py:830} INFO - Processing file /home/airflow/.local/lib/python3.8/site-packages/airflow/example_dags/example_params_ui_tutorial.py for tasks to queue
[2026-07-01T12:07:45.664+0000] {logging_mixin.py:188} INFO - [2026-07-01T12:07:45.663+0000] {dagbag.py:538} INFO - Filling up the DagBag from /home/airflow/.local/lib/python3.8/site-packages/airflow/example_dags/example_params_ui_tutorial.py
[2026-07-01T12:07:45.701+0000] {processor.py:840} INFO - DAG(s) 'example_params_ui_tutorial' retrieved from /home/airflow/.local/lib/python3.8/site-packages/airflow/example_dags/example_params_ui_tutorial.py
[2026-07-01T12:07:45.864+0000] {logging_mixin.py:188} INFO - [2026-07-01T12:07:45.864+0000] {dag.py:3036} INFO - Sync 1 DAGs
[2026-07-01T12:07:45.900+0000] {logging_mixin.py:188} INFO - [2026-07-01T12:07:45.899+0000] {dag.py:3823} INFO - Setting next_dagrun for example_params_ui_tutorial to None, run_after=None
[2026-07-01T12:07:45.948+0000] {processor.py:183} INFO - Processing /home/airflow/.local/lib/python3.8/site-packages/airflow/example_dags/example_params_ui_tutorial.py took 0.304 seconds
[2026-07-01T12:08:16.497+0000] {processor.py:161} INFO - Started process (PID=1157) to work on /home/airflow/.local/lib/python3.8/site-packages/airflow/example_dags/example_params_ui_tutorial.py
[2026-07-01T12:08:16.501+0000] {processor.py:830} INFO - Processing file /home/airflow/.local/lib/python3.8/site-packages/airflow/example_dags/example_params_ui_tutorial.py for tasks to queue
[2026-07-01T12:08:16.506+0000] {logging_mixin.py:188} INFO - [2026-07-01T12:08:16.506+0000] {dagbag.py:538} INFO - Filling up the DagBag from /home/airflow/.local/lib/python3.8/site-packages/airflow/example_dags/example_params_ui_tutorial.py
[2026-07-01T12:08:16.539+0000] {processor.py:840} INFO - DAG(s) 'example_params_ui_tutorial' retrieved from /home/airflow/.local/lib/python3.8/site-packages/airflow/example_dags/example_params_ui_tutorial.py
[2026-07-01T12:08:16.699+0000] {logging_mixin.py:188} INFO - [2026-07-01T12:08:16.698+0000] {dag.py:3036} INFO - Sync 1 DAGs
[2026-07-01T12:08:16.732+0000] {logging_mixin.py:188} INFO - [2026-07-01T12:08:16.732+0000] {dag.py:3823} INFO - Setting next_dagrun for example_params_ui_tutorial to None, run_after=None
[2026-07-01T12:08:16.807+0000] {processor.py:183} INFO - Processing /home/airflow/.local/lib/python3.8/site-packages/airflow/example_dags/example_params_ui_tutorial.py took 0.320 seconds
[2026-07-01T12:09:02.938+0000] {processor.py:161} INFO - Started process (PID=97) to work on /home/airflow/.local/lib/python3.8/site-packages/airflow/example_dags/example_params_ui_tutorial.py
[2026-07-01T12:09:02.946+0000] {processor.py:830} INFO - Processing file /home/airflow/.local/lib/python3.8/site-packages/airflow/example_dags/example_params_ui_tutorial.py for tasks to queue
[2026-07-01T12:09:02.954+0000] {logging_mixin.py:188} INFO - [2026-07-01T12:09:02.953+0000] {dagbag.py:538} INFO - Filling up the DagBag from /home/airflow/.local/lib/python3.8/site-packages/airflow/example_dags/example_params_ui_tutorial.py
[2026-07-01T12:09:03.008+0000] {processor.py:840} INFO - DAG(s) 'example_params_ui_tutorial' retrieved from /home/airflow/.local/lib/python3.8/site-packages/airflow/example_dags/example_params_ui_tutorial.py
[2026-07-01T12:09:03.223+0000] {logging_mixin.py:188} INFO - [2026-07-01T12:09:03.223+0000] {dag.py:3036} INFO - Sync 1 DAGs
[2026-07-01T12:09:03.256+0000] {logging_mixin.py:188} INFO - [2026-07-01T12:09:03.255+0000] {dag.py:3823} INFO - Setting next_dagrun for example_params_ui_tutorial to None, run_after=None
[2026-07-01T12:09:03.302+0000] {processor.py:183} INFO - Processing /home/airflow/.local/lib/python3.8/site-packages/airflow/example_dags/example_params_ui_tutorial.py took 0.379 seconds
[2026-07-01T12:09:33.660+0000] {processor.py:161} INFO - Started process (PID=153) to work on /home/airflow/.local/lib/python3.8/site-packages/airflow/example_dags/example_params_ui_tutorial.py
[2026-07-01T12:09:33.663+0000] {processor.py:830} INFO - Processing file /home/airflow/.local/lib/python3.8/site-packages/airflow/example_dags/example_params_ui_tutorial.py for tasks to queue
[2026-07-01T12:09:33.669+0000] {logging_mixin.py:188} INFO - [2026-07-01T12:09:33.668+0000] {dagbag.py:538} INFO - Filling up the DagBag from /home/airflow/.local/lib/python3.8/site-packages/airflow/example_dags/example_params_ui_tutorial.py
[2026-07-01T12:09:33.697+0000] {processor.py:840} INFO - DAG(s) 'example_params_ui_tutorial' retrieved from /home/airflow/.local/lib/python3.8/site-packages/airflow/example_dags/example_params_ui_tutorial.py
[2026-07-01T12:09:33.825+0000] {logging_mixin.py:188} INFO - [2026-07-01T12:09:33.824+0000] {dag.py:3036} INFO - Sync 1 DAGs
[2026-07-01T12:09:33.854+0000] {logging_mixin.py:188} INFO - [2026-07-01T12:09:33.854+0000] {dag.py:3823} INFO - Setting next_dagrun for example_params_ui_tutorial to None, run_after=None
[2026-07-01T12:09:33.901+0000] {processor.py:183} INFO - Processing /home/airflow/.local/lib/python3.8/site-packages/airflow/example_dags/example_params_ui_tutorial.py took 0.253 seconds
[2026-07-01T12:10:03.994+0000] {processor.py:161} INFO - Started process (PID=210) to work on /home/airflow/.local/lib/python3.8/site-packages/airflow/example_dags/example_params_ui_tutorial.py
[2026-07-01T12:10:03.999+0000] {processor.py:830} INFO - Processing file /home/airflow/.local/lib/python3.8/site-packages/airflow/example_dags/example_params_ui_tutorial.py for tasks to queue
[2026-07-01T12:10:04.008+0000] {logging_mixin.py:188} INFO - [2026-07-01T12:10:04.005+0000] {dagbag.py:538} INFO - Filling up the DagBag from /home/airflow/.local/lib/python3.8/site-packages/airflow/example_dags/example_params_ui_tutorial.py
[2026-07-01T12:10:04.048+0000] {processor.py:840} INFO - DAG(s) 'example_params_ui_tutorial' retrieved from /home/airflow/.local/lib/python3.8/site-packages/airflow/example_dags/example_params_ui_tutorial.py
[2026-07-01T12:10:04.290+0000] {logging_mixin.py:188} INFO - [2026-07-01T12:10:04.284+0000] {dag.py:3036} INFO - Sync 1 DAGs
[2026-07-01T12:10:04.344+0000] {logging_mixin.py:188} INFO - [2026-07-01T12:10:04.343+0000] {dag.py:3823} INFO - Setting next_dagrun for example_params_ui_tutorial to None, run_after=None
[2026-07-01T12:10:04.415+0000] {processor.py:183} INFO - Processing /home/airflow/.local/lib/python3.8/site-packages/airflow/example_dags/example_params_ui_tutorial.py took 0.433 seconds
[2026-07-01T12:10:34.735+0000] {processor.py:161} INFO - Started process (PID=266) to work on /home/airflow/.local/lib/python3.8/site-packages/airflow/example_dags/example_params_ui_tutorial.py
[2026-07-01T12:10:34.744+0000] {processor.py:830} INFO - Processing file /home/airflow/.local/lib/python3.8/site-packages/airflow/example_dags/example_params_ui_tutorial.py for tasks to queue
[2026-07-01T12:10:34.753+0000] {logging_mixin.py:188} INFO - [2026-07-01T12:10:34.752+0000] {dagbag.py:538} INFO - Filling up the DagBag from /home/airflow/.local/lib/python3.8/site-packages/airflow/example_dags/example_params_ui_tutorial.py
[2026-07-01T12:10:34.810+0000] {processor.py:840} INFO - DAG(s) 'example_params_ui_tutorial' retrieved from /home/airflow/.local/lib/python3.8/site-packages/airflow/example_dags/example_params_ui_tutorial.py
[2026-07-01T12:10:35.042+0000] {logging_mixin.py:188} INFO - [2026-07-01T12:10:35.042+0000] {dag.py:3036} INFO - Sync 1 DAGs
[2026-07-01T12:10:35.085+0000] {logging_mixin.py:188} INFO - [2026-07-01T12:10:35.084+0000] {dag.py:3823} INFO - Setting next_dagrun for example_params_ui_tutorial to None, run_after=None
[2026-07-01T12:10:35.137+0000] {processor.py:183} INFO - Processing /home/airflow/.local/lib/python3.8/site-packages/airflow/example_dags/example_params_ui_tutorial.py took 0.417 seconds
[2026-07-01T12:11:05.863+0000] {processor.py:161} INFO - Started process (PID=327) to work on /home/airflow/.local/lib/python3.8/site-packages/airflow/example_dags/example_params_ui_tutorial.py
[2026-07-01T12:11:05.866+0000] {processor.py:830} INFO - Processing file /home/airflow/.local/lib/python3.8/site-packages/airflow/example_dags/example_params_ui_tutorial.py for tasks to queue
[2026-07-01T12:11:05.872+0000] {logging_mixin.py:188} INFO - [2026-07-01T12:11:05.871+0000] {dagbag.py:538} INFO - Filling up the DagBag from /home/airflow/.local/lib/python3.8/site-packages/airflow/example_dags/example_params_ui_tutorial.py
[2026-07-01T12:11:05.914+0000] {processor.py:840} INFO - DAG(s) 'example_params_ui_tutorial' retrieved from /home/airflow/.local/lib/python3.8/site-packages/airflow/example_dags/example_params_ui_tutorial.py
[2026-07-01T12:11:06.065+0000] {logging_mixin.py:188} INFO - [2026-07-01T12:11:06.064+0000] {dag.py:3036} INFO - Sync 1 DAGs
[2026-07-01T12:11:06.098+0000] {logging_mixin.py:188} INFO - [2026-07-01T12:11:06.098+0000] {dag.py:3823} INFO - Setting next_dagrun for example_params_ui_tutorial to None, run_after=None
[2026-07-01T12:11:06.154+0000] {processor.py:183} INFO - Processing /home/airflow/.local/lib/python3.8/site-packages/airflow/example_dags/example_params_ui_tutorial.py took 0.301 seconds
[2026-07-01T12:11:37.101+0000] {processor.py:161} INFO - Started process (PID=383) to work on /home/airflow/.local/lib/python3.8/site-packages/airflow/example_dags/example_params_ui_tutorial.py
[2026-07-01T12:11:37.105+0000] {processor.py:830} INFO - Processing file /home/airflow/.local/lib/python3.8/site-packages/airflow/example_dags/example_params_ui_tutorial.py for tasks to queue
[2026-07-01T12:11:37.112+0000] {logging_mixin.py:188} INFO - [2026-07-01T12:11:37.111+0000] {dagbag.py:538} INFO - Filling up the DagBag from /home/airflow/.local/lib/python3.8/site-packages/airflow/example_dags/example_params_ui_tutorial.py
[2026-07-01T12:11:37.146+0000] {processor.py:840} INFO - DAG(s) 'example_params_ui_tutorial' retrieved from /home/airflow/.local/lib/python3.8/site-packages/airflow/example_dags/example_params_ui_tutorial.py
[2026-07-01T12:11:37.314+0000] {logging_mixin.py:188} INFO - [2026-07-01T12:11:37.314+0000] {dag.py:3036} INFO - Sync 1 DAGs
[2026-07-01T12:11:37.350+0000] {logging_mixin.py:188} INFO - [2026-07-01T12:11:37.349+0000] {dag.py:3823} INFO - Setting next_dagrun for example_params_ui_tutorial to None, run_after=None
[2026-07-01T12:11:37.402+0000] {processor.py:183} INFO - Processing /home/airflow/.local/lib/python3.8/site-packages/airflow/example_dags/example_params_ui_tutorial.py took 0.310 seconds
[2026-07-01T12:12:07.580+0000] {processor.py:161} INFO - Started process (PID=439) to work on /home/airflow/.local/lib/python3.8/site-packages/airflow/example_dags/example_params_ui_tutorial.py
[2026-07-01T12:12:07.583+0000] {processor.py:830} INFO - Processing file /home/airflow/.local/lib/python3.8/site-packages/airflow/example_dags/example_params_ui_tutorial.py for tasks to queue
[2026-07-01T12:12:07.588+0000] {logging_mixin.py:188} INFO - [2026-07-01T12:12:07.588+0000] {dagbag.py:538} INFO - Filling up the DagBag from /home/airflow/.local/lib/python3.8/site-packages/airflow/example_dags/example_params_ui_tutorial.py
[2026-07-01T12:12:07.618+0000] {processor.py:840} INFO - DAG(s) 'example_params_ui_tutorial' retrieved from /home/airflow/.local/lib/python3.8/site-packages/airflow/example_dags/example_params_ui_tutorial.py
[2026-07-01T12:12:07.750+0000] {logging_mixin.py:188} INFO - [2026-07-01T12:12:07.750+0000] {dag.py:3036} INFO - Sync 1 DAGs
[2026-07-01T12:12:07.782+0000] {logging_mixin.py:188} INFO - [2026-07-01T12:12:07.781+0000] {dag.py:3823} INFO - Setting next_dagrun for example_params_ui_tutorial to None, run_after=None
[2026-07-01T12:12:07.823+0000] {processor.py:183} INFO - Processing /home/airflow/.local/lib/python3.8/site-packages/airflow/example_dags/example_params_ui_tutorial.py took 0.251 seconds
[2026-07-01T12:12:38.647+0000] {processor.py:161} INFO - Started process (PID=495) to work on /home/airflow/.local/lib/python3.8/site-packages/airflow/example_dags/example_params_ui_tutorial.py
[2026-07-01T12:12:38.651+0000] {processor.py:830} INFO - Processing file /home/airflow/.local/lib/python3.8/site-packages/airflow/example_dags/example_params_ui_tutorial.py for tasks to queue
[2026-07-01T12:12:38.656+0000] {logging_mixin.py:188} INFO - [2026-07-01T12:12:38.656+0000] {dagbag.py:538} INFO - Filling up the DagBag from /home/airflow/.local/lib/python3.8/site-packages/airflow/example_dags/example_params_ui_tutorial.py
[2026-07-01T12:12:38.685+0000] {processor.py:840} INFO - DAG(s) 'example_params_ui_tutorial' retrieved from /home/airflow/.local/lib/python3.8/site-packages/airflow/example_dags/example_params_ui_tutorial.py
[2026-07-01T12:12:38.818+0000] {logging_mixin.py:188} INFO - [2026-07-01T12:12:38.818+0000] {dag.py:3036} INFO - Sync 1 DAGs
[2026-07-01T12:12:38.848+0000] {logging_mixin.py:188} INFO - [2026-07-01T12:12:38.848+0000] {dag.py:3823} INFO - Setting next_dagrun for example_params_ui_tutorial to None, run_after=None
[2026-07-01T12:12:38.895+0000] {processor.py:183} INFO - Processing /home/airflow/.local/lib/python3.8/site-packages/airflow/example_dags/example_params_ui_tutorial.py took 0.257 seconds
[2026-07-01T12:13:10.014+0000] {processor.py:161} INFO - Started process (PID=551) to work on /home/airflow/.local/lib/python3.8/site-packages/airflow/example_dags/example_params_ui_tutorial.py
[2026-07-01T12:13:10.018+0000] {processor.py:830} INFO - Processing file /home/airflow/.local/lib/python3.8/site-packages/airflow/example_dags/example_params_ui_tutorial.py for tasks to queue
[2026-07-01T12:13:10.025+0000] {logging_mixin.py:188} INFO - [2026-07-01T12:13:10.024+0000] {dagbag.py:538} INFO - Filling up the DagBag from /home/airflow/.local/lib/python3.8/site-packages/airflow/example_dags/example_params_ui_tutorial.py
[2026-07-01T12:13:10.063+0000] {processor.py:840} INFO - DAG(s) 'example_params_ui_tutorial' retrieved from /home/airflow/.local/lib/python3.8/site-packages/airflow/example_dags/example_params_ui_tutorial.py
[2026-07-01T12:13:10.218+0000] {logging_mixin.py:188} INFO - [2026-07-01T12:13:10.217+0000] {dag.py:3036} INFO - Sync 1 DAGs
[2026-07-01T12:13:10.260+0000] {logging_mixin.py:188} INFO - [2026-07-01T12:13:10.260+0000] {dag.py:3823} INFO - Setting next_dagrun for example_params_ui_tutorial to None, run_after=None
[2026-07-01T12:13:10.321+0000] {processor.py:183} INFO - Processing /home/airflow/.local/lib/python3.8/site-packages/airflow/example_dags/example_params_ui_tutorial.py took 0.318 seconds
[2026-07-01T12:13:40.414+0000] {processor.py:161} INFO - Started process (PID=607) to work on /home/airflow/.local/lib/python3.8/site-packages/airflow/example_dags/example_params_ui_tutorial.py
[2026-07-01T12:13:40.418+0000] {processor.py:830} INFO - Processing file /home/airflow/.local/lib/python3.8/site-packages/airflow/example_dags/example_params_ui_tutorial.py for tasks to queue
[2026-07-01T12:13:40.425+0000] {logging_mixin.py:188} INFO - [2026-07-01T12:13:40.424+0000] {dagbag.py:538} INFO - Filling up the DagBag from /home/airflow/.local/lib/python3.8/site-packages/airflow/example_dags/example_params_ui_tutorial.py
[2026-07-01T12:13:40.493+0000] {processor.py:840} INFO - DAG(s) 'example_params_ui_tutorial' retrieved from /home/airflow/.local/lib/python3.8/site-packages/airflow/example_dags/example_params_ui_tutorial.py
[2026-07-01T12:13:40.713+0000] {logging_mixin.py:188} INFO - [2026-07-01T12:13:40.712+0000] {dag.py:3036} INFO - Sync 1 DAGs
[2026-07-01T12:13:40.751+0000] {logging_mixin.py:188} INFO - [2026-07-01T12:13:40.750+0000] {dag.py:3823} INFO - Setting next_dagrun for example_params_ui_tutorial to None, run_after=None
[2026-07-01T12:13:40.799+0000] {processor.py:183} INFO - Processing /home/airflow/.local/lib/python3.8/site-packages/airflow/example_dags/example_params_ui_tutorial.py took 0.398 seconds
[2026-07-01T12:14:11.082+0000] {processor.py:161} INFO - Started process (PID=663) to work on /home/airflow/.local/lib/python3.8/site-packages/airflow/example_dags/example_params_ui_tutorial.py
[2026-07-01T12:14:11.085+0000] {processor.py:830} INFO - Processing file /home/airflow/.local/lib/python3.8/site-packages/airflow/example_dags/example_params_ui_tutorial.py for tasks to queue
[2026-07-01T12:14:11.091+0000] {logging_mixin.py:188} INFO - [2026-07-01T12:14:11.090+0000] {dagbag.py:538} INFO - Filling up the DagBag from /home/airflow/.local/lib/python3.8/site-packages/airflow/example_dags/example_params_ui_tutorial.py
[2026-07-01T12:14:11.124+0000] {processor.py:840} INFO - DAG(s) 'example_params_ui_tutorial' retrieved from /home/airflow/.local/lib/python3.8/site-packages/airflow/example_dags/example_params_ui_tutorial.py
[2026-07-01T12:14:11.271+0000] {logging_mixin.py:188} INFO - [2026-07-01T12:14:11.270+0000] {dag.py:3036} INFO - Sync 1 DAGs
[2026-07-01T12:14:11.303+0000] {logging_mixin.py:188} INFO - [2026-07-01T12:14:11.302+0000] {dag.py:3823} INFO - Setting next_dagrun for example_params_ui_tutorial to None, run_after=None
[2026-07-01T12:14:11.349+0000] {processor.py:183} INFO - Processing /home/airflow/.local/lib/python3.8/site-packages/airflow/example_dags/example_params_ui_tutorial.py took 0.277 seconds
[2026-07-01T12:14:41.543+0000] {processor.py:161} INFO - Started process (PID=719) to work on /home/airflow/.local/lib/python3.8/site-packages/airflow/example_dags/example_params_ui_tutorial.py
[2026-07-01T12:14:41.547+0000] {processor.py:830} INFO - Processing file /home/airflow/.local/lib/python3.8/site-packages/airflow/example_dags/example_params_ui_tutorial.py for tasks to queue
[2026-07-01T12:14:41.554+0000] {logging_mixin.py:188} INFO - [2026-07-01T12:14:41.553+0000] {dagbag.py:538} INFO - Filling up the DagBag from /home/airflow/.local/lib/python3.8/site-packages/airflow/example_dags/example_params_ui_tutorial.py
[2026-07-01T12:14:41.590+0000] {processor.py:840} INFO - DAG(s) 'example_params_ui_tutorial' retrieved from /home/airflow/.local/lib/python3.8/site-packages/airflow/example_dags/example_params_ui_tutorial.py
[2026-07-01T12:14:41.723+0000] {logging_mixin.py:188} INFO - [2026-07-01T12:14:41.723+0000] {dag.py:3036} INFO - Sync 1 DAGs
[2026-07-01T12:14:41.755+0000] {logging_mixin.py:188} INFO - [2026-07-01T12:14:41.755+0000] {dag.py:3823} INFO - Setting next_dagrun for example_params_ui_tutorial to None, run_after=None
[2026-07-01T12:14:41.801+0000] {processor.py:183} INFO - Processing /home/airflow/.local/lib/python3.8/site-packages/airflow/example_dags/example_params_ui_tutorial.py took 0.270 seconds
[2026-07-01T12:15:12.272+0000] {processor.py:161} INFO - Started process (PID=776) to work on /home/airflow/.local/lib/python3.8/site-packages/airflow/example_dags/example_params_ui_tutorial.py
[2026-07-01T12:15:12.276+0000] {processor.py:830} INFO - Processing file /home/airflow/.local/lib/python3.8/site-packages/airflow/example_dags/example_params_ui_tutorial.py for tasks to queue
[2026-07-01T12:15:12.282+0000] {logging_mixin.py:188} INFO - [2026-07-01T12:15:12.281+0000] {dagbag.py:538} INFO - Filling up the DagBag from /home/airflow/.local/lib/python3.8/site-packages/airflow/example_dags/example_params_ui_tutorial.py
[2026-07-01T12:15:12.319+0000] {processor.py:840} INFO - DAG(s) 'example_params_ui_tutorial' retrieved from /home/airflow/.local/lib/python3.8/site-packages/airflow/example_dags/example_params_ui_tutorial.py
[2026-07-01T12:15:12.462+0000] {logging_mixin.py:188} INFO - [2026-07-01T12:15:12.461+0000] {dag.py:3036} INFO - Sync 1 DAGs
[2026-07-01T12:15:12.496+0000] {logging_mixin.py:188} INFO - [2026-07-01T12:15:12.495+0000] {dag.py:3823} INFO - Setting next_dagrun for example_params_ui_tutorial to None, run_after=None
[2026-07-01T12:15:12.545+0000] {processor.py:183} INFO - Processing /home/airflow/.local/lib/python3.8/site-packages/airflow/example_dags/example_params_ui_tutorial.py took 0.284 seconds
[2026-07-01T12:15:42.822+0000] {processor.py:161} INFO - Started process (PID=832) to work on /home/airflow/.local/lib/python3.8/site-packages/airflow/example_dags/example_params_ui_tutorial.py
[2026-07-01T12:15:42.825+0000] {processor.py:830} INFO - Processing file /home/airflow/.local/lib/python3.8/site-packages/airflow/example_dags/example_params_ui_tutorial.py for tasks to queue
[2026-07-01T12:15:42.832+0000] {logging_mixin.py:188} INFO - [2026-07-01T12:15:42.830+0000] {dagbag.py:538} INFO - Filling up the DagBag from /home/airflow/.local/lib/python3.8/site-packages/airflow/example_dags/example_params_ui_tutorial.py
[2026-07-01T12:15:42.862+0000] {processor.py:840} INFO - DAG(s) 'example_params_ui_tutorial' retrieved from /home/airflow/.local/lib/python3.8/site-packages/airflow/example_dags/example_params_ui_tutorial.py
[2026-07-01T12:15:43.005+0000] {logging_mixin.py:188} INFO - [2026-07-01T12:15:43.005+0000] {dag.py:3036} INFO - Sync 1 DAGs
[2026-07-01T12:15:43.037+0000] {logging_mixin.py:188} INFO - [2026-07-01T12:15:43.037+0000] {dag.py:3823} INFO - Setting next_dagrun for example_params_ui_tutorial to None, run_after=None
[2026-07-01T12:15:43.085+0000] {processor.py:183} INFO - Processing /home/airflow/.local/lib/python3.8/site-packages/airflow/example_dags/example_params_ui_tutorial.py took 0.272 seconds
[2026-07-01T12:16:13.956+0000] {processor.py:161} INFO - Started process (PID=888) to work on /home/airflow/.local/lib/python3.8/site-packages/airflow/example_dags/example_params_ui_tutorial.py
[2026-07-01T12:16:13.959+0000] {processor.py:830} INFO - Processing file /home/airflow/.local/lib/python3.8/site-packages/airflow/example_dags/example_params_ui_tutorial.py for tasks to queue
[2026-07-01T12:16:13.965+0000] {logging_mixin.py:188} INFO - [2026-07-01T12:16:13.964+0000] {dagbag.py:538} INFO - Filling up the DagBag from /home/airflow/.local/lib/python3.8/site-packages/airflow/example_dags/example_params_ui_tutorial.py
[2026-07-01T12:16:13.994+0000] {processor.py:840} INFO - DAG(s) 'example_params_ui_tutorial' retrieved from /home/airflow/.local/lib/python3.8/site-packages/airflow/example_dags/example_params_ui_tutorial.py
[2026-07-01T12:16:14.131+0000] {logging_mixin.py:188} INFO - [2026-07-01T12:16:14.130+0000] {dag.py:3036} INFO - Sync 1 DAGs
[2026-07-01T12:16:14.170+0000] {logging_mixin.py:188} INFO - [2026-07-01T12:16:14.170+0000] {dag.py:3823} INFO - Setting next_dagrun for example_params_ui_tutorial to None, run_after=None
[2026-07-01T12:16:14.229+0000] {processor.py:183} INFO - Processing /home/airflow/.local/lib/python3.8/site-packages/airflow/example_dags/example_params_ui_tutorial.py took 0.282 seconds
[2026-07-01T12:16:45.262+0000] {processor.py:161} INFO - Started process (PID=944) to work on /home/airflow/.local/lib/python3.8/site-packages/airflow/example_dags/example_params_ui_tutorial.py
[2026-07-01T12:16:45.265+0000] {processor.py:830} INFO - Processing file /home/airflow/.local/lib/python3.8/site-packages/airflow/example_dags/example_params_ui_tutorial.py for tasks to queue
[2026-07-01T12:16:45.271+0000] {logging_mixin.py:188} INFO - [2026-07-01T12:16:45.270+0000] {dagbag.py:538} INFO - Filling up the DagBag from /home/airflow/.local/lib/python3.8/site-packages/airflow/example_dags/example_params_ui_tutorial.py
[2026-07-01T12:16:45.310+0000] {processor.py:840} INFO - DAG(s) 'example_params_ui_tutorial' retrieved from /home/airflow/.local/lib/python3.8/site-packages/airflow/example_dags/example_params_ui_tutorial.py
[2026-07-01T12:16:45.461+0000] {logging_mixin.py:188} INFO - [2026-07-01T12:16:45.460+0000] {dag.py:3036} INFO - Sync 1 DAGs
[2026-07-01T12:16:45.495+0000] {logging_mixin.py:188} INFO - [2026-07-01T12:16:45.494+0000] {dag.py:3823} INFO - Setting next_dagrun for example_params_ui_tutorial to None, run_after=None
[2026-07-01T12:16:45.544+0000] {processor.py:183} INFO - Processing /home/airflow/.local/lib/python3.8/site-packages/airflow/example_dags/example_params_ui_tutorial.py took 0.291 seconds
[2026-07-01T12:17:15.773+0000] {processor.py:161} INFO - Started process (PID=1000) to work on /home/airflow/.local/lib/python3.8/site-packages/airflow/example_dags/example_params_ui_tutorial.py
[2026-07-01T12:17:15.776+0000] {processor.py:830} INFO - Processing file /home/airflow/.local/lib/python3.8/site-packages/airflow/example_dags/example_params_ui_tutorial.py for tasks to queue
[2026-07-01T12:17:15.782+0000] {logging_mixin.py:188} INFO - [2026-07-01T12:17:15.781+0000] {dagbag.py:538} INFO - Filling up the DagBag from /home/airflow/.local/lib/python3.8/site-packages/airflow/example_dags/example_params_ui_tutorial.py
[2026-07-01T12:17:15.808+0000] {processor.py:840} INFO - DAG(s) 'example_params_ui_tutorial' retrieved from /home/airflow/.local/lib/python3.8/site-packages/airflow/example_dags/example_params_ui_tutorial.py
[2026-07-01T12:17:15.939+0000] {logging_mixin.py:188} INFO - [2026-07-01T12:17:15.938+0000] {dag.py:3036} INFO - Sync 1 DAGs
[2026-07-01T12:17:15.967+0000] {logging_mixin.py:188} INFO - [2026-07-01T12:17:15.967+0000] {dag.py:3823} INFO - Setting next_dagrun for example_params_ui_tutorial to None, run_after=None
[2026-07-01T12:17:16.008+0000] {processor.py:183} INFO - Processing /home/airflow/.local/lib/python3.8/site-packages/airflow/example_dags/example_params_ui_tutorial.py took 0.242 seconds
[2026-07-01T12:17:46.708+0000] {processor.py:161} INFO - Started process (PID=1056) to work on /home/airflow/.local/lib/python3.8/site-packages/airflow/example_dags/example_params_ui_tutorial.py
[2026-07-01T12:17:46.712+0000] {processor.py:830} INFO - Processing file /home/airflow/.local/lib/python3.8/site-packages/airflow/example_dags/example_params_ui_tutorial.py for tasks to queue
[2026-07-01T12:17:46.719+0000] {logging_mixin.py:188} INFO - [2026-07-01T12:17:46.718+0000] {dagbag.py:538} INFO - Filling up the DagBag from /home/airflow/.local/lib/python3.8/site-packages/airflow/example_dags/example_params_ui_tutorial.py
[2026-07-01T12:17:46.752+0000] {processor.py:840} INFO - DAG(s) 'example_params_ui_tutorial' retrieved from /home/airflow/.local/lib/python3.8/site-packages/airflow/example_dags/example_params_ui_tutorial.py
[2026-07-01T12:17:46.904+0000] {logging_mixin.py:188} INFO - [2026-07-01T12:17:46.903+0000] {dag.py:3036} INFO - Sync 1 DAGs
[2026-07-01T12:17:46.936+0000] {logging_mixin.py:188} INFO - [2026-07-01T12:17:46.935+0000] {dag.py:3823} INFO - Setting next_dagrun for example_params_ui_tutorial to None, run_after=None
[2026-07-01T12:17:46.994+0000] {processor.py:183} INFO - Processing /home/airflow/.local/lib/python3.8/site-packages/airflow/example_dags/example_params_ui_tutorial.py took 0.298 seconds
[2026-07-01T12:18:17.335+0000] {processor.py:161} INFO - Started process (PID=1112) to work on /home/airflow/.local/lib/python3.8/site-packages/airflow/example_dags/example_params_ui_tutorial.py
[2026-07-01T12:18:17.353+0000] {processor.py:830} INFO - Processing file /home/airflow/.local/lib/python3.8/site-packages/airflow/example_dags/example_params_ui_tutorial.py for tasks to queue
[2026-07-01T12:18:17.361+0000] {logging_mixin.py:188} INFO - [2026-07-01T12:18:17.360+0000] {dagbag.py:538} INFO - Filling up the DagBag from /home/airflow/.local/lib/python3.8/site-packages/airflow/example_dags/example_params_ui_tutorial.py
[2026-07-01T12:18:17.405+0000] {processor.py:840} INFO - DAG(s) 'example_params_ui_tutorial' retrieved from /home/airflow/.local/lib/python3.8/site-packages/airflow/example_dags/example_params_ui_tutorial.py
[2026-07-01T12:18:17.550+0000] {logging_mixin.py:188} INFO - [2026-07-01T12:18:17.550+0000] {dag.py:3036} INFO - Sync 1 DAGs
[2026-07-01T12:18:17.579+0000] {logging_mixin.py:188} INFO - [2026-07-01T12:18:17.579+0000] {dag.py:3823} INFO - Setting next_dagrun for example_params_ui_tutorial to None, run_after=None
[2026-07-01T12:18:17.634+0000] {processor.py:183} INFO - Processing /home/airflow/.local/lib/python3.8/site-packages/airflow/example_dags/example_params_ui_tutorial.py took 0.307 seconds
[2026-07-01T12:18:48.336+0000] {processor.py:161} INFO - Started process (PID=1168) to work on /home/airflow/.local/lib/python3.8/site-packages/airflow/example_dags/example_params_ui_tutorial.py
[2026-07-01T12:18:48.339+0000] {processor.py:830} INFO - Processing file /home/airflow/.local/lib/python3.8/site-packages/airflow/example_dags/example_params_ui_tutorial.py for tasks to queue
[2026-07-01T12:18:48.346+0000] {logging_mixin.py:188} INFO - [2026-07-01T12:18:48.345+0000] {dagbag.py:538} INFO - Filling up the DagBag from /home/airflow/.local/lib/python3.8/site-packages/airflow/example_dags/example_params_ui_tutorial.py
[2026-07-01T12:18:48.384+0000] {processor.py:840} INFO - DAG(s) 'example_params_ui_tutorial' retrieved from /home/airflow/.local/lib/python3.8/site-packages/airflow/example_dags/example_params_ui_tutorial.py
[2026-07-01T12:18:48.551+0000] {logging_mixin.py:188} INFO - [2026-07-01T12:18:48.550+0000] {dag.py:3036} INFO - Sync 1 DAGs
[2026-07-01T12:18:48.587+0000] {logging_mixin.py:188} INFO - [2026-07-01T12:18:48.587+0000] {dag.py:3823} INFO - Setting next_dagrun for example_params_ui_tutorial to None, run_after=None
[2026-07-01T12:18:48.643+0000] {processor.py:183} INFO - Processing /home/airflow/.local/lib/python3.8/site-packages/airflow/example_dags/example_params_ui_tutorial.py took 0.317 seconds
[2026-07-01T12:19:18.839+0000] {processor.py:161} INFO - Started process (PID=1224) to work on /home/airflow/.local/lib/python3.8/site-packages/airflow/example_dags/example_params_ui_tutorial.py
[2026-07-01T12:19:18.842+0000] {processor.py:830} INFO - Processing file /home/airflow/.local/lib/python3.8/site-packages/airflow/example_dags/example_params_ui_tutorial.py for tasks to queue
[2026-07-01T12:19:18.849+0000] {logging_mixin.py:188} INFO - [2026-07-01T12:19:18.847+0000] {dagbag.py:538} INFO - Filling up the DagBag from /home/airflow/.local/lib/python3.8/site-packages/airflow/example_dags/example_params_ui_tutorial.py
[2026-07-01T12:19:18.883+0000] {processor.py:840} INFO - DAG(s) 'example_params_ui_tutorial' retrieved from /home/airflow/.local/lib/python3.8/site-packages/airflow/example_dags/example_params_ui_tutorial.py
[2026-07-01T12:19:19.033+0000] {logging_mixin.py:188} INFO - [2026-07-01T12:19:19.032+0000] {dag.py:3036} INFO - Sync 1 DAGs
[2026-07-01T12:19:19.061+0000] {logging_mixin.py:188} INFO - [2026-07-01T12:19:19.060+0000] {dag.py:3823} INFO - Setting next_dagrun for example_params_ui_tutorial to None, run_after=None
[2026-07-01T12:19:19.107+0000] {processor.py:183} INFO - Processing /home/airflow/.local/lib/python3.8/site-packages/airflow/example_dags/example_params_ui_tutorial.py took 0.276 seconds
[2026-07-01T12:19:53.737+0000] {processor.py:161} INFO - Started process (PID=1280) to work on /home/airflow/.local/lib/python3.8/site-packages/airflow/example_dags/example_params_ui_tutorial.py
[2026-07-01T12:19:53.752+0000] {processor.py:830} INFO - Processing file /home/airflow/.local/lib/python3.8/site-packages/airflow/example_dags/example_params_ui_tutorial.py for tasks to queue
[2026-07-01T12:19:53.766+0000] {logging_mixin.py:188} INFO - [2026-07-01T12:19:53.763+0000] {dagbag.py:538} INFO - Filling up the DagBag from /home/airflow/.local/lib/python3.8/site-packages/airflow/example_dags/example_params_ui_tutorial.py
[2026-07-01T12:19:53.840+0000] {processor.py:840} INFO - DAG(s) 'example_params_ui_tutorial' retrieved from /home/airflow/.local/lib/python3.8/site-packages/airflow/example_dags/example_params_ui_tutorial.py
[2026-07-01T12:19:53.959+0000] {logging_mixin.py:188} INFO - [2026-07-01T12:19:53.957+0000] {dag.py:3036} INFO - Sync 1 DAGs
[2026-07-01T12:19:54.057+0000] {logging_mixin.py:188} INFO - [2026-07-01T12:19:54.057+0000] {dag.py:3823} INFO - Setting next_dagrun for example_params_ui_tutorial to None, run_after=None
[2026-07-01T12:19:54.176+0000] {processor.py:183} INFO - Processing /home/airflow/.local/lib/python3.8/site-packages/airflow/example_dags/example_params_ui_tutorial.py took 0.462 seconds
[2026-07-01T12:20:25.260+0000] {processor.py:161} INFO - Started process (PID=1335) to work on /home/airflow/.local/lib/python3.8/site-packages/airflow/example_dags/example_params_ui_tutorial.py
[2026-07-01T12:20:25.264+0000] {processor.py:830} INFO - Processing file /home/airflow/.local/lib/python3.8/site-packages/airflow/example_dags/example_params_ui_tutorial.py for tasks to queue
[2026-07-01T12:20:25.273+0000] {logging_mixin.py:188} INFO - [2026-07-01T12:20:25.272+0000] {dagbag.py:538} INFO - Filling up the DagBag from /home/airflow/.local/lib/python3.8/site-packages/airflow/example_dags/example_params_ui_tutorial.py
[2026-07-01T12:20:25.314+0000] {processor.py:840} INFO - DAG(s) 'example_params_ui_tutorial' retrieved from /home/airflow/.local/lib/python3.8/site-packages/airflow/example_dags/example_params_ui_tutorial.py
[2026-07-01T12:20:25.944+0000] {logging_mixin.py:188} INFO - [2026-07-01T12:20:25.943+0000] {dag.py:3036} INFO - Sync 1 DAGs
[2026-07-01T12:20:25.998+0000] {logging_mixin.py:188} INFO - [2026-07-01T12:20:25.997+0000] {dag.py:3823} INFO - Setting next_dagrun for example_params_ui_tutorial to None, run_after=None
[2026-07-01T12:20:26.075+0000] {processor.py:183} INFO - Processing /home/airflow/.local/lib/python3.8/site-packages/airflow/example_dags/example_params_ui_tutorial.py took 0.826 seconds
[2026-07-01T12:20:57.221+0000] {processor.py:161} INFO - Started process (PID=1391) to work on /home/airflow/.local/lib/python3.8/site-packages/airflow/example_dags/example_params_ui_tutorial.py
[2026-07-01T12:20:57.228+0000] {processor.py:830} INFO - Processing file /home/airflow/.local/lib/python3.8/site-packages/airflow/example_dags/example_params_ui_tutorial.py for tasks to queue
[2026-07-01T12:20:57.235+0000] {logging_mixin.py:188} INFO - [2026-07-01T12:20:57.234+0000] {dagbag.py:538} INFO - Filling up the DagBag from /home/airflow/.local/lib/python3.8/site-packages/airflow/example_dags/example_params_ui_tutorial.py
[2026-07-01T12:20:57.285+0000] {processor.py:840} INFO - DAG(s) 'example_params_ui_tutorial' retrieved from /home/airflow/.local/lib/python3.8/site-packages/airflow/example_dags/example_params_ui_tutorial.py
[2026-07-01T12:20:57.464+0000] {logging_mixin.py:188} INFO - [2026-07-01T12:20:57.463+0000] {dag.py:3036} INFO - Sync 1 DAGs
[2026-07-01T12:20:57.502+0000] {logging_mixin.py:188} INFO - [2026-07-01T12:20:57.501+0000] {dag.py:3823} INFO - Setting next_dagrun for example_params_ui_tutorial to None, run_after=None
[2026-07-01T12:20:57.564+0000] {processor.py:183} INFO - Processing /home/airflow/.local/lib/python3.8/site-packages/airflow/example_dags/example_params_ui_tutorial.py took 0.355 seconds
[2026-07-01T12:21:29.012+0000] {processor.py:161} INFO - Started process (PID=1447) to work on /home/airflow/.local/lib/python3.8/site-packages/airflow/example_dags/example_params_ui_tutorial.py
[2026-07-01T12:21:29.016+0000] {processor.py:830} INFO - Processing file /home/airflow/.local/lib/python3.8/site-packages/airflow/example_dags/example_params_ui_tutorial.py for tasks to queue
[2026-07-01T12:21:29.024+0000] {logging_mixin.py:188} INFO - [2026-07-01T12:21:29.022+0000] {dagbag.py:538} INFO - Filling up the DagBag from /home/airflow/.local/lib/python3.8/site-packages/airflow/example_dags/example_params_ui_tutorial.py
[2026-07-01T12:21:29.064+0000] {processor.py:840} INFO - DAG(s) 'example_params_ui_tutorial' retrieved from /home/airflow/.local/lib/python3.8/site-packages/airflow/example_dags/example_params_ui_tutorial.py
[2026-07-01T12:21:29.243+0000] {logging_mixin.py:188} INFO - [2026-07-01T12:21:29.242+0000] {dag.py:3036} INFO - Sync 1 DAGs
[2026-07-01T12:21:29.281+0000] {logging_mixin.py:188} INFO - [2026-07-01T12:21:29.280+0000] {dag.py:3823} INFO - Setting next_dagrun for example_params_ui_tutorial to None, run_after=None
[2026-07-01T12:21:29.334+0000] {processor.py:183} INFO - Processing /home/airflow/.local/lib/python3.8/site-packages/airflow/example_dags/example_params_ui_tutorial.py took 0.332 seconds
[2026-07-01T12:21:59.638+0000] {processor.py:161} INFO - Started process (PID=1503) to work on /home/airflow/.local/lib/python3.8/site-packages/airflow/example_dags/example_params_ui_tutorial.py
[2026-07-01T12:21:59.642+0000] {processor.py:830} INFO - Processing file /home/airflow/.local/lib/python3.8/site-packages/airflow/example_dags/example_params_ui_tutorial.py for tasks to queue
[2026-07-01T12:21:59.649+0000] {logging_mixin.py:188} INFO - [2026-07-01T12:21:59.648+0000] {dagbag.py:538} INFO - Filling up the DagBag from /home/airflow/.local/lib/python3.8/site-packages/airflow/example_dags/example_params_ui_tutorial.py
[2026-07-01T12:21:59.682+0000] {processor.py:840} INFO - DAG(s) 'example_params_ui_tutorial' retrieved from /home/airflow/.local/lib/python3.8/site-packages/airflow/example_dags/example_params_ui_tutorial.py
[2026-07-01T12:21:59.832+0000] {logging_mixin.py:188} INFO - [2026-07-01T12:21:59.831+0000] {dag.py:3036} INFO - Sync 1 DAGs
[2026-07-01T12:21:59.869+0000] {logging_mixin.py:188} INFO - [2026-07-01T12:21:59.868+0000] {dag.py:3823} INFO - Setting next_dagrun for example_params_ui_tutorial to None, run_after=None
[2026-07-01T12:21:59.932+0000] {processor.py:183} INFO - Processing /home/airflow/.local/lib/python3.8/site-packages/airflow/example_dags/example_params_ui_tutorial.py took 0.305 seconds
[2026-07-01T12:22:30.288+0000] {processor.py:161} INFO - Started process (PID=1557) to work on /home/airflow/.local/lib/python3.8/site-packages/airflow/example_dags/example_params_ui_tutorial.py
[2026-07-01T12:22:30.292+0000] {processor.py:830} INFO - Processing file /home/airflow/.local/lib/python3.8/site-packages/airflow/example_dags/example_params_ui_tutorial.py for tasks to queue
[2026-07-01T12:22:30.299+0000] {logging_mixin.py:188} INFO - [2026-07-01T12:22:30.298+0000] {dagbag.py:538} INFO - Filling up the DagBag from /home/airflow/.local/lib/python3.8/site-packages/airflow/example_dags/example_params_ui_tutorial.py
[2026-07-01T12:22:30.339+0000] {processor.py:840} INFO - DAG(s) 'example_params_ui_tutorial' retrieved from /home/airflow/.local/lib/python3.8/site-packages/airflow/example_dags/example_params_ui_tutorial.py
[2026-07-01T12:22:30.508+0000] {logging_mixin.py:188} INFO - [2026-07-01T12:22:30.507+0000] {dag.py:3036} INFO - Sync 1 DAGs
[2026-07-01T12:22:30.543+0000] {logging_mixin.py:188} INFO - [2026-07-01T12:22:30.543+0000] {dag.py:3823} INFO - Setting next_dagrun for example_params_ui_tutorial to None, run_after=None
[2026-07-01T12:22:30.593+0000] {processor.py:183} INFO - Processing /home/airflow/.local/lib/python3.8/site-packages/airflow/example_dags/example_params_ui_tutorial.py took 0.318 seconds
[2026-07-01T12:23:00.779+0000] {processor.py:161} INFO - Started process (PID=1613) to work on /home/airflow/.local/lib/python3.8/site-packages/airflow/example_dags/example_params_ui_tutorial.py
[2026-07-01T12:23:00.782+0000] {processor.py:830} INFO - Processing file /home/airflow/.local/lib/python3.8/site-packages/airflow/example_dags/example_params_ui_tutorial.py for tasks to queue
[2026-07-01T12:23:00.788+0000] {logging_mixin.py:188} INFO - [2026-07-01T12:23:00.787+0000] {dagbag.py:538} INFO - Filling up the DagBag from /home/airflow/.local/lib/python3.8/site-packages/airflow/example_dags/example_params_ui_tutorial.py
[2026-07-01T12:23:00.813+0000] {processor.py:840} INFO - DAG(s) 'example_params_ui_tutorial' retrieved from /home/airflow/.local/lib/python3.8/site-packages/airflow/example_dags/example_params_ui_tutorial.py
[2026-07-01T12:23:00.930+0000] {logging_mixin.py:188} INFO - [2026-07-01T12:23:00.930+0000] {dag.py:3036} INFO - Sync 1 DAGs
[2026-07-01T12:23:00.956+0000] {logging_mixin.py:188} INFO - [2026-07-01T12:23:00.956+0000] {dag.py:3823} INFO - Setting next_dagrun for example_params_ui_tutorial to None, run_after=None
[2026-07-01T12:23:01.006+0000] {processor.py:183} INFO - Processing /home/airflow/.local/lib/python3.8/site-packages/airflow/example_dags/example_params_ui_tutorial.py took 0.234 seconds
[2026-07-01T12:23:31.236+0000] {processor.py:161} INFO - Started process (PID=1669) to work on /home/airflow/.local/lib/python3.8/site-packages/airflow/example_dags/example_params_ui_tutorial.py
[2026-07-01T12:23:31.241+0000] {processor.py:830} INFO - Processing file /home/airflow/.local/lib/python3.8/site-packages/airflow/example_dags/example_params_ui_tutorial.py for tasks to queue
[2026-07-01T12:23:31.248+0000] {logging_mixin.py:188} INFO - [2026-07-01T12:23:31.247+0000] {dagbag.py:538} INFO - Filling up the DagBag from /home/airflow/.local/lib/python3.8/site-packages/airflow/example_dags/example_params_ui_tutorial.py
[2026-07-01T12:23:31.294+0000] {processor.py:840} INFO - DAG(s) 'example_params_ui_tutorial' retrieved from /home/airflow/.local/lib/python3.8/site-packages/airflow/example_dags/example_params_ui_tutorial.py
[2026-07-01T12:23:31.447+0000] {logging_mixin.py:188} INFO - [2026-07-01T12:23:31.447+0000] {dag.py:3036} INFO - Sync 1 DAGs
[2026-07-01T12:23:31.488+0000] {logging_mixin.py:188} INFO - [2026-07-01T12:23:31.487+0000] {dag.py:3823} INFO - Setting next_dagrun for example_params_ui_tutorial to None, run_after=None
[2026-07-01T12:23:31.541+0000] {processor.py:183} INFO - Processing /home/airflow/.local/lib/python3.8/site-packages/airflow/example_dags/example_params_ui_tutorial.py took 0.316 seconds
[2026-07-01T12:24:02.086+0000] {processor.py:161} INFO - Started process (PID=1724) to work on /home/airflow/.local/lib/python3.8/site-packages/airflow/example_dags/example_params_ui_tutorial.py
[2026-07-01T12:24:02.090+0000] {processor.py:830} INFO - Processing file /home/airflow/.local/lib/python3.8/site-packages/airflow/example_dags/example_params_ui_tutorial.py for tasks to queue
[2026-07-01T12:24:02.099+0000] {logging_mixin.py:188} INFO - [2026-07-01T12:24:02.098+0000] {dagbag.py:538} INFO - Filling up the DagBag from /home/airflow/.local/lib/python3.8/site-packages/airflow/example_dags/example_params_ui_tutorial.py
[2026-07-01T12:24:02.151+0000] {processor.py:840} INFO - DAG(s) 'example_params_ui_tutorial' retrieved from /home/airflow/.local/lib/python3.8/site-packages/airflow/example_dags/example_params_ui_tutorial.py
[2026-07-01T12:24:02.284+0000] {logging_mixin.py:188} INFO - [2026-07-01T12:24:02.284+0000] {dag.py:3036} INFO - Sync 1 DAGs
[2026-07-01T12:24:02.314+0000] {logging_mixin.py:188} INFO - [2026-07-01T12:24:02.313+0000] {dag.py:3823} INFO - Setting next_dagrun for example_params_ui_tutorial to None, run_after=None
[2026-07-01T12:24:02.355+0000] {processor.py:183} INFO - Processing /home/airflow/.local/lib/python3.8/site-packages/airflow/example_dags/example_params_ui_tutorial.py took 0.279 seconds
[2026-07-01T12:24:33.030+0000] {processor.py:161} INFO - Started process (PID=1780) to work on /home/airflow/.local/lib/python3.8/site-packages/airflow/example_dags/example_params_ui_tutorial.py
[2026-07-01T12:24:33.034+0000] {processor.py:830} INFO - Processing file /home/airflow/.local/lib/python3.8/site-packages/airflow/example_dags/example_params_ui_tutorial.py for tasks to queue
[2026-07-01T12:24:33.041+0000] {logging_mixin.py:188} INFO - [2026-07-01T12:24:33.040+0000] {dagbag.py:538} INFO - Filling up the DagBag from /home/airflow/.local/lib/python3.8/site-packages/airflow/example_dags/example_params_ui_tutorial.py
[2026-07-01T12:24:33.082+0000] {processor.py:840} INFO - DAG(s) 'example_params_ui_tutorial' retrieved from /home/airflow/.local/lib/python3.8/site-packages/airflow/example_dags/example_params_ui_tutorial.py
[2026-07-01T12:24:33.219+0000] {logging_mixin.py:188} INFO - [2026-07-01T12:24:33.219+0000] {dag.py:3036} INFO - Sync 1 DAGs
[2026-07-01T12:24:33.254+0000] {logging_mixin.py:188} INFO - [2026-07-01T12:24:33.253+0000] {dag.py:3823} INFO - Setting next_dagrun for example_params_ui_tutorial to None, run_after=None
[2026-07-01T12:24:33.305+0000] {processor.py:183} INFO - Processing /home/airflow/.local/lib/python3.8/site-packages/airflow/example_dags/example_params_ui_tutorial.py took 0.285 seconds
[2026-07-01T12:25:03.915+0000] {processor.py:161} INFO - Started process (PID=1836) to work on /home/airflow/.local/lib/python3.8/site-packages/airflow/example_dags/example_params_ui_tutorial.py
[2026-07-01T12:25:03.917+0000] {processor.py:830} INFO - Processing file /home/airflow/.local/lib/python3.8/site-packages/airflow/example_dags/example_params_ui_tutorial.py for tasks to queue
[2026-07-01T12:25:03.923+0000] {logging_mixin.py:188} INFO - [2026-07-01T12:25:03.922+0000] {dagbag.py:538} INFO - Filling up the DagBag from /home/airflow/.local/lib/python3.8/site-packages/airflow/example_dags/example_params_ui_tutorial.py
[2026-07-01T12:25:03.950+0000] {processor.py:840} INFO - DAG(s) 'example_params_ui_tutorial' retrieved from /home/airflow/.local/lib/python3.8/site-packages/airflow/example_dags/example_params_ui_tutorial.py
[2026-07-01T12:25:04.074+0000] {logging_mixin.py:188} INFO - [2026-07-01T12:25:04.073+0000] {dag.py:3036} INFO - Sync 1 DAGs
[2026-07-01T12:25:04.110+0000] {logging_mixin.py:188} INFO - [2026-07-01T12:25:04.109+0000] {dag.py:3823} INFO - Setting next_dagrun for example_params_ui_tutorial to None, run_after=None
[2026-07-01T12:25:04.158+0000] {processor.py:183} INFO - Processing /home/airflow/.local/lib/python3.8/site-packages/airflow/example_dags/example_params_ui_tutorial.py took 0.252 seconds
[2026-07-01T12:25:34.832+0000] {processor.py:161} INFO - Started process (PID=1892) to work on /home/airflow/.local/lib/python3.8/site-packages/airflow/example_dags/example_params_ui_tutorial.py
[2026-07-01T12:25:34.837+0000] {processor.py:830} INFO - Processing file /home/airflow/.local/lib/python3.8/site-packages/airflow/example_dags/example_params_ui_tutorial.py for tasks to queue
[2026-07-01T12:25:34.850+0000] {logging_mixin.py:188} INFO - [2026-07-01T12:25:34.849+0000] {dagbag.py:538} INFO - Filling up the DagBag from /home/airflow/.local/lib/python3.8/site-packages/airflow/example_dags/example_params_ui_tutorial.py
[2026-07-01T12:25:34.914+0000] {processor.py:840} INFO - DAG(s) 'example_params_ui_tutorial' retrieved from /home/airflow/.local/lib/python3.8/site-packages/airflow/example_dags/example_params_ui_tutorial.py
[2026-07-01T12:25:35.142+0000] {logging_mixin.py:188} INFO - [2026-07-01T12:25:35.141+0000] {dag.py:3036} INFO - Sync 1 DAGs
[2026-07-01T12:25:35.177+0000] {logging_mixin.py:188} INFO - [2026-07-01T12:25:35.176+0000] {dag.py:3823} INFO - Setting next_dagrun for example_params_ui_tutorial to None, run_after=None
[2026-07-01T12:25:35.236+0000] {processor.py:183} INFO - Processing /home/airflow/.local/lib/python3.8/site-packages/airflow/example_dags/example_params_ui_tutorial.py took 0.420 seconds
[2026-07-01T12:26:05.330+0000] {processor.py:161} INFO - Started process (PID=1948) to work on /home/airflow/.local/lib/python3.8/site-packages/airflow/example_dags/example_params_ui_tutorial.py
[2026-07-01T12:26:05.333+0000] {processor.py:830} INFO - Processing file /home/airflow/.local/lib/python3.8/site-packages/airflow/example_dags/example_params_ui_tutorial.py for tasks to queue
[2026-07-01T12:26:05.339+0000] {logging_mixin.py:188} INFO - [2026-07-01T12:26:05.339+0000] {dagbag.py:538} INFO - Filling up the DagBag from /home/airflow/.local/lib/python3.8/site-packages/airflow/example_dags/example_params_ui_tutorial.py
[2026-07-01T12:26:05.371+0000] {processor.py:840} INFO - DAG(s) 'example_params_ui_tutorial' retrieved from /home/airflow/.local/lib/python3.8/site-packages/airflow/example_dags/example_params_ui_tutorial.py
[2026-07-01T12:26:05.509+0000] {logging_mixin.py:188} INFO - [2026-07-01T12:26:05.508+0000] {dag.py:3036} INFO - Sync 1 DAGs
[2026-07-01T12:26:05.546+0000] {logging_mixin.py:188} INFO - [2026-07-01T12:26:05.545+0000] {dag.py:3823} INFO - Setting next_dagrun for example_params_ui_tutorial to None, run_after=None
[2026-07-01T12:26:05.599+0000] {processor.py:183} INFO - Processing /home/airflow/.local/lib/python3.8/site-packages/airflow/example_dags/example_params_ui_tutorial.py took 0.279 seconds
[2026-07-01T12:26:35.716+0000] {processor.py:161} INFO - Started process (PID=2004) to work on /home/airflow/.local/lib/python3.8/site-packages/airflow/example_dags/example_params_ui_tutorial.py
[2026-07-01T12:26:35.720+0000] {processor.py:830} INFO - Processing file /home/airflow/.local/lib/python3.8/site-packages/airflow/example_dags/example_params_ui_tutorial.py for tasks to queue
[2026-07-01T12:26:35.726+0000] {logging_mixin.py:188} INFO - [2026-07-01T12:26:35.725+0000] {dagbag.py:538} INFO - Filling up the DagBag from /home/airflow/.local/lib/python3.8/site-packages/airflow/example_dags/example_params_ui_tutorial.py
[2026-07-01T12:26:35.760+0000] {processor.py:840} INFO - DAG(s) 'example_params_ui_tutorial' retrieved from /home/airflow/.local/lib/python3.8/site-packages/airflow/example_dags/example_params_ui_tutorial.py
[2026-07-01T12:26:35.959+0000] {logging_mixin.py:188} INFO - [2026-07-01T12:26:35.958+0000] {dag.py:3036} INFO - Sync 1 DAGs
[2026-07-01T12:26:36.001+0000] {logging_mixin.py:188} INFO - [2026-07-01T12:26:36.000+0000] {dag.py:3823} INFO - Setting next_dagrun for example_params_ui_tutorial to None, run_after=None
[2026-07-01T12:26:36.115+0000] {processor.py:183} INFO - Processing /home/airflow/.local/lib/python3.8/site-packages/airflow/example_dags/example_params_ui_tutorial.py took 0.409 seconds
[2026-07-01T12:27:07.062+0000] {processor.py:161} INFO - Started process (PID=2066) to work on /home/airflow/.local/lib/python3.8/site-packages/airflow/example_dags/example_params_ui_tutorial.py
[2026-07-01T12:27:07.065+0000] {processor.py:830} INFO - Processing file /home/airflow/.local/lib/python3.8/site-packages/airflow/example_dags/example_params_ui_tutorial.py for tasks to queue
[2026-07-01T12:27:07.071+0000] {logging_mixin.py:188} INFO - [2026-07-01T12:27:07.070+0000] {dagbag.py:538} INFO - Filling up the DagBag from /home/airflow/.local/lib/python3.8/site-packages/airflow/example_dags/example_params_ui_tutorial.py
[2026-07-01T12:27:07.109+0000] {processor.py:840} INFO - DAG(s) 'example_params_ui_tutorial' retrieved from /home/airflow/.local/lib/python3.8/site-packages/airflow/example_dags/example_params_ui_tutorial.py
[2026-07-01T12:27:07.245+0000] {logging_mixin.py:188} INFO - [2026-07-01T12:27:07.244+0000] {dag.py:3036} INFO - Sync 1 DAGs
[2026-07-01T12:27:07.274+0000] {logging_mixin.py:188} INFO - [2026-07-01T12:27:07.273+0000] {dag.py:3823} INFO - Setting next_dagrun for example_params_ui_tutorial to None, run_after=None
[2026-07-01T12:27:07.326+0000] {processor.py:183} INFO - Processing /home/airflow/.local/lib/python3.8/site-packages/airflow/example_dags/example_params_ui_tutorial.py took 0.273 seconds
[2026-07-01T12:27:37.785+0000] {processor.py:161} INFO - Started process (PID=2122) to work on /home/airflow/.local/lib/python3.8/site-packages/airflow/example_dags/example_params_ui_tutorial.py
[2026-07-01T12:27:37.789+0000] {processor.py:830} INFO - Processing file /home/airflow/.local/lib/python3.8/site-packages/airflow/example_dags/example_params_ui_tutorial.py for tasks to queue
[2026-07-01T12:27:37.796+0000] {logging_mixin.py:188} INFO - [2026-07-01T12:27:37.795+0000] {dagbag.py:538} INFO - Filling up the DagBag from /home/airflow/.local/lib/python3.8/site-packages/airflow/example_dags/example_params_ui_tutorial.py
[2026-07-01T12:27:37.824+0000] {processor.py:840} INFO - DAG(s) 'example_params_ui_tutorial' retrieved from /home/airflow/.local/lib/python3.8/site-packages/airflow/example_dags/example_params_ui_tutorial.py
[2026-07-01T12:27:37.975+0000] {logging_mixin.py:188} INFO - [2026-07-01T12:27:37.971+0000] {dag.py:3036} INFO - Sync 1 DAGs
[2026-07-01T12:27:38.024+0000] {logging_mixin.py:188} INFO - [2026-07-01T12:27:38.023+0000] {dag.py:3823} INFO - Setting next_dagrun for example_params_ui_tutorial to None, run_after=None
[2026-07-01T12:27:38.082+0000] {processor.py:183} INFO - Processing /home/airflow/.local/lib/python3.8/site-packages/airflow/example_dags/example_params_ui_tutorial.py took 0.307 seconds
[2026-07-01T12:28:08.373+0000] {processor.py:161} INFO - Started process (PID=2178) to work on /home/airflow/.local/lib/python3.8/site-packages/airflow/example_dags/example_params_ui_tutorial.py
[2026-07-01T12:28:08.376+0000] {processor.py:830} INFO - Processing file /home/airflow/.local/lib/python3.8/site-packages/airflow/example_dags/example_params_ui_tutorial.py for tasks to queue
[2026-07-01T12:28:08.381+0000] {logging_mixin.py:188} INFO - [2026-07-01T12:28:08.380+0000] {dagbag.py:538} INFO - Filling up the DagBag from /home/airflow/.local/lib/python3.8/site-packages/airflow/example_dags/example_params_ui_tutorial.py
[2026-07-01T12:28:08.406+0000] {processor.py:840} INFO - DAG(s) 'example_params_ui_tutorial' retrieved from /home/airflow/.local/lib/python3.8/site-packages/airflow/example_dags/example_params_ui_tutorial.py
[2026-07-01T12:28:08.518+0000] {logging_mixin.py:188} INFO - [2026-07-01T12:28:08.517+0000] {dag.py:3036} INFO - Sync 1 DAGs
[2026-07-01T12:28:08.546+0000] {logging_mixin.py:188} INFO - [2026-07-01T12:28:08.545+0000] {dag.py:3823} INFO - Setting next_dagrun for example_params_ui_tutorial to None, run_after=None
[2026-07-01T12:28:08.586+0000] {processor.py:183} INFO - Processing /home/airflow/.local/lib/python3.8/site-packages/airflow/example_dags/example_params_ui_tutorial.py took 0.221 seconds
[2026-07-01T12:28:39.121+0000] {processor.py:161} INFO - Started process (PID=2235) to work on /home/airflow/.local/lib/python3.8/site-packages/airflow/example_dags/example_params_ui_tutorial.py
[2026-07-01T12:28:39.125+0000] {processor.py:830} INFO - Processing file /home/airflow/.local/lib/python3.8/site-packages/airflow/example_dags/example_params_ui_tutorial.py for tasks to queue
[2026-07-01T12:28:39.132+0000] {logging_mixin.py:188} INFO - [2026-07-01T12:28:39.131+0000] {dagbag.py:538} INFO - Filling up the DagBag from /home/airflow/.local/lib/python3.8/site-packages/airflow/example_dags/example_params_ui_tutorial.py
[2026-07-01T12:28:39.165+0000] {processor.py:840} INFO - DAG(s) 'example_params_ui_tutorial' retrieved from /home/airflow/.local/lib/python3.8/site-packages/airflow/example_dags/example_params_ui_tutorial.py
[2026-07-01T12:28:39.318+0000] {logging_mixin.py:188} INFO - [2026-07-01T12:28:39.318+0000] {dag.py:3036} INFO - Sync 1 DAGs
[2026-07-01T12:28:39.349+0000] {logging_mixin.py:188} INFO - [2026-07-01T12:28:39.348+0000] {dag.py:3823} INFO - Setting next_dagrun for example_params_ui_tutorial to None, run_after=None
[2026-07-01T12:28:39.399+0000] {processor.py:183} INFO - Processing /home/airflow/.local/lib/python3.8/site-packages/airflow/example_dags/example_params_ui_tutorial.py took 0.289 seconds
[2026-07-01T12:29:09.576+0000] {processor.py:161} INFO - Started process (PID=2292) to work on /home/airflow/.local/lib/python3.8/site-packages/airflow/example_dags/example_params_ui_tutorial.py
[2026-07-01T12:29:09.579+0000] {processor.py:830} INFO - Processing file /home/airflow/.local/lib/python3.8/site-packages/airflow/example_dags/example_params_ui_tutorial.py for tasks to queue
[2026-07-01T12:29:09.584+0000] {logging_mixin.py:188} INFO - [2026-07-01T12:29:09.583+0000] {dagbag.py:538} INFO - Filling up the DagBag from /home/airflow/.local/lib/python3.8/site-packages/airflow/example_dags/example_params_ui_tutorial.py
[2026-07-01T12:29:09.615+0000] {processor.py:840} INFO - DAG(s) 'example_params_ui_tutorial' retrieved from /home/airflow/.local/lib/python3.8/site-packages/airflow/example_dags/example_params_ui_tutorial.py
[2026-07-01T12:29:09.747+0000] {logging_mixin.py:188} INFO - [2026-07-01T12:29:09.747+0000] {dag.py:3036} INFO - Sync 1 DAGs
[2026-07-01T12:29:09.779+0000] {logging_mixin.py:188} INFO - [2026-07-01T12:29:09.778+0000] {dag.py:3823} INFO - Setting next_dagrun for example_params_ui_tutorial to None, run_after=None
[2026-07-01T12:29:09.841+0000] {processor.py:183} INFO - Processing /home/airflow/.local/lib/python3.8/site-packages/airflow/example_dags/example_params_ui_tutorial.py took 0.275 seconds
[2026-07-01T12:29:40.000+0000] {processor.py:161} INFO - Started process (PID=2348) to work on /home/airflow/.local/lib/python3.8/site-packages/airflow/example_dags/example_params_ui_tutorial.py
[2026-07-01T12:29:40.004+0000] {processor.py:830} INFO - Processing file /home/airflow/.local/lib/python3.8/site-packages/airflow/example_dags/example_params_ui_tutorial.py for tasks to queue
[2026-07-01T12:29:40.012+0000] {logging_mixin.py:188} INFO - [2026-07-01T12:29:40.010+0000] {dagbag.py:538} INFO - Filling up the DagBag from /home/airflow/.local/lib/python3.8/site-packages/airflow/example_dags/example_params_ui_tutorial.py
[2026-07-01T12:29:40.044+0000] {processor.py:840} INFO - DAG(s) 'example_params_ui_tutorial' retrieved from /home/airflow/.local/lib/python3.8/site-packages/airflow/example_dags/example_params_ui_tutorial.py
[2026-07-01T12:29:40.180+0000] {logging_mixin.py:188} INFO - [2026-07-01T12:29:40.180+0000] {dag.py:3036} INFO - Sync 1 DAGs
[2026-07-01T12:29:40.212+0000] {logging_mixin.py:188} INFO - [2026-07-01T12:29:40.211+0000] {dag.py:3823} INFO - Setting next_dagrun for example_params_ui_tutorial to None, run_after=None
[2026-07-01T12:29:40.257+0000] {processor.py:183} INFO - Processing /home/airflow/.local/lib/python3.8/site-packages/airflow/example_dags/example_params_ui_tutorial.py took 0.269 seconds
