[2026-07-01T11:58:33.132+0000] {processor.py:161} INFO - Started process (PID=108) to work on /home/airflow/.local/lib/python3.8/site-packages/airflow/example_dags/example_latest_only.py
[2026-07-01T11:58:33.141+0000] {processor.py:830} INFO - Processing file /home/airflow/.local/lib/python3.8/site-packages/airflow/example_dags/example_latest_only.py for tasks to queue
[2026-07-01T11:58:33.160+0000] {logging_mixin.py:188} INFO - [2026-07-01T11:58:33.159+0000] {dagbag.py:538} INFO - Filling up the DagBag from /home/airflow/.local/lib/python3.8/site-packages/airflow/example_dags/example_latest_only.py
[2026-07-01T11:58:33.191+0000] {processor.py:840} INFO - DAG(s) 'latest_only' retrieved from /home/airflow/.local/lib/python3.8/site-packages/airflow/example_dags/example_latest_only.py
[2026-07-01T11:58:33.699+0000] {logging_mixin.py:188} INFO - [2026-07-01T11:58:33.695+0000] {dag.py:3036} INFO - Sync 1 DAGs
[2026-07-01T11:58:33.803+0000] {logging_mixin.py:188} INFO - [2026-07-01T11:58:33.802+0000] {dag.py:3823} INFO - Setting next_dagrun for latest_only to 2026-07-01 04:00:00+00:00, run_after=2026-07-01 08:00:00+00:00
[2026-07-01T11:58:33.883+0000] {processor.py:183} INFO - Processing /home/airflow/.local/lib/python3.8/site-packages/airflow/example_dags/example_latest_only.py took 0.768 seconds
[2026-07-01T11:59:04.099+0000] {processor.py:161} INFO - Started process (PID=163) to work on /home/airflow/.local/lib/python3.8/site-packages/airflow/example_dags/example_latest_only.py
[2026-07-01T11:59:04.102+0000] {processor.py:830} INFO - Processing file /home/airflow/.local/lib/python3.8/site-packages/airflow/example_dags/example_latest_only.py for tasks to queue
[2026-07-01T11:59:04.107+0000] {logging_mixin.py:188} INFO - [2026-07-01T11:59:04.107+0000] {dagbag.py:538} INFO - Filling up the DagBag from /home/airflow/.local/lib/python3.8/site-packages/airflow/example_dags/example_latest_only.py
[2026-07-01T11:59:04.121+0000] {processor.py:840} INFO - DAG(s) 'latest_only' retrieved from /home/airflow/.local/lib/python3.8/site-packages/airflow/example_dags/example_latest_only.py
[2026-07-01T11:59:04.171+0000] {logging_mixin.py:188} INFO - [2026-07-01T11:59:04.170+0000] {dag.py:3036} INFO - Sync 1 DAGs
[2026-07-01T11:59:04.224+0000] {logging_mixin.py:188} INFO - [2026-07-01T11:59:04.223+0000] {dag.py:3823} INFO - Setting next_dagrun for latest_only to 2026-07-01 04:00:00+00:00, run_after=2026-07-01 08:00:00+00:00
[2026-07-01T11:59:04.267+0000] {processor.py:183} INFO - Processing /home/airflow/.local/lib/python3.8/site-packages/airflow/example_dags/example_latest_only.py took 0.176 seconds
[2026-07-01T11:59:34.573+0000] {processor.py:161} INFO - Started process (PID=218) to work on /home/airflow/.local/lib/python3.8/site-packages/airflow/example_dags/example_latest_only.py
[2026-07-01T11:59:34.577+0000] {processor.py:830} INFO - Processing file /home/airflow/.local/lib/python3.8/site-packages/airflow/example_dags/example_latest_only.py for tasks to queue
[2026-07-01T11:59:34.584+0000] {logging_mixin.py:188} INFO - [2026-07-01T11:59:34.583+0000] {dagbag.py:538} INFO - Filling up the DagBag from /home/airflow/.local/lib/python3.8/site-packages/airflow/example_dags/example_latest_only.py
[2026-07-01T11:59:34.604+0000] {processor.py:840} INFO - DAG(s) 'latest_only' retrieved from /home/airflow/.local/lib/python3.8/site-packages/airflow/example_dags/example_latest_only.py
[2026-07-01T11:59:34.656+0000] {logging_mixin.py:188} INFO - [2026-07-01T11:59:34.655+0000] {dag.py:3036} INFO - Sync 1 DAGs
[2026-07-01T11:59:34.721+0000] {logging_mixin.py:188} INFO - [2026-07-01T11:59:34.721+0000] {dag.py:3823} INFO - Setting next_dagrun for latest_only to 2026-07-01 04:00:00+00:00, run_after=2026-07-01 08:00:00+00:00
[2026-07-01T11:59:34.770+0000] {processor.py:183} INFO - Processing /home/airflow/.local/lib/python3.8/site-packages/airflow/example_dags/example_latest_only.py took 0.208 seconds
[2026-07-01T12:00:04.858+0000] {processor.py:161} INFO - Started process (PID=273) to work on /home/airflow/.local/lib/python3.8/site-packages/airflow/example_dags/example_latest_only.py
[2026-07-01T12:00:04.861+0000] {processor.py:830} INFO - Processing file /home/airflow/.local/lib/python3.8/site-packages/airflow/example_dags/example_latest_only.py for tasks to queue
[2026-07-01T12:00:04.867+0000] {logging_mixin.py:188} INFO - [2026-07-01T12:00:04.866+0000] {dagbag.py:538} INFO - Filling up the DagBag from /home/airflow/.local/lib/python3.8/site-packages/airflow/example_dags/example_latest_only.py
[2026-07-01T12:00:04.883+0000] {processor.py:840} INFO - DAG(s) 'latest_only' retrieved from /home/airflow/.local/lib/python3.8/site-packages/airflow/example_dags/example_latest_only.py
[2026-07-01T12:00:04.920+0000] {logging_mixin.py:188} INFO - [2026-07-01T12:00:04.919+0000] {dag.py:3036} INFO - Sync 1 DAGs
[2026-07-01T12:00:04.988+0000] {logging_mixin.py:188} INFO - [2026-07-01T12:00:04.988+0000] {dag.py:3823} INFO - Setting next_dagrun for latest_only to 2026-07-01 08:00:00+00:00, run_after=2026-07-01 12:00:00+00:00
[2026-07-01T12:00:05.043+0000] {processor.py:183} INFO - Processing /home/airflow/.local/lib/python3.8/site-packages/airflow/example_dags/example_latest_only.py took 0.194 seconds
[2026-07-01T12:00:35.571+0000] {processor.py:161} INFO - Started process (PID=328) to work on /home/airflow/.local/lib/python3.8/site-packages/airflow/example_dags/example_latest_only.py
[2026-07-01T12:00:35.575+0000] {processor.py:830} INFO - Processing file /home/airflow/.local/lib/python3.8/site-packages/airflow/example_dags/example_latest_only.py for tasks to queue
[2026-07-01T12:00:35.582+0000] {logging_mixin.py:188} INFO - [2026-07-01T12:00:35.580+0000] {dagbag.py:538} INFO - Filling up the DagBag from /home/airflow/.local/lib/python3.8/site-packages/airflow/example_dags/example_latest_only.py
[2026-07-01T12:00:35.603+0000] {processor.py:840} INFO - DAG(s) 'latest_only' retrieved from /home/airflow/.local/lib/python3.8/site-packages/airflow/example_dags/example_latest_only.py
[2026-07-01T12:00:35.879+0000] {logging_mixin.py:188} INFO - [2026-07-01T12:00:35.879+0000] {dag.py:3036} INFO - Sync 1 DAGs
[2026-07-01T12:00:35.932+0000] {logging_mixin.py:188} INFO - [2026-07-01T12:00:35.932+0000] {dag.py:3823} INFO - Setting next_dagrun for latest_only to 2026-07-01 08:00:00+00:00, run_after=2026-07-01 12:00:00+00:00
[2026-07-01T12:00:35.982+0000] {processor.py:183} INFO - Processing /home/airflow/.local/lib/python3.8/site-packages/airflow/example_dags/example_latest_only.py took 0.421 seconds
[2026-07-01T12:01:06.529+0000] {processor.py:161} INFO - Started process (PID=383) to work on /home/airflow/.local/lib/python3.8/site-packages/airflow/example_dags/example_latest_only.py
[2026-07-01T12:01:06.534+0000] {processor.py:830} INFO - Processing file /home/airflow/.local/lib/python3.8/site-packages/airflow/example_dags/example_latest_only.py for tasks to queue
[2026-07-01T12:01:06.545+0000] {logging_mixin.py:188} INFO - [2026-07-01T12:01:06.544+0000] {dagbag.py:538} INFO - Filling up the DagBag from /home/airflow/.local/lib/python3.8/site-packages/airflow/example_dags/example_latest_only.py
[2026-07-01T12:01:06.578+0000] {processor.py:840} INFO - DAG(s) 'latest_only' retrieved from /home/airflow/.local/lib/python3.8/site-packages/airflow/example_dags/example_latest_only.py
[2026-07-01T12:01:06.653+0000] {logging_mixin.py:188} INFO - [2026-07-01T12:01:06.653+0000] {dag.py:3036} INFO - Sync 1 DAGs
[2026-07-01T12:01:06.728+0000] {logging_mixin.py:188} INFO - [2026-07-01T12:01:06.727+0000] {dag.py:3823} INFO - Setting next_dagrun for latest_only to 2026-07-01 08:00:00+00:00, run_after=2026-07-01 12:00:00+00:00
[2026-07-01T12:01:06.790+0000] {processor.py:183} INFO - Processing /home/airflow/.local/lib/python3.8/site-packages/airflow/example_dags/example_latest_only.py took 0.270 seconds
[2026-07-01T12:01:36.902+0000] {processor.py:161} INFO - Started process (PID=438) to work on /home/airflow/.local/lib/python3.8/site-packages/airflow/example_dags/example_latest_only.py
[2026-07-01T12:01:36.910+0000] {processor.py:830} INFO - Processing file /home/airflow/.local/lib/python3.8/site-packages/airflow/example_dags/example_latest_only.py for tasks to queue
[2026-07-01T12:01:36.919+0000] {logging_mixin.py:188} INFO - [2026-07-01T12:01:36.916+0000] {dagbag.py:538} INFO - Filling up the DagBag from /home/airflow/.local/lib/python3.8/site-packages/airflow/example_dags/example_latest_only.py
[2026-07-01T12:01:36.946+0000] {processor.py:840} INFO - DAG(s) 'latest_only' retrieved from /home/airflow/.local/lib/python3.8/site-packages/airflow/example_dags/example_latest_only.py
[2026-07-01T12:01:37.042+0000] {logging_mixin.py:188} INFO - [2026-07-01T12:01:37.041+0000] {dag.py:3036} INFO - Sync 1 DAGs
[2026-07-01T12:01:37.172+0000] {logging_mixin.py:188} INFO - [2026-07-01T12:01:37.171+0000] {dag.py:3823} INFO - Setting next_dagrun for latest_only to 2026-07-01 08:00:00+00:00, run_after=2026-07-01 12:00:00+00:00
[2026-07-01T12:01:37.252+0000] {processor.py:183} INFO - Processing /home/airflow/.local/lib/python3.8/site-packages/airflow/example_dags/example_latest_only.py took 0.358 seconds
[2026-07-01T12:02:07.676+0000] {processor.py:161} INFO - Started process (PID=494) to work on /home/airflow/.local/lib/python3.8/site-packages/airflow/example_dags/example_latest_only.py
[2026-07-01T12:02:07.679+0000] {processor.py:830} INFO - Processing file /home/airflow/.local/lib/python3.8/site-packages/airflow/example_dags/example_latest_only.py for tasks to queue
[2026-07-01T12:02:07.683+0000] {logging_mixin.py:188} INFO - [2026-07-01T12:02:07.683+0000] {dagbag.py:538} INFO - Filling up the DagBag from /home/airflow/.local/lib/python3.8/site-packages/airflow/example_dags/example_latest_only.py
[2026-07-01T12:02:07.699+0000] {processor.py:840} INFO - DAG(s) 'latest_only' retrieved from /home/airflow/.local/lib/python3.8/site-packages/airflow/example_dags/example_latest_only.py
[2026-07-01T12:02:07.751+0000] {logging_mixin.py:188} INFO - [2026-07-01T12:02:07.751+0000] {dag.py:3036} INFO - Sync 1 DAGs
[2026-07-01T12:02:07.807+0000] {logging_mixin.py:188} INFO - [2026-07-01T12:02:07.806+0000] {dag.py:3823} INFO - Setting next_dagrun for latest_only to 2026-07-01 08:00:00+00:00, run_after=2026-07-01 12:00:00+00:00
[2026-07-01T12:02:07.855+0000] {processor.py:183} INFO - Processing /home/airflow/.local/lib/python3.8/site-packages/airflow/example_dags/example_latest_only.py took 0.187 seconds
[2026-07-01T12:02:38.494+0000] {processor.py:161} INFO - Started process (PID=548) to work on /home/airflow/.local/lib/python3.8/site-packages/airflow/example_dags/example_latest_only.py
[2026-07-01T12:02:38.497+0000] {processor.py:830} INFO - Processing file /home/airflow/.local/lib/python3.8/site-packages/airflow/example_dags/example_latest_only.py for tasks to queue
[2026-07-01T12:02:38.502+0000] {logging_mixin.py:188} INFO - [2026-07-01T12:02:38.502+0000] {dagbag.py:538} INFO - Filling up the DagBag from /home/airflow/.local/lib/python3.8/site-packages/airflow/example_dags/example_latest_only.py
[2026-07-01T12:02:38.518+0000] {processor.py:840} INFO - DAG(s) 'latest_only' retrieved from /home/airflow/.local/lib/python3.8/site-packages/airflow/example_dags/example_latest_only.py
[2026-07-01T12:02:38.565+0000] {logging_mixin.py:188} INFO - [2026-07-01T12:02:38.564+0000] {dag.py:3036} INFO - Sync 1 DAGs
[2026-07-01T12:02:38.620+0000] {logging_mixin.py:188} INFO - [2026-07-01T12:02:38.619+0000] {dag.py:3823} INFO - Setting next_dagrun for latest_only to 2026-07-01 08:00:00+00:00, run_after=2026-07-01 12:00:00+00:00
[2026-07-01T12:02:38.667+0000] {processor.py:183} INFO - Processing /home/airflow/.local/lib/python3.8/site-packages/airflow/example_dags/example_latest_only.py took 0.182 seconds
[2026-07-01T12:03:08.796+0000] {processor.py:161} INFO - Started process (PID=603) to work on /home/airflow/.local/lib/python3.8/site-packages/airflow/example_dags/example_latest_only.py
[2026-07-01T12:03:08.799+0000] {processor.py:830} INFO - Processing file /home/airflow/.local/lib/python3.8/site-packages/airflow/example_dags/example_latest_only.py for tasks to queue
[2026-07-01T12:03:08.803+0000] {logging_mixin.py:188} INFO - [2026-07-01T12:03:08.803+0000] {dagbag.py:538} INFO - Filling up the DagBag from /home/airflow/.local/lib/python3.8/site-packages/airflow/example_dags/example_latest_only.py
[2026-07-01T12:03:08.815+0000] {processor.py:840} INFO - DAG(s) 'latest_only' retrieved from /home/airflow/.local/lib/python3.8/site-packages/airflow/example_dags/example_latest_only.py
[2026-07-01T12:03:08.858+0000] {logging_mixin.py:188} INFO - [2026-07-01T12:03:08.858+0000] {dag.py:3036} INFO - Sync 1 DAGs
[2026-07-01T12:03:08.905+0000] {logging_mixin.py:188} INFO - [2026-07-01T12:03:08.904+0000] {dag.py:3823} INFO - Setting next_dagrun for latest_only to 2026-07-01 08:00:00+00:00, run_after=2026-07-01 12:00:00+00:00
[2026-07-01T12:03:08.946+0000] {processor.py:183} INFO - Processing /home/airflow/.local/lib/python3.8/site-packages/airflow/example_dags/example_latest_only.py took 0.158 seconds
[2026-07-01T12:03:39.413+0000] {processor.py:161} INFO - Started process (PID=659) to work on /home/airflow/.local/lib/python3.8/site-packages/airflow/example_dags/example_latest_only.py
[2026-07-01T12:03:39.416+0000] {processor.py:830} INFO - Processing file /home/airflow/.local/lib/python3.8/site-packages/airflow/example_dags/example_latest_only.py for tasks to queue
[2026-07-01T12:03:39.422+0000] {logging_mixin.py:188} INFO - [2026-07-01T12:03:39.421+0000] {dagbag.py:538} INFO - Filling up the DagBag from /home/airflow/.local/lib/python3.8/site-packages/airflow/example_dags/example_latest_only.py
[2026-07-01T12:03:39.435+0000] {processor.py:840} INFO - DAG(s) 'latest_only' retrieved from /home/airflow/.local/lib/python3.8/site-packages/airflow/example_dags/example_latest_only.py
[2026-07-01T12:03:39.480+0000] {logging_mixin.py:188} INFO - [2026-07-01T12:03:39.479+0000] {dag.py:3036} INFO - Sync 1 DAGs
[2026-07-01T12:03:39.526+0000] {logging_mixin.py:188} INFO - [2026-07-01T12:03:39.526+0000] {dag.py:3823} INFO - Setting next_dagrun for latest_only to 2026-07-01 08:00:00+00:00, run_after=2026-07-01 12:00:00+00:00
[2026-07-01T12:03:39.563+0000] {processor.py:183} INFO - Processing /home/airflow/.local/lib/python3.8/site-packages/airflow/example_dags/example_latest_only.py took 0.157 seconds
[2026-07-01T12:04:09.883+0000] {processor.py:161} INFO - Started process (PID=714) to work on /home/airflow/.local/lib/python3.8/site-packages/airflow/example_dags/example_latest_only.py
[2026-07-01T12:04:09.887+0000] {processor.py:830} INFO - Processing file /home/airflow/.local/lib/python3.8/site-packages/airflow/example_dags/example_latest_only.py for tasks to queue
[2026-07-01T12:04:09.893+0000] {logging_mixin.py:188} INFO - [2026-07-01T12:04:09.892+0000] {dagbag.py:538} INFO - Filling up the DagBag from /home/airflow/.local/lib/python3.8/site-packages/airflow/example_dags/example_latest_only.py
[2026-07-01T12:04:09.908+0000] {processor.py:840} INFO - DAG(s) 'latest_only' retrieved from /home/airflow/.local/lib/python3.8/site-packages/airflow/example_dags/example_latest_only.py
[2026-07-01T12:04:09.973+0000] {logging_mixin.py:188} INFO - [2026-07-01T12:04:09.972+0000] {dag.py:3036} INFO - Sync 1 DAGs
[2026-07-01T12:04:10.035+0000] {logging_mixin.py:188} INFO - [2026-07-01T12:04:10.034+0000] {dag.py:3823} INFO - Setting next_dagrun for latest_only to 2026-07-01 08:00:00+00:00, run_after=2026-07-01 12:00:00+00:00
[2026-07-01T12:04:10.082+0000] {processor.py:183} INFO - Processing /home/airflow/.local/lib/python3.8/site-packages/airflow/example_dags/example_latest_only.py took 0.209 seconds
[2026-07-01T12:04:40.761+0000] {processor.py:161} INFO - Started process (PID=769) to work on /home/airflow/.local/lib/python3.8/site-packages/airflow/example_dags/example_latest_only.py
[2026-07-01T12:04:40.764+0000] {processor.py:830} INFO - Processing file /home/airflow/.local/lib/python3.8/site-packages/airflow/example_dags/example_latest_only.py for tasks to queue
[2026-07-01T12:04:40.769+0000] {logging_mixin.py:188} INFO - [2026-07-01T12:04:40.769+0000] {dagbag.py:538} INFO - Filling up the DagBag from /home/airflow/.local/lib/python3.8/site-packages/airflow/example_dags/example_latest_only.py
[2026-07-01T12:04:40.783+0000] {processor.py:840} INFO - DAG(s) 'latest_only' retrieved from /home/airflow/.local/lib/python3.8/site-packages/airflow/example_dags/example_latest_only.py
[2026-07-01T12:04:40.837+0000] {logging_mixin.py:188} INFO - [2026-07-01T12:04:40.837+0000] {dag.py:3036} INFO - Sync 1 DAGs
[2026-07-01T12:04:40.899+0000] {logging_mixin.py:188} INFO - [2026-07-01T12:04:40.898+0000] {dag.py:3823} INFO - Setting next_dagrun for latest_only to 2026-07-01 08:00:00+00:00, run_after=2026-07-01 12:00:00+00:00
[2026-07-01T12:04:40.946+0000] {processor.py:183} INFO - Processing /home/airflow/.local/lib/python3.8/site-packages/airflow/example_dags/example_latest_only.py took 0.194 seconds
[2026-07-01T12:05:11.508+0000] {processor.py:161} INFO - Started process (PID=824) to work on /home/airflow/.local/lib/python3.8/site-packages/airflow/example_dags/example_latest_only.py
[2026-07-01T12:05:11.512+0000] {processor.py:830} INFO - Processing file /home/airflow/.local/lib/python3.8/site-packages/airflow/example_dags/example_latest_only.py for tasks to queue
[2026-07-01T12:05:11.520+0000] {logging_mixin.py:188} INFO - [2026-07-01T12:05:11.519+0000] {dagbag.py:538} INFO - Filling up the DagBag from /home/airflow/.local/lib/python3.8/site-packages/airflow/example_dags/example_latest_only.py
[2026-07-01T12:05:11.543+0000] {processor.py:840} INFO - DAG(s) 'latest_only' retrieved from /home/airflow/.local/lib/python3.8/site-packages/airflow/example_dags/example_latest_only.py
[2026-07-01T12:05:11.610+0000] {logging_mixin.py:188} INFO - [2026-07-01T12:05:11.610+0000] {dag.py:3036} INFO - Sync 1 DAGs
[2026-07-01T12:05:11.670+0000] {logging_mixin.py:188} INFO - [2026-07-01T12:05:11.670+0000] {dag.py:3823} INFO - Setting next_dagrun for latest_only to 2026-07-01 08:00:00+00:00, run_after=2026-07-01 12:00:00+00:00
[2026-07-01T12:05:11.713+0000] {processor.py:183} INFO - Processing /home/airflow/.local/lib/python3.8/site-packages/airflow/example_dags/example_latest_only.py took 0.220 seconds
[2026-07-01T12:05:41.960+0000] {processor.py:161} INFO - Started process (PID=879) to work on /home/airflow/.local/lib/python3.8/site-packages/airflow/example_dags/example_latest_only.py
[2026-07-01T12:05:41.963+0000] {processor.py:830} INFO - Processing file /home/airflow/.local/lib/python3.8/site-packages/airflow/example_dags/example_latest_only.py for tasks to queue
[2026-07-01T12:05:41.969+0000] {logging_mixin.py:188} INFO - [2026-07-01T12:05:41.968+0000] {dagbag.py:538} INFO - Filling up the DagBag from /home/airflow/.local/lib/python3.8/site-packages/airflow/example_dags/example_latest_only.py
[2026-07-01T12:05:41.982+0000] {processor.py:840} INFO - DAG(s) 'latest_only' retrieved from /home/airflow/.local/lib/python3.8/site-packages/airflow/example_dags/example_latest_only.py
[2026-07-01T12:05:42.031+0000] {logging_mixin.py:188} INFO - [2026-07-01T12:05:42.030+0000] {dag.py:3036} INFO - Sync 1 DAGs
[2026-07-01T12:05:42.086+0000] {logging_mixin.py:188} INFO - [2026-07-01T12:05:42.085+0000] {dag.py:3823} INFO - Setting next_dagrun for latest_only to 2026-07-01 08:00:00+00:00, run_after=2026-07-01 12:00:00+00:00
[2026-07-01T12:05:42.136+0000] {processor.py:183} INFO - Processing /home/airflow/.local/lib/python3.8/site-packages/airflow/example_dags/example_latest_only.py took 0.183 seconds
[2026-07-01T12:06:12.678+0000] {processor.py:161} INFO - Started process (PID=934) to work on /home/airflow/.local/lib/python3.8/site-packages/airflow/example_dags/example_latest_only.py
[2026-07-01T12:06:12.682+0000] {processor.py:830} INFO - Processing file /home/airflow/.local/lib/python3.8/site-packages/airflow/example_dags/example_latest_only.py for tasks to queue
[2026-07-01T12:06:12.690+0000] {logging_mixin.py:188} INFO - [2026-07-01T12:06:12.689+0000] {dagbag.py:538} INFO - Filling up the DagBag from /home/airflow/.local/lib/python3.8/site-packages/airflow/example_dags/example_latest_only.py
[2026-07-01T12:06:12.709+0000] {processor.py:840} INFO - DAG(s) 'latest_only' retrieved from /home/airflow/.local/lib/python3.8/site-packages/airflow/example_dags/example_latest_only.py
[2026-07-01T12:06:12.770+0000] {logging_mixin.py:188} INFO - [2026-07-01T12:06:12.770+0000] {dag.py:3036} INFO - Sync 1 DAGs
[2026-07-01T12:06:12.838+0000] {logging_mixin.py:188} INFO - [2026-07-01T12:06:12.837+0000] {dag.py:3823} INFO - Setting next_dagrun for latest_only to 2026-07-01 08:00:00+00:00, run_after=2026-07-01 12:00:00+00:00
[2026-07-01T12:06:12.893+0000] {processor.py:183} INFO - Processing /home/airflow/.local/lib/python3.8/site-packages/airflow/example_dags/example_latest_only.py took 0.229 seconds
[2026-07-01T12:06:43.261+0000] {processor.py:161} INFO - Started process (PID=989) to work on /home/airflow/.local/lib/python3.8/site-packages/airflow/example_dags/example_latest_only.py
[2026-07-01T12:06:43.264+0000] {processor.py:830} INFO - Processing file /home/airflow/.local/lib/python3.8/site-packages/airflow/example_dags/example_latest_only.py for tasks to queue
[2026-07-01T12:06:43.269+0000] {logging_mixin.py:188} INFO - [2026-07-01T12:06:43.268+0000] {dagbag.py:538} INFO - Filling up the DagBag from /home/airflow/.local/lib/python3.8/site-packages/airflow/example_dags/example_latest_only.py
[2026-07-01T12:06:43.282+0000] {processor.py:840} INFO - DAG(s) 'latest_only' retrieved from /home/airflow/.local/lib/python3.8/site-packages/airflow/example_dags/example_latest_only.py
[2026-07-01T12:06:43.334+0000] {logging_mixin.py:188} INFO - [2026-07-01T12:06:43.334+0000] {dag.py:3036} INFO - Sync 1 DAGs
[2026-07-01T12:06:43.386+0000] {logging_mixin.py:188} INFO - [2026-07-01T12:06:43.385+0000] {dag.py:3823} INFO - Setting next_dagrun for latest_only to 2026-07-01 08:00:00+00:00, run_after=2026-07-01 12:00:00+00:00
[2026-07-01T12:06:43.429+0000] {processor.py:183} INFO - Processing /home/airflow/.local/lib/python3.8/site-packages/airflow/example_dags/example_latest_only.py took 0.176 seconds
[2026-07-01T12:07:13.940+0000] {processor.py:161} INFO - Started process (PID=1044) to work on /home/airflow/.local/lib/python3.8/site-packages/airflow/example_dags/example_latest_only.py
[2026-07-01T12:07:13.943+0000] {processor.py:830} INFO - Processing file /home/airflow/.local/lib/python3.8/site-packages/airflow/example_dags/example_latest_only.py for tasks to queue
[2026-07-01T12:07:13.949+0000] {logging_mixin.py:188} INFO - [2026-07-01T12:07:13.948+0000] {dagbag.py:538} INFO - Filling up the DagBag from /home/airflow/.local/lib/python3.8/site-packages/airflow/example_dags/example_latest_only.py
[2026-07-01T12:07:13.961+0000] {processor.py:840} INFO - DAG(s) 'latest_only' retrieved from /home/airflow/.local/lib/python3.8/site-packages/airflow/example_dags/example_latest_only.py
[2026-07-01T12:07:14.011+0000] {logging_mixin.py:188} INFO - [2026-07-01T12:07:14.010+0000] {dag.py:3036} INFO - Sync 1 DAGs
[2026-07-01T12:07:14.068+0000] {logging_mixin.py:188} INFO - [2026-07-01T12:07:14.067+0000] {dag.py:3823} INFO - Setting next_dagrun for latest_only to 2026-07-01 08:00:00+00:00, run_after=2026-07-01 12:00:00+00:00
[2026-07-01T12:07:14.130+0000] {processor.py:183} INFO - Processing /home/airflow/.local/lib/python3.8/site-packages/airflow/example_dags/example_latest_only.py took 0.197 seconds
[2026-07-01T12:07:44.321+0000] {processor.py:161} INFO - Started process (PID=1100) to work on /home/airflow/.local/lib/python3.8/site-packages/airflow/example_dags/example_latest_only.py
[2026-07-01T12:07:44.327+0000] {processor.py:830} INFO - Processing file /home/airflow/.local/lib/python3.8/site-packages/airflow/example_dags/example_latest_only.py for tasks to queue
[2026-07-01T12:07:44.336+0000] {logging_mixin.py:188} INFO - [2026-07-01T12:07:44.335+0000] {dagbag.py:538} INFO - Filling up the DagBag from /home/airflow/.local/lib/python3.8/site-packages/airflow/example_dags/example_latest_only.py
[2026-07-01T12:07:44.360+0000] {processor.py:840} INFO - DAG(s) 'latest_only' retrieved from /home/airflow/.local/lib/python3.8/site-packages/airflow/example_dags/example_latest_only.py
[2026-07-01T12:07:44.455+0000] {logging_mixin.py:188} INFO - [2026-07-01T12:07:44.453+0000] {dag.py:3036} INFO - Sync 1 DAGs
[2026-07-01T12:07:44.542+0000] {logging_mixin.py:188} INFO - [2026-07-01T12:07:44.541+0000] {dag.py:3823} INFO - Setting next_dagrun for latest_only to 2026-07-01 08:00:00+00:00, run_after=2026-07-01 12:00:00+00:00
[2026-07-01T12:07:44.614+0000] {processor.py:183} INFO - Processing /home/airflow/.local/lib/python3.8/site-packages/airflow/example_dags/example_latest_only.py took 0.310 seconds
[2026-07-01T12:08:15.221+0000] {processor.py:161} INFO - Started process (PID=1155) to work on /home/airflow/.local/lib/python3.8/site-packages/airflow/example_dags/example_latest_only.py
[2026-07-01T12:08:15.224+0000] {processor.py:830} INFO - Processing file /home/airflow/.local/lib/python3.8/site-packages/airflow/example_dags/example_latest_only.py for tasks to queue
[2026-07-01T12:08:15.230+0000] {logging_mixin.py:188} INFO - [2026-07-01T12:08:15.229+0000] {dagbag.py:538} INFO - Filling up the DagBag from /home/airflow/.local/lib/python3.8/site-packages/airflow/example_dags/example_latest_only.py
[2026-07-01T12:08:15.246+0000] {processor.py:840} INFO - DAG(s) 'latest_only' retrieved from /home/airflow/.local/lib/python3.8/site-packages/airflow/example_dags/example_latest_only.py
[2026-07-01T12:08:15.308+0000] {logging_mixin.py:188} INFO - [2026-07-01T12:08:15.307+0000] {dag.py:3036} INFO - Sync 1 DAGs
[2026-07-01T12:08:15.369+0000] {logging_mixin.py:188} INFO - [2026-07-01T12:08:15.368+0000] {dag.py:3823} INFO - Setting next_dagrun for latest_only to 2026-07-01 08:00:00+00:00, run_after=2026-07-01 12:00:00+00:00
[2026-07-01T12:08:15.421+0000] {processor.py:183} INFO - Processing /home/airflow/.local/lib/python3.8/site-packages/airflow/example_dags/example_latest_only.py took 0.208 seconds
[2026-07-01T12:09:02.577+0000] {processor.py:161} INFO - Started process (PID=95) to work on /home/airflow/.local/lib/python3.8/site-packages/airflow/example_dags/example_latest_only.py
[2026-07-01T12:09:02.581+0000] {processor.py:830} INFO - Processing file /home/airflow/.local/lib/python3.8/site-packages/airflow/example_dags/example_latest_only.py for tasks to queue
[2026-07-01T12:09:02.589+0000] {logging_mixin.py:188} INFO - [2026-07-01T12:09:02.588+0000] {dagbag.py:538} INFO - Filling up the DagBag from /home/airflow/.local/lib/python3.8/site-packages/airflow/example_dags/example_latest_only.py
[2026-07-01T12:09:02.610+0000] {processor.py:840} INFO - DAG(s) 'latest_only' retrieved from /home/airflow/.local/lib/python3.8/site-packages/airflow/example_dags/example_latest_only.py
[2026-07-01T12:09:02.693+0000] {logging_mixin.py:188} INFO - [2026-07-01T12:09:02.693+0000] {dag.py:3036} INFO - Sync 1 DAGs
[2026-07-01T12:09:02.762+0000] {logging_mixin.py:188} INFO - [2026-07-01T12:09:02.761+0000] {dag.py:3823} INFO - Setting next_dagrun for latest_only to 2026-07-01 08:00:00+00:00, run_after=2026-07-01 12:00:00+00:00
[2026-07-01T12:09:02.824+0000] {processor.py:183} INFO - Processing /home/airflow/.local/lib/python3.8/site-packages/airflow/example_dags/example_latest_only.py took 0.262 seconds
[2026-07-01T12:09:33.016+0000] {processor.py:161} INFO - Started process (PID=151) to work on /home/airflow/.local/lib/python3.8/site-packages/airflow/example_dags/example_latest_only.py
[2026-07-01T12:09:33.020+0000] {processor.py:830} INFO - Processing file /home/airflow/.local/lib/python3.8/site-packages/airflow/example_dags/example_latest_only.py for tasks to queue
[2026-07-01T12:09:33.028+0000] {logging_mixin.py:188} INFO - [2026-07-01T12:09:33.027+0000] {dagbag.py:538} INFO - Filling up the DagBag from /home/airflow/.local/lib/python3.8/site-packages/airflow/example_dags/example_latest_only.py
[2026-07-01T12:09:33.048+0000] {processor.py:840} INFO - DAG(s) 'latest_only' retrieved from /home/airflow/.local/lib/python3.8/site-packages/airflow/example_dags/example_latest_only.py
[2026-07-01T12:09:33.109+0000] {logging_mixin.py:188} INFO - [2026-07-01T12:09:33.108+0000] {dag.py:3036} INFO - Sync 1 DAGs
[2026-07-01T12:09:33.177+0000] {logging_mixin.py:188} INFO - [2026-07-01T12:09:33.176+0000] {dag.py:3823} INFO - Setting next_dagrun for latest_only to 2026-07-01 08:00:00+00:00, run_after=2026-07-01 12:00:00+00:00
[2026-07-01T12:09:33.238+0000] {processor.py:183} INFO - Processing /home/airflow/.local/lib/python3.8/site-packages/airflow/example_dags/example_latest_only.py took 0.237 seconds
[2026-07-01T12:10:03.704+0000] {processor.py:161} INFO - Started process (PID=208) to work on /home/airflow/.local/lib/python3.8/site-packages/airflow/example_dags/example_latest_only.py
[2026-07-01T12:10:03.708+0000] {processor.py:830} INFO - Processing file /home/airflow/.local/lib/python3.8/site-packages/airflow/example_dags/example_latest_only.py for tasks to queue
[2026-07-01T12:10:03.714+0000] {logging_mixin.py:188} INFO - [2026-07-01T12:10:03.713+0000] {dagbag.py:538} INFO - Filling up the DagBag from /home/airflow/.local/lib/python3.8/site-packages/airflow/example_dags/example_latest_only.py
[2026-07-01T12:10:03.727+0000] {processor.py:840} INFO - DAG(s) 'latest_only' retrieved from /home/airflow/.local/lib/python3.8/site-packages/airflow/example_dags/example_latest_only.py
[2026-07-01T12:10:03.789+0000] {logging_mixin.py:188} INFO - [2026-07-01T12:10:03.788+0000] {dag.py:3036} INFO - Sync 1 DAGs
[2026-07-01T12:10:03.858+0000] {logging_mixin.py:188} INFO - [2026-07-01T12:10:03.857+0000] {dag.py:3823} INFO - Setting next_dagrun for latest_only to 2026-07-01 08:00:00+00:00, run_after=2026-07-01 12:00:00+00:00
[2026-07-01T12:10:03.915+0000] {processor.py:183} INFO - Processing /home/airflow/.local/lib/python3.8/site-packages/airflow/example_dags/example_latest_only.py took 0.220 seconds
[2026-07-01T12:10:34.089+0000] {processor.py:161} INFO - Started process (PID=264) to work on /home/airflow/.local/lib/python3.8/site-packages/airflow/example_dags/example_latest_only.py
[2026-07-01T12:10:34.092+0000] {processor.py:830} INFO - Processing file /home/airflow/.local/lib/python3.8/site-packages/airflow/example_dags/example_latest_only.py for tasks to queue
[2026-07-01T12:10:34.097+0000] {logging_mixin.py:188} INFO - [2026-07-01T12:10:34.096+0000] {dagbag.py:538} INFO - Filling up the DagBag from /home/airflow/.local/lib/python3.8/site-packages/airflow/example_dags/example_latest_only.py
[2026-07-01T12:10:34.113+0000] {processor.py:840} INFO - DAG(s) 'latest_only' retrieved from /home/airflow/.local/lib/python3.8/site-packages/airflow/example_dags/example_latest_only.py
[2026-07-01T12:10:34.193+0000] {logging_mixin.py:188} INFO - [2026-07-01T12:10:34.192+0000] {dag.py:3036} INFO - Sync 1 DAGs
[2026-07-01T12:10:34.280+0000] {logging_mixin.py:188} INFO - [2026-07-01T12:10:34.279+0000] {dag.py:3823} INFO - Setting next_dagrun for latest_only to 2026-07-01 08:00:00+00:00, run_after=2026-07-01 12:00:00+00:00
[2026-07-01T12:10:34.353+0000] {processor.py:183} INFO - Processing /home/airflow/.local/lib/python3.8/site-packages/airflow/example_dags/example_latest_only.py took 0.272 seconds
[2026-07-01T12:11:05.578+0000] {processor.py:161} INFO - Started process (PID=325) to work on /home/airflow/.local/lib/python3.8/site-packages/airflow/example_dags/example_latest_only.py
[2026-07-01T12:11:05.582+0000] {processor.py:830} INFO - Processing file /home/airflow/.local/lib/python3.8/site-packages/airflow/example_dags/example_latest_only.py for tasks to queue
[2026-07-01T12:11:05.589+0000] {logging_mixin.py:188} INFO - [2026-07-01T12:11:05.588+0000] {dagbag.py:538} INFO - Filling up the DagBag from /home/airflow/.local/lib/python3.8/site-packages/airflow/example_dags/example_latest_only.py
[2026-07-01T12:11:05.610+0000] {processor.py:840} INFO - DAG(s) 'latest_only' retrieved from /home/airflow/.local/lib/python3.8/site-packages/airflow/example_dags/example_latest_only.py
[2026-07-01T12:11:05.667+0000] {logging_mixin.py:188} INFO - [2026-07-01T12:11:05.666+0000] {dag.py:3036} INFO - Sync 1 DAGs
[2026-07-01T12:11:05.730+0000] {logging_mixin.py:188} INFO - [2026-07-01T12:11:05.729+0000] {dag.py:3823} INFO - Setting next_dagrun for latest_only to 2026-07-01 08:00:00+00:00, run_after=2026-07-01 12:00:00+00:00
[2026-07-01T12:11:05.791+0000] {processor.py:183} INFO - Processing /home/airflow/.local/lib/python3.8/site-packages/airflow/example_dags/example_latest_only.py took 0.225 seconds
[2026-07-01T12:11:36.750+0000] {processor.py:161} INFO - Started process (PID=381) to work on /home/airflow/.local/lib/python3.8/site-packages/airflow/example_dags/example_latest_only.py
[2026-07-01T12:11:36.755+0000] {processor.py:830} INFO - Processing file /home/airflow/.local/lib/python3.8/site-packages/airflow/example_dags/example_latest_only.py for tasks to queue
[2026-07-01T12:11:36.765+0000] {logging_mixin.py:188} INFO - [2026-07-01T12:11:36.764+0000] {dagbag.py:538} INFO - Filling up the DagBag from /home/airflow/.local/lib/python3.8/site-packages/airflow/example_dags/example_latest_only.py
[2026-07-01T12:11:36.792+0000] {processor.py:840} INFO - DAG(s) 'latest_only' retrieved from /home/airflow/.local/lib/python3.8/site-packages/airflow/example_dags/example_latest_only.py
[2026-07-01T12:11:36.856+0000] {logging_mixin.py:188} INFO - [2026-07-01T12:11:36.855+0000] {dag.py:3036} INFO - Sync 1 DAGs
[2026-07-01T12:11:36.922+0000] {logging_mixin.py:188} INFO - [2026-07-01T12:11:36.922+0000] {dag.py:3823} INFO - Setting next_dagrun for latest_only to 2026-07-01 08:00:00+00:00, run_after=2026-07-01 12:00:00+00:00
[2026-07-01T12:11:37.004+0000] {processor.py:183} INFO - Processing /home/airflow/.local/lib/python3.8/site-packages/airflow/example_dags/example_latest_only.py took 0.270 seconds
[2026-07-01T12:12:07.350+0000] {processor.py:161} INFO - Started process (PID=437) to work on /home/airflow/.local/lib/python3.8/site-packages/airflow/example_dags/example_latest_only.py
[2026-07-01T12:12:07.353+0000] {processor.py:830} INFO - Processing file /home/airflow/.local/lib/python3.8/site-packages/airflow/example_dags/example_latest_only.py for tasks to queue
[2026-07-01T12:12:07.359+0000] {logging_mixin.py:188} INFO - [2026-07-01T12:12:07.358+0000] {dagbag.py:538} INFO - Filling up the DagBag from /home/airflow/.local/lib/python3.8/site-packages/airflow/example_dags/example_latest_only.py
[2026-07-01T12:12:07.374+0000] {processor.py:840} INFO - DAG(s) 'latest_only' retrieved from /home/airflow/.local/lib/python3.8/site-packages/airflow/example_dags/example_latest_only.py
[2026-07-01T12:12:07.424+0000] {logging_mixin.py:188} INFO - [2026-07-01T12:12:07.423+0000] {dag.py:3036} INFO - Sync 1 DAGs
[2026-07-01T12:12:07.474+0000] {logging_mixin.py:188} INFO - [2026-07-01T12:12:07.473+0000] {dag.py:3823} INFO - Setting next_dagrun for latest_only to 2026-07-01 08:00:00+00:00, run_after=2026-07-01 12:00:00+00:00
[2026-07-01T12:12:07.513+0000] {processor.py:183} INFO - Processing /home/airflow/.local/lib/python3.8/site-packages/airflow/example_dags/example_latest_only.py took 0.173 seconds
[2026-07-01T12:12:38.351+0000] {processor.py:161} INFO - Started process (PID=493) to work on /home/airflow/.local/lib/python3.8/site-packages/airflow/example_dags/example_latest_only.py
[2026-07-01T12:12:38.354+0000] {processor.py:830} INFO - Processing file /home/airflow/.local/lib/python3.8/site-packages/airflow/example_dags/example_latest_only.py for tasks to queue
[2026-07-01T12:12:38.359+0000] {logging_mixin.py:188} INFO - [2026-07-01T12:12:38.359+0000] {dagbag.py:538} INFO - Filling up the DagBag from /home/airflow/.local/lib/python3.8/site-packages/airflow/example_dags/example_latest_only.py
[2026-07-01T12:12:38.372+0000] {processor.py:840} INFO - DAG(s) 'latest_only' retrieved from /home/airflow/.local/lib/python3.8/site-packages/airflow/example_dags/example_latest_only.py
[2026-07-01T12:12:38.425+0000] {logging_mixin.py:188} INFO - [2026-07-01T12:12:38.425+0000] {dag.py:3036} INFO - Sync 1 DAGs
[2026-07-01T12:12:38.477+0000] {logging_mixin.py:188} INFO - [2026-07-01T12:12:38.477+0000] {dag.py:3823} INFO - Setting next_dagrun for latest_only to 2026-07-01 08:00:00+00:00, run_after=2026-07-01 12:00:00+00:00
[2026-07-01T12:12:38.539+0000] {processor.py:183} INFO - Processing /home/airflow/.local/lib/python3.8/site-packages/airflow/example_dags/example_latest_only.py took 0.196 seconds
[2026-07-01T12:13:09.454+0000] {processor.py:161} INFO - Started process (PID=549) to work on /home/airflow/.local/lib/python3.8/site-packages/airflow/example_dags/example_latest_only.py
[2026-07-01T12:13:09.457+0000] {processor.py:830} INFO - Processing file /home/airflow/.local/lib/python3.8/site-packages/airflow/example_dags/example_latest_only.py for tasks to queue
[2026-07-01T12:13:09.465+0000] {logging_mixin.py:188} INFO - [2026-07-01T12:13:09.464+0000] {dagbag.py:538} INFO - Filling up the DagBag from /home/airflow/.local/lib/python3.8/site-packages/airflow/example_dags/example_latest_only.py
[2026-07-01T12:13:09.484+0000] {processor.py:840} INFO - DAG(s) 'latest_only' retrieved from /home/airflow/.local/lib/python3.8/site-packages/airflow/example_dags/example_latest_only.py
[2026-07-01T12:13:09.552+0000] {logging_mixin.py:188} INFO - [2026-07-01T12:13:09.552+0000] {dag.py:3036} INFO - Sync 1 DAGs
[2026-07-01T12:13:09.618+0000] {logging_mixin.py:188} INFO - [2026-07-01T12:13:09.617+0000] {dag.py:3823} INFO - Setting next_dagrun for latest_only to 2026-07-01 08:00:00+00:00, run_after=2026-07-01 12:00:00+00:00
[2026-07-01T12:13:09.684+0000] {processor.py:183} INFO - Processing /home/airflow/.local/lib/python3.8/site-packages/airflow/example_dags/example_latest_only.py took 0.244 seconds
[2026-07-01T12:13:40.081+0000] {processor.py:161} INFO - Started process (PID=605) to work on /home/airflow/.local/lib/python3.8/site-packages/airflow/example_dags/example_latest_only.py
[2026-07-01T12:13:40.085+0000] {processor.py:830} INFO - Processing file /home/airflow/.local/lib/python3.8/site-packages/airflow/example_dags/example_latest_only.py for tasks to queue
[2026-07-01T12:13:40.091+0000] {logging_mixin.py:188} INFO - [2026-07-01T12:13:40.090+0000] {dagbag.py:538} INFO - Filling up the DagBag from /home/airflow/.local/lib/python3.8/site-packages/airflow/example_dags/example_latest_only.py
[2026-07-01T12:13:40.111+0000] {processor.py:840} INFO - DAG(s) 'latest_only' retrieved from /home/airflow/.local/lib/python3.8/site-packages/airflow/example_dags/example_latest_only.py
[2026-07-01T12:13:40.191+0000] {logging_mixin.py:188} INFO - [2026-07-01T12:13:40.190+0000] {dag.py:3036} INFO - Sync 1 DAGs
[2026-07-01T12:13:40.262+0000] {logging_mixin.py:188} INFO - [2026-07-01T12:13:40.262+0000] {dag.py:3823} INFO - Setting next_dagrun for latest_only to 2026-07-01 08:00:00+00:00, run_after=2026-07-01 12:00:00+00:00
[2026-07-01T12:13:40.326+0000] {processor.py:183} INFO - Processing /home/airflow/.local/lib/python3.8/site-packages/airflow/example_dags/example_latest_only.py took 0.258 seconds
[2026-07-01T12:14:10.718+0000] {processor.py:161} INFO - Started process (PID=661) to work on /home/airflow/.local/lib/python3.8/site-packages/airflow/example_dags/example_latest_only.py
[2026-07-01T12:14:10.722+0000] {processor.py:830} INFO - Processing file /home/airflow/.local/lib/python3.8/site-packages/airflow/example_dags/example_latest_only.py for tasks to queue
[2026-07-01T12:14:10.729+0000] {logging_mixin.py:188} INFO - [2026-07-01T12:14:10.728+0000] {dagbag.py:538} INFO - Filling up the DagBag from /home/airflow/.local/lib/python3.8/site-packages/airflow/example_dags/example_latest_only.py
[2026-07-01T12:14:10.747+0000] {processor.py:840} INFO - DAG(s) 'latest_only' retrieved from /home/airflow/.local/lib/python3.8/site-packages/airflow/example_dags/example_latest_only.py
[2026-07-01T12:14:10.811+0000] {logging_mixin.py:188} INFO - [2026-07-01T12:14:10.810+0000] {dag.py:3036} INFO - Sync 1 DAGs
[2026-07-01T12:14:10.881+0000] {logging_mixin.py:188} INFO - [2026-07-01T12:14:10.880+0000] {dag.py:3823} INFO - Setting next_dagrun for latest_only to 2026-07-01 08:00:00+00:00, run_after=2026-07-01 12:00:00+00:00
[2026-07-01T12:14:11.003+0000] {processor.py:183} INFO - Processing /home/airflow/.local/lib/python3.8/site-packages/airflow/example_dags/example_latest_only.py took 0.297 seconds
[2026-07-01T12:14:41.281+0000] {processor.py:161} INFO - Started process (PID=717) to work on /home/airflow/.local/lib/python3.8/site-packages/airflow/example_dags/example_latest_only.py
[2026-07-01T12:14:41.285+0000] {processor.py:830} INFO - Processing file /home/airflow/.local/lib/python3.8/site-packages/airflow/example_dags/example_latest_only.py for tasks to queue
[2026-07-01T12:14:41.291+0000] {logging_mixin.py:188} INFO - [2026-07-01T12:14:41.290+0000] {dagbag.py:538} INFO - Filling up the DagBag from /home/airflow/.local/lib/python3.8/site-packages/airflow/example_dags/example_latest_only.py
[2026-07-01T12:14:41.308+0000] {processor.py:840} INFO - DAG(s) 'latest_only' retrieved from /home/airflow/.local/lib/python3.8/site-packages/airflow/example_dags/example_latest_only.py
[2026-07-01T12:14:41.366+0000] {logging_mixin.py:188} INFO - [2026-07-01T12:14:41.366+0000] {dag.py:3036} INFO - Sync 1 DAGs
[2026-07-01T12:14:41.421+0000] {logging_mixin.py:188} INFO - [2026-07-01T12:14:41.421+0000] {dag.py:3823} INFO - Setting next_dagrun for latest_only to 2026-07-01 08:00:00+00:00, run_after=2026-07-01 12:00:00+00:00
[2026-07-01T12:14:41.471+0000] {processor.py:183} INFO - Processing /home/airflow/.local/lib/python3.8/site-packages/airflow/example_dags/example_latest_only.py took 0.200 seconds
[2026-07-01T12:15:11.992+0000] {processor.py:161} INFO - Started process (PID=774) to work on /home/airflow/.local/lib/python3.8/site-packages/airflow/example_dags/example_latest_only.py
[2026-07-01T12:15:11.996+0000] {processor.py:830} INFO - Processing file /home/airflow/.local/lib/python3.8/site-packages/airflow/example_dags/example_latest_only.py for tasks to queue
[2026-07-01T12:15:12.004+0000] {logging_mixin.py:188} INFO - [2026-07-01T12:15:12.003+0000] {dagbag.py:538} INFO - Filling up the DagBag from /home/airflow/.local/lib/python3.8/site-packages/airflow/example_dags/example_latest_only.py
[2026-07-01T12:15:12.026+0000] {processor.py:840} INFO - DAG(s) 'latest_only' retrieved from /home/airflow/.local/lib/python3.8/site-packages/airflow/example_dags/example_latest_only.py
[2026-07-01T12:15:12.084+0000] {logging_mixin.py:188} INFO - [2026-07-01T12:15:12.083+0000] {dag.py:3036} INFO - Sync 1 DAGs
[2026-07-01T12:15:12.145+0000] {logging_mixin.py:188} INFO - [2026-07-01T12:15:12.144+0000] {dag.py:3823} INFO - Setting next_dagrun for latest_only to 2026-07-01 08:00:00+00:00, run_after=2026-07-01 12:00:00+00:00
[2026-07-01T12:15:12.193+0000] {processor.py:183} INFO - Processing /home/airflow/.local/lib/python3.8/site-packages/airflow/example_dags/example_latest_only.py took 0.214 seconds
[2026-07-01T12:15:42.531+0000] {processor.py:161} INFO - Started process (PID=830) to work on /home/airflow/.local/lib/python3.8/site-packages/airflow/example_dags/example_latest_only.py
[2026-07-01T12:15:42.534+0000] {processor.py:830} INFO - Processing file /home/airflow/.local/lib/python3.8/site-packages/airflow/example_dags/example_latest_only.py for tasks to queue
[2026-07-01T12:15:42.539+0000] {logging_mixin.py:188} INFO - [2026-07-01T12:15:42.539+0000] {dagbag.py:538} INFO - Filling up the DagBag from /home/airflow/.local/lib/python3.8/site-packages/airflow/example_dags/example_latest_only.py
[2026-07-01T12:15:42.553+0000] {processor.py:840} INFO - DAG(s) 'latest_only' retrieved from /home/airflow/.local/lib/python3.8/site-packages/airflow/example_dags/example_latest_only.py
[2026-07-01T12:15:42.616+0000] {logging_mixin.py:188} INFO - [2026-07-01T12:15:42.615+0000] {dag.py:3036} INFO - Sync 1 DAGs
[2026-07-01T12:15:42.685+0000] {logging_mixin.py:188} INFO - [2026-07-01T12:15:42.684+0000] {dag.py:3823} INFO - Setting next_dagrun for latest_only to 2026-07-01 08:00:00+00:00, run_after=2026-07-01 12:00:00+00:00
[2026-07-01T12:15:42.737+0000] {processor.py:183} INFO - Processing /home/airflow/.local/lib/python3.8/site-packages/airflow/example_dags/example_latest_only.py took 0.215 seconds
[2026-07-01T12:16:13.699+0000] {processor.py:161} INFO - Started process (PID=886) to work on /home/airflow/.local/lib/python3.8/site-packages/airflow/example_dags/example_latest_only.py
[2026-07-01T12:16:13.702+0000] {processor.py:830} INFO - Processing file /home/airflow/.local/lib/python3.8/site-packages/airflow/example_dags/example_latest_only.py for tasks to queue
[2026-07-01T12:16:13.708+0000] {logging_mixin.py:188} INFO - [2026-07-01T12:16:13.708+0000] {dagbag.py:538} INFO - Filling up the DagBag from /home/airflow/.local/lib/python3.8/site-packages/airflow/example_dags/example_latest_only.py
[2026-07-01T12:16:13.724+0000] {processor.py:840} INFO - DAG(s) 'latest_only' retrieved from /home/airflow/.local/lib/python3.8/site-packages/airflow/example_dags/example_latest_only.py
[2026-07-01T12:16:13.777+0000] {logging_mixin.py:188} INFO - [2026-07-01T12:16:13.777+0000] {dag.py:3036} INFO - Sync 1 DAGs
[2026-07-01T12:16:13.829+0000] {logging_mixin.py:188} INFO - [2026-07-01T12:16:13.829+0000] {dag.py:3823} INFO - Setting next_dagrun for latest_only to 2026-07-01 08:00:00+00:00, run_after=2026-07-01 12:00:00+00:00
[2026-07-01T12:16:13.878+0000] {processor.py:183} INFO - Processing /home/airflow/.local/lib/python3.8/site-packages/airflow/example_dags/example_latest_only.py took 0.190 seconds
[2026-07-01T12:16:44.749+0000] {processor.py:161} INFO - Started process (PID=942) to work on /home/airflow/.local/lib/python3.8/site-packages/airflow/example_dags/example_latest_only.py
[2026-07-01T12:16:44.759+0000] {processor.py:830} INFO - Processing file /home/airflow/.local/lib/python3.8/site-packages/airflow/example_dags/example_latest_only.py for tasks to queue
[2026-07-01T12:16:44.774+0000] {logging_mixin.py:188} INFO - [2026-07-01T12:16:44.773+0000] {dagbag.py:538} INFO - Filling up the DagBag from /home/airflow/.local/lib/python3.8/site-packages/airflow/example_dags/example_latest_only.py
[2026-07-01T12:16:44.814+0000] {processor.py:840} INFO - DAG(s) 'latest_only' retrieved from /home/airflow/.local/lib/python3.8/site-packages/airflow/example_dags/example_latest_only.py
[2026-07-01T12:16:44.956+0000] {logging_mixin.py:188} INFO - [2026-07-01T12:16:44.953+0000] {dag.py:3036} INFO - Sync 1 DAGs
[2026-07-01T12:16:45.087+0000] {logging_mixin.py:188} INFO - [2026-07-01T12:16:45.086+0000] {dag.py:3823} INFO - Setting next_dagrun for latest_only to 2026-07-01 08:00:00+00:00, run_after=2026-07-01 12:00:00+00:00
[2026-07-01T12:16:45.176+0000] {processor.py:183} INFO - Processing /home/airflow/.local/lib/python3.8/site-packages/airflow/example_dags/example_latest_only.py took 0.444 seconds
[2026-07-01T12:17:15.506+0000] {processor.py:161} INFO - Started process (PID=998) to work on /home/airflow/.local/lib/python3.8/site-packages/airflow/example_dags/example_latest_only.py
[2026-07-01T12:17:15.509+0000] {processor.py:830} INFO - Processing file /home/airflow/.local/lib/python3.8/site-packages/airflow/example_dags/example_latest_only.py for tasks to queue
[2026-07-01T12:17:15.514+0000] {logging_mixin.py:188} INFO - [2026-07-01T12:17:15.514+0000] {dagbag.py:538} INFO - Filling up the DagBag from /home/airflow/.local/lib/python3.8/site-packages/airflow/example_dags/example_latest_only.py
[2026-07-01T12:17:15.529+0000] {processor.py:840} INFO - DAG(s) 'latest_only' retrieved from /home/airflow/.local/lib/python3.8/site-packages/airflow/example_dags/example_latest_only.py
[2026-07-01T12:17:15.594+0000] {logging_mixin.py:188} INFO - [2026-07-01T12:17:15.593+0000] {dag.py:3036} INFO - Sync 1 DAGs
[2026-07-01T12:17:15.663+0000] {logging_mixin.py:188} INFO - [2026-07-01T12:17:15.662+0000] {dag.py:3823} INFO - Setting next_dagrun for latest_only to 2026-07-01 08:00:00+00:00, run_after=2026-07-01 12:00:00+00:00
[2026-07-01T12:17:15.707+0000] {processor.py:183} INFO - Processing /home/airflow/.local/lib/python3.8/site-packages/airflow/example_dags/example_latest_only.py took 0.209 seconds
[2026-07-01T12:17:46.054+0000] {processor.py:161} INFO - Started process (PID=1054) to work on /home/airflow/.local/lib/python3.8/site-packages/airflow/example_dags/example_latest_only.py
[2026-07-01T12:17:46.058+0000] {processor.py:830} INFO - Processing file /home/airflow/.local/lib/python3.8/site-packages/airflow/example_dags/example_latest_only.py for tasks to queue
[2026-07-01T12:17:46.067+0000] {logging_mixin.py:188} INFO - [2026-07-01T12:17:46.066+0000] {dagbag.py:538} INFO - Filling up the DagBag from /home/airflow/.local/lib/python3.8/site-packages/airflow/example_dags/example_latest_only.py
[2026-07-01T12:17:46.088+0000] {processor.py:840} INFO - DAG(s) 'latest_only' retrieved from /home/airflow/.local/lib/python3.8/site-packages/airflow/example_dags/example_latest_only.py
[2026-07-01T12:17:46.149+0000] {logging_mixin.py:188} INFO - [2026-07-01T12:17:46.149+0000] {dag.py:3036} INFO - Sync 1 DAGs
[2026-07-01T12:17:46.219+0000] {logging_mixin.py:188} INFO - [2026-07-01T12:17:46.218+0000] {dag.py:3823} INFO - Setting next_dagrun for latest_only to 2026-07-01 08:00:00+00:00, run_after=2026-07-01 12:00:00+00:00
[2026-07-01T12:17:46.288+0000] {processor.py:183} INFO - Processing /home/airflow/.local/lib/python3.8/site-packages/airflow/example_dags/example_latest_only.py took 0.250 seconds
[2026-07-01T12:18:16.610+0000] {processor.py:161} INFO - Started process (PID=1109) to work on /home/airflow/.local/lib/python3.8/site-packages/airflow/example_dags/example_latest_only.py
[2026-07-01T12:18:16.617+0000] {processor.py:830} INFO - Processing file /home/airflow/.local/lib/python3.8/site-packages/airflow/example_dags/example_latest_only.py for tasks to queue
[2026-07-01T12:18:16.625+0000] {logging_mixin.py:188} INFO - [2026-07-01T12:18:16.624+0000] {dagbag.py:538} INFO - Filling up the DagBag from /home/airflow/.local/lib/python3.8/site-packages/airflow/example_dags/example_latest_only.py
[2026-07-01T12:18:16.647+0000] {processor.py:840} INFO - DAG(s) 'latest_only' retrieved from /home/airflow/.local/lib/python3.8/site-packages/airflow/example_dags/example_latest_only.py
[2026-07-01T12:18:16.712+0000] {logging_mixin.py:188} INFO - [2026-07-01T12:18:16.711+0000] {dag.py:3036} INFO - Sync 1 DAGs
[2026-07-01T12:18:16.778+0000] {logging_mixin.py:188} INFO - [2026-07-01T12:18:16.777+0000] {dag.py:3823} INFO - Setting next_dagrun for latest_only to 2026-07-01 08:00:00+00:00, run_after=2026-07-01 12:00:00+00:00
[2026-07-01T12:18:16.829+0000] {processor.py:183} INFO - Processing /home/airflow/.local/lib/python3.8/site-packages/airflow/example_dags/example_latest_only.py took 0.235 seconds
[2026-07-01T12:18:47.013+0000] {processor.py:161} INFO - Started process (PID=1165) to work on /home/airflow/.local/lib/python3.8/site-packages/airflow/example_dags/example_latest_only.py
[2026-07-01T12:18:47.016+0000] {processor.py:830} INFO - Processing file /home/airflow/.local/lib/python3.8/site-packages/airflow/example_dags/example_latest_only.py for tasks to queue
[2026-07-01T12:18:47.022+0000] {logging_mixin.py:188} INFO - [2026-07-01T12:18:47.021+0000] {dagbag.py:538} INFO - Filling up the DagBag from /home/airflow/.local/lib/python3.8/site-packages/airflow/example_dags/example_latest_only.py
[2026-07-01T12:18:47.035+0000] {processor.py:840} INFO - DAG(s) 'latest_only' retrieved from /home/airflow/.local/lib/python3.8/site-packages/airflow/example_dags/example_latest_only.py
[2026-07-01T12:18:47.083+0000] {logging_mixin.py:188} INFO - [2026-07-01T12:18:47.082+0000] {dag.py:3036} INFO - Sync 1 DAGs
[2026-07-01T12:18:47.142+0000] {logging_mixin.py:188} INFO - [2026-07-01T12:18:47.141+0000] {dag.py:3823} INFO - Setting next_dagrun for latest_only to 2026-07-01 08:00:00+00:00, run_after=2026-07-01 12:00:00+00:00
[2026-07-01T12:18:47.194+0000] {processor.py:183} INFO - Processing /home/airflow/.local/lib/python3.8/site-packages/airflow/example_dags/example_latest_only.py took 0.190 seconds
[2026-07-01T12:19:17.482+0000] {processor.py:161} INFO - Started process (PID=1221) to work on /home/airflow/.local/lib/python3.8/site-packages/airflow/example_dags/example_latest_only.py
[2026-07-01T12:19:17.487+0000] {processor.py:830} INFO - Processing file /home/airflow/.local/lib/python3.8/site-packages/airflow/example_dags/example_latest_only.py for tasks to queue
[2026-07-01T12:19:17.495+0000] {logging_mixin.py:188} INFO - [2026-07-01T12:19:17.494+0000] {dagbag.py:538} INFO - Filling up the DagBag from /home/airflow/.local/lib/python3.8/site-packages/airflow/example_dags/example_latest_only.py
[2026-07-01T12:19:17.515+0000] {processor.py:840} INFO - DAG(s) 'latest_only' retrieved from /home/airflow/.local/lib/python3.8/site-packages/airflow/example_dags/example_latest_only.py
[2026-07-01T12:19:17.576+0000] {logging_mixin.py:188} INFO - [2026-07-01T12:19:17.576+0000] {dag.py:3036} INFO - Sync 1 DAGs
[2026-07-01T12:19:17.636+0000] {logging_mixin.py:188} INFO - [2026-07-01T12:19:17.635+0000] {dag.py:3823} INFO - Setting next_dagrun for latest_only to 2026-07-01 08:00:00+00:00, run_after=2026-07-01 12:00:00+00:00
[2026-07-01T12:19:17.683+0000] {processor.py:183} INFO - Processing /home/airflow/.local/lib/python3.8/site-packages/airflow/example_dags/example_latest_only.py took 0.220 seconds
[2026-07-01T12:19:53.176+0000] {processor.py:161} INFO - Started process (PID=1278) to work on /home/airflow/.local/lib/python3.8/site-packages/airflow/example_dags/example_latest_only.py
[2026-07-01T12:19:53.181+0000] {processor.py:830} INFO - Processing file /home/airflow/.local/lib/python3.8/site-packages/airflow/example_dags/example_latest_only.py for tasks to queue
[2026-07-01T12:19:53.196+0000] {logging_mixin.py:188} INFO - [2026-07-01T12:19:53.195+0000] {dagbag.py:538} INFO - Filling up the DagBag from /home/airflow/.local/lib/python3.8/site-packages/airflow/example_dags/example_latest_only.py
[2026-07-01T12:19:53.225+0000] {processor.py:840} INFO - DAG(s) 'latest_only' retrieved from /home/airflow/.local/lib/python3.8/site-packages/airflow/example_dags/example_latest_only.py
[2026-07-01T12:19:53.289+0000] {logging_mixin.py:188} INFO - [2026-07-01T12:19:53.288+0000] {dag.py:3036} INFO - Sync 1 DAGs
[2026-07-01T12:19:53.436+0000] {logging_mixin.py:188} INFO - [2026-07-01T12:19:53.436+0000] {dag.py:3823} INFO - Setting next_dagrun for latest_only to 2026-07-01 08:00:00+00:00, run_after=2026-07-01 12:00:00+00:00
[2026-07-01T12:19:53.566+0000] {processor.py:183} INFO - Processing /home/airflow/.local/lib/python3.8/site-packages/airflow/example_dags/example_latest_only.py took 0.419 seconds
[2026-07-01T12:20:24.390+0000] {processor.py:161} INFO - Started process (PID=1333) to work on /home/airflow/.local/lib/python3.8/site-packages/airflow/example_dags/example_latest_only.py
[2026-07-01T12:20:24.394+0000] {processor.py:830} INFO - Processing file /home/airflow/.local/lib/python3.8/site-packages/airflow/example_dags/example_latest_only.py for tasks to queue
[2026-07-01T12:20:24.410+0000] {logging_mixin.py:188} INFO - [2026-07-01T12:20:24.408+0000] {dagbag.py:538} INFO - Filling up the DagBag from /home/airflow/.local/lib/python3.8/site-packages/airflow/example_dags/example_latest_only.py
[2026-07-01T12:20:24.435+0000] {processor.py:840} INFO - DAG(s) 'latest_only' retrieved from /home/airflow/.local/lib/python3.8/site-packages/airflow/example_dags/example_latest_only.py
[2026-07-01T12:20:24.999+0000] {logging_mixin.py:188} INFO - [2026-07-01T12:20:24.998+0000] {dag.py:3036} INFO - Sync 1 DAGs
[2026-07-01T12:20:25.090+0000] {logging_mixin.py:188} INFO - [2026-07-01T12:20:25.088+0000] {dag.py:3823} INFO - Setting next_dagrun for latest_only to 2026-07-01 08:00:00+00:00, run_after=2026-07-01 12:00:00+00:00
[2026-07-01T12:20:25.171+0000] {processor.py:183} INFO - Processing /home/airflow/.local/lib/python3.8/site-packages/airflow/example_dags/example_latest_only.py took 0.797 seconds
[2026-07-01T12:20:56.848+0000] {processor.py:161} INFO - Started process (PID=1389) to work on /home/airflow/.local/lib/python3.8/site-packages/airflow/example_dags/example_latest_only.py
[2026-07-01T12:20:56.852+0000] {processor.py:830} INFO - Processing file /home/airflow/.local/lib/python3.8/site-packages/airflow/example_dags/example_latest_only.py for tasks to queue
[2026-07-01T12:20:56.859+0000] {logging_mixin.py:188} INFO - [2026-07-01T12:20:56.858+0000] {dagbag.py:538} INFO - Filling up the DagBag from /home/airflow/.local/lib/python3.8/site-packages/airflow/example_dags/example_latest_only.py
[2026-07-01T12:20:56.877+0000] {processor.py:840} INFO - DAG(s) 'latest_only' retrieved from /home/airflow/.local/lib/python3.8/site-packages/airflow/example_dags/example_latest_only.py
[2026-07-01T12:20:56.972+0000] {logging_mixin.py:188} INFO - [2026-07-01T12:20:56.969+0000] {dag.py:3036} INFO - Sync 1 DAGs
[2026-07-01T12:20:57.056+0000] {logging_mixin.py:188} INFO - [2026-07-01T12:20:57.054+0000] {dag.py:3823} INFO - Setting next_dagrun for latest_only to 2026-07-01 08:00:00+00:00, run_after=2026-07-01 12:00:00+00:00
[2026-07-01T12:20:57.130+0000] {processor.py:183} INFO - Processing /home/airflow/.local/lib/python3.8/site-packages/airflow/example_dags/example_latest_only.py took 0.295 seconds
[2026-07-01T12:21:28.576+0000] {processor.py:161} INFO - Started process (PID=1445) to work on /home/airflow/.local/lib/python3.8/site-packages/airflow/example_dags/example_latest_only.py
[2026-07-01T12:21:28.585+0000] {processor.py:830} INFO - Processing file /home/airflow/.local/lib/python3.8/site-packages/airflow/example_dags/example_latest_only.py for tasks to queue
[2026-07-01T12:21:28.593+0000] {logging_mixin.py:188} INFO - [2026-07-01T12:21:28.592+0000] {dagbag.py:538} INFO - Filling up the DagBag from /home/airflow/.local/lib/python3.8/site-packages/airflow/example_dags/example_latest_only.py
[2026-07-01T12:21:28.639+0000] {processor.py:840} INFO - DAG(s) 'latest_only' retrieved from /home/airflow/.local/lib/python3.8/site-packages/airflow/example_dags/example_latest_only.py
[2026-07-01T12:21:28.750+0000] {logging_mixin.py:188} INFO - [2026-07-01T12:21:28.750+0000] {dag.py:3036} INFO - Sync 1 DAGs
[2026-07-01T12:21:28.856+0000] {logging_mixin.py:188} INFO - [2026-07-01T12:21:28.855+0000] {dag.py:3823} INFO - Setting next_dagrun for latest_only to 2026-07-01 08:00:00+00:00, run_after=2026-07-01 12:00:00+00:00
[2026-07-01T12:21:28.917+0000] {processor.py:183} INFO - Processing /home/airflow/.local/lib/python3.8/site-packages/airflow/example_dags/example_latest_only.py took 0.354 seconds
[2026-07-01T12:21:59.017+0000] {processor.py:161} INFO - Started process (PID=1500) to work on /home/airflow/.local/lib/python3.8/site-packages/airflow/example_dags/example_latest_only.py
[2026-07-01T12:21:59.022+0000] {processor.py:830} INFO - Processing file /home/airflow/.local/lib/python3.8/site-packages/airflow/example_dags/example_latest_only.py for tasks to queue
[2026-07-01T12:21:59.030+0000] {logging_mixin.py:188} INFO - [2026-07-01T12:21:59.029+0000] {dagbag.py:538} INFO - Filling up the DagBag from /home/airflow/.local/lib/python3.8/site-packages/airflow/example_dags/example_latest_only.py
[2026-07-01T12:21:59.050+0000] {processor.py:840} INFO - DAG(s) 'latest_only' retrieved from /home/airflow/.local/lib/python3.8/site-packages/airflow/example_dags/example_latest_only.py
[2026-07-01T12:21:59.122+0000] {logging_mixin.py:188} INFO - [2026-07-01T12:21:59.121+0000] {dag.py:3036} INFO - Sync 1 DAGs
[2026-07-01T12:21:59.201+0000] {logging_mixin.py:188} INFO - [2026-07-01T12:21:59.201+0000] {dag.py:3823} INFO - Setting next_dagrun for latest_only to 2026-07-01 08:00:00+00:00, run_after=2026-07-01 12:00:00+00:00
[2026-07-01T12:21:59.258+0000] {processor.py:183} INFO - Processing /home/airflow/.local/lib/python3.8/site-packages/airflow/example_dags/example_latest_only.py took 0.253 seconds
[2026-07-01T12:22:30.013+0000] {processor.py:161} INFO - Started process (PID=1555) to work on /home/airflow/.local/lib/python3.8/site-packages/airflow/example_dags/example_latest_only.py
[2026-07-01T12:22:30.016+0000] {processor.py:830} INFO - Processing file /home/airflow/.local/lib/python3.8/site-packages/airflow/example_dags/example_latest_only.py for tasks to queue
[2026-07-01T12:22:30.023+0000] {logging_mixin.py:188} INFO - [2026-07-01T12:22:30.022+0000] {dagbag.py:538} INFO - Filling up the DagBag from /home/airflow/.local/lib/python3.8/site-packages/airflow/example_dags/example_latest_only.py
[2026-07-01T12:22:30.037+0000] {processor.py:840} INFO - DAG(s) 'latest_only' retrieved from /home/airflow/.local/lib/python3.8/site-packages/airflow/example_dags/example_latest_only.py
[2026-07-01T12:22:30.098+0000] {logging_mixin.py:188} INFO - [2026-07-01T12:22:30.097+0000] {dag.py:3036} INFO - Sync 1 DAGs
[2026-07-01T12:22:30.158+0000] {logging_mixin.py:188} INFO - [2026-07-01T12:22:30.158+0000] {dag.py:3823} INFO - Setting next_dagrun for latest_only to 2026-07-01 08:00:00+00:00, run_after=2026-07-01 12:00:00+00:00
[2026-07-01T12:22:30.205+0000] {processor.py:183} INFO - Processing /home/airflow/.local/lib/python3.8/site-packages/airflow/example_dags/example_latest_only.py took 0.201 seconds
[2026-07-01T12:23:00.300+0000] {processor.py:161} INFO - Started process (PID=1611) to work on /home/airflow/.local/lib/python3.8/site-packages/airflow/example_dags/example_latest_only.py
[2026-07-01T12:23:00.303+0000] {processor.py:830} INFO - Processing file /home/airflow/.local/lib/python3.8/site-packages/airflow/example_dags/example_latest_only.py for tasks to queue
[2026-07-01T12:23:00.308+0000] {logging_mixin.py:188} INFO - [2026-07-01T12:23:00.307+0000] {dagbag.py:538} INFO - Filling up the DagBag from /home/airflow/.local/lib/python3.8/site-packages/airflow/example_dags/example_latest_only.py
[2026-07-01T12:23:00.320+0000] {processor.py:840} INFO - DAG(s) 'latest_only' retrieved from /home/airflow/.local/lib/python3.8/site-packages/airflow/example_dags/example_latest_only.py
[2026-07-01T12:23:00.365+0000] {logging_mixin.py:188} INFO - [2026-07-01T12:23:00.365+0000] {dag.py:3036} INFO - Sync 1 DAGs
[2026-07-01T12:23:00.412+0000] {logging_mixin.py:188} INFO - [2026-07-01T12:23:00.412+0000] {dag.py:3823} INFO - Setting next_dagrun for latest_only to 2026-07-01 08:00:00+00:00, run_after=2026-07-01 12:00:00+00:00
[2026-07-01T12:23:00.453+0000] {processor.py:183} INFO - Processing /home/airflow/.local/lib/python3.8/site-packages/airflow/example_dags/example_latest_only.py took 0.161 seconds
[2026-07-01T12:23:30.761+0000] {processor.py:161} INFO - Started process (PID=1666) to work on /home/airflow/.local/lib/python3.8/site-packages/airflow/example_dags/example_latest_only.py
[2026-07-01T12:23:30.764+0000] {processor.py:830} INFO - Processing file /home/airflow/.local/lib/python3.8/site-packages/airflow/example_dags/example_latest_only.py for tasks to queue
[2026-07-01T12:23:30.771+0000] {logging_mixin.py:188} INFO - [2026-07-01T12:23:30.770+0000] {dagbag.py:538} INFO - Filling up the DagBag from /home/airflow/.local/lib/python3.8/site-packages/airflow/example_dags/example_latest_only.py
[2026-07-01T12:23:30.787+0000] {processor.py:840} INFO - DAG(s) 'latest_only' retrieved from /home/airflow/.local/lib/python3.8/site-packages/airflow/example_dags/example_latest_only.py
[2026-07-01T12:23:30.849+0000] {logging_mixin.py:188} INFO - [2026-07-01T12:23:30.848+0000] {dag.py:3036} INFO - Sync 1 DAGs
[2026-07-01T12:23:30.917+0000] {logging_mixin.py:188} INFO - [2026-07-01T12:23:30.916+0000] {dag.py:3823} INFO - Setting next_dagrun for latest_only to 2026-07-01 08:00:00+00:00, run_after=2026-07-01 12:00:00+00:00
[2026-07-01T12:23:30.974+0000] {processor.py:183} INFO - Processing /home/airflow/.local/lib/python3.8/site-packages/airflow/example_dags/example_latest_only.py took 0.221 seconds
[2026-07-01T12:24:01.642+0000] {processor.py:161} INFO - Started process (PID=1722) to work on /home/airflow/.local/lib/python3.8/site-packages/airflow/example_dags/example_latest_only.py
[2026-07-01T12:24:01.649+0000] {processor.py:830} INFO - Processing file /home/airflow/.local/lib/python3.8/site-packages/airflow/example_dags/example_latest_only.py for tasks to queue
[2026-07-01T12:24:01.665+0000] {logging_mixin.py:188} INFO - [2026-07-01T12:24:01.656+0000] {dagbag.py:538} INFO - Filling up the DagBag from /home/airflow/.local/lib/python3.8/site-packages/airflow/example_dags/example_latest_only.py
[2026-07-01T12:24:01.688+0000] {processor.py:840} INFO - DAG(s) 'latest_only' retrieved from /home/airflow/.local/lib/python3.8/site-packages/airflow/example_dags/example_latest_only.py
[2026-07-01T12:24:01.790+0000] {logging_mixin.py:188} INFO - [2026-07-01T12:24:01.790+0000] {dag.py:3036} INFO - Sync 1 DAGs
[2026-07-01T12:24:01.890+0000] {logging_mixin.py:188} INFO - [2026-07-01T12:24:01.890+0000] {dag.py:3823} INFO - Setting next_dagrun for latest_only to 2026-07-01 08:00:00+00:00, run_after=2026-07-01 12:00:00+00:00
[2026-07-01T12:24:01.970+0000] {processor.py:183} INFO - Processing /home/airflow/.local/lib/python3.8/site-packages/airflow/example_dags/example_latest_only.py took 0.346 seconds
[2026-07-01T12:24:32.772+0000] {processor.py:161} INFO - Started process (PID=1778) to work on /home/airflow/.local/lib/python3.8/site-packages/airflow/example_dags/example_latest_only.py
[2026-07-01T12:24:32.775+0000] {processor.py:830} INFO - Processing file /home/airflow/.local/lib/python3.8/site-packages/airflow/example_dags/example_latest_only.py for tasks to queue
[2026-07-01T12:24:32.780+0000] {logging_mixin.py:188} INFO - [2026-07-01T12:24:32.779+0000] {dagbag.py:538} INFO - Filling up the DagBag from /home/airflow/.local/lib/python3.8/site-packages/airflow/example_dags/example_latest_only.py
[2026-07-01T12:24:32.795+0000] {processor.py:840} INFO - DAG(s) 'latest_only' retrieved from /home/airflow/.local/lib/python3.8/site-packages/airflow/example_dags/example_latest_only.py
[2026-07-01T12:24:32.843+0000] {logging_mixin.py:188} INFO - [2026-07-01T12:24:32.842+0000] {dag.py:3036} INFO - Sync 1 DAGs
[2026-07-01T12:24:32.893+0000] {logging_mixin.py:188} INFO - [2026-07-01T12:24:32.893+0000] {dag.py:3823} INFO - Setting next_dagrun for latest_only to 2026-07-01 08:00:00+00:00, run_after=2026-07-01 12:00:00+00:00
[2026-07-01T12:24:32.937+0000] {processor.py:183} INFO - Processing /home/airflow/.local/lib/python3.8/site-packages/airflow/example_dags/example_latest_only.py took 0.173 seconds
[2026-07-01T12:25:03.608+0000] {processor.py:161} INFO - Started process (PID=1834) to work on /home/airflow/.local/lib/python3.8/site-packages/airflow/example_dags/example_latest_only.py
[2026-07-01T12:25:03.613+0000] {processor.py:830} INFO - Processing file /home/airflow/.local/lib/python3.8/site-packages/airflow/example_dags/example_latest_only.py for tasks to queue
[2026-07-01T12:25:03.620+0000] {logging_mixin.py:188} INFO - [2026-07-01T12:25:03.619+0000] {dagbag.py:538} INFO - Filling up the DagBag from /home/airflow/.local/lib/python3.8/site-packages/airflow/example_dags/example_latest_only.py
[2026-07-01T12:25:03.640+0000] {processor.py:840} INFO - DAG(s) 'latest_only' retrieved from /home/airflow/.local/lib/python3.8/site-packages/airflow/example_dags/example_latest_only.py
[2026-07-01T12:25:03.737+0000] {logging_mixin.py:188} INFO - [2026-07-01T12:25:03.737+0000] {dag.py:3036} INFO - Sync 1 DAGs
[2026-07-01T12:25:03.808+0000] {logging_mixin.py:188} INFO - [2026-07-01T12:25:03.807+0000] {dag.py:3823} INFO - Setting next_dagrun for latest_only to 2026-07-01 08:00:00+00:00, run_after=2026-07-01 12:00:00+00:00
[2026-07-01T12:25:03.856+0000] {processor.py:183} INFO - Processing /home/airflow/.local/lib/python3.8/site-packages/airflow/example_dags/example_latest_only.py took 0.257 seconds
[2026-07-01T12:25:34.303+0000] {processor.py:161} INFO - Started process (PID=1890) to work on /home/airflow/.local/lib/python3.8/site-packages/airflow/example_dags/example_latest_only.py
[2026-07-01T12:25:34.309+0000] {processor.py:830} INFO - Processing file /home/airflow/.local/lib/python3.8/site-packages/airflow/example_dags/example_latest_only.py for tasks to queue
[2026-07-01T12:25:34.319+0000] {logging_mixin.py:188} INFO - [2026-07-01T12:25:34.318+0000] {dagbag.py:538} INFO - Filling up the DagBag from /home/airflow/.local/lib/python3.8/site-packages/airflow/example_dags/example_latest_only.py
[2026-07-01T12:25:34.343+0000] {processor.py:840} INFO - DAG(s) 'latest_only' retrieved from /home/airflow/.local/lib/python3.8/site-packages/airflow/example_dags/example_latest_only.py
[2026-07-01T12:25:34.452+0000] {logging_mixin.py:188} INFO - [2026-07-01T12:25:34.451+0000] {dag.py:3036} INFO - Sync 1 DAGs
[2026-07-01T12:25:34.587+0000] {logging_mixin.py:188} INFO - [2026-07-01T12:25:34.587+0000] {dag.py:3823} INFO - Setting next_dagrun for latest_only to 2026-07-01 08:00:00+00:00, run_after=2026-07-01 12:00:00+00:00
[2026-07-01T12:25:34.670+0000] {processor.py:183} INFO - Processing /home/airflow/.local/lib/python3.8/site-packages/airflow/example_dags/example_latest_only.py took 0.388 seconds
[2026-07-01T12:26:04.924+0000] {processor.py:161} INFO - Started process (PID=1946) to work on /home/airflow/.local/lib/python3.8/site-packages/airflow/example_dags/example_latest_only.py
[2026-07-01T12:26:04.929+0000] {processor.py:830} INFO - Processing file /home/airflow/.local/lib/python3.8/site-packages/airflow/example_dags/example_latest_only.py for tasks to queue
[2026-07-01T12:26:04.937+0000] {logging_mixin.py:188} INFO - [2026-07-01T12:26:04.936+0000] {dagbag.py:538} INFO - Filling up the DagBag from /home/airflow/.local/lib/python3.8/site-packages/airflow/example_dags/example_latest_only.py
[2026-07-01T12:26:04.957+0000] {processor.py:840} INFO - DAG(s) 'latest_only' retrieved from /home/airflow/.local/lib/python3.8/site-packages/airflow/example_dags/example_latest_only.py
[2026-07-01T12:26:05.044+0000] {logging_mixin.py:188} INFO - [2026-07-01T12:26:05.043+0000] {dag.py:3036} INFO - Sync 1 DAGs
[2026-07-01T12:26:05.175+0000] {logging_mixin.py:188} INFO - [2026-07-01T12:26:05.174+0000] {dag.py:3823} INFO - Setting next_dagrun for latest_only to 2026-07-01 08:00:00+00:00, run_after=2026-07-01 12:00:00+00:00
[2026-07-01T12:26:05.248+0000] {processor.py:183} INFO - Processing /home/airflow/.local/lib/python3.8/site-packages/airflow/example_dags/example_latest_only.py took 0.339 seconds
[2026-07-01T12:26:35.479+0000] {processor.py:161} INFO - Started process (PID=2002) to work on /home/airflow/.local/lib/python3.8/site-packages/airflow/example_dags/example_latest_only.py
[2026-07-01T12:26:35.482+0000] {processor.py:830} INFO - Processing file /home/airflow/.local/lib/python3.8/site-packages/airflow/example_dags/example_latest_only.py for tasks to queue
[2026-07-01T12:26:35.487+0000] {logging_mixin.py:188} INFO - [2026-07-01T12:26:35.486+0000] {dagbag.py:538} INFO - Filling up the DagBag from /home/airflow/.local/lib/python3.8/site-packages/airflow/example_dags/example_latest_only.py
[2026-07-01T12:26:35.500+0000] {processor.py:840} INFO - DAG(s) 'latest_only' retrieved from /home/airflow/.local/lib/python3.8/site-packages/airflow/example_dags/example_latest_only.py
[2026-07-01T12:26:35.546+0000] {logging_mixin.py:188} INFO - [2026-07-01T12:26:35.546+0000] {dag.py:3036} INFO - Sync 1 DAGs
[2026-07-01T12:26:35.592+0000] {logging_mixin.py:188} INFO - [2026-07-01T12:26:35.592+0000] {dag.py:3823} INFO - Setting next_dagrun for latest_only to 2026-07-01 08:00:00+00:00, run_after=2026-07-01 12:00:00+00:00
[2026-07-01T12:26:35.631+0000] {processor.py:183} INFO - Processing /home/airflow/.local/lib/python3.8/site-packages/airflow/example_dags/example_latest_only.py took 0.160 seconds
[2026-07-01T12:27:05.816+0000] {processor.py:161} INFO - Started process (PID=2058) to work on /home/airflow/.local/lib/python3.8/site-packages/airflow/example_dags/example_latest_only.py
[2026-07-01T12:27:05.820+0000] {processor.py:830} INFO - Processing file /home/airflow/.local/lib/python3.8/site-packages/airflow/example_dags/example_latest_only.py for tasks to queue
[2026-07-01T12:27:05.827+0000] {logging_mixin.py:188} INFO - [2026-07-01T12:27:05.826+0000] {dagbag.py:538} INFO - Filling up the DagBag from /home/airflow/.local/lib/python3.8/site-packages/airflow/example_dags/example_latest_only.py
[2026-07-01T12:27:05.843+0000] {processor.py:840} INFO - DAG(s) 'latest_only' retrieved from /home/airflow/.local/lib/python3.8/site-packages/airflow/example_dags/example_latest_only.py
[2026-07-01T12:27:05.895+0000] {logging_mixin.py:188} INFO - [2026-07-01T12:27:05.894+0000] {dag.py:3036} INFO - Sync 1 DAGs
[2026-07-01T12:27:05.953+0000] {logging_mixin.py:188} INFO - [2026-07-01T12:27:05.952+0000] {dag.py:3823} INFO - Setting next_dagrun for latest_only to 2026-07-01 08:00:00+00:00, run_after=2026-07-01 12:00:00+00:00
[2026-07-01T12:27:05.998+0000] {processor.py:183} INFO - Processing /home/airflow/.local/lib/python3.8/site-packages/airflow/example_dags/example_latest_only.py took 0.192 seconds
[2026-07-01T12:27:36.515+0000] {processor.py:161} INFO - Started process (PID=2114) to work on /home/airflow/.local/lib/python3.8/site-packages/airflow/example_dags/example_latest_only.py
[2026-07-01T12:27:36.519+0000] {processor.py:830} INFO - Processing file /home/airflow/.local/lib/python3.8/site-packages/airflow/example_dags/example_latest_only.py for tasks to queue
[2026-07-01T12:27:36.526+0000] {logging_mixin.py:188} INFO - [2026-07-01T12:27:36.526+0000] {dagbag.py:538} INFO - Filling up the DagBag from /home/airflow/.local/lib/python3.8/site-packages/airflow/example_dags/example_latest_only.py
[2026-07-01T12:27:36.543+0000] {processor.py:840} INFO - DAG(s) 'latest_only' retrieved from /home/airflow/.local/lib/python3.8/site-packages/airflow/example_dags/example_latest_only.py
[2026-07-01T12:27:36.625+0000] {logging_mixin.py:188} INFO - [2026-07-01T12:27:36.625+0000] {dag.py:3036} INFO - Sync 1 DAGs
[2026-07-01T12:27:36.700+0000] {logging_mixin.py:188} INFO - [2026-07-01T12:27:36.699+0000] {dag.py:3823} INFO - Setting next_dagrun for latest_only to 2026-07-01 08:00:00+00:00, run_after=2026-07-01 12:00:00+00:00
[2026-07-01T12:27:36.750+0000] {processor.py:183} INFO - Processing /home/airflow/.local/lib/python3.8/site-packages/airflow/example_dags/example_latest_only.py took 0.246 seconds
[2026-07-01T12:28:07.084+0000] {processor.py:161} INFO - Started process (PID=2176) to work on /home/airflow/.local/lib/python3.8/site-packages/airflow/example_dags/example_latest_only.py
[2026-07-01T12:28:07.088+0000] {processor.py:830} INFO - Processing file /home/airflow/.local/lib/python3.8/site-packages/airflow/example_dags/example_latest_only.py for tasks to queue
[2026-07-01T12:28:07.097+0000] {logging_mixin.py:188} INFO - [2026-07-01T12:28:07.096+0000] {dagbag.py:538} INFO - Filling up the DagBag from /home/airflow/.local/lib/python3.8/site-packages/airflow/example_dags/example_latest_only.py
[2026-07-01T12:28:07.115+0000] {processor.py:840} INFO - DAG(s) 'latest_only' retrieved from /home/airflow/.local/lib/python3.8/site-packages/airflow/example_dags/example_latest_only.py
[2026-07-01T12:28:07.182+0000] {logging_mixin.py:188} INFO - [2026-07-01T12:28:07.182+0000] {dag.py:3036} INFO - Sync 1 DAGs
[2026-07-01T12:28:07.246+0000] {logging_mixin.py:188} INFO - [2026-07-01T12:28:07.246+0000] {dag.py:3823} INFO - Setting next_dagrun for latest_only to 2026-07-01 08:00:00+00:00, run_after=2026-07-01 12:00:00+00:00
[2026-07-01T12:28:07.292+0000] {processor.py:183} INFO - Processing /home/airflow/.local/lib/python3.8/site-packages/airflow/example_dags/example_latest_only.py took 0.222 seconds
[2026-07-01T12:28:37.702+0000] {processor.py:161} INFO - Started process (PID=2233) to work on /home/airflow/.local/lib/python3.8/site-packages/airflow/example_dags/example_latest_only.py
[2026-07-01T12:28:37.708+0000] {processor.py:830} INFO - Processing file /home/airflow/.local/lib/python3.8/site-packages/airflow/example_dags/example_latest_only.py for tasks to queue
[2026-07-01T12:28:37.719+0000] {logging_mixin.py:188} INFO - [2026-07-01T12:28:37.718+0000] {dagbag.py:538} INFO - Filling up the DagBag from /home/airflow/.local/lib/python3.8/site-packages/airflow/example_dags/example_latest_only.py
[2026-07-01T12:28:37.753+0000] {processor.py:840} INFO - DAG(s) 'latest_only' retrieved from /home/airflow/.local/lib/python3.8/site-packages/airflow/example_dags/example_latest_only.py
[2026-07-01T12:28:37.854+0000] {logging_mixin.py:188} INFO - [2026-07-01T12:28:37.853+0000] {dag.py:3036} INFO - Sync 1 DAGs
[2026-07-01T12:28:37.956+0000] {logging_mixin.py:188} INFO - [2026-07-01T12:28:37.955+0000] {dag.py:3823} INFO - Setting next_dagrun for latest_only to 2026-07-01 08:00:00+00:00, run_after=2026-07-01 12:00:00+00:00
[2026-07-01T12:28:38.023+0000] {processor.py:183} INFO - Processing /home/airflow/.local/lib/python3.8/site-packages/airflow/example_dags/example_latest_only.py took 0.341 seconds
[2026-07-01T12:29:08.300+0000] {processor.py:161} INFO - Started process (PID=2290) to work on /home/airflow/.local/lib/python3.8/site-packages/airflow/example_dags/example_latest_only.py
[2026-07-01T12:29:08.305+0000] {processor.py:830} INFO - Processing file /home/airflow/.local/lib/python3.8/site-packages/airflow/example_dags/example_latest_only.py for tasks to queue
[2026-07-01T12:29:08.312+0000] {logging_mixin.py:188} INFO - [2026-07-01T12:29:08.311+0000] {dagbag.py:538} INFO - Filling up the DagBag from /home/airflow/.local/lib/python3.8/site-packages/airflow/example_dags/example_latest_only.py
[2026-07-01T12:29:08.329+0000] {processor.py:840} INFO - DAG(s) 'latest_only' retrieved from /home/airflow/.local/lib/python3.8/site-packages/airflow/example_dags/example_latest_only.py
[2026-07-01T12:29:08.387+0000] {logging_mixin.py:188} INFO - [2026-07-01T12:29:08.386+0000] {dag.py:3036} INFO - Sync 1 DAGs
[2026-07-01T12:29:08.442+0000] {logging_mixin.py:188} INFO - [2026-07-01T12:29:08.441+0000] {dag.py:3823} INFO - Setting next_dagrun for latest_only to 2026-07-01 08:00:00+00:00, run_after=2026-07-01 12:00:00+00:00
[2026-07-01T12:29:08.483+0000] {processor.py:183} INFO - Processing /home/airflow/.local/lib/python3.8/site-packages/airflow/example_dags/example_latest_only.py took 0.195 seconds
[2026-07-01T12:29:38.730+0000] {processor.py:161} INFO - Started process (PID=2346) to work on /home/airflow/.local/lib/python3.8/site-packages/airflow/example_dags/example_latest_only.py
[2026-07-01T12:29:38.733+0000] {processor.py:830} INFO - Processing file /home/airflow/.local/lib/python3.8/site-packages/airflow/example_dags/example_latest_only.py for tasks to queue
[2026-07-01T12:29:38.739+0000] {logging_mixin.py:188} INFO - [2026-07-01T12:29:38.738+0000] {dagbag.py:538} INFO - Filling up the DagBag from /home/airflow/.local/lib/python3.8/site-packages/airflow/example_dags/example_latest_only.py
[2026-07-01T12:29:38.753+0000] {processor.py:840} INFO - DAG(s) 'latest_only' retrieved from /home/airflow/.local/lib/python3.8/site-packages/airflow/example_dags/example_latest_only.py
[2026-07-01T12:29:38.802+0000] {logging_mixin.py:188} INFO - [2026-07-01T12:29:38.802+0000] {dag.py:3036} INFO - Sync 1 DAGs
[2026-07-01T12:29:38.854+0000] {logging_mixin.py:188} INFO - [2026-07-01T12:29:38.854+0000] {dag.py:3823} INFO - Setting next_dagrun for latest_only to 2026-07-01 08:00:00+00:00, run_after=2026-07-01 12:00:00+00:00
[2026-07-01T12:29:38.898+0000] {processor.py:183} INFO - Processing /home/airflow/.local/lib/python3.8/site-packages/airflow/example_dags/example_latest_only.py took 0.177 seconds
