[2026-07-01T11:58:35.634+0000] {processor.py:161} INFO - Started process (PID=113) to work on /home/airflow/.local/lib/python3.8/site-packages/airflow/example_dags/example_time_delta_sensor_async.py
[2026-07-01T11:58:35.637+0000] {processor.py:830} INFO - Processing file /home/airflow/.local/lib/python3.8/site-packages/airflow/example_dags/example_time_delta_sensor_async.py for tasks to queue
[2026-07-01T11:58:35.645+0000] {logging_mixin.py:188} INFO - [2026-07-01T11:58:35.644+0000] {dagbag.py:538} INFO - Filling up the DagBag from /home/airflow/.local/lib/python3.8/site-packages/airflow/example_dags/example_time_delta_sensor_async.py
[2026-07-01T11:58:35.699+0000] {processor.py:840} INFO - DAG(s) 'example_time_delta_sensor_async' retrieved from /home/airflow/.local/lib/python3.8/site-packages/airflow/example_dags/example_time_delta_sensor_async.py
[2026-07-01T11:58:36.281+0000] {logging_mixin.py:188} INFO - [2026-07-01T11:58:36.281+0000] {dag.py:3036} INFO - Sync 1 DAGs
[2026-07-01T11:58:36.314+0000] {logging_mixin.py:188} INFO - [2026-07-01T11:58:36.313+0000] {dag.py:3823} INFO - Setting next_dagrun for example_time_delta_sensor_async to None, run_after=None
[2026-07-01T11:58:36.379+0000] {processor.py:183} INFO - Processing /home/airflow/.local/lib/python3.8/site-packages/airflow/example_dags/example_time_delta_sensor_async.py took 0.763 seconds
[2026-07-01T11:59:06.758+0000] {processor.py:161} INFO - Started process (PID=168) to work on /home/airflow/.local/lib/python3.8/site-packages/airflow/example_dags/example_time_delta_sensor_async.py
[2026-07-01T11:59:06.762+0000] {processor.py:830} INFO - Processing file /home/airflow/.local/lib/python3.8/site-packages/airflow/example_dags/example_time_delta_sensor_async.py for tasks to queue
[2026-07-01T11:59:06.767+0000] {logging_mixin.py:188} INFO - [2026-07-01T11:59:06.767+0000] {dagbag.py:538} INFO - Filling up the DagBag from /home/airflow/.local/lib/python3.8/site-packages/airflow/example_dags/example_time_delta_sensor_async.py
[2026-07-01T11:59:06.782+0000] {processor.py:840} INFO - DAG(s) 'example_time_delta_sensor_async' retrieved from /home/airflow/.local/lib/python3.8/site-packages/airflow/example_dags/example_time_delta_sensor_async.py
[2026-07-01T11:59:06.834+0000] {logging_mixin.py:188} INFO - [2026-07-01T11:59:06.833+0000] {dag.py:3036} INFO - Sync 1 DAGs
[2026-07-01T11:59:06.867+0000] {logging_mixin.py:188} INFO - [2026-07-01T11:59:06.866+0000] {dag.py:3823} INFO - Setting next_dagrun for example_time_delta_sensor_async to None, run_after=None
[2026-07-01T11:59:06.918+0000] {processor.py:183} INFO - Processing /home/airflow/.local/lib/python3.8/site-packages/airflow/example_dags/example_time_delta_sensor_async.py took 0.171 seconds
[2026-07-01T11:59:37.343+0000] {processor.py:161} INFO - Started process (PID=223) to work on /home/airflow/.local/lib/python3.8/site-packages/airflow/example_dags/example_time_delta_sensor_async.py
[2026-07-01T11:59:37.346+0000] {processor.py:830} INFO - Processing file /home/airflow/.local/lib/python3.8/site-packages/airflow/example_dags/example_time_delta_sensor_async.py for tasks to queue
[2026-07-01T11:59:37.352+0000] {logging_mixin.py:188} INFO - [2026-07-01T11:59:37.351+0000] {dagbag.py:538} INFO - Filling up the DagBag from /home/airflow/.local/lib/python3.8/site-packages/airflow/example_dags/example_time_delta_sensor_async.py
[2026-07-01T11:59:37.366+0000] {processor.py:840} INFO - DAG(s) 'example_time_delta_sensor_async' retrieved from /home/airflow/.local/lib/python3.8/site-packages/airflow/example_dags/example_time_delta_sensor_async.py
[2026-07-01T11:59:37.423+0000] {logging_mixin.py:188} INFO - [2026-07-01T11:59:37.423+0000] {dag.py:3036} INFO - Sync 1 DAGs
[2026-07-01T11:59:37.459+0000] {logging_mixin.py:188} INFO - [2026-07-01T11:59:37.458+0000] {dag.py:3823} INFO - Setting next_dagrun for example_time_delta_sensor_async to None, run_after=None
[2026-07-01T11:59:37.501+0000] {processor.py:183} INFO - Processing /home/airflow/.local/lib/python3.8/site-packages/airflow/example_dags/example_time_delta_sensor_async.py took 0.167 seconds
[2026-07-01T12:00:07.614+0000] {processor.py:161} INFO - Started process (PID=278) to work on /home/airflow/.local/lib/python3.8/site-packages/airflow/example_dags/example_time_delta_sensor_async.py
[2026-07-01T12:00:07.617+0000] {processor.py:830} INFO - Processing file /home/airflow/.local/lib/python3.8/site-packages/airflow/example_dags/example_time_delta_sensor_async.py for tasks to queue
[2026-07-01T12:00:07.623+0000] {logging_mixin.py:188} INFO - [2026-07-01T12:00:07.622+0000] {dagbag.py:538} INFO - Filling up the DagBag from /home/airflow/.local/lib/python3.8/site-packages/airflow/example_dags/example_time_delta_sensor_async.py
[2026-07-01T12:00:07.636+0000] {processor.py:840} INFO - DAG(s) 'example_time_delta_sensor_async' retrieved from /home/airflow/.local/lib/python3.8/site-packages/airflow/example_dags/example_time_delta_sensor_async.py
[2026-07-01T12:00:07.668+0000] {logging_mixin.py:188} INFO - [2026-07-01T12:00:07.667+0000] {dag.py:3036} INFO - Sync 1 DAGs
[2026-07-01T12:00:07.701+0000] {logging_mixin.py:188} INFO - [2026-07-01T12:00:07.700+0000] {dag.py:3823} INFO - Setting next_dagrun for example_time_delta_sensor_async to None, run_after=None
[2026-07-01T12:00:07.798+0000] {processor.py:183} INFO - Processing /home/airflow/.local/lib/python3.8/site-packages/airflow/example_dags/example_time_delta_sensor_async.py took 0.192 seconds
[2026-07-01T12:00:39.023+0000] {processor.py:161} INFO - Started process (PID=333) to work on /home/airflow/.local/lib/python3.8/site-packages/airflow/example_dags/example_time_delta_sensor_async.py
[2026-07-01T12:00:39.030+0000] {processor.py:830} INFO - Processing file /home/airflow/.local/lib/python3.8/site-packages/airflow/example_dags/example_time_delta_sensor_async.py for tasks to queue
[2026-07-01T12:00:39.038+0000] {logging_mixin.py:188} INFO - [2026-07-01T12:00:39.037+0000] {dagbag.py:538} INFO - Filling up the DagBag from /home/airflow/.local/lib/python3.8/site-packages/airflow/example_dags/example_time_delta_sensor_async.py
[2026-07-01T12:00:39.063+0000] {processor.py:840} INFO - DAG(s) 'example_time_delta_sensor_async' retrieved from /home/airflow/.local/lib/python3.8/site-packages/airflow/example_dags/example_time_delta_sensor_async.py
[2026-07-01T12:00:39.522+0000] {logging_mixin.py:188} INFO - [2026-07-01T12:00:39.522+0000] {dag.py:3036} INFO - Sync 1 DAGs
[2026-07-01T12:00:39.563+0000] {logging_mixin.py:188} INFO - [2026-07-01T12:00:39.562+0000] {dag.py:3823} INFO - Setting next_dagrun for example_time_delta_sensor_async to None, run_after=None
[2026-07-01T12:00:39.630+0000] {processor.py:183} INFO - Processing /home/airflow/.local/lib/python3.8/site-packages/airflow/example_dags/example_time_delta_sensor_async.py took 0.620 seconds
[2026-07-01T12:01:10.210+0000] {processor.py:161} INFO - Started process (PID=388) to work on /home/airflow/.local/lib/python3.8/site-packages/airflow/example_dags/example_time_delta_sensor_async.py
[2026-07-01T12:01:10.215+0000] {processor.py:830} INFO - Processing file /home/airflow/.local/lib/python3.8/site-packages/airflow/example_dags/example_time_delta_sensor_async.py for tasks to queue
[2026-07-01T12:01:10.223+0000] {logging_mixin.py:188} INFO - [2026-07-01T12:01:10.222+0000] {dagbag.py:538} INFO - Filling up the DagBag from /home/airflow/.local/lib/python3.8/site-packages/airflow/example_dags/example_time_delta_sensor_async.py
[2026-07-01T12:01:10.239+0000] {processor.py:840} INFO - DAG(s) 'example_time_delta_sensor_async' retrieved from /home/airflow/.local/lib/python3.8/site-packages/airflow/example_dags/example_time_delta_sensor_async.py
[2026-07-01T12:01:10.297+0000] {logging_mixin.py:188} INFO - [2026-07-01T12:01:10.297+0000] {dag.py:3036} INFO - Sync 1 DAGs
[2026-07-01T12:01:10.334+0000] {logging_mixin.py:188} INFO - [2026-07-01T12:01:10.334+0000] {dag.py:3823} INFO - Setting next_dagrun for example_time_delta_sensor_async to None, run_after=None
[2026-07-01T12:01:10.388+0000] {processor.py:183} INFO - Processing /home/airflow/.local/lib/python3.8/site-packages/airflow/example_dags/example_time_delta_sensor_async.py took 0.190 seconds
[2026-07-01T12:01:41.034+0000] {processor.py:161} INFO - Started process (PID=443) to work on /home/airflow/.local/lib/python3.8/site-packages/airflow/example_dags/example_time_delta_sensor_async.py
[2026-07-01T12:01:41.048+0000] {processor.py:830} INFO - Processing file /home/airflow/.local/lib/python3.8/site-packages/airflow/example_dags/example_time_delta_sensor_async.py for tasks to queue
[2026-07-01T12:01:41.063+0000] {logging_mixin.py:188} INFO - [2026-07-01T12:01:41.062+0000] {dagbag.py:538} INFO - Filling up the DagBag from /home/airflow/.local/lib/python3.8/site-packages/airflow/example_dags/example_time_delta_sensor_async.py
[2026-07-01T12:01:41.092+0000] {processor.py:840} INFO - DAG(s) 'example_time_delta_sensor_async' retrieved from /home/airflow/.local/lib/python3.8/site-packages/airflow/example_dags/example_time_delta_sensor_async.py
[2026-07-01T12:01:41.176+0000] {logging_mixin.py:188} INFO - [2026-07-01T12:01:41.175+0000] {dag.py:3036} INFO - Sync 1 DAGs
[2026-07-01T12:01:41.226+0000] {logging_mixin.py:188} INFO - [2026-07-01T12:01:41.226+0000] {dag.py:3823} INFO - Setting next_dagrun for example_time_delta_sensor_async to None, run_after=None
[2026-07-01T12:01:41.286+0000] {processor.py:183} INFO - Processing /home/airflow/.local/lib/python3.8/site-packages/airflow/example_dags/example_time_delta_sensor_async.py took 0.259 seconds
[2026-07-01T12:02:11.385+0000] {processor.py:161} INFO - Started process (PID=499) to work on /home/airflow/.local/lib/python3.8/site-packages/airflow/example_dags/example_time_delta_sensor_async.py
[2026-07-01T12:02:11.389+0000] {processor.py:830} INFO - Processing file /home/airflow/.local/lib/python3.8/site-packages/airflow/example_dags/example_time_delta_sensor_async.py for tasks to queue
[2026-07-01T12:02:11.395+0000] {logging_mixin.py:188} INFO - [2026-07-01T12:02:11.394+0000] {dagbag.py:538} INFO - Filling up the DagBag from /home/airflow/.local/lib/python3.8/site-packages/airflow/example_dags/example_time_delta_sensor_async.py
[2026-07-01T12:02:11.408+0000] {processor.py:840} INFO - DAG(s) 'example_time_delta_sensor_async' retrieved from /home/airflow/.local/lib/python3.8/site-packages/airflow/example_dags/example_time_delta_sensor_async.py
[2026-07-01T12:02:11.479+0000] {logging_mixin.py:188} INFO - [2026-07-01T12:02:11.478+0000] {dag.py:3036} INFO - Sync 1 DAGs
[2026-07-01T12:02:11.507+0000] {logging_mixin.py:188} INFO - [2026-07-01T12:02:11.506+0000] {dag.py:3823} INFO - Setting next_dagrun for example_time_delta_sensor_async to None, run_after=None
[2026-07-01T12:02:11.563+0000] {processor.py:183} INFO - Processing /home/airflow/.local/lib/python3.8/site-packages/airflow/example_dags/example_time_delta_sensor_async.py took 0.186 seconds
[2026-07-01T12:02:42.134+0000] {processor.py:161} INFO - Started process (PID=555) to work on /home/airflow/.local/lib/python3.8/site-packages/airflow/example_dags/example_time_delta_sensor_async.py
[2026-07-01T12:02:42.138+0000] {processor.py:830} INFO - Processing file /home/airflow/.local/lib/python3.8/site-packages/airflow/example_dags/example_time_delta_sensor_async.py for tasks to queue
[2026-07-01T12:02:42.144+0000] {logging_mixin.py:188} INFO - [2026-07-01T12:02:42.143+0000] {dagbag.py:538} INFO - Filling up the DagBag from /home/airflow/.local/lib/python3.8/site-packages/airflow/example_dags/example_time_delta_sensor_async.py
[2026-07-01T12:02:42.158+0000] {processor.py:840} INFO - DAG(s) 'example_time_delta_sensor_async' retrieved from /home/airflow/.local/lib/python3.8/site-packages/airflow/example_dags/example_time_delta_sensor_async.py
[2026-07-01T12:02:42.205+0000] {logging_mixin.py:188} INFO - [2026-07-01T12:02:42.204+0000] {dag.py:3036} INFO - Sync 1 DAGs
[2026-07-01T12:02:42.236+0000] {logging_mixin.py:188} INFO - [2026-07-01T12:02:42.235+0000] {dag.py:3823} INFO - Setting next_dagrun for example_time_delta_sensor_async to None, run_after=None
[2026-07-01T12:02:42.277+0000] {processor.py:183} INFO - Processing /home/airflow/.local/lib/python3.8/site-packages/airflow/example_dags/example_time_delta_sensor_async.py took 0.152 seconds
[2026-07-01T12:03:12.844+0000] {processor.py:161} INFO - Started process (PID=610) to work on /home/airflow/.local/lib/python3.8/site-packages/airflow/example_dags/example_time_delta_sensor_async.py
[2026-07-01T12:03:12.847+0000] {processor.py:830} INFO - Processing file /home/airflow/.local/lib/python3.8/site-packages/airflow/example_dags/example_time_delta_sensor_async.py for tasks to queue
[2026-07-01T12:03:12.853+0000] {logging_mixin.py:188} INFO - [2026-07-01T12:03:12.852+0000] {dagbag.py:538} INFO - Filling up the DagBag from /home/airflow/.local/lib/python3.8/site-packages/airflow/example_dags/example_time_delta_sensor_async.py
[2026-07-01T12:03:12.865+0000] {processor.py:840} INFO - DAG(s) 'example_time_delta_sensor_async' retrieved from /home/airflow/.local/lib/python3.8/site-packages/airflow/example_dags/example_time_delta_sensor_async.py
[2026-07-01T12:03:12.912+0000] {logging_mixin.py:188} INFO - [2026-07-01T12:03:12.911+0000] {dag.py:3036} INFO - Sync 1 DAGs
[2026-07-01T12:03:12.944+0000] {logging_mixin.py:188} INFO - [2026-07-01T12:03:12.944+0000] {dag.py:3823} INFO - Setting next_dagrun for example_time_delta_sensor_async to None, run_after=None
[2026-07-01T12:03:12.988+0000] {processor.py:183} INFO - Processing /home/airflow/.local/lib/python3.8/site-packages/airflow/example_dags/example_time_delta_sensor_async.py took 0.152 seconds
[2026-07-01T12:03:43.145+0000] {processor.py:161} INFO - Started process (PID=666) to work on /home/airflow/.local/lib/python3.8/site-packages/airflow/example_dags/example_time_delta_sensor_async.py
[2026-07-01T12:03:43.149+0000] {processor.py:830} INFO - Processing file /home/airflow/.local/lib/python3.8/site-packages/airflow/example_dags/example_time_delta_sensor_async.py for tasks to queue
[2026-07-01T12:03:43.155+0000] {logging_mixin.py:188} INFO - [2026-07-01T12:03:43.154+0000] {dagbag.py:538} INFO - Filling up the DagBag from /home/airflow/.local/lib/python3.8/site-packages/airflow/example_dags/example_time_delta_sensor_async.py
[2026-07-01T12:03:43.167+0000] {processor.py:840} INFO - DAG(s) 'example_time_delta_sensor_async' retrieved from /home/airflow/.local/lib/python3.8/site-packages/airflow/example_dags/example_time_delta_sensor_async.py
[2026-07-01T12:03:43.214+0000] {logging_mixin.py:188} INFO - [2026-07-01T12:03:43.213+0000] {dag.py:3036} INFO - Sync 1 DAGs
[2026-07-01T12:03:43.241+0000] {logging_mixin.py:188} INFO - [2026-07-01T12:03:43.241+0000] {dag.py:3823} INFO - Setting next_dagrun for example_time_delta_sensor_async to None, run_after=None
[2026-07-01T12:03:43.282+0000] {processor.py:183} INFO - Processing /home/airflow/.local/lib/python3.8/site-packages/airflow/example_dags/example_time_delta_sensor_async.py took 0.145 seconds
[2026-07-01T12:04:13.658+0000] {processor.py:161} INFO - Started process (PID=719) to work on /home/airflow/.local/lib/python3.8/site-packages/airflow/example_dags/example_time_delta_sensor_async.py
[2026-07-01T12:04:13.661+0000] {processor.py:830} INFO - Processing file /home/airflow/.local/lib/python3.8/site-packages/airflow/example_dags/example_time_delta_sensor_async.py for tasks to queue
[2026-07-01T12:04:13.667+0000] {logging_mixin.py:188} INFO - [2026-07-01T12:04:13.666+0000] {dagbag.py:538} INFO - Filling up the DagBag from /home/airflow/.local/lib/python3.8/site-packages/airflow/example_dags/example_time_delta_sensor_async.py
[2026-07-01T12:04:13.680+0000] {processor.py:840} INFO - DAG(s) 'example_time_delta_sensor_async' retrieved from /home/airflow/.local/lib/python3.8/site-packages/airflow/example_dags/example_time_delta_sensor_async.py
[2026-07-01T12:04:13.731+0000] {logging_mixin.py:188} INFO - [2026-07-01T12:04:13.731+0000] {dag.py:3036} INFO - Sync 1 DAGs
[2026-07-01T12:04:13.770+0000] {logging_mixin.py:188} INFO - [2026-07-01T12:04:13.769+0000] {dag.py:3823} INFO - Setting next_dagrun for example_time_delta_sensor_async to None, run_after=None
[2026-07-01T12:04:13.836+0000] {processor.py:183} INFO - Processing /home/airflow/.local/lib/python3.8/site-packages/airflow/example_dags/example_time_delta_sensor_async.py took 0.186 seconds
[2026-07-01T12:04:44.798+0000] {processor.py:161} INFO - Started process (PID=774) to work on /home/airflow/.local/lib/python3.8/site-packages/airflow/example_dags/example_time_delta_sensor_async.py
[2026-07-01T12:04:44.801+0000] {processor.py:830} INFO - Processing file /home/airflow/.local/lib/python3.8/site-packages/airflow/example_dags/example_time_delta_sensor_async.py for tasks to queue
[2026-07-01T12:04:44.810+0000] {logging_mixin.py:188} INFO - [2026-07-01T12:04:44.810+0000] {dagbag.py:538} INFO - Filling up the DagBag from /home/airflow/.local/lib/python3.8/site-packages/airflow/example_dags/example_time_delta_sensor_async.py
[2026-07-01T12:04:44.835+0000] {processor.py:840} INFO - DAG(s) 'example_time_delta_sensor_async' retrieved from /home/airflow/.local/lib/python3.8/site-packages/airflow/example_dags/example_time_delta_sensor_async.py
[2026-07-01T12:04:44.909+0000] {logging_mixin.py:188} INFO - [2026-07-01T12:04:44.908+0000] {dag.py:3036} INFO - Sync 1 DAGs
[2026-07-01T12:04:44.948+0000] {logging_mixin.py:188} INFO - [2026-07-01T12:04:44.948+0000] {dag.py:3823} INFO - Setting next_dagrun for example_time_delta_sensor_async to None, run_after=None
[2026-07-01T12:04:45.012+0000] {processor.py:183} INFO - Processing /home/airflow/.local/lib/python3.8/site-packages/airflow/example_dags/example_time_delta_sensor_async.py took 0.229 seconds
[2026-07-01T12:05:15.321+0000] {processor.py:161} INFO - Started process (PID=829) to work on /home/airflow/.local/lib/python3.8/site-packages/airflow/example_dags/example_time_delta_sensor_async.py
[2026-07-01T12:05:15.330+0000] {processor.py:830} INFO - Processing file /home/airflow/.local/lib/python3.8/site-packages/airflow/example_dags/example_time_delta_sensor_async.py for tasks to queue
[2026-07-01T12:05:15.343+0000] {logging_mixin.py:188} INFO - [2026-07-01T12:05:15.342+0000] {dagbag.py:538} INFO - Filling up the DagBag from /home/airflow/.local/lib/python3.8/site-packages/airflow/example_dags/example_time_delta_sensor_async.py
[2026-07-01T12:05:15.365+0000] {processor.py:840} INFO - DAG(s) 'example_time_delta_sensor_async' retrieved from /home/airflow/.local/lib/python3.8/site-packages/airflow/example_dags/example_time_delta_sensor_async.py
[2026-07-01T12:05:15.427+0000] {logging_mixin.py:188} INFO - [2026-07-01T12:05:15.426+0000] {dag.py:3036} INFO - Sync 1 DAGs
[2026-07-01T12:05:15.467+0000] {logging_mixin.py:188} INFO - [2026-07-01T12:05:15.466+0000] {dag.py:3823} INFO - Setting next_dagrun for example_time_delta_sensor_async to None, run_after=None
[2026-07-01T12:05:15.522+0000] {processor.py:183} INFO - Processing /home/airflow/.local/lib/python3.8/site-packages/airflow/example_dags/example_time_delta_sensor_async.py took 0.212 seconds
[2026-07-01T12:05:45.753+0000] {processor.py:161} INFO - Started process (PID=884) to work on /home/airflow/.local/lib/python3.8/site-packages/airflow/example_dags/example_time_delta_sensor_async.py
[2026-07-01T12:05:45.757+0000] {processor.py:830} INFO - Processing file /home/airflow/.local/lib/python3.8/site-packages/airflow/example_dags/example_time_delta_sensor_async.py for tasks to queue
[2026-07-01T12:05:45.764+0000] {logging_mixin.py:188} INFO - [2026-07-01T12:05:45.763+0000] {dagbag.py:538} INFO - Filling up the DagBag from /home/airflow/.local/lib/python3.8/site-packages/airflow/example_dags/example_time_delta_sensor_async.py
[2026-07-01T12:05:45.781+0000] {processor.py:840} INFO - DAG(s) 'example_time_delta_sensor_async' retrieved from /home/airflow/.local/lib/python3.8/site-packages/airflow/example_dags/example_time_delta_sensor_async.py
[2026-07-01T12:05:45.844+0000] {logging_mixin.py:188} INFO - [2026-07-01T12:05:45.843+0000] {dag.py:3036} INFO - Sync 1 DAGs
[2026-07-01T12:05:45.880+0000] {logging_mixin.py:188} INFO - [2026-07-01T12:05:45.880+0000] {dag.py:3823} INFO - Setting next_dagrun for example_time_delta_sensor_async to None, run_after=None
[2026-07-01T12:05:45.936+0000] {processor.py:183} INFO - Processing /home/airflow/.local/lib/python3.8/site-packages/airflow/example_dags/example_time_delta_sensor_async.py took 0.197 seconds
[2026-07-01T12:06:16.641+0000] {processor.py:161} INFO - Started process (PID=939) to work on /home/airflow/.local/lib/python3.8/site-packages/airflow/example_dags/example_time_delta_sensor_async.py
[2026-07-01T12:06:16.645+0000] {processor.py:830} INFO - Processing file /home/airflow/.local/lib/python3.8/site-packages/airflow/example_dags/example_time_delta_sensor_async.py for tasks to queue
[2026-07-01T12:06:16.652+0000] {logging_mixin.py:188} INFO - [2026-07-01T12:06:16.651+0000] {dagbag.py:538} INFO - Filling up the DagBag from /home/airflow/.local/lib/python3.8/site-packages/airflow/example_dags/example_time_delta_sensor_async.py
[2026-07-01T12:06:16.668+0000] {processor.py:840} INFO - DAG(s) 'example_time_delta_sensor_async' retrieved from /home/airflow/.local/lib/python3.8/site-packages/airflow/example_dags/example_time_delta_sensor_async.py
[2026-07-01T12:06:16.724+0000] {logging_mixin.py:188} INFO - [2026-07-01T12:06:16.724+0000] {dag.py:3036} INFO - Sync 1 DAGs
[2026-07-01T12:06:16.759+0000] {logging_mixin.py:188} INFO - [2026-07-01T12:06:16.758+0000] {dag.py:3823} INFO - Setting next_dagrun for example_time_delta_sensor_async to None, run_after=None
[2026-07-01T12:06:16.812+0000] {processor.py:183} INFO - Processing /home/airflow/.local/lib/python3.8/site-packages/airflow/example_dags/example_time_delta_sensor_async.py took 0.181 seconds
[2026-07-01T12:06:47.184+0000] {processor.py:161} INFO - Started process (PID=994) to work on /home/airflow/.local/lib/python3.8/site-packages/airflow/example_dags/example_time_delta_sensor_async.py
[2026-07-01T12:06:47.187+0000] {processor.py:830} INFO - Processing file /home/airflow/.local/lib/python3.8/site-packages/airflow/example_dags/example_time_delta_sensor_async.py for tasks to queue
[2026-07-01T12:06:47.194+0000] {logging_mixin.py:188} INFO - [2026-07-01T12:06:47.193+0000] {dagbag.py:538} INFO - Filling up the DagBag from /home/airflow/.local/lib/python3.8/site-packages/airflow/example_dags/example_time_delta_sensor_async.py
[2026-07-01T12:06:47.209+0000] {processor.py:840} INFO - DAG(s) 'example_time_delta_sensor_async' retrieved from /home/airflow/.local/lib/python3.8/site-packages/airflow/example_dags/example_time_delta_sensor_async.py
[2026-07-01T12:06:47.268+0000] {logging_mixin.py:188} INFO - [2026-07-01T12:06:47.268+0000] {dag.py:3036} INFO - Sync 1 DAGs
[2026-07-01T12:06:47.307+0000] {logging_mixin.py:188} INFO - [2026-07-01T12:06:47.307+0000] {dag.py:3823} INFO - Setting next_dagrun for example_time_delta_sensor_async to None, run_after=None
[2026-07-01T12:06:47.366+0000] {processor.py:183} INFO - Processing /home/airflow/.local/lib/python3.8/site-packages/airflow/example_dags/example_time_delta_sensor_async.py took 0.192 seconds
[2026-07-01T12:07:17.557+0000] {processor.py:161} INFO - Started process (PID=1049) to work on /home/airflow/.local/lib/python3.8/site-packages/airflow/example_dags/example_time_delta_sensor_async.py
[2026-07-01T12:07:17.560+0000] {processor.py:830} INFO - Processing file /home/airflow/.local/lib/python3.8/site-packages/airflow/example_dags/example_time_delta_sensor_async.py for tasks to queue
[2026-07-01T12:07:17.566+0000] {logging_mixin.py:188} INFO - [2026-07-01T12:07:17.566+0000] {dagbag.py:538} INFO - Filling up the DagBag from /home/airflow/.local/lib/python3.8/site-packages/airflow/example_dags/example_time_delta_sensor_async.py
[2026-07-01T12:07:17.580+0000] {processor.py:840} INFO - DAG(s) 'example_time_delta_sensor_async' retrieved from /home/airflow/.local/lib/python3.8/site-packages/airflow/example_dags/example_time_delta_sensor_async.py
[2026-07-01T12:07:17.635+0000] {logging_mixin.py:188} INFO - [2026-07-01T12:07:17.634+0000] {dag.py:3036} INFO - Sync 1 DAGs
[2026-07-01T12:07:17.668+0000] {logging_mixin.py:188} INFO - [2026-07-01T12:07:17.667+0000] {dag.py:3823} INFO - Setting next_dagrun for example_time_delta_sensor_async to None, run_after=None
[2026-07-01T12:07:17.725+0000] {processor.py:183} INFO - Processing /home/airflow/.local/lib/python3.8/site-packages/airflow/example_dags/example_time_delta_sensor_async.py took 0.176 seconds
[2026-07-01T12:07:48.261+0000] {processor.py:161} INFO - Started process (PID=1105) to work on /home/airflow/.local/lib/python3.8/site-packages/airflow/example_dags/example_time_delta_sensor_async.py
[2026-07-01T12:07:48.264+0000] {processor.py:830} INFO - Processing file /home/airflow/.local/lib/python3.8/site-packages/airflow/example_dags/example_time_delta_sensor_async.py for tasks to queue
[2026-07-01T12:07:48.271+0000] {logging_mixin.py:188} INFO - [2026-07-01T12:07:48.270+0000] {dagbag.py:538} INFO - Filling up the DagBag from /home/airflow/.local/lib/python3.8/site-packages/airflow/example_dags/example_time_delta_sensor_async.py
[2026-07-01T12:07:48.286+0000] {processor.py:840} INFO - DAG(s) 'example_time_delta_sensor_async' retrieved from /home/airflow/.local/lib/python3.8/site-packages/airflow/example_dags/example_time_delta_sensor_async.py
[2026-07-01T12:07:48.343+0000] {logging_mixin.py:188} INFO - [2026-07-01T12:07:48.343+0000] {dag.py:3036} INFO - Sync 1 DAGs
[2026-07-01T12:07:48.382+0000] {logging_mixin.py:188} INFO - [2026-07-01T12:07:48.381+0000] {dag.py:3823} INFO - Setting next_dagrun for example_time_delta_sensor_async to None, run_after=None
[2026-07-01T12:07:48.449+0000] {processor.py:183} INFO - Processing /home/airflow/.local/lib/python3.8/site-packages/airflow/example_dags/example_time_delta_sensor_async.py took 0.205 seconds
[2026-07-01T12:08:19.148+0000] {processor.py:161} INFO - Started process (PID=1160) to work on /home/airflow/.local/lib/python3.8/site-packages/airflow/example_dags/example_time_delta_sensor_async.py
[2026-07-01T12:08:19.151+0000] {processor.py:830} INFO - Processing file /home/airflow/.local/lib/python3.8/site-packages/airflow/example_dags/example_time_delta_sensor_async.py for tasks to queue
[2026-07-01T12:08:19.158+0000] {logging_mixin.py:188} INFO - [2026-07-01T12:08:19.157+0000] {dagbag.py:538} INFO - Filling up the DagBag from /home/airflow/.local/lib/python3.8/site-packages/airflow/example_dags/example_time_delta_sensor_async.py
[2026-07-01T12:08:19.178+0000] {processor.py:840} INFO - DAG(s) 'example_time_delta_sensor_async' retrieved from /home/airflow/.local/lib/python3.8/site-packages/airflow/example_dags/example_time_delta_sensor_async.py
[2026-07-01T12:08:19.239+0000] {logging_mixin.py:188} INFO - [2026-07-01T12:08:19.239+0000] {dag.py:3036} INFO - Sync 1 DAGs
[2026-07-01T12:08:19.277+0000] {logging_mixin.py:188} INFO - [2026-07-01T12:08:19.277+0000] {dag.py:3823} INFO - Setting next_dagrun for example_time_delta_sensor_async to None, run_after=None
[2026-07-01T12:08:19.332+0000] {processor.py:183} INFO - Processing /home/airflow/.local/lib/python3.8/site-packages/airflow/example_dags/example_time_delta_sensor_async.py took 0.198 seconds
[2026-07-01T12:09:03.478+0000] {processor.py:161} INFO - Started process (PID=100) to work on /home/airflow/.local/lib/python3.8/site-packages/airflow/example_dags/example_time_delta_sensor_async.py
[2026-07-01T12:09:03.482+0000] {processor.py:830} INFO - Processing file /home/airflow/.local/lib/python3.8/site-packages/airflow/example_dags/example_time_delta_sensor_async.py for tasks to queue
[2026-07-01T12:09:03.488+0000] {logging_mixin.py:188} INFO - [2026-07-01T12:09:03.487+0000] {dagbag.py:538} INFO - Filling up the DagBag from /home/airflow/.local/lib/python3.8/site-packages/airflow/example_dags/example_time_delta_sensor_async.py
[2026-07-01T12:09:03.500+0000] {processor.py:840} INFO - DAG(s) 'example_time_delta_sensor_async' retrieved from /home/airflow/.local/lib/python3.8/site-packages/airflow/example_dags/example_time_delta_sensor_async.py
[2026-07-01T12:09:03.564+0000] {logging_mixin.py:188} INFO - [2026-07-01T12:09:03.563+0000] {dag.py:3036} INFO - Sync 1 DAGs
[2026-07-01T12:09:03.592+0000] {logging_mixin.py:188} INFO - [2026-07-01T12:09:03.591+0000] {dag.py:3823} INFO - Setting next_dagrun for example_time_delta_sensor_async to None, run_after=None
[2026-07-01T12:09:03.635+0000] {processor.py:183} INFO - Processing /home/airflow/.local/lib/python3.8/site-packages/airflow/example_dags/example_time_delta_sensor_async.py took 0.166 seconds
[2026-07-01T12:09:33.977+0000] {processor.py:161} INFO - Started process (PID=156) to work on /home/airflow/.local/lib/python3.8/site-packages/airflow/example_dags/example_time_delta_sensor_async.py
[2026-07-01T12:09:33.980+0000] {processor.py:830} INFO - Processing file /home/airflow/.local/lib/python3.8/site-packages/airflow/example_dags/example_time_delta_sensor_async.py for tasks to queue
[2026-07-01T12:09:33.985+0000] {logging_mixin.py:188} INFO - [2026-07-01T12:09:33.985+0000] {dagbag.py:538} INFO - Filling up the DagBag from /home/airflow/.local/lib/python3.8/site-packages/airflow/example_dags/example_time_delta_sensor_async.py
[2026-07-01T12:09:34.003+0000] {processor.py:840} INFO - DAG(s) 'example_time_delta_sensor_async' retrieved from /home/airflow/.local/lib/python3.8/site-packages/airflow/example_dags/example_time_delta_sensor_async.py
[2026-07-01T12:09:34.071+0000] {logging_mixin.py:188} INFO - [2026-07-01T12:09:34.070+0000] {dag.py:3036} INFO - Sync 1 DAGs
[2026-07-01T12:09:34.111+0000] {logging_mixin.py:188} INFO - [2026-07-01T12:09:34.110+0000] {dag.py:3823} INFO - Setting next_dagrun for example_time_delta_sensor_async to None, run_after=None
[2026-07-01T12:09:34.189+0000] {processor.py:183} INFO - Processing /home/airflow/.local/lib/python3.8/site-packages/airflow/example_dags/example_time_delta_sensor_async.py took 0.221 seconds
[2026-07-01T12:10:04.777+0000] {processor.py:161} INFO - Started process (PID=213) to work on /home/airflow/.local/lib/python3.8/site-packages/airflow/example_dags/example_time_delta_sensor_async.py
[2026-07-01T12:10:04.808+0000] {processor.py:830} INFO - Processing file /home/airflow/.local/lib/python3.8/site-packages/airflow/example_dags/example_time_delta_sensor_async.py for tasks to queue
[2026-07-01T12:10:04.852+0000] {logging_mixin.py:188} INFO - [2026-07-01T12:10:04.849+0000] {dagbag.py:538} INFO - Filling up the DagBag from /home/airflow/.local/lib/python3.8/site-packages/airflow/example_dags/example_time_delta_sensor_async.py
[2026-07-01T12:10:04.898+0000] {processor.py:840} INFO - DAG(s) 'example_time_delta_sensor_async' retrieved from /home/airflow/.local/lib/python3.8/site-packages/airflow/example_dags/example_time_delta_sensor_async.py
[2026-07-01T12:10:04.986+0000] {logging_mixin.py:188} INFO - [2026-07-01T12:10:04.985+0000] {dag.py:3036} INFO - Sync 1 DAGs
[2026-07-01T12:10:05.032+0000] {logging_mixin.py:188} INFO - [2026-07-01T12:10:05.031+0000] {dag.py:3823} INFO - Setting next_dagrun for example_time_delta_sensor_async to None, run_after=None
[2026-07-01T12:10:05.088+0000] {processor.py:183} INFO - Processing /home/airflow/.local/lib/python3.8/site-packages/airflow/example_dags/example_time_delta_sensor_async.py took 0.335 seconds
[2026-07-01T12:10:35.208+0000] {processor.py:161} INFO - Started process (PID=269) to work on /home/airflow/.local/lib/python3.8/site-packages/airflow/example_dags/example_time_delta_sensor_async.py
[2026-07-01T12:10:35.211+0000] {processor.py:830} INFO - Processing file /home/airflow/.local/lib/python3.8/site-packages/airflow/example_dags/example_time_delta_sensor_async.py for tasks to queue
[2026-07-01T12:10:35.216+0000] {logging_mixin.py:188} INFO - [2026-07-01T12:10:35.216+0000] {dagbag.py:538} INFO - Filling up the DagBag from /home/airflow/.local/lib/python3.8/site-packages/airflow/example_dags/example_time_delta_sensor_async.py
[2026-07-01T12:10:35.230+0000] {processor.py:840} INFO - DAG(s) 'example_time_delta_sensor_async' retrieved from /home/airflow/.local/lib/python3.8/site-packages/airflow/example_dags/example_time_delta_sensor_async.py
[2026-07-01T12:10:35.280+0000] {logging_mixin.py:188} INFO - [2026-07-01T12:10:35.280+0000] {dag.py:3036} INFO - Sync 1 DAGs
[2026-07-01T12:10:35.311+0000] {logging_mixin.py:188} INFO - [2026-07-01T12:10:35.311+0000] {dag.py:3823} INFO - Setting next_dagrun for example_time_delta_sensor_async to None, run_after=None
[2026-07-01T12:10:35.361+0000] {processor.py:183} INFO - Processing /home/airflow/.local/lib/python3.8/site-packages/airflow/example_dags/example_time_delta_sensor_async.py took 0.162 seconds
[2026-07-01T12:11:06.544+0000] {processor.py:161} INFO - Started process (PID=330) to work on /home/airflow/.local/lib/python3.8/site-packages/airflow/example_dags/example_time_delta_sensor_async.py
[2026-07-01T12:11:06.548+0000] {processor.py:830} INFO - Processing file /home/airflow/.local/lib/python3.8/site-packages/airflow/example_dags/example_time_delta_sensor_async.py for tasks to queue
[2026-07-01T12:11:06.555+0000] {logging_mixin.py:188} INFO - [2026-07-01T12:11:06.554+0000] {dagbag.py:538} INFO - Filling up the DagBag from /home/airflow/.local/lib/python3.8/site-packages/airflow/example_dags/example_time_delta_sensor_async.py
[2026-07-01T12:11:06.572+0000] {processor.py:840} INFO - DAG(s) 'example_time_delta_sensor_async' retrieved from /home/airflow/.local/lib/python3.8/site-packages/airflow/example_dags/example_time_delta_sensor_async.py
[2026-07-01T12:11:06.633+0000] {logging_mixin.py:188} INFO - [2026-07-01T12:11:06.633+0000] {dag.py:3036} INFO - Sync 1 DAGs
[2026-07-01T12:11:06.668+0000] {logging_mixin.py:188} INFO - [2026-07-01T12:11:06.667+0000] {dag.py:3823} INFO - Setting next_dagrun for example_time_delta_sensor_async to None, run_after=None
[2026-07-01T12:11:06.720+0000] {processor.py:183} INFO - Processing /home/airflow/.local/lib/python3.8/site-packages/airflow/example_dags/example_time_delta_sensor_async.py took 0.189 seconds
[2026-07-01T12:11:37.646+0000] {processor.py:161} INFO - Started process (PID=386) to work on /home/airflow/.local/lib/python3.8/site-packages/airflow/example_dags/example_time_delta_sensor_async.py
[2026-07-01T12:11:37.649+0000] {processor.py:830} INFO - Processing file /home/airflow/.local/lib/python3.8/site-packages/airflow/example_dags/example_time_delta_sensor_async.py for tasks to queue
[2026-07-01T12:11:37.664+0000] {logging_mixin.py:188} INFO - [2026-07-01T12:11:37.663+0000] {dagbag.py:538} INFO - Filling up the DagBag from /home/airflow/.local/lib/python3.8/site-packages/airflow/example_dags/example_time_delta_sensor_async.py
[2026-07-01T12:11:37.693+0000] {processor.py:840} INFO - DAG(s) 'example_time_delta_sensor_async' retrieved from /home/airflow/.local/lib/python3.8/site-packages/airflow/example_dags/example_time_delta_sensor_async.py
[2026-07-01T12:11:37.791+0000] {logging_mixin.py:188} INFO - [2026-07-01T12:11:37.790+0000] {dag.py:3036} INFO - Sync 1 DAGs
[2026-07-01T12:11:37.841+0000] {logging_mixin.py:188} INFO - [2026-07-01T12:11:37.841+0000] {dag.py:3823} INFO - Setting next_dagrun for example_time_delta_sensor_async to None, run_after=None
[2026-07-01T12:11:37.909+0000] {processor.py:183} INFO - Processing /home/airflow/.local/lib/python3.8/site-packages/airflow/example_dags/example_time_delta_sensor_async.py took 0.277 seconds
[2026-07-01T12:12:08.152+0000] {processor.py:161} INFO - Started process (PID=442) to work on /home/airflow/.local/lib/python3.8/site-packages/airflow/example_dags/example_time_delta_sensor_async.py
[2026-07-01T12:12:08.156+0000] {processor.py:830} INFO - Processing file /home/airflow/.local/lib/python3.8/site-packages/airflow/example_dags/example_time_delta_sensor_async.py for tasks to queue
[2026-07-01T12:12:08.164+0000] {logging_mixin.py:188} INFO - [2026-07-01T12:12:08.163+0000] {dagbag.py:538} INFO - Filling up the DagBag from /home/airflow/.local/lib/python3.8/site-packages/airflow/example_dags/example_time_delta_sensor_async.py
[2026-07-01T12:12:08.181+0000] {processor.py:840} INFO - DAG(s) 'example_time_delta_sensor_async' retrieved from /home/airflow/.local/lib/python3.8/site-packages/airflow/example_dags/example_time_delta_sensor_async.py
[2026-07-01T12:12:08.243+0000] {logging_mixin.py:188} INFO - [2026-07-01T12:12:08.242+0000] {dag.py:3036} INFO - Sync 1 DAGs
[2026-07-01T12:12:08.275+0000] {logging_mixin.py:188} INFO - [2026-07-01T12:12:08.274+0000] {dag.py:3823} INFO - Setting next_dagrun for example_time_delta_sensor_async to None, run_after=None
[2026-07-01T12:12:08.322+0000] {processor.py:183} INFO - Processing /home/airflow/.local/lib/python3.8/site-packages/airflow/example_dags/example_time_delta_sensor_async.py took 0.182 seconds
[2026-07-01T12:12:39.015+0000] {processor.py:161} INFO - Started process (PID=498) to work on /home/airflow/.local/lib/python3.8/site-packages/airflow/example_dags/example_time_delta_sensor_async.py
[2026-07-01T12:12:39.018+0000] {processor.py:830} INFO - Processing file /home/airflow/.local/lib/python3.8/site-packages/airflow/example_dags/example_time_delta_sensor_async.py for tasks to queue
[2026-07-01T12:12:39.023+0000] {logging_mixin.py:188} INFO - [2026-07-01T12:12:39.023+0000] {dagbag.py:538} INFO - Filling up the DagBag from /home/airflow/.local/lib/python3.8/site-packages/airflow/example_dags/example_time_delta_sensor_async.py
[2026-07-01T12:12:39.036+0000] {processor.py:840} INFO - DAG(s) 'example_time_delta_sensor_async' retrieved from /home/airflow/.local/lib/python3.8/site-packages/airflow/example_dags/example_time_delta_sensor_async.py
[2026-07-01T12:12:39.086+0000] {logging_mixin.py:188} INFO - [2026-07-01T12:12:39.085+0000] {dag.py:3036} INFO - Sync 1 DAGs
[2026-07-01T12:12:39.114+0000] {logging_mixin.py:188} INFO - [2026-07-01T12:12:39.114+0000] {dag.py:3823} INFO - Setting next_dagrun for example_time_delta_sensor_async to None, run_after=None
[2026-07-01T12:12:39.156+0000] {processor.py:183} INFO - Processing /home/airflow/.local/lib/python3.8/site-packages/airflow/example_dags/example_time_delta_sensor_async.py took 0.150 seconds
[2026-07-01T12:13:10.393+0000] {processor.py:161} INFO - Started process (PID=554) to work on /home/airflow/.local/lib/python3.8/site-packages/airflow/example_dags/example_time_delta_sensor_async.py
[2026-07-01T12:13:10.397+0000] {processor.py:830} INFO - Processing file /home/airflow/.local/lib/python3.8/site-packages/airflow/example_dags/example_time_delta_sensor_async.py for tasks to queue
[2026-07-01T12:13:10.404+0000] {logging_mixin.py:188} INFO - [2026-07-01T12:13:10.403+0000] {dagbag.py:538} INFO - Filling up the DagBag from /home/airflow/.local/lib/python3.8/site-packages/airflow/example_dags/example_time_delta_sensor_async.py
[2026-07-01T12:13:10.419+0000] {processor.py:840} INFO - DAG(s) 'example_time_delta_sensor_async' retrieved from /home/airflow/.local/lib/python3.8/site-packages/airflow/example_dags/example_time_delta_sensor_async.py
[2026-07-01T12:13:10.480+0000] {logging_mixin.py:188} INFO - [2026-07-01T12:13:10.479+0000] {dag.py:3036} INFO - Sync 1 DAGs
[2026-07-01T12:13:10.514+0000] {logging_mixin.py:188} INFO - [2026-07-01T12:13:10.514+0000] {dag.py:3823} INFO - Setting next_dagrun for example_time_delta_sensor_async to None, run_after=None
[2026-07-01T12:13:10.566+0000] {processor.py:183} INFO - Processing /home/airflow/.local/lib/python3.8/site-packages/airflow/example_dags/example_time_delta_sensor_async.py took 0.185 seconds
[2026-07-01T12:13:40.975+0000] {processor.py:161} INFO - Started process (PID=610) to work on /home/airflow/.local/lib/python3.8/site-packages/airflow/example_dags/example_time_delta_sensor_async.py
[2026-07-01T12:13:40.978+0000] {processor.py:830} INFO - Processing file /home/airflow/.local/lib/python3.8/site-packages/airflow/example_dags/example_time_delta_sensor_async.py for tasks to queue
[2026-07-01T12:13:40.985+0000] {logging_mixin.py:188} INFO - [2026-07-01T12:13:40.984+0000] {dagbag.py:538} INFO - Filling up the DagBag from /home/airflow/.local/lib/python3.8/site-packages/airflow/example_dags/example_time_delta_sensor_async.py
[2026-07-01T12:13:41.000+0000] {processor.py:840} INFO - DAG(s) 'example_time_delta_sensor_async' retrieved from /home/airflow/.local/lib/python3.8/site-packages/airflow/example_dags/example_time_delta_sensor_async.py
[2026-07-01T12:13:41.053+0000] {logging_mixin.py:188} INFO - [2026-07-01T12:13:41.052+0000] {dag.py:3036} INFO - Sync 1 DAGs
[2026-07-01T12:13:41.088+0000] {logging_mixin.py:188} INFO - [2026-07-01T12:13:41.087+0000] {dag.py:3823} INFO - Setting next_dagrun for example_time_delta_sensor_async to None, run_after=None
[2026-07-01T12:13:41.137+0000] {processor.py:183} INFO - Processing /home/airflow/.local/lib/python3.8/site-packages/airflow/example_dags/example_time_delta_sensor_async.py took 0.171 seconds
[2026-07-01T12:14:11.515+0000] {processor.py:161} INFO - Started process (PID=666) to work on /home/airflow/.local/lib/python3.8/site-packages/airflow/example_dags/example_time_delta_sensor_async.py
[2026-07-01T12:14:11.519+0000] {processor.py:830} INFO - Processing file /home/airflow/.local/lib/python3.8/site-packages/airflow/example_dags/example_time_delta_sensor_async.py for tasks to queue
[2026-07-01T12:14:11.524+0000] {logging_mixin.py:188} INFO - [2026-07-01T12:14:11.523+0000] {dagbag.py:538} INFO - Filling up the DagBag from /home/airflow/.local/lib/python3.8/site-packages/airflow/example_dags/example_time_delta_sensor_async.py
[2026-07-01T12:14:11.536+0000] {processor.py:840} INFO - DAG(s) 'example_time_delta_sensor_async' retrieved from /home/airflow/.local/lib/python3.8/site-packages/airflow/example_dags/example_time_delta_sensor_async.py
[2026-07-01T12:14:11.591+0000] {logging_mixin.py:188} INFO - [2026-07-01T12:14:11.591+0000] {dag.py:3036} INFO - Sync 1 DAGs
[2026-07-01T12:14:11.626+0000] {logging_mixin.py:188} INFO - [2026-07-01T12:14:11.625+0000] {dag.py:3823} INFO - Setting next_dagrun for example_time_delta_sensor_async to None, run_after=None
[2026-07-01T12:14:11.679+0000] {processor.py:183} INFO - Processing /home/airflow/.local/lib/python3.8/site-packages/airflow/example_dags/example_time_delta_sensor_async.py took 0.172 seconds
[2026-07-01T12:14:41.875+0000] {processor.py:161} INFO - Started process (PID=722) to work on /home/airflow/.local/lib/python3.8/site-packages/airflow/example_dags/example_time_delta_sensor_async.py
[2026-07-01T12:14:41.879+0000] {processor.py:830} INFO - Processing file /home/airflow/.local/lib/python3.8/site-packages/airflow/example_dags/example_time_delta_sensor_async.py for tasks to queue
[2026-07-01T12:14:41.884+0000] {logging_mixin.py:188} INFO - [2026-07-01T12:14:41.884+0000] {dagbag.py:538} INFO - Filling up the DagBag from /home/airflow/.local/lib/python3.8/site-packages/airflow/example_dags/example_time_delta_sensor_async.py
[2026-07-01T12:14:41.897+0000] {processor.py:840} INFO - DAG(s) 'example_time_delta_sensor_async' retrieved from /home/airflow/.local/lib/python3.8/site-packages/airflow/example_dags/example_time_delta_sensor_async.py
[2026-07-01T12:14:41.945+0000] {logging_mixin.py:188} INFO - [2026-07-01T12:14:41.945+0000] {dag.py:3036} INFO - Sync 1 DAGs
[2026-07-01T12:14:41.972+0000] {logging_mixin.py:188} INFO - [2026-07-01T12:14:41.971+0000] {dag.py:3823} INFO - Setting next_dagrun for example_time_delta_sensor_async to None, run_after=None
[2026-07-01T12:14:42.019+0000] {processor.py:183} INFO - Processing /home/airflow/.local/lib/python3.8/site-packages/airflow/example_dags/example_time_delta_sensor_async.py took 0.151 seconds
[2026-07-01T12:15:12.946+0000] {processor.py:161} INFO - Started process (PID=779) to work on /home/airflow/.local/lib/python3.8/site-packages/airflow/example_dags/example_time_delta_sensor_async.py
[2026-07-01T12:15:12.949+0000] {processor.py:830} INFO - Processing file /home/airflow/.local/lib/python3.8/site-packages/airflow/example_dags/example_time_delta_sensor_async.py for tasks to queue
[2026-07-01T12:15:12.954+0000] {logging_mixin.py:188} INFO - [2026-07-01T12:15:12.954+0000] {dagbag.py:538} INFO - Filling up the DagBag from /home/airflow/.local/lib/python3.8/site-packages/airflow/example_dags/example_time_delta_sensor_async.py
[2026-07-01T12:15:12.966+0000] {processor.py:840} INFO - DAG(s) 'example_time_delta_sensor_async' retrieved from /home/airflow/.local/lib/python3.8/site-packages/airflow/example_dags/example_time_delta_sensor_async.py
[2026-07-01T12:15:13.019+0000] {logging_mixin.py:188} INFO - [2026-07-01T12:15:13.019+0000] {dag.py:3036} INFO - Sync 1 DAGs
[2026-07-01T12:15:13.050+0000] {logging_mixin.py:188} INFO - [2026-07-01T12:15:13.049+0000] {dag.py:3823} INFO - Setting next_dagrun for example_time_delta_sensor_async to None, run_after=None
[2026-07-01T12:15:13.092+0000] {processor.py:183} INFO - Processing /home/airflow/.local/lib/python3.8/site-packages/airflow/example_dags/example_time_delta_sensor_async.py took 0.155 seconds
[2026-07-01T12:15:43.454+0000] {processor.py:161} INFO - Started process (PID=835) to work on /home/airflow/.local/lib/python3.8/site-packages/airflow/example_dags/example_time_delta_sensor_async.py
[2026-07-01T12:15:43.457+0000] {processor.py:830} INFO - Processing file /home/airflow/.local/lib/python3.8/site-packages/airflow/example_dags/example_time_delta_sensor_async.py for tasks to queue
[2026-07-01T12:15:43.462+0000] {logging_mixin.py:188} INFO - [2026-07-01T12:15:43.462+0000] {dagbag.py:538} INFO - Filling up the DagBag from /home/airflow/.local/lib/python3.8/site-packages/airflow/example_dags/example_time_delta_sensor_async.py
[2026-07-01T12:15:43.474+0000] {processor.py:840} INFO - DAG(s) 'example_time_delta_sensor_async' retrieved from /home/airflow/.local/lib/python3.8/site-packages/airflow/example_dags/example_time_delta_sensor_async.py
[2026-07-01T12:15:43.536+0000] {logging_mixin.py:188} INFO - [2026-07-01T12:15:43.535+0000] {dag.py:3036} INFO - Sync 1 DAGs
[2026-07-01T12:15:43.633+0000] {logging_mixin.py:188} INFO - [2026-07-01T12:15:43.632+0000] {dag.py:3823} INFO - Setting next_dagrun for example_time_delta_sensor_async to None, run_after=None
[2026-07-01T12:15:43.692+0000] {processor.py:183} INFO - Processing /home/airflow/.local/lib/python3.8/site-packages/airflow/example_dags/example_time_delta_sensor_async.py took 0.246 seconds
[2026-07-01T12:16:14.540+0000] {processor.py:161} INFO - Started process (PID=891) to work on /home/airflow/.local/lib/python3.8/site-packages/airflow/example_dags/example_time_delta_sensor_async.py
[2026-07-01T12:16:14.545+0000] {processor.py:830} INFO - Processing file /home/airflow/.local/lib/python3.8/site-packages/airflow/example_dags/example_time_delta_sensor_async.py for tasks to queue
[2026-07-01T12:16:14.555+0000] {logging_mixin.py:188} INFO - [2026-07-01T12:16:14.554+0000] {dagbag.py:538} INFO - Filling up the DagBag from /home/airflow/.local/lib/python3.8/site-packages/airflow/example_dags/example_time_delta_sensor_async.py
[2026-07-01T12:16:14.576+0000] {processor.py:840} INFO - DAG(s) 'example_time_delta_sensor_async' retrieved from /home/airflow/.local/lib/python3.8/site-packages/airflow/example_dags/example_time_delta_sensor_async.py
[2026-07-01T12:16:14.650+0000] {logging_mixin.py:188} INFO - [2026-07-01T12:16:14.650+0000] {dag.py:3036} INFO - Sync 1 DAGs
[2026-07-01T12:16:14.694+0000] {logging_mixin.py:188} INFO - [2026-07-01T12:16:14.693+0000] {dag.py:3823} INFO - Setting next_dagrun for example_time_delta_sensor_async to None, run_after=None
[2026-07-01T12:16:14.759+0000] {processor.py:183} INFO - Processing /home/airflow/.local/lib/python3.8/site-packages/airflow/example_dags/example_time_delta_sensor_async.py took 0.237 seconds
[2026-07-01T12:16:45.728+0000] {processor.py:161} INFO - Started process (PID=947) to work on /home/airflow/.local/lib/python3.8/site-packages/airflow/example_dags/example_time_delta_sensor_async.py
[2026-07-01T12:16:45.732+0000] {processor.py:830} INFO - Processing file /home/airflow/.local/lib/python3.8/site-packages/airflow/example_dags/example_time_delta_sensor_async.py for tasks to queue
[2026-07-01T12:16:45.740+0000] {logging_mixin.py:188} INFO - [2026-07-01T12:16:45.739+0000] {dagbag.py:538} INFO - Filling up the DagBag from /home/airflow/.local/lib/python3.8/site-packages/airflow/example_dags/example_time_delta_sensor_async.py
[2026-07-01T12:16:45.767+0000] {processor.py:840} INFO - DAG(s) 'example_time_delta_sensor_async' retrieved from /home/airflow/.local/lib/python3.8/site-packages/airflow/example_dags/example_time_delta_sensor_async.py
[2026-07-01T12:16:45.840+0000] {logging_mixin.py:188} INFO - [2026-07-01T12:16:45.840+0000] {dag.py:3036} INFO - Sync 1 DAGs
[2026-07-01T12:16:45.876+0000] {logging_mixin.py:188} INFO - [2026-07-01T12:16:45.875+0000] {dag.py:3823} INFO - Setting next_dagrun for example_time_delta_sensor_async to None, run_after=None
[2026-07-01T12:16:45.926+0000] {processor.py:183} INFO - Processing /home/airflow/.local/lib/python3.8/site-packages/airflow/example_dags/example_time_delta_sensor_async.py took 0.214 seconds
[2026-07-01T12:17:16.128+0000] {processor.py:161} INFO - Started process (PID=1003) to work on /home/airflow/.local/lib/python3.8/site-packages/airflow/example_dags/example_time_delta_sensor_async.py
[2026-07-01T12:17:16.131+0000] {processor.py:830} INFO - Processing file /home/airflow/.local/lib/python3.8/site-packages/airflow/example_dags/example_time_delta_sensor_async.py for tasks to queue
[2026-07-01T12:17:16.139+0000] {logging_mixin.py:188} INFO - [2026-07-01T12:17:16.138+0000] {dagbag.py:538} INFO - Filling up the DagBag from /home/airflow/.local/lib/python3.8/site-packages/airflow/example_dags/example_time_delta_sensor_async.py
[2026-07-01T12:17:16.152+0000] {processor.py:840} INFO - DAG(s) 'example_time_delta_sensor_async' retrieved from /home/airflow/.local/lib/python3.8/site-packages/airflow/example_dags/example_time_delta_sensor_async.py
[2026-07-01T12:17:16.206+0000] {logging_mixin.py:188} INFO - [2026-07-01T12:17:16.205+0000] {dag.py:3036} INFO - Sync 1 DAGs
[2026-07-01T12:17:16.239+0000] {logging_mixin.py:188} INFO - [2026-07-01T12:17:16.238+0000] {dag.py:3823} INFO - Setting next_dagrun for example_time_delta_sensor_async to None, run_after=None
[2026-07-01T12:17:16.284+0000] {processor.py:183} INFO - Processing /home/airflow/.local/lib/python3.8/site-packages/airflow/example_dags/example_time_delta_sensor_async.py took 0.164 seconds
[2026-07-01T12:17:47.276+0000] {processor.py:161} INFO - Started process (PID=1059) to work on /home/airflow/.local/lib/python3.8/site-packages/airflow/example_dags/example_time_delta_sensor_async.py
[2026-07-01T12:17:47.281+0000] {processor.py:830} INFO - Processing file /home/airflow/.local/lib/python3.8/site-packages/airflow/example_dags/example_time_delta_sensor_async.py for tasks to queue
[2026-07-01T12:17:47.292+0000] {logging_mixin.py:188} INFO - [2026-07-01T12:17:47.291+0000] {dagbag.py:538} INFO - Filling up the DagBag from /home/airflow/.local/lib/python3.8/site-packages/airflow/example_dags/example_time_delta_sensor_async.py
[2026-07-01T12:17:47.309+0000] {processor.py:840} INFO - DAG(s) 'example_time_delta_sensor_async' retrieved from /home/airflow/.local/lib/python3.8/site-packages/airflow/example_dags/example_time_delta_sensor_async.py
[2026-07-01T12:17:47.411+0000] {logging_mixin.py:188} INFO - [2026-07-01T12:17:47.410+0000] {dag.py:3036} INFO - Sync 1 DAGs
[2026-07-01T12:17:47.450+0000] {logging_mixin.py:188} INFO - [2026-07-01T12:17:47.449+0000] {dag.py:3823} INFO - Setting next_dagrun for example_time_delta_sensor_async to None, run_after=None
[2026-07-01T12:17:47.526+0000] {processor.py:183} INFO - Processing /home/airflow/.local/lib/python3.8/site-packages/airflow/example_dags/example_time_delta_sensor_async.py took 0.266 seconds
[2026-07-01T12:18:18.158+0000] {processor.py:161} INFO - Started process (PID=1115) to work on /home/airflow/.local/lib/python3.8/site-packages/airflow/example_dags/example_time_delta_sensor_async.py
[2026-07-01T12:18:18.162+0000] {processor.py:830} INFO - Processing file /home/airflow/.local/lib/python3.8/site-packages/airflow/example_dags/example_time_delta_sensor_async.py for tasks to queue
[2026-07-01T12:18:18.168+0000] {logging_mixin.py:188} INFO - [2026-07-01T12:18:18.167+0000] {dagbag.py:538} INFO - Filling up the DagBag from /home/airflow/.local/lib/python3.8/site-packages/airflow/example_dags/example_time_delta_sensor_async.py
[2026-07-01T12:18:18.183+0000] {processor.py:840} INFO - DAG(s) 'example_time_delta_sensor_async' retrieved from /home/airflow/.local/lib/python3.8/site-packages/airflow/example_dags/example_time_delta_sensor_async.py
[2026-07-01T12:18:18.244+0000] {logging_mixin.py:188} INFO - [2026-07-01T12:18:18.243+0000] {dag.py:3036} INFO - Sync 1 DAGs
[2026-07-01T12:18:18.285+0000] {logging_mixin.py:188} INFO - [2026-07-01T12:18:18.284+0000] {dag.py:3823} INFO - Setting next_dagrun for example_time_delta_sensor_async to None, run_after=None
[2026-07-01T12:18:18.330+0000] {processor.py:183} INFO - Processing /home/airflow/.local/lib/python3.8/site-packages/airflow/example_dags/example_time_delta_sensor_async.py took 0.182 seconds
[2026-07-01T12:18:49.027+0000] {processor.py:161} INFO - Started process (PID=1171) to work on /home/airflow/.local/lib/python3.8/site-packages/airflow/example_dags/example_time_delta_sensor_async.py
[2026-07-01T12:18:49.030+0000] {processor.py:830} INFO - Processing file /home/airflow/.local/lib/python3.8/site-packages/airflow/example_dags/example_time_delta_sensor_async.py for tasks to queue
[2026-07-01T12:18:49.036+0000] {logging_mixin.py:188} INFO - [2026-07-01T12:18:49.035+0000] {dagbag.py:538} INFO - Filling up the DagBag from /home/airflow/.local/lib/python3.8/site-packages/airflow/example_dags/example_time_delta_sensor_async.py
[2026-07-01T12:18:49.048+0000] {processor.py:840} INFO - DAG(s) 'example_time_delta_sensor_async' retrieved from /home/airflow/.local/lib/python3.8/site-packages/airflow/example_dags/example_time_delta_sensor_async.py
[2026-07-01T12:18:49.107+0000] {logging_mixin.py:188} INFO - [2026-07-01T12:18:49.106+0000] {dag.py:3036} INFO - Sync 1 DAGs
[2026-07-01T12:18:49.146+0000] {logging_mixin.py:188} INFO - [2026-07-01T12:18:49.145+0000] {dag.py:3823} INFO - Setting next_dagrun for example_time_delta_sensor_async to None, run_after=None
[2026-07-01T12:18:49.207+0000] {processor.py:183} INFO - Processing /home/airflow/.local/lib/python3.8/site-packages/airflow/example_dags/example_time_delta_sensor_async.py took 0.188 seconds
[2026-07-01T12:19:19.472+0000] {processor.py:161} INFO - Started process (PID=1227) to work on /home/airflow/.local/lib/python3.8/site-packages/airflow/example_dags/example_time_delta_sensor_async.py
[2026-07-01T12:19:19.482+0000] {processor.py:830} INFO - Processing file /home/airflow/.local/lib/python3.8/site-packages/airflow/example_dags/example_time_delta_sensor_async.py for tasks to queue
[2026-07-01T12:19:19.489+0000] {logging_mixin.py:188} INFO - [2026-07-01T12:19:19.488+0000] {dagbag.py:538} INFO - Filling up the DagBag from /home/airflow/.local/lib/python3.8/site-packages/airflow/example_dags/example_time_delta_sensor_async.py
[2026-07-01T12:19:19.510+0000] {processor.py:840} INFO - DAG(s) 'example_time_delta_sensor_async' retrieved from /home/airflow/.local/lib/python3.8/site-packages/airflow/example_dags/example_time_delta_sensor_async.py
[2026-07-01T12:19:19.578+0000] {logging_mixin.py:188} INFO - [2026-07-01T12:19:19.577+0000] {dag.py:3036} INFO - Sync 1 DAGs
[2026-07-01T12:19:19.621+0000] {logging_mixin.py:188} INFO - [2026-07-01T12:19:19.620+0000] {dag.py:3823} INFO - Setting next_dagrun for example_time_delta_sensor_async to None, run_after=None
[2026-07-01T12:19:19.677+0000] {processor.py:183} INFO - Processing /home/airflow/.local/lib/python3.8/site-packages/airflow/example_dags/example_time_delta_sensor_async.py took 0.223 seconds
[2026-07-01T12:19:54.810+0000] {processor.py:161} INFO - Started process (PID=1283) to work on /home/airflow/.local/lib/python3.8/site-packages/airflow/example_dags/example_time_delta_sensor_async.py
[2026-07-01T12:19:54.815+0000] {processor.py:830} INFO - Processing file /home/airflow/.local/lib/python3.8/site-packages/airflow/example_dags/example_time_delta_sensor_async.py for tasks to queue
[2026-07-01T12:19:54.827+0000] {logging_mixin.py:188} INFO - [2026-07-01T12:19:54.826+0000] {dagbag.py:538} INFO - Filling up the DagBag from /home/airflow/.local/lib/python3.8/site-packages/airflow/example_dags/example_time_delta_sensor_async.py
[2026-07-01T12:19:54.854+0000] {processor.py:840} INFO - DAG(s) 'example_time_delta_sensor_async' retrieved from /home/airflow/.local/lib/python3.8/site-packages/airflow/example_dags/example_time_delta_sensor_async.py
[2026-07-01T12:19:54.921+0000] {logging_mixin.py:188} INFO - [2026-07-01T12:19:54.921+0000] {dag.py:3036} INFO - Sync 1 DAGs
[2026-07-01T12:19:55.036+0000] {logging_mixin.py:188} INFO - [2026-07-01T12:19:55.035+0000] {dag.py:3823} INFO - Setting next_dagrun for example_time_delta_sensor_async to None, run_after=None
[2026-07-01T12:19:55.154+0000] {processor.py:183} INFO - Processing /home/airflow/.local/lib/python3.8/site-packages/airflow/example_dags/example_time_delta_sensor_async.py took 0.364 seconds
[2026-07-01T12:20:26.443+0000] {processor.py:161} INFO - Started process (PID=1338) to work on /home/airflow/.local/lib/python3.8/site-packages/airflow/example_dags/example_time_delta_sensor_async.py
[2026-07-01T12:20:26.447+0000] {processor.py:830} INFO - Processing file /home/airflow/.local/lib/python3.8/site-packages/airflow/example_dags/example_time_delta_sensor_async.py for tasks to queue
[2026-07-01T12:20:26.458+0000] {logging_mixin.py:188} INFO - [2026-07-01T12:20:26.457+0000] {dagbag.py:538} INFO - Filling up the DagBag from /home/airflow/.local/lib/python3.8/site-packages/airflow/example_dags/example_time_delta_sensor_async.py
[2026-07-01T12:20:26.478+0000] {processor.py:840} INFO - DAG(s) 'example_time_delta_sensor_async' retrieved from /home/airflow/.local/lib/python3.8/site-packages/airflow/example_dags/example_time_delta_sensor_async.py
[2026-07-01T12:20:26.863+0000] {logging_mixin.py:188} INFO - [2026-07-01T12:20:26.863+0000] {dag.py:3036} INFO - Sync 1 DAGs
[2026-07-01T12:20:26.921+0000] {logging_mixin.py:188} INFO - [2026-07-01T12:20:26.920+0000] {dag.py:3823} INFO - Setting next_dagrun for example_time_delta_sensor_async to None, run_after=None
[2026-07-01T12:20:27.019+0000] {processor.py:183} INFO - Processing /home/airflow/.local/lib/python3.8/site-packages/airflow/example_dags/example_time_delta_sensor_async.py took 0.596 seconds
[2026-07-01T12:20:57.738+0000] {processor.py:161} INFO - Started process (PID=1394) to work on /home/airflow/.local/lib/python3.8/site-packages/airflow/example_dags/example_time_delta_sensor_async.py
[2026-07-01T12:20:57.743+0000] {processor.py:830} INFO - Processing file /home/airflow/.local/lib/python3.8/site-packages/airflow/example_dags/example_time_delta_sensor_async.py for tasks to queue
[2026-07-01T12:20:57.749+0000] {logging_mixin.py:188} INFO - [2026-07-01T12:20:57.748+0000] {dagbag.py:538} INFO - Filling up the DagBag from /home/airflow/.local/lib/python3.8/site-packages/airflow/example_dags/example_time_delta_sensor_async.py
[2026-07-01T12:20:57.763+0000] {processor.py:840} INFO - DAG(s) 'example_time_delta_sensor_async' retrieved from /home/airflow/.local/lib/python3.8/site-packages/airflow/example_dags/example_time_delta_sensor_async.py
[2026-07-01T12:20:57.817+0000] {logging_mixin.py:188} INFO - [2026-07-01T12:20:57.817+0000] {dag.py:3036} INFO - Sync 1 DAGs
[2026-07-01T12:20:57.851+0000] {logging_mixin.py:188} INFO - [2026-07-01T12:20:57.850+0000] {dag.py:3823} INFO - Setting next_dagrun for example_time_delta_sensor_async to None, run_after=None
[2026-07-01T12:20:57.905+0000] {processor.py:183} INFO - Processing /home/airflow/.local/lib/python3.8/site-packages/airflow/example_dags/example_time_delta_sensor_async.py took 0.176 seconds
[2026-07-01T12:21:29.543+0000] {processor.py:161} INFO - Started process (PID=1450) to work on /home/airflow/.local/lib/python3.8/site-packages/airflow/example_dags/example_time_delta_sensor_async.py
[2026-07-01T12:21:29.562+0000] {processor.py:830} INFO - Processing file /home/airflow/.local/lib/python3.8/site-packages/airflow/example_dags/example_time_delta_sensor_async.py for tasks to queue
[2026-07-01T12:21:29.569+0000] {logging_mixin.py:188} INFO - [2026-07-01T12:21:29.568+0000] {dagbag.py:538} INFO - Filling up the DagBag from /home/airflow/.local/lib/python3.8/site-packages/airflow/example_dags/example_time_delta_sensor_async.py
[2026-07-01T12:21:29.584+0000] {processor.py:840} INFO - DAG(s) 'example_time_delta_sensor_async' retrieved from /home/airflow/.local/lib/python3.8/site-packages/airflow/example_dags/example_time_delta_sensor_async.py
[2026-07-01T12:21:29.647+0000] {logging_mixin.py:188} INFO - [2026-07-01T12:21:29.647+0000] {dag.py:3036} INFO - Sync 1 DAGs
[2026-07-01T12:21:29.688+0000] {logging_mixin.py:188} INFO - [2026-07-01T12:21:29.687+0000] {dag.py:3823} INFO - Setting next_dagrun for example_time_delta_sensor_async to None, run_after=None
[2026-07-01T12:21:29.744+0000] {processor.py:183} INFO - Processing /home/airflow/.local/lib/python3.8/site-packages/airflow/example_dags/example_time_delta_sensor_async.py took 0.220 seconds
[2026-07-01T12:22:00.302+0000] {processor.py:161} INFO - Started process (PID=1506) to work on /home/airflow/.local/lib/python3.8/site-packages/airflow/example_dags/example_time_delta_sensor_async.py
[2026-07-01T12:22:00.305+0000] {processor.py:830} INFO - Processing file /home/airflow/.local/lib/python3.8/site-packages/airflow/example_dags/example_time_delta_sensor_async.py for tasks to queue
[2026-07-01T12:22:00.312+0000] {logging_mixin.py:188} INFO - [2026-07-01T12:22:00.311+0000] {dagbag.py:538} INFO - Filling up the DagBag from /home/airflow/.local/lib/python3.8/site-packages/airflow/example_dags/example_time_delta_sensor_async.py
[2026-07-01T12:22:00.328+0000] {processor.py:840} INFO - DAG(s) 'example_time_delta_sensor_async' retrieved from /home/airflow/.local/lib/python3.8/site-packages/airflow/example_dags/example_time_delta_sensor_async.py
[2026-07-01T12:22:00.392+0000] {logging_mixin.py:188} INFO - [2026-07-01T12:22:00.391+0000] {dag.py:3036} INFO - Sync 1 DAGs
[2026-07-01T12:22:00.434+0000] {logging_mixin.py:188} INFO - [2026-07-01T12:22:00.434+0000] {dag.py:3823} INFO - Setting next_dagrun for example_time_delta_sensor_async to None, run_after=None
[2026-07-01T12:22:00.513+0000] {processor.py:183} INFO - Processing /home/airflow/.local/lib/python3.8/site-packages/airflow/example_dags/example_time_delta_sensor_async.py took 0.220 seconds
[2026-07-01T12:22:30.997+0000] {processor.py:161} INFO - Started process (PID=1562) to work on /home/airflow/.local/lib/python3.8/site-packages/airflow/example_dags/example_time_delta_sensor_async.py
[2026-07-01T12:22:31.001+0000] {processor.py:830} INFO - Processing file /home/airflow/.local/lib/python3.8/site-packages/airflow/example_dags/example_time_delta_sensor_async.py for tasks to queue
[2026-07-01T12:22:31.009+0000] {logging_mixin.py:188} INFO - [2026-07-01T12:22:31.008+0000] {dagbag.py:538} INFO - Filling up the DagBag from /home/airflow/.local/lib/python3.8/site-packages/airflow/example_dags/example_time_delta_sensor_async.py
[2026-07-01T12:22:31.025+0000] {processor.py:840} INFO - DAG(s) 'example_time_delta_sensor_async' retrieved from /home/airflow/.local/lib/python3.8/site-packages/airflow/example_dags/example_time_delta_sensor_async.py
[2026-07-01T12:22:31.078+0000] {logging_mixin.py:188} INFO - [2026-07-01T12:22:31.077+0000] {dag.py:3036} INFO - Sync 1 DAGs
[2026-07-01T12:22:31.111+0000] {logging_mixin.py:188} INFO - [2026-07-01T12:22:31.111+0000] {dag.py:3823} INFO - Setting next_dagrun for example_time_delta_sensor_async to None, run_after=None
[2026-07-01T12:22:31.166+0000] {processor.py:183} INFO - Processing /home/airflow/.local/lib/python3.8/site-packages/airflow/example_dags/example_time_delta_sensor_async.py took 0.177 seconds
[2026-07-01T12:23:01.299+0000] {processor.py:161} INFO - Started process (PID=1616) to work on /home/airflow/.local/lib/python3.8/site-packages/airflow/example_dags/example_time_delta_sensor_async.py
[2026-07-01T12:23:01.303+0000] {processor.py:830} INFO - Processing file /home/airflow/.local/lib/python3.8/site-packages/airflow/example_dags/example_time_delta_sensor_async.py for tasks to queue
[2026-07-01T12:23:01.308+0000] {logging_mixin.py:188} INFO - [2026-07-01T12:23:01.307+0000] {dagbag.py:538} INFO - Filling up the DagBag from /home/airflow/.local/lib/python3.8/site-packages/airflow/example_dags/example_time_delta_sensor_async.py
[2026-07-01T12:23:01.330+0000] {processor.py:840} INFO - DAG(s) 'example_time_delta_sensor_async' retrieved from /home/airflow/.local/lib/python3.8/site-packages/airflow/example_dags/example_time_delta_sensor_async.py
[2026-07-01T12:23:01.384+0000] {logging_mixin.py:188} INFO - [2026-07-01T12:23:01.383+0000] {dag.py:3036} INFO - Sync 1 DAGs
[2026-07-01T12:23:01.419+0000] {logging_mixin.py:188} INFO - [2026-07-01T12:23:01.418+0000] {dag.py:3823} INFO - Setting next_dagrun for example_time_delta_sensor_async to None, run_after=None
[2026-07-01T12:23:01.468+0000] {processor.py:183} INFO - Processing /home/airflow/.local/lib/python3.8/site-packages/airflow/example_dags/example_time_delta_sensor_async.py took 0.176 seconds
[2026-07-01T12:23:32.156+0000] {processor.py:161} INFO - Started process (PID=1672) to work on /home/airflow/.local/lib/python3.8/site-packages/airflow/example_dags/example_time_delta_sensor_async.py
[2026-07-01T12:23:32.159+0000] {processor.py:830} INFO - Processing file /home/airflow/.local/lib/python3.8/site-packages/airflow/example_dags/example_time_delta_sensor_async.py for tasks to queue
[2026-07-01T12:23:32.164+0000] {logging_mixin.py:188} INFO - [2026-07-01T12:23:32.163+0000] {dagbag.py:538} INFO - Filling up the DagBag from /home/airflow/.local/lib/python3.8/site-packages/airflow/example_dags/example_time_delta_sensor_async.py
[2026-07-01T12:23:32.175+0000] {processor.py:840} INFO - DAG(s) 'example_time_delta_sensor_async' retrieved from /home/airflow/.local/lib/python3.8/site-packages/airflow/example_dags/example_time_delta_sensor_async.py
[2026-07-01T12:23:32.223+0000] {logging_mixin.py:188} INFO - [2026-07-01T12:23:32.223+0000] {dag.py:3036} INFO - Sync 1 DAGs
[2026-07-01T12:23:32.253+0000] {logging_mixin.py:188} INFO - [2026-07-01T12:23:32.253+0000] {dag.py:3823} INFO - Setting next_dagrun for example_time_delta_sensor_async to None, run_after=None
[2026-07-01T12:23:32.303+0000] {processor.py:183} INFO - Processing /home/airflow/.local/lib/python3.8/site-packages/airflow/example_dags/example_time_delta_sensor_async.py took 0.157 seconds
[2026-07-01T12:24:03.175+0000] {processor.py:161} INFO - Started process (PID=1728) to work on /home/airflow/.local/lib/python3.8/site-packages/airflow/example_dags/example_time_delta_sensor_async.py
[2026-07-01T12:24:03.179+0000] {processor.py:830} INFO - Processing file /home/airflow/.local/lib/python3.8/site-packages/airflow/example_dags/example_time_delta_sensor_async.py for tasks to queue
[2026-07-01T12:24:03.186+0000] {logging_mixin.py:188} INFO - [2026-07-01T12:24:03.185+0000] {dagbag.py:538} INFO - Filling up the DagBag from /home/airflow/.local/lib/python3.8/site-packages/airflow/example_dags/example_time_delta_sensor_async.py
[2026-07-01T12:24:03.202+0000] {processor.py:840} INFO - DAG(s) 'example_time_delta_sensor_async' retrieved from /home/airflow/.local/lib/python3.8/site-packages/airflow/example_dags/example_time_delta_sensor_async.py
[2026-07-01T12:24:03.266+0000] {logging_mixin.py:188} INFO - [2026-07-01T12:24:03.265+0000] {dag.py:3036} INFO - Sync 1 DAGs
[2026-07-01T12:24:03.302+0000] {logging_mixin.py:188} INFO - [2026-07-01T12:24:03.301+0000] {dag.py:3823} INFO - Setting next_dagrun for example_time_delta_sensor_async to None, run_after=None
[2026-07-01T12:24:03.352+0000] {processor.py:183} INFO - Processing /home/airflow/.local/lib/python3.8/site-packages/airflow/example_dags/example_time_delta_sensor_async.py took 0.186 seconds
[2026-07-01T12:24:33.596+0000] {processor.py:161} INFO - Started process (PID=1783) to work on /home/airflow/.local/lib/python3.8/site-packages/airflow/example_dags/example_time_delta_sensor_async.py
[2026-07-01T12:24:33.600+0000] {processor.py:830} INFO - Processing file /home/airflow/.local/lib/python3.8/site-packages/airflow/example_dags/example_time_delta_sensor_async.py for tasks to queue
[2026-07-01T12:24:33.608+0000] {logging_mixin.py:188} INFO - [2026-07-01T12:24:33.607+0000] {dagbag.py:538} INFO - Filling up the DagBag from /home/airflow/.local/lib/python3.8/site-packages/airflow/example_dags/example_time_delta_sensor_async.py
[2026-07-01T12:24:33.624+0000] {processor.py:840} INFO - DAG(s) 'example_time_delta_sensor_async' retrieved from /home/airflow/.local/lib/python3.8/site-packages/airflow/example_dags/example_time_delta_sensor_async.py
[2026-07-01T12:24:33.681+0000] {logging_mixin.py:188} INFO - [2026-07-01T12:24:33.680+0000] {dag.py:3036} INFO - Sync 1 DAGs
[2026-07-01T12:24:33.714+0000] {logging_mixin.py:188} INFO - [2026-07-01T12:24:33.714+0000] {dag.py:3823} INFO - Setting next_dagrun for example_time_delta_sensor_async to None, run_after=None
[2026-07-01T12:24:33.760+0000] {processor.py:183} INFO - Processing /home/airflow/.local/lib/python3.8/site-packages/airflow/example_dags/example_time_delta_sensor_async.py took 0.175 seconds
[2026-07-01T12:25:04.652+0000] {processor.py:161} INFO - Started process (PID=1839) to work on /home/airflow/.local/lib/python3.8/site-packages/airflow/example_dags/example_time_delta_sensor_async.py
[2026-07-01T12:25:04.658+0000] {processor.py:830} INFO - Processing file /home/airflow/.local/lib/python3.8/site-packages/airflow/example_dags/example_time_delta_sensor_async.py for tasks to queue
[2026-07-01T12:25:04.668+0000] {logging_mixin.py:188} INFO - [2026-07-01T12:25:04.667+0000] {dagbag.py:538} INFO - Filling up the DagBag from /home/airflow/.local/lib/python3.8/site-packages/airflow/example_dags/example_time_delta_sensor_async.py
[2026-07-01T12:25:04.691+0000] {processor.py:840} INFO - DAG(s) 'example_time_delta_sensor_async' retrieved from /home/airflow/.local/lib/python3.8/site-packages/airflow/example_dags/example_time_delta_sensor_async.py
[2026-07-01T12:25:04.757+0000] {logging_mixin.py:188} INFO - [2026-07-01T12:25:04.757+0000] {dag.py:3036} INFO - Sync 1 DAGs
[2026-07-01T12:25:04.806+0000] {logging_mixin.py:188} INFO - [2026-07-01T12:25:04.806+0000] {dag.py:3823} INFO - Setting next_dagrun for example_time_delta_sensor_async to None, run_after=None
[2026-07-01T12:25:04.856+0000] {processor.py:183} INFO - Processing /home/airflow/.local/lib/python3.8/site-packages/airflow/example_dags/example_time_delta_sensor_async.py took 0.217 seconds
[2026-07-01T12:25:35.607+0000] {processor.py:161} INFO - Started process (PID=1895) to work on /home/airflow/.local/lib/python3.8/site-packages/airflow/example_dags/example_time_delta_sensor_async.py
[2026-07-01T12:25:35.611+0000] {processor.py:830} INFO - Processing file /home/airflow/.local/lib/python3.8/site-packages/airflow/example_dags/example_time_delta_sensor_async.py for tasks to queue
[2026-07-01T12:25:35.618+0000] {logging_mixin.py:188} INFO - [2026-07-01T12:25:35.617+0000] {dagbag.py:538} INFO - Filling up the DagBag from /home/airflow/.local/lib/python3.8/site-packages/airflow/example_dags/example_time_delta_sensor_async.py
[2026-07-01T12:25:35.631+0000] {processor.py:840} INFO - DAG(s) 'example_time_delta_sensor_async' retrieved from /home/airflow/.local/lib/python3.8/site-packages/airflow/example_dags/example_time_delta_sensor_async.py
[2026-07-01T12:25:35.678+0000] {logging_mixin.py:188} INFO - [2026-07-01T12:25:35.677+0000] {dag.py:3036} INFO - Sync 1 DAGs
[2026-07-01T12:25:35.706+0000] {logging_mixin.py:188} INFO - [2026-07-01T12:25:35.706+0000] {dag.py:3823} INFO - Setting next_dagrun for example_time_delta_sensor_async to None, run_after=None
[2026-07-01T12:25:35.748+0000] {processor.py:183} INFO - Processing /home/airflow/.local/lib/python3.8/site-packages/airflow/example_dags/example_time_delta_sensor_async.py took 0.150 seconds
[2026-07-01T12:26:05.923+0000] {processor.py:161} INFO - Started process (PID=1951) to work on /home/airflow/.local/lib/python3.8/site-packages/airflow/example_dags/example_time_delta_sensor_async.py
[2026-07-01T12:26:05.927+0000] {processor.py:830} INFO - Processing file /home/airflow/.local/lib/python3.8/site-packages/airflow/example_dags/example_time_delta_sensor_async.py for tasks to queue
[2026-07-01T12:26:05.932+0000] {logging_mixin.py:188} INFO - [2026-07-01T12:26:05.932+0000] {dagbag.py:538} INFO - Filling up the DagBag from /home/airflow/.local/lib/python3.8/site-packages/airflow/example_dags/example_time_delta_sensor_async.py
[2026-07-01T12:26:05.945+0000] {processor.py:840} INFO - DAG(s) 'example_time_delta_sensor_async' retrieved from /home/airflow/.local/lib/python3.8/site-packages/airflow/example_dags/example_time_delta_sensor_async.py
[2026-07-01T12:26:05.990+0000] {logging_mixin.py:188} INFO - [2026-07-01T12:26:05.990+0000] {dag.py:3036} INFO - Sync 1 DAGs
[2026-07-01T12:26:06.017+0000] {logging_mixin.py:188} INFO - [2026-07-01T12:26:06.017+0000] {dag.py:3823} INFO - Setting next_dagrun for example_time_delta_sensor_async to None, run_after=None
[2026-07-01T12:26:06.054+0000] {processor.py:183} INFO - Processing /home/airflow/.local/lib/python3.8/site-packages/airflow/example_dags/example_time_delta_sensor_async.py took 0.139 seconds
[2026-07-01T12:26:36.639+0000] {processor.py:161} INFO - Started process (PID=2007) to work on /home/airflow/.local/lib/python3.8/site-packages/airflow/example_dags/example_time_delta_sensor_async.py
[2026-07-01T12:26:36.643+0000] {processor.py:830} INFO - Processing file /home/airflow/.local/lib/python3.8/site-packages/airflow/example_dags/example_time_delta_sensor_async.py for tasks to queue
[2026-07-01T12:26:36.650+0000] {logging_mixin.py:188} INFO - [2026-07-01T12:26:36.649+0000] {dagbag.py:538} INFO - Filling up the DagBag from /home/airflow/.local/lib/python3.8/site-packages/airflow/example_dags/example_time_delta_sensor_async.py
[2026-07-01T12:26:36.672+0000] {processor.py:840} INFO - DAG(s) 'example_time_delta_sensor_async' retrieved from /home/airflow/.local/lib/python3.8/site-packages/airflow/example_dags/example_time_delta_sensor_async.py
[2026-07-01T12:26:36.737+0000] {logging_mixin.py:188} INFO - [2026-07-01T12:26:36.736+0000] {dag.py:3036} INFO - Sync 1 DAGs
[2026-07-01T12:26:36.788+0000] {logging_mixin.py:188} INFO - [2026-07-01T12:26:36.788+0000] {dag.py:3823} INFO - Setting next_dagrun for example_time_delta_sensor_async to None, run_after=None
[2026-07-01T12:26:36.866+0000] {processor.py:183} INFO - Processing /home/airflow/.local/lib/python3.8/site-packages/airflow/example_dags/example_time_delta_sensor_async.py took 0.238 seconds
[2026-07-01T12:27:07.397+0000] {processor.py:161} INFO - Started process (PID=2069) to work on /home/airflow/.local/lib/python3.8/site-packages/airflow/example_dags/example_time_delta_sensor_async.py
[2026-07-01T12:27:07.400+0000] {processor.py:830} INFO - Processing file /home/airflow/.local/lib/python3.8/site-packages/airflow/example_dags/example_time_delta_sensor_async.py for tasks to queue
[2026-07-01T12:27:07.405+0000] {logging_mixin.py:188} INFO - [2026-07-01T12:27:07.405+0000] {dagbag.py:538} INFO - Filling up the DagBag from /home/airflow/.local/lib/python3.8/site-packages/airflow/example_dags/example_time_delta_sensor_async.py
[2026-07-01T12:27:07.419+0000] {processor.py:840} INFO - DAG(s) 'example_time_delta_sensor_async' retrieved from /home/airflow/.local/lib/python3.8/site-packages/airflow/example_dags/example_time_delta_sensor_async.py
[2026-07-01T12:27:07.471+0000] {logging_mixin.py:188} INFO - [2026-07-01T12:27:07.471+0000] {dag.py:3036} INFO - Sync 1 DAGs
[2026-07-01T12:27:07.504+0000] {logging_mixin.py:188} INFO - [2026-07-01T12:27:07.503+0000] {dag.py:3823} INFO - Setting next_dagrun for example_time_delta_sensor_async to None, run_after=None
[2026-07-01T12:27:07.546+0000] {processor.py:183} INFO - Processing /home/airflow/.local/lib/python3.8/site-packages/airflow/example_dags/example_time_delta_sensor_async.py took 0.159 seconds
[2026-07-01T12:27:38.178+0000] {processor.py:161} INFO - Started process (PID=2125) to work on /home/airflow/.local/lib/python3.8/site-packages/airflow/example_dags/example_time_delta_sensor_async.py
[2026-07-01T12:27:38.181+0000] {processor.py:830} INFO - Processing file /home/airflow/.local/lib/python3.8/site-packages/airflow/example_dags/example_time_delta_sensor_async.py for tasks to queue
[2026-07-01T12:27:38.187+0000] {logging_mixin.py:188} INFO - [2026-07-01T12:27:38.186+0000] {dagbag.py:538} INFO - Filling up the DagBag from /home/airflow/.local/lib/python3.8/site-packages/airflow/example_dags/example_time_delta_sensor_async.py
[2026-07-01T12:27:38.200+0000] {processor.py:840} INFO - DAG(s) 'example_time_delta_sensor_async' retrieved from /home/airflow/.local/lib/python3.8/site-packages/airflow/example_dags/example_time_delta_sensor_async.py
[2026-07-01T12:27:38.252+0000] {logging_mixin.py:188} INFO - [2026-07-01T12:27:38.252+0000] {dag.py:3036} INFO - Sync 1 DAGs
[2026-07-01T12:27:38.286+0000] {logging_mixin.py:188} INFO - [2026-07-01T12:27:38.286+0000] {dag.py:3823} INFO - Setting next_dagrun for example_time_delta_sensor_async to None, run_after=None
[2026-07-01T12:27:38.335+0000] {processor.py:183} INFO - Processing /home/airflow/.local/lib/python3.8/site-packages/airflow/example_dags/example_time_delta_sensor_async.py took 0.166 seconds
[2026-07-01T12:28:08.655+0000] {processor.py:161} INFO - Started process (PID=2181) to work on /home/airflow/.local/lib/python3.8/site-packages/airflow/example_dags/example_time_delta_sensor_async.py
[2026-07-01T12:28:08.659+0000] {processor.py:830} INFO - Processing file /home/airflow/.local/lib/python3.8/site-packages/airflow/example_dags/example_time_delta_sensor_async.py for tasks to queue
[2026-07-01T12:28:08.666+0000] {logging_mixin.py:188} INFO - [2026-07-01T12:28:08.665+0000] {dagbag.py:538} INFO - Filling up the DagBag from /home/airflow/.local/lib/python3.8/site-packages/airflow/example_dags/example_time_delta_sensor_async.py
[2026-07-01T12:28:08.680+0000] {processor.py:840} INFO - DAG(s) 'example_time_delta_sensor_async' retrieved from /home/airflow/.local/lib/python3.8/site-packages/airflow/example_dags/example_time_delta_sensor_async.py
[2026-07-01T12:28:08.735+0000] {logging_mixin.py:188} INFO - [2026-07-01T12:28:08.734+0000] {dag.py:3036} INFO - Sync 1 DAGs
[2026-07-01T12:28:08.765+0000] {logging_mixin.py:188} INFO - [2026-07-01T12:28:08.765+0000] {dag.py:3823} INFO - Setting next_dagrun for example_time_delta_sensor_async to None, run_after=None
[2026-07-01T12:28:08.806+0000] {processor.py:183} INFO - Processing /home/airflow/.local/lib/python3.8/site-packages/airflow/example_dags/example_time_delta_sensor_async.py took 0.162 seconds
[2026-07-01T12:28:39.470+0000] {processor.py:161} INFO - Started process (PID=2238) to work on /home/airflow/.local/lib/python3.8/site-packages/airflow/example_dags/example_time_delta_sensor_async.py
[2026-07-01T12:28:39.473+0000] {processor.py:830} INFO - Processing file /home/airflow/.local/lib/python3.8/site-packages/airflow/example_dags/example_time_delta_sensor_async.py for tasks to queue
[2026-07-01T12:28:39.479+0000] {logging_mixin.py:188} INFO - [2026-07-01T12:28:39.478+0000] {dagbag.py:538} INFO - Filling up the DagBag from /home/airflow/.local/lib/python3.8/site-packages/airflow/example_dags/example_time_delta_sensor_async.py
[2026-07-01T12:28:39.494+0000] {processor.py:840} INFO - DAG(s) 'example_time_delta_sensor_async' retrieved from /home/airflow/.local/lib/python3.8/site-packages/airflow/example_dags/example_time_delta_sensor_async.py
[2026-07-01T12:28:39.583+0000] {logging_mixin.py:188} INFO - [2026-07-01T12:28:39.583+0000] {dag.py:3036} INFO - Sync 1 DAGs
[2026-07-01T12:28:39.613+0000] {logging_mixin.py:188} INFO - [2026-07-01T12:28:39.612+0000] {dag.py:3823} INFO - Setting next_dagrun for example_time_delta_sensor_async to None, run_after=None
[2026-07-01T12:28:39.668+0000] {processor.py:183} INFO - Processing /home/airflow/.local/lib/python3.8/site-packages/airflow/example_dags/example_time_delta_sensor_async.py took 0.206 seconds
[2026-07-01T12:29:09.916+0000] {processor.py:161} INFO - Started process (PID=2295) to work on /home/airflow/.local/lib/python3.8/site-packages/airflow/example_dags/example_time_delta_sensor_async.py
[2026-07-01T12:29:09.923+0000] {processor.py:830} INFO - Processing file /home/airflow/.local/lib/python3.8/site-packages/airflow/example_dags/example_time_delta_sensor_async.py for tasks to queue
[2026-07-01T12:29:09.929+0000] {logging_mixin.py:188} INFO - [2026-07-01T12:29:09.928+0000] {dagbag.py:538} INFO - Filling up the DagBag from /home/airflow/.local/lib/python3.8/site-packages/airflow/example_dags/example_time_delta_sensor_async.py
[2026-07-01T12:29:09.942+0000] {processor.py:840} INFO - DAG(s) 'example_time_delta_sensor_async' retrieved from /home/airflow/.local/lib/python3.8/site-packages/airflow/example_dags/example_time_delta_sensor_async.py
[2026-07-01T12:29:10.001+0000] {logging_mixin.py:188} INFO - [2026-07-01T12:29:10.000+0000] {dag.py:3036} INFO - Sync 1 DAGs
[2026-07-01T12:29:10.031+0000] {logging_mixin.py:188} INFO - [2026-07-01T12:29:10.031+0000] {dag.py:3823} INFO - Setting next_dagrun for example_time_delta_sensor_async to None, run_after=None
[2026-07-01T12:29:10.087+0000] {processor.py:183} INFO - Processing /home/airflow/.local/lib/python3.8/site-packages/airflow/example_dags/example_time_delta_sensor_async.py took 0.181 seconds
[2026-07-01T12:29:40.324+0000] {processor.py:161} INFO - Started process (PID=2351) to work on /home/airflow/.local/lib/python3.8/site-packages/airflow/example_dags/example_time_delta_sensor_async.py
[2026-07-01T12:29:40.327+0000] {processor.py:830} INFO - Processing file /home/airflow/.local/lib/python3.8/site-packages/airflow/example_dags/example_time_delta_sensor_async.py for tasks to queue
[2026-07-01T12:29:40.333+0000] {logging_mixin.py:188} INFO - [2026-07-01T12:29:40.332+0000] {dagbag.py:538} INFO - Filling up the DagBag from /home/airflow/.local/lib/python3.8/site-packages/airflow/example_dags/example_time_delta_sensor_async.py
[2026-07-01T12:29:40.345+0000] {processor.py:840} INFO - DAG(s) 'example_time_delta_sensor_async' retrieved from /home/airflow/.local/lib/python3.8/site-packages/airflow/example_dags/example_time_delta_sensor_async.py
[2026-07-01T12:29:40.392+0000] {logging_mixin.py:188} INFO - [2026-07-01T12:29:40.392+0000] {dag.py:3036} INFO - Sync 1 DAGs
[2026-07-01T12:29:40.419+0000] {logging_mixin.py:188} INFO - [2026-07-01T12:29:40.419+0000] {dag.py:3823} INFO - Setting next_dagrun for example_time_delta_sensor_async to None, run_after=None
[2026-07-01T12:29:40.460+0000] {processor.py:183} INFO - Processing /home/airflow/.local/lib/python3.8/site-packages/airflow/example_dags/example_time_delta_sensor_async.py took 0.145 seconds
