[2026-07-01T11:58:33.570+0000] {processor.py:161} INFO - Started process (PID=109) to work on /home/airflow/.local/lib/python3.8/site-packages/airflow/example_dags/example_local_kubernetes_executor.py
[2026-07-01T11:58:33.579+0000] {processor.py:830} INFO - Processing file /home/airflow/.local/lib/python3.8/site-packages/airflow/example_dags/example_local_kubernetes_executor.py for tasks to queue
[2026-07-01T11:58:33.592+0000] {logging_mixin.py:188} INFO - [2026-07-01T11:58:33.588+0000] {dagbag.py:538} INFO - Filling up the DagBag from /home/airflow/.local/lib/python3.8/site-packages/airflow/example_dags/example_local_kubernetes_executor.py
[2026-07-01T11:58:33.700+0000] {processor.py:840} INFO - DAG(s) 'example_local_kubernetes_executor' retrieved from /home/airflow/.local/lib/python3.8/site-packages/airflow/example_dags/example_local_kubernetes_executor.py
[2026-07-01T11:58:34.570+0000] {logging_mixin.py:188} INFO - [2026-07-01T11:58:34.570+0000] {dag.py:3036} INFO - Sync 1 DAGs
[2026-07-01T11:58:34.602+0000] {logging_mixin.py:188} INFO - [2026-07-01T11:58:34.602+0000] {dag.py:3823} INFO - Setting next_dagrun for example_local_kubernetes_executor to None, run_after=None
[2026-07-01T11:58:34.683+0000] {processor.py:183} INFO - Processing /home/airflow/.local/lib/python3.8/site-packages/airflow/example_dags/example_local_kubernetes_executor.py took 1.134 seconds
[2026-07-01T11:59:05.150+0000] {processor.py:161} INFO - Started process (PID=164) to work on /home/airflow/.local/lib/python3.8/site-packages/airflow/example_dags/example_local_kubernetes_executor.py
[2026-07-01T11:59:05.153+0000] {processor.py:830} INFO - Processing file /home/airflow/.local/lib/python3.8/site-packages/airflow/example_dags/example_local_kubernetes_executor.py for tasks to queue
[2026-07-01T11:59:05.160+0000] {logging_mixin.py:188} INFO - [2026-07-01T11:59:05.159+0000] {dagbag.py:538} INFO - Filling up the DagBag from /home/airflow/.local/lib/python3.8/site-packages/airflow/example_dags/example_local_kubernetes_executor.py
[2026-07-01T11:59:05.182+0000] {processor.py:840} INFO - DAG(s) 'example_local_kubernetes_executor' retrieved from /home/airflow/.local/lib/python3.8/site-packages/airflow/example_dags/example_local_kubernetes_executor.py
[2026-07-01T11:59:05.271+0000] {logging_mixin.py:188} INFO - [2026-07-01T11:59:05.271+0000] {dag.py:3036} INFO - Sync 1 DAGs
[2026-07-01T11:59:05.307+0000] {logging_mixin.py:188} INFO - [2026-07-01T11:59:05.306+0000] {dag.py:3823} INFO - Setting next_dagrun for example_local_kubernetes_executor to None, run_after=None
[2026-07-01T11:59:05.363+0000] {processor.py:183} INFO - Processing /home/airflow/.local/lib/python3.8/site-packages/airflow/example_dags/example_local_kubernetes_executor.py took 0.221 seconds
[2026-07-01T11:59:35.821+0000] {processor.py:161} INFO - Started process (PID=219) to work on /home/airflow/.local/lib/python3.8/site-packages/airflow/example_dags/example_local_kubernetes_executor.py
[2026-07-01T11:59:35.825+0000] {processor.py:830} INFO - Processing file /home/airflow/.local/lib/python3.8/site-packages/airflow/example_dags/example_local_kubernetes_executor.py for tasks to queue
[2026-07-01T11:59:35.830+0000] {logging_mixin.py:188} INFO - [2026-07-01T11:59:35.829+0000] {dagbag.py:538} INFO - Filling up the DagBag from /home/airflow/.local/lib/python3.8/site-packages/airflow/example_dags/example_local_kubernetes_executor.py
[2026-07-01T11:59:35.849+0000] {processor.py:840} INFO - DAG(s) 'example_local_kubernetes_executor' retrieved from /home/airflow/.local/lib/python3.8/site-packages/airflow/example_dags/example_local_kubernetes_executor.py
[2026-07-01T11:59:35.931+0000] {logging_mixin.py:188} INFO - [2026-07-01T11:59:35.931+0000] {dag.py:3036} INFO - Sync 1 DAGs
[2026-07-01T11:59:35.967+0000] {logging_mixin.py:188} INFO - [2026-07-01T11:59:35.966+0000] {dag.py:3823} INFO - Setting next_dagrun for example_local_kubernetes_executor to None, run_after=None
[2026-07-01T11:59:36.019+0000] {processor.py:183} INFO - Processing /home/airflow/.local/lib/python3.8/site-packages/airflow/example_dags/example_local_kubernetes_executor.py took 0.207 seconds
[2026-07-01T12:00:06.106+0000] {processor.py:161} INFO - Started process (PID=274) to work on /home/airflow/.local/lib/python3.8/site-packages/airflow/example_dags/example_local_kubernetes_executor.py
[2026-07-01T12:00:06.111+0000] {processor.py:830} INFO - Processing file /home/airflow/.local/lib/python3.8/site-packages/airflow/example_dags/example_local_kubernetes_executor.py for tasks to queue
[2026-07-01T12:00:06.118+0000] {logging_mixin.py:188} INFO - [2026-07-01T12:00:06.117+0000] {dagbag.py:538} INFO - Filling up the DagBag from /home/airflow/.local/lib/python3.8/site-packages/airflow/example_dags/example_local_kubernetes_executor.py
[2026-07-01T12:00:06.147+0000] {processor.py:840} INFO - DAG(s) 'example_local_kubernetes_executor' retrieved from /home/airflow/.local/lib/python3.8/site-packages/airflow/example_dags/example_local_kubernetes_executor.py
[2026-07-01T12:00:06.182+0000] {logging_mixin.py:188} INFO - [2026-07-01T12:00:06.181+0000] {dag.py:3036} INFO - Sync 1 DAGs
[2026-07-01T12:00:06.226+0000] {logging_mixin.py:188} INFO - [2026-07-01T12:00:06.225+0000] {dag.py:3823} INFO - Setting next_dagrun for example_local_kubernetes_executor to None, run_after=None
[2026-07-01T12:00:06.283+0000] {processor.py:183} INFO - Processing /home/airflow/.local/lib/python3.8/site-packages/airflow/example_dags/example_local_kubernetes_executor.py took 0.189 seconds
[2026-07-01T12:00:37.004+0000] {processor.py:161} INFO - Started process (PID=329) to work on /home/airflow/.local/lib/python3.8/site-packages/airflow/example_dags/example_local_kubernetes_executor.py
[2026-07-01T12:00:37.008+0000] {processor.py:830} INFO - Processing file /home/airflow/.local/lib/python3.8/site-packages/airflow/example_dags/example_local_kubernetes_executor.py for tasks to queue
[2026-07-01T12:00:37.015+0000] {logging_mixin.py:188} INFO - [2026-07-01T12:00:37.015+0000] {dagbag.py:538} INFO - Filling up the DagBag from /home/airflow/.local/lib/python3.8/site-packages/airflow/example_dags/example_local_kubernetes_executor.py
[2026-07-01T12:00:37.037+0000] {processor.py:840} INFO - DAG(s) 'example_local_kubernetes_executor' retrieved from /home/airflow/.local/lib/python3.8/site-packages/airflow/example_dags/example_local_kubernetes_executor.py
[2026-07-01T12:00:37.316+0000] {logging_mixin.py:188} INFO - [2026-07-01T12:00:37.315+0000] {dag.py:3036} INFO - Sync 1 DAGs
[2026-07-01T12:00:37.344+0000] {logging_mixin.py:188} INFO - [2026-07-01T12:00:37.343+0000] {dag.py:3823} INFO - Setting next_dagrun for example_local_kubernetes_executor to None, run_after=None
[2026-07-01T12:00:37.395+0000] {processor.py:183} INFO - Processing /home/airflow/.local/lib/python3.8/site-packages/airflow/example_dags/example_local_kubernetes_executor.py took 0.399 seconds
[2026-07-01T12:01:07.552+0000] {processor.py:161} INFO - Started process (PID=384) to work on /home/airflow/.local/lib/python3.8/site-packages/airflow/example_dags/example_local_kubernetes_executor.py
[2026-07-01T12:01:07.556+0000] {processor.py:830} INFO - Processing file /home/airflow/.local/lib/python3.8/site-packages/airflow/example_dags/example_local_kubernetes_executor.py for tasks to queue
[2026-07-01T12:01:07.564+0000] {logging_mixin.py:188} INFO - [2026-07-01T12:01:07.563+0000] {dagbag.py:538} INFO - Filling up the DagBag from /home/airflow/.local/lib/python3.8/site-packages/airflow/example_dags/example_local_kubernetes_executor.py
[2026-07-01T12:01:07.603+0000] {processor.py:840} INFO - DAG(s) 'example_local_kubernetes_executor' retrieved from /home/airflow/.local/lib/python3.8/site-packages/airflow/example_dags/example_local_kubernetes_executor.py
[2026-07-01T12:01:07.734+0000] {logging_mixin.py:188} INFO - [2026-07-01T12:01:07.733+0000] {dag.py:3036} INFO - Sync 1 DAGs
[2026-07-01T12:01:07.773+0000] {logging_mixin.py:188} INFO - [2026-07-01T12:01:07.772+0000] {dag.py:3823} INFO - Setting next_dagrun for example_local_kubernetes_executor to None, run_after=None
[2026-07-01T12:01:07.869+0000] {processor.py:183} INFO - Processing /home/airflow/.local/lib/python3.8/site-packages/airflow/example_dags/example_local_kubernetes_executor.py took 0.329 seconds
[2026-07-01T12:01:38.244+0000] {processor.py:161} INFO - Started process (PID=439) to work on /home/airflow/.local/lib/python3.8/site-packages/airflow/example_dags/example_local_kubernetes_executor.py
[2026-07-01T12:01:38.249+0000] {processor.py:830} INFO - Processing file /home/airflow/.local/lib/python3.8/site-packages/airflow/example_dags/example_local_kubernetes_executor.py for tasks to queue
[2026-07-01T12:01:38.266+0000] {logging_mixin.py:188} INFO - [2026-07-01T12:01:38.265+0000] {dagbag.py:538} INFO - Filling up the DagBag from /home/airflow/.local/lib/python3.8/site-packages/airflow/example_dags/example_local_kubernetes_executor.py
[2026-07-01T12:01:38.325+0000] {processor.py:840} INFO - DAG(s) 'example_local_kubernetes_executor' retrieved from /home/airflow/.local/lib/python3.8/site-packages/airflow/example_dags/example_local_kubernetes_executor.py
[2026-07-01T12:01:38.468+0000] {logging_mixin.py:188} INFO - [2026-07-01T12:01:38.467+0000] {dag.py:3036} INFO - Sync 1 DAGs
[2026-07-01T12:01:38.514+0000] {logging_mixin.py:188} INFO - [2026-07-01T12:01:38.514+0000] {dag.py:3823} INFO - Setting next_dagrun for example_local_kubernetes_executor to None, run_after=None
[2026-07-01T12:01:38.582+0000] {processor.py:183} INFO - Processing /home/airflow/.local/lib/python3.8/site-packages/airflow/example_dags/example_local_kubernetes_executor.py took 0.356 seconds
[2026-07-01T12:02:08.765+0000] {processor.py:161} INFO - Started process (PID=495) to work on /home/airflow/.local/lib/python3.8/site-packages/airflow/example_dags/example_local_kubernetes_executor.py
[2026-07-01T12:02:08.768+0000] {processor.py:830} INFO - Processing file /home/airflow/.local/lib/python3.8/site-packages/airflow/example_dags/example_local_kubernetes_executor.py for tasks to queue
[2026-07-01T12:02:08.774+0000] {logging_mixin.py:188} INFO - [2026-07-01T12:02:08.773+0000] {dagbag.py:538} INFO - Filling up the DagBag from /home/airflow/.local/lib/python3.8/site-packages/airflow/example_dags/example_local_kubernetes_executor.py
[2026-07-01T12:02:08.797+0000] {processor.py:840} INFO - DAG(s) 'example_local_kubernetes_executor' retrieved from /home/airflow/.local/lib/python3.8/site-packages/airflow/example_dags/example_local_kubernetes_executor.py
[2026-07-01T12:02:08.880+0000] {logging_mixin.py:188} INFO - [2026-07-01T12:02:08.879+0000] {dag.py:3036} INFO - Sync 1 DAGs
[2026-07-01T12:02:08.913+0000] {logging_mixin.py:188} INFO - [2026-07-01T12:02:08.912+0000] {dag.py:3823} INFO - Setting next_dagrun for example_local_kubernetes_executor to None, run_after=None
[2026-07-01T12:02:08.962+0000] {processor.py:183} INFO - Processing /home/airflow/.local/lib/python3.8/site-packages/airflow/example_dags/example_local_kubernetes_executor.py took 0.207 seconds
[2026-07-01T12:02:39.524+0000] {processor.py:161} INFO - Started process (PID=551) to work on /home/airflow/.local/lib/python3.8/site-packages/airflow/example_dags/example_local_kubernetes_executor.py
[2026-07-01T12:02:39.528+0000] {processor.py:830} INFO - Processing file /home/airflow/.local/lib/python3.8/site-packages/airflow/example_dags/example_local_kubernetes_executor.py for tasks to queue
[2026-07-01T12:02:39.534+0000] {logging_mixin.py:188} INFO - [2026-07-01T12:02:39.533+0000] {dagbag.py:538} INFO - Filling up the DagBag from /home/airflow/.local/lib/python3.8/site-packages/airflow/example_dags/example_local_kubernetes_executor.py
[2026-07-01T12:02:39.553+0000] {processor.py:840} INFO - DAG(s) 'example_local_kubernetes_executor' retrieved from /home/airflow/.local/lib/python3.8/site-packages/airflow/example_dags/example_local_kubernetes_executor.py
[2026-07-01T12:02:39.638+0000] {logging_mixin.py:188} INFO - [2026-07-01T12:02:39.638+0000] {dag.py:3036} INFO - Sync 1 DAGs
[2026-07-01T12:02:39.677+0000] {logging_mixin.py:188} INFO - [2026-07-01T12:02:39.677+0000] {dag.py:3823} INFO - Setting next_dagrun for example_local_kubernetes_executor to None, run_after=None
[2026-07-01T12:02:39.763+0000] {processor.py:183} INFO - Processing /home/airflow/.local/lib/python3.8/site-packages/airflow/example_dags/example_local_kubernetes_executor.py took 0.248 seconds
[2026-07-01T12:03:10.025+0000] {processor.py:161} INFO - Started process (PID=604) to work on /home/airflow/.local/lib/python3.8/site-packages/airflow/example_dags/example_local_kubernetes_executor.py
[2026-07-01T12:03:10.028+0000] {processor.py:830} INFO - Processing file /home/airflow/.local/lib/python3.8/site-packages/airflow/example_dags/example_local_kubernetes_executor.py for tasks to queue
[2026-07-01T12:03:10.034+0000] {logging_mixin.py:188} INFO - [2026-07-01T12:03:10.033+0000] {dagbag.py:538} INFO - Filling up the DagBag from /home/airflow/.local/lib/python3.8/site-packages/airflow/example_dags/example_local_kubernetes_executor.py
[2026-07-01T12:03:10.051+0000] {processor.py:840} INFO - DAG(s) 'example_local_kubernetes_executor' retrieved from /home/airflow/.local/lib/python3.8/site-packages/airflow/example_dags/example_local_kubernetes_executor.py
[2026-07-01T12:03:10.125+0000] {logging_mixin.py:188} INFO - [2026-07-01T12:03:10.125+0000] {dag.py:3036} INFO - Sync 1 DAGs
[2026-07-01T12:03:10.156+0000] {logging_mixin.py:188} INFO - [2026-07-01T12:03:10.156+0000] {dag.py:3823} INFO - Setting next_dagrun for example_local_kubernetes_executor to None, run_after=None
[2026-07-01T12:03:10.213+0000] {processor.py:183} INFO - Processing /home/airflow/.local/lib/python3.8/site-packages/airflow/example_dags/example_local_kubernetes_executor.py took 0.195 seconds
[2026-07-01T12:03:40.435+0000] {processor.py:161} INFO - Started process (PID=660) to work on /home/airflow/.local/lib/python3.8/site-packages/airflow/example_dags/example_local_kubernetes_executor.py
[2026-07-01T12:03:40.438+0000] {processor.py:830} INFO - Processing file /home/airflow/.local/lib/python3.8/site-packages/airflow/example_dags/example_local_kubernetes_executor.py for tasks to queue
[2026-07-01T12:03:40.443+0000] {logging_mixin.py:188} INFO - [2026-07-01T12:03:40.442+0000] {dagbag.py:538} INFO - Filling up the DagBag from /home/airflow/.local/lib/python3.8/site-packages/airflow/example_dags/example_local_kubernetes_executor.py
[2026-07-01T12:03:40.461+0000] {processor.py:840} INFO - DAG(s) 'example_local_kubernetes_executor' retrieved from /home/airflow/.local/lib/python3.8/site-packages/airflow/example_dags/example_local_kubernetes_executor.py
[2026-07-01T12:03:40.533+0000] {logging_mixin.py:188} INFO - [2026-07-01T12:03:40.532+0000] {dag.py:3036} INFO - Sync 1 DAGs
[2026-07-01T12:03:40.558+0000] {logging_mixin.py:188} INFO - [2026-07-01T12:03:40.558+0000] {dag.py:3823} INFO - Setting next_dagrun for example_local_kubernetes_executor to None, run_after=None
[2026-07-01T12:03:40.603+0000] {processor.py:183} INFO - Processing /home/airflow/.local/lib/python3.8/site-packages/airflow/example_dags/example_local_kubernetes_executor.py took 0.176 seconds
[2026-07-01T12:04:11.121+0000] {processor.py:161} INFO - Started process (PID=715) to work on /home/airflow/.local/lib/python3.8/site-packages/airflow/example_dags/example_local_kubernetes_executor.py
[2026-07-01T12:04:11.125+0000] {processor.py:830} INFO - Processing file /home/airflow/.local/lib/python3.8/site-packages/airflow/example_dags/example_local_kubernetes_executor.py for tasks to queue
[2026-07-01T12:04:11.131+0000] {logging_mixin.py:188} INFO - [2026-07-01T12:04:11.131+0000] {dagbag.py:538} INFO - Filling up the DagBag from /home/airflow/.local/lib/python3.8/site-packages/airflow/example_dags/example_local_kubernetes_executor.py
[2026-07-01T12:04:11.156+0000] {processor.py:840} INFO - DAG(s) 'example_local_kubernetes_executor' retrieved from /home/airflow/.local/lib/python3.8/site-packages/airflow/example_dags/example_local_kubernetes_executor.py
[2026-07-01T12:04:11.243+0000] {logging_mixin.py:188} INFO - [2026-07-01T12:04:11.243+0000] {dag.py:3036} INFO - Sync 1 DAGs
[2026-07-01T12:04:11.274+0000] {logging_mixin.py:188} INFO - [2026-07-01T12:04:11.274+0000] {dag.py:3823} INFO - Setting next_dagrun for example_local_kubernetes_executor to None, run_after=None
[2026-07-01T12:04:11.320+0000] {processor.py:183} INFO - Processing /home/airflow/.local/lib/python3.8/site-packages/airflow/example_dags/example_local_kubernetes_executor.py took 0.211 seconds
[2026-07-01T12:04:41.980+0000] {processor.py:161} INFO - Started process (PID=770) to work on /home/airflow/.local/lib/python3.8/site-packages/airflow/example_dags/example_local_kubernetes_executor.py
[2026-07-01T12:04:41.983+0000] {processor.py:830} INFO - Processing file /home/airflow/.local/lib/python3.8/site-packages/airflow/example_dags/example_local_kubernetes_executor.py for tasks to queue
[2026-07-01T12:04:41.992+0000] {logging_mixin.py:188} INFO - [2026-07-01T12:04:41.991+0000] {dagbag.py:538} INFO - Filling up the DagBag from /home/airflow/.local/lib/python3.8/site-packages/airflow/example_dags/example_local_kubernetes_executor.py
[2026-07-01T12:04:42.016+0000] {processor.py:840} INFO - DAG(s) 'example_local_kubernetes_executor' retrieved from /home/airflow/.local/lib/python3.8/site-packages/airflow/example_dags/example_local_kubernetes_executor.py
[2026-07-01T12:04:42.117+0000] {logging_mixin.py:188} INFO - [2026-07-01T12:04:42.116+0000] {dag.py:3036} INFO - Sync 1 DAGs
[2026-07-01T12:04:42.167+0000] {logging_mixin.py:188} INFO - [2026-07-01T12:04:42.166+0000] {dag.py:3823} INFO - Setting next_dagrun for example_local_kubernetes_executor to None, run_after=None
[2026-07-01T12:04:42.230+0000] {processor.py:183} INFO - Processing /home/airflow/.local/lib/python3.8/site-packages/airflow/example_dags/example_local_kubernetes_executor.py took 0.266 seconds
[2026-07-01T12:05:12.716+0000] {processor.py:161} INFO - Started process (PID=825) to work on /home/airflow/.local/lib/python3.8/site-packages/airflow/example_dags/example_local_kubernetes_executor.py
[2026-07-01T12:05:12.720+0000] {processor.py:830} INFO - Processing file /home/airflow/.local/lib/python3.8/site-packages/airflow/example_dags/example_local_kubernetes_executor.py for tasks to queue
[2026-07-01T12:05:12.727+0000] {logging_mixin.py:188} INFO - [2026-07-01T12:05:12.726+0000] {dagbag.py:538} INFO - Filling up the DagBag from /home/airflow/.local/lib/python3.8/site-packages/airflow/example_dags/example_local_kubernetes_executor.py
[2026-07-01T12:05:12.754+0000] {processor.py:840} INFO - DAG(s) 'example_local_kubernetes_executor' retrieved from /home/airflow/.local/lib/python3.8/site-packages/airflow/example_dags/example_local_kubernetes_executor.py
[2026-07-01T12:05:12.836+0000] {logging_mixin.py:188} INFO - [2026-07-01T12:05:12.835+0000] {dag.py:3036} INFO - Sync 1 DAGs
[2026-07-01T12:05:12.866+0000] {logging_mixin.py:188} INFO - [2026-07-01T12:05:12.866+0000] {dag.py:3823} INFO - Setting next_dagrun for example_local_kubernetes_executor to None, run_after=None
[2026-07-01T12:05:12.911+0000] {processor.py:183} INFO - Processing /home/airflow/.local/lib/python3.8/site-packages/airflow/example_dags/example_local_kubernetes_executor.py took 0.203 seconds
[2026-07-01T12:05:43.192+0000] {processor.py:161} INFO - Started process (PID=880) to work on /home/airflow/.local/lib/python3.8/site-packages/airflow/example_dags/example_local_kubernetes_executor.py
[2026-07-01T12:05:43.195+0000] {processor.py:830} INFO - Processing file /home/airflow/.local/lib/python3.8/site-packages/airflow/example_dags/example_local_kubernetes_executor.py for tasks to queue
[2026-07-01T12:05:43.201+0000] {logging_mixin.py:188} INFO - [2026-07-01T12:05:43.200+0000] {dagbag.py:538} INFO - Filling up the DagBag from /home/airflow/.local/lib/python3.8/site-packages/airflow/example_dags/example_local_kubernetes_executor.py
[2026-07-01T12:05:43.219+0000] {processor.py:840} INFO - DAG(s) 'example_local_kubernetes_executor' retrieved from /home/airflow/.local/lib/python3.8/site-packages/airflow/example_dags/example_local_kubernetes_executor.py
[2026-07-01T12:05:43.299+0000] {logging_mixin.py:188} INFO - [2026-07-01T12:05:43.298+0000] {dag.py:3036} INFO - Sync 1 DAGs
[2026-07-01T12:05:43.329+0000] {logging_mixin.py:188} INFO - [2026-07-01T12:05:43.328+0000] {dag.py:3823} INFO - Setting next_dagrun for example_local_kubernetes_executor to None, run_after=None
[2026-07-01T12:05:43.373+0000] {processor.py:183} INFO - Processing /home/airflow/.local/lib/python3.8/site-packages/airflow/example_dags/example_local_kubernetes_executor.py took 0.190 seconds
[2026-07-01T12:06:13.942+0000] {processor.py:161} INFO - Started process (PID=935) to work on /home/airflow/.local/lib/python3.8/site-packages/airflow/example_dags/example_local_kubernetes_executor.py
[2026-07-01T12:06:13.946+0000] {processor.py:830} INFO - Processing file /home/airflow/.local/lib/python3.8/site-packages/airflow/example_dags/example_local_kubernetes_executor.py for tasks to queue
[2026-07-01T12:06:13.954+0000] {logging_mixin.py:188} INFO - [2026-07-01T12:06:13.953+0000] {dagbag.py:538} INFO - Filling up the DagBag from /home/airflow/.local/lib/python3.8/site-packages/airflow/example_dags/example_local_kubernetes_executor.py
[2026-07-01T12:06:13.985+0000] {processor.py:840} INFO - DAG(s) 'example_local_kubernetes_executor' retrieved from /home/airflow/.local/lib/python3.8/site-packages/airflow/example_dags/example_local_kubernetes_executor.py
[2026-07-01T12:06:14.094+0000] {logging_mixin.py:188} INFO - [2026-07-01T12:06:14.093+0000] {dag.py:3036} INFO - Sync 1 DAGs
[2026-07-01T12:06:14.140+0000] {logging_mixin.py:188} INFO - [2026-07-01T12:06:14.138+0000] {dag.py:3823} INFO - Setting next_dagrun for example_local_kubernetes_executor to None, run_after=None
[2026-07-01T12:06:14.237+0000] {processor.py:183} INFO - Processing /home/airflow/.local/lib/python3.8/site-packages/airflow/example_dags/example_local_kubernetes_executor.py took 0.308 seconds
[2026-07-01T12:06:44.531+0000] {processor.py:161} INFO - Started process (PID=990) to work on /home/airflow/.local/lib/python3.8/site-packages/airflow/example_dags/example_local_kubernetes_executor.py
[2026-07-01T12:06:44.536+0000] {processor.py:830} INFO - Processing file /home/airflow/.local/lib/python3.8/site-packages/airflow/example_dags/example_local_kubernetes_executor.py for tasks to queue
[2026-07-01T12:06:44.544+0000] {logging_mixin.py:188} INFO - [2026-07-01T12:06:44.543+0000] {dagbag.py:538} INFO - Filling up the DagBag from /home/airflow/.local/lib/python3.8/site-packages/airflow/example_dags/example_local_kubernetes_executor.py
[2026-07-01T12:06:44.581+0000] {processor.py:840} INFO - DAG(s) 'example_local_kubernetes_executor' retrieved from /home/airflow/.local/lib/python3.8/site-packages/airflow/example_dags/example_local_kubernetes_executor.py
[2026-07-01T12:06:44.717+0000] {logging_mixin.py:188} INFO - [2026-07-01T12:06:44.716+0000] {dag.py:3036} INFO - Sync 1 DAGs
[2026-07-01T12:06:44.763+0000] {logging_mixin.py:188} INFO - [2026-07-01T12:06:44.763+0000] {dag.py:3823} INFO - Setting next_dagrun for example_local_kubernetes_executor to None, run_after=None
[2026-07-01T12:06:44.820+0000] {processor.py:183} INFO - Processing /home/airflow/.local/lib/python3.8/site-packages/airflow/example_dags/example_local_kubernetes_executor.py took 0.306 seconds
[2026-07-01T12:07:14.961+0000] {processor.py:161} INFO - Started process (PID=1045) to work on /home/airflow/.local/lib/python3.8/site-packages/airflow/example_dags/example_local_kubernetes_executor.py
[2026-07-01T12:07:14.965+0000] {processor.py:830} INFO - Processing file /home/airflow/.local/lib/python3.8/site-packages/airflow/example_dags/example_local_kubernetes_executor.py for tasks to queue
[2026-07-01T12:07:14.970+0000] {logging_mixin.py:188} INFO - [2026-07-01T12:07:14.969+0000] {dagbag.py:538} INFO - Filling up the DagBag from /home/airflow/.local/lib/python3.8/site-packages/airflow/example_dags/example_local_kubernetes_executor.py
[2026-07-01T12:07:14.988+0000] {processor.py:840} INFO - DAG(s) 'example_local_kubernetes_executor' retrieved from /home/airflow/.local/lib/python3.8/site-packages/airflow/example_dags/example_local_kubernetes_executor.py
[2026-07-01T12:07:15.068+0000] {logging_mixin.py:188} INFO - [2026-07-01T12:07:15.068+0000] {dag.py:3036} INFO - Sync 1 DAGs
[2026-07-01T12:07:15.101+0000] {logging_mixin.py:188} INFO - [2026-07-01T12:07:15.101+0000] {dag.py:3823} INFO - Setting next_dagrun for example_local_kubernetes_executor to None, run_after=None
[2026-07-01T12:07:15.148+0000] {processor.py:183} INFO - Processing /home/airflow/.local/lib/python3.8/site-packages/airflow/example_dags/example_local_kubernetes_executor.py took 0.195 seconds
[2026-07-01T12:07:45.643+0000] {processor.py:161} INFO - Started process (PID=1101) to work on /home/airflow/.local/lib/python3.8/site-packages/airflow/example_dags/example_local_kubernetes_executor.py
[2026-07-01T12:07:45.647+0000] {processor.py:830} INFO - Processing file /home/airflow/.local/lib/python3.8/site-packages/airflow/example_dags/example_local_kubernetes_executor.py for tasks to queue
[2026-07-01T12:07:45.654+0000] {logging_mixin.py:188} INFO - [2026-07-01T12:07:45.653+0000] {dagbag.py:538} INFO - Filling up the DagBag from /home/airflow/.local/lib/python3.8/site-packages/airflow/example_dags/example_local_kubernetes_executor.py
[2026-07-01T12:07:45.681+0000] {processor.py:840} INFO - DAG(s) 'example_local_kubernetes_executor' retrieved from /home/airflow/.local/lib/python3.8/site-packages/airflow/example_dags/example_local_kubernetes_executor.py
[2026-07-01T12:07:45.799+0000] {logging_mixin.py:188} INFO - [2026-07-01T12:07:45.798+0000] {dag.py:3036} INFO - Sync 1 DAGs
[2026-07-01T12:07:45.839+0000] {logging_mixin.py:188} INFO - [2026-07-01T12:07:45.838+0000] {dag.py:3823} INFO - Setting next_dagrun for example_local_kubernetes_executor to None, run_after=None
[2026-07-01T12:07:45.889+0000] {processor.py:183} INFO - Processing /home/airflow/.local/lib/python3.8/site-packages/airflow/example_dags/example_local_kubernetes_executor.py took 0.256 seconds
[2026-07-01T12:08:16.481+0000] {processor.py:161} INFO - Started process (PID=1156) to work on /home/airflow/.local/lib/python3.8/site-packages/airflow/example_dags/example_local_kubernetes_executor.py
[2026-07-01T12:08:16.485+0000] {processor.py:830} INFO - Processing file /home/airflow/.local/lib/python3.8/site-packages/airflow/example_dags/example_local_kubernetes_executor.py for tasks to queue
[2026-07-01T12:08:16.491+0000] {logging_mixin.py:188} INFO - [2026-07-01T12:08:16.490+0000] {dagbag.py:538} INFO - Filling up the DagBag from /home/airflow/.local/lib/python3.8/site-packages/airflow/example_dags/example_local_kubernetes_executor.py
[2026-07-01T12:08:16.513+0000] {processor.py:840} INFO - DAG(s) 'example_local_kubernetes_executor' retrieved from /home/airflow/.local/lib/python3.8/site-packages/airflow/example_dags/example_local_kubernetes_executor.py
[2026-07-01T12:08:16.597+0000] {logging_mixin.py:188} INFO - [2026-07-01T12:08:16.596+0000] {dag.py:3036} INFO - Sync 1 DAGs
[2026-07-01T12:08:16.636+0000] {logging_mixin.py:188} INFO - [2026-07-01T12:08:16.635+0000] {dag.py:3823} INFO - Setting next_dagrun for example_local_kubernetes_executor to None, run_after=None
[2026-07-01T12:08:16.768+0000] {processor.py:183} INFO - Processing /home/airflow/.local/lib/python3.8/site-packages/airflow/example_dags/example_local_kubernetes_executor.py took 0.295 seconds
[2026-07-01T12:09:02.851+0000] {processor.py:161} INFO - Started process (PID=96) to work on /home/airflow/.local/lib/python3.8/site-packages/airflow/example_dags/example_local_kubernetes_executor.py
[2026-07-01T12:09:02.858+0000] {processor.py:830} INFO - Processing file /home/airflow/.local/lib/python3.8/site-packages/airflow/example_dags/example_local_kubernetes_executor.py for tasks to queue
[2026-07-01T12:09:02.866+0000] {logging_mixin.py:188} INFO - [2026-07-01T12:09:02.865+0000] {dagbag.py:538} INFO - Filling up the DagBag from /home/airflow/.local/lib/python3.8/site-packages/airflow/example_dags/example_local_kubernetes_executor.py
[2026-07-01T12:09:02.910+0000] {processor.py:840} INFO - DAG(s) 'example_local_kubernetes_executor' retrieved from /home/airflow/.local/lib/python3.8/site-packages/airflow/example_dags/example_local_kubernetes_executor.py
[2026-07-01T12:09:03.055+0000] {logging_mixin.py:188} INFO - [2026-07-01T12:09:03.054+0000] {dag.py:3036} INFO - Sync 1 DAGs
[2026-07-01T12:09:03.098+0000] {logging_mixin.py:188} INFO - [2026-07-01T12:09:03.098+0000] {dag.py:3823} INFO - Setting next_dagrun for example_local_kubernetes_executor to None, run_after=None
[2026-07-01T12:09:03.157+0000] {processor.py:183} INFO - Processing /home/airflow/.local/lib/python3.8/site-packages/airflow/example_dags/example_local_kubernetes_executor.py took 0.319 seconds
[2026-07-01T12:09:33.340+0000] {processor.py:161} INFO - Started process (PID=152) to work on /home/airflow/.local/lib/python3.8/site-packages/airflow/example_dags/example_local_kubernetes_executor.py
[2026-07-01T12:09:33.345+0000] {processor.py:830} INFO - Processing file /home/airflow/.local/lib/python3.8/site-packages/airflow/example_dags/example_local_kubernetes_executor.py for tasks to queue
[2026-07-01T12:09:33.352+0000] {logging_mixin.py:188} INFO - [2026-07-01T12:09:33.352+0000] {dagbag.py:538} INFO - Filling up the DagBag from /home/airflow/.local/lib/python3.8/site-packages/airflow/example_dags/example_local_kubernetes_executor.py
[2026-07-01T12:09:33.384+0000] {processor.py:840} INFO - DAG(s) 'example_local_kubernetes_executor' retrieved from /home/airflow/.local/lib/python3.8/site-packages/airflow/example_dags/example_local_kubernetes_executor.py
[2026-07-01T12:09:33.491+0000] {logging_mixin.py:188} INFO - [2026-07-01T12:09:33.491+0000] {dag.py:3036} INFO - Sync 1 DAGs
[2026-07-01T12:09:33.525+0000] {logging_mixin.py:188} INFO - [2026-07-01T12:09:33.525+0000] {dag.py:3823} INFO - Setting next_dagrun for example_local_kubernetes_executor to None, run_after=None
[2026-07-01T12:09:33.574+0000] {processor.py:183} INFO - Processing /home/airflow/.local/lib/python3.8/site-packages/airflow/example_dags/example_local_kubernetes_executor.py took 0.248 seconds
[2026-07-01T12:10:03.840+0000] {processor.py:161} INFO - Started process (PID=209) to work on /home/airflow/.local/lib/python3.8/site-packages/airflow/example_dags/example_local_kubernetes_executor.py
[2026-07-01T12:10:03.844+0000] {processor.py:830} INFO - Processing file /home/airflow/.local/lib/python3.8/site-packages/airflow/example_dags/example_local_kubernetes_executor.py for tasks to queue
[2026-07-01T12:10:03.850+0000] {logging_mixin.py:188} INFO - [2026-07-01T12:10:03.849+0000] {dagbag.py:538} INFO - Filling up the DagBag from /home/airflow/.local/lib/python3.8/site-packages/airflow/example_dags/example_local_kubernetes_executor.py
[2026-07-01T12:10:03.879+0000] {processor.py:840} INFO - DAG(s) 'example_local_kubernetes_executor' retrieved from /home/airflow/.local/lib/python3.8/site-packages/airflow/example_dags/example_local_kubernetes_executor.py
[2026-07-01T12:10:03.982+0000] {logging_mixin.py:188} INFO - [2026-07-01T12:10:03.981+0000] {dag.py:3036} INFO - Sync 1 DAGs
[2026-07-01T12:10:04.025+0000] {logging_mixin.py:188} INFO - [2026-07-01T12:10:04.024+0000] {dag.py:3823} INFO - Setting next_dagrun for example_local_kubernetes_executor to None, run_after=None
[2026-07-01T12:10:04.100+0000] {processor.py:183} INFO - Processing /home/airflow/.local/lib/python3.8/site-packages/airflow/example_dags/example_local_kubernetes_executor.py took 0.273 seconds
[2026-07-01T12:10:34.227+0000] {processor.py:161} INFO - Started process (PID=265) to work on /home/airflow/.local/lib/python3.8/site-packages/airflow/example_dags/example_local_kubernetes_executor.py
[2026-07-01T12:10:34.232+0000] {processor.py:830} INFO - Processing file /home/airflow/.local/lib/python3.8/site-packages/airflow/example_dags/example_local_kubernetes_executor.py for tasks to queue
[2026-07-01T12:10:34.252+0000] {logging_mixin.py:188} INFO - [2026-07-01T12:10:34.250+0000] {dagbag.py:538} INFO - Filling up the DagBag from /home/airflow/.local/lib/python3.8/site-packages/airflow/example_dags/example_local_kubernetes_executor.py
[2026-07-01T12:10:34.293+0000] {processor.py:840} INFO - DAG(s) 'example_local_kubernetes_executor' retrieved from /home/airflow/.local/lib/python3.8/site-packages/airflow/example_dags/example_local_kubernetes_executor.py
[2026-07-01T12:10:34.459+0000] {logging_mixin.py:188} INFO - [2026-07-01T12:10:34.458+0000] {dag.py:3036} INFO - Sync 1 DAGs
[2026-07-01T12:10:34.513+0000] {logging_mixin.py:188} INFO - [2026-07-01T12:10:34.513+0000] {dag.py:3823} INFO - Setting next_dagrun for example_local_kubernetes_executor to None, run_after=None
[2026-07-01T12:10:34.585+0000] {processor.py:183} INFO - Processing /home/airflow/.local/lib/python3.8/site-packages/airflow/example_dags/example_local_kubernetes_executor.py took 0.375 seconds
[2026-07-01T12:11:05.647+0000] {processor.py:161} INFO - Started process (PID=326) to work on /home/airflow/.local/lib/python3.8/site-packages/airflow/example_dags/example_local_kubernetes_executor.py
[2026-07-01T12:11:05.650+0000] {processor.py:830} INFO - Processing file /home/airflow/.local/lib/python3.8/site-packages/airflow/example_dags/example_local_kubernetes_executor.py for tasks to queue
[2026-07-01T12:11:05.656+0000] {logging_mixin.py:188} INFO - [2026-07-01T12:11:05.655+0000] {dagbag.py:538} INFO - Filling up the DagBag from /home/airflow/.local/lib/python3.8/site-packages/airflow/example_dags/example_local_kubernetes_executor.py
[2026-07-01T12:11:05.677+0000] {processor.py:840} INFO - DAG(s) 'example_local_kubernetes_executor' retrieved from /home/airflow/.local/lib/python3.8/site-packages/airflow/example_dags/example_local_kubernetes_executor.py
[2026-07-01T12:11:05.782+0000] {logging_mixin.py:188} INFO - [2026-07-01T12:11:05.781+0000] {dag.py:3036} INFO - Sync 1 DAGs
[2026-07-01T12:11:05.817+0000] {logging_mixin.py:188} INFO - [2026-07-01T12:11:05.817+0000] {dag.py:3823} INFO - Setting next_dagrun for example_local_kubernetes_executor to None, run_after=None
[2026-07-01T12:11:05.877+0000] {processor.py:183} INFO - Processing /home/airflow/.local/lib/python3.8/site-packages/airflow/example_dags/example_local_kubernetes_executor.py took 0.240 seconds
[2026-07-01T12:11:37.074+0000] {processor.py:161} INFO - Started process (PID=382) to work on /home/airflow/.local/lib/python3.8/site-packages/airflow/example_dags/example_local_kubernetes_executor.py
[2026-07-01T12:11:37.078+0000] {processor.py:830} INFO - Processing file /home/airflow/.local/lib/python3.8/site-packages/airflow/example_dags/example_local_kubernetes_executor.py for tasks to queue
[2026-07-01T12:11:37.086+0000] {logging_mixin.py:188} INFO - [2026-07-01T12:11:37.084+0000] {dagbag.py:538} INFO - Filling up the DagBag from /home/airflow/.local/lib/python3.8/site-packages/airflow/example_dags/example_local_kubernetes_executor.py
[2026-07-01T12:11:37.110+0000] {processor.py:840} INFO - DAG(s) 'example_local_kubernetes_executor' retrieved from /home/airflow/.local/lib/python3.8/site-packages/airflow/example_dags/example_local_kubernetes_executor.py
[2026-07-01T12:11:37.198+0000] {logging_mixin.py:188} INFO - [2026-07-01T12:11:37.198+0000] {dag.py:3036} INFO - Sync 1 DAGs
[2026-07-01T12:11:37.230+0000] {logging_mixin.py:188} INFO - [2026-07-01T12:11:37.229+0000] {dag.py:3823} INFO - Setting next_dagrun for example_local_kubernetes_executor to None, run_after=None
[2026-07-01T12:11:37.281+0000] {processor.py:183} INFO - Processing /home/airflow/.local/lib/python3.8/site-packages/airflow/example_dags/example_local_kubernetes_executor.py took 0.218 seconds
[2026-07-01T12:12:07.417+0000] {processor.py:161} INFO - Started process (PID=438) to work on /home/airflow/.local/lib/python3.8/site-packages/airflow/example_dags/example_local_kubernetes_executor.py
[2026-07-01T12:12:07.420+0000] {processor.py:830} INFO - Processing file /home/airflow/.local/lib/python3.8/site-packages/airflow/example_dags/example_local_kubernetes_executor.py for tasks to queue
[2026-07-01T12:12:07.425+0000] {logging_mixin.py:188} INFO - [2026-07-01T12:12:07.425+0000] {dagbag.py:538} INFO - Filling up the DagBag from /home/airflow/.local/lib/python3.8/site-packages/airflow/example_dags/example_local_kubernetes_executor.py
[2026-07-01T12:12:07.444+0000] {processor.py:840} INFO - DAG(s) 'example_local_kubernetes_executor' retrieved from /home/airflow/.local/lib/python3.8/site-packages/airflow/example_dags/example_local_kubernetes_executor.py
[2026-07-01T12:12:07.524+0000] {logging_mixin.py:188} INFO - [2026-07-01T12:12:07.524+0000] {dag.py:3036} INFO - Sync 1 DAGs
[2026-07-01T12:12:07.555+0000] {logging_mixin.py:188} INFO - [2026-07-01T12:12:07.554+0000] {dag.py:3823} INFO - Setting next_dagrun for example_local_kubernetes_executor to None, run_after=None
[2026-07-01T12:12:07.598+0000] {processor.py:183} INFO - Processing /home/airflow/.local/lib/python3.8/site-packages/airflow/example_dags/example_local_kubernetes_executor.py took 0.189 seconds
[2026-07-01T12:12:38.445+0000] {processor.py:161} INFO - Started process (PID=494) to work on /home/airflow/.local/lib/python3.8/site-packages/airflow/example_dags/example_local_kubernetes_executor.py
[2026-07-01T12:12:38.449+0000] {processor.py:830} INFO - Processing file /home/airflow/.local/lib/python3.8/site-packages/airflow/example_dags/example_local_kubernetes_executor.py for tasks to queue
[2026-07-01T12:12:38.456+0000] {logging_mixin.py:188} INFO - [2026-07-01T12:12:38.455+0000] {dagbag.py:538} INFO - Filling up the DagBag from /home/airflow/.local/lib/python3.8/site-packages/airflow/example_dags/example_local_kubernetes_executor.py
[2026-07-01T12:12:38.480+0000] {processor.py:840} INFO - DAG(s) 'example_local_kubernetes_executor' retrieved from /home/airflow/.local/lib/python3.8/site-packages/airflow/example_dags/example_local_kubernetes_executor.py
[2026-07-01T12:12:38.625+0000] {logging_mixin.py:188} INFO - [2026-07-01T12:12:38.625+0000] {dag.py:3036} INFO - Sync 1 DAGs
[2026-07-01T12:12:38.661+0000] {logging_mixin.py:188} INFO - [2026-07-01T12:12:38.661+0000] {dag.py:3823} INFO - Setting next_dagrun for example_local_kubernetes_executor to None, run_after=None
[2026-07-01T12:12:38.706+0000] {processor.py:183} INFO - Processing /home/airflow/.local/lib/python3.8/site-packages/airflow/example_dags/example_local_kubernetes_executor.py took 0.272 seconds
[2026-07-01T12:13:09.746+0000] {processor.py:161} INFO - Started process (PID=550) to work on /home/airflow/.local/lib/python3.8/site-packages/airflow/example_dags/example_local_kubernetes_executor.py
[2026-07-01T12:13:09.749+0000] {processor.py:830} INFO - Processing file /home/airflow/.local/lib/python3.8/site-packages/airflow/example_dags/example_local_kubernetes_executor.py for tasks to queue
[2026-07-01T12:13:09.754+0000] {logging_mixin.py:188} INFO - [2026-07-01T12:13:09.754+0000] {dagbag.py:538} INFO - Filling up the DagBag from /home/airflow/.local/lib/python3.8/site-packages/airflow/example_dags/example_local_kubernetes_executor.py
[2026-07-01T12:13:09.774+0000] {processor.py:840} INFO - DAG(s) 'example_local_kubernetes_executor' retrieved from /home/airflow/.local/lib/python3.8/site-packages/airflow/example_dags/example_local_kubernetes_executor.py
[2026-07-01T12:13:09.858+0000] {logging_mixin.py:188} INFO - [2026-07-01T12:13:09.858+0000] {dag.py:3036} INFO - Sync 1 DAGs
[2026-07-01T12:13:09.889+0000] {logging_mixin.py:188} INFO - [2026-07-01T12:13:09.889+0000] {dag.py:3823} INFO - Setting next_dagrun for example_local_kubernetes_executor to None, run_after=None
[2026-07-01T12:13:09.933+0000] {processor.py:183} INFO - Processing /home/airflow/.local/lib/python3.8/site-packages/airflow/example_dags/example_local_kubernetes_executor.py took 0.195 seconds
[2026-07-01T12:13:40.242+0000] {processor.py:161} INFO - Started process (PID=606) to work on /home/airflow/.local/lib/python3.8/site-packages/airflow/example_dags/example_local_kubernetes_executor.py
[2026-07-01T12:13:40.247+0000] {processor.py:830} INFO - Processing file /home/airflow/.local/lib/python3.8/site-packages/airflow/example_dags/example_local_kubernetes_executor.py for tasks to queue
[2026-07-01T12:13:40.255+0000] {logging_mixin.py:188} INFO - [2026-07-01T12:13:40.254+0000] {dagbag.py:538} INFO - Filling up the DagBag from /home/airflow/.local/lib/python3.8/site-packages/airflow/example_dags/example_local_kubernetes_executor.py
[2026-07-01T12:13:40.284+0000] {processor.py:840} INFO - DAG(s) 'example_local_kubernetes_executor' retrieved from /home/airflow/.local/lib/python3.8/site-packages/airflow/example_dags/example_local_kubernetes_executor.py
[2026-07-01T12:13:40.390+0000] {logging_mixin.py:188} INFO - [2026-07-01T12:13:40.389+0000] {dag.py:3036} INFO - Sync 1 DAGs
[2026-07-01T12:13:40.431+0000] {logging_mixin.py:188} INFO - [2026-07-01T12:13:40.430+0000] {dag.py:3823} INFO - Setting next_dagrun for example_local_kubernetes_executor to None, run_after=None
[2026-07-01T12:13:40.541+0000] {processor.py:183} INFO - Processing /home/airflow/.local/lib/python3.8/site-packages/airflow/example_dags/example_local_kubernetes_executor.py took 0.311 seconds
[2026-07-01T12:14:10.984+0000] {processor.py:161} INFO - Started process (PID=662) to work on /home/airflow/.local/lib/python3.8/site-packages/airflow/example_dags/example_local_kubernetes_executor.py
[2026-07-01T12:14:10.988+0000] {processor.py:830} INFO - Processing file /home/airflow/.local/lib/python3.8/site-packages/airflow/example_dags/example_local_kubernetes_executor.py for tasks to queue
[2026-07-01T12:14:10.997+0000] {logging_mixin.py:188} INFO - [2026-07-01T12:14:10.995+0000] {dagbag.py:538} INFO - Filling up the DagBag from /home/airflow/.local/lib/python3.8/site-packages/airflow/example_dags/example_local_kubernetes_executor.py
[2026-07-01T12:14:11.024+0000] {processor.py:840} INFO - DAG(s) 'example_local_kubernetes_executor' retrieved from /home/airflow/.local/lib/python3.8/site-packages/airflow/example_dags/example_local_kubernetes_executor.py
[2026-07-01T12:14:11.116+0000] {logging_mixin.py:188} INFO - [2026-07-01T12:14:11.116+0000] {dag.py:3036} INFO - Sync 1 DAGs
[2026-07-01T12:14:11.150+0000] {logging_mixin.py:188} INFO - [2026-07-01T12:14:11.149+0000] {dag.py:3823} INFO - Setting next_dagrun for example_local_kubernetes_executor to None, run_after=None
[2026-07-01T12:14:11.191+0000] {processor.py:183} INFO - Processing /home/airflow/.local/lib/python3.8/site-packages/airflow/example_dags/example_local_kubernetes_executor.py took 0.219 seconds
[2026-07-01T12:14:41.321+0000] {processor.py:161} INFO - Started process (PID=718) to work on /home/airflow/.local/lib/python3.8/site-packages/airflow/example_dags/example_local_kubernetes_executor.py
[2026-07-01T12:14:41.325+0000] {processor.py:830} INFO - Processing file /home/airflow/.local/lib/python3.8/site-packages/airflow/example_dags/example_local_kubernetes_executor.py for tasks to queue
[2026-07-01T12:14:41.331+0000] {logging_mixin.py:188} INFO - [2026-07-01T12:14:41.331+0000] {dagbag.py:538} INFO - Filling up the DagBag from /home/airflow/.local/lib/python3.8/site-packages/airflow/example_dags/example_local_kubernetes_executor.py
[2026-07-01T12:14:41.352+0000] {processor.py:840} INFO - DAG(s) 'example_local_kubernetes_executor' retrieved from /home/airflow/.local/lib/python3.8/site-packages/airflow/example_dags/example_local_kubernetes_executor.py
[2026-07-01T12:14:41.431+0000] {logging_mixin.py:188} INFO - [2026-07-01T12:14:41.430+0000] {dag.py:3036} INFO - Sync 1 DAGs
[2026-07-01T12:14:41.460+0000] {logging_mixin.py:188} INFO - [2026-07-01T12:14:41.460+0000] {dag.py:3823} INFO - Setting next_dagrun for example_local_kubernetes_executor to None, run_after=None
[2026-07-01T12:14:41.510+0000] {processor.py:183} INFO - Processing /home/airflow/.local/lib/python3.8/site-packages/airflow/example_dags/example_local_kubernetes_executor.py took 0.198 seconds
[2026-07-01T12:15:12.076+0000] {processor.py:161} INFO - Started process (PID=775) to work on /home/airflow/.local/lib/python3.8/site-packages/airflow/example_dags/example_local_kubernetes_executor.py
[2026-07-01T12:15:12.079+0000] {processor.py:830} INFO - Processing file /home/airflow/.local/lib/python3.8/site-packages/airflow/example_dags/example_local_kubernetes_executor.py for tasks to queue
[2026-07-01T12:15:12.085+0000] {logging_mixin.py:188} INFO - [2026-07-01T12:15:12.084+0000] {dagbag.py:538} INFO - Filling up the DagBag from /home/airflow/.local/lib/python3.8/site-packages/airflow/example_dags/example_local_kubernetes_executor.py
[2026-07-01T12:15:12.108+0000] {processor.py:840} INFO - DAG(s) 'example_local_kubernetes_executor' retrieved from /home/airflow/.local/lib/python3.8/site-packages/airflow/example_dags/example_local_kubernetes_executor.py
[2026-07-01T12:15:12.192+0000] {logging_mixin.py:188} INFO - [2026-07-01T12:15:12.191+0000] {dag.py:3036} INFO - Sync 1 DAGs
[2026-07-01T12:15:12.227+0000] {logging_mixin.py:188} INFO - [2026-07-01T12:15:12.227+0000] {dag.py:3823} INFO - Setting next_dagrun for example_local_kubernetes_executor to None, run_after=None
[2026-07-01T12:15:12.282+0000] {processor.py:183} INFO - Processing /home/airflow/.local/lib/python3.8/site-packages/airflow/example_dags/example_local_kubernetes_executor.py took 0.215 seconds
[2026-07-01T12:15:42.623+0000] {processor.py:161} INFO - Started process (PID=831) to work on /home/airflow/.local/lib/python3.8/site-packages/airflow/example_dags/example_local_kubernetes_executor.py
[2026-07-01T12:15:42.626+0000] {processor.py:830} INFO - Processing file /home/airflow/.local/lib/python3.8/site-packages/airflow/example_dags/example_local_kubernetes_executor.py for tasks to queue
[2026-07-01T12:15:42.635+0000] {logging_mixin.py:188} INFO - [2026-07-01T12:15:42.634+0000] {dagbag.py:538} INFO - Filling up the DagBag from /home/airflow/.local/lib/python3.8/site-packages/airflow/example_dags/example_local_kubernetes_executor.py
[2026-07-01T12:15:42.668+0000] {processor.py:840} INFO - DAG(s) 'example_local_kubernetes_executor' retrieved from /home/airflow/.local/lib/python3.8/site-packages/airflow/example_dags/example_local_kubernetes_executor.py
[2026-07-01T12:15:42.780+0000] {logging_mixin.py:188} INFO - [2026-07-01T12:15:42.779+0000] {dag.py:3036} INFO - Sync 1 DAGs
[2026-07-01T12:15:42.816+0000] {logging_mixin.py:188} INFO - [2026-07-01T12:15:42.816+0000] {dag.py:3823} INFO - Setting next_dagrun for example_local_kubernetes_executor to None, run_after=None
[2026-07-01T12:15:42.866+0000] {processor.py:183} INFO - Processing /home/airflow/.local/lib/python3.8/site-packages/airflow/example_dags/example_local_kubernetes_executor.py took 0.257 seconds
[2026-07-01T12:16:13.911+0000] {processor.py:161} INFO - Started process (PID=887) to work on /home/airflow/.local/lib/python3.8/site-packages/airflow/example_dags/example_local_kubernetes_executor.py
[2026-07-01T12:16:13.915+0000] {processor.py:830} INFO - Processing file /home/airflow/.local/lib/python3.8/site-packages/airflow/example_dags/example_local_kubernetes_executor.py for tasks to queue
[2026-07-01T12:16:13.922+0000] {logging_mixin.py:188} INFO - [2026-07-01T12:16:13.921+0000] {dagbag.py:538} INFO - Filling up the DagBag from /home/airflow/.local/lib/python3.8/site-packages/airflow/example_dags/example_local_kubernetes_executor.py
[2026-07-01T12:16:13.944+0000] {processor.py:840} INFO - DAG(s) 'example_local_kubernetes_executor' retrieved from /home/airflow/.local/lib/python3.8/site-packages/airflow/example_dags/example_local_kubernetes_executor.py
[2026-07-01T12:16:14.021+0000] {logging_mixin.py:188} INFO - [2026-07-01T12:16:14.021+0000] {dag.py:3036} INFO - Sync 1 DAGs
[2026-07-01T12:16:14.049+0000] {logging_mixin.py:188} INFO - [2026-07-01T12:16:14.048+0000] {dag.py:3823} INFO - Setting next_dagrun for example_local_kubernetes_executor to None, run_after=None
[2026-07-01T12:16:14.091+0000] {processor.py:183} INFO - Processing /home/airflow/.local/lib/python3.8/site-packages/airflow/example_dags/example_local_kubernetes_executor.py took 0.190 seconds
[2026-07-01T12:16:45.062+0000] {processor.py:161} INFO - Started process (PID=943) to work on /home/airflow/.local/lib/python3.8/site-packages/airflow/example_dags/example_local_kubernetes_executor.py
[2026-07-01T12:16:45.073+0000] {processor.py:830} INFO - Processing file /home/airflow/.local/lib/python3.8/site-packages/airflow/example_dags/example_local_kubernetes_executor.py for tasks to queue
[2026-07-01T12:16:45.081+0000] {logging_mixin.py:188} INFO - [2026-07-01T12:16:45.080+0000] {dagbag.py:538} INFO - Filling up the DagBag from /home/airflow/.local/lib/python3.8/site-packages/airflow/example_dags/example_local_kubernetes_executor.py
[2026-07-01T12:16:45.134+0000] {processor.py:840} INFO - DAG(s) 'example_local_kubernetes_executor' retrieved from /home/airflow/.local/lib/python3.8/site-packages/airflow/example_dags/example_local_kubernetes_executor.py
[2026-07-01T12:16:45.269+0000] {logging_mixin.py:188} INFO - [2026-07-01T12:16:45.269+0000] {dag.py:3036} INFO - Sync 1 DAGs
[2026-07-01T12:16:45.315+0000] {logging_mixin.py:188} INFO - [2026-07-01T12:16:45.314+0000] {dag.py:3823} INFO - Setting next_dagrun for example_local_kubernetes_executor to None, run_after=None
[2026-07-01T12:16:45.369+0000] {processor.py:183} INFO - Processing /home/airflow/.local/lib/python3.8/site-packages/airflow/example_dags/example_local_kubernetes_executor.py took 0.318 seconds
[2026-07-01T12:17:15.626+0000] {processor.py:161} INFO - Started process (PID=999) to work on /home/airflow/.local/lib/python3.8/site-packages/airflow/example_dags/example_local_kubernetes_executor.py
[2026-07-01T12:17:15.629+0000] {processor.py:830} INFO - Processing file /home/airflow/.local/lib/python3.8/site-packages/airflow/example_dags/example_local_kubernetes_executor.py for tasks to queue
[2026-07-01T12:17:15.636+0000] {logging_mixin.py:188} INFO - [2026-07-01T12:17:15.635+0000] {dagbag.py:538} INFO - Filling up the DagBag from /home/airflow/.local/lib/python3.8/site-packages/airflow/example_dags/example_local_kubernetes_executor.py
[2026-07-01T12:17:15.662+0000] {processor.py:840} INFO - DAG(s) 'example_local_kubernetes_executor' retrieved from /home/airflow/.local/lib/python3.8/site-packages/airflow/example_dags/example_local_kubernetes_executor.py
[2026-07-01T12:17:15.751+0000] {logging_mixin.py:188} INFO - [2026-07-01T12:17:15.750+0000] {dag.py:3036} INFO - Sync 1 DAGs
[2026-07-01T12:17:15.781+0000] {logging_mixin.py:188} INFO - [2026-07-01T12:17:15.781+0000] {dag.py:3823} INFO - Setting next_dagrun for example_local_kubernetes_executor to None, run_after=None
[2026-07-01T12:17:15.822+0000] {processor.py:183} INFO - Processing /home/airflow/.local/lib/python3.8/site-packages/airflow/example_dags/example_local_kubernetes_executor.py took 0.210 seconds
[2026-07-01T12:17:46.363+0000] {processor.py:161} INFO - Started process (PID=1055) to work on /home/airflow/.local/lib/python3.8/site-packages/airflow/example_dags/example_local_kubernetes_executor.py
[2026-07-01T12:17:46.368+0000] {processor.py:830} INFO - Processing file /home/airflow/.local/lib/python3.8/site-packages/airflow/example_dags/example_local_kubernetes_executor.py for tasks to queue
[2026-07-01T12:17:46.374+0000] {logging_mixin.py:188} INFO - [2026-07-01T12:17:46.374+0000] {dagbag.py:538} INFO - Filling up the DagBag from /home/airflow/.local/lib/python3.8/site-packages/airflow/example_dags/example_local_kubernetes_executor.py
[2026-07-01T12:17:46.398+0000] {processor.py:840} INFO - DAG(s) 'example_local_kubernetes_executor' retrieved from /home/airflow/.local/lib/python3.8/site-packages/airflow/example_dags/example_local_kubernetes_executor.py
[2026-07-01T12:17:46.524+0000] {logging_mixin.py:188} INFO - [2026-07-01T12:17:46.524+0000] {dag.py:3036} INFO - Sync 1 DAGs
[2026-07-01T12:17:46.568+0000] {logging_mixin.py:188} INFO - [2026-07-01T12:17:46.568+0000] {dag.py:3823} INFO - Setting next_dagrun for example_local_kubernetes_executor to None, run_after=None
[2026-07-01T12:17:46.630+0000] {processor.py:183} INFO - Processing /home/airflow/.local/lib/python3.8/site-packages/airflow/example_dags/example_local_kubernetes_executor.py took 0.277 seconds
[2026-07-01T12:18:16.917+0000] {processor.py:161} INFO - Started process (PID=1111) to work on /home/airflow/.local/lib/python3.8/site-packages/airflow/example_dags/example_local_kubernetes_executor.py
[2026-07-01T12:18:16.920+0000] {processor.py:830} INFO - Processing file /home/airflow/.local/lib/python3.8/site-packages/airflow/example_dags/example_local_kubernetes_executor.py for tasks to queue
[2026-07-01T12:18:16.926+0000] {logging_mixin.py:188} INFO - [2026-07-01T12:18:16.925+0000] {dagbag.py:538} INFO - Filling up the DagBag from /home/airflow/.local/lib/python3.8/site-packages/airflow/example_dags/example_local_kubernetes_executor.py
[2026-07-01T12:18:16.958+0000] {processor.py:840} INFO - DAG(s) 'example_local_kubernetes_executor' retrieved from /home/airflow/.local/lib/python3.8/site-packages/airflow/example_dags/example_local_kubernetes_executor.py
[2026-07-01T12:18:17.094+0000] {logging_mixin.py:188} INFO - [2026-07-01T12:18:17.093+0000] {dag.py:3036} INFO - Sync 1 DAGs
[2026-07-01T12:18:17.169+0000] {logging_mixin.py:188} INFO - [2026-07-01T12:18:17.168+0000] {dag.py:3823} INFO - Setting next_dagrun for example_local_kubernetes_executor to None, run_after=None
[2026-07-01T12:18:17.242+0000] {processor.py:183} INFO - Processing /home/airflow/.local/lib/python3.8/site-packages/airflow/example_dags/example_local_kubernetes_executor.py took 0.334 seconds
[2026-07-01T12:18:48.049+0000] {processor.py:161} INFO - Started process (PID=1167) to work on /home/airflow/.local/lib/python3.8/site-packages/airflow/example_dags/example_local_kubernetes_executor.py
[2026-07-01T12:18:48.052+0000] {processor.py:830} INFO - Processing file /home/airflow/.local/lib/python3.8/site-packages/airflow/example_dags/example_local_kubernetes_executor.py for tasks to queue
[2026-07-01T12:18:48.057+0000] {logging_mixin.py:188} INFO - [2026-07-01T12:18:48.057+0000] {dagbag.py:538} INFO - Filling up the DagBag from /home/airflow/.local/lib/python3.8/site-packages/airflow/example_dags/example_local_kubernetes_executor.py
[2026-07-01T12:18:48.076+0000] {processor.py:840} INFO - DAG(s) 'example_local_kubernetes_executor' retrieved from /home/airflow/.local/lib/python3.8/site-packages/airflow/example_dags/example_local_kubernetes_executor.py
[2026-07-01T12:18:48.166+0000] {logging_mixin.py:188} INFO - [2026-07-01T12:18:48.165+0000] {dag.py:3036} INFO - Sync 1 DAGs
[2026-07-01T12:18:48.202+0000] {logging_mixin.py:188} INFO - [2026-07-01T12:18:48.201+0000] {dag.py:3823} INFO - Setting next_dagrun for example_local_kubernetes_executor to None, run_after=None
[2026-07-01T12:18:48.260+0000] {processor.py:183} INFO - Processing /home/airflow/.local/lib/python3.8/site-packages/airflow/example_dags/example_local_kubernetes_executor.py took 0.219 seconds
[2026-07-01T12:19:18.550+0000] {processor.py:161} INFO - Started process (PID=1222) to work on /home/airflow/.local/lib/python3.8/site-packages/airflow/example_dags/example_local_kubernetes_executor.py
[2026-07-01T12:19:18.554+0000] {processor.py:830} INFO - Processing file /home/airflow/.local/lib/python3.8/site-packages/airflow/example_dags/example_local_kubernetes_executor.py for tasks to queue
[2026-07-01T12:19:18.561+0000] {logging_mixin.py:188} INFO - [2026-07-01T12:19:18.560+0000] {dagbag.py:538} INFO - Filling up the DagBag from /home/airflow/.local/lib/python3.8/site-packages/airflow/example_dags/example_local_kubernetes_executor.py
[2026-07-01T12:19:18.587+0000] {processor.py:840} INFO - DAG(s) 'example_local_kubernetes_executor' retrieved from /home/airflow/.local/lib/python3.8/site-packages/airflow/example_dags/example_local_kubernetes_executor.py
[2026-07-01T12:19:18.671+0000] {logging_mixin.py:188} INFO - [2026-07-01T12:19:18.671+0000] {dag.py:3036} INFO - Sync 1 DAGs
[2026-07-01T12:19:18.703+0000] {logging_mixin.py:188} INFO - [2026-07-01T12:19:18.703+0000] {dag.py:3823} INFO - Setting next_dagrun for example_local_kubernetes_executor to None, run_after=None
[2026-07-01T12:19:18.754+0000] {processor.py:183} INFO - Processing /home/airflow/.local/lib/python3.8/site-packages/airflow/example_dags/example_local_kubernetes_executor.py took 0.215 seconds
[2026-07-01T12:19:53.460+0000] {processor.py:161} INFO - Started process (PID=1279) to work on /home/airflow/.local/lib/python3.8/site-packages/airflow/example_dags/example_local_kubernetes_executor.py
[2026-07-01T12:19:53.469+0000] {processor.py:830} INFO - Processing file /home/airflow/.local/lib/python3.8/site-packages/airflow/example_dags/example_local_kubernetes_executor.py for tasks to queue
[2026-07-01T12:19:53.486+0000] {logging_mixin.py:188} INFO - [2026-07-01T12:19:53.485+0000] {dagbag.py:538} INFO - Filling up the DagBag from /home/airflow/.local/lib/python3.8/site-packages/airflow/example_dags/example_local_kubernetes_executor.py
[2026-07-01T12:19:53.553+0000] {processor.py:840} INFO - DAG(s) 'example_local_kubernetes_executor' retrieved from /home/airflow/.local/lib/python3.8/site-packages/airflow/example_dags/example_local_kubernetes_executor.py
[2026-07-01T12:19:53.622+0000] {logging_mixin.py:188} INFO - [2026-07-01T12:19:53.621+0000] {dag.py:3036} INFO - Sync 1 DAGs
[2026-07-01T12:19:53.706+0000] {logging_mixin.py:188} INFO - [2026-07-01T12:19:53.706+0000] {dag.py:3823} INFO - Setting next_dagrun for example_local_kubernetes_executor to None, run_after=None
[2026-07-01T12:19:53.836+0000] {processor.py:183} INFO - Processing /home/airflow/.local/lib/python3.8/site-packages/airflow/example_dags/example_local_kubernetes_executor.py took 0.400 seconds
[2026-07-01T12:20:24.642+0000] {processor.py:161} INFO - Started process (PID=1334) to work on /home/airflow/.local/lib/python3.8/site-packages/airflow/example_dags/example_local_kubernetes_executor.py
[2026-07-01T12:20:24.648+0000] {processor.py:830} INFO - Processing file /home/airflow/.local/lib/python3.8/site-packages/airflow/example_dags/example_local_kubernetes_executor.py for tasks to queue
[2026-07-01T12:20:24.658+0000] {logging_mixin.py:188} INFO - [2026-07-01T12:20:24.656+0000] {dagbag.py:538} INFO - Filling up the DagBag from /home/airflow/.local/lib/python3.8/site-packages/airflow/example_dags/example_local_kubernetes_executor.py
[2026-07-01T12:20:24.702+0000] {processor.py:840} INFO - DAG(s) 'example_local_kubernetes_executor' retrieved from /home/airflow/.local/lib/python3.8/site-packages/airflow/example_dags/example_local_kubernetes_executor.py
[2026-07-01T12:20:25.209+0000] {logging_mixin.py:188} INFO - [2026-07-01T12:20:25.208+0000] {dag.py:3036} INFO - Sync 1 DAGs
[2026-07-01T12:20:25.244+0000] {logging_mixin.py:188} INFO - [2026-07-01T12:20:25.244+0000] {dag.py:3823} INFO - Setting next_dagrun for example_local_kubernetes_executor to None, run_after=None
[2026-07-01T12:20:25.310+0000] {processor.py:183} INFO - Processing /home/airflow/.local/lib/python3.8/site-packages/airflow/example_dags/example_local_kubernetes_executor.py took 0.684 seconds
[2026-07-01T12:20:57.040+0000] {processor.py:161} INFO - Started process (PID=1390) to work on /home/airflow/.local/lib/python3.8/site-packages/airflow/example_dags/example_local_kubernetes_executor.py
[2026-07-01T12:20:57.046+0000] {processor.py:830} INFO - Processing file /home/airflow/.local/lib/python3.8/site-packages/airflow/example_dags/example_local_kubernetes_executor.py for tasks to queue
[2026-07-01T12:20:57.058+0000] {logging_mixin.py:188} INFO - [2026-07-01T12:20:57.057+0000] {dagbag.py:538} INFO - Filling up the DagBag from /home/airflow/.local/lib/python3.8/site-packages/airflow/example_dags/example_local_kubernetes_executor.py
[2026-07-01T12:20:57.100+0000] {processor.py:840} INFO - DAG(s) 'example_local_kubernetes_executor' retrieved from /home/airflow/.local/lib/python3.8/site-packages/airflow/example_dags/example_local_kubernetes_executor.py
[2026-07-01T12:20:57.235+0000] {logging_mixin.py:188} INFO - [2026-07-01T12:20:57.234+0000] {dag.py:3036} INFO - Sync 1 DAGs
[2026-07-01T12:20:57.282+0000] {logging_mixin.py:188} INFO - [2026-07-01T12:20:57.281+0000] {dag.py:3823} INFO - Setting next_dagrun for example_local_kubernetes_executor to None, run_after=None
[2026-07-01T12:20:57.346+0000] {processor.py:183} INFO - Processing /home/airflow/.local/lib/python3.8/site-packages/airflow/example_dags/example_local_kubernetes_executor.py took 0.326 seconds
[2026-07-01T12:21:28.752+0000] {processor.py:161} INFO - Started process (PID=1446) to work on /home/airflow/.local/lib/python3.8/site-packages/airflow/example_dags/example_local_kubernetes_executor.py
[2026-07-01T12:21:28.779+0000] {processor.py:830} INFO - Processing file /home/airflow/.local/lib/python3.8/site-packages/airflow/example_dags/example_local_kubernetes_executor.py for tasks to queue
[2026-07-01T12:21:28.787+0000] {logging_mixin.py:188} INFO - [2026-07-01T12:21:28.786+0000] {dagbag.py:538} INFO - Filling up the DagBag from /home/airflow/.local/lib/python3.8/site-packages/airflow/example_dags/example_local_kubernetes_executor.py
[2026-07-01T12:21:28.829+0000] {processor.py:840} INFO - DAG(s) 'example_local_kubernetes_executor' retrieved from /home/airflow/.local/lib/python3.8/site-packages/airflow/example_dags/example_local_kubernetes_executor.py
[2026-07-01T12:21:28.955+0000] {logging_mixin.py:188} INFO - [2026-07-01T12:21:28.954+0000] {dag.py:3036} INFO - Sync 1 DAGs
[2026-07-01T12:21:29.001+0000] {logging_mixin.py:188} INFO - [2026-07-01T12:21:29.001+0000] {dag.py:3823} INFO - Setting next_dagrun for example_local_kubernetes_executor to None, run_after=None
[2026-07-01T12:21:29.066+0000] {processor.py:183} INFO - Processing /home/airflow/.local/lib/python3.8/site-packages/airflow/example_dags/example_local_kubernetes_executor.py took 0.333 seconds
[2026-07-01T12:21:59.336+0000] {processor.py:161} INFO - Started process (PID=1502) to work on /home/airflow/.local/lib/python3.8/site-packages/airflow/example_dags/example_local_kubernetes_executor.py
[2026-07-01T12:21:59.340+0000] {processor.py:830} INFO - Processing file /home/airflow/.local/lib/python3.8/site-packages/airflow/example_dags/example_local_kubernetes_executor.py for tasks to queue
[2026-07-01T12:21:59.347+0000] {logging_mixin.py:188} INFO - [2026-07-01T12:21:59.346+0000] {dagbag.py:538} INFO - Filling up the DagBag from /home/airflow/.local/lib/python3.8/site-packages/airflow/example_dags/example_local_kubernetes_executor.py
[2026-07-01T12:21:59.370+0000] {processor.py:840} INFO - DAG(s) 'example_local_kubernetes_executor' retrieved from /home/airflow/.local/lib/python3.8/site-packages/airflow/example_dags/example_local_kubernetes_executor.py
[2026-07-01T12:21:59.462+0000] {logging_mixin.py:188} INFO - [2026-07-01T12:21:59.461+0000] {dag.py:3036} INFO - Sync 1 DAGs
[2026-07-01T12:21:59.499+0000] {logging_mixin.py:188} INFO - [2026-07-01T12:21:59.498+0000] {dag.py:3823} INFO - Setting next_dagrun for example_local_kubernetes_executor to None, run_after=None
[2026-07-01T12:21:59.556+0000] {processor.py:183} INFO - Processing /home/airflow/.local/lib/python3.8/site-packages/airflow/example_dags/example_local_kubernetes_executor.py took 0.229 seconds
[2026-07-01T12:22:30.162+0000] {processor.py:161} INFO - Started process (PID=1556) to work on /home/airflow/.local/lib/python3.8/site-packages/airflow/example_dags/example_local_kubernetes_executor.py
[2026-07-01T12:22:30.164+0000] {processor.py:830} INFO - Processing file /home/airflow/.local/lib/python3.8/site-packages/airflow/example_dags/example_local_kubernetes_executor.py for tasks to queue
[2026-07-01T12:22:30.170+0000] {logging_mixin.py:188} INFO - [2026-07-01T12:22:30.169+0000] {dagbag.py:538} INFO - Filling up the DagBag from /home/airflow/.local/lib/python3.8/site-packages/airflow/example_dags/example_local_kubernetes_executor.py
[2026-07-01T12:22:30.192+0000] {processor.py:840} INFO - DAG(s) 'example_local_kubernetes_executor' retrieved from /home/airflow/.local/lib/python3.8/site-packages/airflow/example_dags/example_local_kubernetes_executor.py
[2026-07-01T12:22:30.281+0000] {logging_mixin.py:188} INFO - [2026-07-01T12:22:30.281+0000] {dag.py:3036} INFO - Sync 1 DAGs
[2026-07-01T12:22:30.312+0000] {logging_mixin.py:188} INFO - [2026-07-01T12:22:30.312+0000] {dag.py:3823} INFO - Setting next_dagrun for example_local_kubernetes_executor to None, run_after=None
[2026-07-01T12:22:30.365+0000] {processor.py:183} INFO - Processing /home/airflow/.local/lib/python3.8/site-packages/airflow/example_dags/example_local_kubernetes_executor.py took 0.212 seconds
[2026-07-01T12:23:00.522+0000] {processor.py:161} INFO - Started process (PID=1612) to work on /home/airflow/.local/lib/python3.8/site-packages/airflow/example_dags/example_local_kubernetes_executor.py
[2026-07-01T12:23:00.526+0000] {processor.py:830} INFO - Processing file /home/airflow/.local/lib/python3.8/site-packages/airflow/example_dags/example_local_kubernetes_executor.py for tasks to queue
[2026-07-01T12:23:00.531+0000] {logging_mixin.py:188} INFO - [2026-07-01T12:23:00.530+0000] {dagbag.py:538} INFO - Filling up the DagBag from /home/airflow/.local/lib/python3.8/site-packages/airflow/example_dags/example_local_kubernetes_executor.py
[2026-07-01T12:23:00.553+0000] {processor.py:840} INFO - DAG(s) 'example_local_kubernetes_executor' retrieved from /home/airflow/.local/lib/python3.8/site-packages/airflow/example_dags/example_local_kubernetes_executor.py
[2026-07-01T12:23:00.636+0000] {logging_mixin.py:188} INFO - [2026-07-01T12:23:00.636+0000] {dag.py:3036} INFO - Sync 1 DAGs
[2026-07-01T12:23:00.666+0000] {logging_mixin.py:188} INFO - [2026-07-01T12:23:00.665+0000] {dag.py:3823} INFO - Setting next_dagrun for example_local_kubernetes_executor to None, run_after=None
[2026-07-01T12:23:00.717+0000] {processor.py:183} INFO - Processing /home/airflow/.local/lib/python3.8/site-packages/airflow/example_dags/example_local_kubernetes_executor.py took 0.202 seconds
[2026-07-01T12:23:30.927+0000] {processor.py:161} INFO - Started process (PID=1667) to work on /home/airflow/.local/lib/python3.8/site-packages/airflow/example_dags/example_local_kubernetes_executor.py
[2026-07-01T12:23:30.931+0000] {processor.py:830} INFO - Processing file /home/airflow/.local/lib/python3.8/site-packages/airflow/example_dags/example_local_kubernetes_executor.py for tasks to queue
[2026-07-01T12:23:30.938+0000] {logging_mixin.py:188} INFO - [2026-07-01T12:23:30.937+0000] {dagbag.py:538} INFO - Filling up the DagBag from /home/airflow/.local/lib/python3.8/site-packages/airflow/example_dags/example_local_kubernetes_executor.py
[2026-07-01T12:23:30.962+0000] {processor.py:840} INFO - DAG(s) 'example_local_kubernetes_executor' retrieved from /home/airflow/.local/lib/python3.8/site-packages/airflow/example_dags/example_local_kubernetes_executor.py
[2026-07-01T12:23:31.053+0000] {logging_mixin.py:188} INFO - [2026-07-01T12:23:31.053+0000] {dag.py:3036} INFO - Sync 1 DAGs
[2026-07-01T12:23:31.087+0000] {logging_mixin.py:188} INFO - [2026-07-01T12:23:31.086+0000] {dag.py:3823} INFO - Setting next_dagrun for example_local_kubernetes_executor to None, run_after=None
[2026-07-01T12:23:31.134+0000] {processor.py:183} INFO - Processing /home/airflow/.local/lib/python3.8/site-packages/airflow/example_dags/example_local_kubernetes_executor.py took 0.216 seconds
[2026-07-01T12:24:01.651+0000] {processor.py:161} INFO - Started process (PID=1723) to work on /home/airflow/.local/lib/python3.8/site-packages/airflow/example_dags/example_local_kubernetes_executor.py
[2026-07-01T12:24:01.661+0000] {processor.py:830} INFO - Processing file /home/airflow/.local/lib/python3.8/site-packages/airflow/example_dags/example_local_kubernetes_executor.py for tasks to queue
[2026-07-01T12:24:01.672+0000] {logging_mixin.py:188} INFO - [2026-07-01T12:24:01.669+0000] {dagbag.py:538} INFO - Filling up the DagBag from /home/airflow/.local/lib/python3.8/site-packages/airflow/example_dags/example_local_kubernetes_executor.py
[2026-07-01T12:24:01.708+0000] {processor.py:840} INFO - DAG(s) 'example_local_kubernetes_executor' retrieved from /home/airflow/.local/lib/python3.8/site-packages/airflow/example_dags/example_local_kubernetes_executor.py
[2026-07-01T12:24:01.863+0000] {logging_mixin.py:188} INFO - [2026-07-01T12:24:01.862+0000] {dag.py:3036} INFO - Sync 1 DAGs
[2026-07-01T12:24:01.912+0000] {logging_mixin.py:188} INFO - [2026-07-01T12:24:01.912+0000] {dag.py:3823} INFO - Setting next_dagrun for example_local_kubernetes_executor to None, run_after=None
[2026-07-01T12:24:01.989+0000] {processor.py:183} INFO - Processing /home/airflow/.local/lib/python3.8/site-packages/airflow/example_dags/example_local_kubernetes_executor.py took 0.351 seconds
[2026-07-01T12:24:32.774+0000] {processor.py:161} INFO - Started process (PID=1779) to work on /home/airflow/.local/lib/python3.8/site-packages/airflow/example_dags/example_local_kubernetes_executor.py
[2026-07-01T12:24:32.776+0000] {processor.py:830} INFO - Processing file /home/airflow/.local/lib/python3.8/site-packages/airflow/example_dags/example_local_kubernetes_executor.py for tasks to queue
[2026-07-01T12:24:32.782+0000] {logging_mixin.py:188} INFO - [2026-07-01T12:24:32.782+0000] {dagbag.py:538} INFO - Filling up the DagBag from /home/airflow/.local/lib/python3.8/site-packages/airflow/example_dags/example_local_kubernetes_executor.py
[2026-07-01T12:24:32.803+0000] {processor.py:840} INFO - DAG(s) 'example_local_kubernetes_executor' retrieved from /home/airflow/.local/lib/python3.8/site-packages/airflow/example_dags/example_local_kubernetes_executor.py
[2026-07-01T12:24:32.880+0000] {logging_mixin.py:188} INFO - [2026-07-01T12:24:32.880+0000] {dag.py:3036} INFO - Sync 1 DAGs
[2026-07-01T12:24:32.911+0000] {logging_mixin.py:188} INFO - [2026-07-01T12:24:32.910+0000] {dag.py:3823} INFO - Setting next_dagrun for example_local_kubernetes_executor to None, run_after=None
[2026-07-01T12:24:32.962+0000] {processor.py:183} INFO - Processing /home/airflow/.local/lib/python3.8/site-packages/airflow/example_dags/example_local_kubernetes_executor.py took 0.196 seconds
[2026-07-01T12:25:03.627+0000] {processor.py:161} INFO - Started process (PID=1835) to work on /home/airflow/.local/lib/python3.8/site-packages/airflow/example_dags/example_local_kubernetes_executor.py
[2026-07-01T12:25:03.633+0000] {processor.py:830} INFO - Processing file /home/airflow/.local/lib/python3.8/site-packages/airflow/example_dags/example_local_kubernetes_executor.py for tasks to queue
[2026-07-01T12:25:03.640+0000] {logging_mixin.py:188} INFO - [2026-07-01T12:25:03.639+0000] {dagbag.py:538} INFO - Filling up the DagBag from /home/airflow/.local/lib/python3.8/site-packages/airflow/example_dags/example_local_kubernetes_executor.py
[2026-07-01T12:25:03.663+0000] {processor.py:840} INFO - DAG(s) 'example_local_kubernetes_executor' retrieved from /home/airflow/.local/lib/python3.8/site-packages/airflow/example_dags/example_local_kubernetes_executor.py
[2026-07-01T12:25:03.754+0000] {logging_mixin.py:188} INFO - [2026-07-01T12:25:03.753+0000] {dag.py:3036} INFO - Sync 1 DAGs
[2026-07-01T12:25:03.795+0000] {logging_mixin.py:188} INFO - [2026-07-01T12:25:03.795+0000] {dag.py:3823} INFO - Setting next_dagrun for example_local_kubernetes_executor to None, run_after=None
[2026-07-01T12:25:03.848+0000] {processor.py:183} INFO - Processing /home/airflow/.local/lib/python3.8/site-packages/airflow/example_dags/example_local_kubernetes_executor.py took 0.231 seconds
[2026-07-01T12:25:34.306+0000] {processor.py:161} INFO - Started process (PID=1891) to work on /home/airflow/.local/lib/python3.8/site-packages/airflow/example_dags/example_local_kubernetes_executor.py
[2026-07-01T12:25:34.317+0000] {processor.py:830} INFO - Processing file /home/airflow/.local/lib/python3.8/site-packages/airflow/example_dags/example_local_kubernetes_executor.py for tasks to queue
[2026-07-01T12:25:34.332+0000] {logging_mixin.py:188} INFO - [2026-07-01T12:25:34.330+0000] {dagbag.py:538} INFO - Filling up the DagBag from /home/airflow/.local/lib/python3.8/site-packages/airflow/example_dags/example_local_kubernetes_executor.py
[2026-07-01T12:25:34.382+0000] {processor.py:840} INFO - DAG(s) 'example_local_kubernetes_executor' retrieved from /home/airflow/.local/lib/python3.8/site-packages/airflow/example_dags/example_local_kubernetes_executor.py
[2026-07-01T12:25:34.546+0000] {logging_mixin.py:188} INFO - [2026-07-01T12:25:34.545+0000] {dag.py:3036} INFO - Sync 1 DAGs
[2026-07-01T12:25:34.602+0000] {logging_mixin.py:188} INFO - [2026-07-01T12:25:34.601+0000] {dag.py:3823} INFO - Setting next_dagrun for example_local_kubernetes_executor to None, run_after=None
[2026-07-01T12:25:34.698+0000] {processor.py:183} INFO - Processing /home/airflow/.local/lib/python3.8/site-packages/airflow/example_dags/example_local_kubernetes_executor.py took 0.412 seconds
[2026-07-01T12:26:04.924+0000] {processor.py:161} INFO - Started process (PID=1947) to work on /home/airflow/.local/lib/python3.8/site-packages/airflow/example_dags/example_local_kubernetes_executor.py
[2026-07-01T12:26:04.928+0000] {processor.py:830} INFO - Processing file /home/airflow/.local/lib/python3.8/site-packages/airflow/example_dags/example_local_kubernetes_executor.py for tasks to queue
[2026-07-01T12:26:04.936+0000] {logging_mixin.py:188} INFO - [2026-07-01T12:26:04.935+0000] {dagbag.py:538} INFO - Filling up the DagBag from /home/airflow/.local/lib/python3.8/site-packages/airflow/example_dags/example_local_kubernetes_executor.py
[2026-07-01T12:26:04.961+0000] {processor.py:840} INFO - DAG(s) 'example_local_kubernetes_executor' retrieved from /home/airflow/.local/lib/python3.8/site-packages/airflow/example_dags/example_local_kubernetes_executor.py
[2026-07-01T12:26:05.129+0000] {logging_mixin.py:188} INFO - [2026-07-01T12:26:05.128+0000] {dag.py:3036} INFO - Sync 1 DAGs
[2026-07-01T12:26:05.189+0000] {logging_mixin.py:188} INFO - [2026-07-01T12:26:05.188+0000] {dag.py:3823} INFO - Setting next_dagrun for example_local_kubernetes_executor to None, run_after=None
[2026-07-01T12:26:05.258+0000] {processor.py:183} INFO - Processing /home/airflow/.local/lib/python3.8/site-packages/airflow/example_dags/example_local_kubernetes_executor.py took 0.344 seconds
[2026-07-01T12:26:35.481+0000] {processor.py:161} INFO - Started process (PID=2003) to work on /home/airflow/.local/lib/python3.8/site-packages/airflow/example_dags/example_local_kubernetes_executor.py
[2026-07-01T12:26:35.483+0000] {processor.py:830} INFO - Processing file /home/airflow/.local/lib/python3.8/site-packages/airflow/example_dags/example_local_kubernetes_executor.py for tasks to queue
[2026-07-01T12:26:35.488+0000] {logging_mixin.py:188} INFO - [2026-07-01T12:26:35.487+0000] {dagbag.py:538} INFO - Filling up the DagBag from /home/airflow/.local/lib/python3.8/site-packages/airflow/example_dags/example_local_kubernetes_executor.py
[2026-07-01T12:26:35.508+0000] {processor.py:840} INFO - DAG(s) 'example_local_kubernetes_executor' retrieved from /home/airflow/.local/lib/python3.8/site-packages/airflow/example_dags/example_local_kubernetes_executor.py
[2026-07-01T12:26:35.579+0000] {logging_mixin.py:188} INFO - [2026-07-01T12:26:35.578+0000] {dag.py:3036} INFO - Sync 1 DAGs
[2026-07-01T12:26:35.606+0000] {logging_mixin.py:188} INFO - [2026-07-01T12:26:35.606+0000] {dag.py:3823} INFO - Setting next_dagrun for example_local_kubernetes_executor to None, run_after=None
[2026-07-01T12:26:35.648+0000] {processor.py:183} INFO - Processing /home/airflow/.local/lib/python3.8/site-packages/airflow/example_dags/example_local_kubernetes_executor.py took 0.175 seconds
[2026-07-01T12:27:05.815+0000] {processor.py:161} INFO - Started process (PID=2059) to work on /home/airflow/.local/lib/python3.8/site-packages/airflow/example_dags/example_local_kubernetes_executor.py
[2026-07-01T12:27:05.819+0000] {processor.py:830} INFO - Processing file /home/airflow/.local/lib/python3.8/site-packages/airflow/example_dags/example_local_kubernetes_executor.py for tasks to queue
[2026-07-01T12:27:05.825+0000] {logging_mixin.py:188} INFO - [2026-07-01T12:27:05.824+0000] {dagbag.py:538} INFO - Filling up the DagBag from /home/airflow/.local/lib/python3.8/site-packages/airflow/example_dags/example_local_kubernetes_executor.py
[2026-07-01T12:27:05.844+0000] {processor.py:840} INFO - DAG(s) 'example_local_kubernetes_executor' retrieved from /home/airflow/.local/lib/python3.8/site-packages/airflow/example_dags/example_local_kubernetes_executor.py
[2026-07-01T12:27:05.920+0000] {logging_mixin.py:188} INFO - [2026-07-01T12:27:05.920+0000] {dag.py:3036} INFO - Sync 1 DAGs
[2026-07-01T12:27:05.950+0000] {logging_mixin.py:188} INFO - [2026-07-01T12:27:05.950+0000] {dag.py:3823} INFO - Setting next_dagrun for example_local_kubernetes_executor to None, run_after=None
[2026-07-01T12:27:05.994+0000] {processor.py:183} INFO - Processing /home/airflow/.local/lib/python3.8/site-packages/airflow/example_dags/example_local_kubernetes_executor.py took 0.186 seconds
[2026-07-01T12:27:36.512+0000] {processor.py:161} INFO - Started process (PID=2115) to work on /home/airflow/.local/lib/python3.8/site-packages/airflow/example_dags/example_local_kubernetes_executor.py
[2026-07-01T12:27:36.516+0000] {processor.py:830} INFO - Processing file /home/airflow/.local/lib/python3.8/site-packages/airflow/example_dags/example_local_kubernetes_executor.py for tasks to queue
[2026-07-01T12:27:36.521+0000] {logging_mixin.py:188} INFO - [2026-07-01T12:27:36.520+0000] {dagbag.py:538} INFO - Filling up the DagBag from /home/airflow/.local/lib/python3.8/site-packages/airflow/example_dags/example_local_kubernetes_executor.py
[2026-07-01T12:27:36.542+0000] {processor.py:840} INFO - DAG(s) 'example_local_kubernetes_executor' retrieved from /home/airflow/.local/lib/python3.8/site-packages/airflow/example_dags/example_local_kubernetes_executor.py
[2026-07-01T12:27:36.660+0000] {logging_mixin.py:188} INFO - [2026-07-01T12:27:36.659+0000] {dag.py:3036} INFO - Sync 1 DAGs
[2026-07-01T12:27:36.701+0000] {logging_mixin.py:188} INFO - [2026-07-01T12:27:36.701+0000] {dag.py:3823} INFO - Setting next_dagrun for example_local_kubernetes_executor to None, run_after=None
[2026-07-01T12:27:36.750+0000] {processor.py:183} INFO - Processing /home/airflow/.local/lib/python3.8/site-packages/airflow/example_dags/example_local_kubernetes_executor.py took 0.246 seconds
[2026-07-01T12:28:07.086+0000] {processor.py:161} INFO - Started process (PID=2177) to work on /home/airflow/.local/lib/python3.8/site-packages/airflow/example_dags/example_local_kubernetes_executor.py
[2026-07-01T12:28:07.092+0000] {processor.py:830} INFO - Processing file /home/airflow/.local/lib/python3.8/site-packages/airflow/example_dags/example_local_kubernetes_executor.py for tasks to queue
[2026-07-01T12:28:07.098+0000] {logging_mixin.py:188} INFO - [2026-07-01T12:28:07.097+0000] {dagbag.py:538} INFO - Filling up the DagBag from /home/airflow/.local/lib/python3.8/site-packages/airflow/example_dags/example_local_kubernetes_executor.py
[2026-07-01T12:28:07.125+0000] {processor.py:840} INFO - DAG(s) 'example_local_kubernetes_executor' retrieved from /home/airflow/.local/lib/python3.8/site-packages/airflow/example_dags/example_local_kubernetes_executor.py
[2026-07-01T12:28:07.229+0000] {logging_mixin.py:188} INFO - [2026-07-01T12:28:07.229+0000] {dag.py:3036} INFO - Sync 1 DAGs
[2026-07-01T12:28:07.264+0000] {logging_mixin.py:188} INFO - [2026-07-01T12:28:07.263+0000] {dag.py:3823} INFO - Setting next_dagrun for example_local_kubernetes_executor to None, run_after=None
[2026-07-01T12:28:07.312+0000] {processor.py:183} INFO - Processing /home/airflow/.local/lib/python3.8/site-packages/airflow/example_dags/example_local_kubernetes_executor.py took 0.235 seconds
[2026-07-01T12:28:37.708+0000] {processor.py:161} INFO - Started process (PID=2234) to work on /home/airflow/.local/lib/python3.8/site-packages/airflow/example_dags/example_local_kubernetes_executor.py
[2026-07-01T12:28:37.712+0000] {processor.py:830} INFO - Processing file /home/airflow/.local/lib/python3.8/site-packages/airflow/example_dags/example_local_kubernetes_executor.py for tasks to queue
[2026-07-01T12:28:37.720+0000] {logging_mixin.py:188} INFO - [2026-07-01T12:28:37.719+0000] {dagbag.py:538} INFO - Filling up the DagBag from /home/airflow/.local/lib/python3.8/site-packages/airflow/example_dags/example_local_kubernetes_executor.py
[2026-07-01T12:28:37.761+0000] {processor.py:840} INFO - DAG(s) 'example_local_kubernetes_executor' retrieved from /home/airflow/.local/lib/python3.8/site-packages/airflow/example_dags/example_local_kubernetes_executor.py
[2026-07-01T12:28:37.958+0000] {logging_mixin.py:188} INFO - [2026-07-01T12:28:37.957+0000] {dag.py:3036} INFO - Sync 1 DAGs
[2026-07-01T12:28:37.989+0000] {logging_mixin.py:188} INFO - [2026-07-01T12:28:37.988+0000] {dag.py:3823} INFO - Setting next_dagrun for example_local_kubernetes_executor to None, run_after=None
[2026-07-01T12:28:38.048+0000] {processor.py:183} INFO - Processing /home/airflow/.local/lib/python3.8/site-packages/airflow/example_dags/example_local_kubernetes_executor.py took 0.354 seconds
[2026-07-01T12:29:08.303+0000] {processor.py:161} INFO - Started process (PID=2291) to work on /home/airflow/.local/lib/python3.8/site-packages/airflow/example_dags/example_local_kubernetes_executor.py
[2026-07-01T12:29:08.307+0000] {processor.py:830} INFO - Processing file /home/airflow/.local/lib/python3.8/site-packages/airflow/example_dags/example_local_kubernetes_executor.py for tasks to queue
[2026-07-01T12:29:08.314+0000] {logging_mixin.py:188} INFO - [2026-07-01T12:29:08.313+0000] {dagbag.py:538} INFO - Filling up the DagBag from /home/airflow/.local/lib/python3.8/site-packages/airflow/example_dags/example_local_kubernetes_executor.py
[2026-07-01T12:29:08.339+0000] {processor.py:840} INFO - DAG(s) 'example_local_kubernetes_executor' retrieved from /home/airflow/.local/lib/python3.8/site-packages/airflow/example_dags/example_local_kubernetes_executor.py
[2026-07-01T12:29:08.425+0000] {logging_mixin.py:188} INFO - [2026-07-01T12:29:08.424+0000] {dag.py:3036} INFO - Sync 1 DAGs
[2026-07-01T12:29:08.457+0000] {logging_mixin.py:188} INFO - [2026-07-01T12:29:08.457+0000] {dag.py:3823} INFO - Setting next_dagrun for example_local_kubernetes_executor to None, run_after=None
[2026-07-01T12:29:08.503+0000] {processor.py:183} INFO - Processing /home/airflow/.local/lib/python3.8/site-packages/airflow/example_dags/example_local_kubernetes_executor.py took 0.211 seconds
[2026-07-01T12:29:38.731+0000] {processor.py:161} INFO - Started process (PID=2347) to work on /home/airflow/.local/lib/python3.8/site-packages/airflow/example_dags/example_local_kubernetes_executor.py
[2026-07-01T12:29:38.737+0000] {processor.py:830} INFO - Processing file /home/airflow/.local/lib/python3.8/site-packages/airflow/example_dags/example_local_kubernetes_executor.py for tasks to queue
[2026-07-01T12:29:38.742+0000] {logging_mixin.py:188} INFO - [2026-07-01T12:29:38.742+0000] {dagbag.py:538} INFO - Filling up the DagBag from /home/airflow/.local/lib/python3.8/site-packages/airflow/example_dags/example_local_kubernetes_executor.py
[2026-07-01T12:29:38.763+0000] {processor.py:840} INFO - DAG(s) 'example_local_kubernetes_executor' retrieved from /home/airflow/.local/lib/python3.8/site-packages/airflow/example_dags/example_local_kubernetes_executor.py
[2026-07-01T12:29:38.847+0000] {logging_mixin.py:188} INFO - [2026-07-01T12:29:38.846+0000] {dag.py:3036} INFO - Sync 1 DAGs
[2026-07-01T12:29:38.881+0000] {logging_mixin.py:188} INFO - [2026-07-01T12:29:38.880+0000] {dag.py:3823} INFO - Setting next_dagrun for example_local_kubernetes_executor to None, run_after=None
[2026-07-01T12:29:38.939+0000] {processor.py:183} INFO - Processing /home/airflow/.local/lib/python3.8/site-packages/airflow/example_dags/example_local_kubernetes_executor.py took 0.216 seconds
