[2026-07-01T11:58:42.366+0000] {processor.py:161} INFO - Started process (PID=126) to work on /home/airflow/.local/lib/python3.8/site-packages/airflow/example_dags/example_branch_day_of_week_operator.py
[2026-07-01T11:58:42.371+0000] {processor.py:830} INFO - Processing file /home/airflow/.local/lib/python3.8/site-packages/airflow/example_dags/example_branch_day_of_week_operator.py for tasks to queue
[2026-07-01T11:58:42.382+0000] {logging_mixin.py:188} INFO - [2026-07-01T11:58:42.381+0000] {dagbag.py:538} INFO - Filling up the DagBag from /home/airflow/.local/lib/python3.8/site-packages/airflow/example_dags/example_branch_day_of_week_operator.py
[2026-07-01T11:58:42.427+0000] {processor.py:840} INFO - DAG(s) 'example_weekday_branch_operator' retrieved from /home/airflow/.local/lib/python3.8/site-packages/airflow/example_dags/example_branch_day_of_week_operator.py
[2026-07-01T11:58:42.832+0000] {logging_mixin.py:188} INFO - [2026-07-01T11:58:42.831+0000] {dag.py:3036} INFO - Sync 1 DAGs
[2026-07-01T11:58:42.916+0000] {logging_mixin.py:188} INFO - [2026-07-01T11:58:42.914+0000] {dag.py:3823} INFO - Setting next_dagrun for example_weekday_branch_operator to 2026-06-30 00:00:00+00:00, run_after=2026-07-01 00:00:00+00:00
[2026-07-01T11:58:43.019+0000] {processor.py:183} INFO - Processing /home/airflow/.local/lib/python3.8/site-packages/airflow/example_dags/example_branch_day_of_week_operator.py took 0.667 seconds
[2026-07-01T11:59:13.236+0000] {processor.py:161} INFO - Started process (PID=181) to work on /home/airflow/.local/lib/python3.8/site-packages/airflow/example_dags/example_branch_day_of_week_operator.py
[2026-07-01T11:59:13.250+0000] {processor.py:830} INFO - Processing file /home/airflow/.local/lib/python3.8/site-packages/airflow/example_dags/example_branch_day_of_week_operator.py for tasks to queue
[2026-07-01T11:59:13.271+0000] {logging_mixin.py:188} INFO - [2026-07-01T11:59:13.265+0000] {dagbag.py:538} INFO - Filling up the DagBag from /home/airflow/.local/lib/python3.8/site-packages/airflow/example_dags/example_branch_day_of_week_operator.py
[2026-07-01T11:59:13.347+0000] {processor.py:840} INFO - DAG(s) 'example_weekday_branch_operator' retrieved from /home/airflow/.local/lib/python3.8/site-packages/airflow/example_dags/example_branch_day_of_week_operator.py
[2026-07-01T11:59:13.495+0000] {logging_mixin.py:188} INFO - [2026-07-01T11:59:13.484+0000] {dag.py:3036} INFO - Sync 1 DAGs
[2026-07-01T11:59:13.682+0000] {logging_mixin.py:188} INFO - [2026-07-01T11:59:13.681+0000] {dag.py:3823} INFO - Setting next_dagrun for example_weekday_branch_operator to 2026-06-30 00:00:00+00:00, run_after=2026-07-01 00:00:00+00:00
[2026-07-01T11:59:13.804+0000] {processor.py:183} INFO - Processing /home/airflow/.local/lib/python3.8/site-packages/airflow/example_dags/example_branch_day_of_week_operator.py took 0.606 seconds
[2026-07-01T11:59:44.392+0000] {processor.py:161} INFO - Started process (PID=236) to work on /home/airflow/.local/lib/python3.8/site-packages/airflow/example_dags/example_branch_day_of_week_operator.py
[2026-07-01T11:59:44.397+0000] {processor.py:830} INFO - Processing file /home/airflow/.local/lib/python3.8/site-packages/airflow/example_dags/example_branch_day_of_week_operator.py for tasks to queue
[2026-07-01T11:59:44.405+0000] {logging_mixin.py:188} INFO - [2026-07-01T11:59:44.403+0000] {dagbag.py:538} INFO - Filling up the DagBag from /home/airflow/.local/lib/python3.8/site-packages/airflow/example_dags/example_branch_day_of_week_operator.py
[2026-07-01T11:59:44.436+0000] {processor.py:840} INFO - DAG(s) 'example_weekday_branch_operator' retrieved from /home/airflow/.local/lib/python3.8/site-packages/airflow/example_dags/example_branch_day_of_week_operator.py
[2026-07-01T11:59:44.510+0000] {logging_mixin.py:188} INFO - [2026-07-01T11:59:44.509+0000] {dag.py:3036} INFO - Sync 1 DAGs
[2026-07-01T11:59:44.848+0000] {logging_mixin.py:188} INFO - [2026-07-01T11:59:44.847+0000] {dag.py:3823} INFO - Setting next_dagrun for example_weekday_branch_operator to 2026-06-30 00:00:00+00:00, run_after=2026-07-01 00:00:00+00:00
[2026-07-01T11:59:44.916+0000] {processor.py:183} INFO - Processing /home/airflow/.local/lib/python3.8/site-packages/airflow/example_dags/example_branch_day_of_week_operator.py took 0.534 seconds
[2026-07-01T12:00:14.993+0000] {processor.py:161} INFO - Started process (PID=290) to work on /home/airflow/.local/lib/python3.8/site-packages/airflow/example_dags/example_branch_day_of_week_operator.py
[2026-07-01T12:00:14.997+0000] {processor.py:830} INFO - Processing file /home/airflow/.local/lib/python3.8/site-packages/airflow/example_dags/example_branch_day_of_week_operator.py for tasks to queue
[2026-07-01T12:00:15.005+0000] {logging_mixin.py:188} INFO - [2026-07-01T12:00:15.004+0000] {dagbag.py:538} INFO - Filling up the DagBag from /home/airflow/.local/lib/python3.8/site-packages/airflow/example_dags/example_branch_day_of_week_operator.py
[2026-07-01T12:00:15.030+0000] {processor.py:840} INFO - DAG(s) 'example_weekday_branch_operator' retrieved from /home/airflow/.local/lib/python3.8/site-packages/airflow/example_dags/example_branch_day_of_week_operator.py
[2026-07-01T12:00:15.349+0000] {logging_mixin.py:188} INFO - [2026-07-01T12:00:15.348+0000] {dag.py:3036} INFO - Sync 1 DAGs
[2026-07-01T12:00:15.397+0000] {logging_mixin.py:188} INFO - [2026-07-01T12:00:15.397+0000] {dag.py:3823} INFO - Setting next_dagrun for example_weekday_branch_operator to 2026-06-30 00:00:00+00:00, run_after=2026-07-01 00:00:00+00:00
[2026-07-01T12:00:15.451+0000] {processor.py:183} INFO - Processing /home/airflow/.local/lib/python3.8/site-packages/airflow/example_dags/example_branch_day_of_week_operator.py took 0.470 seconds
[2026-07-01T12:00:45.696+0000] {processor.py:161} INFO - Started process (PID=346) to work on /home/airflow/.local/lib/python3.8/site-packages/airflow/example_dags/example_branch_day_of_week_operator.py
[2026-07-01T12:00:45.700+0000] {processor.py:830} INFO - Processing file /home/airflow/.local/lib/python3.8/site-packages/airflow/example_dags/example_branch_day_of_week_operator.py for tasks to queue
[2026-07-01T12:00:45.706+0000] {logging_mixin.py:188} INFO - [2026-07-01T12:00:45.706+0000] {dagbag.py:538} INFO - Filling up the DagBag from /home/airflow/.local/lib/python3.8/site-packages/airflow/example_dags/example_branch_day_of_week_operator.py
[2026-07-01T12:00:45.729+0000] {processor.py:840} INFO - DAG(s) 'example_weekday_branch_operator' retrieved from /home/airflow/.local/lib/python3.8/site-packages/airflow/example_dags/example_branch_day_of_week_operator.py
[2026-07-01T12:00:45.798+0000] {logging_mixin.py:188} INFO - [2026-07-01T12:00:45.797+0000] {dag.py:3036} INFO - Sync 1 DAGs
[2026-07-01T12:00:45.868+0000] {logging_mixin.py:188} INFO - [2026-07-01T12:00:45.867+0000] {dag.py:3823} INFO - Setting next_dagrun for example_weekday_branch_operator to 2026-06-30 00:00:00+00:00, run_after=2026-07-01 00:00:00+00:00
[2026-07-01T12:00:45.923+0000] {processor.py:183} INFO - Processing /home/airflow/.local/lib/python3.8/site-packages/airflow/example_dags/example_branch_day_of_week_operator.py took 0.238 seconds
[2026-07-01T12:01:16.082+0000] {processor.py:161} INFO - Started process (PID=401) to work on /home/airflow/.local/lib/python3.8/site-packages/airflow/example_dags/example_branch_day_of_week_operator.py
[2026-07-01T12:01:16.086+0000] {processor.py:830} INFO - Processing file /home/airflow/.local/lib/python3.8/site-packages/airflow/example_dags/example_branch_day_of_week_operator.py for tasks to queue
[2026-07-01T12:01:16.092+0000] {logging_mixin.py:188} INFO - [2026-07-01T12:01:16.091+0000] {dagbag.py:538} INFO - Filling up the DagBag from /home/airflow/.local/lib/python3.8/site-packages/airflow/example_dags/example_branch_day_of_week_operator.py
[2026-07-01T12:01:16.112+0000] {processor.py:840} INFO - DAG(s) 'example_weekday_branch_operator' retrieved from /home/airflow/.local/lib/python3.8/site-packages/airflow/example_dags/example_branch_day_of_week_operator.py
[2026-07-01T12:01:16.164+0000] {logging_mixin.py:188} INFO - [2026-07-01T12:01:16.163+0000] {dag.py:3036} INFO - Sync 1 DAGs
[2026-07-01T12:01:16.237+0000] {logging_mixin.py:188} INFO - [2026-07-01T12:01:16.236+0000] {dag.py:3823} INFO - Setting next_dagrun for example_weekday_branch_operator to 2026-06-30 00:00:00+00:00, run_after=2026-07-01 00:00:00+00:00
[2026-07-01T12:01:16.308+0000] {processor.py:183} INFO - Processing /home/airflow/.local/lib/python3.8/site-packages/airflow/example_dags/example_branch_day_of_week_operator.py took 0.234 seconds
[2026-07-01T12:01:47.076+0000] {processor.py:161} INFO - Started process (PID=456) to work on /home/airflow/.local/lib/python3.8/site-packages/airflow/example_dags/example_branch_day_of_week_operator.py
[2026-07-01T12:01:47.090+0000] {processor.py:830} INFO - Processing file /home/airflow/.local/lib/python3.8/site-packages/airflow/example_dags/example_branch_day_of_week_operator.py for tasks to queue
[2026-07-01T12:01:47.097+0000] {logging_mixin.py:188} INFO - [2026-07-01T12:01:47.096+0000] {dagbag.py:538} INFO - Filling up the DagBag from /home/airflow/.local/lib/python3.8/site-packages/airflow/example_dags/example_branch_day_of_week_operator.py
[2026-07-01T12:01:47.134+0000] {processor.py:840} INFO - DAG(s) 'example_weekday_branch_operator' retrieved from /home/airflow/.local/lib/python3.8/site-packages/airflow/example_dags/example_branch_day_of_week_operator.py
[2026-07-01T12:01:47.232+0000] {logging_mixin.py:188} INFO - [2026-07-01T12:01:47.231+0000] {dag.py:3036} INFO - Sync 1 DAGs
[2026-07-01T12:01:47.320+0000] {logging_mixin.py:188} INFO - [2026-07-01T12:01:47.318+0000] {dag.py:3823} INFO - Setting next_dagrun for example_weekday_branch_operator to 2026-06-30 00:00:00+00:00, run_after=2026-07-01 00:00:00+00:00
[2026-07-01T12:01:47.403+0000] {processor.py:183} INFO - Processing /home/airflow/.local/lib/python3.8/site-packages/airflow/example_dags/example_branch_day_of_week_operator.py took 0.342 seconds
[2026-07-01T12:02:17.530+0000] {processor.py:161} INFO - Started process (PID=512) to work on /home/airflow/.local/lib/python3.8/site-packages/airflow/example_dags/example_branch_day_of_week_operator.py
[2026-07-01T12:02:17.533+0000] {processor.py:830} INFO - Processing file /home/airflow/.local/lib/python3.8/site-packages/airflow/example_dags/example_branch_day_of_week_operator.py for tasks to queue
[2026-07-01T12:02:17.540+0000] {logging_mixin.py:188} INFO - [2026-07-01T12:02:17.539+0000] {dagbag.py:538} INFO - Filling up the DagBag from /home/airflow/.local/lib/python3.8/site-packages/airflow/example_dags/example_branch_day_of_week_operator.py
[2026-07-01T12:02:17.562+0000] {processor.py:840} INFO - DAG(s) 'example_weekday_branch_operator' retrieved from /home/airflow/.local/lib/python3.8/site-packages/airflow/example_dags/example_branch_day_of_week_operator.py
[2026-07-01T12:02:17.622+0000] {logging_mixin.py:188} INFO - [2026-07-01T12:02:17.622+0000] {dag.py:3036} INFO - Sync 1 DAGs
[2026-07-01T12:02:17.688+0000] {logging_mixin.py:188} INFO - [2026-07-01T12:02:17.687+0000] {dag.py:3823} INFO - Setting next_dagrun for example_weekday_branch_operator to 2026-06-30 00:00:00+00:00, run_after=2026-07-01 00:00:00+00:00
[2026-07-01T12:02:17.741+0000] {processor.py:183} INFO - Processing /home/airflow/.local/lib/python3.8/site-packages/airflow/example_dags/example_branch_day_of_week_operator.py took 0.220 seconds
[2026-07-01T12:02:48.036+0000] {processor.py:161} INFO - Started process (PID=568) to work on /home/airflow/.local/lib/python3.8/site-packages/airflow/example_dags/example_branch_day_of_week_operator.py
[2026-07-01T12:02:48.041+0000] {processor.py:830} INFO - Processing file /home/airflow/.local/lib/python3.8/site-packages/airflow/example_dags/example_branch_day_of_week_operator.py for tasks to queue
[2026-07-01T12:02:48.049+0000] {logging_mixin.py:188} INFO - [2026-07-01T12:02:48.048+0000] {dagbag.py:538} INFO - Filling up the DagBag from /home/airflow/.local/lib/python3.8/site-packages/airflow/example_dags/example_branch_day_of_week_operator.py
[2026-07-01T12:02:48.075+0000] {processor.py:840} INFO - DAG(s) 'example_weekday_branch_operator' retrieved from /home/airflow/.local/lib/python3.8/site-packages/airflow/example_dags/example_branch_day_of_week_operator.py
[2026-07-01T12:02:48.127+0000] {logging_mixin.py:188} INFO - [2026-07-01T12:02:48.126+0000] {dag.py:3036} INFO - Sync 1 DAGs
[2026-07-01T12:02:48.185+0000] {logging_mixin.py:188} INFO - [2026-07-01T12:02:48.184+0000] {dag.py:3823} INFO - Setting next_dagrun for example_weekday_branch_operator to 2026-06-30 00:00:00+00:00, run_after=2026-07-01 00:00:00+00:00
[2026-07-01T12:02:48.231+0000] {processor.py:183} INFO - Processing /home/airflow/.local/lib/python3.8/site-packages/airflow/example_dags/example_branch_day_of_week_operator.py took 0.209 seconds
[2026-07-01T12:03:18.472+0000] {processor.py:161} INFO - Started process (PID=623) to work on /home/airflow/.local/lib/python3.8/site-packages/airflow/example_dags/example_branch_day_of_week_operator.py
[2026-07-01T12:03:18.475+0000] {processor.py:830} INFO - Processing file /home/airflow/.local/lib/python3.8/site-packages/airflow/example_dags/example_branch_day_of_week_operator.py for tasks to queue
[2026-07-01T12:03:18.480+0000] {logging_mixin.py:188} INFO - [2026-07-01T12:03:18.479+0000] {dagbag.py:538} INFO - Filling up the DagBag from /home/airflow/.local/lib/python3.8/site-packages/airflow/example_dags/example_branch_day_of_week_operator.py
[2026-07-01T12:03:18.499+0000] {processor.py:840} INFO - DAG(s) 'example_weekday_branch_operator' retrieved from /home/airflow/.local/lib/python3.8/site-packages/airflow/example_dags/example_branch_day_of_week_operator.py
[2026-07-01T12:03:18.546+0000] {logging_mixin.py:188} INFO - [2026-07-01T12:03:18.546+0000] {dag.py:3036} INFO - Sync 1 DAGs
[2026-07-01T12:03:18.598+0000] {logging_mixin.py:188} INFO - [2026-07-01T12:03:18.597+0000] {dag.py:3823} INFO - Setting next_dagrun for example_weekday_branch_operator to 2026-06-30 00:00:00+00:00, run_after=2026-07-01 00:00:00+00:00
[2026-07-01T12:03:18.641+0000] {processor.py:183} INFO - Processing /home/airflow/.local/lib/python3.8/site-packages/airflow/example_dags/example_branch_day_of_week_operator.py took 0.177 seconds
[2026-07-01T12:03:48.995+0000] {processor.py:161} INFO - Started process (PID=679) to work on /home/airflow/.local/lib/python3.8/site-packages/airflow/example_dags/example_branch_day_of_week_operator.py
[2026-07-01T12:03:48.998+0000] {processor.py:830} INFO - Processing file /home/airflow/.local/lib/python3.8/site-packages/airflow/example_dags/example_branch_day_of_week_operator.py for tasks to queue
[2026-07-01T12:03:49.003+0000] {logging_mixin.py:188} INFO - [2026-07-01T12:03:49.003+0000] {dagbag.py:538} INFO - Filling up the DagBag from /home/airflow/.local/lib/python3.8/site-packages/airflow/example_dags/example_branch_day_of_week_operator.py
[2026-07-01T12:03:49.028+0000] {processor.py:840} INFO - DAG(s) 'example_weekday_branch_operator' retrieved from /home/airflow/.local/lib/python3.8/site-packages/airflow/example_dags/example_branch_day_of_week_operator.py
[2026-07-01T12:03:49.078+0000] {logging_mixin.py:188} INFO - [2026-07-01T12:03:49.077+0000] {dag.py:3036} INFO - Sync 1 DAGs
[2026-07-01T12:03:49.154+0000] {logging_mixin.py:188} INFO - [2026-07-01T12:03:49.153+0000] {dag.py:3823} INFO - Setting next_dagrun for example_weekday_branch_operator to 2026-06-30 00:00:00+00:00, run_after=2026-07-01 00:00:00+00:00
[2026-07-01T12:03:49.200+0000] {processor.py:183} INFO - Processing /home/airflow/.local/lib/python3.8/site-packages/airflow/example_dags/example_branch_day_of_week_operator.py took 0.213 seconds
[2026-07-01T12:04:19.705+0000] {processor.py:161} INFO - Started process (PID=734) to work on /home/airflow/.local/lib/python3.8/site-packages/airflow/example_dags/example_branch_day_of_week_operator.py
[2026-07-01T12:04:19.707+0000] {processor.py:830} INFO - Processing file /home/airflow/.local/lib/python3.8/site-packages/airflow/example_dags/example_branch_day_of_week_operator.py for tasks to queue
[2026-07-01T12:04:19.712+0000] {logging_mixin.py:188} INFO - [2026-07-01T12:04:19.712+0000] {dagbag.py:538} INFO - Filling up the DagBag from /home/airflow/.local/lib/python3.8/site-packages/airflow/example_dags/example_branch_day_of_week_operator.py
[2026-07-01T12:04:19.732+0000] {processor.py:840} INFO - DAG(s) 'example_weekday_branch_operator' retrieved from /home/airflow/.local/lib/python3.8/site-packages/airflow/example_dags/example_branch_day_of_week_operator.py
[2026-07-01T12:04:19.789+0000] {logging_mixin.py:188} INFO - [2026-07-01T12:04:19.788+0000] {dag.py:3036} INFO - Sync 1 DAGs
[2026-07-01T12:04:19.847+0000] {logging_mixin.py:188} INFO - [2026-07-01T12:04:19.846+0000] {dag.py:3823} INFO - Setting next_dagrun for example_weekday_branch_operator to 2026-06-30 00:00:00+00:00, run_after=2026-07-01 00:00:00+00:00
[2026-07-01T12:04:19.898+0000] {processor.py:183} INFO - Processing /home/airflow/.local/lib/python3.8/site-packages/airflow/example_dags/example_branch_day_of_week_operator.py took 0.200 seconds
[2026-07-01T12:04:50.433+0000] {processor.py:161} INFO - Started process (PID=789) to work on /home/airflow/.local/lib/python3.8/site-packages/airflow/example_dags/example_branch_day_of_week_operator.py
[2026-07-01T12:04:50.436+0000] {processor.py:830} INFO - Processing file /home/airflow/.local/lib/python3.8/site-packages/airflow/example_dags/example_branch_day_of_week_operator.py for tasks to queue
[2026-07-01T12:04:50.443+0000] {logging_mixin.py:188} INFO - [2026-07-01T12:04:50.442+0000] {dagbag.py:538} INFO - Filling up the DagBag from /home/airflow/.local/lib/python3.8/site-packages/airflow/example_dags/example_branch_day_of_week_operator.py
[2026-07-01T12:04:50.463+0000] {processor.py:840} INFO - DAG(s) 'example_weekday_branch_operator' retrieved from /home/airflow/.local/lib/python3.8/site-packages/airflow/example_dags/example_branch_day_of_week_operator.py
[2026-07-01T12:04:50.512+0000] {logging_mixin.py:188} INFO - [2026-07-01T12:04:50.512+0000] {dag.py:3036} INFO - Sync 1 DAGs
[2026-07-01T12:04:50.567+0000] {logging_mixin.py:188} INFO - [2026-07-01T12:04:50.567+0000] {dag.py:3823} INFO - Setting next_dagrun for example_weekday_branch_operator to 2026-06-30 00:00:00+00:00, run_after=2026-07-01 00:00:00+00:00
[2026-07-01T12:04:50.610+0000] {processor.py:183} INFO - Processing /home/airflow/.local/lib/python3.8/site-packages/airflow/example_dags/example_branch_day_of_week_operator.py took 0.186 seconds
[2026-07-01T12:05:21.457+0000] {processor.py:161} INFO - Started process (PID=844) to work on /home/airflow/.local/lib/python3.8/site-packages/airflow/example_dags/example_branch_day_of_week_operator.py
[2026-07-01T12:05:21.460+0000] {processor.py:830} INFO - Processing file /home/airflow/.local/lib/python3.8/site-packages/airflow/example_dags/example_branch_day_of_week_operator.py for tasks to queue
[2026-07-01T12:05:21.465+0000] {logging_mixin.py:188} INFO - [2026-07-01T12:05:21.465+0000] {dagbag.py:538} INFO - Filling up the DagBag from /home/airflow/.local/lib/python3.8/site-packages/airflow/example_dags/example_branch_day_of_week_operator.py
[2026-07-01T12:05:21.488+0000] {processor.py:840} INFO - DAG(s) 'example_weekday_branch_operator' retrieved from /home/airflow/.local/lib/python3.8/site-packages/airflow/example_dags/example_branch_day_of_week_operator.py
[2026-07-01T12:05:21.544+0000] {logging_mixin.py:188} INFO - [2026-07-01T12:05:21.544+0000] {dag.py:3036} INFO - Sync 1 DAGs
[2026-07-01T12:05:21.603+0000] {logging_mixin.py:188} INFO - [2026-07-01T12:05:21.603+0000] {dag.py:3823} INFO - Setting next_dagrun for example_weekday_branch_operator to 2026-06-30 00:00:00+00:00, run_after=2026-07-01 00:00:00+00:00
[2026-07-01T12:05:21.653+0000] {processor.py:183} INFO - Processing /home/airflow/.local/lib/python3.8/site-packages/airflow/example_dags/example_branch_day_of_week_operator.py took 0.206 seconds
[2026-07-01T12:05:52.016+0000] {processor.py:161} INFO - Started process (PID=899) to work on /home/airflow/.local/lib/python3.8/site-packages/airflow/example_dags/example_branch_day_of_week_operator.py
[2026-07-01T12:05:52.023+0000] {processor.py:830} INFO - Processing file /home/airflow/.local/lib/python3.8/site-packages/airflow/example_dags/example_branch_day_of_week_operator.py for tasks to queue
[2026-07-01T12:05:52.030+0000] {logging_mixin.py:188} INFO - [2026-07-01T12:05:52.029+0000] {dagbag.py:538} INFO - Filling up the DagBag from /home/airflow/.local/lib/python3.8/site-packages/airflow/example_dags/example_branch_day_of_week_operator.py
[2026-07-01T12:05:52.071+0000] {processor.py:840} INFO - DAG(s) 'example_weekday_branch_operator' retrieved from /home/airflow/.local/lib/python3.8/site-packages/airflow/example_dags/example_branch_day_of_week_operator.py
[2026-07-01T12:05:52.162+0000] {logging_mixin.py:188} INFO - [2026-07-01T12:05:52.161+0000] {dag.py:3036} INFO - Sync 1 DAGs
[2026-07-01T12:05:52.268+0000] {logging_mixin.py:188} INFO - [2026-07-01T12:05:52.267+0000] {dag.py:3823} INFO - Setting next_dagrun for example_weekday_branch_operator to 2026-06-30 00:00:00+00:00, run_after=2026-07-01 00:00:00+00:00
[2026-07-01T12:05:52.357+0000] {processor.py:183} INFO - Processing /home/airflow/.local/lib/python3.8/site-packages/airflow/example_dags/example_branch_day_of_week_operator.py took 0.354 seconds
[2026-07-01T12:06:22.990+0000] {processor.py:161} INFO - Started process (PID=954) to work on /home/airflow/.local/lib/python3.8/site-packages/airflow/example_dags/example_branch_day_of_week_operator.py
[2026-07-01T12:06:22.994+0000] {processor.py:830} INFO - Processing file /home/airflow/.local/lib/python3.8/site-packages/airflow/example_dags/example_branch_day_of_week_operator.py for tasks to queue
[2026-07-01T12:06:23.002+0000] {logging_mixin.py:188} INFO - [2026-07-01T12:06:23.000+0000] {dagbag.py:538} INFO - Filling up the DagBag from /home/airflow/.local/lib/python3.8/site-packages/airflow/example_dags/example_branch_day_of_week_operator.py
[2026-07-01T12:06:23.028+0000] {processor.py:840} INFO - DAG(s) 'example_weekday_branch_operator' retrieved from /home/airflow/.local/lib/python3.8/site-packages/airflow/example_dags/example_branch_day_of_week_operator.py
[2026-07-01T12:06:23.093+0000] {logging_mixin.py:188} INFO - [2026-07-01T12:06:23.092+0000] {dag.py:3036} INFO - Sync 1 DAGs
[2026-07-01T12:06:23.163+0000] {logging_mixin.py:188} INFO - [2026-07-01T12:06:23.163+0000] {dag.py:3823} INFO - Setting next_dagrun for example_weekday_branch_operator to 2026-06-30 00:00:00+00:00, run_after=2026-07-01 00:00:00+00:00
[2026-07-01T12:06:23.222+0000] {processor.py:183} INFO - Processing /home/airflow/.local/lib/python3.8/site-packages/airflow/example_dags/example_branch_day_of_week_operator.py took 0.243 seconds
[2026-07-01T12:06:53.364+0000] {processor.py:161} INFO - Started process (PID=1007) to work on /home/airflow/.local/lib/python3.8/site-packages/airflow/example_dags/example_branch_day_of_week_operator.py
[2026-07-01T12:06:53.367+0000] {processor.py:830} INFO - Processing file /home/airflow/.local/lib/python3.8/site-packages/airflow/example_dags/example_branch_day_of_week_operator.py for tasks to queue
[2026-07-01T12:06:53.372+0000] {logging_mixin.py:188} INFO - [2026-07-01T12:06:53.372+0000] {dagbag.py:538} INFO - Filling up the DagBag from /home/airflow/.local/lib/python3.8/site-packages/airflow/example_dags/example_branch_day_of_week_operator.py
[2026-07-01T12:06:53.394+0000] {processor.py:840} INFO - DAG(s) 'example_weekday_branch_operator' retrieved from /home/airflow/.local/lib/python3.8/site-packages/airflow/example_dags/example_branch_day_of_week_operator.py
[2026-07-01T12:06:53.446+0000] {logging_mixin.py:188} INFO - [2026-07-01T12:06:53.446+0000] {dag.py:3036} INFO - Sync 1 DAGs
[2026-07-01T12:06:53.502+0000] {logging_mixin.py:188} INFO - [2026-07-01T12:06:53.502+0000] {dag.py:3823} INFO - Setting next_dagrun for example_weekday_branch_operator to 2026-06-30 00:00:00+00:00, run_after=2026-07-01 00:00:00+00:00
[2026-07-01T12:06:53.546+0000] {processor.py:183} INFO - Processing /home/airflow/.local/lib/python3.8/site-packages/airflow/example_dags/example_branch_day_of_week_operator.py took 0.193 seconds
[2026-07-01T12:07:23.642+0000] {processor.py:161} INFO - Started process (PID=1062) to work on /home/airflow/.local/lib/python3.8/site-packages/airflow/example_dags/example_branch_day_of_week_operator.py
[2026-07-01T12:07:23.646+0000] {processor.py:830} INFO - Processing file /home/airflow/.local/lib/python3.8/site-packages/airflow/example_dags/example_branch_day_of_week_operator.py for tasks to queue
[2026-07-01T12:07:23.652+0000] {logging_mixin.py:188} INFO - [2026-07-01T12:07:23.651+0000] {dagbag.py:538} INFO - Filling up the DagBag from /home/airflow/.local/lib/python3.8/site-packages/airflow/example_dags/example_branch_day_of_week_operator.py
[2026-07-01T12:07:23.670+0000] {processor.py:840} INFO - DAG(s) 'example_weekday_branch_operator' retrieved from /home/airflow/.local/lib/python3.8/site-packages/airflow/example_dags/example_branch_day_of_week_operator.py
[2026-07-01T12:07:23.721+0000] {logging_mixin.py:188} INFO - [2026-07-01T12:07:23.721+0000] {dag.py:3036} INFO - Sync 1 DAGs
[2026-07-01T12:07:23.781+0000] {logging_mixin.py:188} INFO - [2026-07-01T12:07:23.781+0000] {dag.py:3823} INFO - Setting next_dagrun for example_weekday_branch_operator to 2026-06-30 00:00:00+00:00, run_after=2026-07-01 00:00:00+00:00
[2026-07-01T12:07:23.829+0000] {processor.py:183} INFO - Processing /home/airflow/.local/lib/python3.8/site-packages/airflow/example_dags/example_branch_day_of_week_operator.py took 0.194 seconds
[2026-07-01T12:07:54.121+0000] {processor.py:161} INFO - Started process (PID=1118) to work on /home/airflow/.local/lib/python3.8/site-packages/airflow/example_dags/example_branch_day_of_week_operator.py
[2026-07-01T12:07:54.127+0000] {processor.py:830} INFO - Processing file /home/airflow/.local/lib/python3.8/site-packages/airflow/example_dags/example_branch_day_of_week_operator.py for tasks to queue
[2026-07-01T12:07:54.134+0000] {logging_mixin.py:188} INFO - [2026-07-01T12:07:54.134+0000] {dagbag.py:538} INFO - Filling up the DagBag from /home/airflow/.local/lib/python3.8/site-packages/airflow/example_dags/example_branch_day_of_week_operator.py
[2026-07-01T12:07:54.173+0000] {processor.py:840} INFO - DAG(s) 'example_weekday_branch_operator' retrieved from /home/airflow/.local/lib/python3.8/site-packages/airflow/example_dags/example_branch_day_of_week_operator.py
[2026-07-01T12:07:54.260+0000] {logging_mixin.py:188} INFO - [2026-07-01T12:07:54.259+0000] {dag.py:3036} INFO - Sync 1 DAGs
[2026-07-01T12:07:54.344+0000] {logging_mixin.py:188} INFO - [2026-07-01T12:07:54.343+0000] {dag.py:3823} INFO - Setting next_dagrun for example_weekday_branch_operator to 2026-06-30 00:00:00+00:00, run_after=2026-07-01 00:00:00+00:00
[2026-07-01T12:07:54.425+0000] {processor.py:183} INFO - Processing /home/airflow/.local/lib/python3.8/site-packages/airflow/example_dags/example_branch_day_of_week_operator.py took 0.315 seconds
[2026-07-01T12:08:25.111+0000] {processor.py:161} INFO - Started process (PID=1173) to work on /home/airflow/.local/lib/python3.8/site-packages/airflow/example_dags/example_branch_day_of_week_operator.py
[2026-07-01T12:08:25.116+0000] {processor.py:830} INFO - Processing file /home/airflow/.local/lib/python3.8/site-packages/airflow/example_dags/example_branch_day_of_week_operator.py for tasks to queue
[2026-07-01T12:08:25.122+0000] {logging_mixin.py:188} INFO - [2026-07-01T12:08:25.121+0000] {dagbag.py:538} INFO - Filling up the DagBag from /home/airflow/.local/lib/python3.8/site-packages/airflow/example_dags/example_branch_day_of_week_operator.py
[2026-07-01T12:08:25.143+0000] {processor.py:840} INFO - DAG(s) 'example_weekday_branch_operator' retrieved from /home/airflow/.local/lib/python3.8/site-packages/airflow/example_dags/example_branch_day_of_week_operator.py
[2026-07-01T12:08:25.199+0000] {logging_mixin.py:188} INFO - [2026-07-01T12:08:25.198+0000] {dag.py:3036} INFO - Sync 1 DAGs
[2026-07-01T12:08:25.261+0000] {logging_mixin.py:188} INFO - [2026-07-01T12:08:25.260+0000] {dag.py:3823} INFO - Setting next_dagrun for example_weekday_branch_operator to 2026-06-30 00:00:00+00:00, run_after=2026-07-01 00:00:00+00:00
[2026-07-01T12:08:25.306+0000] {processor.py:183} INFO - Processing /home/airflow/.local/lib/python3.8/site-packages/airflow/example_dags/example_branch_day_of_week_operator.py took 0.202 seconds
[2026-07-01T12:09:05.948+0000] {processor.py:161} INFO - Started process (PID=113) to work on /home/airflow/.local/lib/python3.8/site-packages/airflow/example_dags/example_branch_day_of_week_operator.py
[2026-07-01T12:09:05.951+0000] {processor.py:830} INFO - Processing file /home/airflow/.local/lib/python3.8/site-packages/airflow/example_dags/example_branch_day_of_week_operator.py for tasks to queue
[2026-07-01T12:09:05.958+0000] {logging_mixin.py:188} INFO - [2026-07-01T12:09:05.957+0000] {dagbag.py:538} INFO - Filling up the DagBag from /home/airflow/.local/lib/python3.8/site-packages/airflow/example_dags/example_branch_day_of_week_operator.py
[2026-07-01T12:09:05.978+0000] {processor.py:840} INFO - DAG(s) 'example_weekday_branch_operator' retrieved from /home/airflow/.local/lib/python3.8/site-packages/airflow/example_dags/example_branch_day_of_week_operator.py
[2026-07-01T12:09:06.042+0000] {logging_mixin.py:188} INFO - [2026-07-01T12:09:06.042+0000] {dag.py:3036} INFO - Sync 1 DAGs
[2026-07-01T12:09:06.101+0000] {logging_mixin.py:188} INFO - [2026-07-01T12:09:06.100+0000] {dag.py:3823} INFO - Setting next_dagrun for example_weekday_branch_operator to 2026-06-30 00:00:00+00:00, run_after=2026-07-01 00:00:00+00:00
[2026-07-01T12:09:06.148+0000] {processor.py:183} INFO - Processing /home/airflow/.local/lib/python3.8/site-packages/airflow/example_dags/example_branch_day_of_week_operator.py took 0.213 seconds
[2026-07-01T12:09:36.936+0000] {processor.py:161} INFO - Started process (PID=169) to work on /home/airflow/.local/lib/python3.8/site-packages/airflow/example_dags/example_branch_day_of_week_operator.py
[2026-07-01T12:09:36.940+0000] {processor.py:830} INFO - Processing file /home/airflow/.local/lib/python3.8/site-packages/airflow/example_dags/example_branch_day_of_week_operator.py for tasks to queue
[2026-07-01T12:09:36.946+0000] {logging_mixin.py:188} INFO - [2026-07-01T12:09:36.945+0000] {dagbag.py:538} INFO - Filling up the DagBag from /home/airflow/.local/lib/python3.8/site-packages/airflow/example_dags/example_branch_day_of_week_operator.py
[2026-07-01T12:09:36.968+0000] {processor.py:840} INFO - DAG(s) 'example_weekday_branch_operator' retrieved from /home/airflow/.local/lib/python3.8/site-packages/airflow/example_dags/example_branch_day_of_week_operator.py
[2026-07-01T12:09:37.033+0000] {logging_mixin.py:188} INFO - [2026-07-01T12:09:37.032+0000] {dag.py:3036} INFO - Sync 1 DAGs
[2026-07-01T12:09:37.110+0000] {logging_mixin.py:188} INFO - [2026-07-01T12:09:37.109+0000] {dag.py:3823} INFO - Setting next_dagrun for example_weekday_branch_operator to 2026-06-30 00:00:00+00:00, run_after=2026-07-01 00:00:00+00:00
[2026-07-01T12:09:37.185+0000] {processor.py:183} INFO - Processing /home/airflow/.local/lib/python3.8/site-packages/airflow/example_dags/example_branch_day_of_week_operator.py took 0.258 seconds
[2026-07-01T12:10:07.474+0000] {processor.py:161} INFO - Started process (PID=226) to work on /home/airflow/.local/lib/python3.8/site-packages/airflow/example_dags/example_branch_day_of_week_operator.py
[2026-07-01T12:10:07.478+0000] {processor.py:830} INFO - Processing file /home/airflow/.local/lib/python3.8/site-packages/airflow/example_dags/example_branch_day_of_week_operator.py for tasks to queue
[2026-07-01T12:10:07.485+0000] {logging_mixin.py:188} INFO - [2026-07-01T12:10:07.484+0000] {dagbag.py:538} INFO - Filling up the DagBag from /home/airflow/.local/lib/python3.8/site-packages/airflow/example_dags/example_branch_day_of_week_operator.py
[2026-07-01T12:10:07.513+0000] {processor.py:840} INFO - DAG(s) 'example_weekday_branch_operator' retrieved from /home/airflow/.local/lib/python3.8/site-packages/airflow/example_dags/example_branch_day_of_week_operator.py
[2026-07-01T12:10:07.574+0000] {logging_mixin.py:188} INFO - [2026-07-01T12:10:07.574+0000] {dag.py:3036} INFO - Sync 1 DAGs
[2026-07-01T12:10:07.651+0000] {logging_mixin.py:188} INFO - [2026-07-01T12:10:07.651+0000] {dag.py:3823} INFO - Setting next_dagrun for example_weekday_branch_operator to 2026-06-30 00:00:00+00:00, run_after=2026-07-01 00:00:00+00:00
[2026-07-01T12:10:07.702+0000] {processor.py:183} INFO - Processing /home/airflow/.local/lib/python3.8/site-packages/airflow/example_dags/example_branch_day_of_week_operator.py took 0.239 seconds
[2026-07-01T12:10:38.364+0000] {processor.py:161} INFO - Started process (PID=282) to work on /home/airflow/.local/lib/python3.8/site-packages/airflow/example_dags/example_branch_day_of_week_operator.py
[2026-07-01T12:10:38.367+0000] {processor.py:830} INFO - Processing file /home/airflow/.local/lib/python3.8/site-packages/airflow/example_dags/example_branch_day_of_week_operator.py for tasks to queue
[2026-07-01T12:10:38.373+0000] {logging_mixin.py:188} INFO - [2026-07-01T12:10:38.372+0000] {dagbag.py:538} INFO - Filling up the DagBag from /home/airflow/.local/lib/python3.8/site-packages/airflow/example_dags/example_branch_day_of_week_operator.py
[2026-07-01T12:10:38.393+0000] {processor.py:840} INFO - DAG(s) 'example_weekday_branch_operator' retrieved from /home/airflow/.local/lib/python3.8/site-packages/airflow/example_dags/example_branch_day_of_week_operator.py
[2026-07-01T12:10:38.452+0000] {logging_mixin.py:188} INFO - [2026-07-01T12:10:38.451+0000] {dag.py:3036} INFO - Sync 1 DAGs
[2026-07-01T12:10:38.524+0000] {logging_mixin.py:188} INFO - [2026-07-01T12:10:38.523+0000] {dag.py:3823} INFO - Setting next_dagrun for example_weekday_branch_operator to 2026-06-30 00:00:00+00:00, run_after=2026-07-01 00:00:00+00:00
[2026-07-01T12:10:38.571+0000] {processor.py:183} INFO - Processing /home/airflow/.local/lib/python3.8/site-packages/airflow/example_dags/example_branch_day_of_week_operator.py took 0.214 seconds
[2026-07-01T12:11:08.764+0000] {processor.py:161} INFO - Started process (PID=343) to work on /home/airflow/.local/lib/python3.8/site-packages/airflow/example_dags/example_branch_day_of_week_operator.py
[2026-07-01T12:11:08.767+0000] {processor.py:830} INFO - Processing file /home/airflow/.local/lib/python3.8/site-packages/airflow/example_dags/example_branch_day_of_week_operator.py for tasks to queue
[2026-07-01T12:11:08.773+0000] {logging_mixin.py:188} INFO - [2026-07-01T12:11:08.772+0000] {dagbag.py:538} INFO - Filling up the DagBag from /home/airflow/.local/lib/python3.8/site-packages/airflow/example_dags/example_branch_day_of_week_operator.py
[2026-07-01T12:11:08.794+0000] {processor.py:840} INFO - DAG(s) 'example_weekday_branch_operator' retrieved from /home/airflow/.local/lib/python3.8/site-packages/airflow/example_dags/example_branch_day_of_week_operator.py
[2026-07-01T12:11:08.845+0000] {logging_mixin.py:188} INFO - [2026-07-01T12:11:08.844+0000] {dag.py:3036} INFO - Sync 1 DAGs
[2026-07-01T12:11:08.902+0000] {logging_mixin.py:188} INFO - [2026-07-01T12:11:08.901+0000] {dag.py:3823} INFO - Setting next_dagrun for example_weekday_branch_operator to 2026-06-30 00:00:00+00:00, run_after=2026-07-01 00:00:00+00:00
[2026-07-01T12:11:08.948+0000] {processor.py:183} INFO - Processing /home/airflow/.local/lib/python3.8/site-packages/airflow/example_dags/example_branch_day_of_week_operator.py took 0.194 seconds
[2026-07-01T12:11:39.944+0000] {processor.py:161} INFO - Started process (PID=399) to work on /home/airflow/.local/lib/python3.8/site-packages/airflow/example_dags/example_branch_day_of_week_operator.py
[2026-07-01T12:11:39.948+0000] {processor.py:830} INFO - Processing file /home/airflow/.local/lib/python3.8/site-packages/airflow/example_dags/example_branch_day_of_week_operator.py for tasks to queue
[2026-07-01T12:11:39.956+0000] {logging_mixin.py:188} INFO - [2026-07-01T12:11:39.955+0000] {dagbag.py:538} INFO - Filling up the DagBag from /home/airflow/.local/lib/python3.8/site-packages/airflow/example_dags/example_branch_day_of_week_operator.py
[2026-07-01T12:11:39.980+0000] {processor.py:840} INFO - DAG(s) 'example_weekday_branch_operator' retrieved from /home/airflow/.local/lib/python3.8/site-packages/airflow/example_dags/example_branch_day_of_week_operator.py
[2026-07-01T12:11:40.044+0000] {logging_mixin.py:188} INFO - [2026-07-01T12:11:40.044+0000] {dag.py:3036} INFO - Sync 1 DAGs
[2026-07-01T12:11:40.105+0000] {logging_mixin.py:188} INFO - [2026-07-01T12:11:40.104+0000] {dag.py:3823} INFO - Setting next_dagrun for example_weekday_branch_operator to 2026-06-30 00:00:00+00:00, run_after=2026-07-01 00:00:00+00:00
[2026-07-01T12:11:40.156+0000] {processor.py:183} INFO - Processing /home/airflow/.local/lib/python3.8/site-packages/airflow/example_dags/example_branch_day_of_week_operator.py took 0.225 seconds
[2026-07-01T12:12:10.329+0000] {processor.py:161} INFO - Started process (PID=455) to work on /home/airflow/.local/lib/python3.8/site-packages/airflow/example_dags/example_branch_day_of_week_operator.py
[2026-07-01T12:12:10.332+0000] {processor.py:830} INFO - Processing file /home/airflow/.local/lib/python3.8/site-packages/airflow/example_dags/example_branch_day_of_week_operator.py for tasks to queue
[2026-07-01T12:12:10.337+0000] {logging_mixin.py:188} INFO - [2026-07-01T12:12:10.337+0000] {dagbag.py:538} INFO - Filling up the DagBag from /home/airflow/.local/lib/python3.8/site-packages/airflow/example_dags/example_branch_day_of_week_operator.py
[2026-07-01T12:12:10.355+0000] {processor.py:840} INFO - DAG(s) 'example_weekday_branch_operator' retrieved from /home/airflow/.local/lib/python3.8/site-packages/airflow/example_dags/example_branch_day_of_week_operator.py
[2026-07-01T12:12:10.402+0000] {logging_mixin.py:188} INFO - [2026-07-01T12:12:10.401+0000] {dag.py:3036} INFO - Sync 1 DAGs
[2026-07-01T12:12:10.452+0000] {logging_mixin.py:188} INFO - [2026-07-01T12:12:10.451+0000] {dag.py:3823} INFO - Setting next_dagrun for example_weekday_branch_operator to 2026-06-30 00:00:00+00:00, run_after=2026-07-01 00:00:00+00:00
[2026-07-01T12:12:10.494+0000] {processor.py:183} INFO - Processing /home/airflow/.local/lib/python3.8/site-packages/airflow/example_dags/example_branch_day_of_week_operator.py took 0.173 seconds
[2026-07-01T12:12:40.807+0000] {processor.py:161} INFO - Started process (PID=511) to work on /home/airflow/.local/lib/python3.8/site-packages/airflow/example_dags/example_branch_day_of_week_operator.py
[2026-07-01T12:12:40.810+0000] {processor.py:830} INFO - Processing file /home/airflow/.local/lib/python3.8/site-packages/airflow/example_dags/example_branch_day_of_week_operator.py for tasks to queue
[2026-07-01T12:12:40.816+0000] {logging_mixin.py:188} INFO - [2026-07-01T12:12:40.815+0000] {dagbag.py:538} INFO - Filling up the DagBag from /home/airflow/.local/lib/python3.8/site-packages/airflow/example_dags/example_branch_day_of_week_operator.py
[2026-07-01T12:12:40.836+0000] {processor.py:840} INFO - DAG(s) 'example_weekday_branch_operator' retrieved from /home/airflow/.local/lib/python3.8/site-packages/airflow/example_dags/example_branch_day_of_week_operator.py
[2026-07-01T12:12:40.886+0000] {logging_mixin.py:188} INFO - [2026-07-01T12:12:40.886+0000] {dag.py:3036} INFO - Sync 1 DAGs
[2026-07-01T12:12:40.940+0000] {logging_mixin.py:188} INFO - [2026-07-01T12:12:40.940+0000] {dag.py:3823} INFO - Setting next_dagrun for example_weekday_branch_operator to 2026-06-30 00:00:00+00:00, run_after=2026-07-01 00:00:00+00:00
[2026-07-01T12:12:40.987+0000] {processor.py:183} INFO - Processing /home/airflow/.local/lib/python3.8/site-packages/airflow/example_dags/example_branch_day_of_week_operator.py took 0.188 seconds
[2026-07-01T12:13:12.495+0000] {processor.py:161} INFO - Started process (PID=567) to work on /home/airflow/.local/lib/python3.8/site-packages/airflow/example_dags/example_branch_day_of_week_operator.py
[2026-07-01T12:13:12.499+0000] {processor.py:830} INFO - Processing file /home/airflow/.local/lib/python3.8/site-packages/airflow/example_dags/example_branch_day_of_week_operator.py for tasks to queue
[2026-07-01T12:13:12.504+0000] {logging_mixin.py:188} INFO - [2026-07-01T12:13:12.503+0000] {dagbag.py:538} INFO - Filling up the DagBag from /home/airflow/.local/lib/python3.8/site-packages/airflow/example_dags/example_branch_day_of_week_operator.py
[2026-07-01T12:13:12.527+0000] {processor.py:840} INFO - DAG(s) 'example_weekday_branch_operator' retrieved from /home/airflow/.local/lib/python3.8/site-packages/airflow/example_dags/example_branch_day_of_week_operator.py
[2026-07-01T12:13:12.579+0000] {logging_mixin.py:188} INFO - [2026-07-01T12:13:12.579+0000] {dag.py:3036} INFO - Sync 1 DAGs
[2026-07-01T12:13:12.638+0000] {logging_mixin.py:188} INFO - [2026-07-01T12:13:12.637+0000] {dag.py:3823} INFO - Setting next_dagrun for example_weekday_branch_operator to 2026-06-30 00:00:00+00:00, run_after=2026-07-01 00:00:00+00:00
[2026-07-01T12:13:12.682+0000] {processor.py:183} INFO - Processing /home/airflow/.local/lib/python3.8/site-packages/airflow/example_dags/example_branch_day_of_week_operator.py took 0.195 seconds
[2026-07-01T12:13:43.187+0000] {processor.py:161} INFO - Started process (PID=623) to work on /home/airflow/.local/lib/python3.8/site-packages/airflow/example_dags/example_branch_day_of_week_operator.py
[2026-07-01T12:13:43.191+0000] {processor.py:830} INFO - Processing file /home/airflow/.local/lib/python3.8/site-packages/airflow/example_dags/example_branch_day_of_week_operator.py for tasks to queue
[2026-07-01T12:13:43.199+0000] {logging_mixin.py:188} INFO - [2026-07-01T12:13:43.198+0000] {dagbag.py:538} INFO - Filling up the DagBag from /home/airflow/.local/lib/python3.8/site-packages/airflow/example_dags/example_branch_day_of_week_operator.py
[2026-07-01T12:13:43.222+0000] {processor.py:840} INFO - DAG(s) 'example_weekday_branch_operator' retrieved from /home/airflow/.local/lib/python3.8/site-packages/airflow/example_dags/example_branch_day_of_week_operator.py
[2026-07-01T12:13:43.282+0000] {logging_mixin.py:188} INFO - [2026-07-01T12:13:43.281+0000] {dag.py:3036} INFO - Sync 1 DAGs
[2026-07-01T12:13:43.343+0000] {logging_mixin.py:188} INFO - [2026-07-01T12:13:43.342+0000] {dag.py:3823} INFO - Setting next_dagrun for example_weekday_branch_operator to 2026-06-30 00:00:00+00:00, run_after=2026-07-01 00:00:00+00:00
[2026-07-01T12:13:43.399+0000] {processor.py:183} INFO - Processing /home/airflow/.local/lib/python3.8/site-packages/airflow/example_dags/example_branch_day_of_week_operator.py took 0.224 seconds
[2026-07-01T12:14:13.865+0000] {processor.py:161} INFO - Started process (PID=679) to work on /home/airflow/.local/lib/python3.8/site-packages/airflow/example_dags/example_branch_day_of_week_operator.py
[2026-07-01T12:14:13.869+0000] {processor.py:830} INFO - Processing file /home/airflow/.local/lib/python3.8/site-packages/airflow/example_dags/example_branch_day_of_week_operator.py for tasks to queue
[2026-07-01T12:14:13.874+0000] {logging_mixin.py:188} INFO - [2026-07-01T12:14:13.874+0000] {dagbag.py:538} INFO - Filling up the DagBag from /home/airflow/.local/lib/python3.8/site-packages/airflow/example_dags/example_branch_day_of_week_operator.py
[2026-07-01T12:14:13.894+0000] {processor.py:840} INFO - DAG(s) 'example_weekday_branch_operator' retrieved from /home/airflow/.local/lib/python3.8/site-packages/airflow/example_dags/example_branch_day_of_week_operator.py
[2026-07-01T12:14:13.965+0000] {logging_mixin.py:188} INFO - [2026-07-01T12:14:13.964+0000] {dag.py:3036} INFO - Sync 1 DAGs
[2026-07-01T12:14:14.031+0000] {logging_mixin.py:188} INFO - [2026-07-01T12:14:14.029+0000] {dag.py:3823} INFO - Setting next_dagrun for example_weekday_branch_operator to 2026-06-30 00:00:00+00:00, run_after=2026-07-01 00:00:00+00:00
[2026-07-01T12:14:14.098+0000] {processor.py:183} INFO - Processing /home/airflow/.local/lib/python3.8/site-packages/airflow/example_dags/example_branch_day_of_week_operator.py took 0.242 seconds
[2026-07-01T12:14:45.050+0000] {processor.py:161} INFO - Started process (PID=735) to work on /home/airflow/.local/lib/python3.8/site-packages/airflow/example_dags/example_branch_day_of_week_operator.py
[2026-07-01T12:14:45.053+0000] {processor.py:830} INFO - Processing file /home/airflow/.local/lib/python3.8/site-packages/airflow/example_dags/example_branch_day_of_week_operator.py for tasks to queue
[2026-07-01T12:14:45.058+0000] {logging_mixin.py:188} INFO - [2026-07-01T12:14:45.057+0000] {dagbag.py:538} INFO - Filling up the DagBag from /home/airflow/.local/lib/python3.8/site-packages/airflow/example_dags/example_branch_day_of_week_operator.py
[2026-07-01T12:14:45.077+0000] {processor.py:840} INFO - DAG(s) 'example_weekday_branch_operator' retrieved from /home/airflow/.local/lib/python3.8/site-packages/airflow/example_dags/example_branch_day_of_week_operator.py
[2026-07-01T12:14:45.136+0000] {logging_mixin.py:188} INFO - [2026-07-01T12:14:45.135+0000] {dag.py:3036} INFO - Sync 1 DAGs
[2026-07-01T12:14:45.197+0000] {logging_mixin.py:188} INFO - [2026-07-01T12:14:45.196+0000] {dag.py:3823} INFO - Setting next_dagrun for example_weekday_branch_operator to 2026-06-30 00:00:00+00:00, run_after=2026-07-01 00:00:00+00:00
[2026-07-01T12:14:45.250+0000] {processor.py:183} INFO - Processing /home/airflow/.local/lib/python3.8/site-packages/airflow/example_dags/example_branch_day_of_week_operator.py took 0.207 seconds
[2026-07-01T12:15:15.679+0000] {processor.py:161} INFO - Started process (PID=792) to work on /home/airflow/.local/lib/python3.8/site-packages/airflow/example_dags/example_branch_day_of_week_operator.py
[2026-07-01T12:15:15.682+0000] {processor.py:830} INFO - Processing file /home/airflow/.local/lib/python3.8/site-packages/airflow/example_dags/example_branch_day_of_week_operator.py for tasks to queue
[2026-07-01T12:15:15.687+0000] {logging_mixin.py:188} INFO - [2026-07-01T12:15:15.687+0000] {dagbag.py:538} INFO - Filling up the DagBag from /home/airflow/.local/lib/python3.8/site-packages/airflow/example_dags/example_branch_day_of_week_operator.py
[2026-07-01T12:15:15.705+0000] {processor.py:840} INFO - DAG(s) 'example_weekday_branch_operator' retrieved from /home/airflow/.local/lib/python3.8/site-packages/airflow/example_dags/example_branch_day_of_week_operator.py
[2026-07-01T12:15:15.759+0000] {logging_mixin.py:188} INFO - [2026-07-01T12:15:15.759+0000] {dag.py:3036} INFO - Sync 1 DAGs
[2026-07-01T12:15:15.814+0000] {logging_mixin.py:188} INFO - [2026-07-01T12:15:15.814+0000] {dag.py:3823} INFO - Setting next_dagrun for example_weekday_branch_operator to 2026-06-30 00:00:00+00:00, run_after=2026-07-01 00:00:00+00:00
[2026-07-01T12:15:15.855+0000] {processor.py:183} INFO - Processing /home/airflow/.local/lib/python3.8/site-packages/airflow/example_dags/example_branch_day_of_week_operator.py took 0.184 seconds
[2026-07-01T12:15:46.360+0000] {processor.py:161} INFO - Started process (PID=848) to work on /home/airflow/.local/lib/python3.8/site-packages/airflow/example_dags/example_branch_day_of_week_operator.py
[2026-07-01T12:15:46.364+0000] {processor.py:830} INFO - Processing file /home/airflow/.local/lib/python3.8/site-packages/airflow/example_dags/example_branch_day_of_week_operator.py for tasks to queue
[2026-07-01T12:15:46.370+0000] {logging_mixin.py:188} INFO - [2026-07-01T12:15:46.369+0000] {dagbag.py:538} INFO - Filling up the DagBag from /home/airflow/.local/lib/python3.8/site-packages/airflow/example_dags/example_branch_day_of_week_operator.py
[2026-07-01T12:15:46.393+0000] {processor.py:840} INFO - DAG(s) 'example_weekday_branch_operator' retrieved from /home/airflow/.local/lib/python3.8/site-packages/airflow/example_dags/example_branch_day_of_week_operator.py
[2026-07-01T12:15:46.447+0000] {logging_mixin.py:188} INFO - [2026-07-01T12:15:46.447+0000] {dag.py:3036} INFO - Sync 1 DAGs
[2026-07-01T12:15:46.501+0000] {logging_mixin.py:188} INFO - [2026-07-01T12:15:46.500+0000] {dag.py:3823} INFO - Setting next_dagrun for example_weekday_branch_operator to 2026-06-30 00:00:00+00:00, run_after=2026-07-01 00:00:00+00:00
[2026-07-01T12:15:46.546+0000] {processor.py:183} INFO - Processing /home/airflow/.local/lib/python3.8/site-packages/airflow/example_dags/example_branch_day_of_week_operator.py took 0.195 seconds
[2026-07-01T12:16:17.381+0000] {processor.py:161} INFO - Started process (PID=904) to work on /home/airflow/.local/lib/python3.8/site-packages/airflow/example_dags/example_branch_day_of_week_operator.py
[2026-07-01T12:16:17.384+0000] {processor.py:830} INFO - Processing file /home/airflow/.local/lib/python3.8/site-packages/airflow/example_dags/example_branch_day_of_week_operator.py for tasks to queue
[2026-07-01T12:16:17.389+0000] {logging_mixin.py:188} INFO - [2026-07-01T12:16:17.388+0000] {dagbag.py:538} INFO - Filling up the DagBag from /home/airflow/.local/lib/python3.8/site-packages/airflow/example_dags/example_branch_day_of_week_operator.py
[2026-07-01T12:16:17.409+0000] {processor.py:840} INFO - DAG(s) 'example_weekday_branch_operator' retrieved from /home/airflow/.local/lib/python3.8/site-packages/airflow/example_dags/example_branch_day_of_week_operator.py
[2026-07-01T12:16:17.459+0000] {logging_mixin.py:188} INFO - [2026-07-01T12:16:17.459+0000] {dag.py:3036} INFO - Sync 1 DAGs
[2026-07-01T12:16:17.520+0000] {logging_mixin.py:188} INFO - [2026-07-01T12:16:17.520+0000] {dag.py:3823} INFO - Setting next_dagrun for example_weekday_branch_operator to 2026-06-30 00:00:00+00:00, run_after=2026-07-01 00:00:00+00:00
[2026-07-01T12:16:17.567+0000] {processor.py:183} INFO - Processing /home/airflow/.local/lib/python3.8/site-packages/airflow/example_dags/example_branch_day_of_week_operator.py took 0.194 seconds
[2026-07-01T12:16:47.913+0000] {processor.py:161} INFO - Started process (PID=960) to work on /home/airflow/.local/lib/python3.8/site-packages/airflow/example_dags/example_branch_day_of_week_operator.py
[2026-07-01T12:16:47.917+0000] {processor.py:830} INFO - Processing file /home/airflow/.local/lib/python3.8/site-packages/airflow/example_dags/example_branch_day_of_week_operator.py for tasks to queue
[2026-07-01T12:16:47.922+0000] {logging_mixin.py:188} INFO - [2026-07-01T12:16:47.922+0000] {dagbag.py:538} INFO - Filling up the DagBag from /home/airflow/.local/lib/python3.8/site-packages/airflow/example_dags/example_branch_day_of_week_operator.py
[2026-07-01T12:16:47.943+0000] {processor.py:840} INFO - DAG(s) 'example_weekday_branch_operator' retrieved from /home/airflow/.local/lib/python3.8/site-packages/airflow/example_dags/example_branch_day_of_week_operator.py
[2026-07-01T12:16:47.996+0000] {logging_mixin.py:188} INFO - [2026-07-01T12:16:47.995+0000] {dag.py:3036} INFO - Sync 1 DAGs
[2026-07-01T12:16:48.051+0000] {logging_mixin.py:188} INFO - [2026-07-01T12:16:48.050+0000] {dag.py:3823} INFO - Setting next_dagrun for example_weekday_branch_operator to 2026-06-30 00:00:00+00:00, run_after=2026-07-01 00:00:00+00:00
[2026-07-01T12:16:48.096+0000] {processor.py:183} INFO - Processing /home/airflow/.local/lib/python3.8/site-packages/airflow/example_dags/example_branch_day_of_week_operator.py took 0.191 seconds
[2026-07-01T12:17:18.552+0000] {processor.py:161} INFO - Started process (PID=1016) to work on /home/airflow/.local/lib/python3.8/site-packages/airflow/example_dags/example_branch_day_of_week_operator.py
[2026-07-01T12:17:18.556+0000] {processor.py:830} INFO - Processing file /home/airflow/.local/lib/python3.8/site-packages/airflow/example_dags/example_branch_day_of_week_operator.py for tasks to queue
[2026-07-01T12:17:18.563+0000] {logging_mixin.py:188} INFO - [2026-07-01T12:17:18.562+0000] {dagbag.py:538} INFO - Filling up the DagBag from /home/airflow/.local/lib/python3.8/site-packages/airflow/example_dags/example_branch_day_of_week_operator.py
[2026-07-01T12:17:18.591+0000] {processor.py:840} INFO - DAG(s) 'example_weekday_branch_operator' retrieved from /home/airflow/.local/lib/python3.8/site-packages/airflow/example_dags/example_branch_day_of_week_operator.py
[2026-07-01T12:17:18.659+0000] {logging_mixin.py:188} INFO - [2026-07-01T12:17:18.658+0000] {dag.py:3036} INFO - Sync 1 DAGs
[2026-07-01T12:17:18.753+0000] {logging_mixin.py:188} INFO - [2026-07-01T12:17:18.752+0000] {dag.py:3823} INFO - Setting next_dagrun for example_weekday_branch_operator to 2026-06-30 00:00:00+00:00, run_after=2026-07-01 00:00:00+00:00
[2026-07-01T12:17:18.893+0000] {processor.py:183} INFO - Processing /home/airflow/.local/lib/python3.8/site-packages/airflow/example_dags/example_branch_day_of_week_operator.py took 0.352 seconds
[2026-07-01T12:17:50.185+0000] {processor.py:161} INFO - Started process (PID=1072) to work on /home/airflow/.local/lib/python3.8/site-packages/airflow/example_dags/example_branch_day_of_week_operator.py
[2026-07-01T12:17:50.188+0000] {processor.py:830} INFO - Processing file /home/airflow/.local/lib/python3.8/site-packages/airflow/example_dags/example_branch_day_of_week_operator.py for tasks to queue
[2026-07-01T12:17:50.196+0000] {logging_mixin.py:188} INFO - [2026-07-01T12:17:50.195+0000] {dagbag.py:538} INFO - Filling up the DagBag from /home/airflow/.local/lib/python3.8/site-packages/airflow/example_dags/example_branch_day_of_week_operator.py
[2026-07-01T12:17:50.226+0000] {processor.py:840} INFO - DAG(s) 'example_weekday_branch_operator' retrieved from /home/airflow/.local/lib/python3.8/site-packages/airflow/example_dags/example_branch_day_of_week_operator.py
[2026-07-01T12:17:50.292+0000] {logging_mixin.py:188} INFO - [2026-07-01T12:17:50.292+0000] {dag.py:3036} INFO - Sync 1 DAGs
[2026-07-01T12:17:50.372+0000] {logging_mixin.py:188} INFO - [2026-07-01T12:17:50.371+0000] {dag.py:3823} INFO - Setting next_dagrun for example_weekday_branch_operator to 2026-06-30 00:00:00+00:00, run_after=2026-07-01 00:00:00+00:00
[2026-07-01T12:17:50.432+0000] {processor.py:183} INFO - Processing /home/airflow/.local/lib/python3.8/site-packages/airflow/example_dags/example_branch_day_of_week_operator.py took 0.260 seconds
[2026-07-01T12:18:23.588+0000] {processor.py:161} INFO - Started process (PID=1128) to work on /home/airflow/.local/lib/python3.8/site-packages/airflow/example_dags/example_branch_day_of_week_operator.py
[2026-07-01T12:18:23.591+0000] {processor.py:830} INFO - Processing file /home/airflow/.local/lib/python3.8/site-packages/airflow/example_dags/example_branch_day_of_week_operator.py for tasks to queue
[2026-07-01T12:18:23.597+0000] {logging_mixin.py:188} INFO - [2026-07-01T12:18:23.596+0000] {dagbag.py:538} INFO - Filling up the DagBag from /home/airflow/.local/lib/python3.8/site-packages/airflow/example_dags/example_branch_day_of_week_operator.py
[2026-07-01T12:18:23.623+0000] {processor.py:840} INFO - DAG(s) 'example_weekday_branch_operator' retrieved from /home/airflow/.local/lib/python3.8/site-packages/airflow/example_dags/example_branch_day_of_week_operator.py
[2026-07-01T12:18:23.691+0000] {logging_mixin.py:188} INFO - [2026-07-01T12:18:23.691+0000] {dag.py:3036} INFO - Sync 1 DAGs
[2026-07-01T12:18:23.770+0000] {logging_mixin.py:188} INFO - [2026-07-01T12:18:23.769+0000] {dag.py:3823} INFO - Setting next_dagrun for example_weekday_branch_operator to 2026-06-30 00:00:00+00:00, run_after=2026-07-01 00:00:00+00:00
[2026-07-01T12:18:23.841+0000] {processor.py:183} INFO - Processing /home/airflow/.local/lib/python3.8/site-packages/airflow/example_dags/example_branch_day_of_week_operator.py took 0.263 seconds
[2026-07-01T12:18:54.782+0000] {processor.py:161} INFO - Started process (PID=1184) to work on /home/airflow/.local/lib/python3.8/site-packages/airflow/example_dags/example_branch_day_of_week_operator.py
[2026-07-01T12:18:54.785+0000] {processor.py:830} INFO - Processing file /home/airflow/.local/lib/python3.8/site-packages/airflow/example_dags/example_branch_day_of_week_operator.py for tasks to queue
[2026-07-01T12:18:54.792+0000] {logging_mixin.py:188} INFO - [2026-07-01T12:18:54.791+0000] {dagbag.py:538} INFO - Filling up the DagBag from /home/airflow/.local/lib/python3.8/site-packages/airflow/example_dags/example_branch_day_of_week_operator.py
[2026-07-01T12:18:54.814+0000] {processor.py:840} INFO - DAG(s) 'example_weekday_branch_operator' retrieved from /home/airflow/.local/lib/python3.8/site-packages/airflow/example_dags/example_branch_day_of_week_operator.py
[2026-07-01T12:18:54.871+0000] {logging_mixin.py:188} INFO - [2026-07-01T12:18:54.870+0000] {dag.py:3036} INFO - Sync 1 DAGs
[2026-07-01T12:18:54.924+0000] {logging_mixin.py:188} INFO - [2026-07-01T12:18:54.924+0000] {dag.py:3823} INFO - Setting next_dagrun for example_weekday_branch_operator to 2026-06-30 00:00:00+00:00, run_after=2026-07-01 00:00:00+00:00
[2026-07-01T12:18:54.973+0000] {processor.py:183} INFO - Processing /home/airflow/.local/lib/python3.8/site-packages/airflow/example_dags/example_branch_day_of_week_operator.py took 0.202 seconds
[2026-07-01T12:19:25.451+0000] {processor.py:161} INFO - Started process (PID=1240) to work on /home/airflow/.local/lib/python3.8/site-packages/airflow/example_dags/example_branch_day_of_week_operator.py
[2026-07-01T12:19:25.455+0000] {processor.py:830} INFO - Processing file /home/airflow/.local/lib/python3.8/site-packages/airflow/example_dags/example_branch_day_of_week_operator.py for tasks to queue
[2026-07-01T12:19:25.462+0000] {logging_mixin.py:188} INFO - [2026-07-01T12:19:25.461+0000] {dagbag.py:538} INFO - Filling up the DagBag from /home/airflow/.local/lib/python3.8/site-packages/airflow/example_dags/example_branch_day_of_week_operator.py
[2026-07-01T12:19:25.497+0000] {processor.py:840} INFO - DAG(s) 'example_weekday_branch_operator' retrieved from /home/airflow/.local/lib/python3.8/site-packages/airflow/example_dags/example_branch_day_of_week_operator.py
[2026-07-01T12:19:25.590+0000] {logging_mixin.py:188} INFO - [2026-07-01T12:19:25.589+0000] {dag.py:3036} INFO - Sync 1 DAGs
[2026-07-01T12:19:25.724+0000] {logging_mixin.py:188} INFO - [2026-07-01T12:19:25.723+0000] {dag.py:3823} INFO - Setting next_dagrun for example_weekday_branch_operator to 2026-06-30 00:00:00+00:00, run_after=2026-07-01 00:00:00+00:00
[2026-07-01T12:19:25.783+0000] {processor.py:183} INFO - Processing /home/airflow/.local/lib/python3.8/site-packages/airflow/example_dags/example_branch_day_of_week_operator.py took 0.344 seconds
[2026-07-01T12:19:57.859+0000] {processor.py:161} INFO - Started process (PID=1296) to work on /home/airflow/.local/lib/python3.8/site-packages/airflow/example_dags/example_branch_day_of_week_operator.py
[2026-07-01T12:19:57.867+0000] {processor.py:830} INFO - Processing file /home/airflow/.local/lib/python3.8/site-packages/airflow/example_dags/example_branch_day_of_week_operator.py for tasks to queue
[2026-07-01T12:19:57.877+0000] {logging_mixin.py:188} INFO - [2026-07-01T12:19:57.875+0000] {dagbag.py:538} INFO - Filling up the DagBag from /home/airflow/.local/lib/python3.8/site-packages/airflow/example_dags/example_branch_day_of_week_operator.py
[2026-07-01T12:19:57.921+0000] {processor.py:840} INFO - DAG(s) 'example_weekday_branch_operator' retrieved from /home/airflow/.local/lib/python3.8/site-packages/airflow/example_dags/example_branch_day_of_week_operator.py
[2026-07-01T12:19:58.001+0000] {logging_mixin.py:188} INFO - [2026-07-01T12:19:58.000+0000] {dag.py:3036} INFO - Sync 1 DAGs
[2026-07-01T12:19:58.189+0000] {logging_mixin.py:188} INFO - [2026-07-01T12:19:58.177+0000] {dag.py:3823} INFO - Setting next_dagrun for example_weekday_branch_operator to 2026-06-30 00:00:00+00:00, run_after=2026-07-01 00:00:00+00:00
[2026-07-01T12:19:58.331+0000] {processor.py:183} INFO - Processing /home/airflow/.local/lib/python3.8/site-packages/airflow/example_dags/example_branch_day_of_week_operator.py took 0.487 seconds
[2026-07-01T12:20:33.609+0000] {processor.py:161} INFO - Started process (PID=1351) to work on /home/airflow/.local/lib/python3.8/site-packages/airflow/example_dags/example_branch_day_of_week_operator.py
[2026-07-01T12:20:33.616+0000] {processor.py:830} INFO - Processing file /home/airflow/.local/lib/python3.8/site-packages/airflow/example_dags/example_branch_day_of_week_operator.py for tasks to queue
[2026-07-01T12:20:33.627+0000] {logging_mixin.py:188} INFO - [2026-07-01T12:20:33.625+0000] {dagbag.py:538} INFO - Filling up the DagBag from /home/airflow/.local/lib/python3.8/site-packages/airflow/example_dags/example_branch_day_of_week_operator.py
[2026-07-01T12:20:33.681+0000] {processor.py:840} INFO - DAG(s) 'example_weekday_branch_operator' retrieved from /home/airflow/.local/lib/python3.8/site-packages/airflow/example_dags/example_branch_day_of_week_operator.py
[2026-07-01T12:20:34.110+0000] {logging_mixin.py:188} INFO - [2026-07-01T12:20:34.109+0000] {dag.py:3036} INFO - Sync 1 DAGs
[2026-07-01T12:20:34.217+0000] {logging_mixin.py:188} INFO - [2026-07-01T12:20:34.217+0000] {dag.py:3823} INFO - Setting next_dagrun for example_weekday_branch_operator to 2026-06-30 00:00:00+00:00, run_after=2026-07-01 00:00:00+00:00
[2026-07-01T12:20:34.334+0000] {processor.py:183} INFO - Processing /home/airflow/.local/lib/python3.8/site-packages/airflow/example_dags/example_branch_day_of_week_operator.py took 0.744 seconds
[2026-07-01T12:21:04.872+0000] {processor.py:161} INFO - Started process (PID=1408) to work on /home/airflow/.local/lib/python3.8/site-packages/airflow/example_dags/example_branch_day_of_week_operator.py
[2026-07-01T12:21:04.876+0000] {processor.py:830} INFO - Processing file /home/airflow/.local/lib/python3.8/site-packages/airflow/example_dags/example_branch_day_of_week_operator.py for tasks to queue
[2026-07-01T12:21:04.883+0000] {logging_mixin.py:188} INFO - [2026-07-01T12:21:04.882+0000] {dagbag.py:538} INFO - Filling up the DagBag from /home/airflow/.local/lib/python3.8/site-packages/airflow/example_dags/example_branch_day_of_week_operator.py
[2026-07-01T12:21:04.909+0000] {processor.py:840} INFO - DAG(s) 'example_weekday_branch_operator' retrieved from /home/airflow/.local/lib/python3.8/site-packages/airflow/example_dags/example_branch_day_of_week_operator.py
[2026-07-01T12:21:04.982+0000] {logging_mixin.py:188} INFO - [2026-07-01T12:21:04.981+0000] {dag.py:3036} INFO - Sync 1 DAGs
[2026-07-01T12:21:05.051+0000] {logging_mixin.py:188} INFO - [2026-07-01T12:21:05.050+0000] {dag.py:3823} INFO - Setting next_dagrun for example_weekday_branch_operator to 2026-06-30 00:00:00+00:00, run_after=2026-07-01 00:00:00+00:00
[2026-07-01T12:21:05.104+0000] {processor.py:183} INFO - Processing /home/airflow/.local/lib/python3.8/site-packages/airflow/example_dags/example_branch_day_of_week_operator.py took 0.244 seconds
[2026-07-01T12:21:35.207+0000] {processor.py:161} INFO - Started process (PID=1470) to work on /home/airflow/.local/lib/python3.8/site-packages/airflow/example_dags/example_branch_day_of_week_operator.py
[2026-07-01T12:21:35.211+0000] {processor.py:830} INFO - Processing file /home/airflow/.local/lib/python3.8/site-packages/airflow/example_dags/example_branch_day_of_week_operator.py for tasks to queue
[2026-07-01T12:21:35.218+0000] {logging_mixin.py:188} INFO - [2026-07-01T12:21:35.217+0000] {dagbag.py:538} INFO - Filling up the DagBag from /home/airflow/.local/lib/python3.8/site-packages/airflow/example_dags/example_branch_day_of_week_operator.py
[2026-07-01T12:21:35.245+0000] {processor.py:840} INFO - DAG(s) 'example_weekday_branch_operator' retrieved from /home/airflow/.local/lib/python3.8/site-packages/airflow/example_dags/example_branch_day_of_week_operator.py
[2026-07-01T12:21:35.305+0000] {logging_mixin.py:188} INFO - [2026-07-01T12:21:35.305+0000] {dag.py:3036} INFO - Sync 1 DAGs
[2026-07-01T12:21:35.374+0000] {logging_mixin.py:188} INFO - [2026-07-01T12:21:35.374+0000] {dag.py:3823} INFO - Setting next_dagrun for example_weekday_branch_operator to 2026-06-30 00:00:00+00:00, run_after=2026-07-01 00:00:00+00:00
[2026-07-01T12:21:35.423+0000] {processor.py:183} INFO - Processing /home/airflow/.local/lib/python3.8/site-packages/airflow/example_dags/example_branch_day_of_week_operator.py took 0.224 seconds
[2026-07-01T12:22:05.626+0000] {processor.py:161} INFO - Started process (PID=1526) to work on /home/airflow/.local/lib/python3.8/site-packages/airflow/example_dags/example_branch_day_of_week_operator.py
[2026-07-01T12:22:05.630+0000] {processor.py:830} INFO - Processing file /home/airflow/.local/lib/python3.8/site-packages/airflow/example_dags/example_branch_day_of_week_operator.py for tasks to queue
[2026-07-01T12:22:05.636+0000] {logging_mixin.py:188} INFO - [2026-07-01T12:22:05.636+0000] {dagbag.py:538} INFO - Filling up the DagBag from /home/airflow/.local/lib/python3.8/site-packages/airflow/example_dags/example_branch_day_of_week_operator.py
[2026-07-01T12:22:05.658+0000] {processor.py:840} INFO - DAG(s) 'example_weekday_branch_operator' retrieved from /home/airflow/.local/lib/python3.8/site-packages/airflow/example_dags/example_branch_day_of_week_operator.py
[2026-07-01T12:22:05.712+0000] {logging_mixin.py:188} INFO - [2026-07-01T12:22:05.711+0000] {dag.py:3036} INFO - Sync 1 DAGs
[2026-07-01T12:22:05.761+0000] {logging_mixin.py:188} INFO - [2026-07-01T12:22:05.761+0000] {dag.py:3823} INFO - Setting next_dagrun for example_weekday_branch_operator to 2026-06-30 00:00:00+00:00, run_after=2026-07-01 00:00:00+00:00
[2026-07-01T12:22:05.802+0000] {processor.py:183} INFO - Processing /home/airflow/.local/lib/python3.8/site-packages/airflow/example_dags/example_branch_day_of_week_operator.py took 0.187 seconds
[2026-07-01T12:22:35.997+0000] {processor.py:161} INFO - Started process (PID=1582) to work on /home/airflow/.local/lib/python3.8/site-packages/airflow/example_dags/example_branch_day_of_week_operator.py
[2026-07-01T12:22:36.001+0000] {processor.py:830} INFO - Processing file /home/airflow/.local/lib/python3.8/site-packages/airflow/example_dags/example_branch_day_of_week_operator.py for tasks to queue
[2026-07-01T12:22:36.007+0000] {logging_mixin.py:188} INFO - [2026-07-01T12:22:36.006+0000] {dagbag.py:538} INFO - Filling up the DagBag from /home/airflow/.local/lib/python3.8/site-packages/airflow/example_dags/example_branch_day_of_week_operator.py
[2026-07-01T12:22:36.031+0000] {processor.py:840} INFO - DAG(s) 'example_weekday_branch_operator' retrieved from /home/airflow/.local/lib/python3.8/site-packages/airflow/example_dags/example_branch_day_of_week_operator.py
[2026-07-01T12:22:36.109+0000] {logging_mixin.py:188} INFO - [2026-07-01T12:22:36.109+0000] {dag.py:3036} INFO - Sync 1 DAGs
[2026-07-01T12:22:36.178+0000] {logging_mixin.py:188} INFO - [2026-07-01T12:22:36.177+0000] {dag.py:3823} INFO - Setting next_dagrun for example_weekday_branch_operator to 2026-06-30 00:00:00+00:00, run_after=2026-07-01 00:00:00+00:00
[2026-07-01T12:22:36.241+0000] {processor.py:183} INFO - Processing /home/airflow/.local/lib/python3.8/site-packages/airflow/example_dags/example_branch_day_of_week_operator.py took 0.255 seconds
[2026-07-01T12:23:06.904+0000] {processor.py:161} INFO - Started process (PID=1637) to work on /home/airflow/.local/lib/python3.8/site-packages/airflow/example_dags/example_branch_day_of_week_operator.py
[2026-07-01T12:23:06.907+0000] {processor.py:830} INFO - Processing file /home/airflow/.local/lib/python3.8/site-packages/airflow/example_dags/example_branch_day_of_week_operator.py for tasks to queue
[2026-07-01T12:23:06.913+0000] {logging_mixin.py:188} INFO - [2026-07-01T12:23:06.912+0000] {dagbag.py:538} INFO - Filling up the DagBag from /home/airflow/.local/lib/python3.8/site-packages/airflow/example_dags/example_branch_day_of_week_operator.py
[2026-07-01T12:23:06.934+0000] {processor.py:840} INFO - DAG(s) 'example_weekday_branch_operator' retrieved from /home/airflow/.local/lib/python3.8/site-packages/airflow/example_dags/example_branch_day_of_week_operator.py
[2026-07-01T12:23:06.987+0000] {logging_mixin.py:188} INFO - [2026-07-01T12:23:06.987+0000] {dag.py:3036} INFO - Sync 1 DAGs
[2026-07-01T12:23:07.050+0000] {logging_mixin.py:188} INFO - [2026-07-01T12:23:07.049+0000] {dag.py:3823} INFO - Setting next_dagrun for example_weekday_branch_operator to 2026-06-30 00:00:00+00:00, run_after=2026-07-01 00:00:00+00:00
[2026-07-01T12:23:07.114+0000] {processor.py:183} INFO - Processing /home/airflow/.local/lib/python3.8/site-packages/airflow/example_dags/example_branch_day_of_week_operator.py took 0.218 seconds
[2026-07-01T12:23:38.650+0000] {processor.py:161} INFO - Started process (PID=1693) to work on /home/airflow/.local/lib/python3.8/site-packages/airflow/example_dags/example_branch_day_of_week_operator.py
[2026-07-01T12:23:38.657+0000] {processor.py:830} INFO - Processing file /home/airflow/.local/lib/python3.8/site-packages/airflow/example_dags/example_branch_day_of_week_operator.py for tasks to queue
[2026-07-01T12:23:38.668+0000] {logging_mixin.py:188} INFO - [2026-07-01T12:23:38.664+0000] {dagbag.py:538} INFO - Filling up the DagBag from /home/airflow/.local/lib/python3.8/site-packages/airflow/example_dags/example_branch_day_of_week_operator.py
[2026-07-01T12:23:38.700+0000] {processor.py:840} INFO - DAG(s) 'example_weekday_branch_operator' retrieved from /home/airflow/.local/lib/python3.8/site-packages/airflow/example_dags/example_branch_day_of_week_operator.py
[2026-07-01T12:23:38.776+0000] {logging_mixin.py:188} INFO - [2026-07-01T12:23:38.776+0000] {dag.py:3036} INFO - Sync 1 DAGs
[2026-07-01T12:23:38.849+0000] {logging_mixin.py:188} INFO - [2026-07-01T12:23:38.848+0000] {dag.py:3823} INFO - Setting next_dagrun for example_weekday_branch_operator to 2026-06-30 00:00:00+00:00, run_after=2026-07-01 00:00:00+00:00
[2026-07-01T12:23:38.917+0000] {processor.py:183} INFO - Processing /home/airflow/.local/lib/python3.8/site-packages/airflow/example_dags/example_branch_day_of_week_operator.py took 0.276 seconds
[2026-07-01T12:24:09.168+0000] {processor.py:161} INFO - Started process (PID=1749) to work on /home/airflow/.local/lib/python3.8/site-packages/airflow/example_dags/example_branch_day_of_week_operator.py
[2026-07-01T12:24:09.173+0000] {processor.py:830} INFO - Processing file /home/airflow/.local/lib/python3.8/site-packages/airflow/example_dags/example_branch_day_of_week_operator.py for tasks to queue
[2026-07-01T12:24:09.189+0000] {logging_mixin.py:188} INFO - [2026-07-01T12:24:09.187+0000] {dagbag.py:538} INFO - Filling up the DagBag from /home/airflow/.local/lib/python3.8/site-packages/airflow/example_dags/example_branch_day_of_week_operator.py
[2026-07-01T12:24:09.223+0000] {processor.py:840} INFO - DAG(s) 'example_weekday_branch_operator' retrieved from /home/airflow/.local/lib/python3.8/site-packages/airflow/example_dags/example_branch_day_of_week_operator.py
[2026-07-01T12:24:09.306+0000] {logging_mixin.py:188} INFO - [2026-07-01T12:24:09.304+0000] {dag.py:3036} INFO - Sync 1 DAGs
[2026-07-01T12:24:09.399+0000] {logging_mixin.py:188} INFO - [2026-07-01T12:24:09.399+0000] {dag.py:3823} INFO - Setting next_dagrun for example_weekday_branch_operator to 2026-06-30 00:00:00+00:00, run_after=2026-07-01 00:00:00+00:00
[2026-07-01T12:24:09.481+0000] {processor.py:183} INFO - Processing /home/airflow/.local/lib/python3.8/site-packages/airflow/example_dags/example_branch_day_of_week_operator.py took 0.334 seconds
[2026-07-01T12:24:39.655+0000] {processor.py:161} INFO - Started process (PID=1805) to work on /home/airflow/.local/lib/python3.8/site-packages/airflow/example_dags/example_branch_day_of_week_operator.py
[2026-07-01T12:24:39.659+0000] {processor.py:830} INFO - Processing file /home/airflow/.local/lib/python3.8/site-packages/airflow/example_dags/example_branch_day_of_week_operator.py for tasks to queue
[2026-07-01T12:24:39.666+0000] {logging_mixin.py:188} INFO - [2026-07-01T12:24:39.666+0000] {dagbag.py:538} INFO - Filling up the DagBag from /home/airflow/.local/lib/python3.8/site-packages/airflow/example_dags/example_branch_day_of_week_operator.py
[2026-07-01T12:24:39.690+0000] {processor.py:840} INFO - DAG(s) 'example_weekday_branch_operator' retrieved from /home/airflow/.local/lib/python3.8/site-packages/airflow/example_dags/example_branch_day_of_week_operator.py
[2026-07-01T12:24:39.751+0000] {logging_mixin.py:188} INFO - [2026-07-01T12:24:39.750+0000] {dag.py:3036} INFO - Sync 1 DAGs
[2026-07-01T12:24:39.817+0000] {logging_mixin.py:188} INFO - [2026-07-01T12:24:39.816+0000] {dag.py:3823} INFO - Setting next_dagrun for example_weekday_branch_operator to 2026-06-30 00:00:00+00:00, run_after=2026-07-01 00:00:00+00:00
[2026-07-01T12:24:39.864+0000] {processor.py:183} INFO - Processing /home/airflow/.local/lib/python3.8/site-packages/airflow/example_dags/example_branch_day_of_week_operator.py took 0.220 seconds
[2026-07-01T12:25:10.757+0000] {processor.py:161} INFO - Started process (PID=1861) to work on /home/airflow/.local/lib/python3.8/site-packages/airflow/example_dags/example_branch_day_of_week_operator.py
[2026-07-01T12:25:10.762+0000] {processor.py:830} INFO - Processing file /home/airflow/.local/lib/python3.8/site-packages/airflow/example_dags/example_branch_day_of_week_operator.py for tasks to queue
[2026-07-01T12:25:10.771+0000] {logging_mixin.py:188} INFO - [2026-07-01T12:25:10.770+0000] {dagbag.py:538} INFO - Filling up the DagBag from /home/airflow/.local/lib/python3.8/site-packages/airflow/example_dags/example_branch_day_of_week_operator.py
[2026-07-01T12:25:10.799+0000] {processor.py:840} INFO - DAG(s) 'example_weekday_branch_operator' retrieved from /home/airflow/.local/lib/python3.8/site-packages/airflow/example_dags/example_branch_day_of_week_operator.py
[2026-07-01T12:25:10.859+0000] {logging_mixin.py:188} INFO - [2026-07-01T12:25:10.858+0000] {dag.py:3036} INFO - Sync 1 DAGs
[2026-07-01T12:25:10.925+0000] {logging_mixin.py:188} INFO - [2026-07-01T12:25:10.925+0000] {dag.py:3823} INFO - Setting next_dagrun for example_weekday_branch_operator to 2026-06-30 00:00:00+00:00, run_after=2026-07-01 00:00:00+00:00
[2026-07-01T12:25:10.974+0000] {processor.py:183} INFO - Processing /home/airflow/.local/lib/python3.8/site-packages/airflow/example_dags/example_branch_day_of_week_operator.py took 0.226 seconds
[2026-07-01T12:25:41.508+0000] {processor.py:161} INFO - Started process (PID=1917) to work on /home/airflow/.local/lib/python3.8/site-packages/airflow/example_dags/example_branch_day_of_week_operator.py
[2026-07-01T12:25:41.512+0000] {processor.py:830} INFO - Processing file /home/airflow/.local/lib/python3.8/site-packages/airflow/example_dags/example_branch_day_of_week_operator.py for tasks to queue
[2026-07-01T12:25:41.519+0000] {logging_mixin.py:188} INFO - [2026-07-01T12:25:41.518+0000] {dagbag.py:538} INFO - Filling up the DagBag from /home/airflow/.local/lib/python3.8/site-packages/airflow/example_dags/example_branch_day_of_week_operator.py
[2026-07-01T12:25:41.541+0000] {processor.py:840} INFO - DAG(s) 'example_weekday_branch_operator' retrieved from /home/airflow/.local/lib/python3.8/site-packages/airflow/example_dags/example_branch_day_of_week_operator.py
[2026-07-01T12:25:41.599+0000] {logging_mixin.py:188} INFO - [2026-07-01T12:25:41.598+0000] {dag.py:3036} INFO - Sync 1 DAGs
[2026-07-01T12:25:41.655+0000] {logging_mixin.py:188} INFO - [2026-07-01T12:25:41.655+0000] {dag.py:3823} INFO - Setting next_dagrun for example_weekday_branch_operator to 2026-06-30 00:00:00+00:00, run_after=2026-07-01 00:00:00+00:00
[2026-07-01T12:25:41.699+0000] {processor.py:183} INFO - Processing /home/airflow/.local/lib/python3.8/site-packages/airflow/example_dags/example_branch_day_of_week_operator.py took 0.199 seconds
[2026-07-01T12:26:12.487+0000] {processor.py:161} INFO - Started process (PID=1973) to work on /home/airflow/.local/lib/python3.8/site-packages/airflow/example_dags/example_branch_day_of_week_operator.py
[2026-07-01T12:26:12.491+0000] {processor.py:830} INFO - Processing file /home/airflow/.local/lib/python3.8/site-packages/airflow/example_dags/example_branch_day_of_week_operator.py for tasks to queue
[2026-07-01T12:26:12.500+0000] {logging_mixin.py:188} INFO - [2026-07-01T12:26:12.499+0000] {dagbag.py:538} INFO - Filling up the DagBag from /home/airflow/.local/lib/python3.8/site-packages/airflow/example_dags/example_branch_day_of_week_operator.py
[2026-07-01T12:26:12.546+0000] {processor.py:840} INFO - DAG(s) 'example_weekday_branch_operator' retrieved from /home/airflow/.local/lib/python3.8/site-packages/airflow/example_dags/example_branch_day_of_week_operator.py
[2026-07-01T12:26:12.666+0000] {logging_mixin.py:188} INFO - [2026-07-01T12:26:12.665+0000] {dag.py:3036} INFO - Sync 1 DAGs
[2026-07-01T12:26:12.732+0000] {logging_mixin.py:188} INFO - [2026-07-01T12:26:12.732+0000] {dag.py:3823} INFO - Setting next_dagrun for example_weekday_branch_operator to 2026-06-30 00:00:00+00:00, run_after=2026-07-01 00:00:00+00:00
[2026-07-01T12:26:12.791+0000] {processor.py:183} INFO - Processing /home/airflow/.local/lib/python3.8/site-packages/airflow/example_dags/example_branch_day_of_week_operator.py took 0.315 seconds
[2026-07-01T12:26:42.950+0000] {processor.py:161} INFO - Started process (PID=2027) to work on /home/airflow/.local/lib/python3.8/site-packages/airflow/example_dags/example_branch_day_of_week_operator.py
[2026-07-01T12:26:42.954+0000] {processor.py:830} INFO - Processing file /home/airflow/.local/lib/python3.8/site-packages/airflow/example_dags/example_branch_day_of_week_operator.py for tasks to queue
[2026-07-01T12:26:42.962+0000] {logging_mixin.py:188} INFO - [2026-07-01T12:26:42.961+0000] {dagbag.py:538} INFO - Filling up the DagBag from /home/airflow/.local/lib/python3.8/site-packages/airflow/example_dags/example_branch_day_of_week_operator.py
[2026-07-01T12:26:42.986+0000] {processor.py:840} INFO - DAG(s) 'example_weekday_branch_operator' retrieved from /home/airflow/.local/lib/python3.8/site-packages/airflow/example_dags/example_branch_day_of_week_operator.py
[2026-07-01T12:26:43.050+0000] {logging_mixin.py:188} INFO - [2026-07-01T12:26:43.050+0000] {dag.py:3036} INFO - Sync 1 DAGs
[2026-07-01T12:26:43.114+0000] {logging_mixin.py:188} INFO - [2026-07-01T12:26:43.113+0000] {dag.py:3823} INFO - Setting next_dagrun for example_weekday_branch_operator to 2026-06-30 00:00:00+00:00, run_after=2026-07-01 00:00:00+00:00
[2026-07-01T12:26:43.174+0000] {processor.py:183} INFO - Processing /home/airflow/.local/lib/python3.8/site-packages/airflow/example_dags/example_branch_day_of_week_operator.py took 0.236 seconds
[2026-07-01T12:27:13.682+0000] {processor.py:161} INFO - Started process (PID=2083) to work on /home/airflow/.local/lib/python3.8/site-packages/airflow/example_dags/example_branch_day_of_week_operator.py
[2026-07-01T12:27:13.685+0000] {processor.py:830} INFO - Processing file /home/airflow/.local/lib/python3.8/site-packages/airflow/example_dags/example_branch_day_of_week_operator.py for tasks to queue
[2026-07-01T12:27:13.692+0000] {logging_mixin.py:188} INFO - [2026-07-01T12:27:13.691+0000] {dagbag.py:538} INFO - Filling up the DagBag from /home/airflow/.local/lib/python3.8/site-packages/airflow/example_dags/example_branch_day_of_week_operator.py
[2026-07-01T12:27:13.713+0000] {processor.py:840} INFO - DAG(s) 'example_weekday_branch_operator' retrieved from /home/airflow/.local/lib/python3.8/site-packages/airflow/example_dags/example_branch_day_of_week_operator.py
[2026-07-01T12:27:13.766+0000] {logging_mixin.py:188} INFO - [2026-07-01T12:27:13.766+0000] {dag.py:3036} INFO - Sync 1 DAGs
[2026-07-01T12:27:13.829+0000] {logging_mixin.py:188} INFO - [2026-07-01T12:27:13.829+0000] {dag.py:3823} INFO - Setting next_dagrun for example_weekday_branch_operator to 2026-06-30 00:00:00+00:00, run_after=2026-07-01 00:00:00+00:00
[2026-07-01T12:27:13.883+0000] {processor.py:183} INFO - Processing /home/airflow/.local/lib/python3.8/site-packages/airflow/example_dags/example_branch_day_of_week_operator.py took 0.212 seconds
[2026-07-01T12:27:44.265+0000] {processor.py:161} INFO - Started process (PID=2139) to work on /home/airflow/.local/lib/python3.8/site-packages/airflow/example_dags/example_branch_day_of_week_operator.py
[2026-07-01T12:27:44.269+0000] {processor.py:830} INFO - Processing file /home/airflow/.local/lib/python3.8/site-packages/airflow/example_dags/example_branch_day_of_week_operator.py for tasks to queue
[2026-07-01T12:27:44.278+0000] {logging_mixin.py:188} INFO - [2026-07-01T12:27:44.277+0000] {dagbag.py:538} INFO - Filling up the DagBag from /home/airflow/.local/lib/python3.8/site-packages/airflow/example_dags/example_branch_day_of_week_operator.py
[2026-07-01T12:27:44.348+0000] {processor.py:840} INFO - DAG(s) 'example_weekday_branch_operator' retrieved from /home/airflow/.local/lib/python3.8/site-packages/airflow/example_dags/example_branch_day_of_week_operator.py
[2026-07-01T12:27:44.514+0000] {logging_mixin.py:188} INFO - [2026-07-01T12:27:44.513+0000] {dag.py:3036} INFO - Sync 1 DAGs
[2026-07-01T12:27:44.663+0000] {logging_mixin.py:188} INFO - [2026-07-01T12:27:44.662+0000] {dag.py:3823} INFO - Setting next_dagrun for example_weekday_branch_operator to 2026-06-30 00:00:00+00:00, run_after=2026-07-01 00:00:00+00:00
[2026-07-01T12:27:44.750+0000] {processor.py:183} INFO - Processing /home/airflow/.local/lib/python3.8/site-packages/airflow/example_dags/example_branch_day_of_week_operator.py took 0.502 seconds
[2026-07-01T12:28:15.140+0000] {processor.py:161} INFO - Started process (PID=2195) to work on /home/airflow/.local/lib/python3.8/site-packages/airflow/example_dags/example_branch_day_of_week_operator.py
[2026-07-01T12:28:15.143+0000] {processor.py:830} INFO - Processing file /home/airflow/.local/lib/python3.8/site-packages/airflow/example_dags/example_branch_day_of_week_operator.py for tasks to queue
[2026-07-01T12:28:15.149+0000] {logging_mixin.py:188} INFO - [2026-07-01T12:28:15.148+0000] {dagbag.py:538} INFO - Filling up the DagBag from /home/airflow/.local/lib/python3.8/site-packages/airflow/example_dags/example_branch_day_of_week_operator.py
[2026-07-01T12:28:15.171+0000] {processor.py:840} INFO - DAG(s) 'example_weekday_branch_operator' retrieved from /home/airflow/.local/lib/python3.8/site-packages/airflow/example_dags/example_branch_day_of_week_operator.py
[2026-07-01T12:28:15.229+0000] {logging_mixin.py:188} INFO - [2026-07-01T12:28:15.228+0000] {dag.py:3036} INFO - Sync 1 DAGs
[2026-07-01T12:28:15.283+0000] {logging_mixin.py:188} INFO - [2026-07-01T12:28:15.283+0000] {dag.py:3823} INFO - Setting next_dagrun for example_weekday_branch_operator to 2026-06-30 00:00:00+00:00, run_after=2026-07-01 00:00:00+00:00
[2026-07-01T12:28:15.323+0000] {processor.py:183} INFO - Processing /home/airflow/.local/lib/python3.8/site-packages/airflow/example_dags/example_branch_day_of_week_operator.py took 0.193 seconds
[2026-07-01T12:28:45.720+0000] {processor.py:161} INFO - Started process (PID=2252) to work on /home/airflow/.local/lib/python3.8/site-packages/airflow/example_dags/example_branch_day_of_week_operator.py
[2026-07-01T12:28:45.723+0000] {processor.py:830} INFO - Processing file /home/airflow/.local/lib/python3.8/site-packages/airflow/example_dags/example_branch_day_of_week_operator.py for tasks to queue
[2026-07-01T12:28:45.729+0000] {logging_mixin.py:188} INFO - [2026-07-01T12:28:45.728+0000] {dagbag.py:538} INFO - Filling up the DagBag from /home/airflow/.local/lib/python3.8/site-packages/airflow/example_dags/example_branch_day_of_week_operator.py
[2026-07-01T12:28:45.750+0000] {processor.py:840} INFO - DAG(s) 'example_weekday_branch_operator' retrieved from /home/airflow/.local/lib/python3.8/site-packages/airflow/example_dags/example_branch_day_of_week_operator.py
[2026-07-01T12:28:45.804+0000] {logging_mixin.py:188} INFO - [2026-07-01T12:28:45.804+0000] {dag.py:3036} INFO - Sync 1 DAGs
[2026-07-01T12:28:45.861+0000] {logging_mixin.py:188} INFO - [2026-07-01T12:28:45.860+0000] {dag.py:3823} INFO - Setting next_dagrun for example_weekday_branch_operator to 2026-06-30 00:00:00+00:00, run_after=2026-07-01 00:00:00+00:00
[2026-07-01T12:28:45.904+0000] {processor.py:183} INFO - Processing /home/airflow/.local/lib/python3.8/site-packages/airflow/example_dags/example_branch_day_of_week_operator.py took 0.193 seconds
[2026-07-01T12:29:16.135+0000] {processor.py:161} INFO - Started process (PID=2309) to work on /home/airflow/.local/lib/python3.8/site-packages/airflow/example_dags/example_branch_day_of_week_operator.py
[2026-07-01T12:29:16.139+0000] {processor.py:830} INFO - Processing file /home/airflow/.local/lib/python3.8/site-packages/airflow/example_dags/example_branch_day_of_week_operator.py for tasks to queue
[2026-07-01T12:29:16.144+0000] {logging_mixin.py:188} INFO - [2026-07-01T12:29:16.143+0000] {dagbag.py:538} INFO - Filling up the DagBag from /home/airflow/.local/lib/python3.8/site-packages/airflow/example_dags/example_branch_day_of_week_operator.py
[2026-07-01T12:29:16.165+0000] {processor.py:840} INFO - DAG(s) 'example_weekday_branch_operator' retrieved from /home/airflow/.local/lib/python3.8/site-packages/airflow/example_dags/example_branch_day_of_week_operator.py
[2026-07-01T12:29:16.215+0000] {logging_mixin.py:188} INFO - [2026-07-01T12:29:16.214+0000] {dag.py:3036} INFO - Sync 1 DAGs
[2026-07-01T12:29:16.265+0000] {logging_mixin.py:188} INFO - [2026-07-01T12:29:16.265+0000] {dag.py:3823} INFO - Setting next_dagrun for example_weekday_branch_operator to 2026-06-30 00:00:00+00:00, run_after=2026-07-01 00:00:00+00:00
[2026-07-01T12:29:16.304+0000] {processor.py:183} INFO - Processing /home/airflow/.local/lib/python3.8/site-packages/airflow/example_dags/example_branch_day_of_week_operator.py took 0.177 seconds
