[2026-07-01T11:57:50.758+0000] {processor.py:161} INFO - Started process (PID=90) to work on /home/airflow/.local/lib/python3.8/site-packages/airflow/example_dags/example_trigger_target_dag.py
[2026-07-01T11:57:50.775+0000] {processor.py:830} INFO - Processing file /home/airflow/.local/lib/python3.8/site-packages/airflow/example_dags/example_trigger_target_dag.py for tasks to queue
[2026-07-01T11:57:50.829+0000] {logging_mixin.py:188} INFO - [2026-07-01T11:57:50.827+0000] {dagbag.py:538} INFO - Filling up the DagBag from /home/airflow/.local/lib/python3.8/site-packages/airflow/example_dags/example_trigger_target_dag.py
[2026-07-01T11:57:50.986+0000] {processor.py:840} INFO - DAG(s) 'example_trigger_target_dag' retrieved from /home/airflow/.local/lib/python3.8/site-packages/airflow/example_dags/example_trigger_target_dag.py
[2026-07-01T11:57:53.349+0000] {logging_mixin.py:188} INFO - [2026-07-01T11:57:53.348+0000] {dag.py:3036} INFO - Sync 1 DAGs
[2026-07-01T11:57:53.861+0000] {logging_mixin.py:188} INFO - [2026-07-01T11:57:53.861+0000] {dag.py:3823} INFO - Setting next_dagrun for example_trigger_target_dag to None, run_after=None
[2026-07-01T11:57:54.387+0000] {processor.py:183} INFO - Processing /home/airflow/.local/lib/python3.8/site-packages/airflow/example_dags/example_trigger_target_dag.py took 3.711 seconds
[2026-07-01T11:58:47.675+0000] {processor.py:161} INFO - Started process (PID=145) to work on /home/airflow/.local/lib/python3.8/site-packages/airflow/example_dags/example_trigger_target_dag.py
[2026-07-01T11:58:47.683+0000] {processor.py:830} INFO - Processing file /home/airflow/.local/lib/python3.8/site-packages/airflow/example_dags/example_trigger_target_dag.py for tasks to queue
[2026-07-01T11:58:47.695+0000] {logging_mixin.py:188} INFO - [2026-07-01T11:58:47.694+0000] {dagbag.py:538} INFO - Filling up the DagBag from /home/airflow/.local/lib/python3.8/site-packages/airflow/example_dags/example_trigger_target_dag.py
[2026-07-01T11:58:47.745+0000] {processor.py:840} INFO - DAG(s) 'example_trigger_target_dag' retrieved from /home/airflow/.local/lib/python3.8/site-packages/airflow/example_dags/example_trigger_target_dag.py
[2026-07-01T11:58:47.840+0000] {logging_mixin.py:188} INFO - [2026-07-01T11:58:47.840+0000] {dag.py:3036} INFO - Sync 1 DAGs
[2026-07-01T11:58:47.906+0000] {logging_mixin.py:188} INFO - [2026-07-01T11:58:47.905+0000] {dag.py:3823} INFO - Setting next_dagrun for example_trigger_target_dag to None, run_after=None
[2026-07-01T11:58:47.983+0000] {processor.py:183} INFO - Processing /home/airflow/.local/lib/python3.8/site-packages/airflow/example_dags/example_trigger_target_dag.py took 0.325 seconds
[2026-07-01T11:59:18.329+0000] {processor.py:161} INFO - Started process (PID=198) to work on /home/airflow/.local/lib/python3.8/site-packages/airflow/example_dags/example_trigger_target_dag.py
[2026-07-01T11:59:18.333+0000] {processor.py:830} INFO - Processing file /home/airflow/.local/lib/python3.8/site-packages/airflow/example_dags/example_trigger_target_dag.py for tasks to queue
[2026-07-01T11:59:18.339+0000] {logging_mixin.py:188} INFO - [2026-07-01T11:59:18.338+0000] {dagbag.py:538} INFO - Filling up the DagBag from /home/airflow/.local/lib/python3.8/site-packages/airflow/example_dags/example_trigger_target_dag.py
[2026-07-01T11:59:18.355+0000] {processor.py:840} INFO - DAG(s) 'example_trigger_target_dag' retrieved from /home/airflow/.local/lib/python3.8/site-packages/airflow/example_dags/example_trigger_target_dag.py
[2026-07-01T11:59:18.412+0000] {logging_mixin.py:188} INFO - [2026-07-01T11:59:18.411+0000] {dag.py:3036} INFO - Sync 1 DAGs
[2026-07-01T11:59:18.450+0000] {logging_mixin.py:188} INFO - [2026-07-01T11:59:18.449+0000] {dag.py:3823} INFO - Setting next_dagrun for example_trigger_target_dag to None, run_after=None
[2026-07-01T11:59:18.506+0000] {processor.py:183} INFO - Processing /home/airflow/.local/lib/python3.8/site-packages/airflow/example_dags/example_trigger_target_dag.py took 0.184 seconds
[2026-07-01T11:59:48.625+0000] {processor.py:161} INFO - Started process (PID=252) to work on /home/airflow/.local/lib/python3.8/site-packages/airflow/example_dags/example_trigger_target_dag.py
[2026-07-01T11:59:48.628+0000] {processor.py:830} INFO - Processing file /home/airflow/.local/lib/python3.8/site-packages/airflow/example_dags/example_trigger_target_dag.py for tasks to queue
[2026-07-01T11:59:48.634+0000] {logging_mixin.py:188} INFO - [2026-07-01T11:59:48.634+0000] {dagbag.py:538} INFO - Filling up the DagBag from /home/airflow/.local/lib/python3.8/site-packages/airflow/example_dags/example_trigger_target_dag.py
[2026-07-01T11:59:48.656+0000] {processor.py:840} INFO - DAG(s) 'example_trigger_target_dag' retrieved from /home/airflow/.local/lib/python3.8/site-packages/airflow/example_dags/example_trigger_target_dag.py
[2026-07-01T11:59:48.694+0000] {logging_mixin.py:188} INFO - [2026-07-01T11:59:48.693+0000] {dag.py:3036} INFO - Sync 1 DAGs
[2026-07-01T11:59:48.752+0000] {logging_mixin.py:188} INFO - [2026-07-01T11:59:48.751+0000] {dag.py:3823} INFO - Setting next_dagrun for example_trigger_target_dag to None, run_after=None
[2026-07-01T11:59:48.830+0000] {processor.py:183} INFO - Processing /home/airflow/.local/lib/python3.8/site-packages/airflow/example_dags/example_trigger_target_dag.py took 0.214 seconds
[2026-07-01T12:00:20.690+0000] {processor.py:161} INFO - Started process (PID=308) to work on /home/airflow/.local/lib/python3.8/site-packages/airflow/example_dags/example_trigger_target_dag.py
[2026-07-01T12:00:20.694+0000] {processor.py:830} INFO - Processing file /home/airflow/.local/lib/python3.8/site-packages/airflow/example_dags/example_trigger_target_dag.py for tasks to queue
[2026-07-01T12:00:20.702+0000] {logging_mixin.py:188} INFO - [2026-07-01T12:00:20.701+0000] {dagbag.py:538} INFO - Filling up the DagBag from /home/airflow/.local/lib/python3.8/site-packages/airflow/example_dags/example_trigger_target_dag.py
[2026-07-01T12:00:20.726+0000] {processor.py:840} INFO - DAG(s) 'example_trigger_target_dag' retrieved from /home/airflow/.local/lib/python3.8/site-packages/airflow/example_dags/example_trigger_target_dag.py
[2026-07-01T12:00:21.046+0000] {logging_mixin.py:188} INFO - [2026-07-01T12:00:21.046+0000] {dag.py:3036} INFO - Sync 1 DAGs
[2026-07-01T12:00:21.083+0000] {logging_mixin.py:188} INFO - [2026-07-01T12:00:21.083+0000] {dag.py:3823} INFO - Setting next_dagrun for example_trigger_target_dag to None, run_after=None
[2026-07-01T12:00:21.152+0000] {processor.py:183} INFO - Processing /home/airflow/.local/lib/python3.8/site-packages/airflow/example_dags/example_trigger_target_dag.py took 0.474 seconds
[2026-07-01T12:00:51.718+0000] {processor.py:161} INFO - Started process (PID=363) to work on /home/airflow/.local/lib/python3.8/site-packages/airflow/example_dags/example_trigger_target_dag.py
[2026-07-01T12:00:51.725+0000] {processor.py:830} INFO - Processing file /home/airflow/.local/lib/python3.8/site-packages/airflow/example_dags/example_trigger_target_dag.py for tasks to queue
[2026-07-01T12:00:51.731+0000] {logging_mixin.py:188} INFO - [2026-07-01T12:00:51.730+0000] {dagbag.py:538} INFO - Filling up the DagBag from /home/airflow/.local/lib/python3.8/site-packages/airflow/example_dags/example_trigger_target_dag.py
[2026-07-01T12:00:51.750+0000] {processor.py:840} INFO - DAG(s) 'example_trigger_target_dag' retrieved from /home/airflow/.local/lib/python3.8/site-packages/airflow/example_dags/example_trigger_target_dag.py
[2026-07-01T12:00:51.833+0000] {logging_mixin.py:188} INFO - [2026-07-01T12:00:51.833+0000] {dag.py:3036} INFO - Sync 1 DAGs
[2026-07-01T12:00:51.915+0000] {logging_mixin.py:188} INFO - [2026-07-01T12:00:51.915+0000] {dag.py:3823} INFO - Setting next_dagrun for example_trigger_target_dag to None, run_after=None
[2026-07-01T12:00:52.140+0000] {processor.py:183} INFO - Processing /home/airflow/.local/lib/python3.8/site-packages/airflow/example_dags/example_trigger_target_dag.py took 0.431 seconds
[2026-07-01T12:01:22.486+0000] {processor.py:161} INFO - Started process (PID=418) to work on /home/airflow/.local/lib/python3.8/site-packages/airflow/example_dags/example_trigger_target_dag.py
[2026-07-01T12:01:22.489+0000] {processor.py:830} INFO - Processing file /home/airflow/.local/lib/python3.8/site-packages/airflow/example_dags/example_trigger_target_dag.py for tasks to queue
[2026-07-01T12:01:22.508+0000] {logging_mixin.py:188} INFO - [2026-07-01T12:01:22.507+0000] {dagbag.py:538} INFO - Filling up the DagBag from /home/airflow/.local/lib/python3.8/site-packages/airflow/example_dags/example_trigger_target_dag.py
[2026-07-01T12:01:22.548+0000] {processor.py:840} INFO - DAG(s) 'example_trigger_target_dag' retrieved from /home/airflow/.local/lib/python3.8/site-packages/airflow/example_dags/example_trigger_target_dag.py
[2026-07-01T12:01:22.630+0000] {logging_mixin.py:188} INFO - [2026-07-01T12:01:22.629+0000] {dag.py:3036} INFO - Sync 1 DAGs
[2026-07-01T12:01:22.675+0000] {logging_mixin.py:188} INFO - [2026-07-01T12:01:22.674+0000] {dag.py:3823} INFO - Setting next_dagrun for example_trigger_target_dag to None, run_after=None
[2026-07-01T12:01:22.733+0000] {processor.py:183} INFO - Processing /home/airflow/.local/lib/python3.8/site-packages/airflow/example_dags/example_trigger_target_dag.py took 0.266 seconds
[2026-07-01T12:01:53.049+0000] {processor.py:161} INFO - Started process (PID=473) to work on /home/airflow/.local/lib/python3.8/site-packages/airflow/example_dags/example_trigger_target_dag.py
[2026-07-01T12:01:53.053+0000] {processor.py:830} INFO - Processing file /home/airflow/.local/lib/python3.8/site-packages/airflow/example_dags/example_trigger_target_dag.py for tasks to queue
[2026-07-01T12:01:53.061+0000] {logging_mixin.py:188} INFO - [2026-07-01T12:01:53.060+0000] {dagbag.py:538} INFO - Filling up the DagBag from /home/airflow/.local/lib/python3.8/site-packages/airflow/example_dags/example_trigger_target_dag.py
[2026-07-01T12:01:53.083+0000] {processor.py:840} INFO - DAG(s) 'example_trigger_target_dag' retrieved from /home/airflow/.local/lib/python3.8/site-packages/airflow/example_dags/example_trigger_target_dag.py
[2026-07-01T12:01:53.149+0000] {logging_mixin.py:188} INFO - [2026-07-01T12:01:53.148+0000] {dag.py:3036} INFO - Sync 1 DAGs
[2026-07-01T12:01:53.187+0000] {logging_mixin.py:188} INFO - [2026-07-01T12:01:53.186+0000] {dag.py:3823} INFO - Setting next_dagrun for example_trigger_target_dag to None, run_after=None
[2026-07-01T12:01:53.249+0000] {processor.py:183} INFO - Processing /home/airflow/.local/lib/python3.8/site-packages/airflow/example_dags/example_trigger_target_dag.py took 0.209 seconds
[2026-07-01T12:02:24.195+0000] {processor.py:161} INFO - Started process (PID=529) to work on /home/airflow/.local/lib/python3.8/site-packages/airflow/example_dags/example_trigger_target_dag.py
[2026-07-01T12:02:24.210+0000] {processor.py:830} INFO - Processing file /home/airflow/.local/lib/python3.8/site-packages/airflow/example_dags/example_trigger_target_dag.py for tasks to queue
[2026-07-01T12:02:24.221+0000] {logging_mixin.py:188} INFO - [2026-07-01T12:02:24.219+0000] {dagbag.py:538} INFO - Filling up the DagBag from /home/airflow/.local/lib/python3.8/site-packages/airflow/example_dags/example_trigger_target_dag.py
[2026-07-01T12:02:24.262+0000] {processor.py:840} INFO - DAG(s) 'example_trigger_target_dag' retrieved from /home/airflow/.local/lib/python3.8/site-packages/airflow/example_dags/example_trigger_target_dag.py
[2026-07-01T12:02:24.347+0000] {logging_mixin.py:188} INFO - [2026-07-01T12:02:24.347+0000] {dag.py:3036} INFO - Sync 1 DAGs
[2026-07-01T12:02:24.422+0000] {logging_mixin.py:188} INFO - [2026-07-01T12:02:24.421+0000] {dag.py:3823} INFO - Setting next_dagrun for example_trigger_target_dag to None, run_after=None
[2026-07-01T12:02:24.502+0000] {processor.py:183} INFO - Processing /home/airflow/.local/lib/python3.8/site-packages/airflow/example_dags/example_trigger_target_dag.py took 0.323 seconds
[2026-07-01T12:02:54.793+0000] {processor.py:161} INFO - Started process (PID=585) to work on /home/airflow/.local/lib/python3.8/site-packages/airflow/example_dags/example_trigger_target_dag.py
[2026-07-01T12:02:54.800+0000] {processor.py:830} INFO - Processing file /home/airflow/.local/lib/python3.8/site-packages/airflow/example_dags/example_trigger_target_dag.py for tasks to queue
[2026-07-01T12:02:54.815+0000] {logging_mixin.py:188} INFO - [2026-07-01T12:02:54.814+0000] {dagbag.py:538} INFO - Filling up the DagBag from /home/airflow/.local/lib/python3.8/site-packages/airflow/example_dags/example_trigger_target_dag.py
[2026-07-01T12:02:54.842+0000] {processor.py:840} INFO - DAG(s) 'example_trigger_target_dag' retrieved from /home/airflow/.local/lib/python3.8/site-packages/airflow/example_dags/example_trigger_target_dag.py
[2026-07-01T12:02:54.919+0000] {logging_mixin.py:188} INFO - [2026-07-01T12:02:54.918+0000] {dag.py:3036} INFO - Sync 1 DAGs
[2026-07-01T12:02:54.958+0000] {logging_mixin.py:188} INFO - [2026-07-01T12:02:54.957+0000] {dag.py:3823} INFO - Setting next_dagrun for example_trigger_target_dag to None, run_after=None
[2026-07-01T12:02:55.046+0000] {processor.py:183} INFO - Processing /home/airflow/.local/lib/python3.8/site-packages/airflow/example_dags/example_trigger_target_dag.py took 0.271 seconds
[2026-07-01T12:03:25.825+0000] {processor.py:161} INFO - Started process (PID=640) to work on /home/airflow/.local/lib/python3.8/site-packages/airflow/example_dags/example_trigger_target_dag.py
[2026-07-01T12:03:25.828+0000] {processor.py:830} INFO - Processing file /home/airflow/.local/lib/python3.8/site-packages/airflow/example_dags/example_trigger_target_dag.py for tasks to queue
[2026-07-01T12:03:25.833+0000] {logging_mixin.py:188} INFO - [2026-07-01T12:03:25.832+0000] {dagbag.py:538} INFO - Filling up the DagBag from /home/airflow/.local/lib/python3.8/site-packages/airflow/example_dags/example_trigger_target_dag.py
[2026-07-01T12:03:25.848+0000] {processor.py:840} INFO - DAG(s) 'example_trigger_target_dag' retrieved from /home/airflow/.local/lib/python3.8/site-packages/airflow/example_dags/example_trigger_target_dag.py
[2026-07-01T12:03:25.897+0000] {logging_mixin.py:188} INFO - [2026-07-01T12:03:25.896+0000] {dag.py:3036} INFO - Sync 1 DAGs
[2026-07-01T12:03:25.930+0000] {logging_mixin.py:188} INFO - [2026-07-01T12:03:25.929+0000] {dag.py:3823} INFO - Setting next_dagrun for example_trigger_target_dag to None, run_after=None
[2026-07-01T12:03:25.975+0000] {processor.py:183} INFO - Processing /home/airflow/.local/lib/python3.8/site-packages/airflow/example_dags/example_trigger_target_dag.py took 0.159 seconds
[2026-07-01T12:03:56.526+0000] {processor.py:161} INFO - Started process (PID=696) to work on /home/airflow/.local/lib/python3.8/site-packages/airflow/example_dags/example_trigger_target_dag.py
[2026-07-01T12:03:56.531+0000] {processor.py:830} INFO - Processing file /home/airflow/.local/lib/python3.8/site-packages/airflow/example_dags/example_trigger_target_dag.py for tasks to queue
[2026-07-01T12:03:56.540+0000] {logging_mixin.py:188} INFO - [2026-07-01T12:03:56.538+0000] {dagbag.py:538} INFO - Filling up the DagBag from /home/airflow/.local/lib/python3.8/site-packages/airflow/example_dags/example_trigger_target_dag.py
[2026-07-01T12:03:56.563+0000] {processor.py:840} INFO - DAG(s) 'example_trigger_target_dag' retrieved from /home/airflow/.local/lib/python3.8/site-packages/airflow/example_dags/example_trigger_target_dag.py
[2026-07-01T12:03:56.627+0000] {logging_mixin.py:188} INFO - [2026-07-01T12:03:56.626+0000] {dag.py:3036} INFO - Sync 1 DAGs
[2026-07-01T12:03:56.680+0000] {logging_mixin.py:188} INFO - [2026-07-01T12:03:56.680+0000] {dag.py:3823} INFO - Setting next_dagrun for example_trigger_target_dag to None, run_after=None
[2026-07-01T12:03:56.738+0000] {processor.py:183} INFO - Processing /home/airflow/.local/lib/python3.8/site-packages/airflow/example_dags/example_trigger_target_dag.py took 0.226 seconds
[2026-07-01T12:04:26.930+0000] {processor.py:161} INFO - Started process (PID=751) to work on /home/airflow/.local/lib/python3.8/site-packages/airflow/example_dags/example_trigger_target_dag.py
[2026-07-01T12:04:26.934+0000] {processor.py:830} INFO - Processing file /home/airflow/.local/lib/python3.8/site-packages/airflow/example_dags/example_trigger_target_dag.py for tasks to queue
[2026-07-01T12:04:26.941+0000] {logging_mixin.py:188} INFO - [2026-07-01T12:04:26.940+0000] {dagbag.py:538} INFO - Filling up the DagBag from /home/airflow/.local/lib/python3.8/site-packages/airflow/example_dags/example_trigger_target_dag.py
[2026-07-01T12:04:26.963+0000] {processor.py:840} INFO - DAG(s) 'example_trigger_target_dag' retrieved from /home/airflow/.local/lib/python3.8/site-packages/airflow/example_dags/example_trigger_target_dag.py
[2026-07-01T12:04:27.022+0000] {logging_mixin.py:188} INFO - [2026-07-01T12:04:27.022+0000] {dag.py:3036} INFO - Sync 1 DAGs
[2026-07-01T12:04:27.067+0000] {logging_mixin.py:188} INFO - [2026-07-01T12:04:27.066+0000] {dag.py:3823} INFO - Setting next_dagrun for example_trigger_target_dag to None, run_after=None
[2026-07-01T12:04:27.126+0000] {processor.py:183} INFO - Processing /home/airflow/.local/lib/python3.8/site-packages/airflow/example_dags/example_trigger_target_dag.py took 0.207 seconds
[2026-07-01T12:04:57.596+0000] {processor.py:161} INFO - Started process (PID=806) to work on /home/airflow/.local/lib/python3.8/site-packages/airflow/example_dags/example_trigger_target_dag.py
[2026-07-01T12:04:57.600+0000] {processor.py:830} INFO - Processing file /home/airflow/.local/lib/python3.8/site-packages/airflow/example_dags/example_trigger_target_dag.py for tasks to queue
[2026-07-01T12:04:57.606+0000] {logging_mixin.py:188} INFO - [2026-07-01T12:04:57.605+0000] {dagbag.py:538} INFO - Filling up the DagBag from /home/airflow/.local/lib/python3.8/site-packages/airflow/example_dags/example_trigger_target_dag.py
[2026-07-01T12:04:57.622+0000] {processor.py:840} INFO - DAG(s) 'example_trigger_target_dag' retrieved from /home/airflow/.local/lib/python3.8/site-packages/airflow/example_dags/example_trigger_target_dag.py
[2026-07-01T12:04:57.669+0000] {logging_mixin.py:188} INFO - [2026-07-01T12:04:57.668+0000] {dag.py:3036} INFO - Sync 1 DAGs
[2026-07-01T12:04:57.698+0000] {logging_mixin.py:188} INFO - [2026-07-01T12:04:57.698+0000] {dag.py:3823} INFO - Setting next_dagrun for example_trigger_target_dag to None, run_after=None
[2026-07-01T12:04:57.755+0000] {processor.py:183} INFO - Processing /home/airflow/.local/lib/python3.8/site-packages/airflow/example_dags/example_trigger_target_dag.py took 0.167 seconds
[2026-07-01T12:05:28.069+0000] {processor.py:161} INFO - Started process (PID=861) to work on /home/airflow/.local/lib/python3.8/site-packages/airflow/example_dags/example_trigger_target_dag.py
[2026-07-01T12:05:28.072+0000] {processor.py:830} INFO - Processing file /home/airflow/.local/lib/python3.8/site-packages/airflow/example_dags/example_trigger_target_dag.py for tasks to queue
[2026-07-01T12:05:28.077+0000] {logging_mixin.py:188} INFO - [2026-07-01T12:05:28.077+0000] {dagbag.py:538} INFO - Filling up the DagBag from /home/airflow/.local/lib/python3.8/site-packages/airflow/example_dags/example_trigger_target_dag.py
[2026-07-01T12:05:28.093+0000] {processor.py:840} INFO - DAG(s) 'example_trigger_target_dag' retrieved from /home/airflow/.local/lib/python3.8/site-packages/airflow/example_dags/example_trigger_target_dag.py
[2026-07-01T12:05:28.143+0000] {logging_mixin.py:188} INFO - [2026-07-01T12:05:28.143+0000] {dag.py:3036} INFO - Sync 1 DAGs
[2026-07-01T12:05:28.179+0000] {logging_mixin.py:188} INFO - [2026-07-01T12:05:28.179+0000] {dag.py:3823} INFO - Setting next_dagrun for example_trigger_target_dag to None, run_after=None
[2026-07-01T12:05:28.223+0000] {processor.py:183} INFO - Processing /home/airflow/.local/lib/python3.8/site-packages/airflow/example_dags/example_trigger_target_dag.py took 0.162 seconds
[2026-07-01T12:05:58.591+0000] {processor.py:161} INFO - Started process (PID=916) to work on /home/airflow/.local/lib/python3.8/site-packages/airflow/example_dags/example_trigger_target_dag.py
[2026-07-01T12:05:58.595+0000] {processor.py:830} INFO - Processing file /home/airflow/.local/lib/python3.8/site-packages/airflow/example_dags/example_trigger_target_dag.py for tasks to queue
[2026-07-01T12:05:58.602+0000] {logging_mixin.py:188} INFO - [2026-07-01T12:05:58.601+0000] {dagbag.py:538} INFO - Filling up the DagBag from /home/airflow/.local/lib/python3.8/site-packages/airflow/example_dags/example_trigger_target_dag.py
[2026-07-01T12:05:58.622+0000] {processor.py:840} INFO - DAG(s) 'example_trigger_target_dag' retrieved from /home/airflow/.local/lib/python3.8/site-packages/airflow/example_dags/example_trigger_target_dag.py
[2026-07-01T12:05:58.691+0000] {logging_mixin.py:188} INFO - [2026-07-01T12:05:58.690+0000] {dag.py:3036} INFO - Sync 1 DAGs
[2026-07-01T12:05:58.737+0000] {logging_mixin.py:188} INFO - [2026-07-01T12:05:58.737+0000] {dag.py:3823} INFO - Setting next_dagrun for example_trigger_target_dag to None, run_after=None
[2026-07-01T12:05:58.799+0000] {processor.py:183} INFO - Processing /home/airflow/.local/lib/python3.8/site-packages/airflow/example_dags/example_trigger_target_dag.py took 0.218 seconds
[2026-07-01T12:06:29.508+0000] {processor.py:161} INFO - Started process (PID=971) to work on /home/airflow/.local/lib/python3.8/site-packages/airflow/example_dags/example_trigger_target_dag.py
[2026-07-01T12:06:29.511+0000] {processor.py:830} INFO - Processing file /home/airflow/.local/lib/python3.8/site-packages/airflow/example_dags/example_trigger_target_dag.py for tasks to queue
[2026-07-01T12:06:29.516+0000] {logging_mixin.py:188} INFO - [2026-07-01T12:06:29.516+0000] {dagbag.py:538} INFO - Filling up the DagBag from /home/airflow/.local/lib/python3.8/site-packages/airflow/example_dags/example_trigger_target_dag.py
[2026-07-01T12:06:29.535+0000] {processor.py:840} INFO - DAG(s) 'example_trigger_target_dag' retrieved from /home/airflow/.local/lib/python3.8/site-packages/airflow/example_dags/example_trigger_target_dag.py
[2026-07-01T12:06:29.596+0000] {logging_mixin.py:188} INFO - [2026-07-01T12:06:29.595+0000] {dag.py:3036} INFO - Sync 1 DAGs
[2026-07-01T12:06:29.641+0000] {logging_mixin.py:188} INFO - [2026-07-01T12:06:29.640+0000] {dag.py:3823} INFO - Setting next_dagrun for example_trigger_target_dag to None, run_after=None
[2026-07-01T12:06:29.696+0000] {processor.py:183} INFO - Processing /home/airflow/.local/lib/python3.8/site-packages/airflow/example_dags/example_trigger_target_dag.py took 0.197 seconds
[2026-07-01T12:07:00.019+0000] {processor.py:161} INFO - Started process (PID=1026) to work on /home/airflow/.local/lib/python3.8/site-packages/airflow/example_dags/example_trigger_target_dag.py
[2026-07-01T12:07:00.022+0000] {processor.py:830} INFO - Processing file /home/airflow/.local/lib/python3.8/site-packages/airflow/example_dags/example_trigger_target_dag.py for tasks to queue
[2026-07-01T12:07:00.029+0000] {logging_mixin.py:188} INFO - [2026-07-01T12:07:00.028+0000] {dagbag.py:538} INFO - Filling up the DagBag from /home/airflow/.local/lib/python3.8/site-packages/airflow/example_dags/example_trigger_target_dag.py
[2026-07-01T12:07:00.047+0000] {processor.py:840} INFO - DAG(s) 'example_trigger_target_dag' retrieved from /home/airflow/.local/lib/python3.8/site-packages/airflow/example_dags/example_trigger_target_dag.py
[2026-07-01T12:07:00.107+0000] {logging_mixin.py:188} INFO - [2026-07-01T12:07:00.107+0000] {dag.py:3036} INFO - Sync 1 DAGs
[2026-07-01T12:07:00.158+0000] {logging_mixin.py:188} INFO - [2026-07-01T12:07:00.157+0000] {dag.py:3823} INFO - Setting next_dagrun for example_trigger_target_dag to None, run_after=None
[2026-07-01T12:07:00.222+0000] {processor.py:183} INFO - Processing /home/airflow/.local/lib/python3.8/site-packages/airflow/example_dags/example_trigger_target_dag.py took 0.212 seconds
[2026-07-01T12:07:30.415+0000] {processor.py:161} INFO - Started process (PID=1081) to work on /home/airflow/.local/lib/python3.8/site-packages/airflow/example_dags/example_trigger_target_dag.py
[2026-07-01T12:07:30.419+0000] {processor.py:830} INFO - Processing file /home/airflow/.local/lib/python3.8/site-packages/airflow/example_dags/example_trigger_target_dag.py for tasks to queue
[2026-07-01T12:07:30.426+0000] {logging_mixin.py:188} INFO - [2026-07-01T12:07:30.425+0000] {dagbag.py:538} INFO - Filling up the DagBag from /home/airflow/.local/lib/python3.8/site-packages/airflow/example_dags/example_trigger_target_dag.py
[2026-07-01T12:07:30.448+0000] {processor.py:840} INFO - DAG(s) 'example_trigger_target_dag' retrieved from /home/airflow/.local/lib/python3.8/site-packages/airflow/example_dags/example_trigger_target_dag.py
[2026-07-01T12:07:30.510+0000] {logging_mixin.py:188} INFO - [2026-07-01T12:07:30.509+0000] {dag.py:3036} INFO - Sync 1 DAGs
[2026-07-01T12:07:30.550+0000] {logging_mixin.py:188} INFO - [2026-07-01T12:07:30.550+0000] {dag.py:3823} INFO - Setting next_dagrun for example_trigger_target_dag to None, run_after=None
[2026-07-01T12:07:30.605+0000] {processor.py:183} INFO - Processing /home/airflow/.local/lib/python3.8/site-packages/airflow/example_dags/example_trigger_target_dag.py took 0.201 seconds
[2026-07-01T12:08:00.955+0000] {processor.py:161} INFO - Started process (PID=1137) to work on /home/airflow/.local/lib/python3.8/site-packages/airflow/example_dags/example_trigger_target_dag.py
[2026-07-01T12:08:00.958+0000] {processor.py:830} INFO - Processing file /home/airflow/.local/lib/python3.8/site-packages/airflow/example_dags/example_trigger_target_dag.py for tasks to queue
[2026-07-01T12:08:00.964+0000] {logging_mixin.py:188} INFO - [2026-07-01T12:08:00.963+0000] {dagbag.py:538} INFO - Filling up the DagBag from /home/airflow/.local/lib/python3.8/site-packages/airflow/example_dags/example_trigger_target_dag.py
[2026-07-01T12:08:00.984+0000] {processor.py:840} INFO - DAG(s) 'example_trigger_target_dag' retrieved from /home/airflow/.local/lib/python3.8/site-packages/airflow/example_dags/example_trigger_target_dag.py
[2026-07-01T12:08:01.035+0000] {logging_mixin.py:188} INFO - [2026-07-01T12:08:01.034+0000] {dag.py:3036} INFO - Sync 1 DAGs
[2026-07-01T12:08:01.070+0000] {logging_mixin.py:188} INFO - [2026-07-01T12:08:01.069+0000] {dag.py:3823} INFO - Setting next_dagrun for example_trigger_target_dag to None, run_after=None
[2026-07-01T12:08:01.169+0000] {processor.py:183} INFO - Processing /home/airflow/.local/lib/python3.8/site-packages/airflow/example_dags/example_trigger_target_dag.py took 0.223 seconds
[2026-07-01T12:09:00.088+0000] {processor.py:161} INFO - Started process (PID=77) to work on /home/airflow/.local/lib/python3.8/site-packages/airflow/example_dags/example_trigger_target_dag.py
[2026-07-01T12:09:00.092+0000] {processor.py:830} INFO - Processing file /home/airflow/.local/lib/python3.8/site-packages/airflow/example_dags/example_trigger_target_dag.py for tasks to queue
[2026-07-01T12:09:00.097+0000] {logging_mixin.py:188} INFO - [2026-07-01T12:09:00.097+0000] {dagbag.py:538} INFO - Filling up the DagBag from /home/airflow/.local/lib/python3.8/site-packages/airflow/example_dags/example_trigger_target_dag.py
[2026-07-01T12:09:00.123+0000] {processor.py:840} INFO - DAG(s) 'example_trigger_target_dag' retrieved from /home/airflow/.local/lib/python3.8/site-packages/airflow/example_dags/example_trigger_target_dag.py
[2026-07-01T12:09:00.189+0000] {logging_mixin.py:188} INFO - [2026-07-01T12:09:00.189+0000] {dag.py:3036} INFO - Sync 1 DAGs
[2026-07-01T12:09:00.221+0000] {logging_mixin.py:188} INFO - [2026-07-01T12:09:00.220+0000] {dag.py:3823} INFO - Setting next_dagrun for example_trigger_target_dag to None, run_after=None
[2026-07-01T12:09:00.282+0000] {processor.py:183} INFO - Processing /home/airflow/.local/lib/python3.8/site-packages/airflow/example_dags/example_trigger_target_dag.py took 0.203 seconds
[2026-07-01T12:09:30.803+0000] {processor.py:161} INFO - Started process (PID=133) to work on /home/airflow/.local/lib/python3.8/site-packages/airflow/example_dags/example_trigger_target_dag.py
[2026-07-01T12:09:30.807+0000] {processor.py:830} INFO - Processing file /home/airflow/.local/lib/python3.8/site-packages/airflow/example_dags/example_trigger_target_dag.py for tasks to queue
[2026-07-01T12:09:30.815+0000] {logging_mixin.py:188} INFO - [2026-07-01T12:09:30.814+0000] {dagbag.py:538} INFO - Filling up the DagBag from /home/airflow/.local/lib/python3.8/site-packages/airflow/example_dags/example_trigger_target_dag.py
[2026-07-01T12:09:30.835+0000] {processor.py:840} INFO - DAG(s) 'example_trigger_target_dag' retrieved from /home/airflow/.local/lib/python3.8/site-packages/airflow/example_dags/example_trigger_target_dag.py
[2026-07-01T12:09:30.901+0000] {logging_mixin.py:188} INFO - [2026-07-01T12:09:30.900+0000] {dag.py:3036} INFO - Sync 1 DAGs
[2026-07-01T12:09:30.947+0000] {logging_mixin.py:188} INFO - [2026-07-01T12:09:30.945+0000] {dag.py:3823} INFO - Setting next_dagrun for example_trigger_target_dag to None, run_after=None
[2026-07-01T12:09:31.012+0000] {processor.py:183} INFO - Processing /home/airflow/.local/lib/python3.8/site-packages/airflow/example_dags/example_trigger_target_dag.py took 0.218 seconds
[2026-07-01T12:10:01.627+0000] {processor.py:161} INFO - Started process (PID=196) to work on /home/airflow/.local/lib/python3.8/site-packages/airflow/example_dags/example_trigger_target_dag.py
[2026-07-01T12:10:01.631+0000] {processor.py:830} INFO - Processing file /home/airflow/.local/lib/python3.8/site-packages/airflow/example_dags/example_trigger_target_dag.py for tasks to queue
[2026-07-01T12:10:01.637+0000] {logging_mixin.py:188} INFO - [2026-07-01T12:10:01.636+0000] {dagbag.py:538} INFO - Filling up the DagBag from /home/airflow/.local/lib/python3.8/site-packages/airflow/example_dags/example_trigger_target_dag.py
[2026-07-01T12:10:01.654+0000] {processor.py:840} INFO - DAG(s) 'example_trigger_target_dag' retrieved from /home/airflow/.local/lib/python3.8/site-packages/airflow/example_dags/example_trigger_target_dag.py
[2026-07-01T12:10:01.704+0000] {logging_mixin.py:188} INFO - [2026-07-01T12:10:01.703+0000] {dag.py:3036} INFO - Sync 1 DAGs
[2026-07-01T12:10:01.738+0000] {logging_mixin.py:188} INFO - [2026-07-01T12:10:01.737+0000] {dag.py:3823} INFO - Setting next_dagrun for example_trigger_target_dag to None, run_after=None
[2026-07-01T12:10:01.796+0000] {processor.py:183} INFO - Processing /home/airflow/.local/lib/python3.8/site-packages/airflow/example_dags/example_trigger_target_dag.py took 0.177 seconds
[2026-07-01T12:10:31.911+0000] {processor.py:161} INFO - Started process (PID=251) to work on /home/airflow/.local/lib/python3.8/site-packages/airflow/example_dags/example_trigger_target_dag.py
[2026-07-01T12:10:31.914+0000] {processor.py:830} INFO - Processing file /home/airflow/.local/lib/python3.8/site-packages/airflow/example_dags/example_trigger_target_dag.py for tasks to queue
[2026-07-01T12:10:31.919+0000] {logging_mixin.py:188} INFO - [2026-07-01T12:10:31.918+0000] {dagbag.py:538} INFO - Filling up the DagBag from /home/airflow/.local/lib/python3.8/site-packages/airflow/example_dags/example_trigger_target_dag.py
[2026-07-01T12:10:31.933+0000] {processor.py:840} INFO - DAG(s) 'example_trigger_target_dag' retrieved from /home/airflow/.local/lib/python3.8/site-packages/airflow/example_dags/example_trigger_target_dag.py
[2026-07-01T12:10:31.978+0000] {logging_mixin.py:188} INFO - [2026-07-01T12:10:31.977+0000] {dag.py:3036} INFO - Sync 1 DAGs
[2026-07-01T12:10:32.007+0000] {logging_mixin.py:188} INFO - [2026-07-01T12:10:32.007+0000] {dag.py:3823} INFO - Setting next_dagrun for example_trigger_target_dag to None, run_after=None
[2026-07-01T12:10:32.050+0000] {processor.py:183} INFO - Processing /home/airflow/.local/lib/python3.8/site-packages/airflow/example_dags/example_trigger_target_dag.py took 0.146 seconds
[2026-07-01T12:11:03.038+0000] {processor.py:161} INFO - Started process (PID=313) to work on /home/airflow/.local/lib/python3.8/site-packages/airflow/example_dags/example_trigger_target_dag.py
[2026-07-01T12:11:03.043+0000] {processor.py:830} INFO - Processing file /home/airflow/.local/lib/python3.8/site-packages/airflow/example_dags/example_trigger_target_dag.py for tasks to queue
[2026-07-01T12:11:03.049+0000] {logging_mixin.py:188} INFO - [2026-07-01T12:11:03.048+0000] {dagbag.py:538} INFO - Filling up the DagBag from /home/airflow/.local/lib/python3.8/site-packages/airflow/example_dags/example_trigger_target_dag.py
[2026-07-01T12:11:03.070+0000] {processor.py:840} INFO - DAG(s) 'example_trigger_target_dag' retrieved from /home/airflow/.local/lib/python3.8/site-packages/airflow/example_dags/example_trigger_target_dag.py
[2026-07-01T12:11:03.124+0000] {logging_mixin.py:188} INFO - [2026-07-01T12:11:03.124+0000] {dag.py:3036} INFO - Sync 1 DAGs
[2026-07-01T12:11:03.157+0000] {logging_mixin.py:188} INFO - [2026-07-01T12:11:03.156+0000] {dag.py:3823} INFO - Setting next_dagrun for example_trigger_target_dag to None, run_after=None
[2026-07-01T12:11:03.210+0000] {processor.py:183} INFO - Processing /home/airflow/.local/lib/python3.8/site-packages/airflow/example_dags/example_trigger_target_dag.py took 0.186 seconds
[2026-07-01T12:11:33.483+0000] {processor.py:161} INFO - Started process (PID=368) to work on /home/airflow/.local/lib/python3.8/site-packages/airflow/example_dags/example_trigger_target_dag.py
[2026-07-01T12:11:33.487+0000] {processor.py:830} INFO - Processing file /home/airflow/.local/lib/python3.8/site-packages/airflow/example_dags/example_trigger_target_dag.py for tasks to queue
[2026-07-01T12:11:33.493+0000] {logging_mixin.py:188} INFO - [2026-07-01T12:11:33.492+0000] {dagbag.py:538} INFO - Filling up the DagBag from /home/airflow/.local/lib/python3.8/site-packages/airflow/example_dags/example_trigger_target_dag.py
[2026-07-01T12:11:33.523+0000] {processor.py:840} INFO - DAG(s) 'example_trigger_target_dag' retrieved from /home/airflow/.local/lib/python3.8/site-packages/airflow/example_dags/example_trigger_target_dag.py
[2026-07-01T12:11:33.577+0000] {logging_mixin.py:188} INFO - [2026-07-01T12:11:33.576+0000] {dag.py:3036} INFO - Sync 1 DAGs
[2026-07-01T12:11:33.610+0000] {logging_mixin.py:188} INFO - [2026-07-01T12:11:33.609+0000] {dag.py:3823} INFO - Setting next_dagrun for example_trigger_target_dag to None, run_after=None
[2026-07-01T12:11:33.653+0000] {processor.py:183} INFO - Processing /home/airflow/.local/lib/python3.8/site-packages/airflow/example_dags/example_trigger_target_dag.py took 0.179 seconds
[2026-07-01T12:12:03.951+0000] {processor.py:161} INFO - Started process (PID=424) to work on /home/airflow/.local/lib/python3.8/site-packages/airflow/example_dags/example_trigger_target_dag.py
[2026-07-01T12:12:03.955+0000] {processor.py:830} INFO - Processing file /home/airflow/.local/lib/python3.8/site-packages/airflow/example_dags/example_trigger_target_dag.py for tasks to queue
[2026-07-01T12:12:03.961+0000] {logging_mixin.py:188} INFO - [2026-07-01T12:12:03.960+0000] {dagbag.py:538} INFO - Filling up the DagBag from /home/airflow/.local/lib/python3.8/site-packages/airflow/example_dags/example_trigger_target_dag.py
[2026-07-01T12:12:03.980+0000] {processor.py:840} INFO - DAG(s) 'example_trigger_target_dag' retrieved from /home/airflow/.local/lib/python3.8/site-packages/airflow/example_dags/example_trigger_target_dag.py
[2026-07-01T12:12:04.045+0000] {logging_mixin.py:188} INFO - [2026-07-01T12:12:04.044+0000] {dag.py:3036} INFO - Sync 1 DAGs
[2026-07-01T12:12:04.085+0000] {logging_mixin.py:188} INFO - [2026-07-01T12:12:04.084+0000] {dag.py:3823} INFO - Setting next_dagrun for example_trigger_target_dag to None, run_after=None
[2026-07-01T12:12:04.145+0000] {processor.py:183} INFO - Processing /home/airflow/.local/lib/python3.8/site-packages/airflow/example_dags/example_trigger_target_dag.py took 0.205 seconds
[2026-07-01T12:12:34.811+0000] {processor.py:161} INFO - Started process (PID=481) to work on /home/airflow/.local/lib/python3.8/site-packages/airflow/example_dags/example_trigger_target_dag.py
[2026-07-01T12:12:34.814+0000] {processor.py:830} INFO - Processing file /home/airflow/.local/lib/python3.8/site-packages/airflow/example_dags/example_trigger_target_dag.py for tasks to queue
[2026-07-01T12:12:34.823+0000] {logging_mixin.py:188} INFO - [2026-07-01T12:12:34.822+0000] {dagbag.py:538} INFO - Filling up the DagBag from /home/airflow/.local/lib/python3.8/site-packages/airflow/example_dags/example_trigger_target_dag.py
[2026-07-01T12:12:34.848+0000] {processor.py:840} INFO - DAG(s) 'example_trigger_target_dag' retrieved from /home/airflow/.local/lib/python3.8/site-packages/airflow/example_dags/example_trigger_target_dag.py
[2026-07-01T12:12:34.904+0000] {logging_mixin.py:188} INFO - [2026-07-01T12:12:34.903+0000] {dag.py:3036} INFO - Sync 1 DAGs
[2026-07-01T12:12:34.940+0000] {logging_mixin.py:188} INFO - [2026-07-01T12:12:34.939+0000] {dag.py:3823} INFO - Setting next_dagrun for example_trigger_target_dag to None, run_after=None
[2026-07-01T12:12:34.984+0000] {processor.py:183} INFO - Processing /home/airflow/.local/lib/python3.8/site-packages/airflow/example_dags/example_trigger_target_dag.py took 0.189 seconds
[2026-07-01T12:13:05.791+0000] {processor.py:161} INFO - Started process (PID=537) to work on /home/airflow/.local/lib/python3.8/site-packages/airflow/example_dags/example_trigger_target_dag.py
[2026-07-01T12:13:05.796+0000] {processor.py:830} INFO - Processing file /home/airflow/.local/lib/python3.8/site-packages/airflow/example_dags/example_trigger_target_dag.py for tasks to queue
[2026-07-01T12:13:05.802+0000] {logging_mixin.py:188} INFO - [2026-07-01T12:13:05.801+0000] {dagbag.py:538} INFO - Filling up the DagBag from /home/airflow/.local/lib/python3.8/site-packages/airflow/example_dags/example_trigger_target_dag.py
[2026-07-01T12:13:05.819+0000] {processor.py:840} INFO - DAG(s) 'example_trigger_target_dag' retrieved from /home/airflow/.local/lib/python3.8/site-packages/airflow/example_dags/example_trigger_target_dag.py
[2026-07-01T12:13:05.880+0000] {logging_mixin.py:188} INFO - [2026-07-01T12:13:05.879+0000] {dag.py:3036} INFO - Sync 1 DAGs
[2026-07-01T12:13:05.916+0000] {logging_mixin.py:188} INFO - [2026-07-01T12:13:05.915+0000] {dag.py:3823} INFO - Setting next_dagrun for example_trigger_target_dag to None, run_after=None
[2026-07-01T12:13:05.972+0000] {processor.py:183} INFO - Processing /home/airflow/.local/lib/python3.8/site-packages/airflow/example_dags/example_trigger_target_dag.py took 0.191 seconds
[2026-07-01T12:13:36.206+0000] {processor.py:161} INFO - Started process (PID=593) to work on /home/airflow/.local/lib/python3.8/site-packages/airflow/example_dags/example_trigger_target_dag.py
[2026-07-01T12:13:36.209+0000] {processor.py:830} INFO - Processing file /home/airflow/.local/lib/python3.8/site-packages/airflow/example_dags/example_trigger_target_dag.py for tasks to queue
[2026-07-01T12:13:36.215+0000] {logging_mixin.py:188} INFO - [2026-07-01T12:13:36.214+0000] {dagbag.py:538} INFO - Filling up the DagBag from /home/airflow/.local/lib/python3.8/site-packages/airflow/example_dags/example_trigger_target_dag.py
[2026-07-01T12:13:36.230+0000] {processor.py:840} INFO - DAG(s) 'example_trigger_target_dag' retrieved from /home/airflow/.local/lib/python3.8/site-packages/airflow/example_dags/example_trigger_target_dag.py
[2026-07-01T12:13:36.275+0000] {logging_mixin.py:188} INFO - [2026-07-01T12:13:36.275+0000] {dag.py:3036} INFO - Sync 1 DAGs
[2026-07-01T12:13:36.303+0000] {logging_mixin.py:188} INFO - [2026-07-01T12:13:36.303+0000] {dag.py:3823} INFO - Setting next_dagrun for example_trigger_target_dag to None, run_after=None
[2026-07-01T12:13:36.352+0000] {processor.py:183} INFO - Processing /home/airflow/.local/lib/python3.8/site-packages/airflow/example_dags/example_trigger_target_dag.py took 0.153 seconds
[2026-07-01T12:14:06.901+0000] {processor.py:161} INFO - Started process (PID=649) to work on /home/airflow/.local/lib/python3.8/site-packages/airflow/example_dags/example_trigger_target_dag.py
[2026-07-01T12:14:06.904+0000] {processor.py:830} INFO - Processing file /home/airflow/.local/lib/python3.8/site-packages/airflow/example_dags/example_trigger_target_dag.py for tasks to queue
[2026-07-01T12:14:06.911+0000] {logging_mixin.py:188} INFO - [2026-07-01T12:14:06.910+0000] {dagbag.py:538} INFO - Filling up the DagBag from /home/airflow/.local/lib/python3.8/site-packages/airflow/example_dags/example_trigger_target_dag.py
[2026-07-01T12:14:06.929+0000] {processor.py:840} INFO - DAG(s) 'example_trigger_target_dag' retrieved from /home/airflow/.local/lib/python3.8/site-packages/airflow/example_dags/example_trigger_target_dag.py
[2026-07-01T12:14:06.992+0000] {logging_mixin.py:188} INFO - [2026-07-01T12:14:06.991+0000] {dag.py:3036} INFO - Sync 1 DAGs
[2026-07-01T12:14:07.046+0000] {logging_mixin.py:188} INFO - [2026-07-01T12:14:07.043+0000] {dag.py:3823} INFO - Setting next_dagrun for example_trigger_target_dag to None, run_after=None
[2026-07-01T12:14:07.101+0000] {processor.py:183} INFO - Processing /home/airflow/.local/lib/python3.8/site-packages/airflow/example_dags/example_trigger_target_dag.py took 0.210 seconds
[2026-07-01T12:14:37.754+0000] {processor.py:161} INFO - Started process (PID=705) to work on /home/airflow/.local/lib/python3.8/site-packages/airflow/example_dags/example_trigger_target_dag.py
[2026-07-01T12:14:37.757+0000] {processor.py:830} INFO - Processing file /home/airflow/.local/lib/python3.8/site-packages/airflow/example_dags/example_trigger_target_dag.py for tasks to queue
[2026-07-01T12:14:37.763+0000] {logging_mixin.py:188} INFO - [2026-07-01T12:14:37.763+0000] {dagbag.py:538} INFO - Filling up the DagBag from /home/airflow/.local/lib/python3.8/site-packages/airflow/example_dags/example_trigger_target_dag.py
[2026-07-01T12:14:37.780+0000] {processor.py:840} INFO - DAG(s) 'example_trigger_target_dag' retrieved from /home/airflow/.local/lib/python3.8/site-packages/airflow/example_dags/example_trigger_target_dag.py
[2026-07-01T12:14:37.841+0000] {logging_mixin.py:188} INFO - [2026-07-01T12:14:37.840+0000] {dag.py:3036} INFO - Sync 1 DAGs
[2026-07-01T12:14:37.879+0000] {logging_mixin.py:188} INFO - [2026-07-01T12:14:37.879+0000] {dag.py:3823} INFO - Setting next_dagrun for example_trigger_target_dag to None, run_after=None
[2026-07-01T12:14:37.929+0000] {processor.py:183} INFO - Processing /home/airflow/.local/lib/python3.8/site-packages/airflow/example_dags/example_trigger_target_dag.py took 0.185 seconds
[2026-07-01T12:15:08.201+0000] {processor.py:161} INFO - Started process (PID=762) to work on /home/airflow/.local/lib/python3.8/site-packages/airflow/example_dags/example_trigger_target_dag.py
[2026-07-01T12:15:08.204+0000] {processor.py:830} INFO - Processing file /home/airflow/.local/lib/python3.8/site-packages/airflow/example_dags/example_trigger_target_dag.py for tasks to queue
[2026-07-01T12:15:08.210+0000] {logging_mixin.py:188} INFO - [2026-07-01T12:15:08.209+0000] {dagbag.py:538} INFO - Filling up the DagBag from /home/airflow/.local/lib/python3.8/site-packages/airflow/example_dags/example_trigger_target_dag.py
[2026-07-01T12:15:08.225+0000] {processor.py:840} INFO - DAG(s) 'example_trigger_target_dag' retrieved from /home/airflow/.local/lib/python3.8/site-packages/airflow/example_dags/example_trigger_target_dag.py
[2026-07-01T12:15:08.284+0000] {logging_mixin.py:188} INFO - [2026-07-01T12:15:08.284+0000] {dag.py:3036} INFO - Sync 1 DAGs
[2026-07-01T12:15:08.320+0000] {logging_mixin.py:188} INFO - [2026-07-01T12:15:08.320+0000] {dag.py:3823} INFO - Setting next_dagrun for example_trigger_target_dag to None, run_after=None
[2026-07-01T12:15:08.374+0000] {processor.py:183} INFO - Processing /home/airflow/.local/lib/python3.8/site-packages/airflow/example_dags/example_trigger_target_dag.py took 0.183 seconds
[2026-07-01T12:15:38.467+0000] {processor.py:161} INFO - Started process (PID=818) to work on /home/airflow/.local/lib/python3.8/site-packages/airflow/example_dags/example_trigger_target_dag.py
[2026-07-01T12:15:38.471+0000] {processor.py:830} INFO - Processing file /home/airflow/.local/lib/python3.8/site-packages/airflow/example_dags/example_trigger_target_dag.py for tasks to queue
[2026-07-01T12:15:38.476+0000] {logging_mixin.py:188} INFO - [2026-07-01T12:15:38.476+0000] {dagbag.py:538} INFO - Filling up the DagBag from /home/airflow/.local/lib/python3.8/site-packages/airflow/example_dags/example_trigger_target_dag.py
[2026-07-01T12:15:38.491+0000] {processor.py:840} INFO - DAG(s) 'example_trigger_target_dag' retrieved from /home/airflow/.local/lib/python3.8/site-packages/airflow/example_dags/example_trigger_target_dag.py
[2026-07-01T12:15:38.539+0000] {logging_mixin.py:188} INFO - [2026-07-01T12:15:38.538+0000] {dag.py:3036} INFO - Sync 1 DAGs
[2026-07-01T12:15:38.566+0000] {logging_mixin.py:188} INFO - [2026-07-01T12:15:38.565+0000] {dag.py:3823} INFO - Setting next_dagrun for example_trigger_target_dag to None, run_after=None
[2026-07-01T12:15:38.609+0000] {processor.py:183} INFO - Processing /home/airflow/.local/lib/python3.8/site-packages/airflow/example_dags/example_trigger_target_dag.py took 0.150 seconds
[2026-07-01T12:16:09.041+0000] {processor.py:161} INFO - Started process (PID=873) to work on /home/airflow/.local/lib/python3.8/site-packages/airflow/example_dags/example_trigger_target_dag.py
[2026-07-01T12:16:09.044+0000] {processor.py:830} INFO - Processing file /home/airflow/.local/lib/python3.8/site-packages/airflow/example_dags/example_trigger_target_dag.py for tasks to queue
[2026-07-01T12:16:09.051+0000] {logging_mixin.py:188} INFO - [2026-07-01T12:16:09.050+0000] {dagbag.py:538} INFO - Filling up the DagBag from /home/airflow/.local/lib/python3.8/site-packages/airflow/example_dags/example_trigger_target_dag.py
[2026-07-01T12:16:09.069+0000] {processor.py:840} INFO - DAG(s) 'example_trigger_target_dag' retrieved from /home/airflow/.local/lib/python3.8/site-packages/airflow/example_dags/example_trigger_target_dag.py
[2026-07-01T12:16:09.124+0000] {logging_mixin.py:188} INFO - [2026-07-01T12:16:09.123+0000] {dag.py:3036} INFO - Sync 1 DAGs
[2026-07-01T12:16:09.164+0000] {logging_mixin.py:188} INFO - [2026-07-01T12:16:09.163+0000] {dag.py:3823} INFO - Setting next_dagrun for example_trigger_target_dag to None, run_after=None
[2026-07-01T12:16:09.217+0000] {processor.py:183} INFO - Processing /home/airflow/.local/lib/python3.8/site-packages/airflow/example_dags/example_trigger_target_dag.py took 0.184 seconds
[2026-07-01T12:16:40.186+0000] {processor.py:161} INFO - Started process (PID=930) to work on /home/airflow/.local/lib/python3.8/site-packages/airflow/example_dags/example_trigger_target_dag.py
[2026-07-01T12:16:40.190+0000] {processor.py:830} INFO - Processing file /home/airflow/.local/lib/python3.8/site-packages/airflow/example_dags/example_trigger_target_dag.py for tasks to queue
[2026-07-01T12:16:40.196+0000] {logging_mixin.py:188} INFO - [2026-07-01T12:16:40.195+0000] {dagbag.py:538} INFO - Filling up the DagBag from /home/airflow/.local/lib/python3.8/site-packages/airflow/example_dags/example_trigger_target_dag.py
[2026-07-01T12:16:40.213+0000] {processor.py:840} INFO - DAG(s) 'example_trigger_target_dag' retrieved from /home/airflow/.local/lib/python3.8/site-packages/airflow/example_dags/example_trigger_target_dag.py
[2026-07-01T12:16:40.269+0000] {logging_mixin.py:188} INFO - [2026-07-01T12:16:40.268+0000] {dag.py:3036} INFO - Sync 1 DAGs
[2026-07-01T12:16:40.298+0000] {logging_mixin.py:188} INFO - [2026-07-01T12:16:40.298+0000] {dag.py:3823} INFO - Setting next_dagrun for example_trigger_target_dag to None, run_after=None
[2026-07-01T12:16:40.342+0000] {processor.py:183} INFO - Processing /home/airflow/.local/lib/python3.8/site-packages/airflow/example_dags/example_trigger_target_dag.py took 0.164 seconds
[2026-07-01T12:17:10.693+0000] {processor.py:161} INFO - Started process (PID=986) to work on /home/airflow/.local/lib/python3.8/site-packages/airflow/example_dags/example_trigger_target_dag.py
[2026-07-01T12:17:10.696+0000] {processor.py:830} INFO - Processing file /home/airflow/.local/lib/python3.8/site-packages/airflow/example_dags/example_trigger_target_dag.py for tasks to queue
[2026-07-01T12:17:10.703+0000] {logging_mixin.py:188} INFO - [2026-07-01T12:17:10.702+0000] {dagbag.py:538} INFO - Filling up the DagBag from /home/airflow/.local/lib/python3.8/site-packages/airflow/example_dags/example_trigger_target_dag.py
[2026-07-01T12:17:10.721+0000] {processor.py:840} INFO - DAG(s) 'example_trigger_target_dag' retrieved from /home/airflow/.local/lib/python3.8/site-packages/airflow/example_dags/example_trigger_target_dag.py
[2026-07-01T12:17:10.772+0000] {logging_mixin.py:188} INFO - [2026-07-01T12:17:10.772+0000] {dag.py:3036} INFO - Sync 1 DAGs
[2026-07-01T12:17:10.807+0000] {logging_mixin.py:188} INFO - [2026-07-01T12:17:10.806+0000] {dag.py:3823} INFO - Setting next_dagrun for example_trigger_target_dag to None, run_after=None
[2026-07-01T12:17:10.851+0000] {processor.py:183} INFO - Processing /home/airflow/.local/lib/python3.8/site-packages/airflow/example_dags/example_trigger_target_dag.py took 0.167 seconds
[2026-07-01T12:17:41.034+0000] {processor.py:161} INFO - Started process (PID=1042) to work on /home/airflow/.local/lib/python3.8/site-packages/airflow/example_dags/example_trigger_target_dag.py
[2026-07-01T12:17:41.037+0000] {processor.py:830} INFO - Processing file /home/airflow/.local/lib/python3.8/site-packages/airflow/example_dags/example_trigger_target_dag.py for tasks to queue
[2026-07-01T12:17:41.043+0000] {logging_mixin.py:188} INFO - [2026-07-01T12:17:41.042+0000] {dagbag.py:538} INFO - Filling up the DagBag from /home/airflow/.local/lib/python3.8/site-packages/airflow/example_dags/example_trigger_target_dag.py
[2026-07-01T12:17:41.065+0000] {processor.py:840} INFO - DAG(s) 'example_trigger_target_dag' retrieved from /home/airflow/.local/lib/python3.8/site-packages/airflow/example_dags/example_trigger_target_dag.py
[2026-07-01T12:17:41.124+0000] {logging_mixin.py:188} INFO - [2026-07-01T12:17:41.123+0000] {dag.py:3036} INFO - Sync 1 DAGs
[2026-07-01T12:17:41.161+0000] {logging_mixin.py:188} INFO - [2026-07-01T12:17:41.160+0000] {dag.py:3823} INFO - Setting next_dagrun for example_trigger_target_dag to None, run_after=None
[2026-07-01T12:17:41.209+0000] {processor.py:183} INFO - Processing /home/airflow/.local/lib/python3.8/site-packages/airflow/example_dags/example_trigger_target_dag.py took 0.184 seconds
[2026-07-01T12:18:12.657+0000] {processor.py:161} INFO - Started process (PID=1098) to work on /home/airflow/.local/lib/python3.8/site-packages/airflow/example_dags/example_trigger_target_dag.py
[2026-07-01T12:18:12.661+0000] {processor.py:830} INFO - Processing file /home/airflow/.local/lib/python3.8/site-packages/airflow/example_dags/example_trigger_target_dag.py for tasks to queue
[2026-07-01T12:18:12.667+0000] {logging_mixin.py:188} INFO - [2026-07-01T12:18:12.666+0000] {dagbag.py:538} INFO - Filling up the DagBag from /home/airflow/.local/lib/python3.8/site-packages/airflow/example_dags/example_trigger_target_dag.py
[2026-07-01T12:18:12.684+0000] {processor.py:840} INFO - DAG(s) 'example_trigger_target_dag' retrieved from /home/airflow/.local/lib/python3.8/site-packages/airflow/example_dags/example_trigger_target_dag.py
[2026-07-01T12:18:12.747+0000] {logging_mixin.py:188} INFO - [2026-07-01T12:18:12.746+0000] {dag.py:3036} INFO - Sync 1 DAGs
[2026-07-01T12:18:12.784+0000] {logging_mixin.py:188} INFO - [2026-07-01T12:18:12.784+0000] {dag.py:3823} INFO - Setting next_dagrun for example_trigger_target_dag to None, run_after=None
[2026-07-01T12:18:12.842+0000] {processor.py:183} INFO - Processing /home/airflow/.local/lib/python3.8/site-packages/airflow/example_dags/example_trigger_target_dag.py took 0.194 seconds
[2026-07-01T12:18:43.239+0000] {processor.py:161} INFO - Started process (PID=1154) to work on /home/airflow/.local/lib/python3.8/site-packages/airflow/example_dags/example_trigger_target_dag.py
[2026-07-01T12:18:43.244+0000] {processor.py:830} INFO - Processing file /home/airflow/.local/lib/python3.8/site-packages/airflow/example_dags/example_trigger_target_dag.py for tasks to queue
[2026-07-01T12:18:43.250+0000] {logging_mixin.py:188} INFO - [2026-07-01T12:18:43.249+0000] {dagbag.py:538} INFO - Filling up the DagBag from /home/airflow/.local/lib/python3.8/site-packages/airflow/example_dags/example_trigger_target_dag.py
[2026-07-01T12:18:43.269+0000] {processor.py:840} INFO - DAG(s) 'example_trigger_target_dag' retrieved from /home/airflow/.local/lib/python3.8/site-packages/airflow/example_dags/example_trigger_target_dag.py
[2026-07-01T12:18:43.330+0000] {logging_mixin.py:188} INFO - [2026-07-01T12:18:43.330+0000] {dag.py:3036} INFO - Sync 1 DAGs
[2026-07-01T12:18:43.368+0000] {logging_mixin.py:188} INFO - [2026-07-01T12:18:43.368+0000] {dag.py:3823} INFO - Setting next_dagrun for example_trigger_target_dag to None, run_after=None
[2026-07-01T12:18:43.419+0000] {processor.py:183} INFO - Processing /home/airflow/.local/lib/python3.8/site-packages/airflow/example_dags/example_trigger_target_dag.py took 0.190 seconds
[2026-07-01T12:19:13.823+0000] {processor.py:161} INFO - Started process (PID=1210) to work on /home/airflow/.local/lib/python3.8/site-packages/airflow/example_dags/example_trigger_target_dag.py
[2026-07-01T12:19:13.827+0000] {processor.py:830} INFO - Processing file /home/airflow/.local/lib/python3.8/site-packages/airflow/example_dags/example_trigger_target_dag.py for tasks to queue
[2026-07-01T12:19:13.833+0000] {logging_mixin.py:188} INFO - [2026-07-01T12:19:13.832+0000] {dagbag.py:538} INFO - Filling up the DagBag from /home/airflow/.local/lib/python3.8/site-packages/airflow/example_dags/example_trigger_target_dag.py
[2026-07-01T12:19:13.852+0000] {processor.py:840} INFO - DAG(s) 'example_trigger_target_dag' retrieved from /home/airflow/.local/lib/python3.8/site-packages/airflow/example_dags/example_trigger_target_dag.py
[2026-07-01T12:19:13.906+0000] {logging_mixin.py:188} INFO - [2026-07-01T12:19:13.906+0000] {dag.py:3036} INFO - Sync 1 DAGs
[2026-07-01T12:19:13.941+0000] {logging_mixin.py:188} INFO - [2026-07-01T12:19:13.940+0000] {dag.py:3823} INFO - Setting next_dagrun for example_trigger_target_dag to None, run_after=None
[2026-07-01T12:19:13.999+0000] {processor.py:183} INFO - Processing /home/airflow/.local/lib/python3.8/site-packages/airflow/example_dags/example_trigger_target_dag.py took 0.186 seconds
[2026-07-01T12:19:46.794+0000] {processor.py:161} INFO - Started process (PID=1266) to work on /home/airflow/.local/lib/python3.8/site-packages/airflow/example_dags/example_trigger_target_dag.py
[2026-07-01T12:19:46.812+0000] {processor.py:830} INFO - Processing file /home/airflow/.local/lib/python3.8/site-packages/airflow/example_dags/example_trigger_target_dag.py for tasks to queue
[2026-07-01T12:19:46.819+0000] {logging_mixin.py:188} INFO - [2026-07-01T12:19:46.819+0000] {dagbag.py:538} INFO - Filling up the DagBag from /home/airflow/.local/lib/python3.8/site-packages/airflow/example_dags/example_trigger_target_dag.py
[2026-07-01T12:19:46.856+0000] {processor.py:840} INFO - DAG(s) 'example_trigger_target_dag' retrieved from /home/airflow/.local/lib/python3.8/site-packages/airflow/example_dags/example_trigger_target_dag.py
[2026-07-01T12:19:46.938+0000] {logging_mixin.py:188} INFO - [2026-07-01T12:19:46.937+0000] {dag.py:3036} INFO - Sync 1 DAGs
[2026-07-01T12:19:47.045+0000] {logging_mixin.py:188} INFO - [2026-07-01T12:19:47.045+0000] {dag.py:3823} INFO - Setting next_dagrun for example_trigger_target_dag to None, run_after=None
[2026-07-01T12:19:47.169+0000] {processor.py:183} INFO - Processing /home/airflow/.local/lib/python3.8/site-packages/airflow/example_dags/example_trigger_target_dag.py took 0.391 seconds
[2026-07-01T12:20:19.606+0000] {processor.py:161} INFO - Started process (PID=1319) to work on /home/airflow/.local/lib/python3.8/site-packages/airflow/example_dags/example_trigger_target_dag.py
[2026-07-01T12:20:19.612+0000] {processor.py:830} INFO - Processing file /home/airflow/.local/lib/python3.8/site-packages/airflow/example_dags/example_trigger_target_dag.py for tasks to queue
[2026-07-01T12:20:19.618+0000] {logging_mixin.py:188} INFO - [2026-07-01T12:20:19.617+0000] {dagbag.py:538} INFO - Filling up the DagBag from /home/airflow/.local/lib/python3.8/site-packages/airflow/example_dags/example_trigger_target_dag.py
[2026-07-01T12:20:19.641+0000] {processor.py:840} INFO - DAG(s) 'example_trigger_target_dag' retrieved from /home/airflow/.local/lib/python3.8/site-packages/airflow/example_dags/example_trigger_target_dag.py
[2026-07-01T12:20:19.981+0000] {logging_mixin.py:188} INFO - [2026-07-01T12:20:19.980+0000] {dag.py:3036} INFO - Sync 1 DAGs
[2026-07-01T12:20:20.020+0000] {logging_mixin.py:188} INFO - [2026-07-01T12:20:20.019+0000] {dag.py:3823} INFO - Setting next_dagrun for example_trigger_target_dag to None, run_after=None
[2026-07-01T12:20:20.078+0000] {processor.py:183} INFO - Processing /home/airflow/.local/lib/python3.8/site-packages/airflow/example_dags/example_trigger_target_dag.py took 0.482 seconds
[2026-07-01T12:20:52.142+0000] {processor.py:161} INFO - Started process (PID=1375) to work on /home/airflow/.local/lib/python3.8/site-packages/airflow/example_dags/example_trigger_target_dag.py
[2026-07-01T12:20:52.160+0000] {processor.py:830} INFO - Processing file /home/airflow/.local/lib/python3.8/site-packages/airflow/example_dags/example_trigger_target_dag.py for tasks to queue
[2026-07-01T12:20:52.178+0000] {logging_mixin.py:188} INFO - [2026-07-01T12:20:52.177+0000] {dagbag.py:538} INFO - Filling up the DagBag from /home/airflow/.local/lib/python3.8/site-packages/airflow/example_dags/example_trigger_target_dag.py
[2026-07-01T12:20:52.213+0000] {processor.py:840} INFO - DAG(s) 'example_trigger_target_dag' retrieved from /home/airflow/.local/lib/python3.8/site-packages/airflow/example_dags/example_trigger_target_dag.py
[2026-07-01T12:20:52.352+0000] {logging_mixin.py:188} INFO - [2026-07-01T12:20:52.351+0000] {dag.py:3036} INFO - Sync 1 DAGs
[2026-07-01T12:20:52.454+0000] {logging_mixin.py:188} INFO - [2026-07-01T12:20:52.442+0000] {dag.py:3823} INFO - Setting next_dagrun for example_trigger_target_dag to None, run_after=None
[2026-07-01T12:20:52.570+0000] {processor.py:183} INFO - Processing /home/airflow/.local/lib/python3.8/site-packages/airflow/example_dags/example_trigger_target_dag.py took 0.487 seconds
[2026-07-01T12:21:23.247+0000] {processor.py:161} INFO - Started process (PID=1431) to work on /home/airflow/.local/lib/python3.8/site-packages/airflow/example_dags/example_trigger_target_dag.py
[2026-07-01T12:21:23.251+0000] {processor.py:830} INFO - Processing file /home/airflow/.local/lib/python3.8/site-packages/airflow/example_dags/example_trigger_target_dag.py for tasks to queue
[2026-07-01T12:21:23.257+0000] {logging_mixin.py:188} INFO - [2026-07-01T12:21:23.256+0000] {dagbag.py:538} INFO - Filling up the DagBag from /home/airflow/.local/lib/python3.8/site-packages/airflow/example_dags/example_trigger_target_dag.py
[2026-07-01T12:21:23.275+0000] {processor.py:840} INFO - DAG(s) 'example_trigger_target_dag' retrieved from /home/airflow/.local/lib/python3.8/site-packages/airflow/example_dags/example_trigger_target_dag.py
[2026-07-01T12:21:23.337+0000] {logging_mixin.py:188} INFO - [2026-07-01T12:21:23.337+0000] {dag.py:3036} INFO - Sync 1 DAGs
[2026-07-01T12:21:23.374+0000] {logging_mixin.py:188} INFO - [2026-07-01T12:21:23.373+0000] {dag.py:3823} INFO - Setting next_dagrun for example_trigger_target_dag to None, run_after=None
[2026-07-01T12:21:23.427+0000] {processor.py:183} INFO - Processing /home/airflow/.local/lib/python3.8/site-packages/airflow/example_dags/example_trigger_target_dag.py took 0.190 seconds
[2026-07-01T12:21:53.532+0000] {processor.py:161} INFO - Started process (PID=1486) to work on /home/airflow/.local/lib/python3.8/site-packages/airflow/example_dags/example_trigger_target_dag.py
[2026-07-01T12:21:53.535+0000] {processor.py:830} INFO - Processing file /home/airflow/.local/lib/python3.8/site-packages/airflow/example_dags/example_trigger_target_dag.py for tasks to queue
[2026-07-01T12:21:53.541+0000] {logging_mixin.py:188} INFO - [2026-07-01T12:21:53.540+0000] {dagbag.py:538} INFO - Filling up the DagBag from /home/airflow/.local/lib/python3.8/site-packages/airflow/example_dags/example_trigger_target_dag.py
[2026-07-01T12:21:53.556+0000] {processor.py:840} INFO - DAG(s) 'example_trigger_target_dag' retrieved from /home/airflow/.local/lib/python3.8/site-packages/airflow/example_dags/example_trigger_target_dag.py
[2026-07-01T12:21:53.601+0000] {logging_mixin.py:188} INFO - [2026-07-01T12:21:53.601+0000] {dag.py:3036} INFO - Sync 1 DAGs
[2026-07-01T12:21:53.630+0000] {logging_mixin.py:188} INFO - [2026-07-01T12:21:53.629+0000] {dag.py:3823} INFO - Setting next_dagrun for example_trigger_target_dag to None, run_after=None
[2026-07-01T12:21:53.668+0000] {processor.py:183} INFO - Processing /home/airflow/.local/lib/python3.8/site-packages/airflow/example_dags/example_trigger_target_dag.py took 0.144 seconds
[2026-07-01T12:22:23.869+0000] {processor.py:161} INFO - Started process (PID=1542) to work on /home/airflow/.local/lib/python3.8/site-packages/airflow/example_dags/example_trigger_target_dag.py
[2026-07-01T12:22:23.872+0000] {processor.py:830} INFO - Processing file /home/airflow/.local/lib/python3.8/site-packages/airflow/example_dags/example_trigger_target_dag.py for tasks to queue
[2026-07-01T12:22:23.877+0000] {logging_mixin.py:188} INFO - [2026-07-01T12:22:23.877+0000] {dagbag.py:538} INFO - Filling up the DagBag from /home/airflow/.local/lib/python3.8/site-packages/airflow/example_dags/example_trigger_target_dag.py
[2026-07-01T12:22:23.892+0000] {processor.py:840} INFO - DAG(s) 'example_trigger_target_dag' retrieved from /home/airflow/.local/lib/python3.8/site-packages/airflow/example_dags/example_trigger_target_dag.py
[2026-07-01T12:22:23.948+0000] {logging_mixin.py:188} INFO - [2026-07-01T12:22:23.948+0000] {dag.py:3036} INFO - Sync 1 DAGs
[2026-07-01T12:22:23.982+0000] {logging_mixin.py:188} INFO - [2026-07-01T12:22:23.981+0000] {dag.py:3823} INFO - Setting next_dagrun for example_trigger_target_dag to None, run_after=None
[2026-07-01T12:22:24.024+0000] {processor.py:183} INFO - Processing /home/airflow/.local/lib/python3.8/site-packages/airflow/example_dags/example_trigger_target_dag.py took 0.163 seconds
[2026-07-01T12:22:54.444+0000] {processor.py:161} INFO - Started process (PID=1598) to work on /home/airflow/.local/lib/python3.8/site-packages/airflow/example_dags/example_trigger_target_dag.py
[2026-07-01T12:22:54.450+0000] {processor.py:830} INFO - Processing file /home/airflow/.local/lib/python3.8/site-packages/airflow/example_dags/example_trigger_target_dag.py for tasks to queue
[2026-07-01T12:22:54.459+0000] {logging_mixin.py:188} INFO - [2026-07-01T12:22:54.458+0000] {dagbag.py:538} INFO - Filling up the DagBag from /home/airflow/.local/lib/python3.8/site-packages/airflow/example_dags/example_trigger_target_dag.py
[2026-07-01T12:22:54.489+0000] {processor.py:840} INFO - DAG(s) 'example_trigger_target_dag' retrieved from /home/airflow/.local/lib/python3.8/site-packages/airflow/example_dags/example_trigger_target_dag.py
[2026-07-01T12:22:54.560+0000] {logging_mixin.py:188} INFO - [2026-07-01T12:22:54.559+0000] {dag.py:3036} INFO - Sync 1 DAGs
[2026-07-01T12:22:54.615+0000] {logging_mixin.py:188} INFO - [2026-07-01T12:22:54.615+0000] {dag.py:3823} INFO - Setting next_dagrun for example_trigger_target_dag to None, run_after=None
[2026-07-01T12:22:54.672+0000] {processor.py:183} INFO - Processing /home/airflow/.local/lib/python3.8/site-packages/airflow/example_dags/example_trigger_target_dag.py took 0.241 seconds
[2026-07-01T12:23:25.229+0000] {processor.py:161} INFO - Started process (PID=1655) to work on /home/airflow/.local/lib/python3.8/site-packages/airflow/example_dags/example_trigger_target_dag.py
[2026-07-01T12:23:25.235+0000] {processor.py:830} INFO - Processing file /home/airflow/.local/lib/python3.8/site-packages/airflow/example_dags/example_trigger_target_dag.py for tasks to queue
[2026-07-01T12:23:25.241+0000] {logging_mixin.py:188} INFO - [2026-07-01T12:23:25.240+0000] {dagbag.py:538} INFO - Filling up the DagBag from /home/airflow/.local/lib/python3.8/site-packages/airflow/example_dags/example_trigger_target_dag.py
[2026-07-01T12:23:25.262+0000] {processor.py:840} INFO - DAG(s) 'example_trigger_target_dag' retrieved from /home/airflow/.local/lib/python3.8/site-packages/airflow/example_dags/example_trigger_target_dag.py
[2026-07-01T12:23:25.316+0000] {logging_mixin.py:188} INFO - [2026-07-01T12:23:25.316+0000] {dag.py:3036} INFO - Sync 1 DAGs
[2026-07-01T12:23:25.346+0000] {logging_mixin.py:188} INFO - [2026-07-01T12:23:25.345+0000] {dag.py:3823} INFO - Setting next_dagrun for example_trigger_target_dag to None, run_after=None
[2026-07-01T12:23:25.388+0000] {processor.py:183} INFO - Processing /home/airflow/.local/lib/python3.8/site-packages/airflow/example_dags/example_trigger_target_dag.py took 0.171 seconds
[2026-07-01T12:23:55.969+0000] {processor.py:161} INFO - Started process (PID=1711) to work on /home/airflow/.local/lib/python3.8/site-packages/airflow/example_dags/example_trigger_target_dag.py
[2026-07-01T12:23:55.984+0000] {processor.py:830} INFO - Processing file /home/airflow/.local/lib/python3.8/site-packages/airflow/example_dags/example_trigger_target_dag.py for tasks to queue
[2026-07-01T12:23:55.994+0000] {logging_mixin.py:188} INFO - [2026-07-01T12:23:55.993+0000] {dagbag.py:538} INFO - Filling up the DagBag from /home/airflow/.local/lib/python3.8/site-packages/airflow/example_dags/example_trigger_target_dag.py
[2026-07-01T12:23:56.046+0000] {processor.py:840} INFO - DAG(s) 'example_trigger_target_dag' retrieved from /home/airflow/.local/lib/python3.8/site-packages/airflow/example_dags/example_trigger_target_dag.py
[2026-07-01T12:23:56.182+0000] {logging_mixin.py:188} INFO - [2026-07-01T12:23:56.181+0000] {dag.py:3036} INFO - Sync 1 DAGs
[2026-07-01T12:23:56.241+0000] {logging_mixin.py:188} INFO - [2026-07-01T12:23:56.240+0000] {dag.py:3823} INFO - Setting next_dagrun for example_trigger_target_dag to None, run_after=None
[2026-07-01T12:23:56.352+0000] {processor.py:183} INFO - Processing /home/airflow/.local/lib/python3.8/site-packages/airflow/example_dags/example_trigger_target_dag.py took 0.405 seconds
[2026-07-01T12:24:26.736+0000] {processor.py:161} INFO - Started process (PID=1767) to work on /home/airflow/.local/lib/python3.8/site-packages/airflow/example_dags/example_trigger_target_dag.py
[2026-07-01T12:24:26.739+0000] {processor.py:830} INFO - Processing file /home/airflow/.local/lib/python3.8/site-packages/airflow/example_dags/example_trigger_target_dag.py for tasks to queue
[2026-07-01T12:24:26.744+0000] {logging_mixin.py:188} INFO - [2026-07-01T12:24:26.743+0000] {dagbag.py:538} INFO - Filling up the DagBag from /home/airflow/.local/lib/python3.8/site-packages/airflow/example_dags/example_trigger_target_dag.py
[2026-07-01T12:24:26.759+0000] {processor.py:840} INFO - DAG(s) 'example_trigger_target_dag' retrieved from /home/airflow/.local/lib/python3.8/site-packages/airflow/example_dags/example_trigger_target_dag.py
[2026-07-01T12:24:26.816+0000] {logging_mixin.py:188} INFO - [2026-07-01T12:24:26.815+0000] {dag.py:3036} INFO - Sync 1 DAGs
[2026-07-01T12:24:26.872+0000] {logging_mixin.py:188} INFO - [2026-07-01T12:24:26.870+0000] {dag.py:3823} INFO - Setting next_dagrun for example_trigger_target_dag to None, run_after=None
[2026-07-01T12:24:26.981+0000] {processor.py:183} INFO - Processing /home/airflow/.local/lib/python3.8/site-packages/airflow/example_dags/example_trigger_target_dag.py took 0.253 seconds
[2026-07-01T12:24:57.071+0000] {processor.py:161} INFO - Started process (PID=1822) to work on /home/airflow/.local/lib/python3.8/site-packages/airflow/example_dags/example_trigger_target_dag.py
[2026-07-01T12:24:57.074+0000] {processor.py:830} INFO - Processing file /home/airflow/.local/lib/python3.8/site-packages/airflow/example_dags/example_trigger_target_dag.py for tasks to queue
[2026-07-01T12:24:57.080+0000] {logging_mixin.py:188} INFO - [2026-07-01T12:24:57.079+0000] {dagbag.py:538} INFO - Filling up the DagBag from /home/airflow/.local/lib/python3.8/site-packages/airflow/example_dags/example_trigger_target_dag.py
[2026-07-01T12:24:57.095+0000] {processor.py:840} INFO - DAG(s) 'example_trigger_target_dag' retrieved from /home/airflow/.local/lib/python3.8/site-packages/airflow/example_dags/example_trigger_target_dag.py
[2026-07-01T12:24:57.142+0000] {logging_mixin.py:188} INFO - [2026-07-01T12:24:57.141+0000] {dag.py:3036} INFO - Sync 1 DAGs
[2026-07-01T12:24:57.171+0000] {logging_mixin.py:188} INFO - [2026-07-01T12:24:57.170+0000] {dag.py:3823} INFO - Setting next_dagrun for example_trigger_target_dag to None, run_after=None
[2026-07-01T12:24:57.210+0000] {processor.py:183} INFO - Processing /home/airflow/.local/lib/python3.8/site-packages/airflow/example_dags/example_trigger_target_dag.py took 0.150 seconds
[2026-07-01T12:25:27.741+0000] {processor.py:161} INFO - Started process (PID=1878) to work on /home/airflow/.local/lib/python3.8/site-packages/airflow/example_dags/example_trigger_target_dag.py
[2026-07-01T12:25:27.744+0000] {processor.py:830} INFO - Processing file /home/airflow/.local/lib/python3.8/site-packages/airflow/example_dags/example_trigger_target_dag.py for tasks to queue
[2026-07-01T12:25:27.749+0000] {logging_mixin.py:188} INFO - [2026-07-01T12:25:27.749+0000] {dagbag.py:538} INFO - Filling up the DagBag from /home/airflow/.local/lib/python3.8/site-packages/airflow/example_dags/example_trigger_target_dag.py
[2026-07-01T12:25:27.764+0000] {processor.py:840} INFO - DAG(s) 'example_trigger_target_dag' retrieved from /home/airflow/.local/lib/python3.8/site-packages/airflow/example_dags/example_trigger_target_dag.py
[2026-07-01T12:25:27.809+0000] {logging_mixin.py:188} INFO - [2026-07-01T12:25:27.808+0000] {dag.py:3036} INFO - Sync 1 DAGs
[2026-07-01T12:25:27.838+0000] {logging_mixin.py:188} INFO - [2026-07-01T12:25:27.838+0000] {dag.py:3823} INFO - Setting next_dagrun for example_trigger_target_dag to None, run_after=None
[2026-07-01T12:25:27.886+0000] {processor.py:183} INFO - Processing /home/airflow/.local/lib/python3.8/site-packages/airflow/example_dags/example_trigger_target_dag.py took 0.154 seconds
[2026-07-01T12:25:58.049+0000] {processor.py:161} INFO - Started process (PID=1934) to work on /home/airflow/.local/lib/python3.8/site-packages/airflow/example_dags/example_trigger_target_dag.py
[2026-07-01T12:25:58.052+0000] {processor.py:830} INFO - Processing file /home/airflow/.local/lib/python3.8/site-packages/airflow/example_dags/example_trigger_target_dag.py for tasks to queue
[2026-07-01T12:25:58.057+0000] {logging_mixin.py:188} INFO - [2026-07-01T12:25:58.057+0000] {dagbag.py:538} INFO - Filling up the DagBag from /home/airflow/.local/lib/python3.8/site-packages/airflow/example_dags/example_trigger_target_dag.py
[2026-07-01T12:25:58.077+0000] {processor.py:840} INFO - DAG(s) 'example_trigger_target_dag' retrieved from /home/airflow/.local/lib/python3.8/site-packages/airflow/example_dags/example_trigger_target_dag.py
[2026-07-01T12:25:58.126+0000] {logging_mixin.py:188} INFO - [2026-07-01T12:25:58.126+0000] {dag.py:3036} INFO - Sync 1 DAGs
[2026-07-01T12:25:58.157+0000] {logging_mixin.py:188} INFO - [2026-07-01T12:25:58.157+0000] {dag.py:3823} INFO - Setting next_dagrun for example_trigger_target_dag to None, run_after=None
[2026-07-01T12:25:58.197+0000] {processor.py:183} INFO - Processing /home/airflow/.local/lib/python3.8/site-packages/airflow/example_dags/example_trigger_target_dag.py took 0.158 seconds
[2026-07-01T12:26:28.371+0000] {processor.py:161} INFO - Started process (PID=1990) to work on /home/airflow/.local/lib/python3.8/site-packages/airflow/example_dags/example_trigger_target_dag.py
[2026-07-01T12:26:28.374+0000] {processor.py:830} INFO - Processing file /home/airflow/.local/lib/python3.8/site-packages/airflow/example_dags/example_trigger_target_dag.py for tasks to queue
[2026-07-01T12:26:28.379+0000] {logging_mixin.py:188} INFO - [2026-07-01T12:26:28.379+0000] {dagbag.py:538} INFO - Filling up the DagBag from /home/airflow/.local/lib/python3.8/site-packages/airflow/example_dags/example_trigger_target_dag.py
[2026-07-01T12:26:28.394+0000] {processor.py:840} INFO - DAG(s) 'example_trigger_target_dag' retrieved from /home/airflow/.local/lib/python3.8/site-packages/airflow/example_dags/example_trigger_target_dag.py
[2026-07-01T12:26:28.441+0000] {logging_mixin.py:188} INFO - [2026-07-01T12:26:28.440+0000] {dag.py:3036} INFO - Sync 1 DAGs
[2026-07-01T12:26:28.471+0000] {logging_mixin.py:188} INFO - [2026-07-01T12:26:28.471+0000] {dag.py:3823} INFO - Setting next_dagrun for example_trigger_target_dag to None, run_after=None
[2026-07-01T12:26:28.522+0000] {processor.py:183} INFO - Processing /home/airflow/.local/lib/python3.8/site-packages/airflow/example_dags/example_trigger_target_dag.py took 0.158 seconds
[2026-07-01T12:26:58.871+0000] {processor.py:161} INFO - Started process (PID=2046) to work on /home/airflow/.local/lib/python3.8/site-packages/airflow/example_dags/example_trigger_target_dag.py
[2026-07-01T12:26:58.875+0000] {processor.py:830} INFO - Processing file /home/airflow/.local/lib/python3.8/site-packages/airflow/example_dags/example_trigger_target_dag.py for tasks to queue
[2026-07-01T12:26:58.881+0000] {logging_mixin.py:188} INFO - [2026-07-01T12:26:58.880+0000] {dagbag.py:538} INFO - Filling up the DagBag from /home/airflow/.local/lib/python3.8/site-packages/airflow/example_dags/example_trigger_target_dag.py
[2026-07-01T12:26:58.898+0000] {processor.py:840} INFO - DAG(s) 'example_trigger_target_dag' retrieved from /home/airflow/.local/lib/python3.8/site-packages/airflow/example_dags/example_trigger_target_dag.py
[2026-07-01T12:26:58.954+0000] {logging_mixin.py:188} INFO - [2026-07-01T12:26:58.953+0000] {dag.py:3036} INFO - Sync 1 DAGs
[2026-07-01T12:26:58.988+0000] {logging_mixin.py:188} INFO - [2026-07-01T12:26:58.988+0000] {dag.py:3823} INFO - Setting next_dagrun for example_trigger_target_dag to None, run_after=None
[2026-07-01T12:26:59.074+0000] {processor.py:183} INFO - Processing /home/airflow/.local/lib/python3.8/site-packages/airflow/example_dags/example_trigger_target_dag.py took 0.212 seconds
[2026-07-01T12:27:29.396+0000] {processor.py:161} INFO - Started process (PID=2102) to work on /home/airflow/.local/lib/python3.8/site-packages/airflow/example_dags/example_trigger_target_dag.py
[2026-07-01T12:27:29.400+0000] {processor.py:830} INFO - Processing file /home/airflow/.local/lib/python3.8/site-packages/airflow/example_dags/example_trigger_target_dag.py for tasks to queue
[2026-07-01T12:27:29.406+0000] {logging_mixin.py:188} INFO - [2026-07-01T12:27:29.405+0000] {dagbag.py:538} INFO - Filling up the DagBag from /home/airflow/.local/lib/python3.8/site-packages/airflow/example_dags/example_trigger_target_dag.py
[2026-07-01T12:27:29.424+0000] {processor.py:840} INFO - DAG(s) 'example_trigger_target_dag' retrieved from /home/airflow/.local/lib/python3.8/site-packages/airflow/example_dags/example_trigger_target_dag.py
[2026-07-01T12:27:29.478+0000] {logging_mixin.py:188} INFO - [2026-07-01T12:27:29.478+0000] {dag.py:3036} INFO - Sync 1 DAGs
[2026-07-01T12:27:29.517+0000] {logging_mixin.py:188} INFO - [2026-07-01T12:27:29.516+0000] {dag.py:3823} INFO - Setting next_dagrun for example_trigger_target_dag to None, run_after=None
[2026-07-01T12:27:29.582+0000] {processor.py:183} INFO - Processing /home/airflow/.local/lib/python3.8/site-packages/airflow/example_dags/example_trigger_target_dag.py took 0.196 seconds
[2026-07-01T12:28:00.202+0000] {processor.py:161} INFO - Started process (PID=2158) to work on /home/airflow/.local/lib/python3.8/site-packages/airflow/example_dags/example_trigger_target_dag.py
[2026-07-01T12:28:00.207+0000] {processor.py:830} INFO - Processing file /home/airflow/.local/lib/python3.8/site-packages/airflow/example_dags/example_trigger_target_dag.py for tasks to queue
[2026-07-01T12:28:00.215+0000] {logging_mixin.py:188} INFO - [2026-07-01T12:28:00.214+0000] {dagbag.py:538} INFO - Filling up the DagBag from /home/airflow/.local/lib/python3.8/site-packages/airflow/example_dags/example_trigger_target_dag.py
[2026-07-01T12:28:00.237+0000] {processor.py:840} INFO - DAG(s) 'example_trigger_target_dag' retrieved from /home/airflow/.local/lib/python3.8/site-packages/airflow/example_dags/example_trigger_target_dag.py
[2026-07-01T12:28:00.305+0000] {logging_mixin.py:188} INFO - [2026-07-01T12:28:00.305+0000] {dag.py:3036} INFO - Sync 1 DAGs
[2026-07-01T12:28:00.340+0000] {logging_mixin.py:188} INFO - [2026-07-01T12:28:00.340+0000] {dag.py:3823} INFO - Setting next_dagrun for example_trigger_target_dag to None, run_after=None
[2026-07-01T12:28:00.394+0000] {processor.py:183} INFO - Processing /home/airflow/.local/lib/python3.8/site-packages/airflow/example_dags/example_trigger_target_dag.py took 0.204 seconds
[2026-07-01T12:28:30.537+0000] {processor.py:161} INFO - Started process (PID=2214) to work on /home/airflow/.local/lib/python3.8/site-packages/airflow/example_dags/example_trigger_target_dag.py
[2026-07-01T12:28:30.540+0000] {processor.py:830} INFO - Processing file /home/airflow/.local/lib/python3.8/site-packages/airflow/example_dags/example_trigger_target_dag.py for tasks to queue
[2026-07-01T12:28:30.547+0000] {logging_mixin.py:188} INFO - [2026-07-01T12:28:30.546+0000] {dagbag.py:538} INFO - Filling up the DagBag from /home/airflow/.local/lib/python3.8/site-packages/airflow/example_dags/example_trigger_target_dag.py
[2026-07-01T12:28:30.564+0000] {processor.py:840} INFO - DAG(s) 'example_trigger_target_dag' retrieved from /home/airflow/.local/lib/python3.8/site-packages/airflow/example_dags/example_trigger_target_dag.py
[2026-07-01T12:28:30.619+0000] {logging_mixin.py:188} INFO - [2026-07-01T12:28:30.618+0000] {dag.py:3036} INFO - Sync 1 DAGs
[2026-07-01T12:28:30.655+0000] {logging_mixin.py:188} INFO - [2026-07-01T12:28:30.655+0000] {dag.py:3823} INFO - Setting next_dagrun for example_trigger_target_dag to None, run_after=None
[2026-07-01T12:28:30.707+0000] {processor.py:183} INFO - Processing /home/airflow/.local/lib/python3.8/site-packages/airflow/example_dags/example_trigger_target_dag.py took 0.179 seconds
[2026-07-01T12:29:00.832+0000] {processor.py:161} INFO - Started process (PID=2271) to work on /home/airflow/.local/lib/python3.8/site-packages/airflow/example_dags/example_trigger_target_dag.py
[2026-07-01T12:29:00.836+0000] {processor.py:830} INFO - Processing file /home/airflow/.local/lib/python3.8/site-packages/airflow/example_dags/example_trigger_target_dag.py for tasks to queue
[2026-07-01T12:29:00.844+0000] {logging_mixin.py:188} INFO - [2026-07-01T12:29:00.843+0000] {dagbag.py:538} INFO - Filling up the DagBag from /home/airflow/.local/lib/python3.8/site-packages/airflow/example_dags/example_trigger_target_dag.py
[2026-07-01T12:29:00.864+0000] {processor.py:840} INFO - DAG(s) 'example_trigger_target_dag' retrieved from /home/airflow/.local/lib/python3.8/site-packages/airflow/example_dags/example_trigger_target_dag.py
[2026-07-01T12:29:00.913+0000] {logging_mixin.py:188} INFO - [2026-07-01T12:29:00.912+0000] {dag.py:3036} INFO - Sync 1 DAGs
[2026-07-01T12:29:00.942+0000] {logging_mixin.py:188} INFO - [2026-07-01T12:29:00.942+0000] {dag.py:3823} INFO - Setting next_dagrun for example_trigger_target_dag to None, run_after=None
[2026-07-01T12:29:00.983+0000] {processor.py:183} INFO - Processing /home/airflow/.local/lib/python3.8/site-packages/airflow/example_dags/example_trigger_target_dag.py took 0.162 seconds
[2026-07-01T12:29:31.207+0000] {processor.py:161} INFO - Started process (PID=2328) to work on /home/airflow/.local/lib/python3.8/site-packages/airflow/example_dags/example_trigger_target_dag.py
[2026-07-01T12:29:31.211+0000] {processor.py:830} INFO - Processing file /home/airflow/.local/lib/python3.8/site-packages/airflow/example_dags/example_trigger_target_dag.py for tasks to queue
[2026-07-01T12:29:31.217+0000] {logging_mixin.py:188} INFO - [2026-07-01T12:29:31.216+0000] {dagbag.py:538} INFO - Filling up the DagBag from /home/airflow/.local/lib/python3.8/site-packages/airflow/example_dags/example_trigger_target_dag.py
[2026-07-01T12:29:31.238+0000] {processor.py:840} INFO - DAG(s) 'example_trigger_target_dag' retrieved from /home/airflow/.local/lib/python3.8/site-packages/airflow/example_dags/example_trigger_target_dag.py
[2026-07-01T12:29:31.290+0000] {logging_mixin.py:188} INFO - [2026-07-01T12:29:31.289+0000] {dag.py:3036} INFO - Sync 1 DAGs
[2026-07-01T12:29:31.321+0000] {logging_mixin.py:188} INFO - [2026-07-01T12:29:31.321+0000] {dag.py:3823} INFO - Setting next_dagrun for example_trigger_target_dag to None, run_after=None
[2026-07-01T12:29:31.363+0000] {processor.py:183} INFO - Processing /home/airflow/.local/lib/python3.8/site-packages/airflow/example_dags/example_trigger_target_dag.py took 0.169 seconds
