[2026-07-01T11:58:43.127+0000] {processor.py:161} INFO - Started process (PID=128) to work on /home/airflow/.local/lib/python3.8/site-packages/airflow/example_dags/tutorial.py
[2026-07-01T11:58:43.132+0000] {processor.py:830} INFO - Processing file /home/airflow/.local/lib/python3.8/site-packages/airflow/example_dags/tutorial.py for tasks to queue
[2026-07-01T11:58:43.146+0000] {logging_mixin.py:188} INFO - [2026-07-01T11:58:43.145+0000] {dagbag.py:538} INFO - Filling up the DagBag from /home/airflow/.local/lib/python3.8/site-packages/airflow/example_dags/tutorial.py
[2026-07-01T11:58:43.201+0000] {processor.py:840} INFO - DAG(s) 'tutorial' retrieved from /home/airflow/.local/lib/python3.8/site-packages/airflow/example_dags/tutorial.py
[2026-07-01T11:58:43.595+0000] {logging_mixin.py:188} INFO - [2026-07-01T11:58:43.595+0000] {dag.py:3036} INFO - Sync 1 DAGs
[2026-07-01T11:58:43.697+0000] {logging_mixin.py:188} INFO - [2026-07-01T11:58:43.696+0000] {dag.py:3823} INFO - Setting next_dagrun for tutorial to 2026-06-30 00:00:00+00:00, run_after=2026-07-01 00:00:00+00:00
[2026-07-01T11:58:43.795+0000] {processor.py:183} INFO - Processing /home/airflow/.local/lib/python3.8/site-packages/airflow/example_dags/tutorial.py took 0.681 seconds
[2026-07-01T11:59:13.895+0000] {processor.py:161} INFO - Started process (PID=183) to work on /home/airflow/.local/lib/python3.8/site-packages/airflow/example_dags/tutorial.py
[2026-07-01T11:59:13.900+0000] {processor.py:830} INFO - Processing file /home/airflow/.local/lib/python3.8/site-packages/airflow/example_dags/tutorial.py for tasks to queue
[2026-07-01T11:59:13.907+0000] {logging_mixin.py:188} INFO - [2026-07-01T11:59:13.906+0000] {dagbag.py:538} INFO - Filling up the DagBag from /home/airflow/.local/lib/python3.8/site-packages/airflow/example_dags/tutorial.py
[2026-07-01T11:59:13.935+0000] {processor.py:840} INFO - DAG(s) 'tutorial' retrieved from /home/airflow/.local/lib/python3.8/site-packages/airflow/example_dags/tutorial.py
[2026-07-01T11:59:14.025+0000] {logging_mixin.py:188} INFO - [2026-07-01T11:59:14.024+0000] {dag.py:3036} INFO - Sync 1 DAGs
[2026-07-01T11:59:14.121+0000] {logging_mixin.py:188} INFO - [2026-07-01T11:59:14.120+0000] {dag.py:3823} INFO - Setting next_dagrun for tutorial to 2026-06-30 00:00:00+00:00, run_after=2026-07-01 00:00:00+00:00
[2026-07-01T11:59:14.191+0000] {processor.py:183} INFO - Processing /home/airflow/.local/lib/python3.8/site-packages/airflow/example_dags/tutorial.py took 0.308 seconds
[2026-07-01T11:59:45.047+0000] {processor.py:161} INFO - Started process (PID=238) to work on /home/airflow/.local/lib/python3.8/site-packages/airflow/example_dags/tutorial.py
[2026-07-01T11:59:45.054+0000] {processor.py:830} INFO - Processing file /home/airflow/.local/lib/python3.8/site-packages/airflow/example_dags/tutorial.py for tasks to queue
[2026-07-01T11:59:45.063+0000] {logging_mixin.py:188} INFO - [2026-07-01T11:59:45.062+0000] {dagbag.py:538} INFO - Filling up the DagBag from /home/airflow/.local/lib/python3.8/site-packages/airflow/example_dags/tutorial.py
[2026-07-01T11:59:45.093+0000] {processor.py:840} INFO - DAG(s) 'tutorial' retrieved from /home/airflow/.local/lib/python3.8/site-packages/airflow/example_dags/tutorial.py
[2026-07-01T11:59:45.152+0000] {logging_mixin.py:188} INFO - [2026-07-01T11:59:45.151+0000] {dag.py:3036} INFO - Sync 1 DAGs
[2026-07-01T11:59:45.267+0000] {logging_mixin.py:188} INFO - [2026-07-01T11:59:45.266+0000] {dag.py:3823} INFO - Setting next_dagrun for tutorial to 2026-06-30 00:00:00+00:00, run_after=2026-07-01 00:00:00+00:00
[2026-07-01T11:59:45.347+0000] {processor.py:183} INFO - Processing /home/airflow/.local/lib/python3.8/site-packages/airflow/example_dags/tutorial.py took 0.315 seconds
[2026-07-01T12:00:16.058+0000] {processor.py:161} INFO - Started process (PID=293) to work on /home/airflow/.local/lib/python3.8/site-packages/airflow/example_dags/tutorial.py
[2026-07-01T12:00:16.061+0000] {processor.py:830} INFO - Processing file /home/airflow/.local/lib/python3.8/site-packages/airflow/example_dags/tutorial.py for tasks to queue
[2026-07-01T12:00:16.068+0000] {logging_mixin.py:188} INFO - [2026-07-01T12:00:16.067+0000] {dagbag.py:538} INFO - Filling up the DagBag from /home/airflow/.local/lib/python3.8/site-packages/airflow/example_dags/tutorial.py
[2026-07-01T12:00:16.086+0000] {processor.py:840} INFO - DAG(s) 'tutorial' retrieved from /home/airflow/.local/lib/python3.8/site-packages/airflow/example_dags/tutorial.py
[2026-07-01T12:00:16.404+0000] {logging_mixin.py:188} INFO - [2026-07-01T12:00:16.403+0000] {dag.py:3036} INFO - Sync 1 DAGs
[2026-07-01T12:00:16.484+0000] {logging_mixin.py:188} INFO - [2026-07-01T12:00:16.483+0000] {dag.py:3823} INFO - Setting next_dagrun for tutorial to 2026-06-30 00:00:00+00:00, run_after=2026-07-01 00:00:00+00:00
[2026-07-01T12:00:16.542+0000] {processor.py:183} INFO - Processing /home/airflow/.local/lib/python3.8/site-packages/airflow/example_dags/tutorial.py took 0.492 seconds
[2026-07-01T12:00:47.015+0000] {processor.py:161} INFO - Started process (PID=348) to work on /home/airflow/.local/lib/python3.8/site-packages/airflow/example_dags/tutorial.py
[2026-07-01T12:00:47.019+0000] {processor.py:830} INFO - Processing file /home/airflow/.local/lib/python3.8/site-packages/airflow/example_dags/tutorial.py for tasks to queue
[2026-07-01T12:00:47.027+0000] {logging_mixin.py:188} INFO - [2026-07-01T12:00:47.026+0000] {dagbag.py:538} INFO - Filling up the DagBag from /home/airflow/.local/lib/python3.8/site-packages/airflow/example_dags/tutorial.py
[2026-07-01T12:00:47.049+0000] {processor.py:840} INFO - DAG(s) 'tutorial' retrieved from /home/airflow/.local/lib/python3.8/site-packages/airflow/example_dags/tutorial.py
[2026-07-01T12:00:47.109+0000] {logging_mixin.py:188} INFO - [2026-07-01T12:00:47.108+0000] {dag.py:3036} INFO - Sync 1 DAGs
[2026-07-01T12:00:47.172+0000] {logging_mixin.py:188} INFO - [2026-07-01T12:00:47.172+0000] {dag.py:3823} INFO - Setting next_dagrun for tutorial to 2026-06-30 00:00:00+00:00, run_after=2026-07-01 00:00:00+00:00
[2026-07-01T12:00:47.234+0000] {processor.py:183} INFO - Processing /home/airflow/.local/lib/python3.8/site-packages/airflow/example_dags/tutorial.py took 0.230 seconds
[2026-07-01T12:01:17.400+0000] {processor.py:161} INFO - Started process (PID=403) to work on /home/airflow/.local/lib/python3.8/site-packages/airflow/example_dags/tutorial.py
[2026-07-01T12:01:17.424+0000] {processor.py:830} INFO - Processing file /home/airflow/.local/lib/python3.8/site-packages/airflow/example_dags/tutorial.py for tasks to queue
[2026-07-01T12:01:17.430+0000] {logging_mixin.py:188} INFO - [2026-07-01T12:01:17.429+0000] {dagbag.py:538} INFO - Filling up the DagBag from /home/airflow/.local/lib/python3.8/site-packages/airflow/example_dags/tutorial.py
[2026-07-01T12:01:17.448+0000] {processor.py:840} INFO - DAG(s) 'tutorial' retrieved from /home/airflow/.local/lib/python3.8/site-packages/airflow/example_dags/tutorial.py
[2026-07-01T12:01:17.513+0000] {logging_mixin.py:188} INFO - [2026-07-01T12:01:17.512+0000] {dag.py:3036} INFO - Sync 1 DAGs
[2026-07-01T12:01:17.589+0000] {logging_mixin.py:188} INFO - [2026-07-01T12:01:17.589+0000] {dag.py:3823} INFO - Setting next_dagrun for tutorial to 2026-06-30 00:00:00+00:00, run_after=2026-07-01 00:00:00+00:00
[2026-07-01T12:01:17.692+0000] {processor.py:183} INFO - Processing /home/airflow/.local/lib/python3.8/site-packages/airflow/example_dags/tutorial.py took 0.299 seconds
[2026-07-01T12:01:48.522+0000] {processor.py:161} INFO - Started process (PID=458) to work on /home/airflow/.local/lib/python3.8/site-packages/airflow/example_dags/tutorial.py
[2026-07-01T12:01:48.532+0000] {processor.py:830} INFO - Processing file /home/airflow/.local/lib/python3.8/site-packages/airflow/example_dags/tutorial.py for tasks to queue
[2026-07-01T12:01:48.540+0000] {logging_mixin.py:188} INFO - [2026-07-01T12:01:48.539+0000] {dagbag.py:538} INFO - Filling up the DagBag from /home/airflow/.local/lib/python3.8/site-packages/airflow/example_dags/tutorial.py
[2026-07-01T12:01:48.565+0000] {processor.py:840} INFO - DAG(s) 'tutorial' retrieved from /home/airflow/.local/lib/python3.8/site-packages/airflow/example_dags/tutorial.py
[2026-07-01T12:01:48.689+0000] {logging_mixin.py:188} INFO - [2026-07-01T12:01:48.688+0000] {dag.py:3036} INFO - Sync 1 DAGs
[2026-07-01T12:01:48.786+0000] {logging_mixin.py:188} INFO - [2026-07-01T12:01:48.785+0000] {dag.py:3823} INFO - Setting next_dagrun for tutorial to 2026-06-30 00:00:00+00:00, run_after=2026-07-01 00:00:00+00:00
[2026-07-01T12:01:48.851+0000] {processor.py:183} INFO - Processing /home/airflow/.local/lib/python3.8/site-packages/airflow/example_dags/tutorial.py took 0.348 seconds
[2026-07-01T12:02:19.833+0000] {processor.py:161} INFO - Started process (PID=514) to work on /home/airflow/.local/lib/python3.8/site-packages/airflow/example_dags/tutorial.py
[2026-07-01T12:02:19.837+0000] {processor.py:830} INFO - Processing file /home/airflow/.local/lib/python3.8/site-packages/airflow/example_dags/tutorial.py for tasks to queue
[2026-07-01T12:02:19.843+0000] {logging_mixin.py:188} INFO - [2026-07-01T12:02:19.842+0000] {dagbag.py:538} INFO - Filling up the DagBag from /home/airflow/.local/lib/python3.8/site-packages/airflow/example_dags/tutorial.py
[2026-07-01T12:02:19.862+0000] {processor.py:840} INFO - DAG(s) 'tutorial' retrieved from /home/airflow/.local/lib/python3.8/site-packages/airflow/example_dags/tutorial.py
[2026-07-01T12:02:19.931+0000] {logging_mixin.py:188} INFO - [2026-07-01T12:02:19.931+0000] {dag.py:3036} INFO - Sync 1 DAGs
[2026-07-01T12:02:20.007+0000] {logging_mixin.py:188} INFO - [2026-07-01T12:02:20.006+0000] {dag.py:3823} INFO - Setting next_dagrun for tutorial to 2026-06-30 00:00:00+00:00, run_after=2026-07-01 00:00:00+00:00
[2026-07-01T12:02:20.062+0000] {processor.py:183} INFO - Processing /home/airflow/.local/lib/python3.8/site-packages/airflow/example_dags/tutorial.py took 0.239 seconds
[2026-07-01T12:02:50.314+0000] {processor.py:161} INFO - Started process (PID=570) to work on /home/airflow/.local/lib/python3.8/site-packages/airflow/example_dags/tutorial.py
[2026-07-01T12:02:50.316+0000] {processor.py:830} INFO - Processing file /home/airflow/.local/lib/python3.8/site-packages/airflow/example_dags/tutorial.py for tasks to queue
[2026-07-01T12:02:50.322+0000] {logging_mixin.py:188} INFO - [2026-07-01T12:02:50.321+0000] {dagbag.py:538} INFO - Filling up the DagBag from /home/airflow/.local/lib/python3.8/site-packages/airflow/example_dags/tutorial.py
[2026-07-01T12:02:50.336+0000] {processor.py:840} INFO - DAG(s) 'tutorial' retrieved from /home/airflow/.local/lib/python3.8/site-packages/airflow/example_dags/tutorial.py
[2026-07-01T12:02:50.392+0000] {logging_mixin.py:188} INFO - [2026-07-01T12:02:50.392+0000] {dag.py:3036} INFO - Sync 1 DAGs
[2026-07-01T12:02:50.451+0000] {logging_mixin.py:188} INFO - [2026-07-01T12:02:50.451+0000] {dag.py:3823} INFO - Setting next_dagrun for tutorial to 2026-06-30 00:00:00+00:00, run_after=2026-07-01 00:00:00+00:00
[2026-07-01T12:02:50.508+0000] {processor.py:183} INFO - Processing /home/airflow/.local/lib/python3.8/site-packages/airflow/example_dags/tutorial.py took 0.202 seconds
[2026-07-01T12:03:20.723+0000] {processor.py:161} INFO - Started process (PID=625) to work on /home/airflow/.local/lib/python3.8/site-packages/airflow/example_dags/tutorial.py
[2026-07-01T12:03:20.726+0000] {processor.py:830} INFO - Processing file /home/airflow/.local/lib/python3.8/site-packages/airflow/example_dags/tutorial.py for tasks to queue
[2026-07-01T12:03:20.731+0000] {logging_mixin.py:188} INFO - [2026-07-01T12:03:20.730+0000] {dagbag.py:538} INFO - Filling up the DagBag from /home/airflow/.local/lib/python3.8/site-packages/airflow/example_dags/tutorial.py
[2026-07-01T12:03:20.745+0000] {processor.py:840} INFO - DAG(s) 'tutorial' retrieved from /home/airflow/.local/lib/python3.8/site-packages/airflow/example_dags/tutorial.py
[2026-07-01T12:03:20.797+0000] {logging_mixin.py:188} INFO - [2026-07-01T12:03:20.797+0000] {dag.py:3036} INFO - Sync 1 DAGs
[2026-07-01T12:03:20.848+0000] {logging_mixin.py:188} INFO - [2026-07-01T12:03:20.847+0000] {dag.py:3823} INFO - Setting next_dagrun for tutorial to 2026-06-30 00:00:00+00:00, run_after=2026-07-01 00:00:00+00:00
[2026-07-01T12:03:20.891+0000] {processor.py:183} INFO - Processing /home/airflow/.local/lib/python3.8/site-packages/airflow/example_dags/tutorial.py took 0.176 seconds
[2026-07-01T12:03:51.259+0000] {processor.py:161} INFO - Started process (PID=681) to work on /home/airflow/.local/lib/python3.8/site-packages/airflow/example_dags/tutorial.py
[2026-07-01T12:03:51.263+0000] {processor.py:830} INFO - Processing file /home/airflow/.local/lib/python3.8/site-packages/airflow/example_dags/tutorial.py for tasks to queue
[2026-07-01T12:03:51.269+0000] {logging_mixin.py:188} INFO - [2026-07-01T12:03:51.268+0000] {dagbag.py:538} INFO - Filling up the DagBag from /home/airflow/.local/lib/python3.8/site-packages/airflow/example_dags/tutorial.py
[2026-07-01T12:03:51.286+0000] {processor.py:840} INFO - DAG(s) 'tutorial' retrieved from /home/airflow/.local/lib/python3.8/site-packages/airflow/example_dags/tutorial.py
[2026-07-01T12:03:51.342+0000] {logging_mixin.py:188} INFO - [2026-07-01T12:03:51.341+0000] {dag.py:3036} INFO - Sync 1 DAGs
[2026-07-01T12:03:51.403+0000] {logging_mixin.py:188} INFO - [2026-07-01T12:03:51.402+0000] {dag.py:3823} INFO - Setting next_dagrun for tutorial to 2026-06-30 00:00:00+00:00, run_after=2026-07-01 00:00:00+00:00
[2026-07-01T12:03:51.459+0000] {processor.py:183} INFO - Processing /home/airflow/.local/lib/python3.8/site-packages/airflow/example_dags/tutorial.py took 0.209 seconds
[2026-07-01T12:04:21.749+0000] {processor.py:161} INFO - Started process (PID=736) to work on /home/airflow/.local/lib/python3.8/site-packages/airflow/example_dags/tutorial.py
[2026-07-01T12:04:21.752+0000] {processor.py:830} INFO - Processing file /home/airflow/.local/lib/python3.8/site-packages/airflow/example_dags/tutorial.py for tasks to queue
[2026-07-01T12:04:21.758+0000] {logging_mixin.py:188} INFO - [2026-07-01T12:04:21.757+0000] {dagbag.py:538} INFO - Filling up the DagBag from /home/airflow/.local/lib/python3.8/site-packages/airflow/example_dags/tutorial.py
[2026-07-01T12:04:21.772+0000] {processor.py:840} INFO - DAG(s) 'tutorial' retrieved from /home/airflow/.local/lib/python3.8/site-packages/airflow/example_dags/tutorial.py
[2026-07-01T12:04:21.819+0000] {logging_mixin.py:188} INFO - [2026-07-01T12:04:21.819+0000] {dag.py:3036} INFO - Sync 1 DAGs
[2026-07-01T12:04:21.868+0000] {logging_mixin.py:188} INFO - [2026-07-01T12:04:21.868+0000] {dag.py:3823} INFO - Setting next_dagrun for tutorial to 2026-06-30 00:00:00+00:00, run_after=2026-07-01 00:00:00+00:00
[2026-07-01T12:04:21.912+0000] {processor.py:183} INFO - Processing /home/airflow/.local/lib/python3.8/site-packages/airflow/example_dags/tutorial.py took 0.170 seconds
[2026-07-01T12:04:52.473+0000] {processor.py:161} INFO - Started process (PID=791) to work on /home/airflow/.local/lib/python3.8/site-packages/airflow/example_dags/tutorial.py
[2026-07-01T12:04:52.476+0000] {processor.py:830} INFO - Processing file /home/airflow/.local/lib/python3.8/site-packages/airflow/example_dags/tutorial.py for tasks to queue
[2026-07-01T12:04:52.483+0000] {logging_mixin.py:188} INFO - [2026-07-01T12:04:52.482+0000] {dagbag.py:538} INFO - Filling up the DagBag from /home/airflow/.local/lib/python3.8/site-packages/airflow/example_dags/tutorial.py
[2026-07-01T12:04:52.500+0000] {processor.py:840} INFO - DAG(s) 'tutorial' retrieved from /home/airflow/.local/lib/python3.8/site-packages/airflow/example_dags/tutorial.py
[2026-07-01T12:04:52.554+0000] {logging_mixin.py:188} INFO - [2026-07-01T12:04:52.554+0000] {dag.py:3036} INFO - Sync 1 DAGs
[2026-07-01T12:04:52.611+0000] {logging_mixin.py:188} INFO - [2026-07-01T12:04:52.611+0000] {dag.py:3823} INFO - Setting next_dagrun for tutorial to 2026-06-30 00:00:00+00:00, run_after=2026-07-01 00:00:00+00:00
[2026-07-01T12:04:52.656+0000] {processor.py:183} INFO - Processing /home/airflow/.local/lib/python3.8/site-packages/airflow/example_dags/tutorial.py took 0.194 seconds
[2026-07-01T12:05:22.761+0000] {processor.py:161} INFO - Started process (PID=846) to work on /home/airflow/.local/lib/python3.8/site-packages/airflow/example_dags/tutorial.py
[2026-07-01T12:05:22.764+0000] {processor.py:830} INFO - Processing file /home/airflow/.local/lib/python3.8/site-packages/airflow/example_dags/tutorial.py for tasks to queue
[2026-07-01T12:05:22.771+0000] {logging_mixin.py:188} INFO - [2026-07-01T12:05:22.770+0000] {dagbag.py:538} INFO - Filling up the DagBag from /home/airflow/.local/lib/python3.8/site-packages/airflow/example_dags/tutorial.py
[2026-07-01T12:05:22.790+0000] {processor.py:840} INFO - DAG(s) 'tutorial' retrieved from /home/airflow/.local/lib/python3.8/site-packages/airflow/example_dags/tutorial.py
[2026-07-01T12:05:22.843+0000] {logging_mixin.py:188} INFO - [2026-07-01T12:05:22.842+0000] {dag.py:3036} INFO - Sync 1 DAGs
[2026-07-01T12:05:22.903+0000] {logging_mixin.py:188} INFO - [2026-07-01T12:05:22.902+0000] {dag.py:3823} INFO - Setting next_dagrun for tutorial to 2026-06-30 00:00:00+00:00, run_after=2026-07-01 00:00:00+00:00
[2026-07-01T12:05:22.963+0000] {processor.py:183} INFO - Processing /home/airflow/.local/lib/python3.8/site-packages/airflow/example_dags/tutorial.py took 0.211 seconds
[2026-07-01T12:05:53.301+0000] {processor.py:161} INFO - Started process (PID=901) to work on /home/airflow/.local/lib/python3.8/site-packages/airflow/example_dags/tutorial.py
[2026-07-01T12:05:53.305+0000] {processor.py:830} INFO - Processing file /home/airflow/.local/lib/python3.8/site-packages/airflow/example_dags/tutorial.py for tasks to queue
[2026-07-01T12:05:53.310+0000] {logging_mixin.py:188} INFO - [2026-07-01T12:05:53.309+0000] {dagbag.py:538} INFO - Filling up the DagBag from /home/airflow/.local/lib/python3.8/site-packages/airflow/example_dags/tutorial.py
[2026-07-01T12:05:53.327+0000] {processor.py:840} INFO - DAG(s) 'tutorial' retrieved from /home/airflow/.local/lib/python3.8/site-packages/airflow/example_dags/tutorial.py
[2026-07-01T12:05:53.388+0000] {logging_mixin.py:188} INFO - [2026-07-01T12:05:53.388+0000] {dag.py:3036} INFO - Sync 1 DAGs
[2026-07-01T12:05:53.454+0000] {logging_mixin.py:188} INFO - [2026-07-01T12:05:53.453+0000] {dag.py:3823} INFO - Setting next_dagrun for tutorial to 2026-06-30 00:00:00+00:00, run_after=2026-07-01 00:00:00+00:00
[2026-07-01T12:05:53.508+0000] {processor.py:183} INFO - Processing /home/airflow/.local/lib/python3.8/site-packages/airflow/example_dags/tutorial.py took 0.216 seconds
[2026-07-01T12:06:23.609+0000] {processor.py:161} INFO - Started process (PID=956) to work on /home/airflow/.local/lib/python3.8/site-packages/airflow/example_dags/tutorial.py
[2026-07-01T12:06:23.612+0000] {processor.py:830} INFO - Processing file /home/airflow/.local/lib/python3.8/site-packages/airflow/example_dags/tutorial.py for tasks to queue
[2026-07-01T12:06:23.619+0000] {logging_mixin.py:188} INFO - [2026-07-01T12:06:23.618+0000] {dagbag.py:538} INFO - Filling up the DagBag from /home/airflow/.local/lib/python3.8/site-packages/airflow/example_dags/tutorial.py
[2026-07-01T12:06:23.638+0000] {processor.py:840} INFO - DAG(s) 'tutorial' retrieved from /home/airflow/.local/lib/python3.8/site-packages/airflow/example_dags/tutorial.py
[2026-07-01T12:06:23.705+0000] {logging_mixin.py:188} INFO - [2026-07-01T12:06:23.705+0000] {dag.py:3036} INFO - Sync 1 DAGs
[2026-07-01T12:06:23.769+0000] {logging_mixin.py:188} INFO - [2026-07-01T12:06:23.769+0000] {dag.py:3823} INFO - Setting next_dagrun for tutorial to 2026-06-30 00:00:00+00:00, run_after=2026-07-01 00:00:00+00:00
[2026-07-01T12:06:23.844+0000] {processor.py:183} INFO - Processing /home/airflow/.local/lib/python3.8/site-packages/airflow/example_dags/tutorial.py took 0.247 seconds
[2026-07-01T12:06:54.150+0000] {processor.py:161} INFO - Started process (PID=1012) to work on /home/airflow/.local/lib/python3.8/site-packages/airflow/example_dags/tutorial.py
[2026-07-01T12:06:54.154+0000] {processor.py:830} INFO - Processing file /home/airflow/.local/lib/python3.8/site-packages/airflow/example_dags/tutorial.py for tasks to queue
[2026-07-01T12:06:54.162+0000] {logging_mixin.py:188} INFO - [2026-07-01T12:06:54.161+0000] {dagbag.py:538} INFO - Filling up the DagBag from /home/airflow/.local/lib/python3.8/site-packages/airflow/example_dags/tutorial.py
[2026-07-01T12:06:54.192+0000] {processor.py:840} INFO - DAG(s) 'tutorial' retrieved from /home/airflow/.local/lib/python3.8/site-packages/airflow/example_dags/tutorial.py
[2026-07-01T12:06:54.277+0000] {logging_mixin.py:188} INFO - [2026-07-01T12:06:54.276+0000] {dag.py:3036} INFO - Sync 1 DAGs
[2026-07-01T12:06:54.368+0000] {logging_mixin.py:188} INFO - [2026-07-01T12:06:54.367+0000] {dag.py:3823} INFO - Setting next_dagrun for tutorial to 2026-06-30 00:00:00+00:00, run_after=2026-07-01 00:00:00+00:00
[2026-07-01T12:06:54.462+0000] {processor.py:183} INFO - Processing /home/airflow/.local/lib/python3.8/site-packages/airflow/example_dags/tutorial.py took 0.327 seconds
[2026-07-01T12:07:24.577+0000] {processor.py:161} INFO - Started process (PID=1065) to work on /home/airflow/.local/lib/python3.8/site-packages/airflow/example_dags/tutorial.py
[2026-07-01T12:07:24.581+0000] {processor.py:830} INFO - Processing file /home/airflow/.local/lib/python3.8/site-packages/airflow/example_dags/tutorial.py for tasks to queue
[2026-07-01T12:07:24.590+0000] {logging_mixin.py:188} INFO - [2026-07-01T12:07:24.589+0000] {dagbag.py:538} INFO - Filling up the DagBag from /home/airflow/.local/lib/python3.8/site-packages/airflow/example_dags/tutorial.py
[2026-07-01T12:07:24.620+0000] {processor.py:840} INFO - DAG(s) 'tutorial' retrieved from /home/airflow/.local/lib/python3.8/site-packages/airflow/example_dags/tutorial.py
[2026-07-01T12:07:24.691+0000] {logging_mixin.py:188} INFO - [2026-07-01T12:07:24.688+0000] {dag.py:3036} INFO - Sync 1 DAGs
[2026-07-01T12:07:24.753+0000] {logging_mixin.py:188} INFO - [2026-07-01T12:07:24.753+0000] {dag.py:3823} INFO - Setting next_dagrun for tutorial to 2026-06-30 00:00:00+00:00, run_after=2026-07-01 00:00:00+00:00
[2026-07-01T12:07:24.794+0000] {processor.py:183} INFO - Processing /home/airflow/.local/lib/python3.8/site-packages/airflow/example_dags/tutorial.py took 0.234 seconds
[2026-07-01T12:07:54.890+0000] {processor.py:161} INFO - Started process (PID=1120) to work on /home/airflow/.local/lib/python3.8/site-packages/airflow/example_dags/tutorial.py
[2026-07-01T12:07:54.893+0000] {processor.py:830} INFO - Processing file /home/airflow/.local/lib/python3.8/site-packages/airflow/example_dags/tutorial.py for tasks to queue
[2026-07-01T12:07:54.902+0000] {logging_mixin.py:188} INFO - [2026-07-01T12:07:54.901+0000] {dagbag.py:538} INFO - Filling up the DagBag from /home/airflow/.local/lib/python3.8/site-packages/airflow/example_dags/tutorial.py
[2026-07-01T12:07:54.926+0000] {processor.py:840} INFO - DAG(s) 'tutorial' retrieved from /home/airflow/.local/lib/python3.8/site-packages/airflow/example_dags/tutorial.py
[2026-07-01T12:07:54.986+0000] {logging_mixin.py:188} INFO - [2026-07-01T12:07:54.986+0000] {dag.py:3036} INFO - Sync 1 DAGs
[2026-07-01T12:07:55.050+0000] {logging_mixin.py:188} INFO - [2026-07-01T12:07:55.050+0000] {dag.py:3823} INFO - Setting next_dagrun for tutorial to 2026-06-30 00:00:00+00:00, run_after=2026-07-01 00:00:00+00:00
[2026-07-01T12:07:55.107+0000] {processor.py:183} INFO - Processing /home/airflow/.local/lib/python3.8/site-packages/airflow/example_dags/tutorial.py took 0.229 seconds
[2026-07-01T12:08:25.366+0000] {processor.py:161} INFO - Started process (PID=1175) to work on /home/airflow/.local/lib/python3.8/site-packages/airflow/example_dags/tutorial.py
[2026-07-01T12:08:25.369+0000] {processor.py:830} INFO - Processing file /home/airflow/.local/lib/python3.8/site-packages/airflow/example_dags/tutorial.py for tasks to queue
[2026-07-01T12:08:25.375+0000] {logging_mixin.py:188} INFO - [2026-07-01T12:08:25.374+0000] {dagbag.py:538} INFO - Filling up the DagBag from /home/airflow/.local/lib/python3.8/site-packages/airflow/example_dags/tutorial.py
[2026-07-01T12:08:25.392+0000] {processor.py:840} INFO - DAG(s) 'tutorial' retrieved from /home/airflow/.local/lib/python3.8/site-packages/airflow/example_dags/tutorial.py
[2026-07-01T12:08:25.452+0000] {logging_mixin.py:188} INFO - [2026-07-01T12:08:25.451+0000] {dag.py:3036} INFO - Sync 1 DAGs
[2026-07-01T12:08:25.513+0000] {logging_mixin.py:188} INFO - [2026-07-01T12:08:25.513+0000] {dag.py:3823} INFO - Setting next_dagrun for tutorial to 2026-06-30 00:00:00+00:00, run_after=2026-07-01 00:00:00+00:00
[2026-07-01T12:08:25.558+0000] {processor.py:183} INFO - Processing /home/airflow/.local/lib/python3.8/site-packages/airflow/example_dags/tutorial.py took 0.200 seconds
[2026-07-01T12:09:06.211+0000] {processor.py:161} INFO - Started process (PID=115) to work on /home/airflow/.local/lib/python3.8/site-packages/airflow/example_dags/tutorial.py
[2026-07-01T12:09:06.215+0000] {processor.py:830} INFO - Processing file /home/airflow/.local/lib/python3.8/site-packages/airflow/example_dags/tutorial.py for tasks to queue
[2026-07-01T12:09:06.220+0000] {logging_mixin.py:188} INFO - [2026-07-01T12:09:06.219+0000] {dagbag.py:538} INFO - Filling up the DagBag from /home/airflow/.local/lib/python3.8/site-packages/airflow/example_dags/tutorial.py
[2026-07-01T12:09:06.235+0000] {processor.py:840} INFO - DAG(s) 'tutorial' retrieved from /home/airflow/.local/lib/python3.8/site-packages/airflow/example_dags/tutorial.py
[2026-07-01T12:09:06.288+0000] {logging_mixin.py:188} INFO - [2026-07-01T12:09:06.288+0000] {dag.py:3036} INFO - Sync 1 DAGs
[2026-07-01T12:09:06.342+0000] {logging_mixin.py:188} INFO - [2026-07-01T12:09:06.341+0000] {dag.py:3823} INFO - Setting next_dagrun for tutorial to 2026-06-30 00:00:00+00:00, run_after=2026-07-01 00:00:00+00:00
[2026-07-01T12:09:06.388+0000] {processor.py:183} INFO - Processing /home/airflow/.local/lib/python3.8/site-packages/airflow/example_dags/tutorial.py took 0.185 seconds
[2026-07-01T12:09:37.292+0000] {processor.py:161} INFO - Started process (PID=171) to work on /home/airflow/.local/lib/python3.8/site-packages/airflow/example_dags/tutorial.py
[2026-07-01T12:09:37.297+0000] {processor.py:830} INFO - Processing file /home/airflow/.local/lib/python3.8/site-packages/airflow/example_dags/tutorial.py for tasks to queue
[2026-07-01T12:09:37.307+0000] {logging_mixin.py:188} INFO - [2026-07-01T12:09:37.306+0000] {dagbag.py:538} INFO - Filling up the DagBag from /home/airflow/.local/lib/python3.8/site-packages/airflow/example_dags/tutorial.py
[2026-07-01T12:09:37.331+0000] {processor.py:840} INFO - DAG(s) 'tutorial' retrieved from /home/airflow/.local/lib/python3.8/site-packages/airflow/example_dags/tutorial.py
[2026-07-01T12:09:37.399+0000] {logging_mixin.py:188} INFO - [2026-07-01T12:09:37.398+0000] {dag.py:3036} INFO - Sync 1 DAGs
[2026-07-01T12:09:37.479+0000] {logging_mixin.py:188} INFO - [2026-07-01T12:09:37.478+0000] {dag.py:3823} INFO - Setting next_dagrun for tutorial to 2026-06-30 00:00:00+00:00, run_after=2026-07-01 00:00:00+00:00
[2026-07-01T12:09:37.535+0000] {processor.py:183} INFO - Processing /home/airflow/.local/lib/python3.8/site-packages/airflow/example_dags/tutorial.py took 0.256 seconds
[2026-07-01T12:10:07.769+0000] {processor.py:161} INFO - Started process (PID=228) to work on /home/airflow/.local/lib/python3.8/site-packages/airflow/example_dags/tutorial.py
[2026-07-01T12:10:07.774+0000] {processor.py:830} INFO - Processing file /home/airflow/.local/lib/python3.8/site-packages/airflow/example_dags/tutorial.py for tasks to queue
[2026-07-01T12:10:07.779+0000] {logging_mixin.py:188} INFO - [2026-07-01T12:10:07.778+0000] {dagbag.py:538} INFO - Filling up the DagBag from /home/airflow/.local/lib/python3.8/site-packages/airflow/example_dags/tutorial.py
[2026-07-01T12:10:07.800+0000] {processor.py:840} INFO - DAG(s) 'tutorial' retrieved from /home/airflow/.local/lib/python3.8/site-packages/airflow/example_dags/tutorial.py
[2026-07-01T12:10:07.864+0000] {logging_mixin.py:188} INFO - [2026-07-01T12:10:07.863+0000] {dag.py:3036} INFO - Sync 1 DAGs
[2026-07-01T12:10:07.936+0000] {logging_mixin.py:188} INFO - [2026-07-01T12:10:07.935+0000] {dag.py:3823} INFO - Setting next_dagrun for tutorial to 2026-06-30 00:00:00+00:00, run_after=2026-07-01 00:00:00+00:00
[2026-07-01T12:10:07.994+0000] {processor.py:183} INFO - Processing /home/airflow/.local/lib/python3.8/site-packages/airflow/example_dags/tutorial.py took 0.233 seconds
[2026-07-01T12:10:38.640+0000] {processor.py:161} INFO - Started process (PID=284) to work on /home/airflow/.local/lib/python3.8/site-packages/airflow/example_dags/tutorial.py
[2026-07-01T12:10:38.644+0000] {processor.py:830} INFO - Processing file /home/airflow/.local/lib/python3.8/site-packages/airflow/example_dags/tutorial.py for tasks to queue
[2026-07-01T12:10:38.652+0000] {logging_mixin.py:188} INFO - [2026-07-01T12:10:38.651+0000] {dagbag.py:538} INFO - Filling up the DagBag from /home/airflow/.local/lib/python3.8/site-packages/airflow/example_dags/tutorial.py
[2026-07-01T12:10:38.673+0000] {processor.py:840} INFO - DAG(s) 'tutorial' retrieved from /home/airflow/.local/lib/python3.8/site-packages/airflow/example_dags/tutorial.py
[2026-07-01T12:10:38.736+0000] {logging_mixin.py:188} INFO - [2026-07-01T12:10:38.736+0000] {dag.py:3036} INFO - Sync 1 DAGs
[2026-07-01T12:10:38.796+0000] {logging_mixin.py:188} INFO - [2026-07-01T12:10:38.795+0000] {dag.py:3823} INFO - Setting next_dagrun for tutorial to 2026-06-30 00:00:00+00:00, run_after=2026-07-01 00:00:00+00:00
[2026-07-01T12:10:38.847+0000] {processor.py:183} INFO - Processing /home/airflow/.local/lib/python3.8/site-packages/airflow/example_dags/tutorial.py took 0.218 seconds
[2026-07-01T12:11:09.014+0000] {processor.py:161} INFO - Started process (PID=345) to work on /home/airflow/.local/lib/python3.8/site-packages/airflow/example_dags/tutorial.py
[2026-07-01T12:11:09.017+0000] {processor.py:830} INFO - Processing file /home/airflow/.local/lib/python3.8/site-packages/airflow/example_dags/tutorial.py for tasks to queue
[2026-07-01T12:11:09.023+0000] {logging_mixin.py:188} INFO - [2026-07-01T12:11:09.022+0000] {dagbag.py:538} INFO - Filling up the DagBag from /home/airflow/.local/lib/python3.8/site-packages/airflow/example_dags/tutorial.py
[2026-07-01T12:11:09.040+0000] {processor.py:840} INFO - DAG(s) 'tutorial' retrieved from /home/airflow/.local/lib/python3.8/site-packages/airflow/example_dags/tutorial.py
[2026-07-01T12:11:09.087+0000] {logging_mixin.py:188} INFO - [2026-07-01T12:11:09.087+0000] {dag.py:3036} INFO - Sync 1 DAGs
[2026-07-01T12:11:09.135+0000] {logging_mixin.py:188} INFO - [2026-07-01T12:11:09.134+0000] {dag.py:3823} INFO - Setting next_dagrun for tutorial to 2026-06-30 00:00:00+00:00, run_after=2026-07-01 00:00:00+00:00
[2026-07-01T12:11:09.175+0000] {processor.py:183} INFO - Processing /home/airflow/.local/lib/python3.8/site-packages/airflow/example_dags/tutorial.py took 0.170 seconds
[2026-07-01T12:11:40.307+0000] {processor.py:161} INFO - Started process (PID=401) to work on /home/airflow/.local/lib/python3.8/site-packages/airflow/example_dags/tutorial.py
[2026-07-01T12:11:40.311+0000] {processor.py:830} INFO - Processing file /home/airflow/.local/lib/python3.8/site-packages/airflow/example_dags/tutorial.py for tasks to queue
[2026-07-01T12:11:40.318+0000] {logging_mixin.py:188} INFO - [2026-07-01T12:11:40.316+0000] {dagbag.py:538} INFO - Filling up the DagBag from /home/airflow/.local/lib/python3.8/site-packages/airflow/example_dags/tutorial.py
[2026-07-01T12:11:40.336+0000] {processor.py:840} INFO - DAG(s) 'tutorial' retrieved from /home/airflow/.local/lib/python3.8/site-packages/airflow/example_dags/tutorial.py
[2026-07-01T12:11:40.395+0000] {logging_mixin.py:188} INFO - [2026-07-01T12:11:40.393+0000] {dag.py:3036} INFO - Sync 1 DAGs
[2026-07-01T12:11:40.472+0000] {logging_mixin.py:188} INFO - [2026-07-01T12:11:40.472+0000] {dag.py:3823} INFO - Setting next_dagrun for tutorial to 2026-06-30 00:00:00+00:00, run_after=2026-07-01 00:00:00+00:00
[2026-07-01T12:11:40.523+0000] {processor.py:183} INFO - Processing /home/airflow/.local/lib/python3.8/site-packages/airflow/example_dags/tutorial.py took 0.227 seconds
[2026-07-01T12:12:11.375+0000] {processor.py:161} INFO - Started process (PID=457) to work on /home/airflow/.local/lib/python3.8/site-packages/airflow/example_dags/tutorial.py
[2026-07-01T12:12:11.379+0000] {processor.py:830} INFO - Processing file /home/airflow/.local/lib/python3.8/site-packages/airflow/example_dags/tutorial.py for tasks to queue
[2026-07-01T12:12:11.387+0000] {logging_mixin.py:188} INFO - [2026-07-01T12:12:11.386+0000] {dagbag.py:538} INFO - Filling up the DagBag from /home/airflow/.local/lib/python3.8/site-packages/airflow/example_dags/tutorial.py
[2026-07-01T12:12:11.406+0000] {processor.py:840} INFO - DAG(s) 'tutorial' retrieved from /home/airflow/.local/lib/python3.8/site-packages/airflow/example_dags/tutorial.py
[2026-07-01T12:12:11.466+0000] {logging_mixin.py:188} INFO - [2026-07-01T12:12:11.465+0000] {dag.py:3036} INFO - Sync 1 DAGs
[2026-07-01T12:12:11.518+0000] {logging_mixin.py:188} INFO - [2026-07-01T12:12:11.517+0000] {dag.py:3823} INFO - Setting next_dagrun for tutorial to 2026-06-30 00:00:00+00:00, run_after=2026-07-01 00:00:00+00:00
[2026-07-01T12:12:11.561+0000] {processor.py:183} INFO - Processing /home/airflow/.local/lib/python3.8/site-packages/airflow/example_dags/tutorial.py took 0.200 seconds
[2026-07-01T12:12:42.090+0000] {processor.py:161} INFO - Started process (PID=513) to work on /home/airflow/.local/lib/python3.8/site-packages/airflow/example_dags/tutorial.py
[2026-07-01T12:12:42.092+0000] {processor.py:830} INFO - Processing file /home/airflow/.local/lib/python3.8/site-packages/airflow/example_dags/tutorial.py for tasks to queue
[2026-07-01T12:12:42.097+0000] {logging_mixin.py:188} INFO - [2026-07-01T12:12:42.097+0000] {dagbag.py:538} INFO - Filling up the DagBag from /home/airflow/.local/lib/python3.8/site-packages/airflow/example_dags/tutorial.py
[2026-07-01T12:12:42.111+0000] {processor.py:840} INFO - DAG(s) 'tutorial' retrieved from /home/airflow/.local/lib/python3.8/site-packages/airflow/example_dags/tutorial.py
[2026-07-01T12:12:42.163+0000] {logging_mixin.py:188} INFO - [2026-07-01T12:12:42.163+0000] {dag.py:3036} INFO - Sync 1 DAGs
[2026-07-01T12:12:42.217+0000] {logging_mixin.py:188} INFO - [2026-07-01T12:12:42.216+0000] {dag.py:3823} INFO - Setting next_dagrun for tutorial to 2026-06-30 00:00:00+00:00, run_after=2026-07-01 00:00:00+00:00
[2026-07-01T12:12:42.263+0000] {processor.py:183} INFO - Processing /home/airflow/.local/lib/python3.8/site-packages/airflow/example_dags/tutorial.py took 0.181 seconds
[2026-07-01T12:13:12.768+0000] {processor.py:161} INFO - Started process (PID=569) to work on /home/airflow/.local/lib/python3.8/site-packages/airflow/example_dags/tutorial.py
[2026-07-01T12:13:12.772+0000] {processor.py:830} INFO - Processing file /home/airflow/.local/lib/python3.8/site-packages/airflow/example_dags/tutorial.py for tasks to queue
[2026-07-01T12:13:12.780+0000] {logging_mixin.py:188} INFO - [2026-07-01T12:13:12.779+0000] {dagbag.py:538} INFO - Filling up the DagBag from /home/airflow/.local/lib/python3.8/site-packages/airflow/example_dags/tutorial.py
[2026-07-01T12:13:12.800+0000] {processor.py:840} INFO - DAG(s) 'tutorial' retrieved from /home/airflow/.local/lib/python3.8/site-packages/airflow/example_dags/tutorial.py
[2026-07-01T12:13:12.856+0000] {logging_mixin.py:188} INFO - [2026-07-01T12:13:12.856+0000] {dag.py:3036} INFO - Sync 1 DAGs
[2026-07-01T12:13:12.912+0000] {logging_mixin.py:188} INFO - [2026-07-01T12:13:12.911+0000] {dag.py:3823} INFO - Setting next_dagrun for tutorial to 2026-06-30 00:00:00+00:00, run_after=2026-07-01 00:00:00+00:00
[2026-07-01T12:13:12.958+0000] {processor.py:183} INFO - Processing /home/airflow/.local/lib/python3.8/site-packages/airflow/example_dags/tutorial.py took 0.202 seconds
[2026-07-01T12:13:43.474+0000] {processor.py:161} INFO - Started process (PID=625) to work on /home/airflow/.local/lib/python3.8/site-packages/airflow/example_dags/tutorial.py
[2026-07-01T12:13:43.478+0000] {processor.py:830} INFO - Processing file /home/airflow/.local/lib/python3.8/site-packages/airflow/example_dags/tutorial.py for tasks to queue
[2026-07-01T12:13:43.485+0000] {logging_mixin.py:188} INFO - [2026-07-01T12:13:43.484+0000] {dagbag.py:538} INFO - Filling up the DagBag from /home/airflow/.local/lib/python3.8/site-packages/airflow/example_dags/tutorial.py
[2026-07-01T12:13:43.504+0000] {processor.py:840} INFO - DAG(s) 'tutorial' retrieved from /home/airflow/.local/lib/python3.8/site-packages/airflow/example_dags/tutorial.py
[2026-07-01T12:13:43.574+0000] {logging_mixin.py:188} INFO - [2026-07-01T12:13:43.573+0000] {dag.py:3036} INFO - Sync 1 DAGs
[2026-07-01T12:13:43.643+0000] {logging_mixin.py:188} INFO - [2026-07-01T12:13:43.642+0000] {dag.py:3823} INFO - Setting next_dagrun for tutorial to 2026-06-30 00:00:00+00:00, run_after=2026-07-01 00:00:00+00:00
[2026-07-01T12:13:43.698+0000] {processor.py:183} INFO - Processing /home/airflow/.local/lib/python3.8/site-packages/airflow/example_dags/tutorial.py took 0.232 seconds
[2026-07-01T12:14:14.195+0000] {processor.py:161} INFO - Started process (PID=681) to work on /home/airflow/.local/lib/python3.8/site-packages/airflow/example_dags/tutorial.py
[2026-07-01T12:14:14.207+0000] {processor.py:830} INFO - Processing file /home/airflow/.local/lib/python3.8/site-packages/airflow/example_dags/tutorial.py for tasks to queue
[2026-07-01T12:14:14.216+0000] {logging_mixin.py:188} INFO - [2026-07-01T12:14:14.215+0000] {dagbag.py:538} INFO - Filling up the DagBag from /home/airflow/.local/lib/python3.8/site-packages/airflow/example_dags/tutorial.py
[2026-07-01T12:14:14.252+0000] {processor.py:840} INFO - DAG(s) 'tutorial' retrieved from /home/airflow/.local/lib/python3.8/site-packages/airflow/example_dags/tutorial.py
[2026-07-01T12:14:14.337+0000] {logging_mixin.py:188} INFO - [2026-07-01T12:14:14.337+0000] {dag.py:3036} INFO - Sync 1 DAGs
[2026-07-01T12:14:14.452+0000] {logging_mixin.py:188} INFO - [2026-07-01T12:14:14.451+0000] {dag.py:3823} INFO - Setting next_dagrun for tutorial to 2026-06-30 00:00:00+00:00, run_after=2026-07-01 00:00:00+00:00
[2026-07-01T12:14:14.560+0000] {processor.py:183} INFO - Processing /home/airflow/.local/lib/python3.8/site-packages/airflow/example_dags/tutorial.py took 0.384 seconds
[2026-07-01T12:14:45.313+0000] {processor.py:161} INFO - Started process (PID=737) to work on /home/airflow/.local/lib/python3.8/site-packages/airflow/example_dags/tutorial.py
[2026-07-01T12:14:45.316+0000] {processor.py:830} INFO - Processing file /home/airflow/.local/lib/python3.8/site-packages/airflow/example_dags/tutorial.py for tasks to queue
[2026-07-01T12:14:45.322+0000] {logging_mixin.py:188} INFO - [2026-07-01T12:14:45.321+0000] {dagbag.py:538} INFO - Filling up the DagBag from /home/airflow/.local/lib/python3.8/site-packages/airflow/example_dags/tutorial.py
[2026-07-01T12:14:45.335+0000] {processor.py:840} INFO - DAG(s) 'tutorial' retrieved from /home/airflow/.local/lib/python3.8/site-packages/airflow/example_dags/tutorial.py
[2026-07-01T12:14:45.399+0000] {logging_mixin.py:188} INFO - [2026-07-01T12:14:45.398+0000] {dag.py:3036} INFO - Sync 1 DAGs
[2026-07-01T12:14:45.462+0000] {logging_mixin.py:188} INFO - [2026-07-01T12:14:45.461+0000] {dag.py:3823} INFO - Setting next_dagrun for tutorial to 2026-06-30 00:00:00+00:00, run_after=2026-07-01 00:00:00+00:00
[2026-07-01T12:14:45.528+0000] {processor.py:183} INFO - Processing /home/airflow/.local/lib/python3.8/site-packages/airflow/example_dags/tutorial.py took 0.223 seconds
[2026-07-01T12:15:15.917+0000] {processor.py:161} INFO - Started process (PID=794) to work on /home/airflow/.local/lib/python3.8/site-packages/airflow/example_dags/tutorial.py
[2026-07-01T12:15:15.921+0000] {processor.py:830} INFO - Processing file /home/airflow/.local/lib/python3.8/site-packages/airflow/example_dags/tutorial.py for tasks to queue
[2026-07-01T12:15:15.927+0000] {logging_mixin.py:188} INFO - [2026-07-01T12:15:15.926+0000] {dagbag.py:538} INFO - Filling up the DagBag from /home/airflow/.local/lib/python3.8/site-packages/airflow/example_dags/tutorial.py
[2026-07-01T12:15:15.945+0000] {processor.py:840} INFO - DAG(s) 'tutorial' retrieved from /home/airflow/.local/lib/python3.8/site-packages/airflow/example_dags/tutorial.py
[2026-07-01T12:15:15.999+0000] {logging_mixin.py:188} INFO - [2026-07-01T12:15:15.998+0000] {dag.py:3036} INFO - Sync 1 DAGs
[2026-07-01T12:15:16.051+0000] {logging_mixin.py:188} INFO - [2026-07-01T12:15:16.051+0000] {dag.py:3823} INFO - Setting next_dagrun for tutorial to 2026-06-30 00:00:00+00:00, run_after=2026-07-01 00:00:00+00:00
[2026-07-01T12:15:16.093+0000] {processor.py:183} INFO - Processing /home/airflow/.local/lib/python3.8/site-packages/airflow/example_dags/tutorial.py took 0.185 seconds
[2026-07-01T12:15:46.918+0000] {processor.py:161} INFO - Started process (PID=850) to work on /home/airflow/.local/lib/python3.8/site-packages/airflow/example_dags/tutorial.py
[2026-07-01T12:15:46.922+0000] {processor.py:830} INFO - Processing file /home/airflow/.local/lib/python3.8/site-packages/airflow/example_dags/tutorial.py for tasks to queue
[2026-07-01T12:15:46.928+0000] {logging_mixin.py:188} INFO - [2026-07-01T12:15:46.927+0000] {dagbag.py:538} INFO - Filling up the DagBag from /home/airflow/.local/lib/python3.8/site-packages/airflow/example_dags/tutorial.py
[2026-07-01T12:15:46.949+0000] {processor.py:840} INFO - DAG(s) 'tutorial' retrieved from /home/airflow/.local/lib/python3.8/site-packages/airflow/example_dags/tutorial.py
[2026-07-01T12:15:47.004+0000] {logging_mixin.py:188} INFO - [2026-07-01T12:15:47.004+0000] {dag.py:3036} INFO - Sync 1 DAGs
[2026-07-01T12:15:47.064+0000] {logging_mixin.py:188} INFO - [2026-07-01T12:15:47.063+0000] {dag.py:3823} INFO - Setting next_dagrun for tutorial to 2026-06-30 00:00:00+00:00, run_after=2026-07-01 00:00:00+00:00
[2026-07-01T12:15:47.112+0000] {processor.py:183} INFO - Processing /home/airflow/.local/lib/python3.8/site-packages/airflow/example_dags/tutorial.py took 0.208 seconds
[2026-07-01T12:16:17.638+0000] {processor.py:161} INFO - Started process (PID=906) to work on /home/airflow/.local/lib/python3.8/site-packages/airflow/example_dags/tutorial.py
[2026-07-01T12:16:17.641+0000] {processor.py:830} INFO - Processing file /home/airflow/.local/lib/python3.8/site-packages/airflow/example_dags/tutorial.py for tasks to queue
[2026-07-01T12:16:17.647+0000] {logging_mixin.py:188} INFO - [2026-07-01T12:16:17.646+0000] {dagbag.py:538} INFO - Filling up the DagBag from /home/airflow/.local/lib/python3.8/site-packages/airflow/example_dags/tutorial.py
[2026-07-01T12:16:17.661+0000] {processor.py:840} INFO - DAG(s) 'tutorial' retrieved from /home/airflow/.local/lib/python3.8/site-packages/airflow/example_dags/tutorial.py
[2026-07-01T12:16:17.706+0000] {logging_mixin.py:188} INFO - [2026-07-01T12:16:17.705+0000] {dag.py:3036} INFO - Sync 1 DAGs
[2026-07-01T12:16:17.756+0000] {logging_mixin.py:188} INFO - [2026-07-01T12:16:17.755+0000] {dag.py:3823} INFO - Setting next_dagrun for tutorial to 2026-06-30 00:00:00+00:00, run_after=2026-07-01 00:00:00+00:00
[2026-07-01T12:16:17.798+0000] {processor.py:183} INFO - Processing /home/airflow/.local/lib/python3.8/site-packages/airflow/example_dags/tutorial.py took 0.167 seconds
[2026-07-01T12:16:48.161+0000] {processor.py:161} INFO - Started process (PID=962) to work on /home/airflow/.local/lib/python3.8/site-packages/airflow/example_dags/tutorial.py
[2026-07-01T12:16:48.166+0000] {processor.py:830} INFO - Processing file /home/airflow/.local/lib/python3.8/site-packages/airflow/example_dags/tutorial.py for tasks to queue
[2026-07-01T12:16:48.174+0000] {logging_mixin.py:188} INFO - [2026-07-01T12:16:48.173+0000] {dagbag.py:538} INFO - Filling up the DagBag from /home/airflow/.local/lib/python3.8/site-packages/airflow/example_dags/tutorial.py
[2026-07-01T12:16:48.191+0000] {processor.py:840} INFO - DAG(s) 'tutorial' retrieved from /home/airflow/.local/lib/python3.8/site-packages/airflow/example_dags/tutorial.py
[2026-07-01T12:16:48.246+0000] {logging_mixin.py:188} INFO - [2026-07-01T12:16:48.245+0000] {dag.py:3036} INFO - Sync 1 DAGs
[2026-07-01T12:16:48.305+0000] {logging_mixin.py:188} INFO - [2026-07-01T12:16:48.305+0000] {dag.py:3823} INFO - Setting next_dagrun for tutorial to 2026-06-30 00:00:00+00:00, run_after=2026-07-01 00:00:00+00:00
[2026-07-01T12:16:48.362+0000] {processor.py:183} INFO - Processing /home/airflow/.local/lib/python3.8/site-packages/airflow/example_dags/tutorial.py took 0.210 seconds
[2026-07-01T12:17:18.995+0000] {processor.py:161} INFO - Started process (PID=1018) to work on /home/airflow/.local/lib/python3.8/site-packages/airflow/example_dags/tutorial.py
[2026-07-01T12:17:19.000+0000] {processor.py:830} INFO - Processing file /home/airflow/.local/lib/python3.8/site-packages/airflow/example_dags/tutorial.py for tasks to queue
[2026-07-01T12:17:19.008+0000] {logging_mixin.py:188} INFO - [2026-07-01T12:17:19.007+0000] {dagbag.py:538} INFO - Filling up the DagBag from /home/airflow/.local/lib/python3.8/site-packages/airflow/example_dags/tutorial.py
[2026-07-01T12:17:19.048+0000] {processor.py:840} INFO - DAG(s) 'tutorial' retrieved from /home/airflow/.local/lib/python3.8/site-packages/airflow/example_dags/tutorial.py
[2026-07-01T12:17:19.157+0000] {logging_mixin.py:188} INFO - [2026-07-01T12:17:19.157+0000] {dag.py:3036} INFO - Sync 1 DAGs
[2026-07-01T12:17:19.257+0000] {logging_mixin.py:188} INFO - [2026-07-01T12:17:19.256+0000] {dag.py:3823} INFO - Setting next_dagrun for tutorial to 2026-06-30 00:00:00+00:00, run_after=2026-07-01 00:00:00+00:00
[2026-07-01T12:17:19.383+0000] {processor.py:183} INFO - Processing /home/airflow/.local/lib/python3.8/site-packages/airflow/example_dags/tutorial.py took 0.404 seconds
[2026-07-01T12:17:50.519+0000] {processor.py:161} INFO - Started process (PID=1074) to work on /home/airflow/.local/lib/python3.8/site-packages/airflow/example_dags/tutorial.py
[2026-07-01T12:17:50.523+0000] {processor.py:830} INFO - Processing file /home/airflow/.local/lib/python3.8/site-packages/airflow/example_dags/tutorial.py for tasks to queue
[2026-07-01T12:17:50.529+0000] {logging_mixin.py:188} INFO - [2026-07-01T12:17:50.529+0000] {dagbag.py:538} INFO - Filling up the DagBag from /home/airflow/.local/lib/python3.8/site-packages/airflow/example_dags/tutorial.py
[2026-07-01T12:17:50.546+0000] {processor.py:840} INFO - DAG(s) 'tutorial' retrieved from /home/airflow/.local/lib/python3.8/site-packages/airflow/example_dags/tutorial.py
[2026-07-01T12:17:50.613+0000] {logging_mixin.py:188} INFO - [2026-07-01T12:17:50.613+0000] {dag.py:3036} INFO - Sync 1 DAGs
[2026-07-01T12:17:50.674+0000] {logging_mixin.py:188} INFO - [2026-07-01T12:17:50.674+0000] {dag.py:3823} INFO - Setting next_dagrun for tutorial to 2026-06-30 00:00:00+00:00, run_after=2026-07-01 00:00:00+00:00
[2026-07-01T12:17:50.717+0000] {processor.py:183} INFO - Processing /home/airflow/.local/lib/python3.8/site-packages/airflow/example_dags/tutorial.py took 0.206 seconds
[2026-07-01T12:18:23.868+0000] {processor.py:161} INFO - Started process (PID=1130) to work on /home/airflow/.local/lib/python3.8/site-packages/airflow/example_dags/tutorial.py
[2026-07-01T12:18:23.874+0000] {processor.py:830} INFO - Processing file /home/airflow/.local/lib/python3.8/site-packages/airflow/example_dags/tutorial.py for tasks to queue
[2026-07-01T12:18:23.882+0000] {logging_mixin.py:188} INFO - [2026-07-01T12:18:23.881+0000] {dagbag.py:538} INFO - Filling up the DagBag from /home/airflow/.local/lib/python3.8/site-packages/airflow/example_dags/tutorial.py
[2026-07-01T12:18:23.906+0000] {processor.py:840} INFO - DAG(s) 'tutorial' retrieved from /home/airflow/.local/lib/python3.8/site-packages/airflow/example_dags/tutorial.py
[2026-07-01T12:18:23.975+0000] {logging_mixin.py:188} INFO - [2026-07-01T12:18:23.974+0000] {dag.py:3036} INFO - Sync 1 DAGs
[2026-07-01T12:18:24.043+0000] {logging_mixin.py:188} INFO - [2026-07-01T12:18:24.042+0000] {dag.py:3823} INFO - Setting next_dagrun for tutorial to 2026-06-30 00:00:00+00:00, run_after=2026-07-01 00:00:00+00:00
[2026-07-01T12:18:24.102+0000] {processor.py:183} INFO - Processing /home/airflow/.local/lib/python3.8/site-packages/airflow/example_dags/tutorial.py took 0.246 seconds
[2026-07-01T12:18:55.027+0000] {processor.py:161} INFO - Started process (PID=1186) to work on /home/airflow/.local/lib/python3.8/site-packages/airflow/example_dags/tutorial.py
[2026-07-01T12:18:55.030+0000] {processor.py:830} INFO - Processing file /home/airflow/.local/lib/python3.8/site-packages/airflow/example_dags/tutorial.py for tasks to queue
[2026-07-01T12:18:55.035+0000] {logging_mixin.py:188} INFO - [2026-07-01T12:18:55.034+0000] {dagbag.py:538} INFO - Filling up the DagBag from /home/airflow/.local/lib/python3.8/site-packages/airflow/example_dags/tutorial.py
[2026-07-01T12:18:55.048+0000] {processor.py:840} INFO - DAG(s) 'tutorial' retrieved from /home/airflow/.local/lib/python3.8/site-packages/airflow/example_dags/tutorial.py
[2026-07-01T12:18:55.093+0000] {logging_mixin.py:188} INFO - [2026-07-01T12:18:55.092+0000] {dag.py:3036} INFO - Sync 1 DAGs
[2026-07-01T12:18:55.137+0000] {logging_mixin.py:188} INFO - [2026-07-01T12:18:55.136+0000] {dag.py:3823} INFO - Setting next_dagrun for tutorial to 2026-06-30 00:00:00+00:00, run_after=2026-07-01 00:00:00+00:00
[2026-07-01T12:18:55.175+0000] {processor.py:183} INFO - Processing /home/airflow/.local/lib/python3.8/site-packages/airflow/example_dags/tutorial.py took 0.156 seconds
[2026-07-01T12:19:25.744+0000] {processor.py:161} INFO - Started process (PID=1242) to work on /home/airflow/.local/lib/python3.8/site-packages/airflow/example_dags/tutorial.py
[2026-07-01T12:19:25.750+0000] {processor.py:830} INFO - Processing file /home/airflow/.local/lib/python3.8/site-packages/airflow/example_dags/tutorial.py for tasks to queue
[2026-07-01T12:19:25.757+0000] {logging_mixin.py:188} INFO - [2026-07-01T12:19:25.757+0000] {dagbag.py:538} INFO - Filling up the DagBag from /home/airflow/.local/lib/python3.8/site-packages/airflow/example_dags/tutorial.py
[2026-07-01T12:19:25.782+0000] {processor.py:840} INFO - DAG(s) 'tutorial' retrieved from /home/airflow/.local/lib/python3.8/site-packages/airflow/example_dags/tutorial.py
[2026-07-01T12:19:25.859+0000] {logging_mixin.py:188} INFO - [2026-07-01T12:19:25.858+0000] {dag.py:3036} INFO - Sync 1 DAGs
[2026-07-01T12:19:25.933+0000] {logging_mixin.py:188} INFO - [2026-07-01T12:19:25.932+0000] {dag.py:3823} INFO - Setting next_dagrun for tutorial to 2026-06-30 00:00:00+00:00, run_after=2026-07-01 00:00:00+00:00
[2026-07-01T12:19:26.009+0000] {processor.py:183} INFO - Processing /home/airflow/.local/lib/python3.8/site-packages/airflow/example_dags/tutorial.py took 0.279 seconds
[2026-07-01T12:19:58.460+0000] {processor.py:161} INFO - Started process (PID=1298) to work on /home/airflow/.local/lib/python3.8/site-packages/airflow/example_dags/tutorial.py
[2026-07-01T12:19:58.465+0000] {processor.py:830} INFO - Processing file /home/airflow/.local/lib/python3.8/site-packages/airflow/example_dags/tutorial.py for tasks to queue
[2026-07-01T12:19:58.476+0000] {logging_mixin.py:188} INFO - [2026-07-01T12:19:58.475+0000] {dagbag.py:538} INFO - Filling up the DagBag from /home/airflow/.local/lib/python3.8/site-packages/airflow/example_dags/tutorial.py
[2026-07-01T12:19:58.507+0000] {processor.py:840} INFO - DAG(s) 'tutorial' retrieved from /home/airflow/.local/lib/python3.8/site-packages/airflow/example_dags/tutorial.py
[2026-07-01T12:19:58.954+0000] {logging_mixin.py:188} INFO - [2026-07-01T12:19:58.953+0000] {dag.py:3036} INFO - Sync 1 DAGs
[2026-07-01T12:19:59.054+0000] {logging_mixin.py:188} INFO - [2026-07-01T12:19:59.052+0000] {dag.py:3823} INFO - Setting next_dagrun for tutorial to 2026-06-30 00:00:00+00:00, run_after=2026-07-01 00:00:00+00:00
[2026-07-01T12:19:59.130+0000] {processor.py:183} INFO - Processing /home/airflow/.local/lib/python3.8/site-packages/airflow/example_dags/tutorial.py took 0.690 seconds
[2026-07-01T12:20:34.451+0000] {processor.py:161} INFO - Started process (PID=1353) to work on /home/airflow/.local/lib/python3.8/site-packages/airflow/example_dags/tutorial.py
[2026-07-01T12:20:34.468+0000] {processor.py:830} INFO - Processing file /home/airflow/.local/lib/python3.8/site-packages/airflow/example_dags/tutorial.py for tasks to queue
[2026-07-01T12:20:34.497+0000] {logging_mixin.py:188} INFO - [2026-07-01T12:20:34.495+0000] {dagbag.py:538} INFO - Filling up the DagBag from /home/airflow/.local/lib/python3.8/site-packages/airflow/example_dags/tutorial.py
[2026-07-01T12:20:34.602+0000] {processor.py:840} INFO - DAG(s) 'tutorial' retrieved from /home/airflow/.local/lib/python3.8/site-packages/airflow/example_dags/tutorial.py
[2026-07-01T12:20:34.720+0000] {logging_mixin.py:188} INFO - [2026-07-01T12:20:34.720+0000] {dag.py:3036} INFO - Sync 1 DAGs
[2026-07-01T12:20:34.822+0000] {logging_mixin.py:188} INFO - [2026-07-01T12:20:34.818+0000] {dag.py:3823} INFO - Setting next_dagrun for tutorial to 2026-06-30 00:00:00+00:00, run_after=2026-07-01 00:00:00+00:00
[2026-07-01T12:20:34.934+0000] {processor.py:183} INFO - Processing /home/airflow/.local/lib/python3.8/site-packages/airflow/example_dags/tutorial.py took 0.542 seconds
[2026-07-01T12:21:05.188+0000] {processor.py:161} INFO - Started process (PID=1415) to work on /home/airflow/.local/lib/python3.8/site-packages/airflow/example_dags/tutorial.py
[2026-07-01T12:21:05.192+0000] {processor.py:830} INFO - Processing file /home/airflow/.local/lib/python3.8/site-packages/airflow/example_dags/tutorial.py for tasks to queue
[2026-07-01T12:21:05.200+0000] {logging_mixin.py:188} INFO - [2026-07-01T12:21:05.199+0000] {dagbag.py:538} INFO - Filling up the DagBag from /home/airflow/.local/lib/python3.8/site-packages/airflow/example_dags/tutorial.py
[2026-07-01T12:21:05.215+0000] {processor.py:840} INFO - DAG(s) 'tutorial' retrieved from /home/airflow/.local/lib/python3.8/site-packages/airflow/example_dags/tutorial.py
[2026-07-01T12:21:05.264+0000] {logging_mixin.py:188} INFO - [2026-07-01T12:21:05.264+0000] {dag.py:3036} INFO - Sync 1 DAGs
[2026-07-01T12:21:05.315+0000] {logging_mixin.py:188} INFO - [2026-07-01T12:21:05.314+0000] {dag.py:3823} INFO - Setting next_dagrun for tutorial to 2026-06-30 00:00:00+00:00, run_after=2026-07-01 00:00:00+00:00
[2026-07-01T12:21:05.359+0000] {processor.py:183} INFO - Processing /home/airflow/.local/lib/python3.8/site-packages/airflow/example_dags/tutorial.py took 0.180 seconds
[2026-07-01T12:21:35.509+0000] {processor.py:161} INFO - Started process (PID=1471) to work on /home/airflow/.local/lib/python3.8/site-packages/airflow/example_dags/tutorial.py
[2026-07-01T12:21:35.514+0000] {processor.py:830} INFO - Processing file /home/airflow/.local/lib/python3.8/site-packages/airflow/example_dags/tutorial.py for tasks to queue
[2026-07-01T12:21:35.522+0000] {logging_mixin.py:188} INFO - [2026-07-01T12:21:35.521+0000] {dagbag.py:538} INFO - Filling up the DagBag from /home/airflow/.local/lib/python3.8/site-packages/airflow/example_dags/tutorial.py
[2026-07-01T12:21:35.543+0000] {processor.py:840} INFO - DAG(s) 'tutorial' retrieved from /home/airflow/.local/lib/python3.8/site-packages/airflow/example_dags/tutorial.py
[2026-07-01T12:21:35.606+0000] {logging_mixin.py:188} INFO - [2026-07-01T12:21:35.605+0000] {dag.py:3036} INFO - Sync 1 DAGs
[2026-07-01T12:21:35.671+0000] {logging_mixin.py:188} INFO - [2026-07-01T12:21:35.670+0000] {dag.py:3823} INFO - Setting next_dagrun for tutorial to 2026-06-30 00:00:00+00:00, run_after=2026-07-01 00:00:00+00:00
[2026-07-01T12:21:35.722+0000] {processor.py:183} INFO - Processing /home/airflow/.local/lib/python3.8/site-packages/airflow/example_dags/tutorial.py took 0.225 seconds
[2026-07-01T12:22:05.876+0000] {processor.py:161} INFO - Started process (PID=1527) to work on /home/airflow/.local/lib/python3.8/site-packages/airflow/example_dags/tutorial.py
[2026-07-01T12:22:05.879+0000] {processor.py:830} INFO - Processing file /home/airflow/.local/lib/python3.8/site-packages/airflow/example_dags/tutorial.py for tasks to queue
[2026-07-01T12:22:05.885+0000] {logging_mixin.py:188} INFO - [2026-07-01T12:22:05.884+0000] {dagbag.py:538} INFO - Filling up the DagBag from /home/airflow/.local/lib/python3.8/site-packages/airflow/example_dags/tutorial.py
[2026-07-01T12:22:05.900+0000] {processor.py:840} INFO - DAG(s) 'tutorial' retrieved from /home/airflow/.local/lib/python3.8/site-packages/airflow/example_dags/tutorial.py
[2026-07-01T12:22:05.943+0000] {logging_mixin.py:188} INFO - [2026-07-01T12:22:05.942+0000] {dag.py:3036} INFO - Sync 1 DAGs
[2026-07-01T12:22:05.994+0000] {logging_mixin.py:188} INFO - [2026-07-01T12:22:05.994+0000] {dag.py:3823} INFO - Setting next_dagrun for tutorial to 2026-06-30 00:00:00+00:00, run_after=2026-07-01 00:00:00+00:00
[2026-07-01T12:22:06.042+0000] {processor.py:183} INFO - Processing /home/airflow/.local/lib/python3.8/site-packages/airflow/example_dags/tutorial.py took 0.175 seconds
[2026-07-01T12:22:36.220+0000] {processor.py:161} INFO - Started process (PID=1583) to work on /home/airflow/.local/lib/python3.8/site-packages/airflow/example_dags/tutorial.py
[2026-07-01T12:22:36.224+0000] {processor.py:830} INFO - Processing file /home/airflow/.local/lib/python3.8/site-packages/airflow/example_dags/tutorial.py for tasks to queue
[2026-07-01T12:22:36.231+0000] {logging_mixin.py:188} INFO - [2026-07-01T12:22:36.230+0000] {dagbag.py:538} INFO - Filling up the DagBag from /home/airflow/.local/lib/python3.8/site-packages/airflow/example_dags/tutorial.py
[2026-07-01T12:22:36.250+0000] {processor.py:840} INFO - DAG(s) 'tutorial' retrieved from /home/airflow/.local/lib/python3.8/site-packages/airflow/example_dags/tutorial.py
[2026-07-01T12:22:36.307+0000] {logging_mixin.py:188} INFO - [2026-07-01T12:22:36.306+0000] {dag.py:3036} INFO - Sync 1 DAGs
[2026-07-01T12:22:36.364+0000] {logging_mixin.py:188} INFO - [2026-07-01T12:22:36.364+0000] {dag.py:3823} INFO - Setting next_dagrun for tutorial to 2026-06-30 00:00:00+00:00, run_after=2026-07-01 00:00:00+00:00
[2026-07-01T12:22:36.437+0000] {processor.py:183} INFO - Processing /home/airflow/.local/lib/python3.8/site-packages/airflow/example_dags/tutorial.py took 0.226 seconds
[2026-07-01T12:23:07.213+0000] {processor.py:161} INFO - Started process (PID=1639) to work on /home/airflow/.local/lib/python3.8/site-packages/airflow/example_dags/tutorial.py
[2026-07-01T12:23:07.217+0000] {processor.py:830} INFO - Processing file /home/airflow/.local/lib/python3.8/site-packages/airflow/example_dags/tutorial.py for tasks to queue
[2026-07-01T12:23:07.224+0000] {logging_mixin.py:188} INFO - [2026-07-01T12:23:07.223+0000] {dagbag.py:538} INFO - Filling up the DagBag from /home/airflow/.local/lib/python3.8/site-packages/airflow/example_dags/tutorial.py
[2026-07-01T12:23:07.245+0000] {processor.py:840} INFO - DAG(s) 'tutorial' retrieved from /home/airflow/.local/lib/python3.8/site-packages/airflow/example_dags/tutorial.py
[2026-07-01T12:23:07.312+0000] {logging_mixin.py:188} INFO - [2026-07-01T12:23:07.311+0000] {dag.py:3036} INFO - Sync 1 DAGs
[2026-07-01T12:23:07.368+0000] {logging_mixin.py:188} INFO - [2026-07-01T12:23:07.367+0000] {dag.py:3823} INFO - Setting next_dagrun for tutorial to 2026-06-30 00:00:00+00:00, run_after=2026-07-01 00:00:00+00:00
[2026-07-01T12:23:07.416+0000] {processor.py:183} INFO - Processing /home/airflow/.local/lib/python3.8/site-packages/airflow/example_dags/tutorial.py took 0.214 seconds
[2026-07-01T12:23:38.952+0000] {processor.py:161} INFO - Started process (PID=1695) to work on /home/airflow/.local/lib/python3.8/site-packages/airflow/example_dags/tutorial.py
[2026-07-01T12:23:38.956+0000] {processor.py:830} INFO - Processing file /home/airflow/.local/lib/python3.8/site-packages/airflow/example_dags/tutorial.py for tasks to queue
[2026-07-01T12:23:38.964+0000] {logging_mixin.py:188} INFO - [2026-07-01T12:23:38.964+0000] {dagbag.py:538} INFO - Filling up the DagBag from /home/airflow/.local/lib/python3.8/site-packages/airflow/example_dags/tutorial.py
[2026-07-01T12:23:38.989+0000] {processor.py:840} INFO - DAG(s) 'tutorial' retrieved from /home/airflow/.local/lib/python3.8/site-packages/airflow/example_dags/tutorial.py
[2026-07-01T12:23:39.060+0000] {logging_mixin.py:188} INFO - [2026-07-01T12:23:39.059+0000] {dag.py:3036} INFO - Sync 1 DAGs
[2026-07-01T12:23:39.136+0000] {logging_mixin.py:188} INFO - [2026-07-01T12:23:39.136+0000] {dag.py:3823} INFO - Setting next_dagrun for tutorial to 2026-06-30 00:00:00+00:00, run_after=2026-07-01 00:00:00+00:00
[2026-07-01T12:23:39.194+0000] {processor.py:183} INFO - Processing /home/airflow/.local/lib/python3.8/site-packages/airflow/example_dags/tutorial.py took 0.259 seconds
[2026-07-01T12:24:09.586+0000] {processor.py:161} INFO - Started process (PID=1751) to work on /home/airflow/.local/lib/python3.8/site-packages/airflow/example_dags/tutorial.py
[2026-07-01T12:24:09.590+0000] {processor.py:830} INFO - Processing file /home/airflow/.local/lib/python3.8/site-packages/airflow/example_dags/tutorial.py for tasks to queue
[2026-07-01T12:24:09.598+0000] {logging_mixin.py:188} INFO - [2026-07-01T12:24:09.597+0000] {dagbag.py:538} INFO - Filling up the DagBag from /home/airflow/.local/lib/python3.8/site-packages/airflow/example_dags/tutorial.py
[2026-07-01T12:24:09.619+0000] {processor.py:840} INFO - DAG(s) 'tutorial' retrieved from /home/airflow/.local/lib/python3.8/site-packages/airflow/example_dags/tutorial.py
[2026-07-01T12:24:09.693+0000] {logging_mixin.py:188} INFO - [2026-07-01T12:24:09.692+0000] {dag.py:3036} INFO - Sync 1 DAGs
[2026-07-01T12:24:09.756+0000] {logging_mixin.py:188} INFO - [2026-07-01T12:24:09.755+0000] {dag.py:3823} INFO - Setting next_dagrun for tutorial to 2026-06-30 00:00:00+00:00, run_after=2026-07-01 00:00:00+00:00
[2026-07-01T12:24:09.809+0000] {processor.py:183} INFO - Processing /home/airflow/.local/lib/python3.8/site-packages/airflow/example_dags/tutorial.py took 0.233 seconds
[2026-07-01T12:24:39.941+0000] {processor.py:161} INFO - Started process (PID=1807) to work on /home/airflow/.local/lib/python3.8/site-packages/airflow/example_dags/tutorial.py
[2026-07-01T12:24:39.945+0000] {processor.py:830} INFO - Processing file /home/airflow/.local/lib/python3.8/site-packages/airflow/example_dags/tutorial.py for tasks to queue
[2026-07-01T12:24:39.952+0000] {logging_mixin.py:188} INFO - [2026-07-01T12:24:39.951+0000] {dagbag.py:538} INFO - Filling up the DagBag from /home/airflow/.local/lib/python3.8/site-packages/airflow/example_dags/tutorial.py
[2026-07-01T12:24:39.973+0000] {processor.py:840} INFO - DAG(s) 'tutorial' retrieved from /home/airflow/.local/lib/python3.8/site-packages/airflow/example_dags/tutorial.py
[2026-07-01T12:24:40.033+0000] {logging_mixin.py:188} INFO - [2026-07-01T12:24:40.032+0000] {dag.py:3036} INFO - Sync 1 DAGs
[2026-07-01T12:24:40.094+0000] {logging_mixin.py:188} INFO - [2026-07-01T12:24:40.093+0000] {dag.py:3823} INFO - Setting next_dagrun for tutorial to 2026-06-30 00:00:00+00:00, run_after=2026-07-01 00:00:00+00:00
[2026-07-01T12:24:40.136+0000] {processor.py:183} INFO - Processing /home/airflow/.local/lib/python3.8/site-packages/airflow/example_dags/tutorial.py took 0.207 seconds
[2026-07-01T12:25:11.039+0000] {processor.py:161} INFO - Started process (PID=1863) to work on /home/airflow/.local/lib/python3.8/site-packages/airflow/example_dags/tutorial.py
[2026-07-01T12:25:11.041+0000] {processor.py:830} INFO - Processing file /home/airflow/.local/lib/python3.8/site-packages/airflow/example_dags/tutorial.py for tasks to queue
[2026-07-01T12:25:11.047+0000] {logging_mixin.py:188} INFO - [2026-07-01T12:25:11.046+0000] {dagbag.py:538} INFO - Filling up the DagBag from /home/airflow/.local/lib/python3.8/site-packages/airflow/example_dags/tutorial.py
[2026-07-01T12:25:11.063+0000] {processor.py:840} INFO - DAG(s) 'tutorial' retrieved from /home/airflow/.local/lib/python3.8/site-packages/airflow/example_dags/tutorial.py
[2026-07-01T12:25:11.120+0000] {logging_mixin.py:188} INFO - [2026-07-01T12:25:11.119+0000] {dag.py:3036} INFO - Sync 1 DAGs
[2026-07-01T12:25:11.184+0000] {logging_mixin.py:188} INFO - [2026-07-01T12:25:11.183+0000] {dag.py:3823} INFO - Setting next_dagrun for tutorial to 2026-06-30 00:00:00+00:00, run_after=2026-07-01 00:00:00+00:00
[2026-07-01T12:25:11.234+0000] {processor.py:183} INFO - Processing /home/airflow/.local/lib/python3.8/site-packages/airflow/example_dags/tutorial.py took 0.204 seconds
[2026-07-01T12:25:41.777+0000] {processor.py:161} INFO - Started process (PID=1919) to work on /home/airflow/.local/lib/python3.8/site-packages/airflow/example_dags/tutorial.py
[2026-07-01T12:25:41.780+0000] {processor.py:830} INFO - Processing file /home/airflow/.local/lib/python3.8/site-packages/airflow/example_dags/tutorial.py for tasks to queue
[2026-07-01T12:25:41.786+0000] {logging_mixin.py:188} INFO - [2026-07-01T12:25:41.785+0000] {dagbag.py:538} INFO - Filling up the DagBag from /home/airflow/.local/lib/python3.8/site-packages/airflow/example_dags/tutorial.py
[2026-07-01T12:25:41.801+0000] {processor.py:840} INFO - DAG(s) 'tutorial' retrieved from /home/airflow/.local/lib/python3.8/site-packages/airflow/example_dags/tutorial.py
[2026-07-01T12:25:41.855+0000] {logging_mixin.py:188} INFO - [2026-07-01T12:25:41.854+0000] {dag.py:3036} INFO - Sync 1 DAGs
[2026-07-01T12:25:41.909+0000] {logging_mixin.py:188} INFO - [2026-07-01T12:25:41.908+0000] {dag.py:3823} INFO - Setting next_dagrun for tutorial to 2026-06-30 00:00:00+00:00, run_after=2026-07-01 00:00:00+00:00
[2026-07-01T12:25:41.951+0000] {processor.py:183} INFO - Processing /home/airflow/.local/lib/python3.8/site-packages/airflow/example_dags/tutorial.py took 0.182 seconds
[2026-07-01T12:26:12.924+0000] {processor.py:161} INFO - Started process (PID=1975) to work on /home/airflow/.local/lib/python3.8/site-packages/airflow/example_dags/tutorial.py
[2026-07-01T12:26:12.928+0000] {processor.py:830} INFO - Processing file /home/airflow/.local/lib/python3.8/site-packages/airflow/example_dags/tutorial.py for tasks to queue
[2026-07-01T12:26:12.934+0000] {logging_mixin.py:188} INFO - [2026-07-01T12:26:12.933+0000] {dagbag.py:538} INFO - Filling up the DagBag from /home/airflow/.local/lib/python3.8/site-packages/airflow/example_dags/tutorial.py
[2026-07-01T12:26:12.970+0000] {processor.py:840} INFO - DAG(s) 'tutorial' retrieved from /home/airflow/.local/lib/python3.8/site-packages/airflow/example_dags/tutorial.py
[2026-07-01T12:26:13.047+0000] {logging_mixin.py:188} INFO - [2026-07-01T12:26:13.046+0000] {dag.py:3036} INFO - Sync 1 DAGs
[2026-07-01T12:26:13.106+0000] {logging_mixin.py:188} INFO - [2026-07-01T12:26:13.105+0000] {dag.py:3823} INFO - Setting next_dagrun for tutorial to 2026-06-30 00:00:00+00:00, run_after=2026-07-01 00:00:00+00:00
[2026-07-01T12:26:13.163+0000] {processor.py:183} INFO - Processing /home/airflow/.local/lib/python3.8/site-packages/airflow/example_dags/tutorial.py took 0.249 seconds
[2026-07-01T12:26:43.549+0000] {processor.py:161} INFO - Started process (PID=2031) to work on /home/airflow/.local/lib/python3.8/site-packages/airflow/example_dags/tutorial.py
[2026-07-01T12:26:43.555+0000] {processor.py:830} INFO - Processing file /home/airflow/.local/lib/python3.8/site-packages/airflow/example_dags/tutorial.py for tasks to queue
[2026-07-01T12:26:43.562+0000] {logging_mixin.py:188} INFO - [2026-07-01T12:26:43.561+0000] {dagbag.py:538} INFO - Filling up the DagBag from /home/airflow/.local/lib/python3.8/site-packages/airflow/example_dags/tutorial.py
[2026-07-01T12:26:43.581+0000] {processor.py:840} INFO - DAG(s) 'tutorial' retrieved from /home/airflow/.local/lib/python3.8/site-packages/airflow/example_dags/tutorial.py
[2026-07-01T12:26:43.639+0000] {logging_mixin.py:188} INFO - [2026-07-01T12:26:43.639+0000] {dag.py:3036} INFO - Sync 1 DAGs
[2026-07-01T12:26:43.697+0000] {logging_mixin.py:188} INFO - [2026-07-01T12:26:43.696+0000] {dag.py:3823} INFO - Setting next_dagrun for tutorial to 2026-06-30 00:00:00+00:00, run_after=2026-07-01 00:00:00+00:00
[2026-07-01T12:26:43.740+0000] {processor.py:183} INFO - Processing /home/airflow/.local/lib/python3.8/site-packages/airflow/example_dags/tutorial.py took 0.201 seconds
[2026-07-01T12:27:13.981+0000] {processor.py:161} INFO - Started process (PID=2085) to work on /home/airflow/.local/lib/python3.8/site-packages/airflow/example_dags/tutorial.py
[2026-07-01T12:27:13.985+0000] {processor.py:830} INFO - Processing file /home/airflow/.local/lib/python3.8/site-packages/airflow/example_dags/tutorial.py for tasks to queue
[2026-07-01T12:27:13.992+0000] {logging_mixin.py:188} INFO - [2026-07-01T12:27:13.991+0000] {dagbag.py:538} INFO - Filling up the DagBag from /home/airflow/.local/lib/python3.8/site-packages/airflow/example_dags/tutorial.py
[2026-07-01T12:27:14.010+0000] {processor.py:840} INFO - DAG(s) 'tutorial' retrieved from /home/airflow/.local/lib/python3.8/site-packages/airflow/example_dags/tutorial.py
[2026-07-01T12:27:14.075+0000] {logging_mixin.py:188} INFO - [2026-07-01T12:27:14.074+0000] {dag.py:3036} INFO - Sync 1 DAGs
[2026-07-01T12:27:14.158+0000] {logging_mixin.py:188} INFO - [2026-07-01T12:27:14.157+0000] {dag.py:3823} INFO - Setting next_dagrun for tutorial to 2026-06-30 00:00:00+00:00, run_after=2026-07-01 00:00:00+00:00
[2026-07-01T12:27:14.232+0000] {processor.py:183} INFO - Processing /home/airflow/.local/lib/python3.8/site-packages/airflow/example_dags/tutorial.py took 0.262 seconds
[2026-07-01T12:27:44.875+0000] {processor.py:161} INFO - Started process (PID=2141) to work on /home/airflow/.local/lib/python3.8/site-packages/airflow/example_dags/tutorial.py
[2026-07-01T12:27:44.882+0000] {processor.py:830} INFO - Processing file /home/airflow/.local/lib/python3.8/site-packages/airflow/example_dags/tutorial.py for tasks to queue
[2026-07-01T12:27:44.899+0000] {logging_mixin.py:188} INFO - [2026-07-01T12:27:44.897+0000] {dagbag.py:538} INFO - Filling up the DagBag from /home/airflow/.local/lib/python3.8/site-packages/airflow/example_dags/tutorial.py
[2026-07-01T12:27:44.935+0000] {processor.py:840} INFO - DAG(s) 'tutorial' retrieved from /home/airflow/.local/lib/python3.8/site-packages/airflow/example_dags/tutorial.py
[2026-07-01T12:27:45.019+0000] {logging_mixin.py:188} INFO - [2026-07-01T12:27:45.019+0000] {dag.py:3036} INFO - Sync 1 DAGs
[2026-07-01T12:27:45.079+0000] {logging_mixin.py:188} INFO - [2026-07-01T12:27:45.079+0000] {dag.py:3823} INFO - Setting next_dagrun for tutorial to 2026-06-30 00:00:00+00:00, run_after=2026-07-01 00:00:00+00:00
[2026-07-01T12:27:45.129+0000] {processor.py:183} INFO - Processing /home/airflow/.local/lib/python3.8/site-packages/airflow/example_dags/tutorial.py took 0.274 seconds
[2026-07-01T12:28:15.403+0000] {processor.py:161} INFO - Started process (PID=2197) to work on /home/airflow/.local/lib/python3.8/site-packages/airflow/example_dags/tutorial.py
[2026-07-01T12:28:15.406+0000] {processor.py:830} INFO - Processing file /home/airflow/.local/lib/python3.8/site-packages/airflow/example_dags/tutorial.py for tasks to queue
[2026-07-01T12:28:15.411+0000] {logging_mixin.py:188} INFO - [2026-07-01T12:28:15.410+0000] {dagbag.py:538} INFO - Filling up the DagBag from /home/airflow/.local/lib/python3.8/site-packages/airflow/example_dags/tutorial.py
[2026-07-01T12:28:15.427+0000] {processor.py:840} INFO - DAG(s) 'tutorial' retrieved from /home/airflow/.local/lib/python3.8/site-packages/airflow/example_dags/tutorial.py
[2026-07-01T12:28:15.477+0000] {logging_mixin.py:188} INFO - [2026-07-01T12:28:15.476+0000] {dag.py:3036} INFO - Sync 1 DAGs
[2026-07-01T12:28:15.532+0000] {logging_mixin.py:188} INFO - [2026-07-01T12:28:15.531+0000] {dag.py:3823} INFO - Setting next_dagrun for tutorial to 2026-06-30 00:00:00+00:00, run_after=2026-07-01 00:00:00+00:00
[2026-07-01T12:28:15.580+0000] {processor.py:183} INFO - Processing /home/airflow/.local/lib/python3.8/site-packages/airflow/example_dags/tutorial.py took 0.185 seconds
[2026-07-01T12:28:45.967+0000] {processor.py:161} INFO - Started process (PID=2254) to work on /home/airflow/.local/lib/python3.8/site-packages/airflow/example_dags/tutorial.py
[2026-07-01T12:28:45.970+0000] {processor.py:830} INFO - Processing file /home/airflow/.local/lib/python3.8/site-packages/airflow/example_dags/tutorial.py for tasks to queue
[2026-07-01T12:28:45.975+0000] {logging_mixin.py:188} INFO - [2026-07-01T12:28:45.975+0000] {dagbag.py:538} INFO - Filling up the DagBag from /home/airflow/.local/lib/python3.8/site-packages/airflow/example_dags/tutorial.py
[2026-07-01T12:28:45.992+0000] {processor.py:840} INFO - DAG(s) 'tutorial' retrieved from /home/airflow/.local/lib/python3.8/site-packages/airflow/example_dags/tutorial.py
[2026-07-01T12:28:46.041+0000] {logging_mixin.py:188} INFO - [2026-07-01T12:28:46.040+0000] {dag.py:3036} INFO - Sync 1 DAGs
[2026-07-01T12:28:46.091+0000] {logging_mixin.py:188} INFO - [2026-07-01T12:28:46.091+0000] {dag.py:3823} INFO - Setting next_dagrun for tutorial to 2026-06-30 00:00:00+00:00, run_after=2026-07-01 00:00:00+00:00
[2026-07-01T12:28:46.135+0000] {processor.py:183} INFO - Processing /home/airflow/.local/lib/python3.8/site-packages/airflow/example_dags/tutorial.py took 0.176 seconds
[2026-07-01T12:29:16.609+0000] {processor.py:161} INFO - Started process (PID=2311) to work on /home/airflow/.local/lib/python3.8/site-packages/airflow/example_dags/tutorial.py
[2026-07-01T12:29:16.615+0000] {processor.py:830} INFO - Processing file /home/airflow/.local/lib/python3.8/site-packages/airflow/example_dags/tutorial.py for tasks to queue
[2026-07-01T12:29:16.623+0000] {logging_mixin.py:188} INFO - [2026-07-01T12:29:16.622+0000] {dagbag.py:538} INFO - Filling up the DagBag from /home/airflow/.local/lib/python3.8/site-packages/airflow/example_dags/tutorial.py
[2026-07-01T12:29:16.643+0000] {processor.py:840} INFO - DAG(s) 'tutorial' retrieved from /home/airflow/.local/lib/python3.8/site-packages/airflow/example_dags/tutorial.py
[2026-07-01T12:29:16.701+0000] {logging_mixin.py:188} INFO - [2026-07-01T12:29:16.700+0000] {dag.py:3036} INFO - Sync 1 DAGs
[2026-07-01T12:29:16.757+0000] {logging_mixin.py:188} INFO - [2026-07-01T12:29:16.757+0000] {dag.py:3823} INFO - Setting next_dagrun for tutorial to 2026-06-30 00:00:00+00:00, run_after=2026-07-01 00:00:00+00:00
[2026-07-01T12:29:16.804+0000] {processor.py:183} INFO - Processing /home/airflow/.local/lib/python3.8/site-packages/airflow/example_dags/tutorial.py took 0.211 seconds
