[2026-07-01T11:58:39.162+0000] {processor.py:161} INFO - Started process (PID=119) to work on /home/airflow/.local/lib/python3.8/site-packages/airflow/example_dags/tutorial_dag.py
[2026-07-01T11:58:39.169+0000] {processor.py:830} INFO - Processing file /home/airflow/.local/lib/python3.8/site-packages/airflow/example_dags/tutorial_dag.py for tasks to queue
[2026-07-01T11:58:39.177+0000] {logging_mixin.py:188} INFO - [2026-07-01T11:58:39.176+0000] {dagbag.py:538} INFO - Filling up the DagBag from /home/airflow/.local/lib/python3.8/site-packages/airflow/example_dags/tutorial_dag.py
[2026-07-01T11:58:39.222+0000] {processor.py:840} INFO - DAG(s) 'tutorial_dag' retrieved from /home/airflow/.local/lib/python3.8/site-packages/airflow/example_dags/tutorial_dag.py
[2026-07-01T11:58:39.768+0000] {logging_mixin.py:188} INFO - [2026-07-01T11:58:39.767+0000] {dag.py:3036} INFO - Sync 1 DAGs
[2026-07-01T11:58:39.876+0000] {logging_mixin.py:188} INFO - [2026-07-01T11:58:39.875+0000] {dag.py:3823} INFO - Setting next_dagrun for tutorial_dag to None, run_after=None
[2026-07-01T11:58:39.967+0000] {processor.py:183} INFO - Processing /home/airflow/.local/lib/python3.8/site-packages/airflow/example_dags/tutorial_dag.py took 0.824 seconds
[2026-07-01T11:59:10.346+0000] {processor.py:161} INFO - Started process (PID=174) to work on /home/airflow/.local/lib/python3.8/site-packages/airflow/example_dags/tutorial_dag.py
[2026-07-01T11:59:10.350+0000] {processor.py:830} INFO - Processing file /home/airflow/.local/lib/python3.8/site-packages/airflow/example_dags/tutorial_dag.py for tasks to queue
[2026-07-01T11:59:10.358+0000] {logging_mixin.py:188} INFO - [2026-07-01T11:59:10.357+0000] {dagbag.py:538} INFO - Filling up the DagBag from /home/airflow/.local/lib/python3.8/site-packages/airflow/example_dags/tutorial_dag.py
[2026-07-01T11:59:10.391+0000] {processor.py:840} INFO - DAG(s) 'tutorial_dag' retrieved from /home/airflow/.local/lib/python3.8/site-packages/airflow/example_dags/tutorial_dag.py
[2026-07-01T11:59:10.464+0000] {logging_mixin.py:188} INFO - [2026-07-01T11:59:10.463+0000] {dag.py:3036} INFO - Sync 1 DAGs
[2026-07-01T11:59:10.511+0000] {logging_mixin.py:188} INFO - [2026-07-01T11:59:10.511+0000] {dag.py:3823} INFO - Setting next_dagrun for tutorial_dag to None, run_after=None
[2026-07-01T11:59:10.578+0000] {processor.py:183} INFO - Processing /home/airflow/.local/lib/python3.8/site-packages/airflow/example_dags/tutorial_dag.py took 0.245 seconds
[2026-07-01T11:59:41.152+0000] {processor.py:161} INFO - Started process (PID=229) to work on /home/airflow/.local/lib/python3.8/site-packages/airflow/example_dags/tutorial_dag.py
[2026-07-01T11:59:41.157+0000] {processor.py:830} INFO - Processing file /home/airflow/.local/lib/python3.8/site-packages/airflow/example_dags/tutorial_dag.py for tasks to queue
[2026-07-01T11:59:41.166+0000] {logging_mixin.py:188} INFO - [2026-07-01T11:59:41.165+0000] {dagbag.py:538} INFO - Filling up the DagBag from /home/airflow/.local/lib/python3.8/site-packages/airflow/example_dags/tutorial_dag.py
[2026-07-01T11:59:41.197+0000] {processor.py:840} INFO - DAG(s) 'tutorial_dag' retrieved from /home/airflow/.local/lib/python3.8/site-packages/airflow/example_dags/tutorial_dag.py
[2026-07-01T11:59:41.260+0000] {logging_mixin.py:188} INFO - [2026-07-01T11:59:41.259+0000] {dag.py:3036} INFO - Sync 1 DAGs
[2026-07-01T11:59:41.298+0000] {logging_mixin.py:188} INFO - [2026-07-01T11:59:41.297+0000] {dag.py:3823} INFO - Setting next_dagrun for tutorial_dag to None, run_after=None
[2026-07-01T11:59:41.365+0000] {processor.py:183} INFO - Processing /home/airflow/.local/lib/python3.8/site-packages/airflow/example_dags/tutorial_dag.py took 0.227 seconds
[2026-07-01T12:00:11.447+0000] {processor.py:161} INFO - Started process (PID=284) to work on /home/airflow/.local/lib/python3.8/site-packages/airflow/example_dags/tutorial_dag.py
[2026-07-01T12:00:11.450+0000] {processor.py:830} INFO - Processing file /home/airflow/.local/lib/python3.8/site-packages/airflow/example_dags/tutorial_dag.py for tasks to queue
[2026-07-01T12:00:11.457+0000] {logging_mixin.py:188} INFO - [2026-07-01T12:00:11.456+0000] {dagbag.py:538} INFO - Filling up the DagBag from /home/airflow/.local/lib/python3.8/site-packages/airflow/example_dags/tutorial_dag.py
[2026-07-01T12:00:11.476+0000] {processor.py:840} INFO - DAG(s) 'tutorial_dag' retrieved from /home/airflow/.local/lib/python3.8/site-packages/airflow/example_dags/tutorial_dag.py
[2026-07-01T12:00:11.508+0000] {logging_mixin.py:188} INFO - [2026-07-01T12:00:11.508+0000] {dag.py:3036} INFO - Sync 1 DAGs
[2026-07-01T12:00:11.549+0000] {logging_mixin.py:188} INFO - [2026-07-01T12:00:11.548+0000] {dag.py:3823} INFO - Setting next_dagrun for tutorial_dag to None, run_after=None
[2026-07-01T12:00:11.606+0000] {processor.py:183} INFO - Processing /home/airflow/.local/lib/python3.8/site-packages/airflow/example_dags/tutorial_dag.py took 0.171 seconds
[2026-07-01T12:00:42.197+0000] {processor.py:161} INFO - Started process (PID=339) to work on /home/airflow/.local/lib/python3.8/site-packages/airflow/example_dags/tutorial_dag.py
[2026-07-01T12:00:42.202+0000] {processor.py:830} INFO - Processing file /home/airflow/.local/lib/python3.8/site-packages/airflow/example_dags/tutorial_dag.py for tasks to queue
[2026-07-01T12:00:42.211+0000] {logging_mixin.py:188} INFO - [2026-07-01T12:00:42.210+0000] {dagbag.py:538} INFO - Filling up the DagBag from /home/airflow/.local/lib/python3.8/site-packages/airflow/example_dags/tutorial_dag.py
[2026-07-01T12:00:42.243+0000] {processor.py:840} INFO - DAG(s) 'tutorial_dag' retrieved from /home/airflow/.local/lib/python3.8/site-packages/airflow/example_dags/tutorial_dag.py
[2026-07-01T12:00:42.507+0000] {logging_mixin.py:188} INFO - [2026-07-01T12:00:42.507+0000] {dag.py:3036} INFO - Sync 1 DAGs
[2026-07-01T12:00:42.533+0000] {logging_mixin.py:188} INFO - [2026-07-01T12:00:42.532+0000] {dag.py:3823} INFO - Setting next_dagrun for tutorial_dag to None, run_after=None
[2026-07-01T12:00:42.575+0000] {processor.py:183} INFO - Processing /home/airflow/.local/lib/python3.8/site-packages/airflow/example_dags/tutorial_dag.py took 0.390 seconds
[2026-07-01T12:01:13.034+0000] {processor.py:161} INFO - Started process (PID=394) to work on /home/airflow/.local/lib/python3.8/site-packages/airflow/example_dags/tutorial_dag.py
[2026-07-01T12:01:13.037+0000] {processor.py:830} INFO - Processing file /home/airflow/.local/lib/python3.8/site-packages/airflow/example_dags/tutorial_dag.py for tasks to queue
[2026-07-01T12:01:13.042+0000] {logging_mixin.py:188} INFO - [2026-07-01T12:01:13.042+0000] {dagbag.py:538} INFO - Filling up the DagBag from /home/airflow/.local/lib/python3.8/site-packages/airflow/example_dags/tutorial_dag.py
[2026-07-01T12:01:13.056+0000] {processor.py:840} INFO - DAG(s) 'tutorial_dag' retrieved from /home/airflow/.local/lib/python3.8/site-packages/airflow/example_dags/tutorial_dag.py
[2026-07-01T12:01:13.109+0000] {logging_mixin.py:188} INFO - [2026-07-01T12:01:13.108+0000] {dag.py:3036} INFO - Sync 1 DAGs
[2026-07-01T12:01:13.139+0000] {logging_mixin.py:188} INFO - [2026-07-01T12:01:13.138+0000] {dag.py:3823} INFO - Setting next_dagrun for tutorial_dag to None, run_after=None
[2026-07-01T12:01:13.186+0000] {processor.py:183} INFO - Processing /home/airflow/.local/lib/python3.8/site-packages/airflow/example_dags/tutorial_dag.py took 0.161 seconds
[2026-07-01T12:01:43.877+0000] {processor.py:161} INFO - Started process (PID=449) to work on /home/airflow/.local/lib/python3.8/site-packages/airflow/example_dags/tutorial_dag.py
[2026-07-01T12:01:43.881+0000] {processor.py:830} INFO - Processing file /home/airflow/.local/lib/python3.8/site-packages/airflow/example_dags/tutorial_dag.py for tasks to queue
[2026-07-01T12:01:43.896+0000] {logging_mixin.py:188} INFO - [2026-07-01T12:01:43.896+0000] {dagbag.py:538} INFO - Filling up the DagBag from /home/airflow/.local/lib/python3.8/site-packages/airflow/example_dags/tutorial_dag.py
[2026-07-01T12:01:43.918+0000] {processor.py:840} INFO - DAG(s) 'tutorial_dag' retrieved from /home/airflow/.local/lib/python3.8/site-packages/airflow/example_dags/tutorial_dag.py
[2026-07-01T12:01:43.992+0000] {logging_mixin.py:188} INFO - [2026-07-01T12:01:43.992+0000] {dag.py:3036} INFO - Sync 1 DAGs
[2026-07-01T12:01:44.055+0000] {logging_mixin.py:188} INFO - [2026-07-01T12:01:44.054+0000] {dag.py:3823} INFO - Setting next_dagrun for tutorial_dag to None, run_after=None
[2026-07-01T12:01:44.162+0000] {processor.py:183} INFO - Processing /home/airflow/.local/lib/python3.8/site-packages/airflow/example_dags/tutorial_dag.py took 0.305 seconds
[2026-07-01T12:02:14.269+0000] {processor.py:161} INFO - Started process (PID=505) to work on /home/airflow/.local/lib/python3.8/site-packages/airflow/example_dags/tutorial_dag.py
[2026-07-01T12:02:14.274+0000] {processor.py:830} INFO - Processing file /home/airflow/.local/lib/python3.8/site-packages/airflow/example_dags/tutorial_dag.py for tasks to queue
[2026-07-01T12:02:14.282+0000] {logging_mixin.py:188} INFO - [2026-07-01T12:02:14.281+0000] {dagbag.py:538} INFO - Filling up the DagBag from /home/airflow/.local/lib/python3.8/site-packages/airflow/example_dags/tutorial_dag.py
[2026-07-01T12:02:14.313+0000] {processor.py:840} INFO - DAG(s) 'tutorial_dag' retrieved from /home/airflow/.local/lib/python3.8/site-packages/airflow/example_dags/tutorial_dag.py
[2026-07-01T12:02:14.401+0000] {logging_mixin.py:188} INFO - [2026-07-01T12:02:14.400+0000] {dag.py:3036} INFO - Sync 1 DAGs
[2026-07-01T12:02:14.454+0000] {logging_mixin.py:188} INFO - [2026-07-01T12:02:14.453+0000] {dag.py:3823} INFO - Setting next_dagrun for tutorial_dag to None, run_after=None
[2026-07-01T12:02:14.528+0000] {processor.py:183} INFO - Processing /home/airflow/.local/lib/python3.8/site-packages/airflow/example_dags/tutorial_dag.py took 0.275 seconds
[2026-07-01T12:02:45.221+0000] {processor.py:161} INFO - Started process (PID=561) to work on /home/airflow/.local/lib/python3.8/site-packages/airflow/example_dags/tutorial_dag.py
[2026-07-01T12:02:45.225+0000] {processor.py:830} INFO - Processing file /home/airflow/.local/lib/python3.8/site-packages/airflow/example_dags/tutorial_dag.py for tasks to queue
[2026-07-01T12:02:45.231+0000] {logging_mixin.py:188} INFO - [2026-07-01T12:02:45.230+0000] {dagbag.py:538} INFO - Filling up the DagBag from /home/airflow/.local/lib/python3.8/site-packages/airflow/example_dags/tutorial_dag.py
[2026-07-01T12:02:45.249+0000] {processor.py:840} INFO - DAG(s) 'tutorial_dag' retrieved from /home/airflow/.local/lib/python3.8/site-packages/airflow/example_dags/tutorial_dag.py
[2026-07-01T12:02:45.312+0000] {logging_mixin.py:188} INFO - [2026-07-01T12:02:45.312+0000] {dag.py:3036} INFO - Sync 1 DAGs
[2026-07-01T12:02:45.357+0000] {logging_mixin.py:188} INFO - [2026-07-01T12:02:45.356+0000] {dag.py:3823} INFO - Setting next_dagrun for tutorial_dag to None, run_after=None
[2026-07-01T12:02:45.456+0000] {processor.py:183} INFO - Processing /home/airflow/.local/lib/python3.8/site-packages/airflow/example_dags/tutorial_dag.py took 0.245 seconds
[2026-07-01T12:03:15.666+0000] {processor.py:161} INFO - Started process (PID=616) to work on /home/airflow/.local/lib/python3.8/site-packages/airflow/example_dags/tutorial_dag.py
[2026-07-01T12:03:15.669+0000] {processor.py:830} INFO - Processing file /home/airflow/.local/lib/python3.8/site-packages/airflow/example_dags/tutorial_dag.py for tasks to queue
[2026-07-01T12:03:15.674+0000] {logging_mixin.py:188} INFO - [2026-07-01T12:03:15.674+0000] {dagbag.py:538} INFO - Filling up the DagBag from /home/airflow/.local/lib/python3.8/site-packages/airflow/example_dags/tutorial_dag.py
[2026-07-01T12:03:15.688+0000] {processor.py:840} INFO - DAG(s) 'tutorial_dag' retrieved from /home/airflow/.local/lib/python3.8/site-packages/airflow/example_dags/tutorial_dag.py
[2026-07-01T12:03:15.730+0000] {logging_mixin.py:188} INFO - [2026-07-01T12:03:15.729+0000] {dag.py:3036} INFO - Sync 1 DAGs
[2026-07-01T12:03:15.756+0000] {logging_mixin.py:188} INFO - [2026-07-01T12:03:15.756+0000] {dag.py:3823} INFO - Setting next_dagrun for tutorial_dag to None, run_after=None
[2026-07-01T12:03:15.795+0000] {processor.py:183} INFO - Processing /home/airflow/.local/lib/python3.8/site-packages/airflow/example_dags/tutorial_dag.py took 0.137 seconds
[2026-07-01T12:03:46.157+0000] {processor.py:161} INFO - Started process (PID=672) to work on /home/airflow/.local/lib/python3.8/site-packages/airflow/example_dags/tutorial_dag.py
[2026-07-01T12:03:46.161+0000] {processor.py:830} INFO - Processing file /home/airflow/.local/lib/python3.8/site-packages/airflow/example_dags/tutorial_dag.py for tasks to queue
[2026-07-01T12:03:46.166+0000] {logging_mixin.py:188} INFO - [2026-07-01T12:03:46.165+0000] {dagbag.py:538} INFO - Filling up the DagBag from /home/airflow/.local/lib/python3.8/site-packages/airflow/example_dags/tutorial_dag.py
[2026-07-01T12:03:46.182+0000] {processor.py:840} INFO - DAG(s) 'tutorial_dag' retrieved from /home/airflow/.local/lib/python3.8/site-packages/airflow/example_dags/tutorial_dag.py
[2026-07-01T12:03:46.234+0000] {logging_mixin.py:188} INFO - [2026-07-01T12:03:46.233+0000] {dag.py:3036} INFO - Sync 1 DAGs
[2026-07-01T12:03:46.268+0000] {logging_mixin.py:188} INFO - [2026-07-01T12:03:46.268+0000] {dag.py:3823} INFO - Setting next_dagrun for tutorial_dag to None, run_after=None
[2026-07-01T12:03:46.328+0000] {processor.py:183} INFO - Processing /home/airflow/.local/lib/python3.8/site-packages/airflow/example_dags/tutorial_dag.py took 0.180 seconds
[2026-07-01T12:04:16.753+0000] {processor.py:161} INFO - Started process (PID=727) to work on /home/airflow/.local/lib/python3.8/site-packages/airflow/example_dags/tutorial_dag.py
[2026-07-01T12:04:16.758+0000] {processor.py:830} INFO - Processing file /home/airflow/.local/lib/python3.8/site-packages/airflow/example_dags/tutorial_dag.py for tasks to queue
[2026-07-01T12:04:16.772+0000] {logging_mixin.py:188} INFO - [2026-07-01T12:04:16.771+0000] {dagbag.py:538} INFO - Filling up the DagBag from /home/airflow/.local/lib/python3.8/site-packages/airflow/example_dags/tutorial_dag.py
[2026-07-01T12:04:16.794+0000] {processor.py:840} INFO - DAG(s) 'tutorial_dag' retrieved from /home/airflow/.local/lib/python3.8/site-packages/airflow/example_dags/tutorial_dag.py
[2026-07-01T12:04:16.859+0000] {logging_mixin.py:188} INFO - [2026-07-01T12:04:16.858+0000] {dag.py:3036} INFO - Sync 1 DAGs
[2026-07-01T12:04:16.897+0000] {logging_mixin.py:188} INFO - [2026-07-01T12:04:16.897+0000] {dag.py:3823} INFO - Setting next_dagrun for tutorial_dag to None, run_after=None
[2026-07-01T12:04:16.952+0000] {processor.py:183} INFO - Processing /home/airflow/.local/lib/python3.8/site-packages/airflow/example_dags/tutorial_dag.py took 0.219 seconds
[2026-07-01T12:04:47.658+0000] {processor.py:161} INFO - Started process (PID=782) to work on /home/airflow/.local/lib/python3.8/site-packages/airflow/example_dags/tutorial_dag.py
[2026-07-01T12:04:47.661+0000] {processor.py:830} INFO - Processing file /home/airflow/.local/lib/python3.8/site-packages/airflow/example_dags/tutorial_dag.py for tasks to queue
[2026-07-01T12:04:47.667+0000] {logging_mixin.py:188} INFO - [2026-07-01T12:04:47.666+0000] {dagbag.py:538} INFO - Filling up the DagBag from /home/airflow/.local/lib/python3.8/site-packages/airflow/example_dags/tutorial_dag.py
[2026-07-01T12:04:47.681+0000] {processor.py:840} INFO - DAG(s) 'tutorial_dag' retrieved from /home/airflow/.local/lib/python3.8/site-packages/airflow/example_dags/tutorial_dag.py
[2026-07-01T12:04:47.740+0000] {logging_mixin.py:188} INFO - [2026-07-01T12:04:47.739+0000] {dag.py:3036} INFO - Sync 1 DAGs
[2026-07-01T12:04:47.776+0000] {logging_mixin.py:188} INFO - [2026-07-01T12:04:47.776+0000] {dag.py:3823} INFO - Setting next_dagrun for tutorial_dag to None, run_after=None
[2026-07-01T12:04:47.825+0000] {processor.py:183} INFO - Processing /home/airflow/.local/lib/python3.8/site-packages/airflow/example_dags/tutorial_dag.py took 0.176 seconds
[2026-07-01T12:05:18.995+0000] {processor.py:161} INFO - Started process (PID=837) to work on /home/airflow/.local/lib/python3.8/site-packages/airflow/example_dags/tutorial_dag.py
[2026-07-01T12:05:19.008+0000] {processor.py:830} INFO - Processing file /home/airflow/.local/lib/python3.8/site-packages/airflow/example_dags/tutorial_dag.py for tasks to queue
[2026-07-01T12:05:19.015+0000] {logging_mixin.py:188} INFO - [2026-07-01T12:05:19.014+0000] {dagbag.py:538} INFO - Filling up the DagBag from /home/airflow/.local/lib/python3.8/site-packages/airflow/example_dags/tutorial_dag.py
[2026-07-01T12:05:19.034+0000] {processor.py:840} INFO - DAG(s) 'tutorial_dag' retrieved from /home/airflow/.local/lib/python3.8/site-packages/airflow/example_dags/tutorial_dag.py
[2026-07-01T12:05:19.114+0000] {logging_mixin.py:188} INFO - [2026-07-01T12:05:19.114+0000] {dag.py:3036} INFO - Sync 1 DAGs
[2026-07-01T12:05:19.172+0000] {logging_mixin.py:188} INFO - [2026-07-01T12:05:19.171+0000] {dag.py:3823} INFO - Setting next_dagrun for tutorial_dag to None, run_after=None
[2026-07-01T12:05:19.237+0000] {processor.py:183} INFO - Processing /home/airflow/.local/lib/python3.8/site-packages/airflow/example_dags/tutorial_dag.py took 0.256 seconds
[2026-07-01T12:05:49.543+0000] {processor.py:161} INFO - Started process (PID=890) to work on /home/airflow/.local/lib/python3.8/site-packages/airflow/example_dags/tutorial_dag.py
[2026-07-01T12:05:49.546+0000] {processor.py:830} INFO - Processing file /home/airflow/.local/lib/python3.8/site-packages/airflow/example_dags/tutorial_dag.py for tasks to queue
[2026-07-01T12:05:49.551+0000] {logging_mixin.py:188} INFO - [2026-07-01T12:05:49.550+0000] {dagbag.py:538} INFO - Filling up the DagBag from /home/airflow/.local/lib/python3.8/site-packages/airflow/example_dags/tutorial_dag.py
[2026-07-01T12:05:49.565+0000] {processor.py:840} INFO - DAG(s) 'tutorial_dag' retrieved from /home/airflow/.local/lib/python3.8/site-packages/airflow/example_dags/tutorial_dag.py
[2026-07-01T12:05:49.617+0000] {logging_mixin.py:188} INFO - [2026-07-01T12:05:49.617+0000] {dag.py:3036} INFO - Sync 1 DAGs
[2026-07-01T12:05:49.650+0000] {logging_mixin.py:188} INFO - [2026-07-01T12:05:49.649+0000] {dag.py:3823} INFO - Setting next_dagrun for tutorial_dag to None, run_after=None
[2026-07-01T12:05:49.697+0000] {processor.py:183} INFO - Processing /home/airflow/.local/lib/python3.8/site-packages/airflow/example_dags/tutorial_dag.py took 0.161 seconds
[2026-07-01T12:06:20.508+0000] {processor.py:161} INFO - Started process (PID=945) to work on /home/airflow/.local/lib/python3.8/site-packages/airflow/example_dags/tutorial_dag.py
[2026-07-01T12:06:20.513+0000] {processor.py:830} INFO - Processing file /home/airflow/.local/lib/python3.8/site-packages/airflow/example_dags/tutorial_dag.py for tasks to queue
[2026-07-01T12:06:20.521+0000] {logging_mixin.py:188} INFO - [2026-07-01T12:06:20.519+0000] {dagbag.py:538} INFO - Filling up the DagBag from /home/airflow/.local/lib/python3.8/site-packages/airflow/example_dags/tutorial_dag.py
[2026-07-01T12:06:20.542+0000] {processor.py:840} INFO - DAG(s) 'tutorial_dag' retrieved from /home/airflow/.local/lib/python3.8/site-packages/airflow/example_dags/tutorial_dag.py
[2026-07-01T12:06:20.625+0000] {logging_mixin.py:188} INFO - [2026-07-01T12:06:20.624+0000] {dag.py:3036} INFO - Sync 1 DAGs
[2026-07-01T12:06:20.692+0000] {logging_mixin.py:188} INFO - [2026-07-01T12:06:20.692+0000] {dag.py:3823} INFO - Setting next_dagrun for tutorial_dag to None, run_after=None
[2026-07-01T12:06:20.770+0000] {processor.py:183} INFO - Processing /home/airflow/.local/lib/python3.8/site-packages/airflow/example_dags/tutorial_dag.py took 0.276 seconds
[2026-07-01T12:06:51.101+0000] {processor.py:161} INFO - Started process (PID=1000) to work on /home/airflow/.local/lib/python3.8/site-packages/airflow/example_dags/tutorial_dag.py
[2026-07-01T12:06:51.105+0000] {processor.py:830} INFO - Processing file /home/airflow/.local/lib/python3.8/site-packages/airflow/example_dags/tutorial_dag.py for tasks to queue
[2026-07-01T12:06:51.110+0000] {logging_mixin.py:188} INFO - [2026-07-01T12:06:51.109+0000] {dagbag.py:538} INFO - Filling up the DagBag from /home/airflow/.local/lib/python3.8/site-packages/airflow/example_dags/tutorial_dag.py
[2026-07-01T12:06:51.125+0000] {processor.py:840} INFO - DAG(s) 'tutorial_dag' retrieved from /home/airflow/.local/lib/python3.8/site-packages/airflow/example_dags/tutorial_dag.py
[2026-07-01T12:06:51.173+0000] {logging_mixin.py:188} INFO - [2026-07-01T12:06:51.172+0000] {dag.py:3036} INFO - Sync 1 DAGs
[2026-07-01T12:06:51.202+0000] {logging_mixin.py:188} INFO - [2026-07-01T12:06:51.202+0000] {dag.py:3823} INFO - Setting next_dagrun for tutorial_dag to None, run_after=None
[2026-07-01T12:06:51.249+0000] {processor.py:183} INFO - Processing /home/airflow/.local/lib/python3.8/site-packages/airflow/example_dags/tutorial_dag.py took 0.156 seconds
[2026-07-01T12:07:21.693+0000] {processor.py:161} INFO - Started process (PID=1055) to work on /home/airflow/.local/lib/python3.8/site-packages/airflow/example_dags/tutorial_dag.py
[2026-07-01T12:07:21.698+0000] {processor.py:830} INFO - Processing file /home/airflow/.local/lib/python3.8/site-packages/airflow/example_dags/tutorial_dag.py for tasks to queue
[2026-07-01T12:07:21.704+0000] {logging_mixin.py:188} INFO - [2026-07-01T12:07:21.703+0000] {dagbag.py:538} INFO - Filling up the DagBag from /home/airflow/.local/lib/python3.8/site-packages/airflow/example_dags/tutorial_dag.py
[2026-07-01T12:07:21.719+0000] {processor.py:840} INFO - DAG(s) 'tutorial_dag' retrieved from /home/airflow/.local/lib/python3.8/site-packages/airflow/example_dags/tutorial_dag.py
[2026-07-01T12:07:21.771+0000] {logging_mixin.py:188} INFO - [2026-07-01T12:07:21.771+0000] {dag.py:3036} INFO - Sync 1 DAGs
[2026-07-01T12:07:21.802+0000] {logging_mixin.py:188} INFO - [2026-07-01T12:07:21.802+0000] {dag.py:3823} INFO - Setting next_dagrun for tutorial_dag to None, run_after=None
[2026-07-01T12:07:21.869+0000] {processor.py:183} INFO - Processing /home/airflow/.local/lib/python3.8/site-packages/airflow/example_dags/tutorial_dag.py took 0.183 seconds
[2026-07-01T12:07:52.082+0000] {processor.py:161} INFO - Started process (PID=1111) to work on /home/airflow/.local/lib/python3.8/site-packages/airflow/example_dags/tutorial_dag.py
[2026-07-01T12:07:52.085+0000] {processor.py:830} INFO - Processing file /home/airflow/.local/lib/python3.8/site-packages/airflow/example_dags/tutorial_dag.py for tasks to queue
[2026-07-01T12:07:52.092+0000] {logging_mixin.py:188} INFO - [2026-07-01T12:07:52.091+0000] {dagbag.py:538} INFO - Filling up the DagBag from /home/airflow/.local/lib/python3.8/site-packages/airflow/example_dags/tutorial_dag.py
[2026-07-01T12:07:52.110+0000] {processor.py:840} INFO - DAG(s) 'tutorial_dag' retrieved from /home/airflow/.local/lib/python3.8/site-packages/airflow/example_dags/tutorial_dag.py
[2026-07-01T12:07:52.162+0000] {logging_mixin.py:188} INFO - [2026-07-01T12:07:52.161+0000] {dag.py:3036} INFO - Sync 1 DAGs
[2026-07-01T12:07:52.195+0000] {logging_mixin.py:188} INFO - [2026-07-01T12:07:52.194+0000] {dag.py:3823} INFO - Setting next_dagrun for tutorial_dag to None, run_after=None
[2026-07-01T12:07:52.240+0000] {processor.py:183} INFO - Processing /home/airflow/.local/lib/python3.8/site-packages/airflow/example_dags/tutorial_dag.py took 0.168 seconds
[2026-07-01T12:08:23.001+0000] {processor.py:161} INFO - Started process (PID=1166) to work on /home/airflow/.local/lib/python3.8/site-packages/airflow/example_dags/tutorial_dag.py
[2026-07-01T12:08:23.004+0000] {processor.py:830} INFO - Processing file /home/airflow/.local/lib/python3.8/site-packages/airflow/example_dags/tutorial_dag.py for tasks to queue
[2026-07-01T12:08:23.009+0000] {logging_mixin.py:188} INFO - [2026-07-01T12:08:23.008+0000] {dagbag.py:538} INFO - Filling up the DagBag from /home/airflow/.local/lib/python3.8/site-packages/airflow/example_dags/tutorial_dag.py
[2026-07-01T12:08:23.022+0000] {processor.py:840} INFO - DAG(s) 'tutorial_dag' retrieved from /home/airflow/.local/lib/python3.8/site-packages/airflow/example_dags/tutorial_dag.py
[2026-07-01T12:08:23.070+0000] {logging_mixin.py:188} INFO - [2026-07-01T12:08:23.070+0000] {dag.py:3036} INFO - Sync 1 DAGs
[2026-07-01T12:08:23.103+0000] {logging_mixin.py:188} INFO - [2026-07-01T12:08:23.102+0000] {dag.py:3823} INFO - Setting next_dagrun for tutorial_dag to None, run_after=None
[2026-07-01T12:08:23.159+0000] {processor.py:183} INFO - Processing /home/airflow/.local/lib/python3.8/site-packages/airflow/example_dags/tutorial_dag.py took 0.168 seconds
[2026-07-01T12:09:04.608+0000] {processor.py:161} INFO - Started process (PID=106) to work on /home/airflow/.local/lib/python3.8/site-packages/airflow/example_dags/tutorial_dag.py
[2026-07-01T12:09:04.613+0000] {processor.py:830} INFO - Processing file /home/airflow/.local/lib/python3.8/site-packages/airflow/example_dags/tutorial_dag.py for tasks to queue
[2026-07-01T12:09:04.625+0000] {logging_mixin.py:188} INFO - [2026-07-01T12:09:04.624+0000] {dagbag.py:538} INFO - Filling up the DagBag from /home/airflow/.local/lib/python3.8/site-packages/airflow/example_dags/tutorial_dag.py
[2026-07-01T12:09:04.649+0000] {processor.py:840} INFO - DAG(s) 'tutorial_dag' retrieved from /home/airflow/.local/lib/python3.8/site-packages/airflow/example_dags/tutorial_dag.py
[2026-07-01T12:09:04.758+0000] {logging_mixin.py:188} INFO - [2026-07-01T12:09:04.757+0000] {dag.py:3036} INFO - Sync 1 DAGs
[2026-07-01T12:09:04.791+0000] {logging_mixin.py:188} INFO - [2026-07-01T12:09:04.790+0000] {dag.py:3823} INFO - Setting next_dagrun for tutorial_dag to None, run_after=None
[2026-07-01T12:09:04.837+0000] {processor.py:183} INFO - Processing /home/airflow/.local/lib/python3.8/site-packages/airflow/example_dags/tutorial_dag.py took 0.247 seconds
[2026-07-01T12:09:35.643+0000] {processor.py:161} INFO - Started process (PID=162) to work on /home/airflow/.local/lib/python3.8/site-packages/airflow/example_dags/tutorial_dag.py
[2026-07-01T12:09:35.647+0000] {processor.py:830} INFO - Processing file /home/airflow/.local/lib/python3.8/site-packages/airflow/example_dags/tutorial_dag.py for tasks to queue
[2026-07-01T12:09:35.653+0000] {logging_mixin.py:188} INFO - [2026-07-01T12:09:35.652+0000] {dagbag.py:538} INFO - Filling up the DagBag from /home/airflow/.local/lib/python3.8/site-packages/airflow/example_dags/tutorial_dag.py
[2026-07-01T12:09:35.674+0000] {processor.py:840} INFO - DAG(s) 'tutorial_dag' retrieved from /home/airflow/.local/lib/python3.8/site-packages/airflow/example_dags/tutorial_dag.py
[2026-07-01T12:09:35.730+0000] {logging_mixin.py:188} INFO - [2026-07-01T12:09:35.729+0000] {dag.py:3036} INFO - Sync 1 DAGs
[2026-07-01T12:09:35.772+0000] {logging_mixin.py:188} INFO - [2026-07-01T12:09:35.771+0000] {dag.py:3823} INFO - Setting next_dagrun for tutorial_dag to None, run_after=None
[2026-07-01T12:09:35.827+0000] {processor.py:183} INFO - Processing /home/airflow/.local/lib/python3.8/site-packages/airflow/example_dags/tutorial_dag.py took 0.193 seconds
[2026-07-01T12:10:05.982+0000] {processor.py:161} INFO - Started process (PID=219) to work on /home/airflow/.local/lib/python3.8/site-packages/airflow/example_dags/tutorial_dag.py
[2026-07-01T12:10:05.987+0000] {processor.py:830} INFO - Processing file /home/airflow/.local/lib/python3.8/site-packages/airflow/example_dags/tutorial_dag.py for tasks to queue
[2026-07-01T12:10:05.996+0000] {logging_mixin.py:188} INFO - [2026-07-01T12:10:05.995+0000] {dagbag.py:538} INFO - Filling up the DagBag from /home/airflow/.local/lib/python3.8/site-packages/airflow/example_dags/tutorial_dag.py
[2026-07-01T12:10:06.021+0000] {processor.py:840} INFO - DAG(s) 'tutorial_dag' retrieved from /home/airflow/.local/lib/python3.8/site-packages/airflow/example_dags/tutorial_dag.py
[2026-07-01T12:10:06.091+0000] {logging_mixin.py:188} INFO - [2026-07-01T12:10:06.090+0000] {dag.py:3036} INFO - Sync 1 DAGs
[2026-07-01T12:10:06.129+0000] {logging_mixin.py:188} INFO - [2026-07-01T12:10:06.128+0000] {dag.py:3823} INFO - Setting next_dagrun for tutorial_dag to None, run_after=None
[2026-07-01T12:10:06.185+0000] {processor.py:183} INFO - Processing /home/airflow/.local/lib/python3.8/site-packages/airflow/example_dags/tutorial_dag.py took 0.217 seconds
[2026-07-01T12:10:36.448+0000] {processor.py:161} INFO - Started process (PID=275) to work on /home/airflow/.local/lib/python3.8/site-packages/airflow/example_dags/tutorial_dag.py
[2026-07-01T12:10:36.454+0000] {processor.py:830} INFO - Processing file /home/airflow/.local/lib/python3.8/site-packages/airflow/example_dags/tutorial_dag.py for tasks to queue
[2026-07-01T12:10:36.462+0000] {logging_mixin.py:188} INFO - [2026-07-01T12:10:36.461+0000] {dagbag.py:538} INFO - Filling up the DagBag from /home/airflow/.local/lib/python3.8/site-packages/airflow/example_dags/tutorial_dag.py
[2026-07-01T12:10:36.483+0000] {processor.py:840} INFO - DAG(s) 'tutorial_dag' retrieved from /home/airflow/.local/lib/python3.8/site-packages/airflow/example_dags/tutorial_dag.py
[2026-07-01T12:10:36.538+0000] {logging_mixin.py:188} INFO - [2026-07-01T12:10:36.537+0000] {dag.py:3036} INFO - Sync 1 DAGs
[2026-07-01T12:10:36.568+0000] {logging_mixin.py:188} INFO - [2026-07-01T12:10:36.568+0000] {dag.py:3823} INFO - Setting next_dagrun for tutorial_dag to None, run_after=None
[2026-07-01T12:10:36.612+0000] {processor.py:183} INFO - Processing /home/airflow/.local/lib/python3.8/site-packages/airflow/example_dags/tutorial_dag.py took 0.182 seconds
[2026-07-01T12:11:07.724+0000] {processor.py:161} INFO - Started process (PID=336) to work on /home/airflow/.local/lib/python3.8/site-packages/airflow/example_dags/tutorial_dag.py
[2026-07-01T12:11:07.727+0000] {processor.py:830} INFO - Processing file /home/airflow/.local/lib/python3.8/site-packages/airflow/example_dags/tutorial_dag.py for tasks to queue
[2026-07-01T12:11:07.733+0000] {logging_mixin.py:188} INFO - [2026-07-01T12:11:07.732+0000] {dagbag.py:538} INFO - Filling up the DagBag from /home/airflow/.local/lib/python3.8/site-packages/airflow/example_dags/tutorial_dag.py
[2026-07-01T12:11:07.751+0000] {processor.py:840} INFO - DAG(s) 'tutorial_dag' retrieved from /home/airflow/.local/lib/python3.8/site-packages/airflow/example_dags/tutorial_dag.py
[2026-07-01T12:11:07.799+0000] {logging_mixin.py:188} INFO - [2026-07-01T12:11:07.798+0000] {dag.py:3036} INFO - Sync 1 DAGs
[2026-07-01T12:11:07.827+0000] {logging_mixin.py:188} INFO - [2026-07-01T12:11:07.827+0000] {dag.py:3823} INFO - Setting next_dagrun for tutorial_dag to None, run_after=None
[2026-07-01T12:11:07.869+0000] {processor.py:183} INFO - Processing /home/airflow/.local/lib/python3.8/site-packages/airflow/example_dags/tutorial_dag.py took 0.155 seconds
[2026-07-01T12:11:38.525+0000] {processor.py:161} INFO - Started process (PID=392) to work on /home/airflow/.local/lib/python3.8/site-packages/airflow/example_dags/tutorial_dag.py
[2026-07-01T12:11:38.528+0000] {processor.py:830} INFO - Processing file /home/airflow/.local/lib/python3.8/site-packages/airflow/example_dags/tutorial_dag.py for tasks to queue
[2026-07-01T12:11:38.534+0000] {logging_mixin.py:188} INFO - [2026-07-01T12:11:38.533+0000] {dagbag.py:538} INFO - Filling up the DagBag from /home/airflow/.local/lib/python3.8/site-packages/airflow/example_dags/tutorial_dag.py
[2026-07-01T12:11:38.550+0000] {processor.py:840} INFO - DAG(s) 'tutorial_dag' retrieved from /home/airflow/.local/lib/python3.8/site-packages/airflow/example_dags/tutorial_dag.py
[2026-07-01T12:11:38.606+0000] {logging_mixin.py:188} INFO - [2026-07-01T12:11:38.606+0000] {dag.py:3036} INFO - Sync 1 DAGs
[2026-07-01T12:11:38.641+0000] {logging_mixin.py:188} INFO - [2026-07-01T12:11:38.640+0000] {dag.py:3823} INFO - Setting next_dagrun for tutorial_dag to None, run_after=None
[2026-07-01T12:11:38.694+0000] {processor.py:183} INFO - Processing /home/airflow/.local/lib/python3.8/site-packages/airflow/example_dags/tutorial_dag.py took 0.179 seconds
[2026-07-01T12:12:08.937+0000] {processor.py:161} INFO - Started process (PID=448) to work on /home/airflow/.local/lib/python3.8/site-packages/airflow/example_dags/tutorial_dag.py
[2026-07-01T12:12:08.940+0000] {processor.py:830} INFO - Processing file /home/airflow/.local/lib/python3.8/site-packages/airflow/example_dags/tutorial_dag.py for tasks to queue
[2026-07-01T12:12:08.946+0000] {logging_mixin.py:188} INFO - [2026-07-01T12:12:08.945+0000] {dagbag.py:538} INFO - Filling up the DagBag from /home/airflow/.local/lib/python3.8/site-packages/airflow/example_dags/tutorial_dag.py
[2026-07-01T12:12:08.960+0000] {processor.py:840} INFO - DAG(s) 'tutorial_dag' retrieved from /home/airflow/.local/lib/python3.8/site-packages/airflow/example_dags/tutorial_dag.py
[2026-07-01T12:12:09.009+0000] {logging_mixin.py:188} INFO - [2026-07-01T12:12:09.008+0000] {dag.py:3036} INFO - Sync 1 DAGs
[2026-07-01T12:12:09.037+0000] {logging_mixin.py:188} INFO - [2026-07-01T12:12:09.037+0000] {dag.py:3823} INFO - Setting next_dagrun for tutorial_dag to None, run_after=None
[2026-07-01T12:12:09.082+0000] {processor.py:183} INFO - Processing /home/airflow/.local/lib/python3.8/site-packages/airflow/example_dags/tutorial_dag.py took 0.153 seconds
[2026-07-01T12:12:39.791+0000] {processor.py:161} INFO - Started process (PID=504) to work on /home/airflow/.local/lib/python3.8/site-packages/airflow/example_dags/tutorial_dag.py
[2026-07-01T12:12:39.793+0000] {processor.py:830} INFO - Processing file /home/airflow/.local/lib/python3.8/site-packages/airflow/example_dags/tutorial_dag.py for tasks to queue
[2026-07-01T12:12:39.799+0000] {logging_mixin.py:188} INFO - [2026-07-01T12:12:39.798+0000] {dagbag.py:538} INFO - Filling up the DagBag from /home/airflow/.local/lib/python3.8/site-packages/airflow/example_dags/tutorial_dag.py
[2026-07-01T12:12:39.812+0000] {processor.py:840} INFO - DAG(s) 'tutorial_dag' retrieved from /home/airflow/.local/lib/python3.8/site-packages/airflow/example_dags/tutorial_dag.py
[2026-07-01T12:12:39.858+0000] {logging_mixin.py:188} INFO - [2026-07-01T12:12:39.857+0000] {dag.py:3036} INFO - Sync 1 DAGs
[2026-07-01T12:12:39.886+0000] {logging_mixin.py:188} INFO - [2026-07-01T12:12:39.885+0000] {dag.py:3823} INFO - Setting next_dagrun for tutorial_dag to None, run_after=None
[2026-07-01T12:12:39.933+0000] {processor.py:183} INFO - Processing /home/airflow/.local/lib/python3.8/site-packages/airflow/example_dags/tutorial_dag.py took 0.151 seconds
[2026-07-01T12:13:11.214+0000] {processor.py:161} INFO - Started process (PID=560) to work on /home/airflow/.local/lib/python3.8/site-packages/airflow/example_dags/tutorial_dag.py
[2026-07-01T12:13:11.218+0000] {processor.py:830} INFO - Processing file /home/airflow/.local/lib/python3.8/site-packages/airflow/example_dags/tutorial_dag.py for tasks to queue
[2026-07-01T12:13:11.224+0000] {logging_mixin.py:188} INFO - [2026-07-01T12:13:11.223+0000] {dagbag.py:538} INFO - Filling up the DagBag from /home/airflow/.local/lib/python3.8/site-packages/airflow/example_dags/tutorial_dag.py
[2026-07-01T12:13:11.237+0000] {processor.py:840} INFO - DAG(s) 'tutorial_dag' retrieved from /home/airflow/.local/lib/python3.8/site-packages/airflow/example_dags/tutorial_dag.py
[2026-07-01T12:13:11.292+0000] {logging_mixin.py:188} INFO - [2026-07-01T12:13:11.291+0000] {dag.py:3036} INFO - Sync 1 DAGs
[2026-07-01T12:13:11.323+0000] {logging_mixin.py:188} INFO - [2026-07-01T12:13:11.323+0000] {dag.py:3823} INFO - Setting next_dagrun for tutorial_dag to None, run_after=None
[2026-07-01T12:13:11.370+0000] {processor.py:183} INFO - Processing /home/airflow/.local/lib/python3.8/site-packages/airflow/example_dags/tutorial_dag.py took 0.165 seconds
[2026-07-01T12:13:42.137+0000] {processor.py:161} INFO - Started process (PID=616) to work on /home/airflow/.local/lib/python3.8/site-packages/airflow/example_dags/tutorial_dag.py
[2026-07-01T12:13:42.141+0000] {processor.py:830} INFO - Processing file /home/airflow/.local/lib/python3.8/site-packages/airflow/example_dags/tutorial_dag.py for tasks to queue
[2026-07-01T12:13:42.148+0000] {logging_mixin.py:188} INFO - [2026-07-01T12:13:42.147+0000] {dagbag.py:538} INFO - Filling up the DagBag from /home/airflow/.local/lib/python3.8/site-packages/airflow/example_dags/tutorial_dag.py
[2026-07-01T12:13:42.164+0000] {processor.py:840} INFO - DAG(s) 'tutorial_dag' retrieved from /home/airflow/.local/lib/python3.8/site-packages/airflow/example_dags/tutorial_dag.py
[2026-07-01T12:13:42.229+0000] {logging_mixin.py:188} INFO - [2026-07-01T12:13:42.228+0000] {dag.py:3036} INFO - Sync 1 DAGs
[2026-07-01T12:13:42.275+0000] {logging_mixin.py:188} INFO - [2026-07-01T12:13:42.275+0000] {dag.py:3823} INFO - Setting next_dagrun for tutorial_dag to None, run_after=None
[2026-07-01T12:13:42.333+0000] {processor.py:183} INFO - Processing /home/airflow/.local/lib/python3.8/site-packages/airflow/example_dags/tutorial_dag.py took 0.206 seconds
[2026-07-01T12:14:12.878+0000] {processor.py:161} INFO - Started process (PID=672) to work on /home/airflow/.local/lib/python3.8/site-packages/airflow/example_dags/tutorial_dag.py
[2026-07-01T12:14:12.882+0000] {processor.py:830} INFO - Processing file /home/airflow/.local/lib/python3.8/site-packages/airflow/example_dags/tutorial_dag.py for tasks to queue
[2026-07-01T12:14:12.890+0000] {logging_mixin.py:188} INFO - [2026-07-01T12:14:12.889+0000] {dagbag.py:538} INFO - Filling up the DagBag from /home/airflow/.local/lib/python3.8/site-packages/airflow/example_dags/tutorial_dag.py
[2026-07-01T12:14:12.910+0000] {processor.py:840} INFO - DAG(s) 'tutorial_dag' retrieved from /home/airflow/.local/lib/python3.8/site-packages/airflow/example_dags/tutorial_dag.py
[2026-07-01T12:14:12.977+0000] {logging_mixin.py:188} INFO - [2026-07-01T12:14:12.977+0000] {dag.py:3036} INFO - Sync 1 DAGs
[2026-07-01T12:14:13.014+0000] {logging_mixin.py:188} INFO - [2026-07-01T12:14:13.014+0000] {dag.py:3823} INFO - Setting next_dagrun for tutorial_dag to None, run_after=None
[2026-07-01T12:14:13.066+0000] {processor.py:183} INFO - Processing /home/airflow/.local/lib/python3.8/site-packages/airflow/example_dags/tutorial_dag.py took 0.205 seconds
[2026-07-01T12:14:43.897+0000] {processor.py:161} INFO - Started process (PID=728) to work on /home/airflow/.local/lib/python3.8/site-packages/airflow/example_dags/tutorial_dag.py
[2026-07-01T12:14:43.900+0000] {processor.py:830} INFO - Processing file /home/airflow/.local/lib/python3.8/site-packages/airflow/example_dags/tutorial_dag.py for tasks to queue
[2026-07-01T12:14:43.905+0000] {logging_mixin.py:188} INFO - [2026-07-01T12:14:43.905+0000] {dagbag.py:538} INFO - Filling up the DagBag from /home/airflow/.local/lib/python3.8/site-packages/airflow/example_dags/tutorial_dag.py
[2026-07-01T12:14:43.919+0000] {processor.py:840} INFO - DAG(s) 'tutorial_dag' retrieved from /home/airflow/.local/lib/python3.8/site-packages/airflow/example_dags/tutorial_dag.py
[2026-07-01T12:14:43.972+0000] {logging_mixin.py:188} INFO - [2026-07-01T12:14:43.971+0000] {dag.py:3036} INFO - Sync 1 DAGs
[2026-07-01T12:14:44.005+0000] {logging_mixin.py:188} INFO - [2026-07-01T12:14:44.004+0000] {dag.py:3823} INFO - Setting next_dagrun for tutorial_dag to None, run_after=None
[2026-07-01T12:14:44.062+0000] {processor.py:183} INFO - Processing /home/airflow/.local/lib/python3.8/site-packages/airflow/example_dags/tutorial_dag.py took 0.172 seconds
[2026-07-01T12:15:14.747+0000] {processor.py:161} INFO - Started process (PID=785) to work on /home/airflow/.local/lib/python3.8/site-packages/airflow/example_dags/tutorial_dag.py
[2026-07-01T12:15:14.750+0000] {processor.py:830} INFO - Processing file /home/airflow/.local/lib/python3.8/site-packages/airflow/example_dags/tutorial_dag.py for tasks to queue
[2026-07-01T12:15:14.760+0000] {logging_mixin.py:188} INFO - [2026-07-01T12:15:14.757+0000] {dagbag.py:538} INFO - Filling up the DagBag from /home/airflow/.local/lib/python3.8/site-packages/airflow/example_dags/tutorial_dag.py
[2026-07-01T12:15:14.780+0000] {processor.py:840} INFO - DAG(s) 'tutorial_dag' retrieved from /home/airflow/.local/lib/python3.8/site-packages/airflow/example_dags/tutorial_dag.py
[2026-07-01T12:15:14.837+0000] {logging_mixin.py:188} INFO - [2026-07-01T12:15:14.836+0000] {dag.py:3036} INFO - Sync 1 DAGs
[2026-07-01T12:15:14.870+0000] {logging_mixin.py:188} INFO - [2026-07-01T12:15:14.869+0000] {dag.py:3823} INFO - Setting next_dagrun for tutorial_dag to None, run_after=None
[2026-07-01T12:15:14.917+0000] {processor.py:183} INFO - Processing /home/airflow/.local/lib/python3.8/site-packages/airflow/example_dags/tutorial_dag.py took 0.183 seconds
[2026-07-01T12:15:45.165+0000] {processor.py:161} INFO - Started process (PID=841) to work on /home/airflow/.local/lib/python3.8/site-packages/airflow/example_dags/tutorial_dag.py
[2026-07-01T12:15:45.170+0000] {processor.py:830} INFO - Processing file /home/airflow/.local/lib/python3.8/site-packages/airflow/example_dags/tutorial_dag.py for tasks to queue
[2026-07-01T12:15:45.177+0000] {logging_mixin.py:188} INFO - [2026-07-01T12:15:45.176+0000] {dagbag.py:538} INFO - Filling up the DagBag from /home/airflow/.local/lib/python3.8/site-packages/airflow/example_dags/tutorial_dag.py
[2026-07-01T12:15:45.198+0000] {processor.py:840} INFO - DAG(s) 'tutorial_dag' retrieved from /home/airflow/.local/lib/python3.8/site-packages/airflow/example_dags/tutorial_dag.py
[2026-07-01T12:15:45.258+0000] {logging_mixin.py:188} INFO - [2026-07-01T12:15:45.257+0000] {dag.py:3036} INFO - Sync 1 DAGs
[2026-07-01T12:15:45.290+0000] {logging_mixin.py:188} INFO - [2026-07-01T12:15:45.289+0000] {dag.py:3823} INFO - Setting next_dagrun for tutorial_dag to None, run_after=None
[2026-07-01T12:15:45.343+0000] {processor.py:183} INFO - Processing /home/airflow/.local/lib/python3.8/site-packages/airflow/example_dags/tutorial_dag.py took 0.189 seconds
[2026-07-01T12:16:15.591+0000] {processor.py:161} INFO - Started process (PID=897) to work on /home/airflow/.local/lib/python3.8/site-packages/airflow/example_dags/tutorial_dag.py
[2026-07-01T12:16:15.594+0000] {processor.py:830} INFO - Processing file /home/airflow/.local/lib/python3.8/site-packages/airflow/example_dags/tutorial_dag.py for tasks to queue
[2026-07-01T12:16:15.598+0000] {logging_mixin.py:188} INFO - [2026-07-01T12:16:15.598+0000] {dagbag.py:538} INFO - Filling up the DagBag from /home/airflow/.local/lib/python3.8/site-packages/airflow/example_dags/tutorial_dag.py
[2026-07-01T12:16:15.612+0000] {processor.py:840} INFO - DAG(s) 'tutorial_dag' retrieved from /home/airflow/.local/lib/python3.8/site-packages/airflow/example_dags/tutorial_dag.py
[2026-07-01T12:16:15.655+0000] {logging_mixin.py:188} INFO - [2026-07-01T12:16:15.655+0000] {dag.py:3036} INFO - Sync 1 DAGs
[2026-07-01T12:16:15.682+0000] {logging_mixin.py:188} INFO - [2026-07-01T12:16:15.682+0000] {dag.py:3823} INFO - Setting next_dagrun for tutorial_dag to None, run_after=None
[2026-07-01T12:16:15.719+0000] {processor.py:183} INFO - Processing /home/airflow/.local/lib/python3.8/site-packages/airflow/example_dags/tutorial_dag.py took 0.134 seconds
[2026-07-01T12:16:46.870+0000] {processor.py:161} INFO - Started process (PID=953) to work on /home/airflow/.local/lib/python3.8/site-packages/airflow/example_dags/tutorial_dag.py
[2026-07-01T12:16:46.881+0000] {processor.py:830} INFO - Processing file /home/airflow/.local/lib/python3.8/site-packages/airflow/example_dags/tutorial_dag.py for tasks to queue
[2026-07-01T12:16:46.888+0000] {logging_mixin.py:188} INFO - [2026-07-01T12:16:46.887+0000] {dagbag.py:538} INFO - Filling up the DagBag from /home/airflow/.local/lib/python3.8/site-packages/airflow/example_dags/tutorial_dag.py
[2026-07-01T12:16:46.909+0000] {processor.py:840} INFO - DAG(s) 'tutorial_dag' retrieved from /home/airflow/.local/lib/python3.8/site-packages/airflow/example_dags/tutorial_dag.py
[2026-07-01T12:16:46.965+0000] {logging_mixin.py:188} INFO - [2026-07-01T12:16:46.965+0000] {dag.py:3036} INFO - Sync 1 DAGs
[2026-07-01T12:16:46.998+0000] {logging_mixin.py:188} INFO - [2026-07-01T12:16:46.997+0000] {dag.py:3823} INFO - Setting next_dagrun for tutorial_dag to None, run_after=None
[2026-07-01T12:16:47.044+0000] {processor.py:183} INFO - Processing /home/airflow/.local/lib/python3.8/site-packages/airflow/example_dags/tutorial_dag.py took 0.197 seconds
[2026-07-01T12:17:17.430+0000] {processor.py:161} INFO - Started process (PID=1009) to work on /home/airflow/.local/lib/python3.8/site-packages/airflow/example_dags/tutorial_dag.py
[2026-07-01T12:17:17.434+0000] {processor.py:830} INFO - Processing file /home/airflow/.local/lib/python3.8/site-packages/airflow/example_dags/tutorial_dag.py for tasks to queue
[2026-07-01T12:17:17.441+0000] {logging_mixin.py:188} INFO - [2026-07-01T12:17:17.440+0000] {dagbag.py:538} INFO - Filling up the DagBag from /home/airflow/.local/lib/python3.8/site-packages/airflow/example_dags/tutorial_dag.py
[2026-07-01T12:17:17.460+0000] {processor.py:840} INFO - DAG(s) 'tutorial_dag' retrieved from /home/airflow/.local/lib/python3.8/site-packages/airflow/example_dags/tutorial_dag.py
[2026-07-01T12:17:17.517+0000] {logging_mixin.py:188} INFO - [2026-07-01T12:17:17.516+0000] {dag.py:3036} INFO - Sync 1 DAGs
[2026-07-01T12:17:17.549+0000] {logging_mixin.py:188} INFO - [2026-07-01T12:17:17.548+0000] {dag.py:3823} INFO - Setting next_dagrun for tutorial_dag to None, run_after=None
[2026-07-01T12:17:17.594+0000] {processor.py:183} INFO - Processing /home/airflow/.local/lib/python3.8/site-packages/airflow/example_dags/tutorial_dag.py took 0.174 seconds
[2026-07-01T12:17:48.675+0000] {processor.py:161} INFO - Started process (PID=1065) to work on /home/airflow/.local/lib/python3.8/site-packages/airflow/example_dags/tutorial_dag.py
[2026-07-01T12:17:48.680+0000] {processor.py:830} INFO - Processing file /home/airflow/.local/lib/python3.8/site-packages/airflow/example_dags/tutorial_dag.py for tasks to queue
[2026-07-01T12:17:48.688+0000] {logging_mixin.py:188} INFO - [2026-07-01T12:17:48.687+0000] {dagbag.py:538} INFO - Filling up the DagBag from /home/airflow/.local/lib/python3.8/site-packages/airflow/example_dags/tutorial_dag.py
[2026-07-01T12:17:48.710+0000] {processor.py:840} INFO - DAG(s) 'tutorial_dag' retrieved from /home/airflow/.local/lib/python3.8/site-packages/airflow/example_dags/tutorial_dag.py
[2026-07-01T12:17:48.773+0000] {logging_mixin.py:188} INFO - [2026-07-01T12:17:48.773+0000] {dag.py:3036} INFO - Sync 1 DAGs
[2026-07-01T12:17:48.810+0000] {logging_mixin.py:188} INFO - [2026-07-01T12:17:48.809+0000] {dag.py:3823} INFO - Setting next_dagrun for tutorial_dag to None, run_after=None
[2026-07-01T12:17:48.858+0000] {processor.py:183} INFO - Processing /home/airflow/.local/lib/python3.8/site-packages/airflow/example_dags/tutorial_dag.py took 0.195 seconds
[2026-07-01T12:18:21.609+0000] {processor.py:161} INFO - Started process (PID=1121) to work on /home/airflow/.local/lib/python3.8/site-packages/airflow/example_dags/tutorial_dag.py
[2026-07-01T12:18:21.613+0000] {processor.py:830} INFO - Processing file /home/airflow/.local/lib/python3.8/site-packages/airflow/example_dags/tutorial_dag.py for tasks to queue
[2026-07-01T12:18:21.625+0000] {logging_mixin.py:188} INFO - [2026-07-01T12:18:21.623+0000] {dagbag.py:538} INFO - Filling up the DagBag from /home/airflow/.local/lib/python3.8/site-packages/airflow/example_dags/tutorial_dag.py
[2026-07-01T12:18:21.774+0000] {processor.py:840} INFO - DAG(s) 'tutorial_dag' retrieved from /home/airflow/.local/lib/python3.8/site-packages/airflow/example_dags/tutorial_dag.py
[2026-07-01T12:18:21.962+0000] {logging_mixin.py:188} INFO - [2026-07-01T12:18:21.961+0000] {dag.py:3036} INFO - Sync 1 DAGs
[2026-07-01T12:18:22.012+0000] {logging_mixin.py:188} INFO - [2026-07-01T12:18:22.012+0000] {dag.py:3823} INFO - Setting next_dagrun for tutorial_dag to None, run_after=None
[2026-07-01T12:18:22.088+0000] {processor.py:183} INFO - Processing /home/airflow/.local/lib/python3.8/site-packages/airflow/example_dags/tutorial_dag.py took 0.495 seconds
[2026-07-01T12:18:52.933+0000] {processor.py:161} INFO - Started process (PID=1177) to work on /home/airflow/.local/lib/python3.8/site-packages/airflow/example_dags/tutorial_dag.py
[2026-07-01T12:18:52.937+0000] {processor.py:830} INFO - Processing file /home/airflow/.local/lib/python3.8/site-packages/airflow/example_dags/tutorial_dag.py for tasks to queue
[2026-07-01T12:18:52.943+0000] {logging_mixin.py:188} INFO - [2026-07-01T12:18:52.942+0000] {dagbag.py:538} INFO - Filling up the DagBag from /home/airflow/.local/lib/python3.8/site-packages/airflow/example_dags/tutorial_dag.py
[2026-07-01T12:18:52.960+0000] {processor.py:840} INFO - DAG(s) 'tutorial_dag' retrieved from /home/airflow/.local/lib/python3.8/site-packages/airflow/example_dags/tutorial_dag.py
[2026-07-01T12:18:53.018+0000] {logging_mixin.py:188} INFO - [2026-07-01T12:18:53.017+0000] {dag.py:3036} INFO - Sync 1 DAGs
[2026-07-01T12:18:53.053+0000] {logging_mixin.py:188} INFO - [2026-07-01T12:18:53.053+0000] {dag.py:3823} INFO - Setting next_dagrun for tutorial_dag to None, run_after=None
[2026-07-01T12:18:53.099+0000] {processor.py:183} INFO - Processing /home/airflow/.local/lib/python3.8/site-packages/airflow/example_dags/tutorial_dag.py took 0.174 seconds
[2026-07-01T12:19:23.451+0000] {processor.py:161} INFO - Started process (PID=1233) to work on /home/airflow/.local/lib/python3.8/site-packages/airflow/example_dags/tutorial_dag.py
[2026-07-01T12:19:23.454+0000] {processor.py:830} INFO - Processing file /home/airflow/.local/lib/python3.8/site-packages/airflow/example_dags/tutorial_dag.py for tasks to queue
[2026-07-01T12:19:23.461+0000] {logging_mixin.py:188} INFO - [2026-07-01T12:19:23.461+0000] {dagbag.py:538} INFO - Filling up the DagBag from /home/airflow/.local/lib/python3.8/site-packages/airflow/example_dags/tutorial_dag.py
[2026-07-01T12:19:23.479+0000] {processor.py:840} INFO - DAG(s) 'tutorial_dag' retrieved from /home/airflow/.local/lib/python3.8/site-packages/airflow/example_dags/tutorial_dag.py
[2026-07-01T12:19:23.527+0000] {logging_mixin.py:188} INFO - [2026-07-01T12:19:23.527+0000] {dag.py:3036} INFO - Sync 1 DAGs
[2026-07-01T12:19:23.558+0000] {logging_mixin.py:188} INFO - [2026-07-01T12:19:23.558+0000] {dag.py:3823} INFO - Setting next_dagrun for tutorial_dag to None, run_after=None
[2026-07-01T12:19:23.601+0000] {processor.py:183} INFO - Processing /home/airflow/.local/lib/python3.8/site-packages/airflow/example_dags/tutorial_dag.py took 0.158 seconds
[2026-07-01T12:19:56.226+0000] {processor.py:161} INFO - Started process (PID=1289) to work on /home/airflow/.local/lib/python3.8/site-packages/airflow/example_dags/tutorial_dag.py
[2026-07-01T12:19:56.232+0000] {processor.py:830} INFO - Processing file /home/airflow/.local/lib/python3.8/site-packages/airflow/example_dags/tutorial_dag.py for tasks to queue
[2026-07-01T12:19:56.240+0000] {logging_mixin.py:188} INFO - [2026-07-01T12:19:56.240+0000] {dagbag.py:538} INFO - Filling up the DagBag from /home/airflow/.local/lib/python3.8/site-packages/airflow/example_dags/tutorial_dag.py
[2026-07-01T12:19:56.275+0000] {processor.py:840} INFO - DAG(s) 'tutorial_dag' retrieved from /home/airflow/.local/lib/python3.8/site-packages/airflow/example_dags/tutorial_dag.py
[2026-07-01T12:19:56.323+0000] {logging_mixin.py:188} INFO - [2026-07-01T12:19:56.322+0000] {dag.py:3036} INFO - Sync 1 DAGs
[2026-07-01T12:19:56.392+0000] {logging_mixin.py:188} INFO - [2026-07-01T12:19:56.391+0000] {dag.py:3823} INFO - Setting next_dagrun for tutorial_dag to None, run_after=None
[2026-07-01T12:19:56.503+0000] {processor.py:183} INFO - Processing /home/airflow/.local/lib/python3.8/site-packages/airflow/example_dags/tutorial_dag.py took 0.291 seconds
[2026-07-01T12:20:29.224+0000] {processor.py:161} INFO - Started process (PID=1344) to work on /home/airflow/.local/lib/python3.8/site-packages/airflow/example_dags/tutorial_dag.py
[2026-07-01T12:20:29.240+0000] {processor.py:830} INFO - Processing file /home/airflow/.local/lib/python3.8/site-packages/airflow/example_dags/tutorial_dag.py for tasks to queue
[2026-07-01T12:20:29.259+0000] {logging_mixin.py:188} INFO - [2026-07-01T12:20:29.257+0000] {dagbag.py:538} INFO - Filling up the DagBag from /home/airflow/.local/lib/python3.8/site-packages/airflow/example_dags/tutorial_dag.py
[2026-07-01T12:20:29.337+0000] {processor.py:840} INFO - DAG(s) 'tutorial_dag' retrieved from /home/airflow/.local/lib/python3.8/site-packages/airflow/example_dags/tutorial_dag.py
[2026-07-01T12:20:30.156+0000] {logging_mixin.py:188} INFO - [2026-07-01T12:20:30.154+0000] {dag.py:3036} INFO - Sync 1 DAGs
[2026-07-01T12:20:30.230+0000] {logging_mixin.py:188} INFO - [2026-07-01T12:20:30.229+0000] {dag.py:3823} INFO - Setting next_dagrun for tutorial_dag to None, run_after=None
[2026-07-01T12:20:30.341+0000] {processor.py:183} INFO - Processing /home/airflow/.local/lib/python3.8/site-packages/airflow/example_dags/tutorial_dag.py took 1.179 seconds
[2026-07-01T12:21:01.050+0000] {processor.py:161} INFO - Started process (PID=1400) to work on /home/airflow/.local/lib/python3.8/site-packages/airflow/example_dags/tutorial_dag.py
[2026-07-01T12:21:01.054+0000] {processor.py:830} INFO - Processing file /home/airflow/.local/lib/python3.8/site-packages/airflow/example_dags/tutorial_dag.py for tasks to queue
[2026-07-01T12:21:01.062+0000] {logging_mixin.py:188} INFO - [2026-07-01T12:21:01.061+0000] {dagbag.py:538} INFO - Filling up the DagBag from /home/airflow/.local/lib/python3.8/site-packages/airflow/example_dags/tutorial_dag.py
[2026-07-01T12:21:01.080+0000] {processor.py:840} INFO - DAG(s) 'tutorial_dag' retrieved from /home/airflow/.local/lib/python3.8/site-packages/airflow/example_dags/tutorial_dag.py
[2026-07-01T12:21:01.141+0000] {logging_mixin.py:188} INFO - [2026-07-01T12:21:01.140+0000] {dag.py:3036} INFO - Sync 1 DAGs
[2026-07-01T12:21:01.178+0000] {logging_mixin.py:188} INFO - [2026-07-01T12:21:01.177+0000] {dag.py:3823} INFO - Setting next_dagrun for tutorial_dag to None, run_after=None
[2026-07-01T12:21:01.234+0000] {processor.py:183} INFO - Processing /home/airflow/.local/lib/python3.8/site-packages/airflow/example_dags/tutorial_dag.py took 0.194 seconds
[2026-07-01T12:21:31.481+0000] {processor.py:161} INFO - Started process (PID=1456) to work on /home/airflow/.local/lib/python3.8/site-packages/airflow/example_dags/tutorial_dag.py
[2026-07-01T12:21:31.485+0000] {processor.py:830} INFO - Processing file /home/airflow/.local/lib/python3.8/site-packages/airflow/example_dags/tutorial_dag.py for tasks to queue
[2026-07-01T12:21:31.492+0000] {logging_mixin.py:188} INFO - [2026-07-01T12:21:31.491+0000] {dagbag.py:538} INFO - Filling up the DagBag from /home/airflow/.local/lib/python3.8/site-packages/airflow/example_dags/tutorial_dag.py
[2026-07-01T12:21:31.508+0000] {processor.py:840} INFO - DAG(s) 'tutorial_dag' retrieved from /home/airflow/.local/lib/python3.8/site-packages/airflow/example_dags/tutorial_dag.py
[2026-07-01T12:21:31.560+0000] {logging_mixin.py:188} INFO - [2026-07-01T12:21:31.559+0000] {dag.py:3036} INFO - Sync 1 DAGs
[2026-07-01T12:21:31.591+0000] {logging_mixin.py:188} INFO - [2026-07-01T12:21:31.591+0000] {dag.py:3823} INFO - Setting next_dagrun for tutorial_dag to None, run_after=None
[2026-07-01T12:21:31.644+0000] {processor.py:183} INFO - Processing /home/airflow/.local/lib/python3.8/site-packages/airflow/example_dags/tutorial_dag.py took 0.173 seconds
[2026-07-01T12:22:02.260+0000] {processor.py:161} INFO - Started process (PID=1512) to work on /home/airflow/.local/lib/python3.8/site-packages/airflow/example_dags/tutorial_dag.py
[2026-07-01T12:22:02.263+0000] {processor.py:830} INFO - Processing file /home/airflow/.local/lib/python3.8/site-packages/airflow/example_dags/tutorial_dag.py for tasks to queue
[2026-07-01T12:22:02.272+0000] {logging_mixin.py:188} INFO - [2026-07-01T12:22:02.271+0000] {dagbag.py:538} INFO - Filling up the DagBag from /home/airflow/.local/lib/python3.8/site-packages/airflow/example_dags/tutorial_dag.py
[2026-07-01T12:22:02.296+0000] {processor.py:840} INFO - DAG(s) 'tutorial_dag' retrieved from /home/airflow/.local/lib/python3.8/site-packages/airflow/example_dags/tutorial_dag.py
[2026-07-01T12:22:02.387+0000] {logging_mixin.py:188} INFO - [2026-07-01T12:22:02.387+0000] {dag.py:3036} INFO - Sync 1 DAGs
[2026-07-01T12:22:02.431+0000] {logging_mixin.py:188} INFO - [2026-07-01T12:22:02.430+0000] {dag.py:3823} INFO - Setting next_dagrun for tutorial_dag to None, run_after=None
[2026-07-01T12:22:02.503+0000] {processor.py:183} INFO - Processing /home/airflow/.local/lib/python3.8/site-packages/airflow/example_dags/tutorial_dag.py took 0.256 seconds
[2026-07-01T12:22:33.012+0000] {processor.py:161} INFO - Started process (PID=1568) to work on /home/airflow/.local/lib/python3.8/site-packages/airflow/example_dags/tutorial_dag.py
[2026-07-01T12:22:33.015+0000] {processor.py:830} INFO - Processing file /home/airflow/.local/lib/python3.8/site-packages/airflow/example_dags/tutorial_dag.py for tasks to queue
[2026-07-01T12:22:33.020+0000] {logging_mixin.py:188} INFO - [2026-07-01T12:22:33.020+0000] {dagbag.py:538} INFO - Filling up the DagBag from /home/airflow/.local/lib/python3.8/site-packages/airflow/example_dags/tutorial_dag.py
[2026-07-01T12:22:33.033+0000] {processor.py:840} INFO - DAG(s) 'tutorial_dag' retrieved from /home/airflow/.local/lib/python3.8/site-packages/airflow/example_dags/tutorial_dag.py
[2026-07-01T12:22:33.096+0000] {logging_mixin.py:188} INFO - [2026-07-01T12:22:33.095+0000] {dag.py:3036} INFO - Sync 1 DAGs
[2026-07-01T12:22:33.128+0000] {logging_mixin.py:188} INFO - [2026-07-01T12:22:33.128+0000] {dag.py:3823} INFO - Setting next_dagrun for tutorial_dag to None, run_after=None
[2026-07-01T12:22:33.188+0000] {processor.py:183} INFO - Processing /home/airflow/.local/lib/python3.8/site-packages/airflow/example_dags/tutorial_dag.py took 0.184 seconds
[2026-07-01T12:23:03.919+0000] {processor.py:161} INFO - Started process (PID=1624) to work on /home/airflow/.local/lib/python3.8/site-packages/airflow/example_dags/tutorial_dag.py
[2026-07-01T12:23:03.922+0000] {processor.py:830} INFO - Processing file /home/airflow/.local/lib/python3.8/site-packages/airflow/example_dags/tutorial_dag.py for tasks to queue
[2026-07-01T12:23:03.928+0000] {logging_mixin.py:188} INFO - [2026-07-01T12:23:03.928+0000] {dagbag.py:538} INFO - Filling up the DagBag from /home/airflow/.local/lib/python3.8/site-packages/airflow/example_dags/tutorial_dag.py
[2026-07-01T12:23:03.950+0000] {processor.py:840} INFO - DAG(s) 'tutorial_dag' retrieved from /home/airflow/.local/lib/python3.8/site-packages/airflow/example_dags/tutorial_dag.py
[2026-07-01T12:23:04.018+0000] {logging_mixin.py:188} INFO - [2026-07-01T12:23:04.017+0000] {dag.py:3036} INFO - Sync 1 DAGs
[2026-07-01T12:23:04.068+0000] {logging_mixin.py:188} INFO - [2026-07-01T12:23:04.065+0000] {dag.py:3823} INFO - Setting next_dagrun for tutorial_dag to None, run_after=None
[2026-07-01T12:23:04.142+0000] {processor.py:183} INFO - Processing /home/airflow/.local/lib/python3.8/site-packages/airflow/example_dags/tutorial_dag.py took 0.233 seconds
[2026-07-01T12:23:34.209+0000] {processor.py:161} INFO - Started process (PID=1680) to work on /home/airflow/.local/lib/python3.8/site-packages/airflow/example_dags/tutorial_dag.py
[2026-07-01T12:23:34.215+0000] {processor.py:830} INFO - Processing file /home/airflow/.local/lib/python3.8/site-packages/airflow/example_dags/tutorial_dag.py for tasks to queue
[2026-07-01T12:23:34.223+0000] {logging_mixin.py:188} INFO - [2026-07-01T12:23:34.222+0000] {dagbag.py:538} INFO - Filling up the DagBag from /home/airflow/.local/lib/python3.8/site-packages/airflow/example_dags/tutorial_dag.py
[2026-07-01T12:23:34.244+0000] {processor.py:840} INFO - DAG(s) 'tutorial_dag' retrieved from /home/airflow/.local/lib/python3.8/site-packages/airflow/example_dags/tutorial_dag.py
[2026-07-01T12:23:34.334+0000] {logging_mixin.py:188} INFO - [2026-07-01T12:23:34.333+0000] {dag.py:3036} INFO - Sync 1 DAGs
[2026-07-01T12:23:34.397+0000] {logging_mixin.py:188} INFO - [2026-07-01T12:23:34.396+0000] {dag.py:3823} INFO - Setting next_dagrun for tutorial_dag to None, run_after=None
[2026-07-01T12:23:34.509+0000] {processor.py:183} INFO - Processing /home/airflow/.local/lib/python3.8/site-packages/airflow/example_dags/tutorial_dag.py took 0.309 seconds
[2026-07-01T12:24:05.075+0000] {processor.py:161} INFO - Started process (PID=1734) to work on /home/airflow/.local/lib/python3.8/site-packages/airflow/example_dags/tutorial_dag.py
[2026-07-01T12:24:05.082+0000] {processor.py:830} INFO - Processing file /home/airflow/.local/lib/python3.8/site-packages/airflow/example_dags/tutorial_dag.py for tasks to queue
[2026-07-01T12:24:05.107+0000] {logging_mixin.py:188} INFO - [2026-07-01T12:24:05.105+0000] {dagbag.py:538} INFO - Filling up the DagBag from /home/airflow/.local/lib/python3.8/site-packages/airflow/example_dags/tutorial_dag.py
[2026-07-01T12:24:05.144+0000] {processor.py:840} INFO - DAG(s) 'tutorial_dag' retrieved from /home/airflow/.local/lib/python3.8/site-packages/airflow/example_dags/tutorial_dag.py
[2026-07-01T12:24:05.251+0000] {logging_mixin.py:188} INFO - [2026-07-01T12:24:05.250+0000] {dag.py:3036} INFO - Sync 1 DAGs
[2026-07-01T12:24:05.302+0000] {logging_mixin.py:188} INFO - [2026-07-01T12:24:05.302+0000] {dag.py:3823} INFO - Setting next_dagrun for tutorial_dag to None, run_after=None
[2026-07-01T12:24:05.376+0000] {processor.py:183} INFO - Processing /home/airflow/.local/lib/python3.8/site-packages/airflow/example_dags/tutorial_dag.py took 0.324 seconds
[2026-07-01T12:24:35.857+0000] {processor.py:161} INFO - Started process (PID=1790) to work on /home/airflow/.local/lib/python3.8/site-packages/airflow/example_dags/tutorial_dag.py
[2026-07-01T12:24:35.860+0000] {processor.py:830} INFO - Processing file /home/airflow/.local/lib/python3.8/site-packages/airflow/example_dags/tutorial_dag.py for tasks to queue
[2026-07-01T12:24:35.868+0000] {logging_mixin.py:188} INFO - [2026-07-01T12:24:35.867+0000] {dagbag.py:538} INFO - Filling up the DagBag from /home/airflow/.local/lib/python3.8/site-packages/airflow/example_dags/tutorial_dag.py
[2026-07-01T12:24:35.888+0000] {processor.py:840} INFO - DAG(s) 'tutorial_dag' retrieved from /home/airflow/.local/lib/python3.8/site-packages/airflow/example_dags/tutorial_dag.py
[2026-07-01T12:24:35.952+0000] {logging_mixin.py:188} INFO - [2026-07-01T12:24:35.951+0000] {dag.py:3036} INFO - Sync 1 DAGs
[2026-07-01T12:24:35.993+0000] {logging_mixin.py:188} INFO - [2026-07-01T12:24:35.993+0000] {dag.py:3823} INFO - Setting next_dagrun for tutorial_dag to None, run_after=None
[2026-07-01T12:24:36.076+0000] {processor.py:183} INFO - Processing /home/airflow/.local/lib/python3.8/site-packages/airflow/example_dags/tutorial_dag.py took 0.231 seconds
[2026-07-01T12:25:06.856+0000] {processor.py:161} INFO - Started process (PID=1852) to work on /home/airflow/.local/lib/python3.8/site-packages/airflow/example_dags/tutorial_dag.py
[2026-07-01T12:25:06.859+0000] {processor.py:830} INFO - Processing file /home/airflow/.local/lib/python3.8/site-packages/airflow/example_dags/tutorial_dag.py for tasks to queue
[2026-07-01T12:25:06.865+0000] {logging_mixin.py:188} INFO - [2026-07-01T12:25:06.864+0000] {dagbag.py:538} INFO - Filling up the DagBag from /home/airflow/.local/lib/python3.8/site-packages/airflow/example_dags/tutorial_dag.py
[2026-07-01T12:25:06.879+0000] {processor.py:840} INFO - DAG(s) 'tutorial_dag' retrieved from /home/airflow/.local/lib/python3.8/site-packages/airflow/example_dags/tutorial_dag.py
[2026-07-01T12:25:06.930+0000] {logging_mixin.py:188} INFO - [2026-07-01T12:25:06.929+0000] {dag.py:3036} INFO - Sync 1 DAGs
[2026-07-01T12:25:06.961+0000] {logging_mixin.py:188} INFO - [2026-07-01T12:25:06.960+0000] {dag.py:3823} INFO - Setting next_dagrun for tutorial_dag to None, run_after=None
[2026-07-01T12:25:07.003+0000] {processor.py:183} INFO - Processing /home/airflow/.local/lib/python3.8/site-packages/airflow/example_dags/tutorial_dag.py took 0.154 seconds
[2026-07-01T12:25:37.919+0000] {processor.py:161} INFO - Started process (PID=1908) to work on /home/airflow/.local/lib/python3.8/site-packages/airflow/example_dags/tutorial_dag.py
[2026-07-01T12:25:37.923+0000] {processor.py:830} INFO - Processing file /home/airflow/.local/lib/python3.8/site-packages/airflow/example_dags/tutorial_dag.py for tasks to queue
[2026-07-01T12:25:37.929+0000] {logging_mixin.py:188} INFO - [2026-07-01T12:25:37.928+0000] {dagbag.py:538} INFO - Filling up the DagBag from /home/airflow/.local/lib/python3.8/site-packages/airflow/example_dags/tutorial_dag.py
[2026-07-01T12:25:37.944+0000] {processor.py:840} INFO - DAG(s) 'tutorial_dag' retrieved from /home/airflow/.local/lib/python3.8/site-packages/airflow/example_dags/tutorial_dag.py
[2026-07-01T12:25:37.998+0000] {logging_mixin.py:188} INFO - [2026-07-01T12:25:37.997+0000] {dag.py:3036} INFO - Sync 1 DAGs
[2026-07-01T12:25:38.028+0000] {logging_mixin.py:188} INFO - [2026-07-01T12:25:38.027+0000] {dag.py:3823} INFO - Setting next_dagrun for tutorial_dag to None, run_after=None
[2026-07-01T12:25:38.072+0000] {processor.py:183} INFO - Processing /home/airflow/.local/lib/python3.8/site-packages/airflow/example_dags/tutorial_dag.py took 0.162 seconds
[2026-07-01T12:26:08.757+0000] {processor.py:161} INFO - Started process (PID=1964) to work on /home/airflow/.local/lib/python3.8/site-packages/airflow/example_dags/tutorial_dag.py
[2026-07-01T12:26:08.761+0000] {processor.py:830} INFO - Processing file /home/airflow/.local/lib/python3.8/site-packages/airflow/example_dags/tutorial_dag.py for tasks to queue
[2026-07-01T12:26:08.767+0000] {logging_mixin.py:188} INFO - [2026-07-01T12:26:08.766+0000] {dagbag.py:538} INFO - Filling up the DagBag from /home/airflow/.local/lib/python3.8/site-packages/airflow/example_dags/tutorial_dag.py
[2026-07-01T12:26:08.788+0000] {processor.py:840} INFO - DAG(s) 'tutorial_dag' retrieved from /home/airflow/.local/lib/python3.8/site-packages/airflow/example_dags/tutorial_dag.py
[2026-07-01T12:26:08.852+0000] {logging_mixin.py:188} INFO - [2026-07-01T12:26:08.851+0000] {dag.py:3036} INFO - Sync 1 DAGs
[2026-07-01T12:26:08.889+0000] {logging_mixin.py:188} INFO - [2026-07-01T12:26:08.889+0000] {dag.py:3823} INFO - Setting next_dagrun for tutorial_dag to None, run_after=None
[2026-07-01T12:26:08.945+0000] {processor.py:183} INFO - Processing /home/airflow/.local/lib/python3.8/site-packages/airflow/example_dags/tutorial_dag.py took 0.198 seconds
[2026-07-01T12:26:39.311+0000] {processor.py:161} INFO - Started process (PID=2019) to work on /home/airflow/.local/lib/python3.8/site-packages/airflow/example_dags/tutorial_dag.py
[2026-07-01T12:26:39.315+0000] {processor.py:830} INFO - Processing file /home/airflow/.local/lib/python3.8/site-packages/airflow/example_dags/tutorial_dag.py for tasks to queue
[2026-07-01T12:26:39.322+0000] {logging_mixin.py:188} INFO - [2026-07-01T12:26:39.321+0000] {dagbag.py:538} INFO - Filling up the DagBag from /home/airflow/.local/lib/python3.8/site-packages/airflow/example_dags/tutorial_dag.py
[2026-07-01T12:26:39.339+0000] {processor.py:840} INFO - DAG(s) 'tutorial_dag' retrieved from /home/airflow/.local/lib/python3.8/site-packages/airflow/example_dags/tutorial_dag.py
[2026-07-01T12:26:39.395+0000] {logging_mixin.py:188} INFO - [2026-07-01T12:26:39.395+0000] {dag.py:3036} INFO - Sync 1 DAGs
[2026-07-01T12:26:39.431+0000] {logging_mixin.py:188} INFO - [2026-07-01T12:26:39.431+0000] {dag.py:3823} INFO - Setting next_dagrun for tutorial_dag to None, run_after=None
[2026-07-01T12:26:39.470+0000] {processor.py:183} INFO - Processing /home/airflow/.local/lib/python3.8/site-packages/airflow/example_dags/tutorial_dag.py took 0.171 seconds
[2026-07-01T12:27:10.334+0000] {processor.py:161} INFO - Started process (PID=2075) to work on /home/airflow/.local/lib/python3.8/site-packages/airflow/example_dags/tutorial_dag.py
[2026-07-01T12:27:10.338+0000] {processor.py:830} INFO - Processing file /home/airflow/.local/lib/python3.8/site-packages/airflow/example_dags/tutorial_dag.py for tasks to queue
[2026-07-01T12:27:10.344+0000] {logging_mixin.py:188} INFO - [2026-07-01T12:27:10.343+0000] {dagbag.py:538} INFO - Filling up the DagBag from /home/airflow/.local/lib/python3.8/site-packages/airflow/example_dags/tutorial_dag.py
[2026-07-01T12:27:10.361+0000] {processor.py:840} INFO - DAG(s) 'tutorial_dag' retrieved from /home/airflow/.local/lib/python3.8/site-packages/airflow/example_dags/tutorial_dag.py
[2026-07-01T12:27:10.414+0000] {logging_mixin.py:188} INFO - [2026-07-01T12:27:10.413+0000] {dag.py:3036} INFO - Sync 1 DAGs
[2026-07-01T12:27:10.447+0000] {logging_mixin.py:188} INFO - [2026-07-01T12:27:10.446+0000] {dag.py:3823} INFO - Setting next_dagrun for tutorial_dag to None, run_after=None
[2026-07-01T12:27:10.487+0000] {processor.py:183} INFO - Processing /home/airflow/.local/lib/python3.8/site-packages/airflow/example_dags/tutorial_dag.py took 0.161 seconds
[2026-07-01T12:27:41.095+0000] {processor.py:161} INFO - Started process (PID=2131) to work on /home/airflow/.local/lib/python3.8/site-packages/airflow/example_dags/tutorial_dag.py
[2026-07-01T12:27:41.098+0000] {processor.py:830} INFO - Processing file /home/airflow/.local/lib/python3.8/site-packages/airflow/example_dags/tutorial_dag.py for tasks to queue
[2026-07-01T12:27:41.105+0000] {logging_mixin.py:188} INFO - [2026-07-01T12:27:41.104+0000] {dagbag.py:538} INFO - Filling up the DagBag from /home/airflow/.local/lib/python3.8/site-packages/airflow/example_dags/tutorial_dag.py
[2026-07-01T12:27:41.122+0000] {processor.py:840} INFO - DAG(s) 'tutorial_dag' retrieved from /home/airflow/.local/lib/python3.8/site-packages/airflow/example_dags/tutorial_dag.py
[2026-07-01T12:27:41.183+0000] {logging_mixin.py:188} INFO - [2026-07-01T12:27:41.176+0000] {dag.py:3036} INFO - Sync 1 DAGs
[2026-07-01T12:27:41.221+0000] {logging_mixin.py:188} INFO - [2026-07-01T12:27:41.220+0000] {dag.py:3823} INFO - Setting next_dagrun for tutorial_dag to None, run_after=None
[2026-07-01T12:27:41.284+0000] {processor.py:183} INFO - Processing /home/airflow/.local/lib/python3.8/site-packages/airflow/example_dags/tutorial_dag.py took 0.201 seconds
[2026-07-01T12:28:11.528+0000] {processor.py:161} INFO - Started process (PID=2187) to work on /home/airflow/.local/lib/python3.8/site-packages/airflow/example_dags/tutorial_dag.py
[2026-07-01T12:28:11.531+0000] {processor.py:830} INFO - Processing file /home/airflow/.local/lib/python3.8/site-packages/airflow/example_dags/tutorial_dag.py for tasks to queue
[2026-07-01T12:28:11.537+0000] {logging_mixin.py:188} INFO - [2026-07-01T12:28:11.536+0000] {dagbag.py:538} INFO - Filling up the DagBag from /home/airflow/.local/lib/python3.8/site-packages/airflow/example_dags/tutorial_dag.py
[2026-07-01T12:28:11.552+0000] {processor.py:840} INFO - DAG(s) 'tutorial_dag' retrieved from /home/airflow/.local/lib/python3.8/site-packages/airflow/example_dags/tutorial_dag.py
[2026-07-01T12:28:11.603+0000] {logging_mixin.py:188} INFO - [2026-07-01T12:28:11.602+0000] {dag.py:3036} INFO - Sync 1 DAGs
[2026-07-01T12:28:11.642+0000] {logging_mixin.py:188} INFO - [2026-07-01T12:28:11.641+0000] {dag.py:3823} INFO - Setting next_dagrun for tutorial_dag to None, run_after=None
[2026-07-01T12:28:11.689+0000] {processor.py:183} INFO - Processing /home/airflow/.local/lib/python3.8/site-packages/airflow/example_dags/tutorial_dag.py took 0.170 seconds
[2026-07-01T12:28:42.120+0000] {processor.py:161} INFO - Started process (PID=2244) to work on /home/airflow/.local/lib/python3.8/site-packages/airflow/example_dags/tutorial_dag.py
[2026-07-01T12:28:42.123+0000] {processor.py:830} INFO - Processing file /home/airflow/.local/lib/python3.8/site-packages/airflow/example_dags/tutorial_dag.py for tasks to queue
[2026-07-01T12:28:42.128+0000] {logging_mixin.py:188} INFO - [2026-07-01T12:28:42.128+0000] {dagbag.py:538} INFO - Filling up the DagBag from /home/airflow/.local/lib/python3.8/site-packages/airflow/example_dags/tutorial_dag.py
[2026-07-01T12:28:42.147+0000] {processor.py:840} INFO - DAG(s) 'tutorial_dag' retrieved from /home/airflow/.local/lib/python3.8/site-packages/airflow/example_dags/tutorial_dag.py
[2026-07-01T12:28:42.208+0000] {logging_mixin.py:188} INFO - [2026-07-01T12:28:42.207+0000] {dag.py:3036} INFO - Sync 1 DAGs
[2026-07-01T12:28:42.241+0000] {logging_mixin.py:188} INFO - [2026-07-01T12:28:42.240+0000] {dag.py:3823} INFO - Setting next_dagrun for tutorial_dag to None, run_after=None
[2026-07-01T12:28:42.282+0000] {processor.py:183} INFO - Processing /home/airflow/.local/lib/python3.8/site-packages/airflow/example_dags/tutorial_dag.py took 0.170 seconds
[2026-07-01T12:29:12.709+0000] {processor.py:161} INFO - Started process (PID=2301) to work on /home/airflow/.local/lib/python3.8/site-packages/airflow/example_dags/tutorial_dag.py
[2026-07-01T12:29:12.712+0000] {processor.py:830} INFO - Processing file /home/airflow/.local/lib/python3.8/site-packages/airflow/example_dags/tutorial_dag.py for tasks to queue
[2026-07-01T12:29:12.720+0000] {logging_mixin.py:188} INFO - [2026-07-01T12:29:12.719+0000] {dagbag.py:538} INFO - Filling up the DagBag from /home/airflow/.local/lib/python3.8/site-packages/airflow/example_dags/tutorial_dag.py
[2026-07-01T12:29:12.738+0000] {processor.py:840} INFO - DAG(s) 'tutorial_dag' retrieved from /home/airflow/.local/lib/python3.8/site-packages/airflow/example_dags/tutorial_dag.py
[2026-07-01T12:29:12.804+0000] {logging_mixin.py:188} INFO - [2026-07-01T12:29:12.803+0000] {dag.py:3036} INFO - Sync 1 DAGs
[2026-07-01T12:29:12.843+0000] {logging_mixin.py:188} INFO - [2026-07-01T12:29:12.842+0000] {dag.py:3823} INFO - Setting next_dagrun for tutorial_dag to None, run_after=None
[2026-07-01T12:29:12.903+0000] {processor.py:183} INFO - Processing /home/airflow/.local/lib/python3.8/site-packages/airflow/example_dags/tutorial_dag.py took 0.206 seconds
[2026-07-01T12:29:43.328+0000] {processor.py:161} INFO - Started process (PID=2357) to work on /home/airflow/.local/lib/python3.8/site-packages/airflow/example_dags/tutorial_dag.py
[2026-07-01T12:29:43.331+0000] {processor.py:830} INFO - Processing file /home/airflow/.local/lib/python3.8/site-packages/airflow/example_dags/tutorial_dag.py for tasks to queue
[2026-07-01T12:29:43.337+0000] {logging_mixin.py:188} INFO - [2026-07-01T12:29:43.336+0000] {dagbag.py:538} INFO - Filling up the DagBag from /home/airflow/.local/lib/python3.8/site-packages/airflow/example_dags/tutorial_dag.py
[2026-07-01T12:29:43.350+0000] {processor.py:840} INFO - DAG(s) 'tutorial_dag' retrieved from /home/airflow/.local/lib/python3.8/site-packages/airflow/example_dags/tutorial_dag.py
[2026-07-01T12:29:43.396+0000] {logging_mixin.py:188} INFO - [2026-07-01T12:29:43.396+0000] {dag.py:3036} INFO - Sync 1 DAGs
[2026-07-01T12:29:43.423+0000] {logging_mixin.py:188} INFO - [2026-07-01T12:29:43.423+0000] {dag.py:3823} INFO - Setting next_dagrun for tutorial_dag to None, run_after=None
[2026-07-01T12:29:43.460+0000] {processor.py:183} INFO - Processing /home/airflow/.local/lib/python3.8/site-packages/airflow/example_dags/tutorial_dag.py took 0.140 seconds
