[2026-07-01T11:58:29.854+0000] {processor.py:161} INFO - Started process (PID=102) to work on /home/airflow/.local/lib/python3.8/site-packages/airflow/example_dags/tutorial_taskflow_api.py
[2026-07-01T11:58:29.858+0000] {processor.py:830} INFO - Processing file /home/airflow/.local/lib/python3.8/site-packages/airflow/example_dags/tutorial_taskflow_api.py for tasks to queue
[2026-07-01T11:58:29.871+0000] {logging_mixin.py:188} INFO - [2026-07-01T11:58:29.867+0000] {dagbag.py:538} INFO - Filling up the DagBag from /home/airflow/.local/lib/python3.8/site-packages/airflow/example_dags/tutorial_taskflow_api.py
[2026-07-01T11:58:29.909+0000] {processor.py:840} INFO - DAG(s) 'tutorial_taskflow_api' retrieved from /home/airflow/.local/lib/python3.8/site-packages/airflow/example_dags/tutorial_taskflow_api.py
[2026-07-01T11:58:30.402+0000] {logging_mixin.py:188} INFO - [2026-07-01T11:58:30.401+0000] {dag.py:3036} INFO - Sync 1 DAGs
[2026-07-01T11:58:30.438+0000] {logging_mixin.py:188} INFO - [2026-07-01T11:58:30.438+0000] {dag.py:3823} INFO - Setting next_dagrun for tutorial_taskflow_api to None, run_after=None
[2026-07-01T11:58:30.511+0000] {processor.py:183} INFO - Processing /home/airflow/.local/lib/python3.8/site-packages/airflow/example_dags/tutorial_taskflow_api.py took 0.678 seconds
[2026-07-01T11:59:01.508+0000] {processor.py:161} INFO - Started process (PID=151) to work on /home/airflow/.local/lib/python3.8/site-packages/airflow/example_dags/tutorial_taskflow_api.py
[2026-07-01T11:59:01.512+0000] {processor.py:830} INFO - Processing file /home/airflow/.local/lib/python3.8/site-packages/airflow/example_dags/tutorial_taskflow_api.py for tasks to queue
[2026-07-01T11:59:01.517+0000] {logging_mixin.py:188} INFO - [2026-07-01T11:59:01.516+0000] {dagbag.py:538} INFO - Filling up the DagBag from /home/airflow/.local/lib/python3.8/site-packages/airflow/example_dags/tutorial_taskflow_api.py
[2026-07-01T11:59:01.536+0000] {processor.py:840} INFO - DAG(s) 'tutorial_taskflow_api' retrieved from /home/airflow/.local/lib/python3.8/site-packages/airflow/example_dags/tutorial_taskflow_api.py
[2026-07-01T11:59:01.588+0000] {logging_mixin.py:188} INFO - [2026-07-01T11:59:01.587+0000] {dag.py:3036} INFO - Sync 1 DAGs
[2026-07-01T11:59:01.618+0000] {logging_mixin.py:188} INFO - [2026-07-01T11:59:01.617+0000] {dag.py:3823} INFO - Setting next_dagrun for tutorial_taskflow_api to None, run_after=None
[2026-07-01T11:59:01.661+0000] {processor.py:183} INFO - Processing /home/airflow/.local/lib/python3.8/site-packages/airflow/example_dags/tutorial_taskflow_api.py took 0.161 seconds
[2026-07-01T11:59:31.959+0000] {processor.py:161} INFO - Started process (PID=206) to work on /home/airflow/.local/lib/python3.8/site-packages/airflow/example_dags/tutorial_taskflow_api.py
[2026-07-01T11:59:31.963+0000] {processor.py:830} INFO - Processing file /home/airflow/.local/lib/python3.8/site-packages/airflow/example_dags/tutorial_taskflow_api.py for tasks to queue
[2026-07-01T11:59:31.972+0000] {logging_mixin.py:188} INFO - [2026-07-01T11:59:31.971+0000] {dagbag.py:538} INFO - Filling up the DagBag from /home/airflow/.local/lib/python3.8/site-packages/airflow/example_dags/tutorial_taskflow_api.py
[2026-07-01T11:59:31.994+0000] {processor.py:840} INFO - DAG(s) 'tutorial_taskflow_api' retrieved from /home/airflow/.local/lib/python3.8/site-packages/airflow/example_dags/tutorial_taskflow_api.py
[2026-07-01T11:59:32.057+0000] {logging_mixin.py:188} INFO - [2026-07-01T11:59:32.057+0000] {dag.py:3036} INFO - Sync 1 DAGs
[2026-07-01T11:59:32.095+0000] {logging_mixin.py:188} INFO - [2026-07-01T11:59:32.094+0000] {dag.py:3823} INFO - Setting next_dagrun for tutorial_taskflow_api to None, run_after=None
[2026-07-01T11:59:32.147+0000] {processor.py:183} INFO - Processing /home/airflow/.local/lib/python3.8/site-packages/airflow/example_dags/tutorial_taskflow_api.py took 0.197 seconds
[2026-07-01T12:00:03.100+0000] {processor.py:161} INFO - Started process (PID=267) to work on /home/airflow/.local/lib/python3.8/site-packages/airflow/example_dags/tutorial_taskflow_api.py
[2026-07-01T12:00:03.103+0000] {processor.py:830} INFO - Processing file /home/airflow/.local/lib/python3.8/site-packages/airflow/example_dags/tutorial_taskflow_api.py for tasks to queue
[2026-07-01T12:00:03.110+0000] {logging_mixin.py:188} INFO - [2026-07-01T12:00:03.109+0000] {dagbag.py:538} INFO - Filling up the DagBag from /home/airflow/.local/lib/python3.8/site-packages/airflow/example_dags/tutorial_taskflow_api.py
[2026-07-01T12:00:03.130+0000] {processor.py:840} INFO - DAG(s) 'tutorial_taskflow_api' retrieved from /home/airflow/.local/lib/python3.8/site-packages/airflow/example_dags/tutorial_taskflow_api.py
[2026-07-01T12:00:03.161+0000] {logging_mixin.py:188} INFO - [2026-07-01T12:00:03.161+0000] {dag.py:3036} INFO - Sync 1 DAGs
[2026-07-01T12:00:03.203+0000] {logging_mixin.py:188} INFO - [2026-07-01T12:00:03.202+0000] {dag.py:3823} INFO - Setting next_dagrun for tutorial_taskflow_api to None, run_after=None
[2026-07-01T12:00:03.254+0000] {processor.py:183} INFO - Processing /home/airflow/.local/lib/python3.8/site-packages/airflow/example_dags/tutorial_taskflow_api.py took 0.162 seconds
[2026-07-01T12:00:34.197+0000] {processor.py:161} INFO - Started process (PID=322) to work on /home/airflow/.local/lib/python3.8/site-packages/airflow/example_dags/tutorial_taskflow_api.py
[2026-07-01T12:00:34.201+0000] {processor.py:830} INFO - Processing file /home/airflow/.local/lib/python3.8/site-packages/airflow/example_dags/tutorial_taskflow_api.py for tasks to queue
[2026-07-01T12:00:34.207+0000] {logging_mixin.py:188} INFO - [2026-07-01T12:00:34.206+0000] {dagbag.py:538} INFO - Filling up the DagBag from /home/airflow/.local/lib/python3.8/site-packages/airflow/example_dags/tutorial_taskflow_api.py
[2026-07-01T12:00:34.225+0000] {processor.py:840} INFO - DAG(s) 'tutorial_taskflow_api' retrieved from /home/airflow/.local/lib/python3.8/site-packages/airflow/example_dags/tutorial_taskflow_api.py
[2026-07-01T12:00:34.488+0000] {logging_mixin.py:188} INFO - [2026-07-01T12:00:34.488+0000] {dag.py:3036} INFO - Sync 1 DAGs
[2026-07-01T12:00:34.517+0000] {logging_mixin.py:188} INFO - [2026-07-01T12:00:34.516+0000] {dag.py:3823} INFO - Setting next_dagrun for tutorial_taskflow_api to None, run_after=None
[2026-07-01T12:00:34.564+0000] {processor.py:183} INFO - Processing /home/airflow/.local/lib/python3.8/site-packages/airflow/example_dags/tutorial_taskflow_api.py took 0.377 seconds
[2026-07-01T12:01:04.974+0000] {processor.py:161} INFO - Started process (PID=377) to work on /home/airflow/.local/lib/python3.8/site-packages/airflow/example_dags/tutorial_taskflow_api.py
[2026-07-01T12:01:04.985+0000] {processor.py:830} INFO - Processing file /home/airflow/.local/lib/python3.8/site-packages/airflow/example_dags/tutorial_taskflow_api.py for tasks to queue
[2026-07-01T12:01:05.001+0000] {logging_mixin.py:188} INFO - [2026-07-01T12:01:04.994+0000] {dagbag.py:538} INFO - Filling up the DagBag from /home/airflow/.local/lib/python3.8/site-packages/airflow/example_dags/tutorial_taskflow_api.py
[2026-07-01T12:01:05.033+0000] {processor.py:840} INFO - DAG(s) 'tutorial_taskflow_api' retrieved from /home/airflow/.local/lib/python3.8/site-packages/airflow/example_dags/tutorial_taskflow_api.py
[2026-07-01T12:01:05.131+0000] {logging_mixin.py:188} INFO - [2026-07-01T12:01:05.130+0000] {dag.py:3036} INFO - Sync 1 DAGs
[2026-07-01T12:01:05.191+0000] {logging_mixin.py:188} INFO - [2026-07-01T12:01:05.190+0000] {dag.py:3823} INFO - Setting next_dagrun for tutorial_taskflow_api to None, run_after=None
[2026-07-01T12:01:05.281+0000] {processor.py:183} INFO - Processing /home/airflow/.local/lib/python3.8/site-packages/airflow/example_dags/tutorial_taskflow_api.py took 0.320 seconds
[2026-07-01T12:01:35.835+0000] {processor.py:161} INFO - Started process (PID=432) to work on /home/airflow/.local/lib/python3.8/site-packages/airflow/example_dags/tutorial_taskflow_api.py
[2026-07-01T12:01:35.838+0000] {processor.py:830} INFO - Processing file /home/airflow/.local/lib/python3.8/site-packages/airflow/example_dags/tutorial_taskflow_api.py for tasks to queue
[2026-07-01T12:01:35.851+0000] {logging_mixin.py:188} INFO - [2026-07-01T12:01:35.851+0000] {dagbag.py:538} INFO - Filling up the DagBag from /home/airflow/.local/lib/python3.8/site-packages/airflow/example_dags/tutorial_taskflow_api.py
[2026-07-01T12:01:35.876+0000] {processor.py:840} INFO - DAG(s) 'tutorial_taskflow_api' retrieved from /home/airflow/.local/lib/python3.8/site-packages/airflow/example_dags/tutorial_taskflow_api.py
[2026-07-01T12:01:35.959+0000] {logging_mixin.py:188} INFO - [2026-07-01T12:01:35.958+0000] {dag.py:3036} INFO - Sync 1 DAGs
[2026-07-01T12:01:36.001+0000] {logging_mixin.py:188} INFO - [2026-07-01T12:01:35.995+0000] {dag.py:3823} INFO - Setting next_dagrun for tutorial_taskflow_api to None, run_after=None
[2026-07-01T12:01:36.091+0000] {processor.py:183} INFO - Processing /home/airflow/.local/lib/python3.8/site-packages/airflow/example_dags/tutorial_taskflow_api.py took 0.264 seconds
[2026-07-01T12:02:06.423+0000] {processor.py:161} INFO - Started process (PID=486) to work on /home/airflow/.local/lib/python3.8/site-packages/airflow/example_dags/tutorial_taskflow_api.py
[2026-07-01T12:02:06.427+0000] {processor.py:830} INFO - Processing file /home/airflow/.local/lib/python3.8/site-packages/airflow/example_dags/tutorial_taskflow_api.py for tasks to queue
[2026-07-01T12:02:06.433+0000] {logging_mixin.py:188} INFO - [2026-07-01T12:02:06.432+0000] {dagbag.py:538} INFO - Filling up the DagBag from /home/airflow/.local/lib/python3.8/site-packages/airflow/example_dags/tutorial_taskflow_api.py
[2026-07-01T12:02:06.452+0000] {processor.py:840} INFO - DAG(s) 'tutorial_taskflow_api' retrieved from /home/airflow/.local/lib/python3.8/site-packages/airflow/example_dags/tutorial_taskflow_api.py
[2026-07-01T12:02:06.507+0000] {logging_mixin.py:188} INFO - [2026-07-01T12:02:06.506+0000] {dag.py:3036} INFO - Sync 1 DAGs
[2026-07-01T12:02:06.548+0000] {logging_mixin.py:188} INFO - [2026-07-01T12:02:06.548+0000] {dag.py:3823} INFO - Setting next_dagrun for tutorial_taskflow_api to None, run_after=None
[2026-07-01T12:02:06.611+0000] {processor.py:183} INFO - Processing /home/airflow/.local/lib/python3.8/site-packages/airflow/example_dags/tutorial_taskflow_api.py took 0.198 seconds
[2026-07-01T12:02:37.457+0000] {processor.py:161} INFO - Started process (PID=542) to work on /home/airflow/.local/lib/python3.8/site-packages/airflow/example_dags/tutorial_taskflow_api.py
[2026-07-01T12:02:37.460+0000] {processor.py:830} INFO - Processing file /home/airflow/.local/lib/python3.8/site-packages/airflow/example_dags/tutorial_taskflow_api.py for tasks to queue
[2026-07-01T12:02:37.466+0000] {logging_mixin.py:188} INFO - [2026-07-01T12:02:37.465+0000] {dagbag.py:538} INFO - Filling up the DagBag from /home/airflow/.local/lib/python3.8/site-packages/airflow/example_dags/tutorial_taskflow_api.py
[2026-07-01T12:02:37.483+0000] {processor.py:840} INFO - DAG(s) 'tutorial_taskflow_api' retrieved from /home/airflow/.local/lib/python3.8/site-packages/airflow/example_dags/tutorial_taskflow_api.py
[2026-07-01T12:02:37.534+0000] {logging_mixin.py:188} INFO - [2026-07-01T12:02:37.534+0000] {dag.py:3036} INFO - Sync 1 DAGs
[2026-07-01T12:02:37.566+0000] {logging_mixin.py:188} INFO - [2026-07-01T12:02:37.566+0000] {dag.py:3823} INFO - Setting next_dagrun for tutorial_taskflow_api to None, run_after=None
[2026-07-01T12:02:37.616+0000] {processor.py:183} INFO - Processing /home/airflow/.local/lib/python3.8/site-packages/airflow/example_dags/tutorial_taskflow_api.py took 0.167 seconds
[2026-07-01T12:03:07.833+0000] {processor.py:161} INFO - Started process (PID=597) to work on /home/airflow/.local/lib/python3.8/site-packages/airflow/example_dags/tutorial_taskflow_api.py
[2026-07-01T12:03:07.837+0000] {processor.py:830} INFO - Processing file /home/airflow/.local/lib/python3.8/site-packages/airflow/example_dags/tutorial_taskflow_api.py for tasks to queue
[2026-07-01T12:03:07.846+0000] {logging_mixin.py:188} INFO - [2026-07-01T12:03:07.845+0000] {dagbag.py:538} INFO - Filling up the DagBag from /home/airflow/.local/lib/python3.8/site-packages/airflow/example_dags/tutorial_taskflow_api.py
[2026-07-01T12:03:07.869+0000] {processor.py:840} INFO - DAG(s) 'tutorial_taskflow_api' retrieved from /home/airflow/.local/lib/python3.8/site-packages/airflow/example_dags/tutorial_taskflow_api.py
[2026-07-01T12:03:07.931+0000] {logging_mixin.py:188} INFO - [2026-07-01T12:03:07.930+0000] {dag.py:3036} INFO - Sync 1 DAGs
[2026-07-01T12:03:07.966+0000] {logging_mixin.py:188} INFO - [2026-07-01T12:03:07.966+0000] {dag.py:3823} INFO - Setting next_dagrun for tutorial_taskflow_api to None, run_after=None
[2026-07-01T12:03:08.016+0000] {processor.py:183} INFO - Processing /home/airflow/.local/lib/python3.8/site-packages/airflow/example_dags/tutorial_taskflow_api.py took 0.196 seconds
[2026-07-01T12:03:38.483+0000] {processor.py:161} INFO - Started process (PID=653) to work on /home/airflow/.local/lib/python3.8/site-packages/airflow/example_dags/tutorial_taskflow_api.py
[2026-07-01T12:03:38.487+0000] {processor.py:830} INFO - Processing file /home/airflow/.local/lib/python3.8/site-packages/airflow/example_dags/tutorial_taskflow_api.py for tasks to queue
[2026-07-01T12:03:38.494+0000] {logging_mixin.py:188} INFO - [2026-07-01T12:03:38.493+0000] {dagbag.py:538} INFO - Filling up the DagBag from /home/airflow/.local/lib/python3.8/site-packages/airflow/example_dags/tutorial_taskflow_api.py
[2026-07-01T12:03:38.513+0000] {processor.py:840} INFO - DAG(s) 'tutorial_taskflow_api' retrieved from /home/airflow/.local/lib/python3.8/site-packages/airflow/example_dags/tutorial_taskflow_api.py
[2026-07-01T12:03:38.562+0000] {logging_mixin.py:188} INFO - [2026-07-01T12:03:38.562+0000] {dag.py:3036} INFO - Sync 1 DAGs
[2026-07-01T12:03:38.597+0000] {logging_mixin.py:188} INFO - [2026-07-01T12:03:38.597+0000] {dag.py:3823} INFO - Setting next_dagrun for tutorial_taskflow_api to None, run_after=None
[2026-07-01T12:03:38.647+0000] {processor.py:183} INFO - Processing /home/airflow/.local/lib/python3.8/site-packages/airflow/example_dags/tutorial_taskflow_api.py took 0.175 seconds
[2026-07-01T12:04:09.093+0000] {processor.py:161} INFO - Started process (PID=708) to work on /home/airflow/.local/lib/python3.8/site-packages/airflow/example_dags/tutorial_taskflow_api.py
[2026-07-01T12:04:09.097+0000] {processor.py:830} INFO - Processing file /home/airflow/.local/lib/python3.8/site-packages/airflow/example_dags/tutorial_taskflow_api.py for tasks to queue
[2026-07-01T12:04:09.106+0000] {logging_mixin.py:188} INFO - [2026-07-01T12:04:09.105+0000] {dagbag.py:538} INFO - Filling up the DagBag from /home/airflow/.local/lib/python3.8/site-packages/airflow/example_dags/tutorial_taskflow_api.py
[2026-07-01T12:04:09.128+0000] {processor.py:840} INFO - DAG(s) 'tutorial_taskflow_api' retrieved from /home/airflow/.local/lib/python3.8/site-packages/airflow/example_dags/tutorial_taskflow_api.py
[2026-07-01T12:04:09.185+0000] {logging_mixin.py:188} INFO - [2026-07-01T12:04:09.184+0000] {dag.py:3036} INFO - Sync 1 DAGs
[2026-07-01T12:04:09.227+0000] {logging_mixin.py:188} INFO - [2026-07-01T12:04:09.226+0000] {dag.py:3823} INFO - Setting next_dagrun for tutorial_taskflow_api to None, run_after=None
[2026-07-01T12:04:09.283+0000] {processor.py:183} INFO - Processing /home/airflow/.local/lib/python3.8/site-packages/airflow/example_dags/tutorial_taskflow_api.py took 0.201 seconds
[2026-07-01T12:04:39.849+0000] {processor.py:161} INFO - Started process (PID=763) to work on /home/airflow/.local/lib/python3.8/site-packages/airflow/example_dags/tutorial_taskflow_api.py
[2026-07-01T12:04:39.854+0000] {processor.py:830} INFO - Processing file /home/airflow/.local/lib/python3.8/site-packages/airflow/example_dags/tutorial_taskflow_api.py for tasks to queue
[2026-07-01T12:04:39.866+0000] {logging_mixin.py:188} INFO - [2026-07-01T12:04:39.865+0000] {dagbag.py:538} INFO - Filling up the DagBag from /home/airflow/.local/lib/python3.8/site-packages/airflow/example_dags/tutorial_taskflow_api.py
[2026-07-01T12:04:39.891+0000] {processor.py:840} INFO - DAG(s) 'tutorial_taskflow_api' retrieved from /home/airflow/.local/lib/python3.8/site-packages/airflow/example_dags/tutorial_taskflow_api.py
[2026-07-01T12:04:39.989+0000] {logging_mixin.py:188} INFO - [2026-07-01T12:04:39.988+0000] {dag.py:3036} INFO - Sync 1 DAGs
[2026-07-01T12:04:40.025+0000] {logging_mixin.py:188} INFO - [2026-07-01T12:04:40.025+0000] {dag.py:3823} INFO - Setting next_dagrun for tutorial_taskflow_api to None, run_after=None
[2026-07-01T12:04:40.080+0000] {processor.py:183} INFO - Processing /home/airflow/.local/lib/python3.8/site-packages/airflow/example_dags/tutorial_taskflow_api.py took 0.249 seconds
[2026-07-01T12:05:10.542+0000] {processor.py:161} INFO - Started process (PID=818) to work on /home/airflow/.local/lib/python3.8/site-packages/airflow/example_dags/tutorial_taskflow_api.py
[2026-07-01T12:05:10.547+0000] {processor.py:830} INFO - Processing file /home/airflow/.local/lib/python3.8/site-packages/airflow/example_dags/tutorial_taskflow_api.py for tasks to queue
[2026-07-01T12:05:10.554+0000] {logging_mixin.py:188} INFO - [2026-07-01T12:05:10.553+0000] {dagbag.py:538} INFO - Filling up the DagBag from /home/airflow/.local/lib/python3.8/site-packages/airflow/example_dags/tutorial_taskflow_api.py
[2026-07-01T12:05:10.576+0000] {processor.py:840} INFO - DAG(s) 'tutorial_taskflow_api' retrieved from /home/airflow/.local/lib/python3.8/site-packages/airflow/example_dags/tutorial_taskflow_api.py
[2026-07-01T12:05:10.634+0000] {logging_mixin.py:188} INFO - [2026-07-01T12:05:10.633+0000] {dag.py:3036} INFO - Sync 1 DAGs
[2026-07-01T12:05:10.668+0000] {logging_mixin.py:188} INFO - [2026-07-01T12:05:10.668+0000] {dag.py:3823} INFO - Setting next_dagrun for tutorial_taskflow_api to None, run_after=None
[2026-07-01T12:05:10.715+0000] {processor.py:183} INFO - Processing /home/airflow/.local/lib/python3.8/site-packages/airflow/example_dags/tutorial_taskflow_api.py took 0.183 seconds
[2026-07-01T12:05:40.911+0000] {processor.py:161} INFO - Started process (PID=873) to work on /home/airflow/.local/lib/python3.8/site-packages/airflow/example_dags/tutorial_taskflow_api.py
[2026-07-01T12:05:40.914+0000] {processor.py:830} INFO - Processing file /home/airflow/.local/lib/python3.8/site-packages/airflow/example_dags/tutorial_taskflow_api.py for tasks to queue
[2026-07-01T12:05:40.920+0000] {logging_mixin.py:188} INFO - [2026-07-01T12:05:40.919+0000] {dagbag.py:538} INFO - Filling up the DagBag from /home/airflow/.local/lib/python3.8/site-packages/airflow/example_dags/tutorial_taskflow_api.py
[2026-07-01T12:05:40.939+0000] {processor.py:840} INFO - DAG(s) 'tutorial_taskflow_api' retrieved from /home/airflow/.local/lib/python3.8/site-packages/airflow/example_dags/tutorial_taskflow_api.py
[2026-07-01T12:05:40.996+0000] {logging_mixin.py:188} INFO - [2026-07-01T12:05:40.995+0000] {dag.py:3036} INFO - Sync 1 DAGs
[2026-07-01T12:05:41.032+0000] {logging_mixin.py:188} INFO - [2026-07-01T12:05:41.032+0000] {dag.py:3823} INFO - Setting next_dagrun for tutorial_taskflow_api to None, run_after=None
[2026-07-01T12:05:41.097+0000] {processor.py:183} INFO - Processing /home/airflow/.local/lib/python3.8/site-packages/airflow/example_dags/tutorial_taskflow_api.py took 0.196 seconds
[2026-07-01T12:06:11.626+0000] {processor.py:161} INFO - Started process (PID=928) to work on /home/airflow/.local/lib/python3.8/site-packages/airflow/example_dags/tutorial_taskflow_api.py
[2026-07-01T12:06:11.629+0000] {processor.py:830} INFO - Processing file /home/airflow/.local/lib/python3.8/site-packages/airflow/example_dags/tutorial_taskflow_api.py for tasks to queue
[2026-07-01T12:06:11.636+0000] {logging_mixin.py:188} INFO - [2026-07-01T12:06:11.635+0000] {dagbag.py:538} INFO - Filling up the DagBag from /home/airflow/.local/lib/python3.8/site-packages/airflow/example_dags/tutorial_taskflow_api.py
[2026-07-01T12:06:11.656+0000] {processor.py:840} INFO - DAG(s) 'tutorial_taskflow_api' retrieved from /home/airflow/.local/lib/python3.8/site-packages/airflow/example_dags/tutorial_taskflow_api.py
[2026-07-01T12:06:11.708+0000] {logging_mixin.py:188} INFO - [2026-07-01T12:06:11.708+0000] {dag.py:3036} INFO - Sync 1 DAGs
[2026-07-01T12:06:11.745+0000] {logging_mixin.py:188} INFO - [2026-07-01T12:06:11.744+0000] {dag.py:3823} INFO - Setting next_dagrun for tutorial_taskflow_api to None, run_after=None
[2026-07-01T12:06:11.853+0000] {processor.py:183} INFO - Processing /home/airflow/.local/lib/python3.8/site-packages/airflow/example_dags/tutorial_taskflow_api.py took 0.236 seconds
[2026-07-01T12:06:42.203+0000] {processor.py:161} INFO - Started process (PID=983) to work on /home/airflow/.local/lib/python3.8/site-packages/airflow/example_dags/tutorial_taskflow_api.py
[2026-07-01T12:06:42.206+0000] {processor.py:830} INFO - Processing file /home/airflow/.local/lib/python3.8/site-packages/airflow/example_dags/tutorial_taskflow_api.py for tasks to queue
[2026-07-01T12:06:42.213+0000] {logging_mixin.py:188} INFO - [2026-07-01T12:06:42.212+0000] {dagbag.py:538} INFO - Filling up the DagBag from /home/airflow/.local/lib/python3.8/site-packages/airflow/example_dags/tutorial_taskflow_api.py
[2026-07-01T12:06:42.233+0000] {processor.py:840} INFO - DAG(s) 'tutorial_taskflow_api' retrieved from /home/airflow/.local/lib/python3.8/site-packages/airflow/example_dags/tutorial_taskflow_api.py
[2026-07-01T12:06:42.288+0000] {logging_mixin.py:188} INFO - [2026-07-01T12:06:42.287+0000] {dag.py:3036} INFO - Sync 1 DAGs
[2026-07-01T12:06:42.324+0000] {logging_mixin.py:188} INFO - [2026-07-01T12:06:42.324+0000] {dag.py:3823} INFO - Setting next_dagrun for tutorial_taskflow_api to None, run_after=None
[2026-07-01T12:06:42.372+0000] {processor.py:183} INFO - Processing /home/airflow/.local/lib/python3.8/site-packages/airflow/example_dags/tutorial_taskflow_api.py took 0.180 seconds
[2026-07-01T12:07:13.038+0000] {processor.py:161} INFO - Started process (PID=1038) to work on /home/airflow/.local/lib/python3.8/site-packages/airflow/example_dags/tutorial_taskflow_api.py
[2026-07-01T12:07:13.041+0000] {processor.py:830} INFO - Processing file /home/airflow/.local/lib/python3.8/site-packages/airflow/example_dags/tutorial_taskflow_api.py for tasks to queue
[2026-07-01T12:07:13.048+0000] {logging_mixin.py:188} INFO - [2026-07-01T12:07:13.047+0000] {dagbag.py:538} INFO - Filling up the DagBag from /home/airflow/.local/lib/python3.8/site-packages/airflow/example_dags/tutorial_taskflow_api.py
[2026-07-01T12:07:13.068+0000] {processor.py:840} INFO - DAG(s) 'tutorial_taskflow_api' retrieved from /home/airflow/.local/lib/python3.8/site-packages/airflow/example_dags/tutorial_taskflow_api.py
[2026-07-01T12:07:13.120+0000] {logging_mixin.py:188} INFO - [2026-07-01T12:07:13.120+0000] {dag.py:3036} INFO - Sync 1 DAGs
[2026-07-01T12:07:13.153+0000] {logging_mixin.py:188} INFO - [2026-07-01T12:07:13.152+0000] {dag.py:3823} INFO - Setting next_dagrun for tutorial_taskflow_api to None, run_after=None
[2026-07-01T12:07:13.200+0000] {processor.py:183} INFO - Processing /home/airflow/.local/lib/python3.8/site-packages/airflow/example_dags/tutorial_taskflow_api.py took 0.173 seconds
[2026-07-01T12:07:43.403+0000] {processor.py:161} INFO - Started process (PID=1094) to work on /home/airflow/.local/lib/python3.8/site-packages/airflow/example_dags/tutorial_taskflow_api.py
[2026-07-01T12:07:43.407+0000] {processor.py:830} INFO - Processing file /home/airflow/.local/lib/python3.8/site-packages/airflow/example_dags/tutorial_taskflow_api.py for tasks to queue
[2026-07-01T12:07:43.415+0000] {logging_mixin.py:188} INFO - [2026-07-01T12:07:43.414+0000] {dagbag.py:538} INFO - Filling up the DagBag from /home/airflow/.local/lib/python3.8/site-packages/airflow/example_dags/tutorial_taskflow_api.py
[2026-07-01T12:07:43.436+0000] {processor.py:840} INFO - DAG(s) 'tutorial_taskflow_api' retrieved from /home/airflow/.local/lib/python3.8/site-packages/airflow/example_dags/tutorial_taskflow_api.py
[2026-07-01T12:07:43.490+0000] {logging_mixin.py:188} INFO - [2026-07-01T12:07:43.490+0000] {dag.py:3036} INFO - Sync 1 DAGs
[2026-07-01T12:07:43.525+0000] {logging_mixin.py:188} INFO - [2026-07-01T12:07:43.525+0000] {dag.py:3823} INFO - Setting next_dagrun for tutorial_taskflow_api to None, run_after=None
[2026-07-01T12:07:43.590+0000] {processor.py:183} INFO - Processing /home/airflow/.local/lib/python3.8/site-packages/airflow/example_dags/tutorial_taskflow_api.py took 0.201 seconds
[2026-07-01T12:08:13.982+0000] {processor.py:161} INFO - Started process (PID=1149) to work on /home/airflow/.local/lib/python3.8/site-packages/airflow/example_dags/tutorial_taskflow_api.py
[2026-07-01T12:08:13.987+0000] {processor.py:830} INFO - Processing file /home/airflow/.local/lib/python3.8/site-packages/airflow/example_dags/tutorial_taskflow_api.py for tasks to queue
[2026-07-01T12:08:13.993+0000] {logging_mixin.py:188} INFO - [2026-07-01T12:08:13.993+0000] {dagbag.py:538} INFO - Filling up the DagBag from /home/airflow/.local/lib/python3.8/site-packages/airflow/example_dags/tutorial_taskflow_api.py
[2026-07-01T12:08:14.016+0000] {processor.py:840} INFO - DAG(s) 'tutorial_taskflow_api' retrieved from /home/airflow/.local/lib/python3.8/site-packages/airflow/example_dags/tutorial_taskflow_api.py
[2026-07-01T12:08:14.098+0000] {logging_mixin.py:188} INFO - [2026-07-01T12:08:14.097+0000] {dag.py:3036} INFO - Sync 1 DAGs
[2026-07-01T12:08:14.160+0000] {logging_mixin.py:188} INFO - [2026-07-01T12:08:14.160+0000] {dag.py:3823} INFO - Setting next_dagrun for tutorial_taskflow_api to None, run_after=None
[2026-07-01T12:08:14.255+0000] {processor.py:183} INFO - Processing /home/airflow/.local/lib/python3.8/site-packages/airflow/example_dags/tutorial_taskflow_api.py took 0.286 seconds
[2026-07-01T12:09:01.290+0000] {processor.py:161} INFO - Started process (PID=89) to work on /home/airflow/.local/lib/python3.8/site-packages/airflow/example_dags/tutorial_taskflow_api.py
[2026-07-01T12:09:01.294+0000] {processor.py:830} INFO - Processing file /home/airflow/.local/lib/python3.8/site-packages/airflow/example_dags/tutorial_taskflow_api.py for tasks to queue
[2026-07-01T12:09:01.299+0000] {logging_mixin.py:188} INFO - [2026-07-01T12:09:01.298+0000] {dagbag.py:538} INFO - Filling up the DagBag from /home/airflow/.local/lib/python3.8/site-packages/airflow/example_dags/tutorial_taskflow_api.py
[2026-07-01T12:09:01.319+0000] {processor.py:840} INFO - DAG(s) 'tutorial_taskflow_api' retrieved from /home/airflow/.local/lib/python3.8/site-packages/airflow/example_dags/tutorial_taskflow_api.py
[2026-07-01T12:09:01.393+0000] {logging_mixin.py:188} INFO - [2026-07-01T12:09:01.392+0000] {dag.py:3036} INFO - Sync 1 DAGs
[2026-07-01T12:09:01.428+0000] {logging_mixin.py:188} INFO - [2026-07-01T12:09:01.428+0000] {dag.py:3823} INFO - Setting next_dagrun for tutorial_taskflow_api to None, run_after=None
[2026-07-01T12:09:01.479+0000] {processor.py:183} INFO - Processing /home/airflow/.local/lib/python3.8/site-packages/airflow/example_dags/tutorial_taskflow_api.py took 0.198 seconds
[2026-07-01T12:09:32.061+0000] {processor.py:161} INFO - Started process (PID=145) to work on /home/airflow/.local/lib/python3.8/site-packages/airflow/example_dags/tutorial_taskflow_api.py
[2026-07-01T12:09:32.064+0000] {processor.py:830} INFO - Processing file /home/airflow/.local/lib/python3.8/site-packages/airflow/example_dags/tutorial_taskflow_api.py for tasks to queue
[2026-07-01T12:09:32.072+0000] {logging_mixin.py:188} INFO - [2026-07-01T12:09:32.070+0000] {dagbag.py:538} INFO - Filling up the DagBag from /home/airflow/.local/lib/python3.8/site-packages/airflow/example_dags/tutorial_taskflow_api.py
[2026-07-01T12:09:32.093+0000] {processor.py:840} INFO - DAG(s) 'tutorial_taskflow_api' retrieved from /home/airflow/.local/lib/python3.8/site-packages/airflow/example_dags/tutorial_taskflow_api.py
[2026-07-01T12:09:32.161+0000] {logging_mixin.py:188} INFO - [2026-07-01T12:09:32.160+0000] {dag.py:3036} INFO - Sync 1 DAGs
[2026-07-01T12:09:32.205+0000] {logging_mixin.py:188} INFO - [2026-07-01T12:09:32.204+0000] {dag.py:3823} INFO - Setting next_dagrun for tutorial_taskflow_api to None, run_after=None
[2026-07-01T12:09:32.260+0000] {processor.py:183} INFO - Processing /home/airflow/.local/lib/python3.8/site-packages/airflow/example_dags/tutorial_taskflow_api.py took 0.208 seconds
[2026-07-01T12:10:02.810+0000] {processor.py:161} INFO - Started process (PID=202) to work on /home/airflow/.local/lib/python3.8/site-packages/airflow/example_dags/tutorial_taskflow_api.py
[2026-07-01T12:10:02.813+0000] {processor.py:830} INFO - Processing file /home/airflow/.local/lib/python3.8/site-packages/airflow/example_dags/tutorial_taskflow_api.py for tasks to queue
[2026-07-01T12:10:02.820+0000] {logging_mixin.py:188} INFO - [2026-07-01T12:10:02.820+0000] {dagbag.py:538} INFO - Filling up the DagBag from /home/airflow/.local/lib/python3.8/site-packages/airflow/example_dags/tutorial_taskflow_api.py
[2026-07-01T12:10:02.840+0000] {processor.py:840} INFO - DAG(s) 'tutorial_taskflow_api' retrieved from /home/airflow/.local/lib/python3.8/site-packages/airflow/example_dags/tutorial_taskflow_api.py
[2026-07-01T12:10:02.899+0000] {logging_mixin.py:188} INFO - [2026-07-01T12:10:02.898+0000] {dag.py:3036} INFO - Sync 1 DAGs
[2026-07-01T12:10:02.934+0000] {logging_mixin.py:188} INFO - [2026-07-01T12:10:02.934+0000] {dag.py:3823} INFO - Setting next_dagrun for tutorial_taskflow_api to None, run_after=None
[2026-07-01T12:10:02.991+0000] {processor.py:183} INFO - Processing /home/airflow/.local/lib/python3.8/site-packages/airflow/example_dags/tutorial_taskflow_api.py took 0.189 seconds
[2026-07-01T12:10:33.263+0000] {processor.py:161} INFO - Started process (PID=258) to work on /home/airflow/.local/lib/python3.8/site-packages/airflow/example_dags/tutorial_taskflow_api.py
[2026-07-01T12:10:33.266+0000] {processor.py:830} INFO - Processing file /home/airflow/.local/lib/python3.8/site-packages/airflow/example_dags/tutorial_taskflow_api.py for tasks to queue
[2026-07-01T12:10:33.272+0000] {logging_mixin.py:188} INFO - [2026-07-01T12:10:33.271+0000] {dagbag.py:538} INFO - Filling up the DagBag from /home/airflow/.local/lib/python3.8/site-packages/airflow/example_dags/tutorial_taskflow_api.py
[2026-07-01T12:10:33.288+0000] {processor.py:840} INFO - DAG(s) 'tutorial_taskflow_api' retrieved from /home/airflow/.local/lib/python3.8/site-packages/airflow/example_dags/tutorial_taskflow_api.py
[2026-07-01T12:10:33.334+0000] {logging_mixin.py:188} INFO - [2026-07-01T12:10:33.334+0000] {dag.py:3036} INFO - Sync 1 DAGs
[2026-07-01T12:10:33.361+0000] {logging_mixin.py:188} INFO - [2026-07-01T12:10:33.360+0000] {dag.py:3823} INFO - Setting next_dagrun for tutorial_taskflow_api to None, run_after=None
[2026-07-01T12:10:33.402+0000] {processor.py:183} INFO - Processing /home/airflow/.local/lib/python3.8/site-packages/airflow/example_dags/tutorial_taskflow_api.py took 0.147 seconds
[2026-07-01T12:11:04.699+0000] {processor.py:161} INFO - Started process (PID=319) to work on /home/airflow/.local/lib/python3.8/site-packages/airflow/example_dags/tutorial_taskflow_api.py
[2026-07-01T12:11:04.703+0000] {processor.py:830} INFO - Processing file /home/airflow/.local/lib/python3.8/site-packages/airflow/example_dags/tutorial_taskflow_api.py for tasks to queue
[2026-07-01T12:11:04.718+0000] {logging_mixin.py:188} INFO - [2026-07-01T12:11:04.716+0000] {dagbag.py:538} INFO - Filling up the DagBag from /home/airflow/.local/lib/python3.8/site-packages/airflow/example_dags/tutorial_taskflow_api.py
[2026-07-01T12:11:04.755+0000] {processor.py:840} INFO - DAG(s) 'tutorial_taskflow_api' retrieved from /home/airflow/.local/lib/python3.8/site-packages/airflow/example_dags/tutorial_taskflow_api.py
[2026-07-01T12:11:04.857+0000] {logging_mixin.py:188} INFO - [2026-07-01T12:11:04.857+0000] {dag.py:3036} INFO - Sync 1 DAGs
[2026-07-01T12:11:04.902+0000] {logging_mixin.py:188} INFO - [2026-07-01T12:11:04.901+0000] {dag.py:3823} INFO - Setting next_dagrun for tutorial_taskflow_api to None, run_after=None
[2026-07-01T12:11:04.952+0000] {processor.py:183} INFO - Processing /home/airflow/.local/lib/python3.8/site-packages/airflow/example_dags/tutorial_taskflow_api.py took 0.274 seconds
[2026-07-01T12:11:35.631+0000] {processor.py:161} INFO - Started process (PID=375) to work on /home/airflow/.local/lib/python3.8/site-packages/airflow/example_dags/tutorial_taskflow_api.py
[2026-07-01T12:11:35.635+0000] {processor.py:830} INFO - Processing file /home/airflow/.local/lib/python3.8/site-packages/airflow/example_dags/tutorial_taskflow_api.py for tasks to queue
[2026-07-01T12:11:35.641+0000] {logging_mixin.py:188} INFO - [2026-07-01T12:11:35.641+0000] {dagbag.py:538} INFO - Filling up the DagBag from /home/airflow/.local/lib/python3.8/site-packages/airflow/example_dags/tutorial_taskflow_api.py
[2026-07-01T12:11:35.662+0000] {processor.py:840} INFO - DAG(s) 'tutorial_taskflow_api' retrieved from /home/airflow/.local/lib/python3.8/site-packages/airflow/example_dags/tutorial_taskflow_api.py
[2026-07-01T12:11:35.719+0000] {logging_mixin.py:188} INFO - [2026-07-01T12:11:35.719+0000] {dag.py:3036} INFO - Sync 1 DAGs
[2026-07-01T12:11:35.756+0000] {logging_mixin.py:188} INFO - [2026-07-01T12:11:35.755+0000] {dag.py:3823} INFO - Setting next_dagrun for tutorial_taskflow_api to None, run_after=None
[2026-07-01T12:11:35.812+0000] {processor.py:183} INFO - Processing /home/airflow/.local/lib/python3.8/site-packages/airflow/example_dags/tutorial_taskflow_api.py took 0.190 seconds
[2026-07-01T12:12:06.402+0000] {processor.py:161} INFO - Started process (PID=431) to work on /home/airflow/.local/lib/python3.8/site-packages/airflow/example_dags/tutorial_taskflow_api.py
[2026-07-01T12:12:06.405+0000] {processor.py:830} INFO - Processing file /home/airflow/.local/lib/python3.8/site-packages/airflow/example_dags/tutorial_taskflow_api.py for tasks to queue
[2026-07-01T12:12:06.411+0000] {logging_mixin.py:188} INFO - [2026-07-01T12:12:06.410+0000] {dagbag.py:538} INFO - Filling up the DagBag from /home/airflow/.local/lib/python3.8/site-packages/airflow/example_dags/tutorial_taskflow_api.py
[2026-07-01T12:12:06.436+0000] {processor.py:840} INFO - DAG(s) 'tutorial_taskflow_api' retrieved from /home/airflow/.local/lib/python3.8/site-packages/airflow/example_dags/tutorial_taskflow_api.py
[2026-07-01T12:12:06.502+0000] {logging_mixin.py:188} INFO - [2026-07-01T12:12:06.501+0000] {dag.py:3036} INFO - Sync 1 DAGs
[2026-07-01T12:12:06.536+0000] {logging_mixin.py:188} INFO - [2026-07-01T12:12:06.535+0000] {dag.py:3823} INFO - Setting next_dagrun for tutorial_taskflow_api to None, run_after=None
[2026-07-01T12:12:06.590+0000] {processor.py:183} INFO - Processing /home/airflow/.local/lib/python3.8/site-packages/airflow/example_dags/tutorial_taskflow_api.py took 0.196 seconds
[2026-07-01T12:12:37.545+0000] {processor.py:161} INFO - Started process (PID=487) to work on /home/airflow/.local/lib/python3.8/site-packages/airflow/example_dags/tutorial_taskflow_api.py
[2026-07-01T12:12:37.549+0000] {processor.py:830} INFO - Processing file /home/airflow/.local/lib/python3.8/site-packages/airflow/example_dags/tutorial_taskflow_api.py for tasks to queue
[2026-07-01T12:12:37.555+0000] {logging_mixin.py:188} INFO - [2026-07-01T12:12:37.554+0000] {dagbag.py:538} INFO - Filling up the DagBag from /home/airflow/.local/lib/python3.8/site-packages/airflow/example_dags/tutorial_taskflow_api.py
[2026-07-01T12:12:37.575+0000] {processor.py:840} INFO - DAG(s) 'tutorial_taskflow_api' retrieved from /home/airflow/.local/lib/python3.8/site-packages/airflow/example_dags/tutorial_taskflow_api.py
[2026-07-01T12:12:37.631+0000] {logging_mixin.py:188} INFO - [2026-07-01T12:12:37.630+0000] {dag.py:3036} INFO - Sync 1 DAGs
[2026-07-01T12:12:37.663+0000] {logging_mixin.py:188} INFO - [2026-07-01T12:12:37.662+0000] {dag.py:3823} INFO - Setting next_dagrun for tutorial_taskflow_api to None, run_after=None
[2026-07-01T12:12:37.706+0000] {processor.py:183} INFO - Processing /home/airflow/.local/lib/python3.8/site-packages/airflow/example_dags/tutorial_taskflow_api.py took 0.171 seconds
[2026-07-01T12:13:08.727+0000] {processor.py:161} INFO - Started process (PID=543) to work on /home/airflow/.local/lib/python3.8/site-packages/airflow/example_dags/tutorial_taskflow_api.py
[2026-07-01T12:13:08.730+0000] {processor.py:830} INFO - Processing file /home/airflow/.local/lib/python3.8/site-packages/airflow/example_dags/tutorial_taskflow_api.py for tasks to queue
[2026-07-01T12:13:08.736+0000] {logging_mixin.py:188} INFO - [2026-07-01T12:13:08.735+0000] {dagbag.py:538} INFO - Filling up the DagBag from /home/airflow/.local/lib/python3.8/site-packages/airflow/example_dags/tutorial_taskflow_api.py
[2026-07-01T12:13:08.753+0000] {processor.py:840} INFO - DAG(s) 'tutorial_taskflow_api' retrieved from /home/airflow/.local/lib/python3.8/site-packages/airflow/example_dags/tutorial_taskflow_api.py
[2026-07-01T12:13:08.804+0000] {logging_mixin.py:188} INFO - [2026-07-01T12:13:08.803+0000] {dag.py:3036} INFO - Sync 1 DAGs
[2026-07-01T12:13:08.834+0000] {logging_mixin.py:188} INFO - [2026-07-01T12:13:08.834+0000] {dag.py:3823} INFO - Setting next_dagrun for tutorial_taskflow_api to None, run_after=None
[2026-07-01T12:13:08.876+0000] {processor.py:183} INFO - Processing /home/airflow/.local/lib/python3.8/site-packages/airflow/example_dags/tutorial_taskflow_api.py took 0.157 seconds
[2026-07-01T12:13:39.053+0000] {processor.py:161} INFO - Started process (PID=599) to work on /home/airflow/.local/lib/python3.8/site-packages/airflow/example_dags/tutorial_taskflow_api.py
[2026-07-01T12:13:39.056+0000] {processor.py:830} INFO - Processing file /home/airflow/.local/lib/python3.8/site-packages/airflow/example_dags/tutorial_taskflow_api.py for tasks to queue
[2026-07-01T12:13:39.062+0000] {logging_mixin.py:188} INFO - [2026-07-01T12:13:39.061+0000] {dagbag.py:538} INFO - Filling up the DagBag from /home/airflow/.local/lib/python3.8/site-packages/airflow/example_dags/tutorial_taskflow_api.py
[2026-07-01T12:13:39.079+0000] {processor.py:840} INFO - DAG(s) 'tutorial_taskflow_api' retrieved from /home/airflow/.local/lib/python3.8/site-packages/airflow/example_dags/tutorial_taskflow_api.py
[2026-07-01T12:13:39.126+0000] {logging_mixin.py:188} INFO - [2026-07-01T12:13:39.126+0000] {dag.py:3036} INFO - Sync 1 DAGs
[2026-07-01T12:13:39.158+0000] {logging_mixin.py:188} INFO - [2026-07-01T12:13:39.157+0000] {dag.py:3823} INFO - Setting next_dagrun for tutorial_taskflow_api to None, run_after=None
[2026-07-01T12:13:39.202+0000] {processor.py:183} INFO - Processing /home/airflow/.local/lib/python3.8/site-packages/airflow/example_dags/tutorial_taskflow_api.py took 0.157 seconds
[2026-07-01T12:14:09.427+0000] {processor.py:161} INFO - Started process (PID=654) to work on /home/airflow/.local/lib/python3.8/site-packages/airflow/example_dags/tutorial_taskflow_api.py
[2026-07-01T12:14:09.431+0000] {processor.py:830} INFO - Processing file /home/airflow/.local/lib/python3.8/site-packages/airflow/example_dags/tutorial_taskflow_api.py for tasks to queue
[2026-07-01T12:14:09.438+0000] {logging_mixin.py:188} INFO - [2026-07-01T12:14:09.437+0000] {dagbag.py:538} INFO - Filling up the DagBag from /home/airflow/.local/lib/python3.8/site-packages/airflow/example_dags/tutorial_taskflow_api.py
[2026-07-01T12:14:09.455+0000] {processor.py:840} INFO - DAG(s) 'tutorial_taskflow_api' retrieved from /home/airflow/.local/lib/python3.8/site-packages/airflow/example_dags/tutorial_taskflow_api.py
[2026-07-01T12:14:09.503+0000] {logging_mixin.py:188} INFO - [2026-07-01T12:14:09.503+0000] {dag.py:3036} INFO - Sync 1 DAGs
[2026-07-01T12:14:09.534+0000] {logging_mixin.py:188} INFO - [2026-07-01T12:14:09.534+0000] {dag.py:3823} INFO - Setting next_dagrun for tutorial_taskflow_api to None, run_after=None
[2026-07-01T12:14:09.585+0000] {processor.py:183} INFO - Processing /home/airflow/.local/lib/python3.8/site-packages/airflow/example_dags/tutorial_taskflow_api.py took 0.166 seconds
[2026-07-01T12:14:40.158+0000] {processor.py:161} INFO - Started process (PID=710) to work on /home/airflow/.local/lib/python3.8/site-packages/airflow/example_dags/tutorial_taskflow_api.py
[2026-07-01T12:14:40.162+0000] {processor.py:830} INFO - Processing file /home/airflow/.local/lib/python3.8/site-packages/airflow/example_dags/tutorial_taskflow_api.py for tasks to queue
[2026-07-01T12:14:40.167+0000] {logging_mixin.py:188} INFO - [2026-07-01T12:14:40.166+0000] {dagbag.py:538} INFO - Filling up the DagBag from /home/airflow/.local/lib/python3.8/site-packages/airflow/example_dags/tutorial_taskflow_api.py
[2026-07-01T12:14:40.184+0000] {processor.py:840} INFO - DAG(s) 'tutorial_taskflow_api' retrieved from /home/airflow/.local/lib/python3.8/site-packages/airflow/example_dags/tutorial_taskflow_api.py
[2026-07-01T12:14:40.233+0000] {logging_mixin.py:188} INFO - [2026-07-01T12:14:40.232+0000] {dag.py:3036} INFO - Sync 1 DAGs
[2026-07-01T12:14:40.263+0000] {logging_mixin.py:188} INFO - [2026-07-01T12:14:40.263+0000] {dag.py:3823} INFO - Setting next_dagrun for tutorial_taskflow_api to None, run_after=None
[2026-07-01T12:14:40.305+0000] {processor.py:183} INFO - Processing /home/airflow/.local/lib/python3.8/site-packages/airflow/example_dags/tutorial_taskflow_api.py took 0.155 seconds
[2026-07-01T12:15:10.802+0000] {processor.py:161} INFO - Started process (PID=767) to work on /home/airflow/.local/lib/python3.8/site-packages/airflow/example_dags/tutorial_taskflow_api.py
[2026-07-01T12:15:10.806+0000] {processor.py:830} INFO - Processing file /home/airflow/.local/lib/python3.8/site-packages/airflow/example_dags/tutorial_taskflow_api.py for tasks to queue
[2026-07-01T12:15:10.812+0000] {logging_mixin.py:188} INFO - [2026-07-01T12:15:10.811+0000] {dagbag.py:538} INFO - Filling up the DagBag from /home/airflow/.local/lib/python3.8/site-packages/airflow/example_dags/tutorial_taskflow_api.py
[2026-07-01T12:15:10.828+0000] {processor.py:840} INFO - DAG(s) 'tutorial_taskflow_api' retrieved from /home/airflow/.local/lib/python3.8/site-packages/airflow/example_dags/tutorial_taskflow_api.py
[2026-07-01T12:15:10.880+0000] {logging_mixin.py:188} INFO - [2026-07-01T12:15:10.880+0000] {dag.py:3036} INFO - Sync 1 DAGs
[2026-07-01T12:15:10.912+0000] {logging_mixin.py:188} INFO - [2026-07-01T12:15:10.911+0000] {dag.py:3823} INFO - Setting next_dagrun for tutorial_taskflow_api to None, run_after=None
[2026-07-01T12:15:10.967+0000] {processor.py:183} INFO - Processing /home/airflow/.local/lib/python3.8/site-packages/airflow/example_dags/tutorial_taskflow_api.py took 0.173 seconds
[2026-07-01T12:15:41.143+0000] {processor.py:161} INFO - Started process (PID=823) to work on /home/airflow/.local/lib/python3.8/site-packages/airflow/example_dags/tutorial_taskflow_api.py
[2026-07-01T12:15:41.150+0000] {processor.py:830} INFO - Processing file /home/airflow/.local/lib/python3.8/site-packages/airflow/example_dags/tutorial_taskflow_api.py for tasks to queue
[2026-07-01T12:15:41.155+0000] {logging_mixin.py:188} INFO - [2026-07-01T12:15:41.155+0000] {dagbag.py:538} INFO - Filling up the DagBag from /home/airflow/.local/lib/python3.8/site-packages/airflow/example_dags/tutorial_taskflow_api.py
[2026-07-01T12:15:41.180+0000] {processor.py:840} INFO - DAG(s) 'tutorial_taskflow_api' retrieved from /home/airflow/.local/lib/python3.8/site-packages/airflow/example_dags/tutorial_taskflow_api.py
[2026-07-01T12:15:41.232+0000] {logging_mixin.py:188} INFO - [2026-07-01T12:15:41.231+0000] {dag.py:3036} INFO - Sync 1 DAGs
[2026-07-01T12:15:41.265+0000] {logging_mixin.py:188} INFO - [2026-07-01T12:15:41.265+0000] {dag.py:3823} INFO - Setting next_dagrun for tutorial_taskflow_api to None, run_after=None
[2026-07-01T12:15:41.326+0000] {processor.py:183} INFO - Processing /home/airflow/.local/lib/python3.8/site-packages/airflow/example_dags/tutorial_taskflow_api.py took 0.194 seconds
[2026-07-01T12:16:11.602+0000] {processor.py:161} INFO - Started process (PID=879) to work on /home/airflow/.local/lib/python3.8/site-packages/airflow/example_dags/tutorial_taskflow_api.py
[2026-07-01T12:16:11.606+0000] {processor.py:830} INFO - Processing file /home/airflow/.local/lib/python3.8/site-packages/airflow/example_dags/tutorial_taskflow_api.py for tasks to queue
[2026-07-01T12:16:11.612+0000] {logging_mixin.py:188} INFO - [2026-07-01T12:16:11.611+0000] {dagbag.py:538} INFO - Filling up the DagBag from /home/airflow/.local/lib/python3.8/site-packages/airflow/example_dags/tutorial_taskflow_api.py
[2026-07-01T12:16:11.627+0000] {processor.py:840} INFO - DAG(s) 'tutorial_taskflow_api' retrieved from /home/airflow/.local/lib/python3.8/site-packages/airflow/example_dags/tutorial_taskflow_api.py
[2026-07-01T12:16:11.676+0000] {logging_mixin.py:188} INFO - [2026-07-01T12:16:11.676+0000] {dag.py:3036} INFO - Sync 1 DAGs
[2026-07-01T12:16:11.710+0000] {logging_mixin.py:188} INFO - [2026-07-01T12:16:11.709+0000] {dag.py:3823} INFO - Setting next_dagrun for tutorial_taskflow_api to None, run_after=None
[2026-07-01T12:16:11.755+0000] {processor.py:183} INFO - Processing /home/airflow/.local/lib/python3.8/site-packages/airflow/example_dags/tutorial_taskflow_api.py took 0.161 seconds
[2026-07-01T12:16:42.801+0000] {processor.py:161} INFO - Started process (PID=935) to work on /home/airflow/.local/lib/python3.8/site-packages/airflow/example_dags/tutorial_taskflow_api.py
[2026-07-01T12:16:42.809+0000] {processor.py:830} INFO - Processing file /home/airflow/.local/lib/python3.8/site-packages/airflow/example_dags/tutorial_taskflow_api.py for tasks to queue
[2026-07-01T12:16:42.817+0000] {logging_mixin.py:188} INFO - [2026-07-01T12:16:42.816+0000] {dagbag.py:538} INFO - Filling up the DagBag from /home/airflow/.local/lib/python3.8/site-packages/airflow/example_dags/tutorial_taskflow_api.py
[2026-07-01T12:16:42.838+0000] {processor.py:840} INFO - DAG(s) 'tutorial_taskflow_api' retrieved from /home/airflow/.local/lib/python3.8/site-packages/airflow/example_dags/tutorial_taskflow_api.py
[2026-07-01T12:16:42.896+0000] {logging_mixin.py:188} INFO - [2026-07-01T12:16:42.895+0000] {dag.py:3036} INFO - Sync 1 DAGs
[2026-07-01T12:16:42.934+0000] {logging_mixin.py:188} INFO - [2026-07-01T12:16:42.934+0000] {dag.py:3823} INFO - Setting next_dagrun for tutorial_taskflow_api to None, run_after=None
[2026-07-01T12:16:42.987+0000] {processor.py:183} INFO - Processing /home/airflow/.local/lib/python3.8/site-packages/airflow/example_dags/tutorial_taskflow_api.py took 0.201 seconds
[2026-07-01T12:17:13.238+0000] {processor.py:161} INFO - Started process (PID=991) to work on /home/airflow/.local/lib/python3.8/site-packages/airflow/example_dags/tutorial_taskflow_api.py
[2026-07-01T12:17:13.241+0000] {processor.py:830} INFO - Processing file /home/airflow/.local/lib/python3.8/site-packages/airflow/example_dags/tutorial_taskflow_api.py for tasks to queue
[2026-07-01T12:17:13.246+0000] {logging_mixin.py:188} INFO - [2026-07-01T12:17:13.246+0000] {dagbag.py:538} INFO - Filling up the DagBag from /home/airflow/.local/lib/python3.8/site-packages/airflow/example_dags/tutorial_taskflow_api.py
[2026-07-01T12:17:13.262+0000] {processor.py:840} INFO - DAG(s) 'tutorial_taskflow_api' retrieved from /home/airflow/.local/lib/python3.8/site-packages/airflow/example_dags/tutorial_taskflow_api.py
[2026-07-01T12:17:13.309+0000] {logging_mixin.py:188} INFO - [2026-07-01T12:17:13.309+0000] {dag.py:3036} INFO - Sync 1 DAGs
[2026-07-01T12:17:13.340+0000] {logging_mixin.py:188} INFO - [2026-07-01T12:17:13.340+0000] {dag.py:3823} INFO - Setting next_dagrun for tutorial_taskflow_api to None, run_after=None
[2026-07-01T12:17:13.387+0000] {processor.py:183} INFO - Processing /home/airflow/.local/lib/python3.8/site-packages/airflow/example_dags/tutorial_taskflow_api.py took 0.157 seconds
[2026-07-01T12:17:43.546+0000] {processor.py:161} INFO - Started process (PID=1046) to work on /home/airflow/.local/lib/python3.8/site-packages/airflow/example_dags/tutorial_taskflow_api.py
[2026-07-01T12:17:43.550+0000] {processor.py:830} INFO - Processing file /home/airflow/.local/lib/python3.8/site-packages/airflow/example_dags/tutorial_taskflow_api.py for tasks to queue
[2026-07-01T12:17:43.555+0000] {logging_mixin.py:188} INFO - [2026-07-01T12:17:43.554+0000] {dagbag.py:538} INFO - Filling up the DagBag from /home/airflow/.local/lib/python3.8/site-packages/airflow/example_dags/tutorial_taskflow_api.py
[2026-07-01T12:17:43.569+0000] {processor.py:840} INFO - DAG(s) 'tutorial_taskflow_api' retrieved from /home/airflow/.local/lib/python3.8/site-packages/airflow/example_dags/tutorial_taskflow_api.py
[2026-07-01T12:17:43.612+0000] {logging_mixin.py:188} INFO - [2026-07-01T12:17:43.611+0000] {dag.py:3036} INFO - Sync 1 DAGs
[2026-07-01T12:17:43.638+0000] {logging_mixin.py:188} INFO - [2026-07-01T12:17:43.638+0000] {dag.py:3823} INFO - Setting next_dagrun for tutorial_taskflow_api to None, run_after=None
[2026-07-01T12:17:43.674+0000] {processor.py:183} INFO - Processing /home/airflow/.local/lib/python3.8/site-packages/airflow/example_dags/tutorial_taskflow_api.py took 0.135 seconds
[2026-07-01T12:18:14.291+0000] {processor.py:161} INFO - Started process (PID=1103) to work on /home/airflow/.local/lib/python3.8/site-packages/airflow/example_dags/tutorial_taskflow_api.py
[2026-07-01T12:18:14.297+0000] {processor.py:830} INFO - Processing file /home/airflow/.local/lib/python3.8/site-packages/airflow/example_dags/tutorial_taskflow_api.py for tasks to queue
[2026-07-01T12:18:14.311+0000] {logging_mixin.py:188} INFO - [2026-07-01T12:18:14.310+0000] {dagbag.py:538} INFO - Filling up the DagBag from /home/airflow/.local/lib/python3.8/site-packages/airflow/example_dags/tutorial_taskflow_api.py
[2026-07-01T12:18:14.361+0000] {processor.py:840} INFO - DAG(s) 'tutorial_taskflow_api' retrieved from /home/airflow/.local/lib/python3.8/site-packages/airflow/example_dags/tutorial_taskflow_api.py
[2026-07-01T12:18:14.485+0000] {logging_mixin.py:188} INFO - [2026-07-01T12:18:14.484+0000] {dag.py:3036} INFO - Sync 1 DAGs
[2026-07-01T12:18:14.563+0000] {logging_mixin.py:188} INFO - [2026-07-01T12:18:14.556+0000] {dag.py:3823} INFO - Setting next_dagrun for tutorial_taskflow_api to None, run_after=None
[2026-07-01T12:18:14.653+0000] {processor.py:183} INFO - Processing /home/airflow/.local/lib/python3.8/site-packages/airflow/example_dags/tutorial_taskflow_api.py took 0.380 seconds
[2026-07-01T12:18:44.789+0000] {processor.py:161} INFO - Started process (PID=1158) to work on /home/airflow/.local/lib/python3.8/site-packages/airflow/example_dags/tutorial_taskflow_api.py
[2026-07-01T12:18:44.792+0000] {processor.py:830} INFO - Processing file /home/airflow/.local/lib/python3.8/site-packages/airflow/example_dags/tutorial_taskflow_api.py for tasks to queue
[2026-07-01T12:18:44.797+0000] {logging_mixin.py:188} INFO - [2026-07-01T12:18:44.796+0000] {dagbag.py:538} INFO - Filling up the DagBag from /home/airflow/.local/lib/python3.8/site-packages/airflow/example_dags/tutorial_taskflow_api.py
[2026-07-01T12:18:44.813+0000] {processor.py:840} INFO - DAG(s) 'tutorial_taskflow_api' retrieved from /home/airflow/.local/lib/python3.8/site-packages/airflow/example_dags/tutorial_taskflow_api.py
[2026-07-01T12:18:44.860+0000] {logging_mixin.py:188} INFO - [2026-07-01T12:18:44.859+0000] {dag.py:3036} INFO - Sync 1 DAGs
[2026-07-01T12:18:44.887+0000] {logging_mixin.py:188} INFO - [2026-07-01T12:18:44.887+0000] {dag.py:3823} INFO - Setting next_dagrun for tutorial_taskflow_api to None, run_after=None
[2026-07-01T12:18:44.927+0000] {processor.py:183} INFO - Processing /home/airflow/.local/lib/python3.8/site-packages/airflow/example_dags/tutorial_taskflow_api.py took 0.146 seconds
[2026-07-01T12:19:15.578+0000] {processor.py:161} INFO - Started process (PID=1215) to work on /home/airflow/.local/lib/python3.8/site-packages/airflow/example_dags/tutorial_taskflow_api.py
[2026-07-01T12:19:15.581+0000] {processor.py:830} INFO - Processing file /home/airflow/.local/lib/python3.8/site-packages/airflow/example_dags/tutorial_taskflow_api.py for tasks to queue
[2026-07-01T12:19:15.587+0000] {logging_mixin.py:188} INFO - [2026-07-01T12:19:15.586+0000] {dagbag.py:538} INFO - Filling up the DagBag from /home/airflow/.local/lib/python3.8/site-packages/airflow/example_dags/tutorial_taskflow_api.py
[2026-07-01T12:19:15.603+0000] {processor.py:840} INFO - DAG(s) 'tutorial_taskflow_api' retrieved from /home/airflow/.local/lib/python3.8/site-packages/airflow/example_dags/tutorial_taskflow_api.py
[2026-07-01T12:19:15.653+0000] {logging_mixin.py:188} INFO - [2026-07-01T12:19:15.652+0000] {dag.py:3036} INFO - Sync 1 DAGs
[2026-07-01T12:19:15.682+0000] {logging_mixin.py:188} INFO - [2026-07-01T12:19:15.681+0000] {dag.py:3823} INFO - Setting next_dagrun for tutorial_taskflow_api to None, run_after=None
[2026-07-01T12:19:15.727+0000] {processor.py:183} INFO - Processing /home/airflow/.local/lib/python3.8/site-packages/airflow/example_dags/tutorial_taskflow_api.py took 0.157 seconds
[2026-07-01T12:19:49.191+0000] {processor.py:161} INFO - Started process (PID=1271) to work on /home/airflow/.local/lib/python3.8/site-packages/airflow/example_dags/tutorial_taskflow_api.py
[2026-07-01T12:19:49.207+0000] {processor.py:830} INFO - Processing file /home/airflow/.local/lib/python3.8/site-packages/airflow/example_dags/tutorial_taskflow_api.py for tasks to queue
[2026-07-01T12:19:49.219+0000] {logging_mixin.py:188} INFO - [2026-07-01T12:19:49.214+0000] {dagbag.py:538} INFO - Filling up the DagBag from /home/airflow/.local/lib/python3.8/site-packages/airflow/example_dags/tutorial_taskflow_api.py
[2026-07-01T12:19:49.325+0000] {processor.py:840} INFO - DAG(s) 'tutorial_taskflow_api' retrieved from /home/airflow/.local/lib/python3.8/site-packages/airflow/example_dags/tutorial_taskflow_api.py
[2026-07-01T12:19:49.494+0000] {logging_mixin.py:188} INFO - [2026-07-01T12:19:49.493+0000] {dag.py:3036} INFO - Sync 1 DAGs
[2026-07-01T12:19:49.683+0000] {logging_mixin.py:188} INFO - [2026-07-01T12:19:49.683+0000] {dag.py:3823} INFO - Setting next_dagrun for tutorial_taskflow_api to None, run_after=None
[2026-07-01T12:19:49.977+0000] {processor.py:183} INFO - Processing /home/airflow/.local/lib/python3.8/site-packages/airflow/example_dags/tutorial_taskflow_api.py took 0.816 seconds
[2026-07-01T12:20:21.324+0000] {processor.py:161} INFO - Started process (PID=1325) to work on /home/airflow/.local/lib/python3.8/site-packages/airflow/example_dags/tutorial_taskflow_api.py
[2026-07-01T12:20:21.329+0000] {processor.py:830} INFO - Processing file /home/airflow/.local/lib/python3.8/site-packages/airflow/example_dags/tutorial_taskflow_api.py for tasks to queue
[2026-07-01T12:20:21.338+0000] {logging_mixin.py:188} INFO - [2026-07-01T12:20:21.337+0000] {dagbag.py:538} INFO - Filling up the DagBag from /home/airflow/.local/lib/python3.8/site-packages/airflow/example_dags/tutorial_taskflow_api.py
[2026-07-01T12:20:21.366+0000] {processor.py:840} INFO - DAG(s) 'tutorial_taskflow_api' retrieved from /home/airflow/.local/lib/python3.8/site-packages/airflow/example_dags/tutorial_taskflow_api.py
[2026-07-01T12:20:21.702+0000] {logging_mixin.py:188} INFO - [2026-07-01T12:20:21.701+0000] {dag.py:3036} INFO - Sync 1 DAGs
[2026-07-01T12:20:21.741+0000] {logging_mixin.py:188} INFO - [2026-07-01T12:20:21.740+0000] {dag.py:3823} INFO - Setting next_dagrun for tutorial_taskflow_api to None, run_after=None
[2026-07-01T12:20:21.805+0000] {processor.py:183} INFO - Processing /home/airflow/.local/lib/python3.8/site-packages/airflow/example_dags/tutorial_taskflow_api.py took 0.495 seconds
[2026-07-01T12:20:54.240+0000] {processor.py:161} INFO - Started process (PID=1382) to work on /home/airflow/.local/lib/python3.8/site-packages/airflow/example_dags/tutorial_taskflow_api.py
[2026-07-01T12:20:54.245+0000] {processor.py:830} INFO - Processing file /home/airflow/.local/lib/python3.8/site-packages/airflow/example_dags/tutorial_taskflow_api.py for tasks to queue
[2026-07-01T12:20:54.259+0000] {logging_mixin.py:188} INFO - [2026-07-01T12:20:54.258+0000] {dagbag.py:538} INFO - Filling up the DagBag from /home/airflow/.local/lib/python3.8/site-packages/airflow/example_dags/tutorial_taskflow_api.py
[2026-07-01T12:20:54.301+0000] {processor.py:840} INFO - DAG(s) 'tutorial_taskflow_api' retrieved from /home/airflow/.local/lib/python3.8/site-packages/airflow/example_dags/tutorial_taskflow_api.py
[2026-07-01T12:20:54.407+0000] {logging_mixin.py:188} INFO - [2026-07-01T12:20:54.406+0000] {dag.py:3036} INFO - Sync 1 DAGs
[2026-07-01T12:20:54.493+0000] {logging_mixin.py:188} INFO - [2026-07-01T12:20:54.492+0000] {dag.py:3823} INFO - Setting next_dagrun for tutorial_taskflow_api to None, run_after=None
[2026-07-01T12:20:54.710+0000] {processor.py:183} INFO - Processing /home/airflow/.local/lib/python3.8/site-packages/airflow/example_dags/tutorial_taskflow_api.py took 0.492 seconds
[2026-07-01T12:21:25.259+0000] {processor.py:161} INFO - Started process (PID=1436) to work on /home/airflow/.local/lib/python3.8/site-packages/airflow/example_dags/tutorial_taskflow_api.py
[2026-07-01T12:21:25.263+0000] {processor.py:830} INFO - Processing file /home/airflow/.local/lib/python3.8/site-packages/airflow/example_dags/tutorial_taskflow_api.py for tasks to queue
[2026-07-01T12:21:25.269+0000] {logging_mixin.py:188} INFO - [2026-07-01T12:21:25.268+0000] {dagbag.py:538} INFO - Filling up the DagBag from /home/airflow/.local/lib/python3.8/site-packages/airflow/example_dags/tutorial_taskflow_api.py
[2026-07-01T12:21:25.287+0000] {processor.py:840} INFO - DAG(s) 'tutorial_taskflow_api' retrieved from /home/airflow/.local/lib/python3.8/site-packages/airflow/example_dags/tutorial_taskflow_api.py
[2026-07-01T12:21:25.347+0000] {logging_mixin.py:188} INFO - [2026-07-01T12:21:25.346+0000] {dag.py:3036} INFO - Sync 1 DAGs
[2026-07-01T12:21:25.395+0000] {logging_mixin.py:188} INFO - [2026-07-01T12:21:25.394+0000] {dag.py:3823} INFO - Setting next_dagrun for tutorial_taskflow_api to None, run_after=None
[2026-07-01T12:21:25.450+0000] {processor.py:183} INFO - Processing /home/airflow/.local/lib/python3.8/site-packages/airflow/example_dags/tutorial_taskflow_api.py took 0.198 seconds
[2026-07-01T12:21:55.829+0000] {processor.py:161} INFO - Started process (PID=1492) to work on /home/airflow/.local/lib/python3.8/site-packages/airflow/example_dags/tutorial_taskflow_api.py
[2026-07-01T12:21:55.832+0000] {processor.py:830} INFO - Processing file /home/airflow/.local/lib/python3.8/site-packages/airflow/example_dags/tutorial_taskflow_api.py for tasks to queue
[2026-07-01T12:21:55.838+0000] {logging_mixin.py:188} INFO - [2026-07-01T12:21:55.838+0000] {dagbag.py:538} INFO - Filling up the DagBag from /home/airflow/.local/lib/python3.8/site-packages/airflow/example_dags/tutorial_taskflow_api.py
[2026-07-01T12:21:55.858+0000] {processor.py:840} INFO - DAG(s) 'tutorial_taskflow_api' retrieved from /home/airflow/.local/lib/python3.8/site-packages/airflow/example_dags/tutorial_taskflow_api.py
[2026-07-01T12:21:55.910+0000] {logging_mixin.py:188} INFO - [2026-07-01T12:21:55.909+0000] {dag.py:3036} INFO - Sync 1 DAGs
[2026-07-01T12:21:55.942+0000] {logging_mixin.py:188} INFO - [2026-07-01T12:21:55.941+0000] {dag.py:3823} INFO - Setting next_dagrun for tutorial_taskflow_api to None, run_after=None
[2026-07-01T12:21:55.983+0000] {processor.py:183} INFO - Processing /home/airflow/.local/lib/python3.8/site-packages/airflow/example_dags/tutorial_taskflow_api.py took 0.164 seconds
[2026-07-01T12:22:26.193+0000] {processor.py:161} INFO - Started process (PID=1548) to work on /home/airflow/.local/lib/python3.8/site-packages/airflow/example_dags/tutorial_taskflow_api.py
[2026-07-01T12:22:26.196+0000] {processor.py:830} INFO - Processing file /home/airflow/.local/lib/python3.8/site-packages/airflow/example_dags/tutorial_taskflow_api.py for tasks to queue
[2026-07-01T12:22:26.203+0000] {logging_mixin.py:188} INFO - [2026-07-01T12:22:26.202+0000] {dagbag.py:538} INFO - Filling up the DagBag from /home/airflow/.local/lib/python3.8/site-packages/airflow/example_dags/tutorial_taskflow_api.py
[2026-07-01T12:22:26.220+0000] {processor.py:840} INFO - DAG(s) 'tutorial_taskflow_api' retrieved from /home/airflow/.local/lib/python3.8/site-packages/airflow/example_dags/tutorial_taskflow_api.py
[2026-07-01T12:22:26.275+0000] {logging_mixin.py:188} INFO - [2026-07-01T12:22:26.275+0000] {dag.py:3036} INFO - Sync 1 DAGs
[2026-07-01T12:22:26.310+0000] {logging_mixin.py:188} INFO - [2026-07-01T12:22:26.310+0000] {dag.py:3823} INFO - Setting next_dagrun for tutorial_taskflow_api to None, run_after=None
[2026-07-01T12:22:26.363+0000] {processor.py:183} INFO - Processing /home/airflow/.local/lib/python3.8/site-packages/airflow/example_dags/tutorial_taskflow_api.py took 0.181 seconds
[2026-07-01T12:22:56.721+0000] {processor.py:161} INFO - Started process (PID=1604) to work on /home/airflow/.local/lib/python3.8/site-packages/airflow/example_dags/tutorial_taskflow_api.py
[2026-07-01T12:22:56.724+0000] {processor.py:830} INFO - Processing file /home/airflow/.local/lib/python3.8/site-packages/airflow/example_dags/tutorial_taskflow_api.py for tasks to queue
[2026-07-01T12:22:56.729+0000] {logging_mixin.py:188} INFO - [2026-07-01T12:22:56.729+0000] {dagbag.py:538} INFO - Filling up the DagBag from /home/airflow/.local/lib/python3.8/site-packages/airflow/example_dags/tutorial_taskflow_api.py
[2026-07-01T12:22:56.744+0000] {processor.py:840} INFO - DAG(s) 'tutorial_taskflow_api' retrieved from /home/airflow/.local/lib/python3.8/site-packages/airflow/example_dags/tutorial_taskflow_api.py
[2026-07-01T12:22:56.794+0000] {logging_mixin.py:188} INFO - [2026-07-01T12:22:56.794+0000] {dag.py:3036} INFO - Sync 1 DAGs
[2026-07-01T12:22:56.822+0000] {logging_mixin.py:188} INFO - [2026-07-01T12:22:56.822+0000] {dag.py:3823} INFO - Setting next_dagrun for tutorial_taskflow_api to None, run_after=None
[2026-07-01T12:22:56.865+0000] {processor.py:183} INFO - Processing /home/airflow/.local/lib/python3.8/site-packages/airflow/example_dags/tutorial_taskflow_api.py took 0.152 seconds
[2026-07-01T12:23:27.123+0000] {processor.py:161} INFO - Started process (PID=1660) to work on /home/airflow/.local/lib/python3.8/site-packages/airflow/example_dags/tutorial_taskflow_api.py
[2026-07-01T12:23:27.127+0000] {processor.py:830} INFO - Processing file /home/airflow/.local/lib/python3.8/site-packages/airflow/example_dags/tutorial_taskflow_api.py for tasks to queue
[2026-07-01T12:23:27.134+0000] {logging_mixin.py:188} INFO - [2026-07-01T12:23:27.133+0000] {dagbag.py:538} INFO - Filling up the DagBag from /home/airflow/.local/lib/python3.8/site-packages/airflow/example_dags/tutorial_taskflow_api.py
[2026-07-01T12:23:27.158+0000] {processor.py:840} INFO - DAG(s) 'tutorial_taskflow_api' retrieved from /home/airflow/.local/lib/python3.8/site-packages/airflow/example_dags/tutorial_taskflow_api.py
[2026-07-01T12:23:27.221+0000] {logging_mixin.py:188} INFO - [2026-07-01T12:23:27.220+0000] {dag.py:3036} INFO - Sync 1 DAGs
[2026-07-01T12:23:27.258+0000] {logging_mixin.py:188} INFO - [2026-07-01T12:23:27.257+0000] {dag.py:3823} INFO - Setting next_dagrun for tutorial_taskflow_api to None, run_after=None
[2026-07-01T12:23:27.313+0000] {processor.py:183} INFO - Processing /home/airflow/.local/lib/python3.8/site-packages/airflow/example_dags/tutorial_taskflow_api.py took 0.209 seconds
[2026-07-01T12:23:57.521+0000] {processor.py:161} INFO - Started process (PID=1716) to work on /home/airflow/.local/lib/python3.8/site-packages/airflow/example_dags/tutorial_taskflow_api.py
[2026-07-01T12:23:57.527+0000] {processor.py:830} INFO - Processing file /home/airflow/.local/lib/python3.8/site-packages/airflow/example_dags/tutorial_taskflow_api.py for tasks to queue
[2026-07-01T12:23:57.534+0000] {logging_mixin.py:188} INFO - [2026-07-01T12:23:57.533+0000] {dagbag.py:538} INFO - Filling up the DagBag from /home/airflow/.local/lib/python3.8/site-packages/airflow/example_dags/tutorial_taskflow_api.py
[2026-07-01T12:23:57.560+0000] {processor.py:840} INFO - DAG(s) 'tutorial_taskflow_api' retrieved from /home/airflow/.local/lib/python3.8/site-packages/airflow/example_dags/tutorial_taskflow_api.py
[2026-07-01T12:23:57.637+0000] {logging_mixin.py:188} INFO - [2026-07-01T12:23:57.636+0000] {dag.py:3036} INFO - Sync 1 DAGs
[2026-07-01T12:23:57.680+0000] {logging_mixin.py:188} INFO - [2026-07-01T12:23:57.679+0000] {dag.py:3823} INFO - Setting next_dagrun for tutorial_taskflow_api to None, run_after=None
[2026-07-01T12:23:57.740+0000] {processor.py:183} INFO - Processing /home/airflow/.local/lib/python3.8/site-packages/airflow/example_dags/tutorial_taskflow_api.py took 0.230 seconds
[2026-07-01T12:24:27.974+0000] {processor.py:161} INFO - Started process (PID=1772) to work on /home/airflow/.local/lib/python3.8/site-packages/airflow/example_dags/tutorial_taskflow_api.py
[2026-07-01T12:24:27.980+0000] {processor.py:830} INFO - Processing file /home/airflow/.local/lib/python3.8/site-packages/airflow/example_dags/tutorial_taskflow_api.py for tasks to queue
[2026-07-01T12:24:27.998+0000] {logging_mixin.py:188} INFO - [2026-07-01T12:24:27.996+0000] {dagbag.py:538} INFO - Filling up the DagBag from /home/airflow/.local/lib/python3.8/site-packages/airflow/example_dags/tutorial_taskflow_api.py
[2026-07-01T12:24:28.028+0000] {processor.py:840} INFO - DAG(s) 'tutorial_taskflow_api' retrieved from /home/airflow/.local/lib/python3.8/site-packages/airflow/example_dags/tutorial_taskflow_api.py
[2026-07-01T12:24:28.116+0000] {logging_mixin.py:188} INFO - [2026-07-01T12:24:28.111+0000] {dag.py:3036} INFO - Sync 1 DAGs
[2026-07-01T12:24:28.159+0000] {logging_mixin.py:188} INFO - [2026-07-01T12:24:28.158+0000] {dag.py:3823} INFO - Setting next_dagrun for tutorial_taskflow_api to None, run_after=None
[2026-07-01T12:24:28.225+0000] {processor.py:183} INFO - Processing /home/airflow/.local/lib/python3.8/site-packages/airflow/example_dags/tutorial_taskflow_api.py took 0.262 seconds
[2026-07-01T12:24:58.847+0000] {processor.py:161} INFO - Started process (PID=1828) to work on /home/airflow/.local/lib/python3.8/site-packages/airflow/example_dags/tutorial_taskflow_api.py
[2026-07-01T12:24:58.851+0000] {processor.py:830} INFO - Processing file /home/airflow/.local/lib/python3.8/site-packages/airflow/example_dags/tutorial_taskflow_api.py for tasks to queue
[2026-07-01T12:24:58.856+0000] {logging_mixin.py:188} INFO - [2026-07-01T12:24:58.855+0000] {dagbag.py:538} INFO - Filling up the DagBag from /home/airflow/.local/lib/python3.8/site-packages/airflow/example_dags/tutorial_taskflow_api.py
[2026-07-01T12:24:58.873+0000] {processor.py:840} INFO - DAG(s) 'tutorial_taskflow_api' retrieved from /home/airflow/.local/lib/python3.8/site-packages/airflow/example_dags/tutorial_taskflow_api.py
[2026-07-01T12:24:58.922+0000] {logging_mixin.py:188} INFO - [2026-07-01T12:24:58.922+0000] {dag.py:3036} INFO - Sync 1 DAGs
[2026-07-01T12:24:58.953+0000] {logging_mixin.py:188} INFO - [2026-07-01T12:24:58.952+0000] {dag.py:3823} INFO - Setting next_dagrun for tutorial_taskflow_api to None, run_after=None
[2026-07-01T12:24:58.994+0000] {processor.py:183} INFO - Processing /home/airflow/.local/lib/python3.8/site-packages/airflow/example_dags/tutorial_taskflow_api.py took 0.154 seconds
[2026-07-01T12:25:29.523+0000] {processor.py:161} INFO - Started process (PID=1884) to work on /home/airflow/.local/lib/python3.8/site-packages/airflow/example_dags/tutorial_taskflow_api.py
[2026-07-01T12:25:29.526+0000] {processor.py:830} INFO - Processing file /home/airflow/.local/lib/python3.8/site-packages/airflow/example_dags/tutorial_taskflow_api.py for tasks to queue
[2026-07-01T12:25:29.533+0000] {logging_mixin.py:188} INFO - [2026-07-01T12:25:29.532+0000] {dagbag.py:538} INFO - Filling up the DagBag from /home/airflow/.local/lib/python3.8/site-packages/airflow/example_dags/tutorial_taskflow_api.py
[2026-07-01T12:25:29.550+0000] {processor.py:840} INFO - DAG(s) 'tutorial_taskflow_api' retrieved from /home/airflow/.local/lib/python3.8/site-packages/airflow/example_dags/tutorial_taskflow_api.py
[2026-07-01T12:25:29.598+0000] {logging_mixin.py:188} INFO - [2026-07-01T12:25:29.597+0000] {dag.py:3036} INFO - Sync 1 DAGs
[2026-07-01T12:25:29.626+0000] {logging_mixin.py:188} INFO - [2026-07-01T12:25:29.626+0000] {dag.py:3823} INFO - Setting next_dagrun for tutorial_taskflow_api to None, run_after=None
[2026-07-01T12:25:29.666+0000] {processor.py:183} INFO - Processing /home/airflow/.local/lib/python3.8/site-packages/airflow/example_dags/tutorial_taskflow_api.py took 0.151 seconds
[2026-07-01T12:25:59.888+0000] {processor.py:161} INFO - Started process (PID=1940) to work on /home/airflow/.local/lib/python3.8/site-packages/airflow/example_dags/tutorial_taskflow_api.py
[2026-07-01T12:25:59.892+0000] {processor.py:830} INFO - Processing file /home/airflow/.local/lib/python3.8/site-packages/airflow/example_dags/tutorial_taskflow_api.py for tasks to queue
[2026-07-01T12:25:59.899+0000] {logging_mixin.py:188} INFO - [2026-07-01T12:25:59.898+0000] {dagbag.py:538} INFO - Filling up the DagBag from /home/airflow/.local/lib/python3.8/site-packages/airflow/example_dags/tutorial_taskflow_api.py
[2026-07-01T12:25:59.921+0000] {processor.py:840} INFO - DAG(s) 'tutorial_taskflow_api' retrieved from /home/airflow/.local/lib/python3.8/site-packages/airflow/example_dags/tutorial_taskflow_api.py
[2026-07-01T12:25:59.982+0000] {logging_mixin.py:188} INFO - [2026-07-01T12:25:59.981+0000] {dag.py:3036} INFO - Sync 1 DAGs
[2026-07-01T12:26:00.023+0000] {logging_mixin.py:188} INFO - [2026-07-01T12:26:00.023+0000] {dag.py:3823} INFO - Setting next_dagrun for tutorial_taskflow_api to None, run_after=None
[2026-07-01T12:26:00.088+0000] {processor.py:183} INFO - Processing /home/airflow/.local/lib/python3.8/site-packages/airflow/example_dags/tutorial_taskflow_api.py took 0.207 seconds
[2026-07-01T12:26:30.493+0000] {processor.py:161} INFO - Started process (PID=1996) to work on /home/airflow/.local/lib/python3.8/site-packages/airflow/example_dags/tutorial_taskflow_api.py
[2026-07-01T12:26:30.498+0000] {processor.py:830} INFO - Processing file /home/airflow/.local/lib/python3.8/site-packages/airflow/example_dags/tutorial_taskflow_api.py for tasks to queue
[2026-07-01T12:26:30.504+0000] {logging_mixin.py:188} INFO - [2026-07-01T12:26:30.503+0000] {dagbag.py:538} INFO - Filling up the DagBag from /home/airflow/.local/lib/python3.8/site-packages/airflow/example_dags/tutorial_taskflow_api.py
[2026-07-01T12:26:30.524+0000] {processor.py:840} INFO - DAG(s) 'tutorial_taskflow_api' retrieved from /home/airflow/.local/lib/python3.8/site-packages/airflow/example_dags/tutorial_taskflow_api.py
[2026-07-01T12:26:30.578+0000] {logging_mixin.py:188} INFO - [2026-07-01T12:26:30.577+0000] {dag.py:3036} INFO - Sync 1 DAGs
[2026-07-01T12:26:30.616+0000] {logging_mixin.py:188} INFO - [2026-07-01T12:26:30.615+0000] {dag.py:3823} INFO - Setting next_dagrun for tutorial_taskflow_api to None, run_after=None
[2026-07-01T12:26:30.681+0000] {processor.py:183} INFO - Processing /home/airflow/.local/lib/python3.8/site-packages/airflow/example_dags/tutorial_taskflow_api.py took 0.196 seconds
[2026-07-01T12:27:01.038+0000] {processor.py:161} INFO - Started process (PID=2052) to work on /home/airflow/.local/lib/python3.8/site-packages/airflow/example_dags/tutorial_taskflow_api.py
[2026-07-01T12:27:01.041+0000] {processor.py:830} INFO - Processing file /home/airflow/.local/lib/python3.8/site-packages/airflow/example_dags/tutorial_taskflow_api.py for tasks to queue
[2026-07-01T12:27:01.047+0000] {logging_mixin.py:188} INFO - [2026-07-01T12:27:01.046+0000] {dagbag.py:538} INFO - Filling up the DagBag from /home/airflow/.local/lib/python3.8/site-packages/airflow/example_dags/tutorial_taskflow_api.py
[2026-07-01T12:27:01.065+0000] {processor.py:840} INFO - DAG(s) 'tutorial_taskflow_api' retrieved from /home/airflow/.local/lib/python3.8/site-packages/airflow/example_dags/tutorial_taskflow_api.py
[2026-07-01T12:27:01.122+0000] {logging_mixin.py:188} INFO - [2026-07-01T12:27:01.121+0000] {dag.py:3036} INFO - Sync 1 DAGs
[2026-07-01T12:27:01.163+0000] {logging_mixin.py:188} INFO - [2026-07-01T12:27:01.162+0000] {dag.py:3823} INFO - Setting next_dagrun for tutorial_taskflow_api to None, run_after=None
[2026-07-01T12:27:01.213+0000] {processor.py:183} INFO - Processing /home/airflow/.local/lib/python3.8/site-packages/airflow/example_dags/tutorial_taskflow_api.py took 0.184 seconds
[2026-07-01T12:27:31.547+0000] {processor.py:161} INFO - Started process (PID=2108) to work on /home/airflow/.local/lib/python3.8/site-packages/airflow/example_dags/tutorial_taskflow_api.py
[2026-07-01T12:27:31.552+0000] {processor.py:830} INFO - Processing file /home/airflow/.local/lib/python3.8/site-packages/airflow/example_dags/tutorial_taskflow_api.py for tasks to queue
[2026-07-01T12:27:31.559+0000] {logging_mixin.py:188} INFO - [2026-07-01T12:27:31.558+0000] {dagbag.py:538} INFO - Filling up the DagBag from /home/airflow/.local/lib/python3.8/site-packages/airflow/example_dags/tutorial_taskflow_api.py
[2026-07-01T12:27:31.581+0000] {processor.py:840} INFO - DAG(s) 'tutorial_taskflow_api' retrieved from /home/airflow/.local/lib/python3.8/site-packages/airflow/example_dags/tutorial_taskflow_api.py
[2026-07-01T12:27:31.655+0000] {logging_mixin.py:188} INFO - [2026-07-01T12:27:31.653+0000] {dag.py:3036} INFO - Sync 1 DAGs
[2026-07-01T12:27:31.727+0000] {logging_mixin.py:188} INFO - [2026-07-01T12:27:31.721+0000] {dag.py:3823} INFO - Setting next_dagrun for tutorial_taskflow_api to None, run_after=None
[2026-07-01T12:27:31.801+0000] {processor.py:183} INFO - Processing /home/airflow/.local/lib/python3.8/site-packages/airflow/example_dags/tutorial_taskflow_api.py took 0.267 seconds
[2026-07-01T12:28:02.202+0000] {processor.py:161} INFO - Started process (PID=2164) to work on /home/airflow/.local/lib/python3.8/site-packages/airflow/example_dags/tutorial_taskflow_api.py
[2026-07-01T12:28:02.207+0000] {processor.py:830} INFO - Processing file /home/airflow/.local/lib/python3.8/site-packages/airflow/example_dags/tutorial_taskflow_api.py for tasks to queue
[2026-07-01T12:28:02.215+0000] {logging_mixin.py:188} INFO - [2026-07-01T12:28:02.214+0000] {dagbag.py:538} INFO - Filling up the DagBag from /home/airflow/.local/lib/python3.8/site-packages/airflow/example_dags/tutorial_taskflow_api.py
[2026-07-01T12:28:02.243+0000] {processor.py:840} INFO - DAG(s) 'tutorial_taskflow_api' retrieved from /home/airflow/.local/lib/python3.8/site-packages/airflow/example_dags/tutorial_taskflow_api.py
[2026-07-01T12:28:02.308+0000] {logging_mixin.py:188} INFO - [2026-07-01T12:28:02.308+0000] {dag.py:3036} INFO - Sync 1 DAGs
[2026-07-01T12:28:02.352+0000] {logging_mixin.py:188} INFO - [2026-07-01T12:28:02.351+0000] {dag.py:3823} INFO - Setting next_dagrun for tutorial_taskflow_api to None, run_after=None
[2026-07-01T12:28:02.405+0000] {processor.py:183} INFO - Processing /home/airflow/.local/lib/python3.8/site-packages/airflow/example_dags/tutorial_taskflow_api.py took 0.218 seconds
[2026-07-01T12:28:32.809+0000] {processor.py:161} INFO - Started process (PID=2220) to work on /home/airflow/.local/lib/python3.8/site-packages/airflow/example_dags/tutorial_taskflow_api.py
[2026-07-01T12:28:32.813+0000] {processor.py:830} INFO - Processing file /home/airflow/.local/lib/python3.8/site-packages/airflow/example_dags/tutorial_taskflow_api.py for tasks to queue
[2026-07-01T12:28:32.821+0000] {logging_mixin.py:188} INFO - [2026-07-01T12:28:32.820+0000] {dagbag.py:538} INFO - Filling up the DagBag from /home/airflow/.local/lib/python3.8/site-packages/airflow/example_dags/tutorial_taskflow_api.py
[2026-07-01T12:28:32.842+0000] {processor.py:840} INFO - DAG(s) 'tutorial_taskflow_api' retrieved from /home/airflow/.local/lib/python3.8/site-packages/airflow/example_dags/tutorial_taskflow_api.py
[2026-07-01T12:28:32.896+0000] {logging_mixin.py:188} INFO - [2026-07-01T12:28:32.896+0000] {dag.py:3036} INFO - Sync 1 DAGs
[2026-07-01T12:28:32.930+0000] {logging_mixin.py:188} INFO - [2026-07-01T12:28:32.930+0000] {dag.py:3823} INFO - Setting next_dagrun for tutorial_taskflow_api to None, run_after=None
[2026-07-01T12:28:32.977+0000] {processor.py:183} INFO - Processing /home/airflow/.local/lib/python3.8/site-packages/airflow/example_dags/tutorial_taskflow_api.py took 0.180 seconds
[2026-07-01T12:29:03.550+0000] {processor.py:161} INFO - Started process (PID=2276) to work on /home/airflow/.local/lib/python3.8/site-packages/airflow/example_dags/tutorial_taskflow_api.py
[2026-07-01T12:29:03.553+0000] {processor.py:830} INFO - Processing file /home/airflow/.local/lib/python3.8/site-packages/airflow/example_dags/tutorial_taskflow_api.py for tasks to queue
[2026-07-01T12:29:03.558+0000] {logging_mixin.py:188} INFO - [2026-07-01T12:29:03.558+0000] {dagbag.py:538} INFO - Filling up the DagBag from /home/airflow/.local/lib/python3.8/site-packages/airflow/example_dags/tutorial_taskflow_api.py
[2026-07-01T12:29:03.575+0000] {processor.py:840} INFO - DAG(s) 'tutorial_taskflow_api' retrieved from /home/airflow/.local/lib/python3.8/site-packages/airflow/example_dags/tutorial_taskflow_api.py
[2026-07-01T12:29:03.625+0000] {logging_mixin.py:188} INFO - [2026-07-01T12:29:03.625+0000] {dag.py:3036} INFO - Sync 1 DAGs
[2026-07-01T12:29:03.657+0000] {logging_mixin.py:188} INFO - [2026-07-01T12:29:03.656+0000] {dag.py:3823} INFO - Setting next_dagrun for tutorial_taskflow_api to None, run_after=None
[2026-07-01T12:29:03.699+0000] {processor.py:183} INFO - Processing /home/airflow/.local/lib/python3.8/site-packages/airflow/example_dags/tutorial_taskflow_api.py took 0.158 seconds
[2026-07-01T12:29:34.275+0000] {processor.py:161} INFO - Started process (PID=2334) to work on /home/airflow/.local/lib/python3.8/site-packages/airflow/example_dags/tutorial_taskflow_api.py
[2026-07-01T12:29:34.279+0000] {processor.py:830} INFO - Processing file /home/airflow/.local/lib/python3.8/site-packages/airflow/example_dags/tutorial_taskflow_api.py for tasks to queue
[2026-07-01T12:29:34.286+0000] {logging_mixin.py:188} INFO - [2026-07-01T12:29:34.285+0000] {dagbag.py:538} INFO - Filling up the DagBag from /home/airflow/.local/lib/python3.8/site-packages/airflow/example_dags/tutorial_taskflow_api.py
[2026-07-01T12:29:34.303+0000] {processor.py:840} INFO - DAG(s) 'tutorial_taskflow_api' retrieved from /home/airflow/.local/lib/python3.8/site-packages/airflow/example_dags/tutorial_taskflow_api.py
[2026-07-01T12:29:34.375+0000] {logging_mixin.py:188} INFO - [2026-07-01T12:29:34.374+0000] {dag.py:3036} INFO - Sync 1 DAGs
[2026-07-01T12:29:34.431+0000] {logging_mixin.py:188} INFO - [2026-07-01T12:29:34.430+0000] {dag.py:3823} INFO - Setting next_dagrun for tutorial_taskflow_api to None, run_after=None
[2026-07-01T12:29:34.499+0000] {processor.py:183} INFO - Processing /home/airflow/.local/lib/python3.8/site-packages/airflow/example_dags/tutorial_taskflow_api.py took 0.233 seconds
