[2026-07-01T11:58:31.154+0000] {processor.py:161} INFO - Started process (PID=103) to work on /home/airflow/.local/lib/python3.8/site-packages/airflow/example_dags/tutorial_objectstorage.py
[2026-07-01T11:58:31.158+0000] {processor.py:830} INFO - Processing file /home/airflow/.local/lib/python3.8/site-packages/airflow/example_dags/tutorial_objectstorage.py for tasks to queue
[2026-07-01T11:58:31.165+0000] {logging_mixin.py:188} INFO - [2026-07-01T11:58:31.164+0000] {dagbag.py:538} INFO - Filling up the DagBag from /home/airflow/.local/lib/python3.8/site-packages/airflow/example_dags/tutorial_objectstorage.py
[2026-07-01T11:58:31.222+0000] {processor.py:840} INFO - DAG(s) 'tutorial_objectstorage' retrieved from /home/airflow/.local/lib/python3.8/site-packages/airflow/example_dags/tutorial_objectstorage.py
[2026-07-01T11:58:31.636+0000] {logging_mixin.py:188} INFO - [2026-07-01T11:58:31.636+0000] {dag.py:3036} INFO - Sync 1 DAGs
[2026-07-01T11:58:31.676+0000] {logging_mixin.py:188} INFO - [2026-07-01T11:58:31.676+0000] {dag.py:3823} INFO - Setting next_dagrun for tutorial_objectstorage to None, run_after=None
[2026-07-01T11:58:31.773+0000] {processor.py:183} INFO - Processing /home/airflow/.local/lib/python3.8/site-packages/airflow/example_dags/tutorial_objectstorage.py took 0.630 seconds
[2026-07-01T11:59:02.592+0000] {processor.py:161} INFO - Started process (PID=158) to work on /home/airflow/.local/lib/python3.8/site-packages/airflow/example_dags/tutorial_objectstorage.py
[2026-07-01T11:59:02.596+0000] {processor.py:830} INFO - Processing file /home/airflow/.local/lib/python3.8/site-packages/airflow/example_dags/tutorial_objectstorage.py for tasks to queue
[2026-07-01T11:59:02.602+0000] {logging_mixin.py:188} INFO - [2026-07-01T11:59:02.601+0000] {dagbag.py:538} INFO - Filling up the DagBag from /home/airflow/.local/lib/python3.8/site-packages/airflow/example_dags/tutorial_objectstorage.py
[2026-07-01T11:59:02.620+0000] {processor.py:840} INFO - DAG(s) 'tutorial_objectstorage' retrieved from /home/airflow/.local/lib/python3.8/site-packages/airflow/example_dags/tutorial_objectstorage.py
[2026-07-01T11:59:02.671+0000] {logging_mixin.py:188} INFO - [2026-07-01T11:59:02.671+0000] {dag.py:3036} INFO - Sync 1 DAGs
[2026-07-01T11:59:02.704+0000] {logging_mixin.py:188} INFO - [2026-07-01T11:59:02.704+0000] {dag.py:3823} INFO - Setting next_dagrun for tutorial_objectstorage to None, run_after=None
[2026-07-01T11:59:02.760+0000] {processor.py:183} INFO - Processing /home/airflow/.local/lib/python3.8/site-packages/airflow/example_dags/tutorial_objectstorage.py took 0.176 seconds
[2026-07-01T11:59:33.000+0000] {processor.py:161} INFO - Started process (PID=213) to work on /home/airflow/.local/lib/python3.8/site-packages/airflow/example_dags/tutorial_objectstorage.py
[2026-07-01T11:59:33.003+0000] {processor.py:830} INFO - Processing file /home/airflow/.local/lib/python3.8/site-packages/airflow/example_dags/tutorial_objectstorage.py for tasks to queue
[2026-07-01T11:59:33.008+0000] {logging_mixin.py:188} INFO - [2026-07-01T11:59:33.008+0000] {dagbag.py:538} INFO - Filling up the DagBag from /home/airflow/.local/lib/python3.8/site-packages/airflow/example_dags/tutorial_objectstorage.py
[2026-07-01T11:59:33.027+0000] {processor.py:840} INFO - DAG(s) 'tutorial_objectstorage' retrieved from /home/airflow/.local/lib/python3.8/site-packages/airflow/example_dags/tutorial_objectstorage.py
[2026-07-01T11:59:33.093+0000] {logging_mixin.py:188} INFO - [2026-07-01T11:59:33.092+0000] {dag.py:3036} INFO - Sync 1 DAGs
[2026-07-01T11:59:33.133+0000] {logging_mixin.py:188} INFO - [2026-07-01T11:59:33.131+0000] {dag.py:3823} INFO - Setting next_dagrun for tutorial_objectstorage to None, run_after=None
[2026-07-01T11:59:33.190+0000] {processor.py:183} INFO - Processing /home/airflow/.local/lib/python3.8/site-packages/airflow/example_dags/tutorial_objectstorage.py took 0.198 seconds
[2026-07-01T12:00:03.330+0000] {processor.py:161} INFO - Started process (PID=268) to work on /home/airflow/.local/lib/python3.8/site-packages/airflow/example_dags/tutorial_objectstorage.py
[2026-07-01T12:00:03.333+0000] {processor.py:830} INFO - Processing file /home/airflow/.local/lib/python3.8/site-packages/airflow/example_dags/tutorial_objectstorage.py for tasks to queue
[2026-07-01T12:00:03.339+0000] {logging_mixin.py:188} INFO - [2026-07-01T12:00:03.338+0000] {dagbag.py:538} INFO - Filling up the DagBag from /home/airflow/.local/lib/python3.8/site-packages/airflow/example_dags/tutorial_objectstorage.py
[2026-07-01T12:00:03.358+0000] {processor.py:840} INFO - DAG(s) 'tutorial_objectstorage' retrieved from /home/airflow/.local/lib/python3.8/site-packages/airflow/example_dags/tutorial_objectstorage.py
[2026-07-01T12:00:03.389+0000] {logging_mixin.py:188} INFO - [2026-07-01T12:00:03.389+0000] {dag.py:3036} INFO - Sync 1 DAGs
[2026-07-01T12:00:03.426+0000] {logging_mixin.py:188} INFO - [2026-07-01T12:00:03.426+0000] {dag.py:3823} INFO - Setting next_dagrun for tutorial_objectstorage to None, run_after=None
[2026-07-01T12:00:03.478+0000] {processor.py:183} INFO - Processing /home/airflow/.local/lib/python3.8/site-packages/airflow/example_dags/tutorial_objectstorage.py took 0.157 seconds
[2026-07-01T12:00:34.203+0000] {processor.py:161} INFO - Started process (PID=323) to work on /home/airflow/.local/lib/python3.8/site-packages/airflow/example_dags/tutorial_objectstorage.py
[2026-07-01T12:00:34.206+0000] {processor.py:830} INFO - Processing file /home/airflow/.local/lib/python3.8/site-packages/airflow/example_dags/tutorial_objectstorage.py for tasks to queue
[2026-07-01T12:00:34.213+0000] {logging_mixin.py:188} INFO - [2026-07-01T12:00:34.212+0000] {dagbag.py:538} INFO - Filling up the DagBag from /home/airflow/.local/lib/python3.8/site-packages/airflow/example_dags/tutorial_objectstorage.py
[2026-07-01T12:00:34.232+0000] {processor.py:840} INFO - DAG(s) 'tutorial_objectstorage' retrieved from /home/airflow/.local/lib/python3.8/site-packages/airflow/example_dags/tutorial_objectstorage.py
[2026-07-01T12:00:34.486+0000] {logging_mixin.py:188} INFO - [2026-07-01T12:00:34.485+0000] {dag.py:3036} INFO - Sync 1 DAGs
[2026-07-01T12:00:34.513+0000] {logging_mixin.py:188} INFO - [2026-07-01T12:00:34.513+0000] {dag.py:3823} INFO - Setting next_dagrun for tutorial_objectstorage to None, run_after=None
[2026-07-01T12:00:34.562+0000] {processor.py:183} INFO - Processing /home/airflow/.local/lib/python3.8/site-packages/airflow/example_dags/tutorial_objectstorage.py took 0.366 seconds
[2026-07-01T12:01:04.990+0000] {processor.py:161} INFO - Started process (PID=378) to work on /home/airflow/.local/lib/python3.8/site-packages/airflow/example_dags/tutorial_objectstorage.py
[2026-07-01T12:01:04.995+0000] {processor.py:830} INFO - Processing file /home/airflow/.local/lib/python3.8/site-packages/airflow/example_dags/tutorial_objectstorage.py for tasks to queue
[2026-07-01T12:01:05.003+0000] {logging_mixin.py:188} INFO - [2026-07-01T12:01:05.002+0000] {dagbag.py:538} INFO - Filling up the DagBag from /home/airflow/.local/lib/python3.8/site-packages/airflow/example_dags/tutorial_objectstorage.py
[2026-07-01T12:01:05.039+0000] {processor.py:840} INFO - DAG(s) 'tutorial_objectstorage' retrieved from /home/airflow/.local/lib/python3.8/site-packages/airflow/example_dags/tutorial_objectstorage.py
[2026-07-01T12:01:05.140+0000] {logging_mixin.py:188} INFO - [2026-07-01T12:01:05.140+0000] {dag.py:3036} INFO - Sync 1 DAGs
[2026-07-01T12:01:05.196+0000] {logging_mixin.py:188} INFO - [2026-07-01T12:01:05.195+0000] {dag.py:3823} INFO - Setting next_dagrun for tutorial_objectstorage to None, run_after=None
[2026-07-01T12:01:05.311+0000] {processor.py:183} INFO - Processing /home/airflow/.local/lib/python3.8/site-packages/airflow/example_dags/tutorial_objectstorage.py took 0.348 seconds
[2026-07-01T12:01:36.097+0000] {processor.py:161} INFO - Started process (PID=433) to work on /home/airflow/.local/lib/python3.8/site-packages/airflow/example_dags/tutorial_objectstorage.py
[2026-07-01T12:01:36.101+0000] {processor.py:830} INFO - Processing file /home/airflow/.local/lib/python3.8/site-packages/airflow/example_dags/tutorial_objectstorage.py for tasks to queue
[2026-07-01T12:01:36.115+0000] {logging_mixin.py:188} INFO - [2026-07-01T12:01:36.114+0000] {dagbag.py:538} INFO - Filling up the DagBag from /home/airflow/.local/lib/python3.8/site-packages/airflow/example_dags/tutorial_objectstorage.py
[2026-07-01T12:01:36.139+0000] {processor.py:840} INFO - DAG(s) 'tutorial_objectstorage' retrieved from /home/airflow/.local/lib/python3.8/site-packages/airflow/example_dags/tutorial_objectstorage.py
[2026-07-01T12:01:36.221+0000] {logging_mixin.py:188} INFO - [2026-07-01T12:01:36.218+0000] {dag.py:3036} INFO - Sync 1 DAGs
[2026-07-01T12:01:36.283+0000] {logging_mixin.py:188} INFO - [2026-07-01T12:01:36.283+0000] {dag.py:3823} INFO - Setting next_dagrun for tutorial_objectstorage to None, run_after=None
[2026-07-01T12:01:36.380+0000] {processor.py:183} INFO - Processing /home/airflow/.local/lib/python3.8/site-packages/airflow/example_dags/tutorial_objectstorage.py took 0.293 seconds
[2026-07-01T12:02:06.684+0000] {processor.py:161} INFO - Started process (PID=489) to work on /home/airflow/.local/lib/python3.8/site-packages/airflow/example_dags/tutorial_objectstorage.py
[2026-07-01T12:02:06.687+0000] {processor.py:830} INFO - Processing file /home/airflow/.local/lib/python3.8/site-packages/airflow/example_dags/tutorial_objectstorage.py for tasks to queue
[2026-07-01T12:02:06.693+0000] {logging_mixin.py:188} INFO - [2026-07-01T12:02:06.692+0000] {dagbag.py:538} INFO - Filling up the DagBag from /home/airflow/.local/lib/python3.8/site-packages/airflow/example_dags/tutorial_objectstorage.py
[2026-07-01T12:02:06.712+0000] {processor.py:840} INFO - DAG(s) 'tutorial_objectstorage' retrieved from /home/airflow/.local/lib/python3.8/site-packages/airflow/example_dags/tutorial_objectstorage.py
[2026-07-01T12:02:06.762+0000] {logging_mixin.py:188} INFO - [2026-07-01T12:02:06.762+0000] {dag.py:3036} INFO - Sync 1 DAGs
[2026-07-01T12:02:06.795+0000] {logging_mixin.py:188} INFO - [2026-07-01T12:02:06.795+0000] {dag.py:3823} INFO - Setting next_dagrun for tutorial_objectstorage to None, run_after=None
[2026-07-01T12:02:06.842+0000] {processor.py:183} INFO - Processing /home/airflow/.local/lib/python3.8/site-packages/airflow/example_dags/tutorial_objectstorage.py took 0.167 seconds
[2026-07-01T12:02:37.459+0000] {processor.py:161} INFO - Started process (PID=543) to work on /home/airflow/.local/lib/python3.8/site-packages/airflow/example_dags/tutorial_objectstorage.py
[2026-07-01T12:02:37.462+0000] {processor.py:830} INFO - Processing file /home/airflow/.local/lib/python3.8/site-packages/airflow/example_dags/tutorial_objectstorage.py for tasks to queue
[2026-07-01T12:02:37.467+0000] {logging_mixin.py:188} INFO - [2026-07-01T12:02:37.466+0000] {dagbag.py:538} INFO - Filling up the DagBag from /home/airflow/.local/lib/python3.8/site-packages/airflow/example_dags/tutorial_objectstorage.py
[2026-07-01T12:02:37.484+0000] {processor.py:840} INFO - DAG(s) 'tutorial_objectstorage' retrieved from /home/airflow/.local/lib/python3.8/site-packages/airflow/example_dags/tutorial_objectstorage.py
[2026-07-01T12:02:37.531+0000] {logging_mixin.py:188} INFO - [2026-07-01T12:02:37.530+0000] {dag.py:3036} INFO - Sync 1 DAGs
[2026-07-01T12:02:37.562+0000] {logging_mixin.py:188} INFO - [2026-07-01T12:02:37.562+0000] {dag.py:3823} INFO - Setting next_dagrun for tutorial_objectstorage to None, run_after=None
[2026-07-01T12:02:37.611+0000] {processor.py:183} INFO - Processing /home/airflow/.local/lib/python3.8/site-packages/airflow/example_dags/tutorial_objectstorage.py took 0.159 seconds
[2026-07-01T12:03:07.836+0000] {processor.py:161} INFO - Started process (PID=598) to work on /home/airflow/.local/lib/python3.8/site-packages/airflow/example_dags/tutorial_objectstorage.py
[2026-07-01T12:03:07.841+0000] {processor.py:830} INFO - Processing file /home/airflow/.local/lib/python3.8/site-packages/airflow/example_dags/tutorial_objectstorage.py for tasks to queue
[2026-07-01T12:03:07.849+0000] {logging_mixin.py:188} INFO - [2026-07-01T12:03:07.848+0000] {dagbag.py:538} INFO - Filling up the DagBag from /home/airflow/.local/lib/python3.8/site-packages/airflow/example_dags/tutorial_objectstorage.py
[2026-07-01T12:03:07.875+0000] {processor.py:840} INFO - DAG(s) 'tutorial_objectstorage' retrieved from /home/airflow/.local/lib/python3.8/site-packages/airflow/example_dags/tutorial_objectstorage.py
[2026-07-01T12:03:07.932+0000] {logging_mixin.py:188} INFO - [2026-07-01T12:03:07.931+0000] {dag.py:3036} INFO - Sync 1 DAGs
[2026-07-01T12:03:07.968+0000] {logging_mixin.py:188} INFO - [2026-07-01T12:03:07.967+0000] {dag.py:3823} INFO - Setting next_dagrun for tutorial_objectstorage to None, run_after=None
[2026-07-01T12:03:08.016+0000] {processor.py:183} INFO - Processing /home/airflow/.local/lib/python3.8/site-packages/airflow/example_dags/tutorial_objectstorage.py took 0.192 seconds
[2026-07-01T12:03:38.483+0000] {processor.py:161} INFO - Started process (PID=654) to work on /home/airflow/.local/lib/python3.8/site-packages/airflow/example_dags/tutorial_objectstorage.py
[2026-07-01T12:03:38.487+0000] {processor.py:830} INFO - Processing file /home/airflow/.local/lib/python3.8/site-packages/airflow/example_dags/tutorial_objectstorage.py for tasks to queue
[2026-07-01T12:03:38.493+0000] {logging_mixin.py:188} INFO - [2026-07-01T12:03:38.492+0000] {dagbag.py:538} INFO - Filling up the DagBag from /home/airflow/.local/lib/python3.8/site-packages/airflow/example_dags/tutorial_objectstorage.py
[2026-07-01T12:03:38.511+0000] {processor.py:840} INFO - DAG(s) 'tutorial_objectstorage' retrieved from /home/airflow/.local/lib/python3.8/site-packages/airflow/example_dags/tutorial_objectstorage.py
[2026-07-01T12:03:38.562+0000] {logging_mixin.py:188} INFO - [2026-07-01T12:03:38.562+0000] {dag.py:3036} INFO - Sync 1 DAGs
[2026-07-01T12:03:38.597+0000] {logging_mixin.py:188} INFO - [2026-07-01T12:03:38.597+0000] {dag.py:3823} INFO - Setting next_dagrun for tutorial_objectstorage to None, run_after=None
[2026-07-01T12:03:38.646+0000] {processor.py:183} INFO - Processing /home/airflow/.local/lib/python3.8/site-packages/airflow/example_dags/tutorial_objectstorage.py took 0.172 seconds
[2026-07-01T12:04:09.095+0000] {processor.py:161} INFO - Started process (PID=709) to work on /home/airflow/.local/lib/python3.8/site-packages/airflow/example_dags/tutorial_objectstorage.py
[2026-07-01T12:04:09.100+0000] {processor.py:830} INFO - Processing file /home/airflow/.local/lib/python3.8/site-packages/airflow/example_dags/tutorial_objectstorage.py for tasks to queue
[2026-07-01T12:04:09.107+0000] {logging_mixin.py:188} INFO - [2026-07-01T12:04:09.106+0000] {dagbag.py:538} INFO - Filling up the DagBag from /home/airflow/.local/lib/python3.8/site-packages/airflow/example_dags/tutorial_objectstorage.py
[2026-07-01T12:04:09.127+0000] {processor.py:840} INFO - DAG(s) 'tutorial_objectstorage' retrieved from /home/airflow/.local/lib/python3.8/site-packages/airflow/example_dags/tutorial_objectstorage.py
[2026-07-01T12:04:09.180+0000] {logging_mixin.py:188} INFO - [2026-07-01T12:04:09.180+0000] {dag.py:3036} INFO - Sync 1 DAGs
[2026-07-01T12:04:09.216+0000] {logging_mixin.py:188} INFO - [2026-07-01T12:04:09.215+0000] {dag.py:3823} INFO - Setting next_dagrun for tutorial_objectstorage to None, run_after=None
[2026-07-01T12:04:09.274+0000] {processor.py:183} INFO - Processing /home/airflow/.local/lib/python3.8/site-packages/airflow/example_dags/tutorial_objectstorage.py took 0.189 seconds
[2026-07-01T12:04:39.855+0000] {processor.py:161} INFO - Started process (PID=764) to work on /home/airflow/.local/lib/python3.8/site-packages/airflow/example_dags/tutorial_objectstorage.py
[2026-07-01T12:04:39.860+0000] {processor.py:830} INFO - Processing file /home/airflow/.local/lib/python3.8/site-packages/airflow/example_dags/tutorial_objectstorage.py for tasks to queue
[2026-07-01T12:04:39.871+0000] {logging_mixin.py:188} INFO - [2026-07-01T12:04:39.870+0000] {dagbag.py:538} INFO - Filling up the DagBag from /home/airflow/.local/lib/python3.8/site-packages/airflow/example_dags/tutorial_objectstorage.py
[2026-07-01T12:04:39.895+0000] {processor.py:840} INFO - DAG(s) 'tutorial_objectstorage' retrieved from /home/airflow/.local/lib/python3.8/site-packages/airflow/example_dags/tutorial_objectstorage.py
[2026-07-01T12:04:39.985+0000] {logging_mixin.py:188} INFO - [2026-07-01T12:04:39.984+0000] {dag.py:3036} INFO - Sync 1 DAGs
[2026-07-01T12:04:40.019+0000] {logging_mixin.py:188} INFO - [2026-07-01T12:04:40.018+0000] {dag.py:3823} INFO - Setting next_dagrun for tutorial_objectstorage to None, run_after=None
[2026-07-01T12:04:40.070+0000] {processor.py:183} INFO - Processing /home/airflow/.local/lib/python3.8/site-packages/airflow/example_dags/tutorial_objectstorage.py took 0.229 seconds
[2026-07-01T12:05:10.550+0000] {processor.py:161} INFO - Started process (PID=819) to work on /home/airflow/.local/lib/python3.8/site-packages/airflow/example_dags/tutorial_objectstorage.py
[2026-07-01T12:05:10.554+0000] {processor.py:830} INFO - Processing file /home/airflow/.local/lib/python3.8/site-packages/airflow/example_dags/tutorial_objectstorage.py for tasks to queue
[2026-07-01T12:05:10.560+0000] {logging_mixin.py:188} INFO - [2026-07-01T12:05:10.559+0000] {dagbag.py:538} INFO - Filling up the DagBag from /home/airflow/.local/lib/python3.8/site-packages/airflow/example_dags/tutorial_objectstorage.py
[2026-07-01T12:05:10.581+0000] {processor.py:840} INFO - DAG(s) 'tutorial_objectstorage' retrieved from /home/airflow/.local/lib/python3.8/site-packages/airflow/example_dags/tutorial_objectstorage.py
[2026-07-01T12:05:10.635+0000] {logging_mixin.py:188} INFO - [2026-07-01T12:05:10.634+0000] {dag.py:3036} INFO - Sync 1 DAGs
[2026-07-01T12:05:10.667+0000] {logging_mixin.py:188} INFO - [2026-07-01T12:05:10.667+0000] {dag.py:3823} INFO - Setting next_dagrun for tutorial_objectstorage to None, run_after=None
[2026-07-01T12:05:10.713+0000] {processor.py:183} INFO - Processing /home/airflow/.local/lib/python3.8/site-packages/airflow/example_dags/tutorial_objectstorage.py took 0.173 seconds
[2026-07-01T12:05:40.914+0000] {processor.py:161} INFO - Started process (PID=874) to work on /home/airflow/.local/lib/python3.8/site-packages/airflow/example_dags/tutorial_objectstorage.py
[2026-07-01T12:05:40.918+0000] {processor.py:830} INFO - Processing file /home/airflow/.local/lib/python3.8/site-packages/airflow/example_dags/tutorial_objectstorage.py for tasks to queue
[2026-07-01T12:05:40.924+0000] {logging_mixin.py:188} INFO - [2026-07-01T12:05:40.923+0000] {dagbag.py:538} INFO - Filling up the DagBag from /home/airflow/.local/lib/python3.8/site-packages/airflow/example_dags/tutorial_objectstorage.py
[2026-07-01T12:05:40.945+0000] {processor.py:840} INFO - DAG(s) 'tutorial_objectstorage' retrieved from /home/airflow/.local/lib/python3.8/site-packages/airflow/example_dags/tutorial_objectstorage.py
[2026-07-01T12:05:40.995+0000] {logging_mixin.py:188} INFO - [2026-07-01T12:05:40.995+0000] {dag.py:3036} INFO - Sync 1 DAGs
[2026-07-01T12:05:41.031+0000] {logging_mixin.py:188} INFO - [2026-07-01T12:05:41.030+0000] {dag.py:3823} INFO - Setting next_dagrun for tutorial_objectstorage to None, run_after=None
[2026-07-01T12:05:41.089+0000] {processor.py:183} INFO - Processing /home/airflow/.local/lib/python3.8/site-packages/airflow/example_dags/tutorial_objectstorage.py took 0.183 seconds
[2026-07-01T12:06:11.627+0000] {processor.py:161} INFO - Started process (PID=929) to work on /home/airflow/.local/lib/python3.8/site-packages/airflow/example_dags/tutorial_objectstorage.py
[2026-07-01T12:06:11.630+0000] {processor.py:830} INFO - Processing file /home/airflow/.local/lib/python3.8/site-packages/airflow/example_dags/tutorial_objectstorage.py for tasks to queue
[2026-07-01T12:06:11.636+0000] {logging_mixin.py:188} INFO - [2026-07-01T12:06:11.635+0000] {dagbag.py:538} INFO - Filling up the DagBag from /home/airflow/.local/lib/python3.8/site-packages/airflow/example_dags/tutorial_objectstorage.py
[2026-07-01T12:06:11.658+0000] {processor.py:840} INFO - DAG(s) 'tutorial_objectstorage' retrieved from /home/airflow/.local/lib/python3.8/site-packages/airflow/example_dags/tutorial_objectstorage.py
[2026-07-01T12:06:11.708+0000] {logging_mixin.py:188} INFO - [2026-07-01T12:06:11.708+0000] {dag.py:3036} INFO - Sync 1 DAGs
[2026-07-01T12:06:11.745+0000] {logging_mixin.py:188} INFO - [2026-07-01T12:06:11.745+0000] {dag.py:3823} INFO - Setting next_dagrun for tutorial_objectstorage to None, run_after=None
[2026-07-01T12:06:11.850+0000] {processor.py:183} INFO - Processing /home/airflow/.local/lib/python3.8/site-packages/airflow/example_dags/tutorial_objectstorage.py took 0.230 seconds
[2026-07-01T12:06:42.202+0000] {processor.py:161} INFO - Started process (PID=984) to work on /home/airflow/.local/lib/python3.8/site-packages/airflow/example_dags/tutorial_objectstorage.py
[2026-07-01T12:06:42.206+0000] {processor.py:830} INFO - Processing file /home/airflow/.local/lib/python3.8/site-packages/airflow/example_dags/tutorial_objectstorage.py for tasks to queue
[2026-07-01T12:06:42.212+0000] {logging_mixin.py:188} INFO - [2026-07-01T12:06:42.211+0000] {dagbag.py:538} INFO - Filling up the DagBag from /home/airflow/.local/lib/python3.8/site-packages/airflow/example_dags/tutorial_objectstorage.py
[2026-07-01T12:06:42.231+0000] {processor.py:840} INFO - DAG(s) 'tutorial_objectstorage' retrieved from /home/airflow/.local/lib/python3.8/site-packages/airflow/example_dags/tutorial_objectstorage.py
[2026-07-01T12:06:42.288+0000] {logging_mixin.py:188} INFO - [2026-07-01T12:06:42.287+0000] {dag.py:3036} INFO - Sync 1 DAGs
[2026-07-01T12:06:42.324+0000] {logging_mixin.py:188} INFO - [2026-07-01T12:06:42.324+0000] {dag.py:3823} INFO - Setting next_dagrun for tutorial_objectstorage to None, run_after=None
[2026-07-01T12:06:42.372+0000] {processor.py:183} INFO - Processing /home/airflow/.local/lib/python3.8/site-packages/airflow/example_dags/tutorial_objectstorage.py took 0.178 seconds
[2026-07-01T12:07:13.038+0000] {processor.py:161} INFO - Started process (PID=1039) to work on /home/airflow/.local/lib/python3.8/site-packages/airflow/example_dags/tutorial_objectstorage.py
[2026-07-01T12:07:13.041+0000] {processor.py:830} INFO - Processing file /home/airflow/.local/lib/python3.8/site-packages/airflow/example_dags/tutorial_objectstorage.py for tasks to queue
[2026-07-01T12:07:13.048+0000] {logging_mixin.py:188} INFO - [2026-07-01T12:07:13.046+0000] {dagbag.py:538} INFO - Filling up the DagBag from /home/airflow/.local/lib/python3.8/site-packages/airflow/example_dags/tutorial_objectstorage.py
[2026-07-01T12:07:13.065+0000] {processor.py:840} INFO - DAG(s) 'tutorial_objectstorage' retrieved from /home/airflow/.local/lib/python3.8/site-packages/airflow/example_dags/tutorial_objectstorage.py
[2026-07-01T12:07:13.115+0000] {logging_mixin.py:188} INFO - [2026-07-01T12:07:13.114+0000] {dag.py:3036} INFO - Sync 1 DAGs
[2026-07-01T12:07:13.144+0000] {logging_mixin.py:188} INFO - [2026-07-01T12:07:13.143+0000] {dag.py:3823} INFO - Setting next_dagrun for tutorial_objectstorage to None, run_after=None
[2026-07-01T12:07:13.187+0000] {processor.py:183} INFO - Processing /home/airflow/.local/lib/python3.8/site-packages/airflow/example_dags/tutorial_objectstorage.py took 0.158 seconds
[2026-07-01T12:07:43.405+0000] {processor.py:161} INFO - Started process (PID=1095) to work on /home/airflow/.local/lib/python3.8/site-packages/airflow/example_dags/tutorial_objectstorage.py
[2026-07-01T12:07:43.408+0000] {processor.py:830} INFO - Processing file /home/airflow/.local/lib/python3.8/site-packages/airflow/example_dags/tutorial_objectstorage.py for tasks to queue
[2026-07-01T12:07:43.414+0000] {logging_mixin.py:188} INFO - [2026-07-01T12:07:43.413+0000] {dagbag.py:538} INFO - Filling up the DagBag from /home/airflow/.local/lib/python3.8/site-packages/airflow/example_dags/tutorial_objectstorage.py
[2026-07-01T12:07:43.435+0000] {processor.py:840} INFO - DAG(s) 'tutorial_objectstorage' retrieved from /home/airflow/.local/lib/python3.8/site-packages/airflow/example_dags/tutorial_objectstorage.py
[2026-07-01T12:07:43.490+0000] {logging_mixin.py:188} INFO - [2026-07-01T12:07:43.490+0000] {dag.py:3036} INFO - Sync 1 DAGs
[2026-07-01T12:07:43.526+0000] {logging_mixin.py:188} INFO - [2026-07-01T12:07:43.525+0000] {dag.py:3823} INFO - Setting next_dagrun for tutorial_objectstorage to None, run_after=None
[2026-07-01T12:07:43.586+0000] {processor.py:183} INFO - Processing /home/airflow/.local/lib/python3.8/site-packages/airflow/example_dags/tutorial_objectstorage.py took 0.189 seconds
[2026-07-01T12:08:13.984+0000] {processor.py:161} INFO - Started process (PID=1150) to work on /home/airflow/.local/lib/python3.8/site-packages/airflow/example_dags/tutorial_objectstorage.py
[2026-07-01T12:08:13.988+0000] {processor.py:830} INFO - Processing file /home/airflow/.local/lib/python3.8/site-packages/airflow/example_dags/tutorial_objectstorage.py for tasks to queue
[2026-07-01T12:08:13.995+0000] {logging_mixin.py:188} INFO - [2026-07-01T12:08:13.994+0000] {dagbag.py:538} INFO - Filling up the DagBag from /home/airflow/.local/lib/python3.8/site-packages/airflow/example_dags/tutorial_objectstorage.py
[2026-07-01T12:08:14.025+0000] {processor.py:840} INFO - DAG(s) 'tutorial_objectstorage' retrieved from /home/airflow/.local/lib/python3.8/site-packages/airflow/example_dags/tutorial_objectstorage.py
[2026-07-01T12:08:14.116+0000] {logging_mixin.py:188} INFO - [2026-07-01T12:08:14.115+0000] {dag.py:3036} INFO - Sync 1 DAGs
[2026-07-01T12:08:14.185+0000] {logging_mixin.py:188} INFO - [2026-07-01T12:08:14.184+0000] {dag.py:3823} INFO - Setting next_dagrun for tutorial_objectstorage to None, run_after=None
[2026-07-01T12:08:14.285+0000] {processor.py:183} INFO - Processing /home/airflow/.local/lib/python3.8/site-packages/airflow/example_dags/tutorial_objectstorage.py took 0.312 seconds
[2026-07-01T12:09:01.603+0000] {processor.py:161} INFO - Started process (PID=90) to work on /home/airflow/.local/lib/python3.8/site-packages/airflow/example_dags/tutorial_objectstorage.py
[2026-07-01T12:09:01.607+0000] {processor.py:830} INFO - Processing file /home/airflow/.local/lib/python3.8/site-packages/airflow/example_dags/tutorial_objectstorage.py for tasks to queue
[2026-07-01T12:09:01.613+0000] {logging_mixin.py:188} INFO - [2026-07-01T12:09:01.612+0000] {dagbag.py:538} INFO - Filling up the DagBag from /home/airflow/.local/lib/python3.8/site-packages/airflow/example_dags/tutorial_objectstorage.py
[2026-07-01T12:09:01.632+0000] {processor.py:840} INFO - DAG(s) 'tutorial_objectstorage' retrieved from /home/airflow/.local/lib/python3.8/site-packages/airflow/example_dags/tutorial_objectstorage.py
[2026-07-01T12:09:01.700+0000] {logging_mixin.py:188} INFO - [2026-07-01T12:09:01.699+0000] {dag.py:3036} INFO - Sync 1 DAGs
[2026-07-01T12:09:01.733+0000] {logging_mixin.py:188} INFO - [2026-07-01T12:09:01.732+0000] {dag.py:3823} INFO - Setting next_dagrun for tutorial_objectstorage to None, run_after=None
[2026-07-01T12:09:01.776+0000] {processor.py:183} INFO - Processing /home/airflow/.local/lib/python3.8/site-packages/airflow/example_dags/tutorial_objectstorage.py took 0.181 seconds
[2026-07-01T12:09:32.244+0000] {processor.py:161} INFO - Started process (PID=146) to work on /home/airflow/.local/lib/python3.8/site-packages/airflow/example_dags/tutorial_objectstorage.py
[2026-07-01T12:09:32.247+0000] {processor.py:830} INFO - Processing file /home/airflow/.local/lib/python3.8/site-packages/airflow/example_dags/tutorial_objectstorage.py for tasks to queue
[2026-07-01T12:09:32.253+0000] {logging_mixin.py:188} INFO - [2026-07-01T12:09:32.252+0000] {dagbag.py:538} INFO - Filling up the DagBag from /home/airflow/.local/lib/python3.8/site-packages/airflow/example_dags/tutorial_objectstorage.py
[2026-07-01T12:09:32.274+0000] {processor.py:840} INFO - DAG(s) 'tutorial_objectstorage' retrieved from /home/airflow/.local/lib/python3.8/site-packages/airflow/example_dags/tutorial_objectstorage.py
[2026-07-01T12:09:32.331+0000] {logging_mixin.py:188} INFO - [2026-07-01T12:09:32.330+0000] {dag.py:3036} INFO - Sync 1 DAGs
[2026-07-01T12:09:32.364+0000] {logging_mixin.py:188} INFO - [2026-07-01T12:09:32.364+0000] {dag.py:3823} INFO - Setting next_dagrun for tutorial_objectstorage to None, run_after=None
[2026-07-01T12:09:32.431+0000] {processor.py:183} INFO - Processing /home/airflow/.local/lib/python3.8/site-packages/airflow/example_dags/tutorial_objectstorage.py took 0.195 seconds
[2026-07-01T12:10:03.007+0000] {processor.py:161} INFO - Started process (PID=203) to work on /home/airflow/.local/lib/python3.8/site-packages/airflow/example_dags/tutorial_objectstorage.py
[2026-07-01T12:10:03.014+0000] {processor.py:830} INFO - Processing file /home/airflow/.local/lib/python3.8/site-packages/airflow/example_dags/tutorial_objectstorage.py for tasks to queue
[2026-07-01T12:10:03.020+0000] {logging_mixin.py:188} INFO - [2026-07-01T12:10:03.019+0000] {dagbag.py:538} INFO - Filling up the DagBag from /home/airflow/.local/lib/python3.8/site-packages/airflow/example_dags/tutorial_objectstorage.py
[2026-07-01T12:10:03.040+0000] {processor.py:840} INFO - DAG(s) 'tutorial_objectstorage' retrieved from /home/airflow/.local/lib/python3.8/site-packages/airflow/example_dags/tutorial_objectstorage.py
[2026-07-01T12:10:03.093+0000] {logging_mixin.py:188} INFO - [2026-07-01T12:10:03.092+0000] {dag.py:3036} INFO - Sync 1 DAGs
[2026-07-01T12:10:03.126+0000] {logging_mixin.py:188} INFO - [2026-07-01T12:10:03.125+0000] {dag.py:3823} INFO - Setting next_dagrun for tutorial_objectstorage to None, run_after=None
[2026-07-01T12:10:03.173+0000] {processor.py:183} INFO - Processing /home/airflow/.local/lib/python3.8/site-packages/airflow/example_dags/tutorial_objectstorage.py took 0.174 seconds
[2026-07-01T12:10:33.466+0000] {processor.py:161} INFO - Started process (PID=259) to work on /home/airflow/.local/lib/python3.8/site-packages/airflow/example_dags/tutorial_objectstorage.py
[2026-07-01T12:10:33.470+0000] {processor.py:830} INFO - Processing file /home/airflow/.local/lib/python3.8/site-packages/airflow/example_dags/tutorial_objectstorage.py for tasks to queue
[2026-07-01T12:10:33.477+0000] {logging_mixin.py:188} INFO - [2026-07-01T12:10:33.476+0000] {dagbag.py:538} INFO - Filling up the DagBag from /home/airflow/.local/lib/python3.8/site-packages/airflow/example_dags/tutorial_objectstorage.py
[2026-07-01T12:10:33.495+0000] {processor.py:840} INFO - DAG(s) 'tutorial_objectstorage' retrieved from /home/airflow/.local/lib/python3.8/site-packages/airflow/example_dags/tutorial_objectstorage.py
[2026-07-01T12:10:33.547+0000] {logging_mixin.py:188} INFO - [2026-07-01T12:10:33.546+0000] {dag.py:3036} INFO - Sync 1 DAGs
[2026-07-01T12:10:33.581+0000] {logging_mixin.py:188} INFO - [2026-07-01T12:10:33.580+0000] {dag.py:3823} INFO - Setting next_dagrun for tutorial_objectstorage to None, run_after=None
[2026-07-01T12:10:33.633+0000] {processor.py:183} INFO - Processing /home/airflow/.local/lib/python3.8/site-packages/airflow/example_dags/tutorial_objectstorage.py took 0.174 seconds
[2026-07-01T12:11:04.894+0000] {processor.py:161} INFO - Started process (PID=320) to work on /home/airflow/.local/lib/python3.8/site-packages/airflow/example_dags/tutorial_objectstorage.py
[2026-07-01T12:11:04.898+0000] {processor.py:830} INFO - Processing file /home/airflow/.local/lib/python3.8/site-packages/airflow/example_dags/tutorial_objectstorage.py for tasks to queue
[2026-07-01T12:11:04.904+0000] {logging_mixin.py:188} INFO - [2026-07-01T12:11:04.903+0000] {dagbag.py:538} INFO - Filling up the DagBag from /home/airflow/.local/lib/python3.8/site-packages/airflow/example_dags/tutorial_objectstorage.py
[2026-07-01T12:11:04.925+0000] {processor.py:840} INFO - DAG(s) 'tutorial_objectstorage' retrieved from /home/airflow/.local/lib/python3.8/site-packages/airflow/example_dags/tutorial_objectstorage.py
[2026-07-01T12:11:04.978+0000] {logging_mixin.py:188} INFO - [2026-07-01T12:11:04.978+0000] {dag.py:3036} INFO - Sync 1 DAGs
[2026-07-01T12:11:05.012+0000] {logging_mixin.py:188} INFO - [2026-07-01T12:11:05.012+0000] {dag.py:3823} INFO - Setting next_dagrun for tutorial_objectstorage to None, run_after=None
[2026-07-01T12:11:05.063+0000] {processor.py:183} INFO - Processing /home/airflow/.local/lib/python3.8/site-packages/airflow/example_dags/tutorial_objectstorage.py took 0.179 seconds
[2026-07-01T12:11:35.884+0000] {processor.py:161} INFO - Started process (PID=376) to work on /home/airflow/.local/lib/python3.8/site-packages/airflow/example_dags/tutorial_objectstorage.py
[2026-07-01T12:11:35.887+0000] {processor.py:830} INFO - Processing file /home/airflow/.local/lib/python3.8/site-packages/airflow/example_dags/tutorial_objectstorage.py for tasks to queue
[2026-07-01T12:11:35.893+0000] {logging_mixin.py:188} INFO - [2026-07-01T12:11:35.892+0000] {dagbag.py:538} INFO - Filling up the DagBag from /home/airflow/.local/lib/python3.8/site-packages/airflow/example_dags/tutorial_objectstorage.py
[2026-07-01T12:11:35.909+0000] {processor.py:840} INFO - DAG(s) 'tutorial_objectstorage' retrieved from /home/airflow/.local/lib/python3.8/site-packages/airflow/example_dags/tutorial_objectstorage.py
[2026-07-01T12:11:35.957+0000] {logging_mixin.py:188} INFO - [2026-07-01T12:11:35.956+0000] {dag.py:3036} INFO - Sync 1 DAGs
[2026-07-01T12:11:35.984+0000] {logging_mixin.py:188} INFO - [2026-07-01T12:11:35.983+0000] {dag.py:3823} INFO - Setting next_dagrun for tutorial_objectstorage to None, run_after=None
[2026-07-01T12:11:36.027+0000] {processor.py:183} INFO - Processing /home/airflow/.local/lib/python3.8/site-packages/airflow/example_dags/tutorial_objectstorage.py took 0.153 seconds
[2026-07-01T12:12:06.654+0000] {processor.py:161} INFO - Started process (PID=432) to work on /home/airflow/.local/lib/python3.8/site-packages/airflow/example_dags/tutorial_objectstorage.py
[2026-07-01T12:12:06.657+0000] {processor.py:830} INFO - Processing file /home/airflow/.local/lib/python3.8/site-packages/airflow/example_dags/tutorial_objectstorage.py for tasks to queue
[2026-07-01T12:12:06.663+0000] {logging_mixin.py:188} INFO - [2026-07-01T12:12:06.662+0000] {dagbag.py:538} INFO - Filling up the DagBag from /home/airflow/.local/lib/python3.8/site-packages/airflow/example_dags/tutorial_objectstorage.py
[2026-07-01T12:12:06.681+0000] {processor.py:840} INFO - DAG(s) 'tutorial_objectstorage' retrieved from /home/airflow/.local/lib/python3.8/site-packages/airflow/example_dags/tutorial_objectstorage.py
[2026-07-01T12:12:06.736+0000] {logging_mixin.py:188} INFO - [2026-07-01T12:12:06.736+0000] {dag.py:3036} INFO - Sync 1 DAGs
[2026-07-01T12:12:06.769+0000] {logging_mixin.py:188} INFO - [2026-07-01T12:12:06.768+0000] {dag.py:3823} INFO - Setting next_dagrun for tutorial_objectstorage to None, run_after=None
[2026-07-01T12:12:06.819+0000] {processor.py:183} INFO - Processing /home/airflow/.local/lib/python3.8/site-packages/airflow/example_dags/tutorial_objectstorage.py took 0.174 seconds
[2026-07-01T12:12:37.767+0000] {processor.py:161} INFO - Started process (PID=488) to work on /home/airflow/.local/lib/python3.8/site-packages/airflow/example_dags/tutorial_objectstorage.py
[2026-07-01T12:12:37.770+0000] {processor.py:830} INFO - Processing file /home/airflow/.local/lib/python3.8/site-packages/airflow/example_dags/tutorial_objectstorage.py for tasks to queue
[2026-07-01T12:12:37.776+0000] {logging_mixin.py:188} INFO - [2026-07-01T12:12:37.775+0000] {dagbag.py:538} INFO - Filling up the DagBag from /home/airflow/.local/lib/python3.8/site-packages/airflow/example_dags/tutorial_objectstorage.py
[2026-07-01T12:12:37.794+0000] {processor.py:840} INFO - DAG(s) 'tutorial_objectstorage' retrieved from /home/airflow/.local/lib/python3.8/site-packages/airflow/example_dags/tutorial_objectstorage.py
[2026-07-01T12:12:37.847+0000] {logging_mixin.py:188} INFO - [2026-07-01T12:12:37.847+0000] {dag.py:3036} INFO - Sync 1 DAGs
[2026-07-01T12:12:37.877+0000] {logging_mixin.py:188} INFO - [2026-07-01T12:12:37.877+0000] {dag.py:3823} INFO - Setting next_dagrun for tutorial_objectstorage to None, run_after=None
[2026-07-01T12:12:37.918+0000] {processor.py:183} INFO - Processing /home/airflow/.local/lib/python3.8/site-packages/airflow/example_dags/tutorial_objectstorage.py took 0.160 seconds
[2026-07-01T12:13:08.842+0000] {processor.py:161} INFO - Started process (PID=544) to work on /home/airflow/.local/lib/python3.8/site-packages/airflow/example_dags/tutorial_objectstorage.py
[2026-07-01T12:13:08.845+0000] {processor.py:830} INFO - Processing file /home/airflow/.local/lib/python3.8/site-packages/airflow/example_dags/tutorial_objectstorage.py for tasks to queue
[2026-07-01T12:13:08.851+0000] {logging_mixin.py:188} INFO - [2026-07-01T12:13:08.850+0000] {dagbag.py:538} INFO - Filling up the DagBag from /home/airflow/.local/lib/python3.8/site-packages/airflow/example_dags/tutorial_objectstorage.py
[2026-07-01T12:13:08.867+0000] {processor.py:840} INFO - DAG(s) 'tutorial_objectstorage' retrieved from /home/airflow/.local/lib/python3.8/site-packages/airflow/example_dags/tutorial_objectstorage.py
[2026-07-01T12:13:08.918+0000] {logging_mixin.py:188} INFO - [2026-07-01T12:13:08.917+0000] {dag.py:3036} INFO - Sync 1 DAGs
[2026-07-01T12:13:08.947+0000] {logging_mixin.py:188} INFO - [2026-07-01T12:13:08.946+0000] {dag.py:3823} INFO - Setting next_dagrun for tutorial_objectstorage to None, run_after=None
[2026-07-01T12:13:08.990+0000] {processor.py:183} INFO - Processing /home/airflow/.local/lib/python3.8/site-packages/airflow/example_dags/tutorial_objectstorage.py took 0.156 seconds
[2026-07-01T12:13:39.274+0000] {processor.py:161} INFO - Started process (PID=600) to work on /home/airflow/.local/lib/python3.8/site-packages/airflow/example_dags/tutorial_objectstorage.py
[2026-07-01T12:13:39.278+0000] {processor.py:830} INFO - Processing file /home/airflow/.local/lib/python3.8/site-packages/airflow/example_dags/tutorial_objectstorage.py for tasks to queue
[2026-07-01T12:13:39.284+0000] {logging_mixin.py:188} INFO - [2026-07-01T12:13:39.283+0000] {dagbag.py:538} INFO - Filling up the DagBag from /home/airflow/.local/lib/python3.8/site-packages/airflow/example_dags/tutorial_objectstorage.py
[2026-07-01T12:13:39.303+0000] {processor.py:840} INFO - DAG(s) 'tutorial_objectstorage' retrieved from /home/airflow/.local/lib/python3.8/site-packages/airflow/example_dags/tutorial_objectstorage.py
[2026-07-01T12:13:39.355+0000] {logging_mixin.py:188} INFO - [2026-07-01T12:13:39.354+0000] {dag.py:3036} INFO - Sync 1 DAGs
[2026-07-01T12:13:39.395+0000] {logging_mixin.py:188} INFO - [2026-07-01T12:13:39.395+0000] {dag.py:3823} INFO - Setting next_dagrun for tutorial_objectstorage to None, run_after=None
[2026-07-01T12:13:39.449+0000] {processor.py:183} INFO - Processing /home/airflow/.local/lib/python3.8/site-packages/airflow/example_dags/tutorial_objectstorage.py took 0.184 seconds
[2026-07-01T12:14:09.653+0000] {processor.py:161} INFO - Started process (PID=655) to work on /home/airflow/.local/lib/python3.8/site-packages/airflow/example_dags/tutorial_objectstorage.py
[2026-07-01T12:14:09.656+0000] {processor.py:830} INFO - Processing file /home/airflow/.local/lib/python3.8/site-packages/airflow/example_dags/tutorial_objectstorage.py for tasks to queue
[2026-07-01T12:14:09.663+0000] {logging_mixin.py:188} INFO - [2026-07-01T12:14:09.662+0000] {dagbag.py:538} INFO - Filling up the DagBag from /home/airflow/.local/lib/python3.8/site-packages/airflow/example_dags/tutorial_objectstorage.py
[2026-07-01T12:14:09.682+0000] {processor.py:840} INFO - DAG(s) 'tutorial_objectstorage' retrieved from /home/airflow/.local/lib/python3.8/site-packages/airflow/example_dags/tutorial_objectstorage.py
[2026-07-01T12:14:09.741+0000] {logging_mixin.py:188} INFO - [2026-07-01T12:14:09.740+0000] {dag.py:3036} INFO - Sync 1 DAGs
[2026-07-01T12:14:09.775+0000] {logging_mixin.py:188} INFO - [2026-07-01T12:14:09.774+0000] {dag.py:3823} INFO - Setting next_dagrun for tutorial_objectstorage to None, run_after=None
[2026-07-01T12:14:09.820+0000] {processor.py:183} INFO - Processing /home/airflow/.local/lib/python3.8/site-packages/airflow/example_dags/tutorial_objectstorage.py took 0.177 seconds
[2026-07-01T12:14:40.361+0000] {processor.py:161} INFO - Started process (PID=711) to work on /home/airflow/.local/lib/python3.8/site-packages/airflow/example_dags/tutorial_objectstorage.py
[2026-07-01T12:14:40.365+0000] {processor.py:830} INFO - Processing file /home/airflow/.local/lib/python3.8/site-packages/airflow/example_dags/tutorial_objectstorage.py for tasks to queue
[2026-07-01T12:14:40.370+0000] {logging_mixin.py:188} INFO - [2026-07-01T12:14:40.369+0000] {dagbag.py:538} INFO - Filling up the DagBag from /home/airflow/.local/lib/python3.8/site-packages/airflow/example_dags/tutorial_objectstorage.py
[2026-07-01T12:14:40.386+0000] {processor.py:840} INFO - DAG(s) 'tutorial_objectstorage' retrieved from /home/airflow/.local/lib/python3.8/site-packages/airflow/example_dags/tutorial_objectstorage.py
[2026-07-01T12:14:40.435+0000] {logging_mixin.py:188} INFO - [2026-07-01T12:14:40.434+0000] {dag.py:3036} INFO - Sync 1 DAGs
[2026-07-01T12:14:40.466+0000] {logging_mixin.py:188} INFO - [2026-07-01T12:14:40.466+0000] {dag.py:3823} INFO - Setting next_dagrun for tutorial_objectstorage to None, run_after=None
[2026-07-01T12:14:40.507+0000] {processor.py:183} INFO - Processing /home/airflow/.local/lib/python3.8/site-packages/airflow/example_dags/tutorial_objectstorage.py took 0.154 seconds
[2026-07-01T12:15:11.034+0000] {processor.py:161} INFO - Started process (PID=768) to work on /home/airflow/.local/lib/python3.8/site-packages/airflow/example_dags/tutorial_objectstorage.py
[2026-07-01T12:15:11.037+0000] {processor.py:830} INFO - Processing file /home/airflow/.local/lib/python3.8/site-packages/airflow/example_dags/tutorial_objectstorage.py for tasks to queue
[2026-07-01T12:15:11.044+0000] {logging_mixin.py:188} INFO - [2026-07-01T12:15:11.043+0000] {dagbag.py:538} INFO - Filling up the DagBag from /home/airflow/.local/lib/python3.8/site-packages/airflow/example_dags/tutorial_objectstorage.py
[2026-07-01T12:15:11.069+0000] {processor.py:840} INFO - DAG(s) 'tutorial_objectstorage' retrieved from /home/airflow/.local/lib/python3.8/site-packages/airflow/example_dags/tutorial_objectstorage.py
[2026-07-01T12:15:11.124+0000] {logging_mixin.py:188} INFO - [2026-07-01T12:15:11.123+0000] {dag.py:3036} INFO - Sync 1 DAGs
[2026-07-01T12:15:11.155+0000] {logging_mixin.py:188} INFO - [2026-07-01T12:15:11.155+0000] {dag.py:3823} INFO - Setting next_dagrun for tutorial_objectstorage to None, run_after=None
[2026-07-01T12:15:11.199+0000] {processor.py:183} INFO - Processing /home/airflow/.local/lib/python3.8/site-packages/airflow/example_dags/tutorial_objectstorage.py took 0.177 seconds
[2026-07-01T12:15:41.398+0000] {processor.py:161} INFO - Started process (PID=824) to work on /home/airflow/.local/lib/python3.8/site-packages/airflow/example_dags/tutorial_objectstorage.py
[2026-07-01T12:15:41.403+0000] {processor.py:830} INFO - Processing file /home/airflow/.local/lib/python3.8/site-packages/airflow/example_dags/tutorial_objectstorage.py for tasks to queue
[2026-07-01T12:15:41.408+0000] {logging_mixin.py:188} INFO - [2026-07-01T12:15:41.407+0000] {dagbag.py:538} INFO - Filling up the DagBag from /home/airflow/.local/lib/python3.8/site-packages/airflow/example_dags/tutorial_objectstorage.py
[2026-07-01T12:15:41.430+0000] {processor.py:840} INFO - DAG(s) 'tutorial_objectstorage' retrieved from /home/airflow/.local/lib/python3.8/site-packages/airflow/example_dags/tutorial_objectstorage.py
[2026-07-01T12:15:41.503+0000] {logging_mixin.py:188} INFO - [2026-07-01T12:15:41.502+0000] {dag.py:3036} INFO - Sync 1 DAGs
[2026-07-01T12:15:41.560+0000] {logging_mixin.py:188} INFO - [2026-07-01T12:15:41.559+0000] {dag.py:3823} INFO - Setting next_dagrun for tutorial_objectstorage to None, run_after=None
[2026-07-01T12:15:41.622+0000] {processor.py:183} INFO - Processing /home/airflow/.local/lib/python3.8/site-packages/airflow/example_dags/tutorial_objectstorage.py took 0.234 seconds
[2026-07-01T12:16:11.811+0000] {processor.py:161} INFO - Started process (PID=880) to work on /home/airflow/.local/lib/python3.8/site-packages/airflow/example_dags/tutorial_objectstorage.py
[2026-07-01T12:16:11.814+0000] {processor.py:830} INFO - Processing file /home/airflow/.local/lib/python3.8/site-packages/airflow/example_dags/tutorial_objectstorage.py for tasks to queue
[2026-07-01T12:16:11.820+0000] {logging_mixin.py:188} INFO - [2026-07-01T12:16:11.819+0000] {dagbag.py:538} INFO - Filling up the DagBag from /home/airflow/.local/lib/python3.8/site-packages/airflow/example_dags/tutorial_objectstorage.py
[2026-07-01T12:16:11.835+0000] {processor.py:840} INFO - DAG(s) 'tutorial_objectstorage' retrieved from /home/airflow/.local/lib/python3.8/site-packages/airflow/example_dags/tutorial_objectstorage.py
[2026-07-01T12:16:11.881+0000] {logging_mixin.py:188} INFO - [2026-07-01T12:16:11.881+0000] {dag.py:3036} INFO - Sync 1 DAGs
[2026-07-01T12:16:11.907+0000] {logging_mixin.py:188} INFO - [2026-07-01T12:16:11.907+0000] {dag.py:3823} INFO - Setting next_dagrun for tutorial_objectstorage to None, run_after=None
[2026-07-01T12:16:11.943+0000] {processor.py:183} INFO - Processing /home/airflow/.local/lib/python3.8/site-packages/airflow/example_dags/tutorial_objectstorage.py took 0.139 seconds
[2026-07-01T12:16:43.046+0000] {processor.py:161} INFO - Started process (PID=936) to work on /home/airflow/.local/lib/python3.8/site-packages/airflow/example_dags/tutorial_objectstorage.py
[2026-07-01T12:16:43.049+0000] {processor.py:830} INFO - Processing file /home/airflow/.local/lib/python3.8/site-packages/airflow/example_dags/tutorial_objectstorage.py for tasks to queue
[2026-07-01T12:16:43.059+0000] {logging_mixin.py:188} INFO - [2026-07-01T12:16:43.058+0000] {dagbag.py:538} INFO - Filling up the DagBag from /home/airflow/.local/lib/python3.8/site-packages/airflow/example_dags/tutorial_objectstorage.py
[2026-07-01T12:16:43.081+0000] {processor.py:840} INFO - DAG(s) 'tutorial_objectstorage' retrieved from /home/airflow/.local/lib/python3.8/site-packages/airflow/example_dags/tutorial_objectstorage.py
[2026-07-01T12:16:43.130+0000] {logging_mixin.py:188} INFO - [2026-07-01T12:16:43.130+0000] {dag.py:3036} INFO - Sync 1 DAGs
[2026-07-01T12:16:43.163+0000] {logging_mixin.py:188} INFO - [2026-07-01T12:16:43.163+0000] {dag.py:3823} INFO - Setting next_dagrun for tutorial_objectstorage to None, run_after=None
[2026-07-01T12:16:43.213+0000] {processor.py:183} INFO - Processing /home/airflow/.local/lib/python3.8/site-packages/airflow/example_dags/tutorial_objectstorage.py took 0.174 seconds
[2026-07-01T12:17:13.452+0000] {processor.py:161} INFO - Started process (PID=992) to work on /home/airflow/.local/lib/python3.8/site-packages/airflow/example_dags/tutorial_objectstorage.py
[2026-07-01T12:17:13.456+0000] {processor.py:830} INFO - Processing file /home/airflow/.local/lib/python3.8/site-packages/airflow/example_dags/tutorial_objectstorage.py for tasks to queue
[2026-07-01T12:17:13.462+0000] {logging_mixin.py:188} INFO - [2026-07-01T12:17:13.461+0000] {dagbag.py:538} INFO - Filling up the DagBag from /home/airflow/.local/lib/python3.8/site-packages/airflow/example_dags/tutorial_objectstorage.py
[2026-07-01T12:17:13.481+0000] {processor.py:840} INFO - DAG(s) 'tutorial_objectstorage' retrieved from /home/airflow/.local/lib/python3.8/site-packages/airflow/example_dags/tutorial_objectstorage.py
[2026-07-01T12:17:13.537+0000] {logging_mixin.py:188} INFO - [2026-07-01T12:17:13.536+0000] {dag.py:3036} INFO - Sync 1 DAGs
[2026-07-01T12:17:13.574+0000] {logging_mixin.py:188} INFO - [2026-07-01T12:17:13.574+0000] {dag.py:3823} INFO - Setting next_dagrun for tutorial_objectstorage to None, run_after=None
[2026-07-01T12:17:13.626+0000] {processor.py:183} INFO - Processing /home/airflow/.local/lib/python3.8/site-packages/airflow/example_dags/tutorial_objectstorage.py took 0.184 seconds
[2026-07-01T12:17:43.752+0000] {processor.py:161} INFO - Started process (PID=1048) to work on /home/airflow/.local/lib/python3.8/site-packages/airflow/example_dags/tutorial_objectstorage.py
[2026-07-01T12:17:43.755+0000] {processor.py:830} INFO - Processing file /home/airflow/.local/lib/python3.8/site-packages/airflow/example_dags/tutorial_objectstorage.py for tasks to queue
[2026-07-01T12:17:43.760+0000] {logging_mixin.py:188} INFO - [2026-07-01T12:17:43.760+0000] {dagbag.py:538} INFO - Filling up the DagBag from /home/airflow/.local/lib/python3.8/site-packages/airflow/example_dags/tutorial_objectstorage.py
[2026-07-01T12:17:43.778+0000] {processor.py:840} INFO - DAG(s) 'tutorial_objectstorage' retrieved from /home/airflow/.local/lib/python3.8/site-packages/airflow/example_dags/tutorial_objectstorage.py
[2026-07-01T12:17:43.826+0000] {logging_mixin.py:188} INFO - [2026-07-01T12:17:43.825+0000] {dag.py:3036} INFO - Sync 1 DAGs
[2026-07-01T12:17:43.857+0000] {logging_mixin.py:188} INFO - [2026-07-01T12:17:43.857+0000] {dag.py:3823} INFO - Setting next_dagrun for tutorial_objectstorage to None, run_after=None
[2026-07-01T12:17:43.899+0000] {processor.py:183} INFO - Processing /home/airflow/.local/lib/python3.8/site-packages/airflow/example_dags/tutorial_objectstorage.py took 0.155 seconds
[2026-07-01T12:18:14.770+0000] {processor.py:161} INFO - Started process (PID=1104) to work on /home/airflow/.local/lib/python3.8/site-packages/airflow/example_dags/tutorial_objectstorage.py
[2026-07-01T12:18:14.776+0000] {processor.py:830} INFO - Processing file /home/airflow/.local/lib/python3.8/site-packages/airflow/example_dags/tutorial_objectstorage.py for tasks to queue
[2026-07-01T12:18:14.787+0000] {logging_mixin.py:188} INFO - [2026-07-01T12:18:14.786+0000] {dagbag.py:538} INFO - Filling up the DagBag from /home/airflow/.local/lib/python3.8/site-packages/airflow/example_dags/tutorial_objectstorage.py
[2026-07-01T12:18:14.826+0000] {processor.py:840} INFO - DAG(s) 'tutorial_objectstorage' retrieved from /home/airflow/.local/lib/python3.8/site-packages/airflow/example_dags/tutorial_objectstorage.py
[2026-07-01T12:18:14.911+0000] {logging_mixin.py:188} INFO - [2026-07-01T12:18:14.910+0000] {dag.py:3036} INFO - Sync 1 DAGs
[2026-07-01T12:18:14.950+0000] {logging_mixin.py:188} INFO - [2026-07-01T12:18:14.950+0000] {dag.py:3823} INFO - Setting next_dagrun for tutorial_objectstorage to None, run_after=None
[2026-07-01T12:18:15.003+0000] {processor.py:183} INFO - Processing /home/airflow/.local/lib/python3.8/site-packages/airflow/example_dags/tutorial_objectstorage.py took 0.254 seconds
[2026-07-01T12:18:45.276+0000] {processor.py:161} INFO - Started process (PID=1160) to work on /home/airflow/.local/lib/python3.8/site-packages/airflow/example_dags/tutorial_objectstorage.py
[2026-07-01T12:18:45.279+0000] {processor.py:830} INFO - Processing file /home/airflow/.local/lib/python3.8/site-packages/airflow/example_dags/tutorial_objectstorage.py for tasks to queue
[2026-07-01T12:18:45.285+0000] {logging_mixin.py:188} INFO - [2026-07-01T12:18:45.284+0000] {dagbag.py:538} INFO - Filling up the DagBag from /home/airflow/.local/lib/python3.8/site-packages/airflow/example_dags/tutorial_objectstorage.py
[2026-07-01T12:18:45.301+0000] {processor.py:840} INFO - DAG(s) 'tutorial_objectstorage' retrieved from /home/airflow/.local/lib/python3.8/site-packages/airflow/example_dags/tutorial_objectstorage.py
[2026-07-01T12:18:45.358+0000] {logging_mixin.py:188} INFO - [2026-07-01T12:18:45.357+0000] {dag.py:3036} INFO - Sync 1 DAGs
[2026-07-01T12:18:45.389+0000] {logging_mixin.py:188} INFO - [2026-07-01T12:18:45.389+0000] {dag.py:3823} INFO - Setting next_dagrun for tutorial_objectstorage to None, run_after=None
[2026-07-01T12:18:45.433+0000] {processor.py:183} INFO - Processing /home/airflow/.local/lib/python3.8/site-packages/airflow/example_dags/tutorial_objectstorage.py took 0.165 seconds
[2026-07-01T12:19:15.796+0000] {processor.py:161} INFO - Started process (PID=1216) to work on /home/airflow/.local/lib/python3.8/site-packages/airflow/example_dags/tutorial_objectstorage.py
[2026-07-01T12:19:15.799+0000] {processor.py:830} INFO - Processing file /home/airflow/.local/lib/python3.8/site-packages/airflow/example_dags/tutorial_objectstorage.py for tasks to queue
[2026-07-01T12:19:15.805+0000] {logging_mixin.py:188} INFO - [2026-07-01T12:19:15.804+0000] {dagbag.py:538} INFO - Filling up the DagBag from /home/airflow/.local/lib/python3.8/site-packages/airflow/example_dags/tutorial_objectstorage.py
[2026-07-01T12:19:15.822+0000] {processor.py:840} INFO - DAG(s) 'tutorial_objectstorage' retrieved from /home/airflow/.local/lib/python3.8/site-packages/airflow/example_dags/tutorial_objectstorage.py
[2026-07-01T12:19:15.875+0000] {logging_mixin.py:188} INFO - [2026-07-01T12:19:15.874+0000] {dag.py:3036} INFO - Sync 1 DAGs
[2026-07-01T12:19:15.908+0000] {logging_mixin.py:188} INFO - [2026-07-01T12:19:15.908+0000] {dag.py:3823} INFO - Setting next_dagrun for tutorial_objectstorage to None, run_after=None
[2026-07-01T12:19:15.965+0000] {processor.py:183} INFO - Processing /home/airflow/.local/lib/python3.8/site-packages/airflow/example_dags/tutorial_objectstorage.py took 0.177 seconds
[2026-07-01T12:19:50.273+0000] {processor.py:161} INFO - Started process (PID=1272) to work on /home/airflow/.local/lib/python3.8/site-packages/airflow/example_dags/tutorial_objectstorage.py
[2026-07-01T12:19:50.290+0000] {processor.py:830} INFO - Processing file /home/airflow/.local/lib/python3.8/site-packages/airflow/example_dags/tutorial_objectstorage.py for tasks to queue
[2026-07-01T12:19:50.312+0000] {logging_mixin.py:188} INFO - [2026-07-01T12:19:50.310+0000] {dagbag.py:538} INFO - Filling up the DagBag from /home/airflow/.local/lib/python3.8/site-packages/airflow/example_dags/tutorial_objectstorage.py
[2026-07-01T12:19:50.369+0000] {processor.py:840} INFO - DAG(s) 'tutorial_objectstorage' retrieved from /home/airflow/.local/lib/python3.8/site-packages/airflow/example_dags/tutorial_objectstorage.py
[2026-07-01T12:19:50.434+0000] {logging_mixin.py:188} INFO - [2026-07-01T12:19:50.433+0000] {dag.py:3036} INFO - Sync 1 DAGs
[2026-07-01T12:19:50.603+0000] {logging_mixin.py:188} INFO - [2026-07-01T12:19:50.599+0000] {dag.py:3823} INFO - Setting next_dagrun for tutorial_objectstorage to None, run_after=None
[2026-07-01T12:19:50.773+0000] {processor.py:183} INFO - Processing /home/airflow/.local/lib/python3.8/site-packages/airflow/example_dags/tutorial_objectstorage.py took 0.534 seconds
[2026-07-01T12:20:22.395+0000] {processor.py:161} INFO - Started process (PID=1327) to work on /home/airflow/.local/lib/python3.8/site-packages/airflow/example_dags/tutorial_objectstorage.py
[2026-07-01T12:20:22.405+0000] {processor.py:830} INFO - Processing file /home/airflow/.local/lib/python3.8/site-packages/airflow/example_dags/tutorial_objectstorage.py for tasks to queue
[2026-07-01T12:20:22.414+0000] {logging_mixin.py:188} INFO - [2026-07-01T12:20:22.413+0000] {dagbag.py:538} INFO - Filling up the DagBag from /home/airflow/.local/lib/python3.8/site-packages/airflow/example_dags/tutorial_objectstorage.py
[2026-07-01T12:20:22.458+0000] {processor.py:840} INFO - DAG(s) 'tutorial_objectstorage' retrieved from /home/airflow/.local/lib/python3.8/site-packages/airflow/example_dags/tutorial_objectstorage.py
[2026-07-01T12:20:22.894+0000] {logging_mixin.py:188} INFO - [2026-07-01T12:20:22.893+0000] {dag.py:3036} INFO - Sync 1 DAGs
[2026-07-01T12:20:22.925+0000] {logging_mixin.py:188} INFO - [2026-07-01T12:20:22.924+0000] {dag.py:3823} INFO - Setting next_dagrun for tutorial_objectstorage to None, run_after=None
[2026-07-01T12:20:23.005+0000] {processor.py:183} INFO - Processing /home/airflow/.local/lib/python3.8/site-packages/airflow/example_dags/tutorial_objectstorage.py took 0.628 seconds
[2026-07-01T12:20:55.010+0000] {processor.py:161} INFO - Started process (PID=1383) to work on /home/airflow/.local/lib/python3.8/site-packages/airflow/example_dags/tutorial_objectstorage.py
[2026-07-01T12:20:55.016+0000] {processor.py:830} INFO - Processing file /home/airflow/.local/lib/python3.8/site-packages/airflow/example_dags/tutorial_objectstorage.py for tasks to queue
[2026-07-01T12:20:55.025+0000] {logging_mixin.py:188} INFO - [2026-07-01T12:20:55.024+0000] {dagbag.py:538} INFO - Filling up the DagBag from /home/airflow/.local/lib/python3.8/site-packages/airflow/example_dags/tutorial_objectstorage.py
[2026-07-01T12:20:55.091+0000] {processor.py:840} INFO - DAG(s) 'tutorial_objectstorage' retrieved from /home/airflow/.local/lib/python3.8/site-packages/airflow/example_dags/tutorial_objectstorage.py
[2026-07-01T12:20:55.178+0000] {logging_mixin.py:188} INFO - [2026-07-01T12:20:55.177+0000] {dag.py:3036} INFO - Sync 1 DAGs
[2026-07-01T12:20:55.238+0000] {logging_mixin.py:188} INFO - [2026-07-01T12:20:55.237+0000] {dag.py:3823} INFO - Setting next_dagrun for tutorial_objectstorage to None, run_after=None
[2026-07-01T12:20:55.335+0000] {processor.py:183} INFO - Processing /home/airflow/.local/lib/python3.8/site-packages/airflow/example_dags/tutorial_objectstorage.py took 0.391 seconds
[2026-07-01T12:21:25.536+0000] {processor.py:161} INFO - Started process (PID=1437) to work on /home/airflow/.local/lib/python3.8/site-packages/airflow/example_dags/tutorial_objectstorage.py
[2026-07-01T12:21:25.540+0000] {processor.py:830} INFO - Processing file /home/airflow/.local/lib/python3.8/site-packages/airflow/example_dags/tutorial_objectstorage.py for tasks to queue
[2026-07-01T12:21:25.546+0000] {logging_mixin.py:188} INFO - [2026-07-01T12:21:25.546+0000] {dagbag.py:538} INFO - Filling up the DagBag from /home/airflow/.local/lib/python3.8/site-packages/airflow/example_dags/tutorial_objectstorage.py
[2026-07-01T12:21:25.565+0000] {processor.py:840} INFO - DAG(s) 'tutorial_objectstorage' retrieved from /home/airflow/.local/lib/python3.8/site-packages/airflow/example_dags/tutorial_objectstorage.py
[2026-07-01T12:21:25.641+0000] {logging_mixin.py:188} INFO - [2026-07-01T12:21:25.640+0000] {dag.py:3036} INFO - Sync 1 DAGs
[2026-07-01T12:21:25.679+0000] {logging_mixin.py:188} INFO - [2026-07-01T12:21:25.679+0000] {dag.py:3823} INFO - Setting next_dagrun for tutorial_objectstorage to None, run_after=None
[2026-07-01T12:21:25.729+0000] {processor.py:183} INFO - Processing /home/airflow/.local/lib/python3.8/site-packages/airflow/example_dags/tutorial_objectstorage.py took 0.201 seconds
[2026-07-01T12:21:55.828+0000] {processor.py:161} INFO - Started process (PID=1493) to work on /home/airflow/.local/lib/python3.8/site-packages/airflow/example_dags/tutorial_objectstorage.py
[2026-07-01T12:21:55.831+0000] {processor.py:830} INFO - Processing file /home/airflow/.local/lib/python3.8/site-packages/airflow/example_dags/tutorial_objectstorage.py for tasks to queue
[2026-07-01T12:21:55.837+0000] {logging_mixin.py:188} INFO - [2026-07-01T12:21:55.836+0000] {dagbag.py:538} INFO - Filling up the DagBag from /home/airflow/.local/lib/python3.8/site-packages/airflow/example_dags/tutorial_objectstorage.py
[2026-07-01T12:21:55.855+0000] {processor.py:840} INFO - DAG(s) 'tutorial_objectstorage' retrieved from /home/airflow/.local/lib/python3.8/site-packages/airflow/example_dags/tutorial_objectstorage.py
[2026-07-01T12:21:55.905+0000] {logging_mixin.py:188} INFO - [2026-07-01T12:21:55.905+0000] {dag.py:3036} INFO - Sync 1 DAGs
[2026-07-01T12:21:55.937+0000] {logging_mixin.py:188} INFO - [2026-07-01T12:21:55.937+0000] {dag.py:3823} INFO - Setting next_dagrun for tutorial_objectstorage to None, run_after=None
[2026-07-01T12:21:55.981+0000] {processor.py:183} INFO - Processing /home/airflow/.local/lib/python3.8/site-packages/airflow/example_dags/tutorial_objectstorage.py took 0.160 seconds
[2026-07-01T12:22:26.192+0000] {processor.py:161} INFO - Started process (PID=1549) to work on /home/airflow/.local/lib/python3.8/site-packages/airflow/example_dags/tutorial_objectstorage.py
[2026-07-01T12:22:26.195+0000] {processor.py:830} INFO - Processing file /home/airflow/.local/lib/python3.8/site-packages/airflow/example_dags/tutorial_objectstorage.py for tasks to queue
[2026-07-01T12:22:26.200+0000] {logging_mixin.py:188} INFO - [2026-07-01T12:22:26.200+0000] {dagbag.py:538} INFO - Filling up the DagBag from /home/airflow/.local/lib/python3.8/site-packages/airflow/example_dags/tutorial_objectstorage.py
[2026-07-01T12:22:26.216+0000] {processor.py:840} INFO - DAG(s) 'tutorial_objectstorage' retrieved from /home/airflow/.local/lib/python3.8/site-packages/airflow/example_dags/tutorial_objectstorage.py
[2026-07-01T12:22:26.268+0000] {logging_mixin.py:188} INFO - [2026-07-01T12:22:26.267+0000] {dag.py:3036} INFO - Sync 1 DAGs
[2026-07-01T12:22:26.303+0000] {logging_mixin.py:188} INFO - [2026-07-01T12:22:26.303+0000] {dag.py:3823} INFO - Setting next_dagrun for tutorial_objectstorage to None, run_after=None
[2026-07-01T12:22:26.352+0000] {processor.py:183} INFO - Processing /home/airflow/.local/lib/python3.8/site-packages/airflow/example_dags/tutorial_objectstorage.py took 0.168 seconds
[2026-07-01T12:22:56.724+0000] {processor.py:161} INFO - Started process (PID=1605) to work on /home/airflow/.local/lib/python3.8/site-packages/airflow/example_dags/tutorial_objectstorage.py
[2026-07-01T12:22:56.727+0000] {processor.py:830} INFO - Processing file /home/airflow/.local/lib/python3.8/site-packages/airflow/example_dags/tutorial_objectstorage.py for tasks to queue
[2026-07-01T12:22:56.732+0000] {logging_mixin.py:188} INFO - [2026-07-01T12:22:56.731+0000] {dagbag.py:538} INFO - Filling up the DagBag from /home/airflow/.local/lib/python3.8/site-packages/airflow/example_dags/tutorial_objectstorage.py
[2026-07-01T12:22:56.747+0000] {processor.py:840} INFO - DAG(s) 'tutorial_objectstorage' retrieved from /home/airflow/.local/lib/python3.8/site-packages/airflow/example_dags/tutorial_objectstorage.py
[2026-07-01T12:22:56.790+0000] {logging_mixin.py:188} INFO - [2026-07-01T12:22:56.790+0000] {dag.py:3036} INFO - Sync 1 DAGs
[2026-07-01T12:22:56.815+0000] {logging_mixin.py:188} INFO - [2026-07-01T12:22:56.815+0000] {dag.py:3823} INFO - Setting next_dagrun for tutorial_objectstorage to None, run_after=None
[2026-07-01T12:22:56.864+0000] {processor.py:183} INFO - Processing /home/airflow/.local/lib/python3.8/site-packages/airflow/example_dags/tutorial_objectstorage.py took 0.147 seconds
[2026-07-01T12:23:27.132+0000] {processor.py:161} INFO - Started process (PID=1661) to work on /home/airflow/.local/lib/python3.8/site-packages/airflow/example_dags/tutorial_objectstorage.py
[2026-07-01T12:23:27.136+0000] {processor.py:830} INFO - Processing file /home/airflow/.local/lib/python3.8/site-packages/airflow/example_dags/tutorial_objectstorage.py for tasks to queue
[2026-07-01T12:23:27.143+0000] {logging_mixin.py:188} INFO - [2026-07-01T12:23:27.142+0000] {dagbag.py:538} INFO - Filling up the DagBag from /home/airflow/.local/lib/python3.8/site-packages/airflow/example_dags/tutorial_objectstorage.py
[2026-07-01T12:23:27.168+0000] {processor.py:840} INFO - DAG(s) 'tutorial_objectstorage' retrieved from /home/airflow/.local/lib/python3.8/site-packages/airflow/example_dags/tutorial_objectstorage.py
[2026-07-01T12:23:27.229+0000] {logging_mixin.py:188} INFO - [2026-07-01T12:23:27.228+0000] {dag.py:3036} INFO - Sync 1 DAGs
[2026-07-01T12:23:27.269+0000] {logging_mixin.py:188} INFO - [2026-07-01T12:23:27.268+0000] {dag.py:3823} INFO - Setting next_dagrun for tutorial_objectstorage to None, run_after=None
[2026-07-01T12:23:27.326+0000] {processor.py:183} INFO - Processing /home/airflow/.local/lib/python3.8/site-packages/airflow/example_dags/tutorial_objectstorage.py took 0.209 seconds
[2026-07-01T12:23:57.843+0000] {processor.py:161} INFO - Started process (PID=1717) to work on /home/airflow/.local/lib/python3.8/site-packages/airflow/example_dags/tutorial_objectstorage.py
[2026-07-01T12:23:57.847+0000] {processor.py:830} INFO - Processing file /home/airflow/.local/lib/python3.8/site-packages/airflow/example_dags/tutorial_objectstorage.py for tasks to queue
[2026-07-01T12:23:57.856+0000] {logging_mixin.py:188} INFO - [2026-07-01T12:23:57.854+0000] {dagbag.py:538} INFO - Filling up the DagBag from /home/airflow/.local/lib/python3.8/site-packages/airflow/example_dags/tutorial_objectstorage.py
[2026-07-01T12:23:57.883+0000] {processor.py:840} INFO - DAG(s) 'tutorial_objectstorage' retrieved from /home/airflow/.local/lib/python3.8/site-packages/airflow/example_dags/tutorial_objectstorage.py
[2026-07-01T12:23:57.945+0000] {logging_mixin.py:188} INFO - [2026-07-01T12:23:57.944+0000] {dag.py:3036} INFO - Sync 1 DAGs
[2026-07-01T12:23:57.983+0000] {logging_mixin.py:188} INFO - [2026-07-01T12:23:57.983+0000] {dag.py:3823} INFO - Setting next_dagrun for tutorial_objectstorage to None, run_after=None
[2026-07-01T12:23:58.048+0000] {processor.py:183} INFO - Processing /home/airflow/.local/lib/python3.8/site-packages/airflow/example_dags/tutorial_objectstorage.py took 0.222 seconds
[2026-07-01T12:24:28.313+0000] {processor.py:161} INFO - Started process (PID=1773) to work on /home/airflow/.local/lib/python3.8/site-packages/airflow/example_dags/tutorial_objectstorage.py
[2026-07-01T12:24:28.317+0000] {processor.py:830} INFO - Processing file /home/airflow/.local/lib/python3.8/site-packages/airflow/example_dags/tutorial_objectstorage.py for tasks to queue
[2026-07-01T12:24:28.326+0000] {logging_mixin.py:188} INFO - [2026-07-01T12:24:28.325+0000] {dagbag.py:538} INFO - Filling up the DagBag from /home/airflow/.local/lib/python3.8/site-packages/airflow/example_dags/tutorial_objectstorage.py
[2026-07-01T12:24:28.359+0000] {processor.py:840} INFO - DAG(s) 'tutorial_objectstorage' retrieved from /home/airflow/.local/lib/python3.8/site-packages/airflow/example_dags/tutorial_objectstorage.py
[2026-07-01T12:24:28.412+0000] {logging_mixin.py:188} INFO - [2026-07-01T12:24:28.411+0000] {dag.py:3036} INFO - Sync 1 DAGs
[2026-07-01T12:24:28.445+0000] {logging_mixin.py:188} INFO - [2026-07-01T12:24:28.445+0000] {dag.py:3823} INFO - Setting next_dagrun for tutorial_objectstorage to None, run_after=None
[2026-07-01T12:24:28.490+0000] {processor.py:183} INFO - Processing /home/airflow/.local/lib/python3.8/site-packages/airflow/example_dags/tutorial_objectstorage.py took 0.186 seconds
[2026-07-01T12:24:59.055+0000] {processor.py:161} INFO - Started process (PID=1829) to work on /home/airflow/.local/lib/python3.8/site-packages/airflow/example_dags/tutorial_objectstorage.py
[2026-07-01T12:24:59.058+0000] {processor.py:830} INFO - Processing file /home/airflow/.local/lib/python3.8/site-packages/airflow/example_dags/tutorial_objectstorage.py for tasks to queue
[2026-07-01T12:24:59.063+0000] {logging_mixin.py:188} INFO - [2026-07-01T12:24:59.062+0000] {dagbag.py:538} INFO - Filling up the DagBag from /home/airflow/.local/lib/python3.8/site-packages/airflow/example_dags/tutorial_objectstorage.py
[2026-07-01T12:24:59.079+0000] {processor.py:840} INFO - DAG(s) 'tutorial_objectstorage' retrieved from /home/airflow/.local/lib/python3.8/site-packages/airflow/example_dags/tutorial_objectstorage.py
[2026-07-01T12:24:59.123+0000] {logging_mixin.py:188} INFO - [2026-07-01T12:24:59.122+0000] {dag.py:3036} INFO - Sync 1 DAGs
[2026-07-01T12:24:59.149+0000] {logging_mixin.py:188} INFO - [2026-07-01T12:24:59.149+0000] {dag.py:3823} INFO - Setting next_dagrun for tutorial_objectstorage to None, run_after=None
[2026-07-01T12:24:59.188+0000] {processor.py:183} INFO - Processing /home/airflow/.local/lib/python3.8/site-packages/airflow/example_dags/tutorial_objectstorage.py took 0.141 seconds
[2026-07-01T12:25:29.724+0000] {processor.py:161} INFO - Started process (PID=1885) to work on /home/airflow/.local/lib/python3.8/site-packages/airflow/example_dags/tutorial_objectstorage.py
[2026-07-01T12:25:29.727+0000] {processor.py:830} INFO - Processing file /home/airflow/.local/lib/python3.8/site-packages/airflow/example_dags/tutorial_objectstorage.py for tasks to queue
[2026-07-01T12:25:29.732+0000] {logging_mixin.py:188} INFO - [2026-07-01T12:25:29.731+0000] {dagbag.py:538} INFO - Filling up the DagBag from /home/airflow/.local/lib/python3.8/site-packages/airflow/example_dags/tutorial_objectstorage.py
[2026-07-01T12:25:29.747+0000] {processor.py:840} INFO - DAG(s) 'tutorial_objectstorage' retrieved from /home/airflow/.local/lib/python3.8/site-packages/airflow/example_dags/tutorial_objectstorage.py
[2026-07-01T12:25:29.796+0000] {logging_mixin.py:188} INFO - [2026-07-01T12:25:29.796+0000] {dag.py:3036} INFO - Sync 1 DAGs
[2026-07-01T12:25:29.825+0000] {logging_mixin.py:188} INFO - [2026-07-01T12:25:29.824+0000] {dag.py:3823} INFO - Setting next_dagrun for tutorial_objectstorage to None, run_after=None
[2026-07-01T12:25:29.869+0000] {processor.py:183} INFO - Processing /home/airflow/.local/lib/python3.8/site-packages/airflow/example_dags/tutorial_objectstorage.py took 0.152 seconds
[2026-07-01T12:26:00.151+0000] {processor.py:161} INFO - Started process (PID=1941) to work on /home/airflow/.local/lib/python3.8/site-packages/airflow/example_dags/tutorial_objectstorage.py
[2026-07-01T12:26:00.154+0000] {processor.py:830} INFO - Processing file /home/airflow/.local/lib/python3.8/site-packages/airflow/example_dags/tutorial_objectstorage.py for tasks to queue
[2026-07-01T12:26:00.160+0000] {logging_mixin.py:188} INFO - [2026-07-01T12:26:00.159+0000] {dagbag.py:538} INFO - Filling up the DagBag from /home/airflow/.local/lib/python3.8/site-packages/airflow/example_dags/tutorial_objectstorage.py
[2026-07-01T12:26:00.178+0000] {processor.py:840} INFO - DAG(s) 'tutorial_objectstorage' retrieved from /home/airflow/.local/lib/python3.8/site-packages/airflow/example_dags/tutorial_objectstorage.py
[2026-07-01T12:26:00.230+0000] {logging_mixin.py:188} INFO - [2026-07-01T12:26:00.230+0000] {dag.py:3036} INFO - Sync 1 DAGs
[2026-07-01T12:26:00.263+0000] {logging_mixin.py:188} INFO - [2026-07-01T12:26:00.263+0000] {dag.py:3823} INFO - Setting next_dagrun for tutorial_objectstorage to None, run_after=None
[2026-07-01T12:26:00.314+0000] {processor.py:183} INFO - Processing /home/airflow/.local/lib/python3.8/site-packages/airflow/example_dags/tutorial_objectstorage.py took 0.172 seconds
[2026-07-01T12:26:30.684+0000] {processor.py:161} INFO - Started process (PID=1997) to work on /home/airflow/.local/lib/python3.8/site-packages/airflow/example_dags/tutorial_objectstorage.py
[2026-07-01T12:26:30.688+0000] {processor.py:830} INFO - Processing file /home/airflow/.local/lib/python3.8/site-packages/airflow/example_dags/tutorial_objectstorage.py for tasks to queue
[2026-07-01T12:26:30.695+0000] {logging_mixin.py:188} INFO - [2026-07-01T12:26:30.694+0000] {dagbag.py:538} INFO - Filling up the DagBag from /home/airflow/.local/lib/python3.8/site-packages/airflow/example_dags/tutorial_objectstorage.py
[2026-07-01T12:26:30.716+0000] {processor.py:840} INFO - DAG(s) 'tutorial_objectstorage' retrieved from /home/airflow/.local/lib/python3.8/site-packages/airflow/example_dags/tutorial_objectstorage.py
[2026-07-01T12:26:30.763+0000] {logging_mixin.py:188} INFO - [2026-07-01T12:26:30.763+0000] {dag.py:3036} INFO - Sync 1 DAGs
[2026-07-01T12:26:30.792+0000] {logging_mixin.py:188} INFO - [2026-07-01T12:26:30.792+0000] {dag.py:3823} INFO - Setting next_dagrun for tutorial_objectstorage to None, run_after=None
[2026-07-01T12:26:30.834+0000] {processor.py:183} INFO - Processing /home/airflow/.local/lib/python3.8/site-packages/airflow/example_dags/tutorial_objectstorage.py took 0.159 seconds
[2026-07-01T12:27:01.182+0000] {processor.py:161} INFO - Started process (PID=2053) to work on /home/airflow/.local/lib/python3.8/site-packages/airflow/example_dags/tutorial_objectstorage.py
[2026-07-01T12:27:01.186+0000] {processor.py:830} INFO - Processing file /home/airflow/.local/lib/python3.8/site-packages/airflow/example_dags/tutorial_objectstorage.py for tasks to queue
[2026-07-01T12:27:01.193+0000] {logging_mixin.py:188} INFO - [2026-07-01T12:27:01.192+0000] {dagbag.py:538} INFO - Filling up the DagBag from /home/airflow/.local/lib/python3.8/site-packages/airflow/example_dags/tutorial_objectstorage.py
[2026-07-01T12:27:01.216+0000] {processor.py:840} INFO - DAG(s) 'tutorial_objectstorage' retrieved from /home/airflow/.local/lib/python3.8/site-packages/airflow/example_dags/tutorial_objectstorage.py
[2026-07-01T12:27:01.273+0000] {logging_mixin.py:188} INFO - [2026-07-01T12:27:01.272+0000] {dag.py:3036} INFO - Sync 1 DAGs
[2026-07-01T12:27:01.304+0000] {logging_mixin.py:188} INFO - [2026-07-01T12:27:01.304+0000] {dag.py:3823} INFO - Setting next_dagrun for tutorial_objectstorage to None, run_after=None
[2026-07-01T12:27:01.382+0000] {processor.py:183} INFO - Processing /home/airflow/.local/lib/python3.8/site-packages/airflow/example_dags/tutorial_objectstorage.py took 0.212 seconds
[2026-07-01T12:27:31.699+0000] {processor.py:161} INFO - Started process (PID=2109) to work on /home/airflow/.local/lib/python3.8/site-packages/airflow/example_dags/tutorial_objectstorage.py
[2026-07-01T12:27:31.711+0000] {processor.py:830} INFO - Processing file /home/airflow/.local/lib/python3.8/site-packages/airflow/example_dags/tutorial_objectstorage.py for tasks to queue
[2026-07-01T12:27:31.725+0000] {logging_mixin.py:188} INFO - [2026-07-01T12:27:31.724+0000] {dagbag.py:538} INFO - Filling up the DagBag from /home/airflow/.local/lib/python3.8/site-packages/airflow/example_dags/tutorial_objectstorage.py
[2026-07-01T12:27:31.745+0000] {processor.py:840} INFO - DAG(s) 'tutorial_objectstorage' retrieved from /home/airflow/.local/lib/python3.8/site-packages/airflow/example_dags/tutorial_objectstorage.py
[2026-07-01T12:27:31.813+0000] {logging_mixin.py:188} INFO - [2026-07-01T12:27:31.812+0000] {dag.py:3036} INFO - Sync 1 DAGs
[2026-07-01T12:27:31.862+0000] {logging_mixin.py:188} INFO - [2026-07-01T12:27:31.862+0000] {dag.py:3823} INFO - Setting next_dagrun for tutorial_objectstorage to None, run_after=None
[2026-07-01T12:27:31.913+0000] {processor.py:183} INFO - Processing /home/airflow/.local/lib/python3.8/site-packages/airflow/example_dags/tutorial_objectstorage.py took 0.230 seconds
[2026-07-01T12:28:02.443+0000] {processor.py:161} INFO - Started process (PID=2165) to work on /home/airflow/.local/lib/python3.8/site-packages/airflow/example_dags/tutorial_objectstorage.py
[2026-07-01T12:28:02.447+0000] {processor.py:830} INFO - Processing file /home/airflow/.local/lib/python3.8/site-packages/airflow/example_dags/tutorial_objectstorage.py for tasks to queue
[2026-07-01T12:28:02.453+0000] {logging_mixin.py:188} INFO - [2026-07-01T12:28:02.452+0000] {dagbag.py:538} INFO - Filling up the DagBag from /home/airflow/.local/lib/python3.8/site-packages/airflow/example_dags/tutorial_objectstorage.py
[2026-07-01T12:28:02.470+0000] {processor.py:840} INFO - DAG(s) 'tutorial_objectstorage' retrieved from /home/airflow/.local/lib/python3.8/site-packages/airflow/example_dags/tutorial_objectstorage.py
[2026-07-01T12:28:02.517+0000] {logging_mixin.py:188} INFO - [2026-07-01T12:28:02.516+0000] {dag.py:3036} INFO - Sync 1 DAGs
[2026-07-01T12:28:02.550+0000] {logging_mixin.py:188} INFO - [2026-07-01T12:28:02.549+0000] {dag.py:3823} INFO - Setting next_dagrun for tutorial_objectstorage to None, run_after=None
[2026-07-01T12:28:02.593+0000] {processor.py:183} INFO - Processing /home/airflow/.local/lib/python3.8/site-packages/airflow/example_dags/tutorial_objectstorage.py took 0.161 seconds
[2026-07-01T12:28:33.043+0000] {processor.py:161} INFO - Started process (PID=2221) to work on /home/airflow/.local/lib/python3.8/site-packages/airflow/example_dags/tutorial_objectstorage.py
[2026-07-01T12:28:33.047+0000] {processor.py:830} INFO - Processing file /home/airflow/.local/lib/python3.8/site-packages/airflow/example_dags/tutorial_objectstorage.py for tasks to queue
[2026-07-01T12:28:33.054+0000] {logging_mixin.py:188} INFO - [2026-07-01T12:28:33.053+0000] {dagbag.py:538} INFO - Filling up the DagBag from /home/airflow/.local/lib/python3.8/site-packages/airflow/example_dags/tutorial_objectstorage.py
[2026-07-01T12:28:33.071+0000] {processor.py:840} INFO - DAG(s) 'tutorial_objectstorage' retrieved from /home/airflow/.local/lib/python3.8/site-packages/airflow/example_dags/tutorial_objectstorage.py
[2026-07-01T12:28:33.120+0000] {logging_mixin.py:188} INFO - [2026-07-01T12:28:33.120+0000] {dag.py:3036} INFO - Sync 1 DAGs
[2026-07-01T12:28:33.151+0000] {logging_mixin.py:188} INFO - [2026-07-01T12:28:33.150+0000] {dag.py:3823} INFO - Setting next_dagrun for tutorial_objectstorage to None, run_after=None
[2026-07-01T12:28:33.192+0000] {processor.py:183} INFO - Processing /home/airflow/.local/lib/python3.8/site-packages/airflow/example_dags/tutorial_objectstorage.py took 0.158 seconds
[2026-07-01T12:29:03.764+0000] {processor.py:161} INFO - Started process (PID=2278) to work on /home/airflow/.local/lib/python3.8/site-packages/airflow/example_dags/tutorial_objectstorage.py
[2026-07-01T12:29:03.767+0000] {processor.py:830} INFO - Processing file /home/airflow/.local/lib/python3.8/site-packages/airflow/example_dags/tutorial_objectstorage.py for tasks to queue
[2026-07-01T12:29:03.772+0000] {logging_mixin.py:188} INFO - [2026-07-01T12:29:03.771+0000] {dagbag.py:538} INFO - Filling up the DagBag from /home/airflow/.local/lib/python3.8/site-packages/airflow/example_dags/tutorial_objectstorage.py
[2026-07-01T12:29:03.788+0000] {processor.py:840} INFO - DAG(s) 'tutorial_objectstorage' retrieved from /home/airflow/.local/lib/python3.8/site-packages/airflow/example_dags/tutorial_objectstorage.py
[2026-07-01T12:29:03.835+0000] {logging_mixin.py:188} INFO - [2026-07-01T12:29:03.834+0000] {dag.py:3036} INFO - Sync 1 DAGs
[2026-07-01T12:29:03.864+0000] {logging_mixin.py:188} INFO - [2026-07-01T12:29:03.864+0000] {dag.py:3823} INFO - Setting next_dagrun for tutorial_objectstorage to None, run_after=None
[2026-07-01T12:29:03.905+0000] {processor.py:183} INFO - Processing /home/airflow/.local/lib/python3.8/site-packages/airflow/example_dags/tutorial_objectstorage.py took 0.149 seconds
[2026-07-01T12:29:34.613+0000] {processor.py:161} INFO - Started process (PID=2335) to work on /home/airflow/.local/lib/python3.8/site-packages/airflow/example_dags/tutorial_objectstorage.py
[2026-07-01T12:29:34.618+0000] {processor.py:830} INFO - Processing file /home/airflow/.local/lib/python3.8/site-packages/airflow/example_dags/tutorial_objectstorage.py for tasks to queue
[2026-07-01T12:29:34.630+0000] {logging_mixin.py:188} INFO - [2026-07-01T12:29:34.629+0000] {dagbag.py:538} INFO - Filling up the DagBag from /home/airflow/.local/lib/python3.8/site-packages/airflow/example_dags/tutorial_objectstorage.py
[2026-07-01T12:29:34.662+0000] {processor.py:840} INFO - DAG(s) 'tutorial_objectstorage' retrieved from /home/airflow/.local/lib/python3.8/site-packages/airflow/example_dags/tutorial_objectstorage.py
[2026-07-01T12:29:34.747+0000] {logging_mixin.py:188} INFO - [2026-07-01T12:29:34.746+0000] {dag.py:3036} INFO - Sync 1 DAGs
[2026-07-01T12:29:34.802+0000] {logging_mixin.py:188} INFO - [2026-07-01T12:29:34.801+0000] {dag.py:3823} INFO - Setting next_dagrun for tutorial_objectstorage to None, run_after=None
[2026-07-01T12:29:34.864+0000] {processor.py:183} INFO - Processing /home/airflow/.local/lib/python3.8/site-packages/airflow/example_dags/tutorial_objectstorage.py took 0.271 seconds
